2025-01-01 15:07:01,361 - I log states! :D
2025-01-01 15:07:01,361 - STATE LOG: BEGIN
2025-01-01 15:07:01,361 - Noah's Hand: [2S, 6C, 8C, 7S, 2H, 9S, 9D]
2025-01-01 15:07:01,361 - Eve's Hand: [4S, 6H, 5C, 8D, 8S, AH, 2C]
2025-01-01 15:07:01,361 - Boss: Rank: 11 | Suit C | Attack 10 | Health 20
2025-01-01 15:07:01,361 - Tavern: [7D, AC, 5H, TC, 6S, 7C, 9H, 6D, TS, 5D, TH, 3S, TD, 3H, 3D, AS, 3C, 4H, 4D, 9C, 5S, 8H, 7H, 2D, 4C, AD]
2025-01-01 15:07:01,361 - Castle: [KC, KS, KD, KH, QS, QC, QH, QD, JH, JS, JD]
2025-01-01 15:07:01,362 - Discard: []
2025-01-01 15:07:01,362 - Active Player: 1
2025-01-01 15:07:01,362 - STATE LOG: END
2025-01-01 15:07:12,070 - STATE LOG: BEGIN
2025-01-01 15:07:12,070 - Noah's Hand: [7S, 8C, 9D, 9S]
2025-01-01 15:07:12,071 - Eve's Hand: [4S, 6H, 5C, 8D, 8S, AH, 2C]
2025-01-01 15:07:12,071 - Boss: Rank: 11 | Suit C | Attack 6 | Health 16
2025-01-01 15:07:12,071 - Tavern: [7D, AC, 5H, TC, 6S, 7C, 9H, 6D, TS, 5D, TH, 3S, TD, 3H, 3D, AS, 3C, 4H, 4D, 9C, 5S, 8H, 7H, 2D, 4C, AD]
2025-01-01 15:07:12,071 - Castle: [KC, KS, KD, KH, QS, QC, QH, QD, JH, JS, JD]
2025-01-01 15:07:12,071 - Discard: [6C]
2025-01-01 15:07:12,071 - Active Player: 2
2025-01-01 15:07:12,071 - STATE LOG: END
2025-01-01 15:07:44,992 - STATE LOG: BEGIN
2025-01-01 15:07:44,993 - Noah's Hand: [7S, 8C, 9D, 9S]
2025-01-01 15:07:44,993 - Eve's Hand: [2C, 4S, 5C, 6H, 8D]
2025-01-01 15:07:44,993 - Boss: Rank: 11 | Suit C | Attack 0 | Health 7
2025-01-01 15:07:44,993 - Tavern: [6C, 7D, AC, 5H, TC, 6S, 7C, 9H, 6D, TS, 5D, TH, 3S, TD, 3H, 3D, AS, 3C, 4H, 4D, 9C, 5S, 8H, 7H, 2D, 4C, AD]
2025-01-01 15:07:44,993 - Castle: [KC, KS, KD, KH, QS, QC, QH, QD, JH, JS, JD]
2025-01-01 15:07:44,993 - Discard: []
2025-01-01 15:07:44,993 - Active Player: 1
2025-01-01 15:07:44,993 - STATE LOG: END
2025-01-01 15:07:50,939 - STATE LOG: BEGIN
2025-01-01 15:07:50,939 - Noah's Hand: [7S, 8C, 9D]
2025-01-01 15:07:50,939 - Eve's Hand: [2C, 4S, 5C, 6H, 8D]
2025-01-01 15:07:50,939 - Boss: Rank: 11 | Suit D | Attack 10 | Health 20
2025-01-01 15:07:50,939 - Tavern: [6C, 7D, AC, 5H, TC, 6S, 7C, 9H, 6D, TS, 5D, TH, 3S, TD, 3H, 3D, AS, 3C, 4H, 4D, 9C, 5S, 8H, 7H, 2D, 4C, AD]
2025-01-01 15:07:50,939 - Castle: [KC, KS, KD, KH, QS, QC, QH, QD, JH, JS]
2025-01-01 15:07:50,940 - Discard: [2H, 2S, 9S, AH, 8S, JC]
2025-01-01 15:07:50,940 - Active Player: 1
2025-01-01 15:07:50,940 - STATE LOG: END
2025-01-01 15:08:01,993 - STATE LOG: BEGIN
2025-01-01 15:08:01,994 - Noah's Hand: []
2025-01-01 15:08:01,994 - Eve's Hand: [2C, 4S, 5C, 6H, 8D]
2025-01-01 15:08:01,994 - Boss: Rank: 11 | Suit D | Attack 10 | Health 11
2025-01-01 15:08:01,994 - Tavern: [6C, 7D, AC, 5H, TC, 6S, 7C, 9H, 6D, TS, 5D, TH, 3S, TD, 3H, 3D, AS, 3C, 4H, 4D, 9C, 5S, 8H, 7H, 2D, 4C, AD]
2025-01-01 15:08:01,994 - Castle: [KC, KS, KD, KH, QS, QC, QH, QD, JH, JS]
2025-01-01 15:08:01,994 - Discard: [2H, 2S, 9S, AH, 8S, JC]
2025-01-01 15:08:01,995 - Active Player: 2
2025-01-01 15:08:01,995 - STATE LOG: END
