2025-01-01 15:01:47,209 - I log states! :D
2025-01-01 15:01:47,209 - STATE LOG: BEGIN
2025-01-01 15:01:47,209 - Noah's Hand: [7S, 4S, 9S, 9D, 7D, 8C, 9H]
2025-01-01 15:01:47,209 - Eve's Hand: [8H, TC, 2S, TD, AD, 3H, 4D]
2025-01-01 15:01:47,209 - Boss: Rank: 11 | Suit D | Attack 10 | Health 20
2025-01-01 15:01:47,209 - Tavern: [3S, 8S, 2H, 9C, 6C, 2D, 5D, 5C, 6H, TS, AC, 7C, 6S, 4H, AH, 6D, 5S, AS, 5H, TH, 3C, 8D, 2C, 7H, 4C, 3D]
2025-01-01 15:01:47,209 - Castle: [KC, KS, KH, KD, QC, QS, QD, QH, JC, JH, JS]
2025-01-01 15:01:47,209 - Discard: []
2025-01-01 15:01:47,209 - Active Player: 1
2025-01-01 15:01:47,209 - STATE LOG: END
2025-01-01 15:01:51,135 - STATE LOG: BEGIN
2025-01-01 15:01:51,136 - Noah's Hand: [4S, 7D, 7S, 8C, 9D]
2025-01-01 15:01:51,136 - Eve's Hand: [8H, TC, 2S, TD, AD, 3H, 4D]
2025-01-01 15:01:51,136 - Boss: Rank: 11 | Suit D | Attack 1 | Health 11
2025-01-01 15:01:51,136 - Tavern: [3S, 8S, 2H, 9C, 6C, 2D, 5D, 5C, 6H, TS, AC, 7C, 6S, 4H, AH, 6D, 5S, AS, 5H, TH, 3C, 8D, 2C, 7H, 4C, 3D]
2025-01-01 15:01:51,136 - Castle: [KC, KS, KH, KD, QC, QS, QD, QH, JC, JH, JS]
2025-01-01 15:01:51,136 - Discard: [9H]
2025-01-01 15:01:51,136 - Active Player: 2
2025-01-01 15:01:51,136 - STATE LOG: END
2025-01-01 15:01:52,817 - STATE LOG: BEGIN
2025-01-01 15:01:52,817 - Noah's Hand: [4S, 7D, 7S, 8C, 9D]
2025-01-01 15:01:52,817 - Eve's Hand: [AD, 2S, 4D, 8H, TC]
2025-01-01 15:01:52,817 - Boss: Rank: 11 | Suit D | Attack 1 | Health 8
2025-01-01 15:01:52,817 - Tavern: [9H, 3S, 8S, 2H, 9C, 6C, 2D, 5D, 5C, 6H, TS, AC, 7C, 6S, 4H, AH, 6D, 5S, AS, 5H, TH, 3C, 8D, 2C, 7H, 4C, 3D]
2025-01-01 15:01:52,817 - Castle: [KC, KS, KH, KD, QC, QS, QD, QH, JC, JH, JS]
2025-01-01 15:01:52,817 - Discard: [TD]
2025-01-01 15:01:52,817 - Active Player: 1
2025-01-01 15:01:52,817 - STATE LOG: END
2025-01-01 15:01:54,992 - STATE LOG: BEGIN
2025-01-01 15:01:54,992 - Noah's Hand: [4S, 7D, 7S, 8C]
2025-01-01 15:01:54,992 - Eve's Hand: [AD, 2S, 4D, 8H, TC]
2025-01-01 15:01:54,992 - Boss: Rank: 11 | Suit S | Attack 10 | Health 20
2025-01-01 15:01:54,992 - Tavern: [9H, 3S, 8S, 2H, 9C, 6C, 2D, 5D, 5C, 6H, TS, AC, 7C, 6S, 4H, AH, 6D, 5S, AS, 5H, TH, 3C, 8D, 2C, 7H, 4C, 3D]
2025-01-01 15:01:54,993 - Castle: [KC, KS, KH, KD, QC, QS, QD, QH, JC, JH]
2025-01-01 15:01:54,993 - Discard: [TD, 9S, 9D, 3H, JD]
2025-01-01 15:01:54,993 - Active Player: 1
2025-01-01 15:01:54,993 - STATE LOG: END
2025-01-01 15:02:00,805 - STATE LOG: BEGIN
2025-01-01 15:02:00,806 - Noah's Hand: [4S]
2025-01-01 15:02:00,806 - Eve's Hand: [AD, 2S, 4D, 8H, TC]
2025-01-01 15:02:00,806 - Boss: Rank: 11 | Suit S | Attack 10 | Health 4
2025-01-01 15:02:00,806 - Tavern: [9H, 3S, 8S, 2H, 9C, 6C, 2D, 5D, 5C, 6H, TS, AC, 7C, 6S, 4H, AH, 6D, 5S, AS, 5H, TH, 3C, 8D, 2C, 7H, 4C, 3D]
2025-01-01 15:02:00,806 - Castle: [KC, KS, KH, KD, QC, QS, QD, QH, JC, JH]
2025-01-01 15:02:00,806 - Discard: [TD, 9S, 9D, 3H, JD, 7S, 7D]
2025-01-01 15:02:00,806 - Active Player: 2
2025-01-01 15:02:00,806 - STATE LOG: END
2025-01-01 15:02:02,100 - STATE LOG: BEGIN
2025-01-01 15:02:02,100 - Noah's Hand: [4S, 4C, 2C, 8D]
2025-01-01 15:02:02,100 - Eve's Hand: [2S, 8H, TC, 3D, 7H]
2025-01-01 15:02:02,100 - Boss: Rank: 11 | Suit H | Attack 10 | Health 20
2025-01-01 15:02:02,101 - Tavern: [9H, 3S, 8S, 2H, 9C, 6C, 2D, 5D, 5C, 6H, TS, AC, 7C, 6S, 4H, AH, 6D, 5S, AS, 5H, TH, 3C]
2025-01-01 15:02:02,101 - Castle: [KC, KS, KH, KD, QC, QS, QD, QH, JC]
2025-01-01 15:02:02,101 - Discard: [TD, 9S, 9D, 3H, JD, 7S, 7D, 8C, AD, 4D, JS]
2025-01-01 15:02:02,101 - Active Player: 2
2025-01-01 15:02:02,101 - STATE LOG: END
2025-01-01 15:02:04,483 - STATE LOG: BEGIN
2025-01-01 15:02:04,483 - Noah's Hand: [4S, 4C, 2C, 8D]
2025-01-01 15:02:04,483 - Eve's Hand: [2S, 3D, 7H, 8H]
2025-01-01 15:02:04,483 - Boss: Rank: 11 | Suit H | Attack 10 | Health 20
2025-01-01 15:02:04,483 - Tavern: [9H, 3S, 8S, 2H, 9C, 6C, 2D, 5D, 5C, 6H, TS, AC, 7C, 6S, 4H, AH, 6D, 5S, AS, 5H, TH, 3C]
2025-01-01 15:02:04,483 - Castle: [KC, KS, KH, KD, QC, QS, QD, QH, JC]
2025-01-01 15:02:04,483 - Discard: [TD, 9S, 9D, 3H, JD, 7S, 7D, 8C, AD, 4D, JS, TC]
2025-01-01 15:02:04,483 - Active Player: 1
2025-01-01 15:02:04,483 - STATE LOG: END
2025-01-01 15:02:09,506 - STATE LOG: BEGIN
2025-01-01 15:02:09,507 - Noah's Hand: [8D]
2025-01-01 15:02:09,507 - Eve's Hand: [2S, 3D, 7H, 8H]
2025-01-01 15:02:09,507 - Boss: Rank: 11 | Suit H | Attack 2 | Health 4
2025-01-01 15:02:09,507 - Tavern: [9H, 3S, 8S, 2H, 9C, 6C, 2D, 5D, 5C, 6H, TS, AC, 7C, 6S, 4H, AH, 6D, 5S, AS, 5H, TH, 3C]
2025-01-01 15:02:09,507 - Castle: [KC, KS, KH, KD, QC, QS, QD, QH, JC]
2025-01-01 15:02:09,507 - Discard: [TD, 9S, 9D, 3H, JD, 7S, 7D, 8C, AD, 4D, JS, TC, 2C]
2025-01-01 15:02:09,507 - Active Player: 2
2025-01-01 15:02:09,507 - STATE LOG: END
2025-01-01 15:02:10,678 - STATE LOG: BEGIN
2025-01-01 15:02:10,678 - Noah's Hand: [8D]
2025-01-01 15:02:10,678 - Eve's Hand: [2S, 3D, 7H]
2025-01-01 15:02:10,678 - Boss: Rank: 11 | Suit H | Attack 2 | Health 4
2025-01-01 15:02:10,678 - Tavern: [9H, 3S, 8S, 2H, 9C, 6C, 2D, 5D, 5C, 6H, TS, AC, 7C, 6S, 4H, AH, 6D, 5S, AS, 5H, TH, 3C]
2025-01-01 15:02:10,678 - Castle: [KC, KS, KH, KD, QC, QS, QD, QH, JC]
2025-01-01 15:02:10,678 - Discard: [TD, 9S, 9D, 3H, JD, 7S, 7D, 8C, AD, 4D, JS, TC, 2C, 8H]
2025-01-01 15:02:10,678 - Active Player: 1
2025-01-01 15:02:10,678 - STATE LOG: END
2025-01-01 15:02:17,019 - STATE LOG: BEGIN
2025-01-01 15:02:17,020 - Noah's Hand: [3C, 5S]
2025-01-01 15:02:17,020 - Eve's Hand: [2S, 3D, 7H, TH, AS, 6D, 4H]
2025-01-01 15:02:17,020 - Boss: Rank: 11 | Suit C | Attack 10 | Health 20
2025-01-01 15:02:17,020 - Tavern: [9H, 3S, 8S, 2H, 9C, 6C, 2D, 5D, 5C, 6H, TS, AC, 7C, 6S]
2025-01-01 15:02:17,020 - Castle: [KC, KS, KH, KD, QC, QS, QD, QH]
2025-01-01 15:02:17,020 - Discard: [TD, 9S, 9D, 3H, JD, 7S, 7D, 8C, AD, 4D, JS, TC, 2C, 8H, 4C, 4S, 8D, 5H, AH, JH]
2025-01-01 15:02:17,020 - Active Player: 1
2025-01-01 15:02:17,020 - STATE LOG: END
2025-01-01 15:03:04,731 - STATE LOG: BEGIN
2025-01-01 15:03:04,732 - Noah's Hand: [3C]
2025-01-01 15:03:04,732 - Eve's Hand: [2S, 3D, 7H, TH, AS, 6D, 4H]
2025-01-01 15:03:04,732 - Boss: Rank: 11 | Suit C | Attack 5 | Health 15
2025-01-01 15:03:04,732 - Tavern: [9H, 3S, 8S, 2H, 9C, 6C, 2D, 5D, 5C, 6H, TS, AC, 7C, 6S]
2025-01-01 15:03:04,732 - Castle: [KC, KS, KH, KD, QC, QS, QD, QH]
2025-01-01 15:03:04,733 - Discard: [TD, 9S, 9D, 3H, JD, 7S, 7D, 8C, AD, 4D, JS, TC, 2C, 8H, 4C, 4S, 8D, 5H, AH, JH]
2025-01-01 15:03:04,733 - Active Player: 2
2025-01-01 15:03:04,733 - STATE LOG: END
