2025-01-01 15:01:27,200 - I log states! :D
2025-01-01 15:01:27,200 - STATE LOG: BEGIN
2025-01-01 15:01:27,200 - Noah's Hand: [AD, 7H, 3C, 7D, 2S, 7C, 6D]
2025-01-01 15:01:27,200 - Eve's Hand: [9S, TS, 4D, TC, 5C, AC, 5S]
2025-01-01 15:01:27,200 - Boss: Rank: 11 | Suit D | Attack 10 | Health 20
2025-01-01 15:01:27,200 - Tavern: [5H, 6H, 6C, TD, 2H, 8C, 7S, 9C, AS, 2C, 4H, 2D, 9H, 6S, 3S, 8S, 9D, AH, TH, 3D, 8D, 8H, 3H, 5D, 4C, 4S]
2025-01-01 15:01:27,200 - Castle: [KH, KC, KS, KD, QS, QH, QC, QD, JS, JC, JH]
2025-01-01 15:01:27,200 - Discard: []
2025-01-01 15:01:27,200 - Active Player: 1
2025-01-01 15:01:27,200 - STATE LOG: END
2025-01-01 15:01:32,502 - STATE LOG: BEGIN
2025-01-01 15:01:32,503 - Noah's Hand: [2S, 3C, 6D]
2025-01-01 15:01:32,503 - Eve's Hand: [9S, TS, 4D, TC, 5C, AC, 5S]
2025-01-01 15:01:32,503 - Boss: Rank: 11 | Suit D | Attack 10 | Health 12
2025-01-01 15:01:32,503 - Tavern: [5H, 6H, 6C, TD, 2H, 8C, 7S, 9C, AS, 2C, 4H, 2D, 9H, 6S, 3S, 8S, 9D, AH, TH, 3D, 8D, 8H, 3H, 5D, 4C, 4S]
2025-01-01 15:01:32,503 - Castle: [KH, KC, KS, KD, QS, QH, QC, QD, JS, JC, JH]
2025-01-01 15:01:32,503 - Discard: [7D, 7C]
2025-01-01 15:01:32,503 - Active Player: 2
2025-01-01 15:01:32,503 - STATE LOG: END
2025-01-01 15:01:34,830 - STATE LOG: BEGIN
2025-01-01 15:01:34,830 - Noah's Hand: [2S, 3C, 6D]
2025-01-01 15:01:34,830 - Eve's Hand: [AC, 4D, 5C, 5S, 9S, TC]
2025-01-01 15:01:34,830 - Boss: Rank: 11 | Suit D | Attack 0 | Health 2
2025-01-01 15:01:34,830 - Tavern: [5H, 6H, 6C, TD, 2H, 8C, 7S, 9C, AS, 2C, 4H, 2D, 9H, 6S, 3S, 8S, 9D, AH, TH, 3D, 8D, 8H, 3H, 5D, 4C, 4S]
2025-01-01 15:01:34,830 - Castle: [KH, KC, KS, KD, QS, QH, QC, QD, JS, JC, JH]
2025-01-01 15:01:34,830 - Discard: [7D, 7C]
2025-01-01 15:01:34,830 - Active Player: 1
2025-01-01 15:01:34,830 - STATE LOG: END
