2025-01-04 15:58:47,880 - I log states! :D
2025-01-04 15:58:47,880 - STATE LOG: BEGIN
2025-01-04 15:58:47,880 - Noah's Hand: [6D, 6S, 4S, TH, AC, 3D, 7H]
2025-01-04 15:58:47,880 - Eve's Hand: [AS, 9C, 6H, 9S, 2H, 5H, 2D]
2025-01-04 15:58:47,880 - Boss: Rank: 11 | Suit C | Attack 10 | Health 20
2025-01-04 15:58:47,880 - Tavern: [2S, 5S, 4C, 4H, 5D, 7S, 9D, 6C, 3H, 2C, 5C, 3S, 4D, TC, 8C, 3C, AH, AD, 8D, 7D, 7C, TD, 8S, 9H, TS, 8H]
2025-01-04 15:58:47,881 - Castle: [KS, KH, KD, KC, QH, QS, QD, QC, JD, JH, JS]
2025-01-04 15:58:47,881 - Discard: []
2025-01-04 15:58:47,881 - Active Player: 1
2025-01-04 15:58:47,881 - STATE LOG: END
2025-01-04 15:58:47,967 - STATE LOG: BEGIN
2025-01-04 15:58:47,968 - Noah's Hand: [4S, 6D, 6S, 7H, TH, 8H]
2025-01-04 15:58:47,968 - Eve's Hand: [AS, 9C, 6H, 9S, 2H, 5H, 2D]
2025-01-04 15:58:47,968 - Boss: Rank: 11 | Suit C | Attack 10 | Health 16
2025-01-04 15:58:47,968 - Tavern: [2S, 5S, 4C, 4H, 5D, 7S, 9D, 6C, 3H, 2C, 5C, 3S, 4D, TC, 8C, 3C, AH, AD, 8D, 7D, 7C, TD, 8S, 9H]
2025-01-04 15:58:47,968 - Castle: [KS, KH, KD, KC, QH, QS, QD, QC, JD, JH, JS]
2025-01-04 15:58:47,968 - Discard: [TS]
2025-01-04 15:58:47,968 - Active Player: 2
2025-01-04 15:58:47,968 - STATE LOG: END
2025-01-04 15:58:48,017 - STATE LOG: BEGIN
2025-01-04 15:58:48,017 - Noah's Hand: [4S, 6D, 6S, 7H, TH, 8H]
2025-01-04 15:58:48,017 - Eve's Hand: [AS, 2D, 2H, 5H, 6H]
2025-01-04 15:58:48,017 - Boss: Rank: 11 | Suit C | Attack 1 | Health 7
2025-01-04 15:58:48,017 - Tavern: [2S, 5S, 4C, 4H, 5D, 7S, 9D, 6C, 3H, 2C, 5C, 3S, 4D, TC, 8C, 3C, AH, AD, 8D, 7D, 7C, TD, 8S, 9H]
2025-01-04 15:58:48,017 - Castle: [KS, KH, KD, KC, QH, QS, QD, QC, JD, JH, JS]
2025-01-04 15:58:48,017 - Discard: [TS, 9C]
2025-01-04 15:58:48,017 - Active Player: 1
2025-01-04 15:58:48,017 - STATE LOG: END
2025-01-04 15:58:48,067 - STATE LOG: BEGIN
2025-01-04 15:58:48,067 - Noah's Hand: [4S, 6D, 6S, 7H, 8H]
2025-01-04 15:58:48,067 - Eve's Hand: [AS, 2D, 2H, 5H, 6H]
2025-01-04 15:58:48,067 - Boss: Rank: 11 | Suit C | Attack 1 | Health 7
2025-01-04 15:58:48,067 - Tavern: [2S, 5S, 4C, 4H, 5D, 7S, 9D, 6C, 3H, 2C, 5C, 3S, 4D, TC, 8C, 3C, AH, AD, 8D, 7D, 7C, TD, 8S, 9H]
2025-01-04 15:58:48,067 - Castle: [KS, KH, KD, KC, QH, QS, QD, QC, JD, JH, JS]
2025-01-04 15:58:48,067 - Discard: [TS, 9C, TH]
2025-01-04 15:58:48,067 - Active Player: 2
2025-01-04 15:58:48,067 - STATE LOG: END
2025-01-04 15:58:48,157 - STATE LOG: BEGIN
2025-01-04 15:58:48,157 - Noah's Hand: [4S, 6D, 6S, 7H, 8H]
2025-01-04 15:58:48,157 - Eve's Hand: [2D, 5H, 6H]
2025-01-04 15:58:48,157 - Boss: Rank: 11 | Suit C | Attack 0 | Health 4
2025-01-04 15:58:48,157 - Tavern: [9C, TH, TS, 2S, 5S, 4C, 4H, 5D, 7S, 9D, 6C, 3H, 2C, 5C, 3S, 4D, TC, 8C, 3C, AH, AD, 8D, 7D, 7C, TD, 8S, 9H]
2025-01-04 15:58:48,157 - Castle: [KS, KH, KD, KC, QH, QS, QD, QC, JD, JH, JS]
2025-01-04 15:58:48,157 - Discard: []
2025-01-04 15:58:48,157 - Active Player: 1
2025-01-04 15:58:48,157 - STATE LOG: END
2025-01-04 15:58:48,202 - STATE LOG: BEGIN
2025-01-04 15:58:48,202 - Noah's Hand: [4S, 6S, 7H, 8H, 9H, TD, 7D]
2025-01-04 15:58:48,202 - Eve's Hand: [2D, 5H, 6H, 8S, 7C, 8D]
2025-01-04 15:58:48,202 - Boss: Rank: 11 | Suit S | Attack 10 | Health 20
2025-01-04 15:58:48,202 - Tavern: [9C, TH, TS, 2S, 5S, 4C, 4H, 5D, 7S, 9D, 6C, 3H, 2C, 5C, 3S, 4D, TC, 8C, 3C, AH, AD]
2025-01-04 15:58:48,202 - Castle: [KS, KH, KD, KC, QH, QS, QD, QC, JD, JH]
2025-01-04 15:58:48,202 - Discard: [AC, 3D, 6D, 9S, AS, 2H, JC]
2025-01-04 15:58:48,202 - Active Player: 1
2025-01-04 15:58:48,202 - STATE LOG: END
2025-01-04 15:58:48,256 - STATE LOG: BEGIN
2025-01-04 15:58:48,256 - Noah's Hand: [4S, 6S, 7D, 8H, 9H]
2025-01-04 15:58:48,256 - Eve's Hand: [2D, 5H, 6H, 8S, 7C, 8D]
2025-01-04 15:58:48,256 - Boss: Rank: 11 | Suit S | Attack 10 | Health 13
2025-01-04 15:58:48,256 - Tavern: [3D, 2H, AS, 6D, JC, AC, 9S, 9C, TH, TS, 2S, 5S, 4C, 4H, 5D, 7S, 9D, 6C, 3H, 2C, 5C, 3S, 4D, TC, 8C, 3C, AH, AD]
2025-01-04 15:58:48,256 - Castle: [KS, KH, KD, KC, QH, QS, QD, QC, JD, JH]
2025-01-04 15:58:48,256 - Discard: [TD]
2025-01-04 15:58:48,256 - Active Player: 2
2025-01-04 15:58:48,256 - STATE LOG: END
2025-01-04 15:58:48,306 - STATE LOG: BEGIN
2025-01-04 15:58:48,307 - Noah's Hand: [4S, 6S, 7D, 8H, 9H, AH, 8C]
2025-01-04 15:58:48,307 - Eve's Hand: [2D, 5H, 6H, 7C]
2025-01-04 15:58:48,307 - Boss: Rank: 11 | Suit S | Attack 10 | Health 5
2025-01-04 15:58:48,307 - Tavern: [3D, 2H, AS, 6D, JC, AC, 9S, 9C, TH, TS, 2S, 5S, 4C, 4H, 5D, 7S, 9D, 6C, 3H, 2C, 5C, 3S, 4D, TC]
2025-01-04 15:58:48,307 - Castle: [KS, KH, KD, KC, QH, QS, QD, QC, JD, JH]
2025-01-04 15:58:48,307 - Discard: [TD, 3C, AD, 8S]
2025-01-04 15:58:48,307 - Active Player: 1
2025-01-04 15:58:48,307 - STATE LOG: END
2025-01-04 15:58:48,360 - STATE LOG: BEGIN
2025-01-04 15:58:48,360 - Noah's Hand: [AH, 6S, 7D, 8C]
2025-01-04 15:58:48,360 - Eve's Hand: [2D, 5H, 6H, 7C]
2025-01-04 15:58:48,360 - Boss: Rank: 11 | Suit S | Attack 10 | Health 1
2025-01-04 15:58:48,360 - Tavern: [3D, 2H, AS, 6D, JC, AC, 9S, 9C, TH, TS, 2S, 5S, 4C, 4H, 5D, 7S, 9D, 6C, 3H, 2C, 5C, 3S, 4D, TC]
2025-01-04 15:58:48,360 - Castle: [KS, KH, KD, KC, QH, QS, QD, QC, JD, JH]
2025-01-04 15:58:48,360 - Discard: [TD, 3C, AD, 8S, 9H, 8H]
2025-01-04 15:58:48,360 - Active Player: 2
2025-01-04 15:58:48,360 - STATE LOG: END
2025-01-04 15:58:48,388 - STATE LOG: BEGIN
2025-01-04 15:58:48,388 - Noah's Hand: [AH, 6S, 7D, 8C]
2025-01-04 15:58:48,388 - Eve's Hand: [2D, 5H, 7C]
2025-01-04 15:58:48,388 - Boss: Rank: 11 | Suit H | Attack 10 | Health 20
2025-01-04 15:58:48,388 - Tavern: [8H, TD, 3C, AD, 9H, 8S, 3D, 2H, AS, 6D, JC, AC, 9S, 9C, TH, TS, 2S, 5S, 4C, 4H, 5D, 7S, 9D, 6C, 3H, 2C, 5C, 3S, 4D, TC]
2025-01-04 15:58:48,388 - Castle: [KS, KH, KD, KC, QH, QS, QD, QC, JD]
2025-01-04 15:58:48,388 - Discard: [7H, 4S, 8D, 6H, JS]
2025-01-04 15:58:48,388 - Active Player: 2
2025-01-04 15:58:48,388 - STATE LOG: END
2025-01-04 15:58:48,394 - STATE LOG: BEGIN
2025-01-04 15:58:48,394 - Noah's Hand: [AH, 6S, 7D, 8C]
2025-01-04 15:58:48,394 - Eve's Hand: [2D]
2025-01-04 15:58:48,395 - Boss: Rank: 11 | Suit H | Attack 10 | Health 20
2025-01-04 15:58:48,395 - Tavern: [8H, TD, 3C, AD, 9H, 8S, 3D, 2H, AS, 6D, JC, AC, 9S, 9C, TH, TS, 2S, 5S, 4C, 4H, 5D, 7S, 9D, 6C, 3H, 2C, 5C, 3S, 4D, TC]
2025-01-04 15:58:48,395 - Castle: [KS, KH, KD, KC, QH, QS, QD, QC, JD]
2025-01-04 15:58:48,395 - Discard: [7H, 4S, 8D, 6H, JS, 7C, 5H]
2025-01-04 15:58:48,395 - Active Player: 1
2025-01-04 15:58:48,395 - STATE LOG: END
2025-01-04 15:58:48,442 - STATE LOG: BEGIN
2025-01-04 15:58:48,442 - Noah's Hand: [6S, 8C, TC]
2025-01-04 15:58:48,442 - Eve's Hand: [2D, 4D, 5C, 3H, 9D]
2025-01-04 15:58:48,442 - Boss: Rank: 11 | Suit H | Attack 10 | Health 12
2025-01-04 15:58:48,442 - Tavern: [8H, TD, 3C, AD, 9H, 8S, 3D, 2H, AS, 6D, JC, AC, 9S, 9C, TH, TS, 2S, 5S, 4C, 4H, 5D, 7S]
2025-01-04 15:58:48,442 - Castle: [KS, KH, KD, KC, QH, QS, QD, QC, JD]
2025-01-04 15:58:48,442 - Discard: [7H, 4S, 8D, 6H, JS, 7C, 5H, 6C, 2C, 3S]
2025-01-04 15:58:48,442 - Active Player: 2
2025-01-04 15:58:48,442 - STATE LOG: END
2025-01-04 15:58:48,494 - STATE LOG: BEGIN
2025-01-04 15:58:48,494 - Noah's Hand: [6S, 8C, TC, 5D, 4C, 2S, TS]
2025-01-04 15:58:48,494 - Eve's Hand: [2D, 3H, 4D, 5C]
2025-01-04 15:58:48,494 - Boss: Rank: 11 | Suit H | Attack 10 | Health 3
2025-01-04 15:58:48,495 - Tavern: [8H, TD, 3C, AD, 9H, 8S, 3D, 2H, AS, 6D, JC, AC, 9S, 9C, TH]
2025-01-04 15:58:48,495 - Castle: [KS, KH, KD, KC, QH, QS, QD, QC, JD]
2025-01-04 15:58:48,495 - Discard: [7H, 4S, 8D, 6H, JS, 7C, 5H, 6C, 2C, 3S, 5S, 4H, 7S]
2025-01-04 15:58:48,495 - Active Player: 1
2025-01-04 15:58:48,495 - STATE LOG: END
2025-01-04 15:58:48,551 - STATE LOG: BEGIN
2025-01-04 15:58:48,551 - Noah's Hand: [2S, 4C, 6S, 8C, TC, TS, TH]
2025-01-04 15:58:48,551 - Eve's Hand: [2D, 3H, 4D, 5C, 9C, 9S, AC]
2025-01-04 15:58:48,551 - Boss: Rank: 11 | Suit D | Attack 10 | Health 20
2025-01-04 15:58:48,551 - Tavern: [8H, TD, 3C, AD, 9H, 8S, 3D, 2H, AS, 6D, JC]
2025-01-04 15:58:48,551 - Castle: [KS, KH, KD, KC, QH, QS, QD, QC]
2025-01-04 15:58:48,551 - Discard: [7H, 4S, 8D, 6H, JS, 7C, 5H, 6C, 2C, 3S, 5S, 4H, 7S, AH, 7D, 5D, 9D, JH]
2025-01-04 15:58:48,551 - Active Player: 1
2025-01-04 15:58:48,551 - STATE LOG: END
2025-01-04 15:58:48,618 - STATE LOG: BEGIN
2025-01-04 15:58:48,618 - Noah's Hand: [2S, 4C, 8C, TC, TH]
2025-01-04 15:58:48,618 - Eve's Hand: [2D, 3H, 4D, 5C, 9C, 9S, AC]
2025-01-04 15:58:48,618 - Boss: Rank: 11 | Suit D | Attack 4 | Health 14
2025-01-04 15:58:48,618 - Tavern: [8H, TD, 3C, AD, 9H, 8S, 3D, 2H, AS, 6D, JC]
2025-01-04 15:58:48,618 - Castle: [KS, KH, KD, KC, QH, QS, QD, QC]
2025-01-04 15:58:48,618 - Discard: [7H, 4S, 8D, 6H, JS, 7C, 5H, 6C, 2C, 3S, 5S, 4H, 7S, AH, 7D, 5D, 9D, JH, TS]
2025-01-04 15:58:48,618 - Active Player: 2
2025-01-04 15:58:48,618 - STATE LOG: END
2025-01-04 15:58:48,677 - STATE LOG: BEGIN
2025-01-04 15:58:48,677 - Noah's Hand: [2S, 4C, 8C, TC, TH]
2025-01-04 15:58:48,677 - Eve's Hand: [AC, 2D, 4D, 5C, 9C]
2025-01-04 15:58:48,677 - Boss: Rank: 11 | Suit D | Attack 4 | Health 11
2025-01-04 15:58:48,677 - Tavern: [8D, 5D, 5H, 8H, TD, 3C, AD, 9H, 8S, 3D, 2H, AS, 6D, JC]
2025-01-04 15:58:48,677 - Castle: [KS, KH, KD, KC, QH, QS, QD, QC]
2025-01-04 15:58:48,677 - Discard: [7C, AH, 6H, 2C, 4H, 7S, 5S, 6C, 3S, 9D, 7D, 4S, JH, JS, TS, 7H, 9S]
2025-01-04 15:58:48,677 - Active Player: 1
2025-01-04 15:58:48,677 - STATE LOG: END
2025-01-04 15:58:48,730 - STATE LOG: BEGIN
2025-01-04 15:58:48,730 - Noah's Hand: [2S, 4C, 8C, TC]
2025-01-04 15:58:48,730 - Eve's Hand: [AC, 2D, 4D, 5C, 9C]
2025-01-04 15:58:48,730 - Boss: Rank: 11 | Suit D | Attack 4 | Health 11
2025-01-04 15:58:48,730 - Tavern: [8D, 5D, 5H, 8H, TD, 3C, AD, 9H, 8S, 3D, 2H, AS, 6D, JC]
2025-01-04 15:58:48,730 - Castle: [KS, KH, KD, KC, QH, QS, QD, QC]
2025-01-04 15:58:48,730 - Discard: [7C, AH, 6H, 2C, 4H, 7S, 5S, 6C, 3S, 9D, 7D, 4S, JH, JS, TS, 7H, 9S, TH]
2025-01-04 15:58:48,730 - Active Player: 2
2025-01-04 15:58:48,730 - STATE LOG: END
2025-01-04 15:58:48,801 - STATE LOG: BEGIN
2025-01-04 15:58:48,801 - Noah's Hand: [2S, 4C, 8C, TC]
2025-01-04 15:58:48,801 - Eve's Hand: [AC, 4D, 5C]
2025-01-04 15:58:48,801 - Boss: Rank: 11 | Suit D | Attack 4 | Health 9
2025-01-04 15:58:48,801 - Tavern: [8D, 5D, 5H, 8H, TD, 3C, AD, 9H, 8S, 3D, 2H, AS, 6D, JC]
2025-01-04 15:58:48,801 - Castle: [KS, KH, KD, KC, QH, QS, QD, QC]
2025-01-04 15:58:48,801 - Discard: [7C, AH, 6H, 2C, 4H, 7S, 5S, 6C, 3S, 9D, 7D, 4S, JH, JS, TS, 7H, 9S, TH, 9C]
2025-01-04 15:58:48,801 - Active Player: 1
2025-01-04 15:58:48,802 - STATE LOG: END
2025-01-04 15:58:48,825 - STATE LOG: BEGIN
2025-01-04 15:58:48,825 - Noah's Hand: [2S, 8C]
2025-01-04 15:58:48,825 - Eve's Hand: [AC, 4D, 5C]
2025-01-04 15:58:48,825 - Boss: Rank: 11 | Suit D | Attack 4 | Health 1
2025-01-04 15:58:48,825 - Tavern: [8D, 5D, 5H, 8H, TD, 3C, AD, 9H, 8S, 3D, 2H, AS, 6D, JC]
2025-01-04 15:58:48,825 - Castle: [KS, KH, KD, KC, QH, QS, QD, QC]
2025-01-04 15:58:48,825 - Discard: [7C, AH, 6H, 2C, 4H, 7S, 5S, 6C, 3S, 9D, 7D, 4S, JH, JS, TS, 7H, 9S, TH, 9C, TC]
2025-01-04 15:58:48,825 - Active Player: 2
2025-01-04 15:58:48,825 - STATE LOG: END
2025-01-04 15:58:48,849 - STATE LOG: BEGIN
2025-01-04 15:58:48,849 - Noah's Hand: [2S, 8C]
2025-01-04 15:58:48,849 - Eve's Hand: [AC, 4D]
2025-01-04 15:58:48,849 - Boss: Rank: 11 | Suit D | Attack 4 | Health 1
2025-01-04 15:58:48,849 - Tavern: [8D, 5D, 5H, 8H, TD, 3C, AD, 9H, 8S, 3D, 2H, AS, 6D, JC]
2025-01-04 15:58:48,849 - Castle: [KS, KH, KD, KC, QH, QS, QD, QC]
2025-01-04 15:58:48,849 - Discard: [7C, AH, 6H, 2C, 4H, 7S, 5S, 6C, 3S, 9D, 7D, 4S, JH, JS, TS, 7H, 9S, TH, 9C, TC, 5C]
2025-01-04 15:58:48,849 - Active Player: 1
2025-01-04 15:58:48,849 - STATE LOG: END
2025-01-04 15:58:48,855 - STATE LOG: BEGIN
2025-01-04 15:58:48,855 - Noah's Hand: [8C]
2025-01-04 15:58:48,855 - Eve's Hand: [AC, 4D]
2025-01-04 15:58:48,855 - Boss: Rank: 12 | Suit C | Attack 15 | Health 30
2025-01-04 15:58:48,855 - Tavern: [8D, 5D, 5H, 8H, TD, 3C, AD, 9H, 8S, 3D, 2H, AS, 6D, JC]
2025-01-04 15:58:48,855 - Castle: [KS, KH, KD, KC, QH, QS, QD]
2025-01-04 15:58:48,855 - Discard: [7C, AH, 6H, 2C, 4H, 7S, 5S, 6C, 3S, 9D, 7D, 4S, JH, JS, TS, 7H, 9S, TH, 9C, TC, 5C, 6S, 4C, 2S, 3H, 2D, JD]
2025-01-04 15:58:48,855 - Active Player: 1
2025-01-04 15:58:48,855 - STATE LOG: END
2025-01-04 15:58:48,858 - STATE LOG: BEGIN
2025-01-04 15:58:48,858 - Noah's Hand: []
2025-01-04 15:58:48,858 - Eve's Hand: [AC, 4D]
2025-01-04 15:58:48,858 - Boss: Rank: 12 | Suit C | Attack 15 | Health 22
2025-01-04 15:58:48,858 - Tavern: [8D, 5D, 5H, 8H, TD, 3C, AD, 9H, 8S, 3D, 2H, AS, 6D, JC]
2025-01-04 15:58:48,858 - Castle: [KS, KH, KD, KC, QH, QS, QD]
2025-01-04 15:58:48,858 - Discard: [7C, AH, 6H, 2C, 4H, 7S, 5S, 6C, 3S, 9D, 7D, 4S, JH, JS, TS, 7H, 9S, TH, 9C, TC, 5C, 6S, 4C, 2S, 3H, 2D, JD]
2025-01-04 15:58:48,858 - Active Player: 2
2025-01-04 15:58:48,858 - STATE LOG: END
