2025-01-04 21:56:40,921 - I log states! :D
2025-01-04 21:56:40,921 - STATE LOG: BEGIN
2025-01-04 21:56:40,922 - Noah's Hand: [9H, AC, AD, 9D, 6S, 6D, 3H]
2025-01-04 21:56:40,922 - Eve's Hand: [7C, 2D, 3C, 7S, TS, 8H, 2C]
2025-01-04 21:56:40,922 - Boss: Rank: 11 | Suit S | Attack 10 | Health 20
2025-01-04 21:56:40,922 - Tavern: [5D, 6C, TD, 4S, TH, 2S, AS, 9S, 3D, 9C, 3S, 8D, 8C, TC, 7H, 2H, 6H, 7D, AH, 8S, 5C, 5S, 4D, 5H, 4C, 4H]
2025-01-04 21:56:40,922 - Castle: [KD, KC, KS, KH, QD, QS, QH, QC, JH, JC, JD]
2025-01-04 21:56:40,922 - Discard: []
2025-01-04 21:56:40,922 - Active Player: 1
2025-01-04 21:56:40,922 - STATE LOG: END
2025-01-04 21:56:42,368 - STATE LOG: BEGIN
2025-01-04 21:56:42,369 - Noah's Hand: [AD, 6D, 9D]
2025-01-04 21:56:42,369 - Eve's Hand: [7C, 2D, 3C, 7S, TS, 8H, 2C]
2025-01-04 21:56:42,369 - Boss: Rank: 11 | Suit S | Attack 10 | Health 17
2025-01-04 21:56:42,369 - Tavern: [5D, 6C, TD, 4S, TH, 2S, AS, 9S, 3D, 9C, 3S, 8D, 8C, TC, 7H, 2H, 6H, 7D, AH, 8S, 5C, 5S, 4D, 5H, 4C, 4H]
2025-01-04 21:56:42,369 - Castle: [KD, KC, KS, KH, QD, QS, QH, QC, JH, JC, JD]
2025-01-04 21:56:42,369 - Discard: [AC, 6S, 9H]
2025-01-04 21:56:42,369 - Active Player: 2
2025-01-04 21:56:42,369 - STATE LOG: END
2025-01-04 21:56:43,711 - STATE LOG: BEGIN
2025-01-04 21:56:43,711 - Noah's Hand: [AD, 6D, 9D, 4C]
2025-01-04 21:56:43,711 - Eve's Hand: [2C, 3C, 7C, TS, 4H]
2025-01-04 21:56:43,711 - Boss: Rank: 11 | Suit S | Attack 10 | Health 15
2025-01-04 21:56:43,711 - Tavern: [5D, 6C, TD, 4S, TH, 2S, AS, 9S, 3D, 9C, 3S, 8D, 8C, TC, 7H, 2H, 6H, 7D, AH, 8S, 5C, 5S, 4D, 5H]
2025-01-04 21:56:43,711 - Castle: [KD, KC, KS, KH, QD, QS, QH, QC, JH, JC, JD]
2025-01-04 21:56:43,711 - Discard: [AC, 6S, 9H, 7S, 8H]
2025-01-04 21:56:43,711 - Active Player: 1
2025-01-04 21:56:43,711 - STATE LOG: END
2025-01-04 21:56:44,526 - STATE LOG: BEGIN
2025-01-04 21:56:44,526 - Noah's Hand: [9D, 5H, AH, 7D]
2025-01-04 21:56:44,526 - Eve's Hand: [2C, 3C, 7C, TS, 4H, 4D, 5C]
2025-01-04 21:56:44,526 - Boss: Rank: 11 | Suit S | Attack 10 | Health 8
2025-01-04 21:56:44,526 - Tavern: [5D, 6C, TD, 4S, TH, 2S, AS, 9S, 3D, 9C, 3S, 8D, 8C, TC, 7H, 2H, 6H]
2025-01-04 21:56:44,526 - Castle: [KD, KC, KS, KH, QD, QS, QH, QC, JH, JC, JD]
2025-01-04 21:56:44,526 - Discard: [AC, 6S, 9H, 7S, 8H, 4C, 5S, 8S]
2025-01-04 21:56:44,526 - Active Player: 2
2025-01-04 21:56:44,526 - STATE LOG: END
2025-01-04 21:56:45,634 - STATE LOG: BEGIN
2025-01-04 21:56:45,634 - Noah's Hand: [9D, 5H, AH, 7D]
2025-01-04 21:56:45,634 - Eve's Hand: [4D, 7C, TS]
2025-01-04 21:56:45,634 - Boss: Rank: 11 | Suit S | Attack 10 | Health 4
2025-01-04 21:56:45,634 - Tavern: [5D, 6C, TD, 4S, TH, 2S, AS, 9S, 3D, 9C, 3S, 8D, 8C, TC, 7H, 2H, 6H]
2025-01-04 21:56:45,634 - Castle: [KD, KC, KS, KH, QD, QS, QH, QC, JH, JC, JD]
2025-01-04 21:56:45,634 - Discard: [AC, 6S, 9H, 7S, 8H, 4C, 5S, 8S, 3C, 4H, 5C]
2025-01-04 21:56:45,634 - Active Player: 1
2025-01-04 21:56:45,634 - STATE LOG: END
2025-01-04 21:56:45,909 - STATE LOG: BEGIN
2025-01-04 21:56:45,909 - Noah's Hand: [5H, 7D, 6H, 7H, 8C, 3S, 3D]
2025-01-04 21:56:45,909 - Eve's Hand: [4D, 7C, TS, 2H, TC, 8D, 9C]
2025-01-04 21:56:45,909 - Boss: Rank: 11 | Suit D | Attack 10 | Health 20
2025-01-04 21:56:45,909 - Tavern: [9H, 6S, 4C, 8H, 3C, 5S, 5C, AC, 4H, 7S, 5D, 6C, TD, 4S, TH, 2S, AS, 9S]
2025-01-04 21:56:45,909 - Castle: [KD, KC, KS, KH, QD, QS, QH, QC, JH, JC]
2025-01-04 21:56:45,909 - Discard: [8S, 3H, AD, 6D, AH, 9D, 2D, 2C, JS]
2025-01-04 21:56:45,909 - Active Player: 1
2025-01-04 21:56:45,909 - STATE LOG: END
2025-01-04 21:56:47,245 - STATE LOG: BEGIN
2025-01-04 21:56:47,245 - Noah's Hand: [3D, 3S, 5H, 7D]
2025-01-04 21:56:47,245 - Eve's Hand: [4D, 7C, TS, 2H, TC, 8D, 9C]
2025-01-04 21:56:47,245 - Boss: Rank: 11 | Suit D | Attack 10 | Health 4
2025-01-04 21:56:47,245 - Tavern: [9H, 6S, 4C, 8H, 3C, 5S, 5C, AC, 4H, 7S, 5D, 6C, TD, 4S, TH, 2S, AS, 9S]
2025-01-04 21:56:47,245 - Castle: [KD, KC, KS, KH, QD, QS, QH, QC, JH, JC]
2025-01-04 21:56:47,245 - Discard: [8S, 3H, AD, 6D, AH, 9D, 2D, 2C, JS, 6H, 7H]
2025-01-04 21:56:47,245 - Active Player: 2
2025-01-04 21:56:47,245 - STATE LOG: END
2025-01-04 21:56:48,859 - STATE LOG: BEGIN
2025-01-04 21:56:48,859 - Noah's Hand: [3D, 3S, 5H, 7D]
2025-01-04 21:56:48,859 - Eve's Hand: [2H, 4D, 8D, 9C, TC, TS]
2025-01-04 21:56:48,859 - Boss: Rank: 11 | Suit C | Attack 10 | Health 20
2025-01-04 21:56:48,859 - Tavern: [9H, 6S, 4C, 8H, 3C, 5S, 5C, AC, 4H, 7S, 5D, 6C, TD, 4S, TH, 2S, AS, 9S]
2025-01-04 21:56:48,859 - Castle: [KD, KC, KS, KH, QD, QS, QH, QC, JH]
2025-01-04 21:56:48,859 - Discard: [8S, 3H, AD, 6D, AH, 9D, 2D, 2C, JS, 6H, 7H, 8C, 7C, JD]
2025-01-04 21:56:48,859 - Active Player: 2
2025-01-04 21:56:48,859 - STATE LOG: END
2025-01-04 21:56:50,410 - STATE LOG: BEGIN
2025-01-04 21:56:50,410 - Noah's Hand: [3D, 3S, 5H, 7D]
2025-01-04 21:56:50,411 - Eve's Hand: [2H, 4D, 8D, 9C, TC]
2025-01-04 21:56:50,411 - Boss: Rank: 11 | Suit C | Attack 0 | Health 10
2025-01-04 21:56:50,411 - Tavern: [9H, 6S, 4C, 8H, 3C, 5S, 5C, AC, 4H, 7S, 5D, 6C, TD, 4S, TH, 2S, AS, 9S]
2025-01-04 21:56:50,411 - Castle: [KD, KC, KS, KH, QD, QS, QH, QC, JH]
2025-01-04 21:56:50,411 - Discard: [8S, 3H, AD, 6D, AH, 9D, 2D, 2C, JS, 6H, 7H, 8C, 7C, JD]
2025-01-04 21:56:50,411 - Active Player: 1
2025-01-04 21:56:50,411 - STATE LOG: END
2025-01-04 21:56:52,161 - STATE LOG: BEGIN
2025-01-04 21:56:52,161 - Noah's Hand: [3D, 3S, 5H, 9S, 2S, 4S, TD]
2025-01-04 21:56:52,161 - Eve's Hand: [2H, 4D, 8D, 9C, TC, AS, TH]
2025-01-04 21:56:52,161 - Boss: Rank: 11 | Suit C | Attack 0 | Health 3
2025-01-04 21:56:52,161 - Tavern: [9H, 6S, 4C, 8H, 3C, 5S, 5C, AC, 4H, 7S, 5D, 6C]
2025-01-04 21:56:52,161 - Castle: [KD, KC, KS, KH, QD, QS, QH, QC, JH]
2025-01-04 21:56:52,161 - Discard: [8S, 3H, AD, 6D, AH, 9D, 2D, 2C, JS, 6H, 7H, 8C, 7C, JD]
2025-01-04 21:56:52,161 - Active Player: 2
2025-01-04 21:56:52,161 - STATE LOG: END
2025-01-04 21:56:53,920 - STATE LOG: BEGIN
2025-01-04 21:56:53,920 - Noah's Hand: [3D, 3S, 5H, 9S, 2S, 4S, TD]
2025-01-04 21:56:53,920 - Eve's Hand: [AS, 2H, 4D, 8D, 9C, TC]
2025-01-04 21:56:53,920 - Boss: Rank: 11 | Suit H | Attack 10 | Health 20
2025-01-04 21:56:53,920 - Tavern: [2D, 8C, 3H, 6H, JD, 2C, AH, 6D, 8S, 9D, 9H, 6S, 4C, 8H, 3C, 5S, 5C, AC, 4H, 7S, 5D, 6C]
2025-01-04 21:56:53,920 - Castle: [KD, KC, KS, KH, QD, QS, QH, QC]
2025-01-04 21:56:53,920 - Discard: [7C, 7H, AD, JS, 7D, TS, TH, JC]
2025-01-04 21:56:53,921 - Active Player: 2
2025-01-04 21:56:53,921 - STATE LOG: END
2025-01-04 21:56:55,672 - STATE LOG: BEGIN
2025-01-04 21:56:55,672 - Noah's Hand: [3D, 3S, 5H, 9S, 2S, 4S, TD]
2025-01-04 21:56:55,672 - Eve's Hand: [4D, 8D, 9C]
2025-01-04 21:56:55,672 - Boss: Rank: 11 | Suit H | Attack 7 | Health 17
2025-01-04 21:56:55,672 - Tavern: [2D, 8C, 3H, 6H, JD, 2C, AH, 6D, 8S, 9D, 9H, 6S, 4C, 8H, 3C, 5S, 5C, AC, 4H, 7S, 5D, 6C]
2025-01-04 21:56:55,672 - Castle: [KD, KC, KS, KH, QD, QS, QH, QC]
2025-01-04 21:56:55,672 - Discard: [7C, 7H, AD, JS, 7D, TS, TH, JC, TC]
2025-01-04 21:56:55,672 - Active Player: 1
2025-01-04 21:56:55,672 - STATE LOG: END
2025-01-04 21:56:57,675 - STATE LOG: BEGIN
2025-01-04 21:56:57,675 - Noah's Hand: [2S, 5H, 9S, TD, 6C]
2025-01-04 21:56:57,675 - Eve's Hand: [4D, 8D, 9C, 5D, 7S]
2025-01-04 21:56:57,675 - Boss: Rank: 11 | Suit H | Attack 7 | Health 14
2025-01-04 21:56:57,675 - Tavern: [2D, 8C, 3H, 6H, JD, 2C, AH, 6D, 8S, 9D, 9H, 6S, 4C, 8H, 3C, 5S, 5C, AC, 4H]
2025-01-04 21:56:57,675 - Castle: [KD, KC, KS, KH, QD, QS, QH, QC]
2025-01-04 21:56:57,675 - Discard: [7C, 7H, AD, JS, 7D, TS, TH, JC, TC, 4S, 3S]
2025-01-04 21:56:57,675 - Active Player: 2
2025-01-04 21:56:57,675 - STATE LOG: END
2025-01-04 21:56:59,020 - STATE LOG: BEGIN
2025-01-04 21:56:59,020 - Noah's Hand: [2S, 5H, 9S, TD, 6C, AC, 5S]
2025-01-04 21:56:59,020 - Eve's Hand: [4D, 5D, 7S, 9C, 4H]
2025-01-04 21:56:59,020 - Boss: Rank: 11 | Suit H | Attack 7 | Health 6
2025-01-04 21:56:59,020 - Tavern: [2D, 8C, 3H, 6H, JD, 2C, AH, 6D, 8S, 9D, 9H, 6S, 4C, 8H]
2025-01-04 21:56:59,020 - Castle: [KD, KC, KS, KH, QD, QS, QH, QC]
2025-01-04 21:56:59,020 - Discard: [7C, 7H, AD, JS, 7D, TS, TH, JC, TC, 4S, 3S, 5C, 3C]
2025-01-04 21:56:59,020 - Active Player: 1
2025-01-04 21:56:59,020 - STATE LOG: END
2025-01-04 21:57:00,598 - STATE LOG: BEGIN
2025-01-04 21:57:00,598 - Noah's Hand: [AC, 5H, 5S, 9S, TD]
2025-01-04 21:57:00,598 - Eve's Hand: [4D, 5D, 7S, 9C, 4H]
2025-01-04 21:57:00,598 - Boss: Rank: 11 | Suit H | Attack 7 | Health 6
2025-01-04 21:57:00,598 - Tavern: [2D, 8C, 3H, 6H, JD, 2C, AH, 6D, 8S, 9D, 9H, 6S, 4C, 8H]
2025-01-04 21:57:00,598 - Castle: [KD, KC, KS, KH, QD, QS, QH, QC]
2025-01-04 21:57:00,598 - Discard: [7C, 7H, AD, JS, 7D, TS, TH, JC, TC, 4S, 3S, 5C, 3C, 2S, 6C]
2025-01-04 21:57:00,598 - Active Player: 2
2025-01-04 21:57:00,598 - STATE LOG: END
2025-01-04 21:57:01,461 - STATE LOG: BEGIN
2025-01-04 21:57:01,461 - Noah's Hand: [AC, 5H, 5S, 9S, TD, 4C, 9H]
2025-01-04 21:57:01,461 - Eve's Hand: [5D, 7S, 9C, 8H, 6S, 9D, 8S]
2025-01-04 21:57:01,461 - Boss: Rank: 12 | Suit C | Attack 15 | Health 30
2025-01-04 21:57:01,461 - Tavern: [2D, 8C, 3H, 6H, JD, 2C, AH, 6D]
2025-01-04 21:57:01,461 - Castle: [KD, KC, KS, KH, QD, QS, QH]
2025-01-04 21:57:01,461 - Discard: [7C, 7H, AD, JS, 7D, TS, TH, JC, TC, 4S, 3S, 5C, 3C, 2S, 6C, 3D, AS, 2H, 8D, 4D, 4H, JH]
2025-01-04 21:57:01,461 - Active Player: 2
2025-01-04 21:57:01,461 - STATE LOG: END
2025-01-04 21:57:03,011 - STATE LOG: BEGIN
2025-01-04 21:57:03,011 - Noah's Hand: [AC, 5H, 5S, 9S, TD, 4C, 9H]
2025-01-04 21:57:03,011 - Eve's Hand: [5D, 6S, 8H, 9C, 9D]
2025-01-04 21:57:03,011 - Boss: Rank: 12 | Suit C | Attack 8 | Health 23
2025-01-04 21:57:03,011 - Tavern: [2D, 8C, 3H, 6H, JD, 2C, AH, 6D]
2025-01-04 21:57:03,011 - Castle: [KD, KC, KS, KH, QD, QS, QH]
2025-01-04 21:57:03,011 - Discard: [7C, 7H, AD, JS, 7D, TS, TH, JC, TC, 4S, 3S, 5C, 3C, 2S, 6C, 3D, AS, 2H, 8D, 4D, 4H, JH, 8S]
2025-01-04 21:57:03,011 - Active Player: 1
2025-01-04 21:57:03,011 - STATE LOG: END
2025-01-04 21:57:04,626 - STATE LOG: BEGIN
2025-01-04 21:57:04,627 - Noah's Hand: [AC, 4C, 5H, 5S, 9H, TD]
2025-01-04 21:57:04,627 - Eve's Hand: [5D, 6S, 8H, 9C, 9D]
2025-01-04 21:57:04,627 - Boss: Rank: 12 | Suit C | Attack 8 | Health 23
2025-01-04 21:57:04,627 - Tavern: [2D, 8C, 3H, 6H, JD, 2C, AH, 6D]
2025-01-04 21:57:04,627 - Castle: [KD, KC, KS, KH, QD, QS, QH]
2025-01-04 21:57:04,628 - Discard: [7C, 7H, AD, JS, 7D, TS, TH, JC, TC, 4S, 3S, 5C, 3C, 2S, 6C, 3D, AS, 2H, 8D, 4D, 4H, JH, 8S, 9S]
2025-01-04 21:57:04,628 - Active Player: 2
2025-01-04 21:57:04,628 - STATE LOG: END
2025-01-04 21:57:06,305 - STATE LOG: BEGIN
2025-01-04 21:57:06,306 - Noah's Hand: [AC, 4C, 5H, 5S, 9H, TD]
2025-01-04 21:57:06,306 - Eve's Hand: [5D, 6S, 9D]
2025-01-04 21:57:06,306 - Boss: Rank: 12 | Suit C | Attack 8 | Health 15
2025-01-04 21:57:06,306 - Tavern: [7H, 8D, 4D, 6C, AD, 3C, 2H, 3S, 2D, 8C, 3H, 6H, JD, 2C, AH, 6D]
2025-01-04 21:57:06,306 - Castle: [KD, KC, KS, KH, QD, QS, QH]
2025-01-04 21:57:06,306 - Discard: [7D, 4S, TH, 8S, TS, JC, TC, AS, 3D, 4H, 9S, 7C, JH, 2S, JS, 5C, 9C]
2025-01-04 21:57:06,306 - Active Player: 1
2025-01-04 21:57:06,306 - STATE LOG: END
2025-01-04 21:57:08,002 - STATE LOG: BEGIN
2025-01-04 21:57:08,002 - Noah's Hand: [4C, 5S, TD]
2025-01-04 21:57:08,002 - Eve's Hand: [5D, 6S, 9D]
2025-01-04 21:57:08,002 - Boss: Rank: 12 | Suit C | Attack 8 | Health 9
2025-01-04 21:57:08,002 - Tavern: [5C, 7C, TC, TS, 9C, JS, 7H, 8D, 4D, 6C, AD, 3C, 2H, 3S, 2D, 8C, 3H, 6H, JD, 2C, AH, 6D]
2025-01-04 21:57:08,002 - Castle: [KD, KC, KS, KH, QD, QS, QH]
2025-01-04 21:57:08,002 - Discard: [7D, 4H, 3D, TH, 4S, 9S, JC, JH, 2S, 8S, AS, 9H]
2025-01-04 21:57:08,002 - Active Player: 2
2025-01-04 21:57:08,002 - STATE LOG: END
2025-01-04 21:57:08,853 - STATE LOG: BEGIN
2025-01-04 21:57:08,853 - Noah's Hand: [4C, 5S, TD, AH, JD]
2025-01-04 21:57:08,853 - Eve's Hand: [9D, 6D, 6H]
2025-01-04 21:57:08,853 - Boss: Rank: 12 | Suit C | Attack 8 | Health 4
2025-01-04 21:57:08,853 - Tavern: [5C, 7C, TC, TS, 9C, JS, 7H, 8D, 4D, 6C, AD, 3C, 2H, 3S, 2D, 8C, 3H]
2025-01-04 21:57:08,853 - Castle: [KD, KC, KS, KH, QD, QS, QH]
2025-01-04 21:57:08,853 - Discard: [7D, 4H, 3D, TH, 4S, 9S, JC, JH, 2S, 8S, AS, 9H, 2C, 6S]
2025-01-04 21:57:08,853 - Active Player: 1
2025-01-04 21:57:08,853 - STATE LOG: END
2025-01-04 21:57:10,288 - STATE LOG: BEGIN
2025-01-04 21:57:10,288 - Noah's Hand: [4C, 5S, TD, 3H, 2D, 2H, AD]
2025-01-04 21:57:10,288 - Eve's Hand: [9D, 6D, 6H, 8C, 3S, 3C, 6C]
2025-01-04 21:57:10,288 - Boss: Rank: 12 | Suit H | Attack 15 | Health 30
2025-01-04 21:57:10,288 - Tavern: [3D, 8S, 9H, 4H, 9S, TH, JH, 4S, 2S, AS, 6S, 7D, 5C, 7C, TC, TS, 9C, JS, 7H, 8D, 4D]
2025-01-04 21:57:10,288 - Castle: [KD, KC, KS, KH, QD, QS]
2025-01-04 21:57:10,288 - Discard: [2C, JC, AC, 5H, AH, JD, 7S, 8H, 5D, QC]
2025-01-04 21:57:10,288 - Active Player: 1
2025-01-04 21:57:10,288 - STATE LOG: END
2025-01-04 21:57:11,794 - STATE LOG: BEGIN
2025-01-04 21:57:11,794 - Noah's Hand: [2D, TD, 4D, 8D]
2025-01-04 21:57:11,794 - Eve's Hand: [9D, 6D, 6H, 8C, 3S, 3C, 6C]
2025-01-04 21:57:11,794 - Boss: Rank: 12 | Suit H | Attack 9 | Health 24
2025-01-04 21:57:11,794 - Tavern: [3D, 8S, 9H, 4H, 9S, TH, JH, 4S, 2S, AS, 6S, 7D, 5C, 7C, TC, TS, 9C, JS, 7H]
2025-01-04 21:57:11,794 - Castle: [KD, KC, KS, KH, QD, QS]
2025-01-04 21:57:11,794 - Discard: [2C, JC, AC, 5H, AH, JD, 7S, 8H, 5D, QC, 2H, 4C, 3H]
2025-01-04 21:57:11,794 - Active Player: 2
2025-01-04 21:57:11,794 - STATE LOG: END
2025-01-04 21:57:13,522 - STATE LOG: BEGIN
2025-01-04 21:57:13,522 - Noah's Hand: [2D, TD, 4D, 8D]
2025-01-04 21:57:13,522 - Eve's Hand: [3S, 6C, 6D, 6H, 9D]
2025-01-04 21:57:13,523 - Boss: Rank: 12 | Suit H | Attack 9 | Health 24
2025-01-04 21:57:13,523 - Tavern: [3D, 8S, 9H, 4H, 9S, TH, JH, 4S, 2S, AS, 6S, 7D, 5C, 7C, TC, TS, 9C, JS, 7H]
2025-01-04 21:57:13,523 - Castle: [KD, KC, KS, KH, QD, QS]
2025-01-04 21:57:13,523 - Discard: [2C, JC, AC, 5H, AH, JD, 7S, 8H, 5D, QC, 2H, 4C, 3H, 3C, 8C]
2025-01-04 21:57:13,523 - Active Player: 1
2025-01-04 21:57:13,523 - STATE LOG: END
2025-01-04 21:57:15,230 - STATE LOG: BEGIN
2025-01-04 21:57:15,230 - Noah's Hand: [2D, 8D, TD]
2025-01-04 21:57:15,230 - Eve's Hand: [3S, 6C, 6D, 6H, 9D, JS, TS]
2025-01-04 21:57:15,230 - Boss: Rank: 12 | Suit H | Attack 9 | Health 20
2025-01-04 21:57:15,230 - Tavern: [3D, 8S, 9H, 4H, 9S, TH, JH, 4S, 2S, AS, 6S, 7D, 5C, 7C, TC]
2025-01-04 21:57:15,230 - Castle: [KD, KC, KS, KH, QD, QS]
2025-01-04 21:57:15,230 - Discard: [2C, JC, AC, 5H, AH, JD, 7S, 8H, 5D, QC, 2H, 4C, 3H, 3C, 8C, 7H, 9C]
2025-01-04 21:57:15,230 - Active Player: 2
2025-01-04 21:57:15,230 - STATE LOG: END
2025-01-04 21:57:16,952 - STATE LOG: BEGIN
2025-01-04 21:57:16,952 - Noah's Hand: [2D, 8D, TD]
2025-01-04 21:57:16,952 - Eve's Hand: [3S, 6D, 9D, TS, JS]
2025-01-04 21:57:16,952 - Boss: Rank: 12 | Suit H | Attack 9 | Health 20
2025-01-04 21:57:16,952 - Tavern: [3D, 8S, 9H, 4H, 9S, TH, JH, 4S, 2S, AS, 6S, 7D, 5C, 7C, TC]
2025-01-04 21:57:16,952 - Castle: [KD, KC, KS, KH, QD, QS]
2025-01-04 21:57:16,952 - Discard: [2C, JC, AC, 5H, AH, JD, 7S, 8H, 5D, QC, 2H, 4C, 3H, 3C, 8C, 7H, 9C, 6H, 6C]
2025-01-04 21:57:16,952 - Active Player: 1
2025-01-04 21:57:16,952 - STATE LOG: END
2025-01-04 21:57:18,681 - STATE LOG: BEGIN
2025-01-04 21:57:18,681 - Noah's Hand: [8D, TD]
2025-01-04 21:57:18,681 - Eve's Hand: [3S, 6D, 9D, TS, JS, 7C]
2025-01-04 21:57:18,681 - Boss: Rank: 12 | Suit H | Attack 9 | Health 18
2025-01-04 21:57:18,681 - Tavern: [3D, 8S, 9H, 4H, 9S, TH, JH, 4S, 2S, AS, 6S, 7D, 5C]
2025-01-04 21:57:18,681 - Castle: [KD, KC, KS, KH, QD, QS]
2025-01-04 21:57:18,681 - Discard: [2C, JC, AC, 5H, AH, JD, 7S, 8H, 5D, QC, 2H, 4C, 3H, 3C, 8C, 7H, 9C, 6H, 6C, TC]
2025-01-04 21:57:18,681 - Active Player: 2
2025-01-04 21:57:18,681 - STATE LOG: END
2025-01-04 21:57:20,345 - STATE LOG: BEGIN
2025-01-04 21:57:20,346 - Noah's Hand: [8D, TD]
2025-01-04 21:57:20,346 - Eve's Hand: [3S, 6D, 9D, JS]
2025-01-04 21:57:20,346 - Boss: Rank: 12 | Suit H | Attack 9 | Health 18
2025-01-04 21:57:20,346 - Tavern: [3D, 8S, 9H, 4H, 9S, TH, JH, 4S, 2S, AS, 6S, 7D, 5C]
2025-01-04 21:57:20,346 - Castle: [KD, KC, KS, KH, QD, QS]
2025-01-04 21:57:20,346 - Discard: [2C, JC, AC, 5H, AH, JD, 7S, 8H, 5D, QC, 2H, 4C, 3H, 3C, 8C, 7H, 9C, 6H, 6C, TC, 7C, TS]
2025-01-04 21:57:20,346 - Active Player: 1
2025-01-04 21:57:20,346 - STATE LOG: END
2025-01-04 21:57:21,941 - STATE LOG: BEGIN
2025-01-04 21:57:21,941 - Noah's Hand: [TD, JH, TH]
2025-01-04 21:57:21,941 - Eve's Hand: [3S, 6D, 9D, JS, 7D, AS, 4S]
2025-01-04 21:57:21,941 - Boss: Rank: 12 | Suit H | Attack 9 | Health 10
2025-01-04 21:57:21,941 - Tavern: [3D, 8S, 9H, 4H, 9S]
2025-01-04 21:57:21,941 - Castle: [KD, KC, KS, KH, QD, QS]
2025-01-04 21:57:21,941 - Discard: [2C, JC, AC, 5H, AH, JD, 7S, 8H, 5D, QC, 2H, 4C, 3H, 3C, 8C, 7H, 9C, 6H, 6C, TC, 7C, TS, 6S, 2S, 5C]
2025-01-04 21:57:21,941 - Active Player: 2
2025-01-04 21:57:21,941 - STATE LOG: END
2025-01-04 21:57:23,429 - STATE LOG: BEGIN
2025-01-04 21:57:23,429 - Noah's Hand: [TD, JH, TH, 4H, 8S, 3D]
2025-01-04 21:57:23,429 - Eve's Hand: [3S, 4S, 6D, 7D, JS, 9S, 9H]
2025-01-04 21:57:23,429 - Boss: Rank: 12 | Suit S | Attack 15 | Health 30
2025-01-04 21:57:23,429 - Tavern: []
2025-01-04 21:57:23,429 - Castle: [KD, KC, KS, KH, QD]
2025-01-04 21:57:23,429 - Discard: [2C, JC, AC, 5H, AH, JD, 7S, 8H, 5D, QC, 2H, 4C, 3H, 3C, 8C, 7H, 9C, 6H, 6C, TC, 7C, TS, 6S, 2S, 5C, AD, 5S, 4D, 2D, 8D, AS, 9D]
2025-01-04 21:57:23,429 - Active Player: 2
2025-01-04 21:57:23,429 - STATE LOG: END
2025-01-04 21:57:24,648 - STATE LOG: BEGIN
2025-01-04 21:57:24,648 - Noah's Hand: [TD, JH, TH, 4H, 8S, 3D]
2025-01-04 21:57:24,648 - Eve's Hand: [6D, 7D, JS]
2025-01-04 21:57:24,648 - Boss: Rank: 12 | Suit S | Attack 15 | Health 21
2025-01-04 21:57:24,648 - Tavern: [3H, 2S, 6S, 8C, 5C, 9C, TS, 6H, AD]
2025-01-04 21:57:24,648 - Castle: [KD, KC, KS, KH, QD]
2025-01-04 21:57:24,648 - Discard: [JC, AH, 6C, 5S, 5D, AC, 2C, 2H, 7C, TC, 4D, 3C, JD, QC, AS, 4C, 9D, 2D, 5H, 7H, 7S, 8H, 8D, 3S, 4S, 9S]
2025-01-04 21:57:24,648 - Active Player: 1
2025-01-04 21:57:24,648 - STATE LOG: END
2025-01-04 21:57:25,804 - STATE LOG: BEGIN
2025-01-04 21:57:25,804 - Noah's Hand: [3D, TD]
2025-01-04 21:57:25,804 - Eve's Hand: [6D, 7D, JS]
2025-01-04 21:57:25,804 - Boss: Rank: 12 | Suit S | Attack 15 | Health 11
2025-01-04 21:57:25,804 - Tavern: [7S, 5S, 6C, 2H, AS, 7H, 4S, QC, 4C, 2D, 3H, 2S, 6S, 8C, 5C, 9C, TS, 6H, AD]
2025-01-04 21:57:25,804 - Castle: [KD, KC, KS, KH, QD]
2025-01-04 21:57:25,804 - Discard: [4D, 8H, JD, 9D, 8D, 5H, 9S, 7C, 3C, AH, AC, 3S, 2C, TC, 5D, JC, 4H, 8S, JH]
2025-01-04 21:57:25,804 - Active Player: 2
2025-01-04 21:57:25,804 - STATE LOG: END
2025-01-04 21:57:26,290 - STATE LOG: BEGIN
2025-01-04 21:57:26,290 - Noah's Hand: [3D, TD]
2025-01-04 21:57:26,290 - Eve's Hand: [6D]
2025-01-04 21:57:26,290 - Boss: Rank: 12 | Suit S | Attack 15 | Health 11
2025-01-04 21:57:26,291 - Tavern: [7S, 5S, 6C, 2H, AS, 7H, 4S, QC, 4C, 2D, 3H, 2S, 6S, 8C, 5C, 9C, TS, 6H, AD]
2025-01-04 21:57:26,291 - Castle: [KD, KC, KS, KH, QD]
2025-01-04 21:57:26,291 - Discard: [4D, 8H, JD, 9D, 8D, 5H, 9S, 7C, 3C, AH, AC, 3S, 2C, TC, 5D, JC, 4H, 8S, JH, JS, 7D]
2025-01-04 21:57:26,291 - Active Player: 1
2025-01-04 21:57:26,291 - STATE LOG: END
2025-01-04 21:57:26,844 - STATE LOG: BEGIN
2025-01-04 21:57:26,844 - Noah's Hand: [3D, QH, 6H, 2S]
2025-01-04 21:57:26,844 - Eve's Hand: [6D, AD, TS, 5C, 6S, 3H]
2025-01-04 21:57:26,844 - Boss: Rank: 12 | Suit S | Attack 15 | Health 1
2025-01-04 21:57:26,844 - Tavern: [7S, 5S, 6C, 2H, AS, 7H, 4S, QC, 4C, 2D]
2025-01-04 21:57:26,844 - Castle: [KD, KC, KS, KH, QD]
2025-01-04 21:57:26,844 - Discard: [4D, 8H, JD, 9D, 8D, 5H, 9S, 7C, 3C, AH, AC, 3S, 2C, TC, 5D, JC, 4H, 8S, JH, JS, 7D, 9C, 8C]
2025-01-04 21:57:26,844 - Active Player: 2
2025-01-04 21:57:26,844 - STATE LOG: END
2025-01-04 21:57:28,020 - STATE LOG: BEGIN
2025-01-04 21:57:28,020 - Noah's Hand: [3D, QH, 6H, 2S, 4C, 4S, AS]
2025-01-04 21:57:28,020 - Eve's Hand: [3H, 6D, 6S, TS, 2D, QC, 7H]
2025-01-04 21:57:28,020 - Boss: Rank: 12 | Suit D | Attack 15 | Health 30
2025-01-04 21:57:28,020 - Tavern: [7S, 5S, 6C, 2H]
2025-01-04 21:57:28,020 - Castle: [KD, KC, KS, KH]
2025-01-04 21:57:28,020 - Discard: [4D, 8H, JD, 9D, 8D, 5H, 9S, 7C, 3C, AH, AC, 3S, 2C, TC, 5D, JC, 4H, 8S, JH, JS, 7D, 9C, 8C, TH, TD, 9H, AD, 5C, QS]
2025-01-04 21:57:28,020 - Active Player: 2
2025-01-04 21:57:28,020 - STATE LOG: END
2025-01-04 21:57:29,660 - STATE LOG: BEGIN
2025-01-04 21:57:29,660 - Noah's Hand: [3D, QH, 6H, 2S, 4C, 4S, AS]
2025-01-04 21:57:29,660 - Eve's Hand: [2D, 3H, 6D, QC, 7H]
2025-01-04 21:57:29,660 - Boss: Rank: 12 | Suit D | Attack 9 | Health 24
2025-01-04 21:57:29,660 - Tavern: [7S, 5S, 6C, 2H]
2025-01-04 21:57:29,660 - Castle: [KD, KC, KS, KH]
2025-01-04 21:57:29,660 - Discard: [4D, 8H, JD, 9D, 8D, 5H, 9S, 7C, 3C, AH, AC, 3S, 2C, TC, 5D, JC, 4H, 8S, JH, JS, 7D, 9C, 8C, TH, TD, 9H, AD, 5C, QS, TS]
2025-01-04 21:57:29,660 - Active Player: 1
2025-01-04 21:57:29,660 - STATE LOG: END
2025-01-04 21:57:31,132 - STATE LOG: BEGIN
2025-01-04 21:57:31,132 - Noah's Hand: [3D, 4C, 4S, QH]
2025-01-04 21:57:31,132 - Eve's Hand: [2D, 3H, 6D, QC, 7H]
2025-01-04 21:57:31,132 - Boss: Rank: 12 | Suit D | Attack 2 | Health 17
2025-01-04 21:57:31,132 - Tavern: [TH, 9C, 4D, JD, 5C, 4H, 2C, 7S, 5S, 6C, 2H]
2025-01-04 21:57:31,132 - Castle: [KD, KC, KS, KH]
2025-01-04 21:57:31,132 - Discard: [9S, AD, TS, 8D, TC, AC, 7D, 3S, 5H, 9H, JS, QS, 9D, JH, 8S, 3C, 8H, 8C, JC, 7C, 5D, TD, AH, 2S]
2025-01-04 21:57:31,132 - Active Player: 2
2025-01-04 21:57:31,132 - STATE LOG: END
2025-01-04 21:57:31,708 - STATE LOG: BEGIN
2025-01-04 21:57:31,708 - Noah's Hand: [3D, 4C, 4S, QH]
2025-01-04 21:57:31,708 - Eve's Hand: [2D, 3H, 6D, QC]
2025-01-04 21:57:31,708 - Boss: Rank: 12 | Suit D | Attack 2 | Health 17
2025-01-04 21:57:31,708 - Tavern: [TH, 9C, 4D, JD, 5C, 4H, 2C, 7S, 5S, 6C, 2H]
2025-01-04 21:57:31,708 - Castle: [KD, KC, KS, KH]
2025-01-04 21:57:31,708 - Discard: [9S, AD, TS, 8D, TC, AC, 7D, 3S, 5H, 9H, JS, QS, 9D, JH, 8S, 3C, 8H, 8C, JC, 7C, 5D, TD, AH, 2S, 7H]
2025-01-04 21:57:31,708 - Active Player: 1
2025-01-04 21:57:31,708 - STATE LOG: END
2025-01-04 21:57:32,074 - STATE LOG: BEGIN
2025-01-04 21:57:32,074 - Noah's Hand: [3D, 4C, QH]
2025-01-04 21:57:32,074 - Eve's Hand: [2D, 3H, 6D, QC]
2025-01-04 21:57:32,074 - Boss: Rank: 12 | Suit D | Attack 0 | Health 13
2025-01-04 21:57:32,074 - Tavern: [TH, 9C, 4D, JD, 5C, 4H, 2C, 7S, 5S, 6C, 2H]
2025-01-04 21:57:32,074 - Castle: [KD, KC, KS, KH]
2025-01-04 21:57:32,074 - Discard: [9S, AD, TS, 8D, TC, AC, 7D, 3S, 5H, 9H, JS, QS, 9D, JH, 8S, 3C, 8H, 8C, JC, 7C, 5D, TD, AH, 2S, 7H]
2025-01-04 21:57:32,074 - Active Player: 2
2025-01-04 21:57:32,074 - STATE LOG: END
2025-01-04 21:57:32,407 - STATE LOG: BEGIN
2025-01-04 21:57:32,407 - Noah's Hand: [3D, 4C, QH]
2025-01-04 21:57:32,407 - Eve's Hand: [3H, 6D, QC]
2025-01-04 21:57:32,407 - Boss: Rank: 12 | Suit D | Attack 0 | Health 11
2025-01-04 21:57:32,407 - Tavern: [TH, 9C, 4D, JD, 5C, 4H, 2C, 7S, 5S, 6C, 2H]
2025-01-04 21:57:32,407 - Castle: [KD, KC, KS, KH]
2025-01-04 21:57:32,407 - Discard: [9S, AD, TS, 8D, TC, AC, 7D, 3S, 5H, 9H, JS, QS, 9D, JH, 8S, 3C, 8H, 8C, JC, 7C, 5D, TD, AH, 2S, 7H]
2025-01-04 21:57:32,407 - Active Player: 1
2025-01-04 21:57:32,407 - STATE LOG: END
2025-01-04 21:57:32,539 - STATE LOG: BEGIN
2025-01-04 21:57:32,539 - Noah's Hand: [3D, 4C, QH]
2025-01-04 21:57:32,539 - Eve's Hand: [3H, 6D, QC]
2025-01-04 21:57:32,539 - Boss: Rank: 12 | Suit D | Attack 0 | Health 11
2025-01-04 21:57:32,539 - Tavern: [TH, 9C, 4D, JD, 5C, 4H, 2C, 7S, 5S, 6C, 2H]
2025-01-04 21:57:32,539 - Castle: [KD, KC, KS, KH]
2025-01-04 21:57:32,539 - Discard: [9S, AD, TS, 8D, TC, AC, 7D, 3S, 5H, 9H, JS, QS, 9D, JH, 8S, 3C, 8H, 8C, JC, 7C, 5D, TD, AH, 2S, 7H]
2025-01-04 21:57:32,539 - Active Player: 2
2025-01-04 21:57:32,539 - STATE LOG: END
2025-01-04 21:57:32,637 - STATE LOG: BEGIN
2025-01-04 21:57:32,637 - Noah's Hand: [3D, 4C, QH]
2025-01-04 21:57:32,637 - Eve's Hand: [3H, 6D]
2025-01-04 21:57:32,637 - Boss: Rank: 13 | Suit H | Attack 20 | Health 40
2025-01-04 21:57:32,637 - Tavern: [TH, 9C, 4D, JD, 5C, 4H, 2C, 7S, 5S, 6C, 2H]
2025-01-04 21:57:32,637 - Castle: [KD, KC, KS]
2025-01-04 21:57:32,637 - Discard: [9S, AD, TS, 8D, TC, AC, 7D, 3S, 5H, 9H, JS, QS, 9D, JH, 8S, 3C, 8H, 8C, JC, 7C, 5D, TD, AH, 2S, 7H, AS, 6H, 4S, 6S, 2D, QC, QD]
2025-01-04 21:57:32,637 - Active Player: 2
2025-01-04 21:57:32,637 - STATE LOG: END
2025-01-04 21:57:32,642 - STATE LOG: BEGIN
2025-01-04 21:57:32,642 - Noah's Hand: [3D, 4C, QH, 6C, 7S, 4H]
2025-01-04 21:57:32,642 - Eve's Hand: [3H, 2H, 5S, 2C]
2025-01-04 21:57:32,642 - Boss: Rank: 13 | Suit H | Attack 20 | Health 34
2025-01-04 21:57:32,642 - Tavern: [TH, 9C, 4D, JD, 5C]
2025-01-04 21:57:32,642 - Castle: [KD, KC, KS]
2025-01-04 21:57:32,642 - Discard: [9S, AD, TS, 8D, TC, AC, 7D, 3S, 5H, 9H, JS, QS, 9D, JH, 8S, 3C, 8H, 8C, JC, 7C, 5D, TD, AH, 2S, 7H, AS, 6H, 4S, 6S, 2D, QC, QD]
2025-01-04 21:57:32,642 - Active Player: 1
2025-01-04 21:57:32,642 - STATE LOG: END
