2025-01-04 22:59:32,391 - I log states! :D
2025-01-04 22:59:32,391 - STATE LOG: BEGIN
2025-01-04 22:59:32,391 - Noah's Hand: [TC, 2H, 7S, 2D, 3S, 9D, 6C]
2025-01-04 22:59:32,391 - Eve's Hand: [9H, 8S, AC, 7D, 4S, 8H, 9S]
2025-01-04 22:59:32,391 - Boss: Rank: 11 | Suit C | Attack 10 | Health 20
2025-01-04 22:59:32,391 - Tavern: [AS, 9C, 4H, 5D, TH, 5H, 4D, 3H, AD, 3C, 2S, 3D, TD, 6H, TS, 6D, 5S, 7H, 5C, 4C, 8D, 2C, 8C, 6S, 7C, AH]
2025-01-04 22:59:32,391 - Castle: [KH, KD, KS, KC, QH, QS, QC, QD, JS, JD, JH]
2025-01-04 22:59:32,391 - Discard: []
2025-01-04 22:59:32,391 - Active Player: 1
2025-01-04 22:59:32,391 - STATE LOG: END
2025-01-04 22:59:32,968 - STATE LOG: BEGIN
2025-01-04 22:59:32,968 - Noah's Hand: [2D, 2H, 3S, 6C, 9D]
2025-01-04 22:59:32,968 - Eve's Hand: [9H, 8S, AC, 7D, 4S, 8H, 9S]
2025-01-04 22:59:32,968 - Boss: Rank: 11 | Suit C | Attack 3 | Health 13
2025-01-04 22:59:32,968 - Tavern: [AS, 9C, 4H, 5D, TH, 5H, 4D, 3H, AD, 3C, 2S, 3D, TD, 6H, TS, 6D, 5S, 7H, 5C, 4C, 8D, 2C, 8C, 6S, 7C, AH]
2025-01-04 22:59:32,969 - Castle: [KH, KD, KS, KC, QH, QS, QC, QD, JS, JD, JH]
2025-01-04 22:59:32,969 - Discard: [TC]
2025-01-04 22:59:32,969 - Active Player: 2
2025-01-04 22:59:32,969 - STATE LOG: END
2025-01-04 22:59:33,558 - STATE LOG: BEGIN
2025-01-04 22:59:33,559 - Noah's Hand: [2D, 2H, 3S, 6C, 9D]
2025-01-04 22:59:33,559 - Eve's Hand: [AC, 7D, 8H, 8S, 9H, 9S]
2025-01-04 22:59:33,559 - Boss: Rank: 11 | Suit C | Attack 0 | Health 9
2025-01-04 22:59:33,559 - Tavern: [AS, 9C, 4H, 5D, TH, 5H, 4D, 3H, AD, 3C, 2S, 3D, TD, 6H, TS, 6D, 5S, 7H, 5C, 4C, 8D, 2C, 8C, 6S, 7C, AH]
2025-01-04 22:59:33,559 - Castle: [KH, KD, KS, KC, QH, QS, QC, QD, JS, JD, JH]
2025-01-04 22:59:33,559 - Discard: [TC]
2025-01-04 22:59:33,559 - Active Player: 1
2025-01-04 22:59:33,559 - STATE LOG: END
2025-01-04 22:59:33,892 - STATE LOG: BEGIN
2025-01-04 22:59:33,892 - Noah's Hand: [2H, 3S, 6C, 9D, AH]
2025-01-04 22:59:33,892 - Eve's Hand: [AC, 7D, 8H, 8S, 9H, 9S, 7C]
2025-01-04 22:59:33,892 - Boss: Rank: 11 | Suit C | Attack 0 | Health 7
2025-01-04 22:59:33,892 - Tavern: [AS, 9C, 4H, 5D, TH, 5H, 4D, 3H, AD, 3C, 2S, 3D, TD, 6H, TS, 6D, 5S, 7H, 5C, 4C, 8D, 2C, 8C, 6S]
2025-01-04 22:59:33,892 - Castle: [KH, KD, KS, KC, QH, QS, QC, QD, JS, JD, JH]
2025-01-04 22:59:33,892 - Discard: [TC]
2025-01-04 22:59:33,892 - Active Player: 2
2025-01-04 22:59:33,892 - STATE LOG: END
2025-01-04 22:59:34,488 - STATE LOG: BEGIN
2025-01-04 22:59:34,488 - Noah's Hand: [2H, 3S, 6C, 9D, AH]
2025-01-04 22:59:34,488 - Eve's Hand: [7C, 7D, 8H, 8S, 9H, 9S]
2025-01-04 22:59:34,488 - Boss: Rank: 11 | Suit C | Attack 0 | Health 6
2025-01-04 22:59:34,488 - Tavern: [AS, 9C, 4H, 5D, TH, 5H, 4D, 3H, AD, 3C, 2S, 3D, TD, 6H, TS, 6D, 5S, 7H, 5C, 4C, 8D, 2C, 8C, 6S]
2025-01-04 22:59:34,488 - Castle: [KH, KD, KS, KC, QH, QS, QC, QD, JS, JD, JH]
2025-01-04 22:59:34,488 - Discard: [TC]
2025-01-04 22:59:34,488 - Active Player: 1
2025-01-04 22:59:34,488 - STATE LOG: END
2025-01-04 22:59:34,871 - STATE LOG: BEGIN
2025-01-04 22:59:34,871 - Noah's Hand: [AH, 2H, 6C, 9D]
2025-01-04 22:59:34,871 - Eve's Hand: [7C, 7D, 8H, 8S, 9H, 9S]
2025-01-04 22:59:34,871 - Boss: Rank: 11 | Suit C | Attack 0 | Health 3
2025-01-04 22:59:34,871 - Tavern: [AS, 9C, 4H, 5D, TH, 5H, 4D, 3H, AD, 3C, 2S, 3D, TD, 6H, TS, 6D, 5S, 7H, 5C, 4C, 8D, 2C, 8C, 6S]
2025-01-04 22:59:34,871 - Castle: [KH, KD, KS, KC, QH, QS, QC, QD, JS, JD, JH]
2025-01-04 22:59:34,871 - Discard: [TC]
2025-01-04 22:59:34,871 - Active Player: 2
2025-01-04 22:59:34,871 - STATE LOG: END
2025-01-04 22:59:35,371 - STATE LOG: BEGIN
2025-01-04 22:59:35,371 - Noah's Hand: [AH, 2H, 6C, 9D, 8C, 8D, 4C]
2025-01-04 22:59:35,371 - Eve's Hand: [7C, 8H, 8S, 9H, 9S, 6S, 2C]
2025-01-04 22:59:35,371 - Boss: Rank: 11 | Suit H | Attack 10 | Health 20
2025-01-04 22:59:35,371 - Tavern: [AS, 9C, 4H, 5D, TH, 5H, 4D, 3H, AD, 3C, 2S, 3D, TD, 6H, TS, 6D, 5S, 7H, 5C]
2025-01-04 22:59:35,371 - Castle: [KH, KD, KS, KC, QH, QS, QC, QD, JS, JD]
2025-01-04 22:59:35,371 - Discard: [TC, 7S, 2D, 3S, 4S, AC, 7D, JC]
2025-01-04 22:59:35,371 - Active Player: 2
2025-01-04 22:59:35,371 - STATE LOG: END
2025-01-04 22:59:35,935 - STATE LOG: BEGIN
2025-01-04 22:59:35,935 - Noah's Hand: [AH, 2H, 6C, 9D, 8C, 8D, 4C]
2025-01-04 22:59:35,935 - Eve's Hand: [2C, 6S, 8S, 9H, 9S]
2025-01-04 22:59:35,935 - Boss: Rank: 11 | Suit H | Attack 10 | Health 20
2025-01-04 22:59:35,935 - Tavern: [AS, 9C, 4H, 5D, TH, 5H, 4D, 3H, AD, 3C, 2S, 3D, TD, 6H, TS, 6D, 5S, 7H, 5C]
2025-01-04 22:59:35,935 - Castle: [KH, KD, KS, KC, QH, QS, QC, QD, JS, JD]
2025-01-04 22:59:35,935 - Discard: [TC, 7S, 2D, 3S, 4S, AC, 7D, JC, 8H, 7C]
2025-01-04 22:59:35,935 - Active Player: 1
2025-01-04 22:59:35,935 - STATE LOG: END
2025-01-04 22:59:36,476 - STATE LOG: BEGIN
2025-01-04 22:59:36,476 - Noah's Hand: [6C, 8D, 9D]
2025-01-04 22:59:36,476 - Eve's Hand: [2C, 6S, 8S, 9H, 9S]
2025-01-04 22:59:36,476 - Boss: Rank: 11 | Suit H | Attack 10 | Health 12
2025-01-04 22:59:36,476 - Tavern: [AS, 9C, 4H, 5D, TH, 5H, 4D, 3H, AD, 3C, 2S, 3D, TD, 6H, TS, 6D, 5S, 7H, 5C]
2025-01-04 22:59:36,476 - Castle: [KH, KD, KS, KC, QH, QS, QC, QD, JS, JD]
2025-01-04 22:59:36,476 - Discard: [TC, 7S, 2D, 3S, 4S, AC, 7D, JC, 8H, 7C, AH, 8C, 2H]
2025-01-04 22:59:36,476 - Active Player: 2
2025-01-04 22:59:36,476 - STATE LOG: END
2025-01-04 22:59:36,708 - STATE LOG: BEGIN
2025-01-04 22:59:36,708 - Noah's Hand: [6C, 8D, 9D]
2025-01-04 22:59:36,708 - Eve's Hand: [6S, 8S, 9H]
2025-01-04 22:59:36,708 - Boss: Rank: 11 | Suit H | Attack 10 | Health 12
2025-01-04 22:59:36,708 - Tavern: [AS, 9C, 4H, 5D, TH, 5H, 4D, 3H, AD, 3C, 2S, 3D, TD, 6H, TS, 6D, 5S, 7H, 5C]
2025-01-04 22:59:36,708 - Castle: [KH, KD, KS, KC, QH, QS, QC, QD, JS, JD]
2025-01-04 22:59:36,708 - Discard: [TC, 7S, 2D, 3S, 4S, AC, 7D, JC, 8H, 7C, AH, 8C, 2H, 2C, 9S]
2025-01-04 22:59:36,708 - Active Player: 1
2025-01-04 22:59:36,708 - STATE LOG: END
2025-01-04 22:59:36,845 - STATE LOG: BEGIN
2025-01-04 22:59:36,845 - Noah's Hand: [8D, 5C, TS, TD, 2S]
2025-01-04 22:59:36,845 - Eve's Hand: [6S, 8S, 9H, 7H, 6D, 6H, 3D]
2025-01-04 22:59:36,845 - Boss: Rank: 11 | Suit H | Attack 10 | Health 3
2025-01-04 22:59:36,845 - Tavern: [AS, 9C, 4H, 5D, TH, 5H, 4D, 3H, AD, 3C]
2025-01-04 22:59:36,845 - Castle: [KH, KD, KS, KC, QH, QS, QC, QD, JS, JD]
2025-01-04 22:59:36,845 - Discard: [TC, 7S, 2D, 3S, 4S, AC, 7D, JC, 8H, 7C, AH, 8C, 2H, 2C, 9S, 6C, 5S]
2025-01-04 22:59:36,845 - Active Player: 2
2025-01-04 22:59:36,845 - STATE LOG: END
2025-01-04 22:59:37,427 - STATE LOG: BEGIN
2025-01-04 22:59:37,427 - Noah's Hand: [8D, 5C, TS, TD, 2S, AD, 3H]
2025-01-04 22:59:37,427 - Eve's Hand: [3D, 6H, 6S, 7H, 8S, 9H, 3C]
2025-01-04 22:59:37,427 - Boss: Rank: 11 | Suit D | Attack 10 | Health 20
2025-01-04 22:59:37,427 - Tavern: [AS, 9C, 4H, 5D, TH, 5H, 4D]
2025-01-04 22:59:37,427 - Castle: [KH, KD, KS, KC, QH, QS, QC, QD, JS]
2025-01-04 22:59:37,427 - Discard: [TC, 7S, 2D, 3S, 4S, AC, 7D, JC, 8H, 7C, AH, 8C, 2H, 2C, 9S, 6C, 5S, 4C, 9D, 6D, JH]
2025-01-04 22:59:37,427 - Active Player: 2
2025-01-04 22:59:37,427 - STATE LOG: END
2025-01-04 22:59:38,028 - STATE LOG: BEGIN
2025-01-04 22:59:38,028 - Noah's Hand: [8D, 5C, TS, TD, 2S, AD, 3H]
2025-01-04 22:59:38,028 - Eve's Hand: [3D, 6H, 7H, 9H]
2025-01-04 22:59:38,028 - Boss: Rank: 11 | Suit D | Attack 4 | Health 14
2025-01-04 22:59:38,028 - Tavern: [AS, 9C, 4H, 5D, TH, 5H, 4D]
2025-01-04 22:59:38,028 - Castle: [KH, KD, KS, KC, QH, QS, QC, QD, JS]
2025-01-04 22:59:38,028 - Discard: [TC, 7S, 2D, 3S, 4S, AC, 7D, JC, 8H, 7C, AH, 8C, 2H, 2C, 9S, 6C, 5S, 4C, 9D, 6D, JH, 3C, 8S]
2025-01-04 22:59:38,028 - Active Player: 1
2025-01-04 22:59:38,028 - STATE LOG: END
2025-01-04 22:59:38,601 - STATE LOG: BEGIN
2025-01-04 22:59:38,601 - Noah's Hand: [AD, 8D, TD, TS]
2025-01-04 22:59:38,601 - Eve's Hand: [3D, 6H, 7H, 9H]
2025-01-04 22:59:38,601 - Boss: Rank: 11 | Suit D | Attack 4 | Health 11
2025-01-04 22:59:38,601 - Tavern: [4S, 7S, JC, AS, 9C, 4H, 5D, TH, 5H, 4D]
2025-01-04 22:59:38,601 - Castle: [KH, KD, KS, KC, QH, QS, QC, QD, JS]
2025-01-04 22:59:38,601 - Discard: [5S, TC, 8S, 9S, JH, 6C, 7C, AC, 2D, 8H, 4C, 6D, 2C, 2H, 3S, 9D, 8C, 7D, AH, 3C, 2S, 5C]
2025-01-04 22:59:38,601 - Active Player: 2
2025-01-04 22:59:38,601 - STATE LOG: END
2025-01-04 22:59:39,029 - STATE LOG: BEGIN
2025-01-04 22:59:39,029 - Noah's Hand: [AD, 8D, TD, TS]
2025-01-04 22:59:39,029 - Eve's Hand: [3D, 7H]
2025-01-04 22:59:39,029 - Boss: Rank: 11 | Suit D | Attack 4 | Health 5
2025-01-04 22:59:39,029 - Tavern: [8S, AH, 2C, 9S, 2S, TC, 4S, 7S, JC, AS, 9C, 4H, 5D, TH, 5H, 4D]
2025-01-04 22:59:39,029 - Castle: [KH, KD, KS, KC, QH, QS, QC, QD, JS]
2025-01-04 22:59:39,029 - Discard: [5C, 8H, 6D, 3S, 7C, AC, 3C, 9D, 8C, 6C, 4C, 2D, 7D, 2H, JH, 5S, 9H]
2025-01-04 22:59:39,029 - Active Player: 1
2025-01-04 22:59:39,029 - STATE LOG: END
2025-01-04 22:59:39,184 - STATE LOG: BEGIN
2025-01-04 22:59:39,184 - Noah's Hand: [8D, TD]
2025-01-04 22:59:39,184 - Eve's Hand: [3D, 7H]
2025-01-04 22:59:39,184 - Boss: Rank: 11 | Suit S | Attack 10 | Health 20
2025-01-04 22:59:39,184 - Tavern: [8S, AH, 2C, 9S, 2S, TC, 4S, 7S, JC, AS, 9C, 4H, 5D, TH, 5H, 4D]
2025-01-04 22:59:39,184 - Castle: [KH, KD, KS, KC, QH, QS, QC, QD]
2025-01-04 22:59:39,184 - Discard: [5C, 8H, 6D, 3S, 7C, AC, 3C, 9D, 8C, 6C, 4C, 2D, 7D, 2H, JH, 5S, 9H, 3H, AD, TS, 6S, 6H, JD]
2025-01-04 22:59:39,184 - Active Player: 1
2025-01-04 22:59:39,184 - STATE LOG: END
2025-01-04 22:59:39,327 - STATE LOG: BEGIN
2025-01-04 22:59:39,327 - Noah's Hand: [TD, 4D]
2025-01-04 22:59:39,327 - Eve's Hand: [3D, 7H, 5H, 5D, 9C, JC]
2025-01-04 22:59:39,327 - Boss: Rank: 11 | Suit S | Attack 10 | Health 12
2025-01-04 22:59:39,327 - Tavern: [8S, AH, 2C, 9S, 2S, TC, 4S, 7S]
2025-01-04 22:59:39,327 - Castle: [KH, KD, KS, KC, QH, QS, QC, QD]
2025-01-04 22:59:39,327 - Discard: [5C, 8H, 6D, 3S, 7C, AC, 3C, 9D, 8C, 6C, 4C, 2D, 7D, 2H, JH, 5S, 9H, 3H, AD, TS, 6S, 6H, JD, AS, 4H, TH]
2025-01-04 22:59:39,327 - Active Player: 2
2025-01-04 22:59:39,327 - STATE LOG: END
2025-01-04 22:59:39,602 - STATE LOG: BEGIN
2025-01-04 22:59:39,602 - Noah's Hand: [TD, 4D]
2025-01-04 22:59:39,602 - Eve's Hand: [3D, 5D, 5H, 7H]
2025-01-04 22:59:39,602 - Boss: Rank: 11 | Suit S | Attack 10 | Health 12
2025-01-04 22:59:39,602 - Tavern: [8S, AH, 2C, 9S, 2S, TC, 4S, 7S]
2025-01-04 22:59:39,602 - Castle: [KH, KD, KS, KC, QH, QS, QC, QD]
2025-01-04 22:59:39,602 - Discard: [5C, 8H, 6D, 3S, 7C, AC, 3C, 9D, 8C, 6C, 4C, 2D, 7D, 2H, JH, 5S, 9H, 3H, AD, TS, 6S, 6H, JD, AS, 4H, TH, 9C, JC]
2025-01-04 22:59:39,602 - Active Player: 1
2025-01-04 22:59:39,602 - STATE LOG: END
2025-01-04 22:59:39,898 - STATE LOG: BEGIN
2025-01-04 22:59:39,898 - Noah's Hand: [TD]
2025-01-04 22:59:39,898 - Eve's Hand: [3D, 5D, 5H, 7H, 4S, 2S]
2025-01-04 22:59:39,898 - Boss: Rank: 11 | Suit S | Attack 10 | Health 8
2025-01-04 22:59:39,898 - Tavern: [8S, AH, 2C, 9S]
2025-01-04 22:59:39,898 - Castle: [KH, KD, KS, KC, QH, QS, QC, QD]
2025-01-04 22:59:39,898 - Discard: [5C, 8H, 6D, 3S, 7C, AC, 3C, 9D, 8C, 6C, 4C, 2D, 7D, 2H, JH, 5S, 9H, 3H, AD, TS, 6S, 6H, JD, AS, 4H, TH, 9C, JC, 7S, TC]
2025-01-04 22:59:39,898 - Active Player: 2
2025-01-04 22:59:39,898 - STATE LOG: END
2025-01-04 22:59:39,979 - STATE LOG: BEGIN
2025-01-04 22:59:39,979 - Noah's Hand: [TD, 2C, 8S, 6S, JD, 5S, AD]
2025-01-04 22:59:39,979 - Eve's Hand: [2S, 3D, 4S, 7H, 9S, AH, 3H]
2025-01-04 22:59:39,979 - Boss: Rank: 12 | Suit D | Attack 15 | Health 30
2025-01-04 22:59:39,979 - Tavern: [7S, 5C, TC, AS, 6C]
2025-01-04 22:59:39,979 - Castle: [KH, KD, KS, KC, QH, QS, QC]
2025-01-04 22:59:39,979 - Discard: [7D, 3S, 9D, 6H, 9C, 2H, 4H, 4C, JH, 9H, TS, TH, AC, 8H, JC, 7C, 6D, 8C, 2D, 3C, 8D, 4D, 5D, 5H, JS]
2025-01-04 22:59:39,979 - Active Player: 2
2025-01-04 22:59:39,979 - STATE LOG: END
2025-01-04 22:59:40,567 - STATE LOG: BEGIN
2025-01-04 22:59:40,567 - Noah's Hand: [TD, 2C, 8S, 6S, JD, 5S, AD]
2025-01-04 22:59:40,568 - Eve's Hand: [AH, 3D, 3H, 7H]
2025-01-04 22:59:40,568 - Boss: Rank: 12 | Suit D | Attack 6 | Health 21
2025-01-04 22:59:40,568 - Tavern: [7S, 5C, TC, AS, 6C]
2025-01-04 22:59:40,568 - Castle: [KH, KD, KS, KC, QH, QS, QC]
2025-01-04 22:59:40,568 - Discard: [7D, 3S, 9D, 6H, 9C, 2H, 4H, 4C, JH, 9H, TS, TH, AC, 8H, JC, 7C, 6D, 8C, 2D, 3C, 8D, 4D, 5D, 5H, JS, 4S, 2S]
2025-01-04 22:59:40,568 - Active Player: 1
2025-01-04 22:59:40,568 - STATE LOG: END
2025-01-04 22:59:40,933 - STATE LOG: BEGIN
2025-01-04 22:59:40,933 - Noah's Hand: [2C, 6S, 8S, TD, JD]
2025-01-04 22:59:40,933 - Eve's Hand: [AH, 3D, 3H, 7H]
2025-01-04 22:59:40,933 - Boss: Rank: 12 | Suit D | Attack 0 | Health 15
2025-01-04 22:59:40,933 - Tavern: [7S, 5C, TC, AS, 6C]
2025-01-04 22:59:40,933 - Castle: [KH, KD, KS, KC, QH, QS, QC]
2025-01-04 22:59:40,934 - Discard: [7D, 3S, 9D, 6H, 9C, 2H, 4H, 4C, JH, 9H, TS, TH, AC, 8H, JC, 7C, 6D, 8C, 2D, 3C, 8D, 4D, 5D, 5H, JS, 4S, 2S]
2025-01-04 22:59:40,934 - Active Player: 2
2025-01-04 22:59:40,934 - STATE LOG: END
2025-01-04 22:59:41,563 - STATE LOG: BEGIN
2025-01-04 22:59:41,563 - Noah's Hand: [2C, 6S, 8S, TD, JD]
2025-01-04 22:59:41,563 - Eve's Hand: [3D, 3H, 7H]
2025-01-04 22:59:41,563 - Boss: Rank: 12 | Suit D | Attack 0 | Health 14
2025-01-04 22:59:41,563 - Tavern: [7D, 7S, 5C, TC, AS, 6C]
2025-01-04 22:59:41,563 - Castle: [KH, KD, KS, KC, QH, QS, QC]
2025-01-04 22:59:41,563 - Discard: [TS, 4C, 4H, JC, JH, 8C, 4D, 2H, 9C, TH, 9H, 2S, 9D, JS, 6H, 8D, 2D, 3C, 8H, 6D, 4S, 5H, 3S, 5D, 7C, AC]
2025-01-04 22:59:41,563 - Active Player: 1
2025-01-04 22:59:41,563 - STATE LOG: END
2025-01-04 22:59:41,954 - STATE LOG: BEGIN
2025-01-04 22:59:41,954 - Noah's Hand: [2C, 8S, TD, JD]
2025-01-04 22:59:41,954 - Eve's Hand: [3D, 3H, 7H]
2025-01-04 22:59:41,954 - Boss: Rank: 12 | Suit D | Attack 0 | Health 8
2025-01-04 22:59:41,954 - Tavern: [7D, 7S, 5C, TC, AS, 6C]
2025-01-04 22:59:41,954 - Castle: [KH, KD, KS, KC, QH, QS, QC]
2025-01-04 22:59:41,955 - Discard: [TS, 4C, 4H, JC, JH, 8C, 4D, 2H, 9C, TH, 9H, 2S, 9D, JS, 6H, 8D, 2D, 3C, 8H, 6D, 4S, 5H, 3S, 5D, 7C, AC]
2025-01-04 22:59:41,955 - Active Player: 2
2025-01-04 22:59:41,955 - STATE LOG: END
2025-01-04 22:59:42,174 - STATE LOG: BEGIN
2025-01-04 22:59:42,174 - Noah's Hand: [2C, 8S, TD, JD]
2025-01-04 22:59:42,174 - Eve's Hand: [3D, 7H]
2025-01-04 22:59:42,174 - Boss: Rank: 12 | Suit D | Attack 0 | Health 5
2025-01-04 22:59:42,174 - Tavern: [6D, TH, JH, 7D, 7S, 5C, TC, AS, 6C]
2025-01-04 22:59:42,174 - Castle: [KH, KD, KS, KC, QH, QS, QC]
2025-01-04 22:59:42,174 - Discard: [2H, JS, 3C, TS, 4C, 4D, 3S, JC, 7C, 8C, 5D, AC, 9H, 4H, 2S, 9D, 4S, 8H, 6H, 5H, 2D, 9C, 8D]
2025-01-04 22:59:42,174 - Active Player: 1
2025-01-04 22:59:42,174 - STATE LOG: END
2025-01-04 22:59:42,236 - STATE LOG: BEGIN
2025-01-04 22:59:42,236 - Noah's Hand: [2C, 8S, JD]
2025-01-04 22:59:42,236 - Eve's Hand: [3D, 7H]
2025-01-04 22:59:42,236 - Boss: Rank: 12 | Suit C | Attack 15 | Health 30
2025-01-04 22:59:42,236 - Tavern: [6D, TH, JH, 7D, 7S, 5C, TC, AS, 6C]
2025-01-04 22:59:42,236 - Castle: [KH, KD, KS, KC, QH, QS]
2025-01-04 22:59:42,236 - Discard: [2H, JS, 3C, TS, 4C, 4D, 3S, JC, 7C, 8C, 5D, AC, 9H, 4H, 2S, 9D, 4S, 8H, 6H, 5H, 2D, 9C, 8D, AD, 5S, 6S, TD, 9S, AH, 3H, QD]
2025-01-04 22:59:42,236 - Active Player: 1
2025-01-04 22:59:42,236 - STATE LOG: END
2025-01-04 22:59:42,267 - STATE LOG: BEGIN
2025-01-04 22:59:42,267 - Noah's Hand: [6C, 7S, JH, 6D]
2025-01-04 22:59:42,267 - Eve's Hand: [3D, 7H, AS, 5C, 7D, TH]
2025-01-04 22:59:42,267 - Boss: Rank: 12 | Suit C | Attack 15 | Health 19
2025-01-04 22:59:42,267 - Tavern: []
2025-01-04 22:59:42,267 - Castle: [KH, KD, KS, KC, QH, QS]
2025-01-04 22:59:42,267 - Discard: [2H, JS, 3C, TS, 4C, 4D, 3S, JC, 7C, 8C, 5D, AC, 9H, 4H, 2S, 9D, 4S, 8H, 6H, 5H, 2D, 9C, 8D, AD, 5S, 6S, TD, 9S, AH, 3H, QD, TC, 2C, 8S]
2025-01-04 22:59:42,267 - Active Player: 2
2025-01-04 22:59:42,267 - STATE LOG: END
2025-01-04 22:59:42,550 - STATE LOG: BEGIN
2025-01-04 22:59:42,550 - Noah's Hand: [6C, 7S, JH, 6D]
2025-01-04 22:59:42,550 - Eve's Hand: [3D, 7D, 7H]
2025-01-04 22:59:42,550 - Boss: Rank: 12 | Suit C | Attack 4 | Health 8
2025-01-04 22:59:42,550 - Tavern: [4H, AC, 8H, TD, 2D, 3C, 9D, 5S, 8C, 4D, JS]
2025-01-04 22:59:42,550 - Castle: [KH, KD, KS, KC, QH, QS]
2025-01-04 22:59:42,550 - Discard: [TC, 9C, 2S, JC, 3S, AH, AD, 8D, 2H, 6S, 5D, 4S, 9S, 2C, 3H, TS, QD, 8S, 5H, 4C, 6H, 7C, 9H, 5C]
2025-01-04 22:59:42,550 - Active Player: 1
2025-01-04 22:59:42,550 - STATE LOG: END
2025-01-04 22:59:42,850 - STATE LOG: BEGIN
2025-01-04 22:59:42,850 - Noah's Hand: [6C, 6D, 7S]
2025-01-04 22:59:42,850 - Eve's Hand: [3D, 7D, 7H]
2025-01-04 22:59:42,850 - Boss: Rank: 12 | Suit C | Attack 4 | Health 8
2025-01-04 22:59:42,850 - Tavern: [4H, AC, 8H, TD, 2D, 3C, 9D, 5S, 8C, 4D, JS]
2025-01-04 22:59:42,850 - Castle: [KH, KD, KS, KC, QH, QS]
2025-01-04 22:59:42,850 - Discard: [TC, 9C, 2S, JC, 3S, AH, AD, 8D, 2H, 6S, 5D, 4S, 9S, 2C, 3H, TS, QD, 8S, 5H, 4C, 6H, 7C, 9H, 5C, JH]
2025-01-04 22:59:42,850 - Active Player: 2
2025-01-04 22:59:42,850 - STATE LOG: END
2025-01-04 22:59:43,127 - STATE LOG: BEGIN
2025-01-04 22:59:43,127 - Noah's Hand: [6C, 6D, 7S]
2025-01-04 22:59:43,127 - Eve's Hand: []
2025-01-04 22:59:43,127 - Boss: Rank: 12 | Suit C | Attack 4 | Health 1
2025-01-04 22:59:43,127 - Tavern: [JC, 9H, 9C, 6S, 8D, 4S, QD, 4H, AC, 8H, TD, 2D, 3C, 9D, 5S, 8C, 4D, JS]
2025-01-04 22:59:43,127 - Castle: [KH, KD, KS, KC, QH, QS]
2025-01-04 22:59:43,127 - Discard: [TS, 9S, 2H, JH, AH, 3S, 7C, 2S, 6H, 5D, 5H, TC, 4C, 5C, 8S, 2C, AD, 3H, 3D, 7D]
2025-01-04 22:59:43,127 - Active Player: 1
2025-01-04 22:59:43,127 - STATE LOG: END
