2025-01-04 15:58:30,764 - I log states! :D
2025-01-04 15:58:30,764 - STATE LOG: BEGIN
2025-01-04 15:58:30,764 - Noah's Hand: [4D, 2D, 4S, TC, 8C, 6H, 9C]
2025-01-04 15:58:30,765 - Eve's Hand: [9D, 4C, 5S, 8D, 3D, 3H, TH]
2025-01-04 15:58:30,765 - Boss: Rank: 11 | Suit S | Attack 10 | Health 20
2025-01-04 15:58:30,765 - Tavern: [2S, 4H, 6D, TS, 2C, 2H, 7C, 7D, 5C, 3S, AH, 5D, 5H, 6S, AS, AD, 7H, 9H, 7S, 3C, 8S, 9S, TD, 8H, AC, 6C]
2025-01-04 15:58:30,765 - Castle: [KS, KD, KC, KH, QS, QC, QD, QH, JD, JC, JH]
2025-01-04 15:58:30,765 - Discard: []
2025-01-04 15:58:30,765 - Active Player: 1
2025-01-04 15:58:30,765 - STATE LOG: END
2025-01-04 15:58:30,854 - STATE LOG: BEGIN
2025-01-04 15:58:30,854 - Noah's Hand: [2D, 4D, 4S, 6H, 8C]
2025-01-04 15:58:30,854 - Eve's Hand: [9D, 4C, 5S, 8D, 3D, 3H, TH]
2025-01-04 15:58:30,854 - Boss: Rank: 11 | Suit S | Attack 10 | Health 2
2025-01-04 15:58:30,854 - Tavern: [2S, 4H, 6D, TS, 2C, 2H, 7C, 7D, 5C, 3S, AH, 5D, 5H, 6S, AS, AD, 7H, 9H, 7S, 3C, 8S, 9S, TD, 8H, AC, 6C]
2025-01-04 15:58:30,854 - Castle: [KS, KD, KC, KH, QS, QC, QD, QH, JD, JC, JH]
2025-01-04 15:58:30,854 - Discard: [TC]
2025-01-04 15:58:30,854 - Active Player: 2
2025-01-04 15:58:30,854 - STATE LOG: END
2025-01-04 15:58:30,927 - STATE LOG: BEGIN
2025-01-04 15:58:30,927 - Noah's Hand: [2D, 4D, 4S, 6H, 8C, AC, 8H]
2025-01-04 15:58:30,927 - Eve's Hand: [3H, 4C, 5S, 8D, 9D, TH, 6C]
2025-01-04 15:58:30,927 - Boss: Rank: 11 | Suit H | Attack 10 | Health 20
2025-01-04 15:58:30,927 - Tavern: [2S, 4H, 6D, TS, 2C, 2H, 7C, 7D, 5C, 3S, AH, 5D, 5H, 6S, AS, AD, 7H, 9H, 7S, 3C, 8S, 9S, TD]
2025-01-04 15:58:30,927 - Castle: [KS, KD, KC, KH, QS, QC, QD, QH, JD, JC]
2025-01-04 15:58:30,927 - Discard: [TC, 9C, 3D, JS]
2025-01-04 15:58:30,927 - Active Player: 2
2025-01-04 15:58:30,928 - STATE LOG: END
2025-01-04 15:58:30,993 - STATE LOG: BEGIN
2025-01-04 15:58:30,993 - Noah's Hand: [2D, 4D, 4S, 6H, 8C, AC, 8H]
2025-01-04 15:58:30,993 - Eve's Hand: [3H, 4C, 5S, 6C, 8D, 9D]
2025-01-04 15:58:30,993 - Boss: Rank: 11 | Suit H | Attack 10 | Health 20
2025-01-04 15:58:30,993 - Tavern: [2S, 4H, 6D, TS, 2C, 2H, 7C, 7D, 5C, 3S, AH, 5D, 5H, 6S, AS, AD, 7H, 9H, 7S, 3C, 8S, 9S, TD]
2025-01-04 15:58:30,993 - Castle: [KS, KD, KC, KH, QS, QC, QD, QH, JD, JC]
2025-01-04 15:58:30,993 - Discard: [TC, 9C, 3D, JS, TH]
2025-01-04 15:58:30,993 - Active Player: 1
2025-01-04 15:58:30,994 - STATE LOG: END
2025-01-04 15:58:31,086 - STATE LOG: BEGIN
2025-01-04 15:58:31,086 - Noah's Hand: [AC, 2D, 4D, 4S]
2025-01-04 15:58:31,086 - Eve's Hand: [3H, 4C, 5S, 6C, 8D, 9D]
2025-01-04 15:58:31,086 - Boss: Rank: 11 | Suit H | Attack 10 | Health 14
2025-01-04 15:58:31,086 - Tavern: [2S, 4H, 6D, TS, 2C, 2H, 7C, 7D, 5C, 3S, AH, 5D, 5H, 6S, AS, AD, 7H, 9H, 7S, 3C, 8S, 9S, TD]
2025-01-04 15:58:31,086 - Castle: [KS, KD, KC, KH, QS, QC, QD, QH, JD, JC]
2025-01-04 15:58:31,086 - Discard: [TC, 9C, 3D, JS, TH, 8H, 8C]
2025-01-04 15:58:31,086 - Active Player: 2
2025-01-04 15:58:31,086 - STATE LOG: END
2025-01-04 15:58:31,144 - STATE LOG: BEGIN
2025-01-04 15:58:31,144 - Noah's Hand: [AC, 2D, 4D, 4S]
2025-01-04 15:58:31,144 - Eve's Hand: [3H, 4C, 6C, 8D]
2025-01-04 15:58:31,144 - Boss: Rank: 11 | Suit H | Attack 5 | Health 9
2025-01-04 15:58:31,144 - Tavern: [2S, 4H, 6D, TS, 2C, 2H, 7C, 7D, 5C, 3S, AH, 5D, 5H, 6S, AS, AD, 7H, 9H, 7S, 3C, 8S, 9S, TD]
2025-01-04 15:58:31,144 - Castle: [KS, KD, KC, KH, QS, QC, QD, QH, JD, JC]
2025-01-04 15:58:31,144 - Discard: [TC, 9C, 3D, JS, TH, 8H, 8C, 9D]
2025-01-04 15:58:31,144 - Active Player: 1
2025-01-04 15:58:31,144 - STATE LOG: END
2025-01-04 15:58:31,178 - STATE LOG: BEGIN
2025-01-04 15:58:31,178 - Noah's Hand: [4D, 4S, TD]
2025-01-04 15:58:31,178 - Eve's Hand: [3H, 4C, 6C, 8D, 9S]
2025-01-04 15:58:31,178 - Boss: Rank: 11 | Suit H | Attack 5 | Health 3
2025-01-04 15:58:31,178 - Tavern: [2S, 4H, 6D, TS, 2C, 2H, 7C, 7D, 5C, 3S, AH, 5D, 5H, 6S, AS, AD, 7H, 9H, 7S, 3C]
2025-01-04 15:58:31,178 - Castle: [KS, KD, KC, KH, QS, QC, QD, QH, JD, JC]
2025-01-04 15:58:31,178 - Discard: [TC, 9C, 3D, JS, TH, 8H, 8C, 9D, 8S]
2025-01-04 15:58:31,178 - Active Player: 2
2025-01-04 15:58:31,178 - STATE LOG: END
2025-01-04 15:58:31,239 - STATE LOG: BEGIN
2025-01-04 15:58:31,239 - Noah's Hand: [4D, 4S, TD, 7S, 7H, AS, 6S]
2025-01-04 15:58:31,239 - Eve's Hand: [3H, 4C, 6C, 9S, 3C, 9H, AD]
2025-01-04 15:58:31,239 - Boss: Rank: 11 | Suit C | Attack 10 | Health 20
2025-01-04 15:58:31,239 - Tavern: [2S, 4H, 6D, TS, 2C, 2H, 7C, 7D, 5C, 3S, AH, 5D, 5H]
2025-01-04 15:58:31,239 - Castle: [KS, KD, KC, KH, QS, QC, QD, QH, JD]
2025-01-04 15:58:31,239 - Discard: [TC, 9C, 3D, JS, TH, 8H, 8C, 9D, 8S, 6H, AC, 2D, 5S, 8D, JH]
2025-01-04 15:58:31,239 - Active Player: 2
2025-01-04 15:58:31,239 - STATE LOG: END
2025-01-04 15:58:31,310 - STATE LOG: BEGIN
2025-01-04 15:58:31,310 - Noah's Hand: [4D, 4S, TD, 7S, 7H, AS, 6S]
2025-01-04 15:58:31,310 - Eve's Hand: [AD, 3C, 3H, 4C, 6C]
2025-01-04 15:58:31,311 - Boss: Rank: 11 | Suit C | Attack 1 | Health 11
2025-01-04 15:58:31,311 - Tavern: [2S, 4H, 6D, TS, 2C, 2H, 7C, 7D, 5C, 3S, AH, 5D, 5H]
2025-01-04 15:58:31,311 - Castle: [KS, KD, KC, KH, QS, QC, QD, QH, JD]
2025-01-04 15:58:31,311 - Discard: [TC, 9C, 3D, JS, TH, 8H, 8C, 9D, 8S, 6H, AC, 2D, 5S, 8D, JH, 9H]
2025-01-04 15:58:31,311 - Active Player: 1
2025-01-04 15:58:31,311 - STATE LOG: END
2025-01-04 15:58:31,379 - STATE LOG: BEGIN
2025-01-04 15:58:31,379 - Noah's Hand: [AS, 4S, 6S, 7H, 7S, TD]
2025-01-04 15:58:31,379 - Eve's Hand: [AD, 3C, 3H, 4C, 6C, 5D, AH]
2025-01-04 15:58:31,379 - Boss: Rank: 11 | Suit C | Attack 1 | Health 7
2025-01-04 15:58:31,379 - Tavern: [2S, 4H, 6D, TS, 2C, 2H, 7C, 7D, 5C, 3S]
2025-01-04 15:58:31,379 - Castle: [KS, KD, KC, KH, QS, QC, QD, QH, JD]
2025-01-04 15:58:31,379 - Discard: [TC, 9C, 3D, JS, TH, 8H, 8C, 9D, 8S, 6H, AC, 2D, 5S, 8D, JH, 9H, 5H]
2025-01-04 15:58:31,379 - Active Player: 2
2025-01-04 15:58:31,379 - STATE LOG: END
2025-01-04 15:58:31,477 - STATE LOG: BEGIN
2025-01-04 15:58:31,477 - Noah's Hand: [AS, 4S, 6S, 7H, 7S, TD]
2025-01-04 15:58:31,477 - Eve's Hand: [AD, AH, 3C, 3H, 5D]
2025-01-04 15:58:31,477 - Boss: Rank: 11 | Suit C | Attack 1 | Health 3
2025-01-04 15:58:31,477 - Tavern: [2S, 4H, 6D, TS, 2C, 2H, 7C, 7D, 5C, 3S]
2025-01-04 15:58:31,477 - Castle: [KS, KD, KC, KH, QS, QC, QD, QH, JD]
2025-01-04 15:58:31,477 - Discard: [TC, 9C, 3D, JS, TH, 8H, 8C, 9D, 8S, 6H, AC, 2D, 5S, 8D, JH, 9H, 5H, 6C]
2025-01-04 15:58:31,477 - Active Player: 1
2025-01-04 15:58:31,477 - STATE LOG: END
2025-01-04 15:58:31,541 - STATE LOG: BEGIN
2025-01-04 15:58:31,541 - Noah's Hand: [AS, 4S, 6S, 7H, 7S, 3S, 7D]
2025-01-04 15:58:31,541 - Eve's Hand: [AD, AH, 3C, 3H, 5D, 5C, 7C]
2025-01-04 15:58:31,541 - Boss: Rank: 11 | Suit D | Attack 10 | Health 20
2025-01-04 15:58:31,541 - Tavern: [2S, 4H, 6D, TS, 2C, 2H]
2025-01-04 15:58:31,542 - Castle: [KS, KD, KC, KH, QS, QC, QD, QH]
2025-01-04 15:58:31,542 - Discard: [TC, 9C, 3D, JS, TH, 8H, 8C, 9D, 8S, 6H, AC, 2D, 5S, 8D, JH, 9H, 5H, 6C, 4D, TD, 9S, 4C, JC]
2025-01-04 15:58:31,542 - Active Player: 1
2025-01-04 15:58:31,542 - STATE LOG: END
2025-01-04 15:58:31,606 - STATE LOG: BEGIN
2025-01-04 15:58:31,606 - Noah's Hand: [AS, 3S, 4S, 6S, 7D]
2025-01-04 15:58:31,606 - Eve's Hand: [AD, AH, 3C, 3H, 5D, 5C, 7C]
2025-01-04 15:58:31,606 - Boss: Rank: 11 | Suit D | Attack 3 | Health 13
2025-01-04 15:58:31,606 - Tavern: [2S, 4H, 6D, TS, 2C, 2H]
2025-01-04 15:58:31,606 - Castle: [KS, KD, KC, KH, QS, QC, QD, QH]
2025-01-04 15:58:31,606 - Discard: [TC, 9C, 3D, JS, TH, 8H, 8C, 9D, 8S, 6H, AC, 2D, 5S, 8D, JH, 9H, 5H, 6C, 4D, TD, 9S, 4C, JC, 7H]
2025-01-04 15:58:31,606 - Active Player: 2
2025-01-04 15:58:31,606 - STATE LOG: END
2025-01-04 15:58:31,663 - STATE LOG: BEGIN
2025-01-04 15:58:31,663 - Noah's Hand: [AS, 3S, 4S, 6S, 7D]
2025-01-04 15:58:31,663 - Eve's Hand: [AD, 3C, 3H, 5C]
2025-01-04 15:58:31,663 - Boss: Rank: 11 | Suit D | Attack 3 | Health 7
2025-01-04 15:58:31,663 - Tavern: [JH, 5S, 4D, 8C, AC, 7H, 2S, 4H, 6D, TS, 2C, 2H]
2025-01-04 15:58:31,663 - Castle: [KS, KD, KC, KH, QS, QC, QD, QH]
2025-01-04 15:58:31,664 - Discard: [9C, TC, 9S, JS, JC, 3D, 2D, 6C, 5H, 9H, 9D, 6H, 8S, 8H, 4C, 8D, TH, TD, 7C]
2025-01-04 15:58:31,664 - Active Player: 1
2025-01-04 15:58:31,664 - STATE LOG: END
2025-01-04 15:58:31,715 - STATE LOG: BEGIN
2025-01-04 15:58:31,715 - Noah's Hand: [AS, 4S, 6S, 7D]
2025-01-04 15:58:31,715 - Eve's Hand: [AD, 3C, 3H, 5C]
2025-01-04 15:58:31,715 - Boss: Rank: 11 | Suit D | Attack 0 | Health 4
2025-01-04 15:58:31,715 - Tavern: [JH, 5S, 4D, 8C, AC, 7H, 2S, 4H, 6D, TS, 2C, 2H]
2025-01-04 15:58:31,715 - Castle: [KS, KD, KC, KH, QS, QC, QD, QH]
2025-01-04 15:58:31,715 - Discard: [9C, TC, 9S, JS, JC, 3D, 2D, 6C, 5H, 9H, 9D, 6H, 8S, 8H, 4C, 8D, TH, TD, 7C]
2025-01-04 15:58:31,715 - Active Player: 2
2025-01-04 15:58:31,715 - STATE LOG: END
2025-01-04 15:58:31,787 - STATE LOG: BEGIN
2025-01-04 15:58:31,787 - Noah's Hand: [AS, 4S, 6S, 7D]
2025-01-04 15:58:31,787 - Eve's Hand: [3C, 3H, 5C]
2025-01-04 15:58:31,787 - Boss: Rank: 11 | Suit D | Attack 0 | Health 3
2025-01-04 15:58:31,787 - Tavern: [JH, 5S, 4D, 8C, AC, 7H, 2S, 4H, 6D, TS, 2C, 2H]
2025-01-04 15:58:31,787 - Castle: [KS, KD, KC, KH, QS, QC, QD, QH]
2025-01-04 15:58:31,787 - Discard: [9C, TC, 9S, JS, JC, 3D, 2D, 6C, 5H, 9H, 9D, 6H, 8S, 8H, 4C, 8D, TH, TD, 7C]
2025-01-04 15:58:31,787 - Active Player: 1
2025-01-04 15:58:31,787 - STATE LOG: END
2025-01-04 15:58:31,822 - STATE LOG: BEGIN
2025-01-04 15:58:31,822 - Noah's Hand: [4S, 6S, 7D]
2025-01-04 15:58:31,822 - Eve's Hand: [3C, 3H, 5C]
2025-01-04 15:58:31,822 - Boss: Rank: 11 | Suit D | Attack 0 | Health 2
2025-01-04 15:58:31,822 - Tavern: [JH, 5S, 4D, 8C, AC, 7H, 2S, 4H, 6D, TS, 2C, 2H]
2025-01-04 15:58:31,822 - Castle: [KS, KD, KC, KH, QS, QC, QD, QH]
2025-01-04 15:58:31,822 - Discard: [9C, TC, 9S, JS, JC, 3D, 2D, 6C, 5H, 9H, 9D, 6H, 8S, 8H, 4C, 8D, TH, TD, 7C]
2025-01-04 15:58:31,822 - Active Player: 2
2025-01-04 15:58:31,822 - STATE LOG: END
2025-01-04 15:58:31,841 - STATE LOG: BEGIN
2025-01-04 15:58:31,841 - Noah's Hand: [4S, 6S, 7D]
2025-01-04 15:58:31,841 - Eve's Hand: [3C, 3H, 5C]
2025-01-04 15:58:31,841 - Boss: Rank: 11 | Suit D | Attack 0 | Health 2
2025-01-04 15:58:31,841 - Tavern: [JH, 5S, 4D, 8C, AC, 7H, 2S, 4H, 6D, TS, 2C, 2H]
2025-01-04 15:58:31,841 - Castle: [KS, KD, KC, KH, QS, QC, QD, QH]
2025-01-04 15:58:31,841 - Discard: [9C, TC, 9S, JS, JC, 3D, 2D, 6C, 5H, 9H, 9D, 6H, 8S, 8H, 4C, 8D, TH, TD, 7C]
2025-01-04 15:58:31,841 - Active Player: 1
2025-01-04 15:58:31,841 - STATE LOG: END
2025-01-04 15:58:31,856 - STATE LOG: BEGIN
2025-01-04 15:58:31,856 - Noah's Hand: [4S, 6S]
2025-01-04 15:58:31,856 - Eve's Hand: [3C, 3H, 5C]
2025-01-04 15:58:31,856 - Boss: Rank: 12 | Suit H | Attack 15 | Health 30
2025-01-04 15:58:31,856 - Tavern: [JH, 5S, 4D, 8C, AC, 7H, 2S, 4H, 6D, TS, 2C, 2H]
2025-01-04 15:58:31,856 - Castle: [KS, KD, KC, KH, QS, QC, QD]
2025-01-04 15:58:31,856 - Discard: [9C, TC, 9S, JS, JC, 3D, 2D, 6C, 5H, 9H, 9D, 6H, 8S, 8H, 4C, 8D, TH, TD, 7C, 7S, 3S, AS, 7D, AH, 5D, AD, JD]
2025-01-04 15:58:31,857 - Active Player: 1
2025-01-04 15:58:31,857 - STATE LOG: END
2025-01-04 15:58:31,860 - STATE LOG: BEGIN
2025-01-04 15:58:31,860 - Noah's Hand: [4S, 6S]
2025-01-04 15:58:31,860 - Eve's Hand: [3C, 3H, 5C]
2025-01-04 15:58:31,860 - Boss: Rank: 12 | Suit H | Attack 15 | Health 30
2025-01-04 15:58:31,860 - Tavern: [JH, 5S, 4D, 8C, AC, 7H, 2S, 4H, 6D, TS, 2C, 2H]
2025-01-04 15:58:31,860 - Castle: [KS, KD, KC, KH, QS, QC, QD]
2025-01-04 15:58:31,860 - Discard: [9C, TC, 9S, JS, JC, 3D, 2D, 6C, 5H, 9H, 9D, 6H, 8S, 8H, 4C, 8D, TH, TD, 7C, 7S, 3S, AS, 7D, AH, 5D, AD, JD]
2025-01-04 15:58:31,860 - Active Player: 2
2025-01-04 15:58:31,860 - STATE LOG: END
