2025-01-04 21:58:51,948 - I log states! :D
2025-01-04 21:58:51,948 - STATE LOG: BEGIN
2025-01-04 21:58:51,948 - Noah's Hand: [5S, 4S, 5C, AD, 2S, 9S, 7C]
2025-01-04 21:58:51,948 - Eve's Hand: [6D, 2C, 8C, 6H, 8H, 4H, 7S]
2025-01-04 21:58:51,948 - Boss: Rank: 11 | Suit C | Attack 10 | Health 20
2025-01-04 21:58:51,948 - Tavern: [8D, TC, 3D, AS, 7H, 2D, 9C, 5D, TH, 3C, TS, 5H, AC, 4D, 6S, 8S, 9D, 2H, 3S, AH, 6C, 9H, 4C, 3H, 7D, TD]
2025-01-04 21:58:51,948 - Castle: [KH, KD, KC, KS, QS, QH, QC, QD, JD, JS, JH]
2025-01-04 21:58:51,948 - Discard: []
2025-01-04 21:58:51,948 - Active Player: 1
2025-01-04 21:58:51,948 - STATE LOG: END
2025-01-04 21:58:53,280 - STATE LOG: BEGIN
2025-01-04 21:58:53,281 - Noah's Hand: [2S, 4S, 5C, 5S, 7C, TD, 7D]
2025-01-04 21:58:53,281 - Eve's Hand: [6D, 2C, 8C, 6H, 8H, 4H, 7S]
2025-01-04 21:58:53,281 - Boss: Rank: 11 | Suit C | Attack 0 | Health 10
2025-01-04 21:58:53,281 - Tavern: [8D, TC, 3D, AS, 7H, 2D, 9C, 5D, TH, 3C, TS, 5H, AC, 4D, 6S, 8S, 9D, 2H, 3S, AH, 6C, 9H, 4C, 3H]
2025-01-04 21:58:53,281 - Castle: [KH, KD, KC, KS, QS, QH, QC, QD, JD, JS, JH]
2025-01-04 21:58:53,281 - Discard: []
2025-01-04 21:58:53,281 - Active Player: 2
2025-01-04 21:58:53,281 - STATE LOG: END
2025-01-04 21:58:54,541 - STATE LOG: BEGIN
2025-01-04 21:58:54,541 - Noah's Hand: [2S, 4S, 5C, 5S, 7C, TD, 7D]
2025-01-04 21:58:54,541 - Eve's Hand: [2C, 4H, 6D, 6H, 7S, 8C, 8H]
2025-01-04 21:58:54,541 - Boss: Rank: 11 | Suit C | Attack 0 | Health 10
2025-01-04 21:58:54,541 - Tavern: [8D, TC, 3D, AS, 7H, 2D, 9C, 5D, TH, 3C, TS, 5H, AC, 4D, 6S, 8S, 9D, 2H, 3S, AH, 6C, 9H, 4C, 3H]
2025-01-04 21:58:54,541 - Castle: [KH, KD, KC, KS, QS, QH, QC, QD, JD, JS, JH]
2025-01-04 21:58:54,541 - Discard: []
2025-01-04 21:58:54,541 - Active Player: 1
2025-01-04 21:58:54,541 - STATE LOG: END
2025-01-04 21:58:55,801 - STATE LOG: BEGIN
2025-01-04 21:58:55,801 - Noah's Hand: [2S, 4S, 5S, 7C, 7D, TD]
2025-01-04 21:58:55,801 - Eve's Hand: [2C, 4H, 6D, 6H, 7S, 8C, 8H]
2025-01-04 21:58:55,801 - Boss: Rank: 11 | Suit C | Attack 0 | Health 5
2025-01-04 21:58:55,801 - Tavern: [8D, TC, 3D, AS, 7H, 2D, 9C, 5D, TH, 3C, TS, 5H, AC, 4D, 6S, 8S, 9D, 2H, 3S, AH, 6C, 9H, 4C, 3H]
2025-01-04 21:58:55,801 - Castle: [KH, KD, KC, KS, QS, QH, QC, QD, JD, JS, JH]
2025-01-04 21:58:55,801 - Discard: []
2025-01-04 21:58:55,801 - Active Player: 2
2025-01-04 21:58:55,801 - STATE LOG: END
2025-01-04 21:58:57,093 - STATE LOG: BEGIN
2025-01-04 21:58:57,093 - Noah's Hand: [2S, 4S, 5S, 7C, 7D, TD]
2025-01-04 21:58:57,093 - Eve's Hand: [4H, 6D, 6H, 7S, 8C, 8H]
2025-01-04 21:58:57,093 - Boss: Rank: 11 | Suit C | Attack 0 | Health 3
2025-01-04 21:58:57,093 - Tavern: [8D, TC, 3D, AS, 7H, 2D, 9C, 5D, TH, 3C, TS, 5H, AC, 4D, 6S, 8S, 9D, 2H, 3S, AH, 6C, 9H, 4C, 3H]
2025-01-04 21:58:57,093 - Castle: [KH, KD, KC, KS, QS, QH, QC, QD, JD, JS, JH]
2025-01-04 21:58:57,093 - Discard: []
2025-01-04 21:58:57,093 - Active Player: 1
2025-01-04 21:58:57,093 - STATE LOG: END
2025-01-04 21:58:58,418 - STATE LOG: BEGIN
2025-01-04 21:58:58,418 - Noah's Hand: [4S, 5S, 7C, 7D, TD]
2025-01-04 21:58:58,418 - Eve's Hand: [4H, 6D, 6H, 7S, 8C, 8H]
2025-01-04 21:58:58,418 - Boss: Rank: 11 | Suit C | Attack 0 | Health 1
2025-01-04 21:58:58,418 - Tavern: [8D, TC, 3D, AS, 7H, 2D, 9C, 5D, TH, 3C, TS, 5H, AC, 4D, 6S, 8S, 9D, 2H, 3S, AH, 6C, 9H, 4C, 3H]
2025-01-04 21:58:58,418 - Castle: [KH, KD, KC, KS, QS, QH, QC, QD, JD, JS, JH]
2025-01-04 21:58:58,418 - Discard: []
2025-01-04 21:58:58,418 - Active Player: 2
2025-01-04 21:58:58,418 - STATE LOG: END
2025-01-04 21:58:59,756 - STATE LOG: BEGIN
2025-01-04 21:58:59,756 - Noah's Hand: [4S, 5S, 7C, 7D, TD]
2025-01-04 21:58:59,756 - Eve's Hand: [4H, 6D, 6H, 7S, 8C, 8H]
2025-01-04 21:58:59,756 - Boss: Rank: 11 | Suit C | Attack 0 | Health 1
2025-01-04 21:58:59,756 - Tavern: [8D, TC, 3D, AS, 7H, 2D, 9C, 5D, TH, 3C, TS, 5H, AC, 4D, 6S, 8S, 9D, 2H, 3S, AH, 6C, 9H, 4C, 3H]
2025-01-04 21:58:59,756 - Castle: [KH, KD, KC, KS, QS, QH, QC, QD, JD, JS, JH]
2025-01-04 21:58:59,756 - Discard: []
2025-01-04 21:58:59,756 - Active Player: 1
2025-01-04 21:58:59,756 - STATE LOG: END
2025-01-04 21:59:01,101 - STATE LOG: BEGIN
2025-01-04 21:59:01,101 - Noah's Hand: [4S, 5S, 7C, TD, 3H, 9H, 6C]
2025-01-04 21:59:01,101 - Eve's Hand: [4H, 6D, 6H, 7S, 8C, 8H, 4C]
2025-01-04 21:59:01,101 - Boss: Rank: 11 | Suit H | Attack 10 | Health 20
2025-01-04 21:59:01,101 - Tavern: [8D, TC, 3D, AS, 7H, 2D, 9C, 5D, TH, 3C, TS, 5H, AC, 4D, 6S, 8S, 9D, 2H, 3S, AH]
2025-01-04 21:59:01,101 - Castle: [KH, KD, KC, KS, QS, QH, QC, QD, JD, JS]
2025-01-04 21:59:01,102 - Discard: [AD, 9S, 5C, 2S, 7D, 2C, JC]
2025-01-04 21:59:01,102 - Active Player: 1
2025-01-04 21:59:01,102 - STATE LOG: END
2025-01-04 21:59:02,390 - STATE LOG: BEGIN
2025-01-04 21:59:02,390 - Noah's Hand: [5S, 7C, 9H, TD]
2025-01-04 21:59:02,390 - Eve's Hand: [4H, 6D, 6H, 7S, 8C, 8H, 4C]
2025-01-04 21:59:02,390 - Boss: Rank: 11 | Suit H | Attack 10 | Health 20
2025-01-04 21:59:02,390 - Tavern: [8D, TC, 3D, AS, 7H, 2D, 9C, 5D, TH, 3C, TS, 5H, AC, 4D, 6S, 8S, 9D, 2H, 3S, AH]
2025-01-04 21:59:02,390 - Castle: [KH, KD, KC, KS, QS, QH, QC, QD, JD, JS]
2025-01-04 21:59:02,390 - Discard: [AD, 9S, 5C, 2S, 7D, 2C, JC, 6C, 3H, 4S]
2025-01-04 21:59:02,390 - Active Player: 2
2025-01-04 21:59:02,390 - STATE LOG: END
2025-01-04 21:59:03,727 - STATE LOG: BEGIN
2025-01-04 21:59:03,727 - Noah's Hand: [5S, 7C, 9H, TD, 3S, 2H, 9D]
2025-01-04 21:59:03,727 - Eve's Hand: [4C, 4H, 8C, 8H]
2025-01-04 21:59:03,727 - Boss: Rank: 11 | Suit H | Attack 10 | Health 14
2025-01-04 21:59:03,727 - Tavern: [8D, TC, 3D, AS, 7H, 2D, 9C, 5D, TH, 3C, TS, 5H, AC, 4D, 6S, 8S]
2025-01-04 21:59:03,727 - Castle: [KH, KD, KC, KS, QS, QH, QC, QD, JD, JS]
2025-01-04 21:59:03,727 - Discard: [AD, 9S, 5C, 2S, 7D, 2C, JC, 6C, 3H, 4S, AH, 6H, 7S]
2025-01-04 21:59:03,727 - Active Player: 1
2025-01-04 21:59:03,727 - STATE LOG: END
2025-01-04 21:59:04,477 - STATE LOG: BEGIN
2025-01-04 21:59:04,477 - Noah's Hand: [2H, 5S, 9D, 9H, 8S]
2025-01-04 21:59:04,477 - Eve's Hand: [4C, 4H, 8C, 8H, 6S, 4D, AC]
2025-01-04 21:59:04,477 - Boss: Rank: 11 | Suit H | Attack 10 | Health 4
2025-01-04 21:59:04,477 - Tavern: [8D, TC, 3D, AS, 7H, 2D, 9C, 5D, TH, 3C, TS, 5H]
2025-01-04 21:59:04,477 - Castle: [KH, KD, KC, KS, QS, QH, QC, QD, JD, JS]
2025-01-04 21:59:04,477 - Discard: [AD, 9S, 5C, 2S, 7D, 2C, JC, 6C, 3H, 4S, AH, 6H, 7S, 7C, 3S]
2025-01-04 21:59:04,477 - Active Player: 2
2025-01-04 21:59:04,477 - STATE LOG: END
2025-01-04 21:59:05,835 - STATE LOG: BEGIN
2025-01-04 21:59:05,835 - Noah's Hand: [2H, 5S, 9D, 9H, 8S]
2025-01-04 21:59:05,835 - Eve's Hand: [4C, 4D, 6S, 8C]
2025-01-04 21:59:05,835 - Boss: Rank: 11 | Suit H | Attack 10 | Health 2
2025-01-04 21:59:05,835 - Tavern: [8D, TC, 3D, AS, 7H, 2D, 9C, 5D, TH, 3C, TS, 5H]
2025-01-04 21:59:05,835 - Castle: [KH, KD, KC, KS, QS, QH, QC, QD, JD, JS]
2025-01-04 21:59:05,835 - Discard: [AD, 9S, 5C, 2S, 7D, 2C, JC, 6C, 3H, 4S, AH, 6H, 7S, 7C, 3S, 8H, 4H]
2025-01-04 21:59:05,835 - Active Player: 1
2025-01-04 21:59:05,835 - STATE LOG: END
2025-01-04 21:59:07,030 - STATE LOG: BEGIN
2025-01-04 21:59:07,031 - Noah's Hand: [2H, 5S, 8S, 9H, 5H, 3C, 5D]
2025-01-04 21:59:07,031 - Eve's Hand: [4C, 4D, 6S, 8C, TS, TH, 9C]
2025-01-04 21:59:07,031 - Boss: Rank: 11 | Suit S | Attack 10 | Health 20
2025-01-04 21:59:07,031 - Tavern: [8D, TC, 3D, AS, 7H, 2D]
2025-01-04 21:59:07,031 - Castle: [KH, KD, KC, KS, QS, QH, QC, QD, JD]
2025-01-04 21:59:07,031 - Discard: [AD, 9S, 5C, 2S, 7D, 2C, JC, 6C, 3H, 4S, AH, 6H, 7S, 7C, 3S, 8H, 4H, TD, 9D, 6D, AC, JH]
2025-01-04 21:59:07,031 - Active Player: 1
2025-01-04 21:59:07,031 - STATE LOG: END
2025-01-04 21:59:08,476 - STATE LOG: BEGIN
2025-01-04 21:59:08,476 - Noah's Hand: [2H, 5D, 5H, 8S]
2025-01-04 21:59:08,476 - Eve's Hand: [4C, 4D, 6S, 8C, TS, TH, 9C]
2025-01-04 21:59:08,476 - Boss: Rank: 11 | Suit S | Attack 10 | Health 20
2025-01-04 21:59:08,476 - Tavern: [8D, TC, 3D, AS, 7H, 2D]
2025-01-04 21:59:08,476 - Castle: [KH, KD, KC, KS, QS, QH, QC, QD, JD]
2025-01-04 21:59:08,476 - Discard: [AD, 9S, 5C, 2S, 7D, 2C, JC, 6C, 3H, 4S, AH, 6H, 7S, 7C, 3S, 8H, 4H, TD, 9D, 6D, AC, JH, 3C, 5S, 9H]
2025-01-04 21:59:08,476 - Active Player: 2
2025-01-04 21:59:08,476 - STATE LOG: END
2025-01-04 21:59:09,703 - STATE LOG: BEGIN
2025-01-04 21:59:09,703 - Noah's Hand: [2H, 5D, 5H, 8S, 7H, AS, 3D]
2025-01-04 21:59:09,703 - Eve's Hand: [4C, 6S, 8C, 9C, TH, 2D]
2025-01-04 21:59:09,703 - Boss: Rank: 11 | Suit S | Attack 10 | Health 16
2025-01-04 21:59:09,703 - Tavern: [8D, TC]
2025-01-04 21:59:09,703 - Castle: [KH, KD, KC, KS, QS, QH, QC, QD, JD]
2025-01-04 21:59:09,703 - Discard: [AD, 9S, 5C, 2S, 7D, 2C, JC, 6C, 3H, 4S, AH, 6H, 7S, 7C, 3S, 8H, 4H, TD, 9D, 6D, AC, JH, 3C, 5S, 9H, TS]
2025-01-04 21:59:09,703 - Active Player: 1
2025-01-04 21:59:09,703 - STATE LOG: END
2025-01-04 21:59:10,978 - STATE LOG: BEGIN
2025-01-04 21:59:10,978 - Noah's Hand: [AS, 2H, 5D, 7H, TC]
2025-01-04 21:59:10,978 - Eve's Hand: [4C, 6S, 8C, 9C, TH, 2D, 8D]
2025-01-04 21:59:10,978 - Boss: Rank: 11 | Suit S | Attack 10 | Health 13
2025-01-04 21:59:10,978 - Tavern: []
2025-01-04 21:59:10,978 - Castle: [KH, KD, KC, KS, QS, QH, QC, QD, JD]
2025-01-04 21:59:10,978 - Discard: [AD, 9S, 5C, 2S, 7D, 2C, JC, 6C, 3H, 4S, AH, 6H, 7S, 7C, 3S, 8H, 4H, TD, 9D, 6D, AC, JH, 3C, 5S, 9H, TS, 8S, 5H]
2025-01-04 21:59:10,978 - Active Player: 2
2025-01-04 21:59:10,978 - STATE LOG: END
2025-01-04 21:59:12,031 - STATE LOG: BEGIN
2025-01-04 21:59:12,031 - Noah's Hand: [AS, 2H, 5D, 7H, TC]
2025-01-04 21:59:12,031 - Eve's Hand: [2D, 6S, 8C, 8D]
2025-01-04 21:59:12,031 - Boss: Rank: 11 | Suit S | Attack 10 | Health 3
2025-01-04 21:59:12,031 - Tavern: [6C, TS, 8S, 8H, 4H, AD, 5H, 9D, AC, 3C]
2025-01-04 21:59:12,031 - Castle: [KH, KD, KC, KS, QS, QH, QC, QD, JD]
2025-01-04 21:59:12,031 - Discard: [2C, 7D, 9H, AH, TD, 9S, 5C, 6H, 5S, 7S, 4S, 2S, 3H, 7C, JH, 3S, JC, 6D, 4C, 9C]
2025-01-04 21:59:12,031 - Active Player: 1
2025-01-04 21:59:12,031 - STATE LOG: END
2025-01-04 21:59:12,420 - STATE LOG: BEGIN
2025-01-04 21:59:12,420 - Noah's Hand: [5D, TC]
2025-01-04 21:59:12,420 - Eve's Hand: [2D, 6S, 8C, 8D]
2025-01-04 21:59:12,420 - Boss: Rank: 11 | Suit S | Attack 10 | Health 3
2025-01-04 21:59:12,420 - Tavern: [6C, TS, 8S, 8H, 4H, AD, 5H, 9D, AC, 3C]
2025-01-04 21:59:12,420 - Castle: [KH, KD, KC, KS, QS, QH, QC, QD, JD]
2025-01-04 21:59:12,420 - Discard: [2C, 7D, 9H, AH, TD, 9S, 5C, 6H, 5S, 7S, 4S, 2S, 3H, 7C, JH, 3S, JC, 6D, 4C, 9C, AS, 7H, 2H]
2025-01-04 21:59:12,420 - Active Player: 2
2025-01-04 21:59:12,420 - STATE LOG: END
2025-01-04 21:59:12,609 - STATE LOG: BEGIN
2025-01-04 21:59:12,610 - Noah's Hand: [5D, TC, AC, 5H, 4H, 8S]
2025-01-04 21:59:12,610 - Eve's Hand: [2D, 6S, 8C, 3C, 9D, AD, 8H]
2025-01-04 21:59:12,610 - Boss: Rank: 11 | Suit D | Attack 10 | Health 20
2025-01-04 21:59:12,610 - Tavern: [6C, TS]
2025-01-04 21:59:12,610 - Castle: [KH, KD, KC, KS, QS, QH, QC, QD]
2025-01-04 21:59:12,610 - Discard: [2C, 7D, 9H, AH, TD, 9S, 5C, 6H, 5S, 7S, 4S, 2S, 3H, 7C, JH, 3S, JC, 6D, 4C, 9C, AS, 7H, 2H, 3D, 4D, TH, 8D, JS]
2025-01-04 21:59:12,610 - Active Player: 2
2025-01-04 21:59:12,610 - STATE LOG: END
2025-01-04 21:59:13,807 - STATE LOG: BEGIN
2025-01-04 21:59:13,807 - Noah's Hand: [5D, TC, AC, 5H, 4H, 8S]
2025-01-04 21:59:13,807 - Eve's Hand: [2D, 8C, 8H, 9D]
2025-01-04 21:59:13,807 - Boss: Rank: 11 | Suit D | Attack 3 | Health 13
2025-01-04 21:59:13,807 - Tavern: [6C, TS]
2025-01-04 21:59:13,807 - Castle: [KH, KD, KC, KS, QS, QH, QC, QD]
2025-01-04 21:59:13,807 - Discard: [2C, 7D, 9H, AH, TD, 9S, 5C, 6H, 5S, 7S, 4S, 2S, 3H, 7C, JH, 3S, JC, 6D, 4C, 9C, AS, 7H, 2H, 3D, 4D, TH, 8D, JS, 3C]
2025-01-04 21:59:13,807 - Active Player: 1
2025-01-04 21:59:13,807 - STATE LOG: END
2025-01-04 21:59:14,454 - STATE LOG: BEGIN
2025-01-04 21:59:14,454 - Noah's Hand: [4H, 5D, 5H, TC]
2025-01-04 21:59:14,454 - Eve's Hand: [2D, 8C, 8H, 9D]
2025-01-04 21:59:14,454 - Boss: Rank: 11 | Suit D | Attack 3 | Health 11
2025-01-04 21:59:14,454 - Tavern: [6C, TS]
2025-01-04 21:59:14,454 - Castle: [KH, KD, KC, KS, QS, QH, QC, QD]
2025-01-04 21:59:14,454 - Discard: [2C, 7D, 9H, AH, TD, 9S, 5C, 6H, 5S, 7S, 4S, 2S, 3H, 7C, JH, 3S, JC, 6D, 4C, 9C, AS, 7H, 2H, 3D, 4D, TH, 8D, JS, 3C, 8S]
2025-01-04 21:59:14,454 - Active Player: 2
2025-01-04 21:59:14,454 - STATE LOG: END
2025-01-04 21:59:14,671 - STATE LOG: BEGIN
2025-01-04 21:59:14,671 - Noah's Hand: [4H, 5D, 5H, TC]
2025-01-04 21:59:14,671 - Eve's Hand: [2D, 8C, 9D]
2025-01-04 21:59:14,671 - Boss: Rank: 11 | Suit D | Attack 3 | Health 11
2025-01-04 21:59:14,671 - Tavern: [6C, TS]
2025-01-04 21:59:14,671 - Castle: [KH, KD, KC, KS, QS, QH, QC, QD]
2025-01-04 21:59:14,671 - Discard: [2C, 7D, 9H, AH, TD, 9S, 5C, 6H, 5S, 7S, 4S, 2S, 3H, 7C, JH, 3S, JC, 6D, 4C, 9C, AS, 7H, 2H, 3D, 4D, TH, 8D, JS, 3C, 8S, 8H]
2025-01-04 21:59:14,671 - Active Player: 1
2025-01-04 21:59:14,671 - STATE LOG: END
2025-01-04 21:59:14,815 - STATE LOG: BEGIN
2025-01-04 21:59:14,815 - Noah's Hand: [5D, TC]
2025-01-04 21:59:14,815 - Eve's Hand: [2D, 8C, 9D]
2025-01-04 21:59:14,815 - Boss: Rank: 11 | Suit D | Attack 3 | Health 7
2025-01-04 21:59:14,815 - Tavern: [6H, 7C, 9C, AS, 6C, TS]
2025-01-04 21:59:14,815 - Castle: [KH, KD, KC, KS, QS, QH, QC, QD]
2025-01-04 21:59:14,815 - Discard: [5S, 5C, 3C, 7S, 6D, 9S, 3S, 8H, TH, JC, JS, 8D, 3D, 9H, TD, 2C, 4S, JH, 2S, 7H, 4D, 8S, 4C, 2H, 7D, AH, 3H, 5H]
2025-01-04 21:59:14,815 - Active Player: 2
2025-01-04 21:59:14,815 - STATE LOG: END
2025-01-04 21:59:14,867 - STATE LOG: BEGIN
2025-01-04 21:59:14,868 - Noah's Hand: [5D, TC]
2025-01-04 21:59:14,868 - Eve's Hand: [9D]
2025-01-04 21:59:14,868 - Boss: Rank: 11 | Suit D | Attack 3 | Health 5
2025-01-04 21:59:14,868 - Tavern: [6H, 7C, 9C, AS, 6C, TS]
2025-01-04 21:59:14,868 - Castle: [KH, KD, KC, KS, QS, QH, QC, QD]
2025-01-04 21:59:14,868 - Discard: [5S, 5C, 3C, 7S, 6D, 9S, 3S, 8H, TH, JC, JS, 8D, 3D, 9H, TD, 2C, 4S, JH, 2S, 7H, 4D, 8S, 4C, 2H, 7D, AH, 3H, 5H, 8C]
2025-01-04 21:59:14,868 - Active Player: 1
2025-01-04 21:59:14,868 - STATE LOG: END
2025-01-04 21:59:14,885 - STATE LOG: BEGIN
2025-01-04 21:59:14,886 - Noah's Hand: [5D]
2025-01-04 21:59:14,886 - Eve's Hand: [9D]
2025-01-04 21:59:14,886 - Boss: Rank: 11 | Suit D | Attack 3 | Health 5
2025-01-04 21:59:14,886 - Tavern: [6H, 7C, 9C, AS, 6C, TS]
2025-01-04 21:59:14,886 - Castle: [KH, KD, KC, KS, QS, QH, QC, QD]
2025-01-04 21:59:14,886 - Discard: [5S, 5C, 3C, 7S, 6D, 9S, 3S, 8H, TH, JC, JS, 8D, 3D, 9H, TD, 2C, 4S, JH, 2S, 7H, 4D, 8S, 4C, 2H, 7D, AH, 3H, 5H, 8C, TC]
2025-01-04 21:59:14,886 - Active Player: 2
2025-01-04 21:59:14,886 - STATE LOG: END
2025-01-04 21:59:14,890 - STATE LOG: BEGIN
2025-01-04 21:59:14,890 - Noah's Hand: [5D]
2025-01-04 21:59:14,890 - Eve's Hand: []
2025-01-04 21:59:14,890 - Boss: Rank: 12 | Suit D | Attack 15 | Health 30
2025-01-04 21:59:14,890 - Tavern: [6H, 7C, 9C, AS, 6C, TS]
2025-01-04 21:59:14,890 - Castle: [KH, KD, KC, KS, QS, QH, QC]
2025-01-04 21:59:14,890 - Discard: [5S, 5C, 3C, 7S, 6D, 9S, 3S, 8H, TH, JC, JS, 8D, 3D, 9H, TD, 2C, 4S, JH, 2S, 7H, 4D, 8S, 4C, 2H, 7D, AH, 3H, 5H, 8C, TC, AC, 4H, AD, 6S, 2D, 9D, JD]
2025-01-04 21:59:14,890 - Active Player: 2
2025-01-04 21:59:14,890 - STATE LOG: END
2025-01-04 21:59:14,892 - STATE LOG: BEGIN
2025-01-04 21:59:14,892 - Noah's Hand: [5D]
2025-01-04 21:59:14,892 - Eve's Hand: []
2025-01-04 21:59:14,892 - Boss: Rank: 12 | Suit D | Attack 15 | Health 30
2025-01-04 21:59:14,892 - Tavern: [6H, 7C, 9C, AS, 6C, TS]
2025-01-04 21:59:14,892 - Castle: [KH, KD, KC, KS, QS, QH, QC]
2025-01-04 21:59:14,892 - Discard: [5S, 5C, 3C, 7S, 6D, 9S, 3S, 8H, TH, JC, JS, 8D, 3D, 9H, TD, 2C, 4S, JH, 2S, 7H, 4D, 8S, 4C, 2H, 7D, AH, 3H, 5H, 8C, TC, AC, 4H, AD, 6S, 2D, 9D, JD]
2025-01-04 21:59:14,892 - Active Player: 1
2025-01-04 21:59:14,892 - STATE LOG: END
