2025-01-04 03:37:07,473 - I log states! :D
2025-01-04 03:37:07,473 - STATE LOG: BEGIN
2025-01-04 03:37:07,473 - Noah's Hand: [9H, TD, 4C, 9S, 7C, 3C, TS]
2025-01-04 03:37:07,473 - Eve's Hand: [TH, 9D, 3D, AD, 4H, 7D, 4D]
2025-01-04 03:37:07,474 - Boss: Rank: 11 | Suit C | Attack 10 | Health 20
2025-01-04 03:37:07,474 - Tavern: [6C, 4S, 6H, 3S, 6D, AS, 2H, 5D, 8H, 7H, TC, 3H, 2S, 9C, 7S, 5S, 2D, 5H, 2C, 5C, AC, 6S, 8C, 8S, 8D, AH]
2025-01-04 03:37:07,474 - Castle: [KH, KD, KC, KS, QH, QD, QS, QC, JD, JS, JH]
2025-01-04 03:37:07,474 - Discard: []
2025-01-04 03:37:07,474 - Active Player: 1
2025-01-04 03:37:07,474 - STATE LOG: END
2025-01-04 03:37:17,479 - STATE LOG: BEGIN
2025-01-04 03:37:17,479 - Noah's Hand: [3C, 4C, 7C, 9H, 9S, TD]
2025-01-04 03:37:17,479 - Eve's Hand: [TH, 9D, 3D, AD, 4H, 7D, 4D]
2025-01-04 03:37:17,479 - Boss: Rank: 11 | Suit C | Attack 0 | Health 10
2025-01-04 03:37:17,479 - Tavern: [6C, 4S, 6H, 3S, 6D, AS, 2H, 5D, 8H, 7H, TC, 3H, 2S, 9C, 7S, 5S, 2D, 5H, 2C, 5C, AC, 6S, 8C, 8S, 8D, AH]
2025-01-04 03:37:17,479 - Castle: [KH, KD, KC, KS, QH, QD, QS, QC, JD, JS, JH]
2025-01-04 03:37:17,479 - Discard: []
2025-01-04 03:37:17,479 - Active Player: 2
2025-01-04 03:37:17,479 - STATE LOG: END
2025-01-04 03:37:27,480 - STATE LOG: BEGIN
2025-01-04 03:37:27,481 - Noah's Hand: [3C, 4C, 7C, 9H, 9S, TD, 8D]
2025-01-04 03:37:27,481 - Eve's Hand: [4D, 4H, 7D, 9D, TH, AH, 8S]
2025-01-04 03:37:27,481 - Boss: Rank: 11 | Suit C | Attack 0 | Health 6
2025-01-04 03:37:27,481 - Tavern: [6C, 4S, 6H, 3S, 6D, AS, 2H, 5D, 8H, 7H, TC, 3H, 2S, 9C, 7S, 5S, 2D, 5H, 2C, 5C, AC, 6S, 8C]
2025-01-04 03:37:27,481 - Castle: [KH, KD, KC, KS, QH, QD, QS, QC, JD, JS, JH]
2025-01-04 03:37:27,481 - Discard: []
2025-01-04 03:37:27,481 - Active Player: 1
2025-01-04 03:37:27,481 - STATE LOG: END
2025-01-04 03:37:37,482 - STATE LOG: BEGIN
2025-01-04 03:37:37,483 - Noah's Hand: [3C, 4C, 7C, 8D, 9H, 9S, TD]
2025-01-04 03:37:37,483 - Eve's Hand: [4D, 4H, 7D, 9D, TH, AH, 8S]
2025-01-04 03:37:37,483 - Boss: Rank: 11 | Suit C | Attack 0 | Health 6
2025-01-04 03:37:37,483 - Tavern: [6C, 4S, 6H, 3S, 6D, AS, 2H, 5D, 8H, 7H, TC, 3H, 2S, 9C, 7S, 5S, 2D, 5H, 2C, 5C, AC, 6S, 8C]
2025-01-04 03:37:37,483 - Castle: [KH, KD, KC, KS, QH, QD, QS, QC, JD, JS, JH]
2025-01-04 03:37:37,483 - Discard: []
2025-01-04 03:37:37,483 - Active Player: 2
2025-01-04 03:37:37,483 - STATE LOG: END
2025-01-04 03:37:47,483 - STATE LOG: BEGIN
2025-01-04 03:37:47,484 - Noah's Hand: [3C, 4C, 7C, 8D, 9H, 9S, TD]
2025-01-04 03:37:47,484 - Eve's Hand: [4D, 4H, 7D, 8S, 9D, TH]
2025-01-04 03:37:47,484 - Boss: Rank: 11 | Suit C | Attack 0 | Health 5
2025-01-04 03:37:47,484 - Tavern: [6C, 4S, 6H, 3S, 6D, AS, 2H, 5D, 8H, 7H, TC, 3H, 2S, 9C, 7S, 5S, 2D, 5H, 2C, 5C, AC, 6S, 8C]
2025-01-04 03:37:47,484 - Castle: [KH, KD, KC, KS, QH, QD, QS, QC, JD, JS, JH]
2025-01-04 03:37:47,484 - Discard: []
2025-01-04 03:37:47,484 - Active Player: 1
2025-01-04 03:37:47,484 - STATE LOG: END
2025-01-04 03:37:57,484 - STATE LOG: BEGIN
2025-01-04 03:37:57,485 - Noah's Hand: [3C, 4C, 7C, 8D, 9H, 9S, TD]
2025-01-04 03:37:57,485 - Eve's Hand: [4D, 4H, 7D, 8S, 9D, TH]
2025-01-04 03:37:57,485 - Boss: Rank: 11 | Suit C | Attack 0 | Health 5
2025-01-04 03:37:57,485 - Tavern: [6C, 4S, 6H, 3S, 6D, AS, 2H, 5D, 8H, 7H, TC, 3H, 2S, 9C, 7S, 5S, 2D, 5H, 2C, 5C, AC, 6S, 8C]
2025-01-04 03:37:57,485 - Castle: [KH, KD, KC, KS, QH, QD, QS, QC, JD, JS, JH]
2025-01-04 03:37:57,485 - Discard: []
2025-01-04 03:37:57,485 - Active Player: 2
2025-01-04 03:37:57,485 - STATE LOG: END
2025-01-04 03:38:07,486 - STATE LOG: BEGIN
2025-01-04 03:38:07,487 - Noah's Hand: [3C, 4C, 7C, 8D, 9H, 9S, TD]
2025-01-04 03:38:07,487 - Eve's Hand: [4D, 7D, 8S, 9D, TH]
2025-01-04 03:38:07,487 - Boss: Rank: 11 | Suit C | Attack 0 | Health 1
2025-01-04 03:38:07,487 - Tavern: [6C, 4S, 6H, 3S, 6D, AS, 2H, 5D, 8H, 7H, TC, 3H, 2S, 9C, 7S, 5S, 2D, 5H, 2C, 5C, AC, 6S, 8C]
2025-01-04 03:38:07,487 - Castle: [KH, KD, KC, KS, QH, QD, QS, QC, JD, JS, JH]
2025-01-04 03:38:07,487 - Discard: []
2025-01-04 03:38:07,487 - Active Player: 1
2025-01-04 03:38:07,487 - STATE LOG: END
2025-01-04 03:38:17,163 - STATE LOG: BEGIN
2025-01-04 03:38:17,164 - Noah's Hand: [3C, 7C, 8D, 9H, 9S, TD]
2025-01-04 03:38:17,164 - Eve's Hand: [4D, 7D, 8S, 9D, TH]
2025-01-04 03:38:17,164 - Boss: Rank: 11 | Suit H | Attack 10 | Health 20
2025-01-04 03:38:17,164 - Tavern: [6C, 4S, 6H, 3S, 6D, AS, 2H, 5D, 8H, 7H, TC, 3H, 2S, 9C, 7S, 5S, 2D, 5H, 2C, 5C, AC, 6S, 8C]
2025-01-04 03:38:17,164 - Castle: [KH, KD, KC, KS, QH, QD, QS, QC, JD, JS]
2025-01-04 03:38:17,165 - Discard: [TS, 4C, AD, 3D, AH, 4H, JC]
2025-01-04 03:38:17,165 - Active Player: 1
2025-01-04 03:38:17,165 - STATE LOG: END
2025-01-04 03:38:27,165 - STATE LOG: BEGIN
2025-01-04 03:38:27,166 - Noah's Hand: [3C, 7C, 8D, 9H]
2025-01-04 03:38:27,166 - Eve's Hand: [4D, 7D, 8S, 9D, TH]
2025-01-04 03:38:27,166 - Boss: Rank: 11 | Suit H | Attack 1 | Health 11
2025-01-04 03:38:27,166 - Tavern: [6C, 4S, 6H, 3S, 6D, AS, 2H, 5D, 8H, 7H, TC, 3H, 2S, 9C, 7S, 5S, 2D, 5H, 2C, 5C, AC, 6S, 8C]
2025-01-04 03:38:27,167 - Castle: [KH, KD, KC, KS, QH, QD, QS, QC, JD, JS]
2025-01-04 03:38:27,167 - Discard: [TS, 4C, AD, 3D, AH, 4H, JC, TD]
2025-01-04 03:38:27,167 - Active Player: 2
2025-01-04 03:38:27,167 - STATE LOG: END
2025-01-04 03:38:34,962 - STATE LOG: BEGIN
2025-01-04 03:38:34,962 - Noah's Hand: [3C, 7C, 8D, 9H, 6S, 5C]
2025-01-04 03:38:34,962 - Eve's Hand: [7D, 8S, 9D, TH, 8C]
2025-01-04 03:38:34,962 - Boss: Rank: 11 | Suit H | Attack 1 | Health 7
2025-01-04 03:38:34,962 - Tavern: [6C, 4S, 6H, 3S, 6D, AS, 2H, 5D, 8H, 7H, TC, 3H, 2S, 9C, 7S, 5S, 2D, 5H, 2C]
2025-01-04 03:38:34,962 - Castle: [KH, KD, KC, KS, QH, QD, QS, QC, JD, JS]
2025-01-04 03:38:34,962 - Discard: [TS, 4C, AD, 3D, AH, 4H, JC, TD, AC]
2025-01-04 03:38:34,962 - Active Player: 1
2025-01-04 03:38:34,962 - STATE LOG: END
2025-01-04 03:38:42,577 - STATE LOG: BEGIN
2025-01-04 03:38:42,578 - Noah's Hand: [3C, 5C, 7C, 8D, 9H]
2025-01-04 03:38:42,578 - Eve's Hand: [7D, 8S, 9D, TH, 8C]
2025-01-04 03:38:42,578 - Boss: Rank: 11 | Suit H | Attack 0 | Health 1
2025-01-04 03:38:42,578 - Tavern: [6C, 4S, 6H, 3S, 6D, AS, 2H, 5D, 8H, 7H, TC, 3H, 2S, 9C, 7S, 5S, 2D, 5H, 2C]
2025-01-04 03:38:42,578 - Castle: [KH, KD, KC, KS, QH, QD, QS, QC, JD, JS]
2025-01-04 03:38:42,578 - Discard: [TS, 4C, AD, 3D, AH, 4H, JC, TD, AC]
2025-01-04 03:38:42,578 - Active Player: 2
2025-01-04 03:38:42,578 - STATE LOG: END
2025-01-04 03:38:52,143 - STATE LOG: BEGIN
2025-01-04 03:38:52,144 - Noah's Hand: [3C, 5C, 7C, 8D, 9H, 5H, 5S]
2025-01-04 03:38:52,144 - Eve's Hand: [7D, 8C, 8S, TH, 2C, 2D, 7S]
2025-01-04 03:38:52,144 - Boss: Rank: 11 | Suit S | Attack 10 | Health 20
2025-01-04 03:38:52,144 - Tavern: [6C, 4S, 6H, 3S, 6D, AS, 2H, 5D, 8H, 7H, TC, 3H, 2S, 9C]
2025-01-04 03:38:52,144 - Castle: [KH, KD, KC, KS, QH, QD, QS, QC, JD]
2025-01-04 03:38:52,144 - Discard: [TS, 4C, AD, 3D, AH, 4H, JC, TD, AC, 9S, 6S, 4D, 9D, JH]
2025-01-04 03:38:52,144 - Active Player: 2
2025-01-04 03:38:52,144 - STATE LOG: END
2025-01-04 03:39:02,145 - STATE LOG: BEGIN
2025-01-04 03:39:02,146 - Noah's Hand: [3C, 5C, 7C, 8D, 9H, 5H, 5S]
2025-01-04 03:39:02,146 - Eve's Hand: [2C, 2D, 7D, 7S, 8C, 8S]
2025-01-04 03:39:02,146 - Boss: Rank: 11 | Suit S | Attack 10 | Health 20
2025-01-04 03:39:02,146 - Tavern: [6C, 4S, 6H, 3S, 6D, AS, 2H, 5D, 8H, 7H, TC, 3H, 2S, 9C]
2025-01-04 03:39:02,146 - Castle: [KH, KD, KC, KS, QH, QD, QS, QC, JD]
2025-01-04 03:39:02,146 - Discard: [TS, 4C, AD, 3D, AH, 4H, JC, TD, AC, 9S, 6S, 4D, 9D, JH, TH]
2025-01-04 03:39:02,146 - Active Player: 1
2025-01-04 03:39:02,146 - STATE LOG: END
2025-01-04 03:39:08,850 - STATE LOG: BEGIN
2025-01-04 03:39:08,851 - Noah's Hand: [3C, 5C, 5H, 5S, 7C]
2025-01-04 03:39:08,851 - Eve's Hand: [2C, 2D, 7D, 7S, 8C, 8S, 2S]
2025-01-04 03:39:08,851 - Boss: Rank: 11 | Suit S | Attack 10 | Health 12
2025-01-04 03:39:08,851 - Tavern: [6C, 4S, 6H, 3S, 6D, AS, 2H, 5D, 8H, 7H, TC, 3H]
2025-01-04 03:39:08,851 - Castle: [KH, KD, KC, KS, QH, QD, QS, QC, JD]
2025-01-04 03:39:08,851 - Discard: [TS, 4C, AD, 3D, AH, 4H, JC, TD, AC, 9S, 6S, 4D, 9D, JH, TH, 9C, 9H]
2025-01-04 03:39:08,851 - Active Player: 2
2025-01-04 03:39:08,851 - STATE LOG: END
2025-01-04 03:39:16,273 - STATE LOG: BEGIN
2025-01-04 03:39:16,274 - Noah's Hand: [3C, 5C, 5H, 5S, 7C, TC, 7H]
2025-01-04 03:39:16,274 - Eve's Hand: [2C, 2D, 2S, 7S, 8C]
2025-01-04 03:39:16,274 - Boss: Rank: 11 | Suit S | Attack 10 | Health 5
2025-01-04 03:39:16,274 - Tavern: [6C, 4S, 6H, 3S, 6D, AS, 2H, 5D, 8H]
2025-01-04 03:39:16,274 - Castle: [KH, KD, KC, KS, QH, QD, QS, QC, JD]
2025-01-04 03:39:16,274 - Discard: [TS, 4C, AD, 3D, AH, 4H, JC, TD, AC, 9S, 6S, 4D, 9D, JH, TH, 9C, 9H, 3H, 8S]
2025-01-04 03:39:16,274 - Active Player: 1
2025-01-04 03:39:16,274 - STATE LOG: END
2025-01-04 03:39:25,754 - STATE LOG: BEGIN
2025-01-04 03:39:25,754 - Noah's Hand: [3C, 5C, 5H, 5S, 7C, 7H]
2025-01-04 03:39:25,754 - Eve's Hand: [2C, 2D, 2S, 7S, 8C]
2025-01-04 03:39:25,754 - Boss: Rank: 11 | Suit S | Attack 10 | Health 5
2025-01-04 03:39:25,754 - Tavern: [6C, 4S, 6H, 3S, 6D, AS, 2H, 5D, 8H]
2025-01-04 03:39:25,754 - Castle: [KH, KD, KC, KS, QH, QD, QS, QC, JD]
2025-01-04 03:39:25,754 - Discard: [TS, 4C, AD, 3D, AH, 4H, JC, TD, AC, 9S, 6S, 4D, 9D, JH, TH, 9C, 9H, 3H, 8S, TC]
2025-01-04 03:39:25,754 - Active Player: 2
2025-01-04 03:39:25,754 - STATE LOG: END
2025-01-04 03:39:29,801 - STATE LOG: BEGIN
2025-01-04 03:39:29,801 - Noah's Hand: [3C, 5C, 5H, 5S, 7C, 7H, 5D]
2025-01-04 03:39:29,801 - Eve's Hand: [7S, 8C, 8H, 2H, AS, 6D, 3S]
2025-01-04 03:39:29,801 - Boss: Rank: 11 | Suit D | Attack 10 | Health 20
2025-01-04 03:39:29,801 - Tavern: [6C, 4S, 6H]
2025-01-04 03:39:29,801 - Castle: [KH, KD, KC, KS, QH, QD, QS, QC]
2025-01-04 03:39:29,801 - Discard: [TS, 4C, AD, 3D, AH, 4H, JC, TD, AC, 9S, 6S, 4D, 9D, JH, TH, 9C, 9H, 3H, 8S, TC, 8D, 7D, 2C, 2D, 2S, JS]
2025-01-04 03:39:29,801 - Active Player: 2
2025-01-04 03:39:29,801 - STATE LOG: END
2025-01-04 03:39:36,217 - STATE LOG: BEGIN
2025-01-04 03:39:36,218 - Noah's Hand: [3C, 5C, 5H, 5S, 7C, 7H, 5D]
2025-01-04 03:39:36,218 - Eve's Hand: [AS, 3S, 6D, 7S]
2025-01-04 03:39:36,218 - Boss: Rank: 11 | Suit D | Attack 10 | Health 18
2025-01-04 03:39:36,218 - Tavern: [JH, 2S, 6C, 4S, 6H]
2025-01-04 03:39:36,218 - Castle: [KH, KD, KC, KS, QH, QD, QS, QC]
2025-01-04 03:39:36,218 - Discard: [9D, AD, 6S, TD, TS, 4H, TC, 4D, 3D, 3H, 4C, 8S, 7D, 9C, JS, 9H, 2C, 8D, AC, 9S, 2D, AH, JC, TH, 8H, 8C]
2025-01-04 03:39:36,219 - Active Player: 1
2025-01-04 03:39:36,219 - STATE LOG: END
2025-01-04 03:39:41,321 - STATE LOG: BEGIN
2025-01-04 03:39:41,321 - Noah's Hand: [3C, 5D, 5S, 7C, 7H]
2025-01-04 03:39:41,321 - Eve's Hand: [AS, 3S, 6D, 7S]
2025-01-04 03:39:41,321 - Boss: Rank: 12 | Suit C | Attack 15 | Health 30
2025-01-04 03:39:41,321 - Tavern: [9D, JC, AD, 9H, AH, 4C, 2D, TC, 8D, 3H, JH, 2S, 6C, 4S, 6H]
2025-01-04 03:39:41,321 - Castle: [KH, KD, KC, KS, QH, QD, QS]
2025-01-04 03:39:41,322 - Discard: [8H, 2C, 8S, TS, 7D, AC, 4D, 8C, 3D, TH, 4H, TD, 9S, 9C, JS, 6S, 5C, 5H, 2H, JD]
2025-01-04 03:39:41,322 - Active Player: 1
2025-01-04 03:39:41,322 - STATE LOG: END
2025-01-04 03:39:42,934 - STATE LOG: BEGIN
2025-01-04 03:39:42,935 - Noah's Hand: [3C, 7C, 7H, 6H, 6C, JH]
2025-01-04 03:39:42,935 - Eve's Hand: [AS, 3S, 6D, 7S, 4S, 2S, 3H]
2025-01-04 03:39:42,935 - Boss: Rank: 12 | Suit C | Attack 5 | Health 20
2025-01-04 03:39:42,935 - Tavern: [9D, JC, AD, 9H, AH, 4C, 2D, TC]
2025-01-04 03:39:42,935 - Castle: [KH, KD, KC, KS, QH, QD, QS]
2025-01-04 03:39:42,935 - Discard: [8H, 2C, 8S, TS, 7D, AC, 4D, 8C, 3D, TH, 4H, TD, 9S, 9C, JS, 6S, 5C, 5H, 2H, JD, 8D]
2025-01-04 03:39:42,935 - Active Player: 2
2025-01-04 03:39:42,935 - STATE LOG: END
2025-01-04 03:39:52,937 - STATE LOG: BEGIN
2025-01-04 03:39:52,938 - Noah's Hand: [3C, 7C, 7H, 6H, 6C, JH]
2025-01-04 03:39:52,938 - Eve's Hand: [2S, 3H, 3S, 6D, 7S]
2025-01-04 03:39:52,938 - Boss: Rank: 12 | Suit C | Attack 0 | Health 15
2025-01-04 03:39:52,938 - Tavern: [9D, JC, AD, 9H, AH, 4C, 2D, TC]
2025-01-04 03:39:52,938 - Castle: [KH, KD, KC, KS, QH, QD, QS]
2025-01-04 03:39:52,938 - Discard: [8H, 2C, 8S, TS, 7D, AC, 4D, 8C, 3D, TH, 4H, TD, 9S, 9C, JS, 6S, 5C, 5H, 2H, JD, 8D]
2025-01-04 03:39:52,938 - Active Player: 1
2025-01-04 03:39:52,938 - STATE LOG: END
2025-01-04 03:40:02,939 - STATE LOG: BEGIN
2025-01-04 03:40:02,939 - Noah's Hand: [3C, 6C, 6H, 7C, 7H, JH]
2025-01-04 03:40:02,939 - Eve's Hand: [2S, 3H, 3S, 6D, 7S]
2025-01-04 03:40:02,939 - Boss: Rank: 12 | Suit C | Attack 0 | Health 15
2025-01-04 03:40:02,939 - Tavern: [9D, JC, AD, 9H, AH, 4C, 2D, TC]
2025-01-04 03:40:02,939 - Castle: [KH, KD, KC, KS, QH, QD, QS]
2025-01-04 03:40:02,939 - Discard: [8H, 2C, 8S, TS, 7D, AC, 4D, 8C, 3D, TH, 4H, TD, 9S, 9C, JS, 6S, 5C, 5H, 2H, JD, 8D]
2025-01-04 03:40:02,939 - Active Player: 2
2025-01-04 03:40:02,939 - STATE LOG: END
2025-01-04 03:40:13,122 - STATE LOG: BEGIN
2025-01-04 03:40:13,123 - Noah's Hand: [3C, 6C, 6H, 7C, 7H, JH]
2025-01-04 03:40:13,123 - Eve's Hand: [3H, 3S, 6D, 7S]
2025-01-04 03:40:13,123 - Boss: Rank: 12 | Suit C | Attack 0 | Health 13
2025-01-04 03:40:13,123 - Tavern: [9D, JC, AD, 9H, AH, 4C, 2D, TC]
2025-01-04 03:40:13,123 - Castle: [KH, KD, KC, KS, QH, QD, QS]
2025-01-04 03:40:13,123 - Discard: [8H, 2C, 8S, TS, 7D, AC, 4D, 8C, 3D, TH, 4H, TD, 9S, 9C, JS, 6S, 5C, 5H, 2H, JD, 8D]
2025-01-04 03:40:13,123 - Active Player: 1
2025-01-04 03:40:13,123 - STATE LOG: END
2025-01-04 03:40:19,269 - STATE LOG: BEGIN
2025-01-04 03:40:19,269 - Noah's Hand: [3C, 6C, 6H, 7C, 7H, JH]
2025-01-04 03:40:19,269 - Eve's Hand: [3H, 3S, 6D, 7S]
2025-01-04 03:40:19,269 - Boss: Rank: 12 | Suit C | Attack 0 | Health 13
2025-01-04 03:40:19,269 - Tavern: [9D, JC, AD, 9H, AH, 4C, 2D, TC]
2025-01-04 03:40:19,269 - Castle: [KH, KD, KC, KS, QH, QD, QS]
2025-01-04 03:40:19,269 - Discard: [8H, 2C, 8S, TS, 7D, AC, 4D, 8C, 3D, TH, 4H, TD, 9S, 9C, JS, 6S, 5C, 5H, 2H, JD, 8D]
2025-01-04 03:40:19,269 - Active Player: 2
2025-01-04 03:40:19,269 - STATE LOG: END
2025-01-04 03:40:26,451 - STATE LOG: BEGIN
2025-01-04 03:40:26,451 - Noah's Hand: [3C, 6C, 6H, 7C, 7H, JH]
2025-01-04 03:40:26,451 - Eve's Hand: [6D, 7S]
2025-01-04 03:40:26,451 - Boss: Rank: 12 | Suit C | Attack 0 | Health 7
2025-01-04 03:40:26,451 - Tavern: [7D, 8D, JD, 2C, 9C, TS, 9D, JC, AD, 9H, AH, 4C, 2D, TC]
2025-01-04 03:40:26,451 - Castle: [KH, KD, KC, KS, QH, QD, QS]
2025-01-04 03:40:26,451 - Discard: [8C, AC, 5C, 9S, 4H, 3D, 8S, 5H, TD, 4D, 2H, 8H, JS, 6S, TH]
2025-01-04 03:40:26,451 - Active Player: 1
2025-01-04 03:40:26,451 - STATE LOG: END
2025-01-04 03:40:28,569 - STATE LOG: BEGIN
2025-01-04 03:40:28,569 - Noah's Hand: [3C, 6C, 6H, 7C, 7H, JH]
2025-01-04 03:40:28,569 - Eve's Hand: [6D, 7S]
2025-01-04 03:40:28,569 - Boss: Rank: 12 | Suit C | Attack 0 | Health 7
2025-01-04 03:40:28,569 - Tavern: [7D, 8D, JD, 2C, 9C, TS, 9D, JC, AD, 9H, AH, 4C, 2D, TC]
2025-01-04 03:40:28,569 - Castle: [KH, KD, KC, KS, QH, QD, QS]
2025-01-04 03:40:28,569 - Discard: [8C, AC, 5C, 9S, 4H, 3D, 8S, 5H, TD, 4D, 2H, 8H, JS, 6S, TH]
2025-01-04 03:40:28,569 - Active Player: 2
2025-01-04 03:40:28,569 - STATE LOG: END
2025-01-04 03:40:30,445 - STATE LOG: BEGIN
2025-01-04 03:40:30,445 - Noah's Hand: [3C, 6C, 6H, 7C, 7H, JH, 2D]
2025-01-04 03:40:30,445 - Eve's Hand: [7S, TC, 4C, AH, 9H, AD]
2025-01-04 03:40:30,445 - Boss: Rank: 12 | Suit C | Attack 0 | Health 1
2025-01-04 03:40:30,445 - Tavern: [7D, 8D, JD, 2C, 9C, TS, 9D, JC]
2025-01-04 03:40:30,445 - Castle: [KH, KD, KC, KS, QH, QD, QS]
2025-01-04 03:40:30,445 - Discard: [8C, AC, 5C, 9S, 4H, 3D, 8S, 5H, TD, 4D, 2H, 8H, JS, 6S, TH]
2025-01-04 03:40:30,445 - Active Player: 1
2025-01-04 03:40:30,445 - STATE LOG: END
2025-01-04 03:40:40,447 - STATE LOG: BEGIN
2025-01-04 03:40:40,449 - Noah's Hand: [2D, 3C, 6C, 6H, 7C, 7H, JH]
2025-01-04 03:40:40,449 - Eve's Hand: [7S, TC, 4C, AH, 9H, AD]
2025-01-04 03:40:40,449 - Boss: Rank: 12 | Suit C | Attack 0 | Health 1
2025-01-04 03:40:40,449 - Tavern: [7D, 8D, JD, 2C, 9C, TS, 9D, JC]
2025-01-04 03:40:40,449 - Castle: [KH, KD, KC, KS, QH, QD, QS]
2025-01-04 03:40:40,449 - Discard: [8C, AC, 5C, 9S, 4H, 3D, 8S, 5H, TD, 4D, 2H, 8H, JS, 6S, TH]
2025-01-04 03:40:40,449 - Active Player: 2
2025-01-04 03:40:40,449 - STATE LOG: END
2025-01-04 03:40:48,614 - STATE LOG: BEGIN
2025-01-04 03:40:48,615 - Noah's Hand: [2D, 3C, 6C, 6H, 7C, 7H, JH]
2025-01-04 03:40:48,615 - Eve's Hand: [AD, 4C, 7S, TC]
2025-01-04 03:40:48,615 - Boss: Rank: 12 | Suit S | Attack 15 | Health 30
2025-01-04 03:40:48,615 - Tavern: [9S, 4D, TD, 3D, 5C, TH, 6S, AC, 8C, 4H, 7D, 8D, JD, 2C, 9C, TS, 9D, JC]
2025-01-04 03:40:48,615 - Castle: [KH, KD, KC, KS, QH, QD]
2025-01-04 03:40:48,615 - Discard: [JS, 8S, 2H, 5H, 8H, 5D, 5S, AS, 4S, 2S, 3H, 3S, 6D, AH, 9H, QC]
2025-01-04 03:40:48,615 - Active Player: 2
2025-01-04 03:40:48,615 - STATE LOG: END
2025-01-04 03:40:49,836 - STATE LOG: BEGIN
2025-01-04 03:40:49,836 - Noah's Hand: [2D, 3C, 6C, 6H, 7C, 7H, JH]
2025-01-04 03:40:49,836 - Eve's Hand: [AD, 4C]
2025-01-04 03:40:49,836 - Boss: Rank: 12 | Suit S | Attack 15 | Health 30
2025-01-04 03:40:49,836 - Tavern: [9S, 4D, TD, 3D, 5C, TH, 6S, AC, 8C, 4H, 7D, 8D, JD, 2C, 9C, TS, 9D, JC]
2025-01-04 03:40:49,836 - Castle: [KH, KD, KC, KS, QH, QD]
2025-01-04 03:40:49,836 - Discard: [JS, 8S, 2H, 5H, 8H, 5D, 5S, AS, 4S, 2S, 3H, 3S, 6D, AH, 9H, QC, TC, 7S]
2025-01-04 03:40:49,836 - Active Player: 1
2025-01-04 03:40:49,836 - STATE LOG: END
2025-01-04 03:40:50,014 - STATE LOG: BEGIN
2025-01-04 03:40:50,014 - Noah's Hand: [3C, 6C, 6H, 7C, 7H]
2025-01-04 03:40:50,014 - Eve's Hand: [AD, 4C, 9D]
2025-01-04 03:40:50,014 - Boss: Rank: 12 | Suit S | Attack 15 | Health 28
2025-01-04 03:40:50,014 - Tavern: [9S, 4D, TD, 3D, 5C, TH, 6S, AC, 8C, 4H, 7D, 8D, JD, 2C, 9C, TS]
2025-01-04 03:40:50,014 - Castle: [KH, KD, KC, KS, QH, QD]
2025-01-04 03:40:50,014 - Discard: [JS, 8S, 2H, 5H, 8H, 5D, 5S, AS, 4S, 2S, 3H, 3S, 6D, AH, 9H, QC, TC, 7S, JC, JH]
2025-01-04 03:40:50,014 - Active Player: 2
2025-01-04 03:40:50,014 - STATE LOG: END
2025-01-04 03:40:51,812 - STATE LOG: BEGIN
2025-01-04 03:40:51,812 - Noah's Hand: [3C, 6C, 6H, 7C, 7H, 9C, JD]
2025-01-04 03:40:51,812 - Eve's Hand: [9D]
2025-01-04 03:40:51,812 - Boss: Rank: 12 | Suit S | Attack 15 | Health 18
2025-01-04 03:40:51,812 - Tavern: [9S, 4D, TD, 3D, 5C, TH, 6S, AC, 8C, 4H, 7D]
2025-01-04 03:40:51,812 - Castle: [KH, KD, KC, KS, QH, QD]
2025-01-04 03:40:51,812 - Discard: [JS, 8S, 2H, 5H, 8H, 5D, 5S, AS, 4S, 2S, 3H, 3S, 6D, AH, 9H, QC, TC, 7S, JC, JH, 8D, 2C, TS]
2025-01-04 03:40:51,812 - Active Player: 1
2025-01-04 03:40:51,812 - STATE LOG: END
2025-01-04 03:40:54,028 - STATE LOG: BEGIN
2025-01-04 03:40:54,028 - Noah's Hand: [3C, 6C, 6H, 7C, 7H]
2025-01-04 03:40:54,028 - Eve's Hand: [9D, 4H, 8C, AC, 6S, TH, 5C]
2025-01-04 03:40:54,028 - Boss: Rank: 12 | Suit S | Attack 15 | Health 7
2025-01-04 03:40:54,028 - Tavern: [9S, 4D, TD, 3D]
2025-01-04 03:40:54,028 - Castle: [KH, KD, KC, KS, QH, QD]
2025-01-04 03:40:54,028 - Discard: [JS, 8S, 2H, 5H, 8H, 5D, 5S, AS, 4S, 2S, 3H, 3S, 6D, AH, 9H, QC, TC, 7S, JC, JH, 8D, 2C, TS, 7D, 9C]
2025-01-04 03:40:54,028 - Active Player: 2
2025-01-04 03:40:54,028 - STATE LOG: END
2025-01-04 03:40:57,440 - STATE LOG: BEGIN
2025-01-04 03:40:57,441 - Noah's Hand: [3C, 6C, 6H, 7C, 7H]
2025-01-04 03:40:57,441 - Eve's Hand: [AC, 4H, 5C, 6S, 8C, 9D]
2025-01-04 03:40:57,441 - Boss: Rank: 12 | Suit D | Attack 15 | Health 30
2025-01-04 03:40:57,441 - Tavern: [4S, JS, 2C, 8S, AH, TS, 5H, 5S, 2S, 6D, 9S, 4D, TD, 3D]
2025-01-04 03:40:57,441 - Castle: [KH, KD, KC, KS, QH]
2025-01-04 03:40:57,441 - Discard: [8H, 3H, JH, 5D, 7S, 7D, 3S, QC, JC, 2H, 8D, TC, 9H, AS, 9C, 2D, JD, AD, 4C, TH, QS]
2025-01-04 03:40:57,441 - Active Player: 2
2025-01-04 03:40:57,441 - STATE LOG: END
2025-01-04 03:40:58,613 - STATE LOG: BEGIN
2025-01-04 03:40:58,613 - Noah's Hand: [3C, 6C, 6H, 7C, 7H]
2025-01-04 03:40:58,613 - Eve's Hand: [4H, 5C, 8C]
2025-01-04 03:40:58,613 - Boss: Rank: 12 | Suit D | Attack 8 | Health 16
2025-01-04 03:40:58,613 - Tavern: [4S, JS, 2C, 8S, AH, TS, 5H, 5S, 2S, 6D, 9S, 4D, TD, 3D]
2025-01-04 03:40:58,613 - Castle: [KH, KD, KC, KS, QH]
2025-01-04 03:40:58,613 - Discard: [8H, 3H, JH, 5D, 7S, 7D, 3S, QC, JC, 2H, 8D, TC, 9H, AS, 9C, 2D, JD, AD, 4C, TH, QS, 9D]
2025-01-04 03:40:58,613 - Active Player: 1
2025-01-04 03:40:58,613 - STATE LOG: END
2025-01-04 03:40:58,793 - STATE LOG: BEGIN
2025-01-04 03:40:58,793 - Noah's Hand: [3C, 6C]
2025-01-04 03:40:58,793 - Eve's Hand: [4H, 5C, 8C]
2025-01-04 03:40:58,793 - Boss: Rank: 12 | Suit D | Attack 8 | Health 2
2025-01-04 03:40:58,793 - Tavern: [4S, JS, 2C, 8S, AH, TS, 5H, 5S, 2S, 6D, 9S, 4D, TD, 3D]
2025-01-04 03:40:58,793 - Castle: [KH, KD, KC, KS, QH]
2025-01-04 03:40:58,793 - Discard: [8H, 3H, JH, 5D, 7S, 7D, 3S, QC, JC, 2H, 8D, TC, 9H, AS, 9C, 2D, JD, AD, 4C, TH, QS, 9D, 7H, 6H]
2025-01-04 03:40:58,793 - Active Player: 2
2025-01-04 03:40:58,793 - STATE LOG: END
2025-01-04 03:40:58,821 - STATE LOG: BEGIN
2025-01-04 03:40:58,821 - Noah's Hand: [3C, 6C]
2025-01-04 03:40:58,821 - Eve's Hand: [4H, 5C]
2025-01-04 03:40:58,821 - Boss: Rank: 12 | Suit D | Attack 8 | Health 2
2025-01-04 03:40:58,821 - Tavern: [4S, JS, 2C, 8S, AH, TS, 5H, 5S, 2S, 6D, 9S, 4D, TD, 3D]
2025-01-04 03:40:58,821 - Castle: [KH, KD, KC, KS, QH]
2025-01-04 03:40:58,821 - Discard: [8H, 3H, JH, 5D, 7S, 7D, 3S, QC, JC, 2H, 8D, TC, 9H, AS, 9C, 2D, JD, AD, 4C, TH, QS, 9D, 7H, 6H, 8C]
2025-01-04 03:40:58,821 - Active Player: 1
2025-01-04 03:40:58,821 - STATE LOG: END
2025-01-04 03:40:58,832 - STATE LOG: BEGIN
2025-01-04 03:40:58,832 - Noah's Hand: [6C]
2025-01-04 03:40:58,832 - Eve's Hand: [4H, 5C]
2025-01-04 03:40:58,832 - Boss: Rank: 12 | Suit H | Attack 15 | Health 30
2025-01-04 03:40:58,832 - Tavern: [4S, JS, 2C, 8S, AH, TS, 5H, 5S, 2S, 6D, 9S, 4D, TD, 3D]
2025-01-04 03:40:58,832 - Castle: [KH, KD, KC, KS]
2025-01-04 03:40:58,832 - Discard: [8H, 3H, JH, 5D, 7S, 7D, 3S, QC, JC, 2H, 8D, TC, 9H, AS, 9C, 2D, JD, AD, 4C, TH, QS, 9D, 7H, 6H, 8C, 7C, 3C, AC, 6S, QD]
2025-01-04 03:40:58,832 - Active Player: 1
2025-01-04 03:40:58,832 - STATE LOG: END
2025-01-04 03:40:58,837 - STATE LOG: BEGIN
2025-01-04 03:40:58,837 - Noah's Hand: []
2025-01-04 03:40:58,837 - Eve's Hand: [4H, 5C]
2025-01-04 03:40:58,837 - Boss: Rank: 12 | Suit H | Attack 15 | Health 18
2025-01-04 03:40:58,837 - Tavern: [4S, JS, 2C, 8S, AH, TS, 5H, 5S, 2S, 6D, 9S, 4D, TD, 3D]
2025-01-04 03:40:58,837 - Castle: [KH, KD, KC, KS]
2025-01-04 03:40:58,837 - Discard: [8H, 3H, JH, 5D, 7S, 7D, 3S, QC, JC, 2H, 8D, TC, 9H, AS, 9C, 2D, JD, AD, 4C, TH, QS, 9D, 7H, 6H, 8C, 7C, 3C, AC, 6S, QD]
2025-01-04 03:40:58,837 - Active Player: 2
2025-01-04 03:40:58,837 - STATE LOG: END
