2025-01-04 22:00:35,981 - I log states! :D
2025-01-04 22:00:35,982 - STATE LOG: BEGIN
2025-01-04 22:00:35,982 - Noah's Hand: [4H, 6H, 9S, 9D, 2C, AS, TC]
2025-01-04 22:00:35,982 - Eve's Hand: [5H, 4D, TD, 6C, 2S, 8C, TH]
2025-01-04 22:00:35,982 - Boss: Rank: 11 | Suit S | Attack 10 | Health 20
2025-01-04 22:00:35,982 - Tavern: [5S, AD, 2H, AC, 3D, 6S, 8S, 3C, 4S, 5C, AH, 7D, 2D, 4C, 8H, 9H, 3H, 6D, 9C, TS, 7C, 5D, 7S, 8D, 3S, 7H]
2025-01-04 22:00:35,982 - Castle: [KH, KC, KD, KS, QH, QC, QD, QS, JD, JH, JC]
2025-01-04 22:00:35,982 - Discard: []
2025-01-04 22:00:35,982 - Active Player: 1
2025-01-04 22:00:35,982 - STATE LOG: END
2025-01-04 22:00:37,379 - STATE LOG: BEGIN
2025-01-04 22:00:37,379 - Noah's Hand: [AS, 2C, 4H, 6H, 9D]
2025-01-04 22:00:37,379 - Eve's Hand: [5H, 4D, TD, 6C, 2S, 8C, TH]
2025-01-04 22:00:37,379 - Boss: Rank: 11 | Suit S | Attack 10 | Health 11
2025-01-04 22:00:37,379 - Tavern: [5S, AD, 2H, AC, 3D, 6S, 8S, 3C, 4S, 5C, AH, 7D, 2D, 4C, 8H, 9H, 3H, 6D, 9C, TS, 7C, 5D, 7S, 8D, 3S, 7H]
2025-01-04 22:00:37,379 - Castle: [KH, KC, KD, KS, QH, QC, QD, QS, JD, JH, JC]
2025-01-04 22:00:37,379 - Discard: [TC]
2025-01-04 22:00:37,379 - Active Player: 2
2025-01-04 22:00:37,379 - STATE LOG: END
2025-01-04 22:00:38,687 - STATE LOG: BEGIN
2025-01-04 22:00:38,687 - Noah's Hand: [AS, 2C, 4H, 6H, 9D, 3S, 8D]
2025-01-04 22:00:38,687 - Eve's Hand: [2S, 5H, 6C, 8C, TD, 7H]
2025-01-04 22:00:38,687 - Boss: Rank: 11 | Suit S | Attack 10 | Health 7
2025-01-04 22:00:38,687 - Tavern: [5S, AD, 2H, AC, 3D, 6S, 8S, 3C, 4S, 5C, AH, 7D, 2D, 4C, 8H, 9H, 3H, 6D, 9C, TS, 7C, 5D, 7S]
2025-01-04 22:00:38,687 - Castle: [KH, KC, KD, KS, QH, QC, QD, QS, JD, JH, JC]
2025-01-04 22:00:38,687 - Discard: [TC, TH]
2025-01-04 22:00:38,687 - Active Player: 1
2025-01-04 22:00:38,687 - STATE LOG: END
2025-01-04 22:00:40,083 - STATE LOG: BEGIN
2025-01-04 22:00:40,083 - Noah's Hand: [2C, 3S, 8D, 9D]
2025-01-04 22:00:40,083 - Eve's Hand: [2S, 5H, 6C, 8C, TD, 7H]
2025-01-04 22:00:40,083 - Boss: Rank: 11 | Suit S | Attack 10 | Health 7
2025-01-04 22:00:40,083 - Tavern: [5S, AD, 2H, AC, 3D, 6S, 8S, 3C, 4S, 5C, AH, 7D, 2D, 4C, 8H, 9H, 3H, 6D, 9C, TS, 7C, 5D, 7S]
2025-01-04 22:00:40,083 - Castle: [KH, KC, KD, KS, QH, QC, QD, QS, JD, JH, JC]
2025-01-04 22:00:40,083 - Discard: [TC, TH, AS, 4H, 6H]
2025-01-04 22:00:40,083 - Active Player: 2
2025-01-04 22:00:40,083 - STATE LOG: END
2025-01-04 22:00:40,573 - STATE LOG: BEGIN
2025-01-04 22:00:40,573 - Noah's Hand: [2C, 3S, 8D, 9D]
2025-01-04 22:00:40,573 - Eve's Hand: [6C, 8C, TD]
2025-01-04 22:00:40,573 - Boss: Rank: 11 | Suit S | Attack 10 | Health 5
2025-01-04 22:00:40,573 - Tavern: [5S, AD, 2H, AC, 3D, 6S, 8S, 3C, 4S, 5C, AH, 7D, 2D, 4C, 8H, 9H, 3H, 6D, 9C, TS, 7C, 5D, 7S]
2025-01-04 22:00:40,573 - Castle: [KH, KC, KD, KS, QH, QC, QD, QS, JD, JH, JC]
2025-01-04 22:00:40,573 - Discard: [TC, TH, AS, 4H, 6H, 7H, 5H]
2025-01-04 22:00:40,573 - Active Player: 1
2025-01-04 22:00:40,573 - STATE LOG: END
2025-01-04 22:00:41,453 - STATE LOG: BEGIN
2025-01-04 22:00:41,453 - Noah's Hand: [2C, 3S, 8D, 7S, 7C, 9C, 3H]
2025-01-04 22:00:41,453 - Eve's Hand: [6C, 8C, TD, 5D, TS, 6D, 9H]
2025-01-04 22:00:41,453 - Boss: Rank: 11 | Suit C | Attack 10 | Health 20
2025-01-04 22:00:41,453 - Tavern: [5S, AD, 2H, AC, 3D, 6S, 8S, 3C, 4S, 5C, AH, 7D, 2D, 4C, 8H]
2025-01-04 22:00:41,453 - Castle: [KH, KC, KD, KS, QH, QC, QD, QS, JD, JH]
2025-01-04 22:00:41,453 - Discard: [TC, TH, AS, 4H, 6H, 7H, 5H, 9S, 9D, 4D, 2S, JS]
2025-01-04 22:00:41,453 - Active Player: 1
2025-01-04 22:00:41,453 - STATE LOG: END
2025-01-04 22:00:42,960 - STATE LOG: BEGIN
2025-01-04 22:00:42,960 - Noah's Hand: [7S, 8D, 9C]
2025-01-04 22:00:42,960 - Eve's Hand: [6C, 8C, TD, 5D, TS, 6D, 9H]
2025-01-04 22:00:42,960 - Boss: Rank: 11 | Suit C | Attack 7 | Health 17
2025-01-04 22:00:42,960 - Tavern: [5S, AD, 2H, AC, 3D, 6S, 8S, 3C, 4S, 5C, AH, 7D, 2D, 4C, 8H]
2025-01-04 22:00:42,960 - Castle: [KH, KC, KD, KS, QH, QC, QD, QS, JD, JH]
2025-01-04 22:00:42,960 - Discard: [TC, TH, AS, 4H, 6H, 7H, 5H, 9S, 9D, 4D, 2S, JS, 2C, 3H, 7C]
2025-01-04 22:00:42,960 - Active Player: 2
2025-01-04 22:00:42,960 - STATE LOG: END
2025-01-04 22:00:44,414 - STATE LOG: BEGIN
2025-01-04 22:00:44,414 - Noah's Hand: [7S, 8D, 9C, 4C, 2D, 7D, AH]
2025-01-04 22:00:44,415 - Eve's Hand: [6C, 6D, 8C, TD, TS, 8H]
2025-01-04 22:00:44,415 - Boss: Rank: 11 | Suit C | Attack 7 | Health 12
2025-01-04 22:00:44,415 - Tavern: [5S, AD, 2H, AC, 3D, 6S, 8S, 3C, 4S, 5C]
2025-01-04 22:00:44,415 - Castle: [KH, KC, KD, KS, QH, QC, QD, QS, JD, JH]
2025-01-04 22:00:44,415 - Discard: [TC, TH, AS, 4H, 6H, 7H, 5H, 9S, 9D, 4D, 2S, JS, 2C, 3H, 7C, 9H]
2025-01-04 22:00:44,415 - Active Player: 1
2025-01-04 22:00:44,415 - STATE LOG: END
2025-01-04 22:00:45,897 - STATE LOG: BEGIN
2025-01-04 22:00:45,898 - Noah's Hand: [7D, 8D, 9C, 5C]
2025-01-04 22:00:45,898 - Eve's Hand: [6C, 6D, 8C, TD, TS, 8H, 4S]
2025-01-04 22:00:45,898 - Boss: Rank: 11 | Suit C | Attack 7 | Health 10
2025-01-04 22:00:45,898 - Tavern: [5S, AD, 2H, AC, 3D, 6S, 8S, 3C]
2025-01-04 22:00:45,898 - Castle: [KH, KC, KD, KS, QH, QC, QD, QS, JD, JH]
2025-01-04 22:00:45,898 - Discard: [TC, TH, AS, 4H, 6H, 7H, 5H, 9S, 9D, 4D, 2S, JS, 2C, 3H, 7C, 9H, AH, 4C, 7S]
2025-01-04 22:00:45,898 - Active Player: 2
2025-01-04 22:00:45,898 - STATE LOG: END
2025-01-04 22:00:47,222 - STATE LOG: BEGIN
2025-01-04 22:00:47,222 - Noah's Hand: [7D, 8D, 9C, 5C]
2025-01-04 22:00:47,222 - Eve's Hand: [6C, 6D, 8C, TD]
2025-01-04 22:00:47,222 - Boss: Rank: 11 | Suit C | Attack 7 | Health 2
2025-01-04 22:00:47,222 - Tavern: [TC, AH, AS, 9D, 4C, 5H, JS, 7H, 5S, AD, 2H, AC, 3D, 6S, 8S, 3C]
2025-01-04 22:00:47,222 - Castle: [KH, KC, KD, KS, QH, QC, QD, QS, JD, JH]
2025-01-04 22:00:47,222 - Discard: [7C, 2C, 4D, 4H, 3H, TH, 7S, 6H, 9S, 9H, 2S, 4S, TS]
2025-01-04 22:00:47,223 - Active Player: 1
2025-01-04 22:00:47,223 - STATE LOG: END
2025-01-04 22:00:48,589 - STATE LOG: BEGIN
2025-01-04 22:00:48,589 - Noah's Hand: [5C, 8D, 9C, 3C, 6S, AC, AD]
2025-01-04 22:00:48,589 - Eve's Hand: [6C, 6D, 8C, TD, 8S, 3D, 2H]
2025-01-04 22:00:48,589 - Boss: Rank: 11 | Suit H | Attack 10 | Health 20
2025-01-04 22:00:48,589 - Tavern: [TC, AH, AS, 9D, 4C, 5H, JS, 7H, 5S]
2025-01-04 22:00:48,589 - Castle: [KH, KC, KD, KS, QH, QC, QD, QS, JD]
2025-01-04 22:00:48,589 - Discard: [7C, 2C, 4D, 4H, 3H, TH, 7S, 6H, 9S, 9H, 2S, 4S, TS, 3S, 2D, 7D, 5D, 8H, JC]
2025-01-04 22:00:48,589 - Active Player: 1
2025-01-04 22:00:48,589 - STATE LOG: END
2025-01-04 22:00:50,395 - STATE LOG: BEGIN
2025-01-04 22:00:50,395 - Noah's Hand: [AD, 3C, 5C, 8D]
2025-01-04 22:00:50,395 - Eve's Hand: [6C, 6D, 8C, TD, 8S, 3D, 2H]
2025-01-04 22:00:50,395 - Boss: Rank: 11 | Suit H | Attack 3 | Health 6
2025-01-04 22:00:50,395 - Tavern: [TC, AH, AS, 9D, 4C, 5H, JS, 7H, 5S]
2025-01-04 22:00:50,395 - Castle: [KH, KC, KD, KS, QH, QC, QD, QS, JD]
2025-01-04 22:00:50,395 - Discard: [7C, 2C, 4D, 4H, 3H, TH, 7S, 6H, 9S, 9H, 2S, 4S, TS, 3S, 2D, 7D, 5D, 8H, JC, 9C]
2025-01-04 22:00:50,395 - Active Player: 2
2025-01-04 22:00:50,395 - STATE LOG: END
2025-01-04 22:00:51,644 - STATE LOG: BEGIN
2025-01-04 22:00:51,645 - Noah's Hand: [AD, 3C, 5C, 8D, 7H, JS]
2025-01-04 22:00:51,645 - Eve's Hand: [2H, 6D, 8C, 8S, TD, 5S]
2025-01-04 22:00:51,645 - Boss: Rank: 11 | Suit H | Attack 3 | Health 3
2025-01-04 22:00:51,645 - Tavern: [TC, AH, AS, 9D, 4C, 5H]
2025-01-04 22:00:51,645 - Castle: [KH, KC, KD, KS, QH, QC, QD, QS, JD]
2025-01-04 22:00:51,645 - Discard: [7C, 2C, 4D, 4H, 3H, TH, 7S, 6H, 9S, 9H, 2S, 4S, TS, 3S, 2D, 7D, 5D, 8H, JC, 9C, 6C]
2025-01-04 22:00:51,645 - Active Player: 1
2025-01-04 22:00:51,645 - STATE LOG: END
2025-01-04 22:00:53,043 - STATE LOG: BEGIN
2025-01-04 22:00:53,043 - Noah's Hand: [5C, 7H, 8D, JS, 5H, 9D, AS]
2025-01-04 22:00:53,043 - Eve's Hand: [2H, 6D, 8C, 8S, TD, 5S, 4C]
2025-01-04 22:00:53,043 - Boss: Rank: 11 | Suit D | Attack 10 | Health 20
2025-01-04 22:00:53,043 - Tavern: [TC, AH]
2025-01-04 22:00:53,043 - Castle: [KH, KC, KD, KS, QH, QC, QD, QS]
2025-01-04 22:00:53,043 - Discard: [7C, 2C, 4D, 4H, 3H, TH, 7S, 6H, 9S, 9H, 2S, 4S, TS, 3S, 2D, 7D, 5D, 8H, JC, 9C, 6C, AC, 6S, AD, 3C, 3D, JH]
2025-01-04 22:00:53,043 - Active Player: 1
2025-01-04 22:00:53,043 - STATE LOG: END
2025-01-04 22:00:54,373 - STATE LOG: BEGIN
2025-01-04 22:00:54,373 - Noah's Hand: [AS, 7H, 8D, 9D, JS]
2025-01-04 22:00:54,373 - Eve's Hand: [2H, 6D, 8C, 8S, TD, 5S, 4C]
2025-01-04 22:00:54,373 - Boss: Rank: 12 | Suit S | Attack 15 | Health 30
2025-01-04 22:00:54,373 - Tavern: [6C, 4S, TH, 8H, 9C, 4D, 5D, AC, 2C, 3S, TC, AH]
2025-01-04 22:00:54,373 - Castle: [KH, KC, KD, KS, QH, QC, QD]
2025-01-04 22:00:54,373 - Discard: [2D, 9H, 7S, 3D, TS, 7D, 9S, 6S, 2S, 7C, 3H, JH, 4H, 3C, AD, JC, 6H, 5C, 5H]
2025-01-04 22:00:54,373 - Active Player: 1
2025-01-04 22:00:54,373 - STATE LOG: END
2025-01-04 22:00:55,966 - STATE LOG: BEGIN
2025-01-04 22:00:55,966 - Noah's Hand: [8D, 9D]
2025-01-04 22:00:55,966 - Eve's Hand: [2H, 6D, 8C, 8S, TD, 5S, 4C]
2025-01-04 22:00:55,966 - Boss: Rank: 12 | Suit S | Attack 15 | Health 30
2025-01-04 22:00:55,966 - Tavern: [6C, 4S, TH, 8H, 9C, 4D, 5D, AC, 2C, 3S, TC, AH]
2025-01-04 22:00:55,966 - Castle: [KH, KC, KD, KS, QH, QC, QD]
2025-01-04 22:00:55,966 - Discard: [2D, 9H, 7S, 3D, TS, 7D, 9S, 6S, 2S, 7C, 3H, JH, 4H, 3C, AD, JC, 6H, 5C, 5H, 7H, AS, JS]
2025-01-04 22:00:55,966 - Active Player: 2
2025-01-04 22:00:55,966 - STATE LOG: END
2025-01-04 22:00:56,949 - STATE LOG: BEGIN
2025-01-04 22:00:56,949 - Noah's Hand: [8D, 9D]
2025-01-04 22:00:56,949 - Eve's Hand: [6D, 8S, TD]
2025-01-04 22:00:56,949 - Boss: Rank: 12 | Suit S | Attack 15 | Health 28
2025-01-04 22:00:56,949 - Tavern: [JC, 2S, 6C, 4S, TH, 8H, 9C, 4D, 5D, AC, 2C, 3S, TC, AH]
2025-01-04 22:00:56,949 - Castle: [KH, KC, KD, KS, QH, QC, QD]
2025-01-04 22:00:56,949 - Discard: [9H, 3D, 7S, JH, TS, 7D, 3C, 5C, AS, AD, 2D, 6S, 3H, 9S, 7H, 5H, 4H, 7C, 6H, JS, 8C, 4C, 5S]
2025-01-04 22:00:56,949 - Active Player: 1
2025-01-04 22:00:56,949 - STATE LOG: END
2025-01-04 22:00:57,231 - STATE LOG: BEGIN
2025-01-04 22:00:57,231 - Noah's Hand: [9D, 5D]
2025-01-04 22:00:57,231 - Eve's Hand: [6D, 8S, TD, AH, 3S, AC, 4D]
2025-01-04 22:00:57,231 - Boss: Rank: 12 | Suit S | Attack 15 | Health 20
2025-01-04 22:00:57,231 - Tavern: [JC, 2S, 6C, 4S, TH, 8H, 9C]
2025-01-04 22:00:57,231 - Castle: [KH, KC, KD, KS, QH, QC, QD]
2025-01-04 22:00:57,231 - Discard: [9H, 3D, 7S, JH, TS, 7D, 3C, 5C, AS, AD, 2D, 6S, 3H, 9S, 7H, 5H, 4H, 7C, 6H, JS, 8C, 4C, 5S, TC, 2C, JD]
2025-01-04 22:00:57,231 - Active Player: 2
2025-01-04 22:00:57,231 - STATE LOG: END
2025-01-04 22:00:57,945 - STATE LOG: BEGIN
2025-01-04 22:00:57,945 - Noah's Hand: [9D, 5D, 8H, 4S, 6C, 2S, JC]
2025-01-04 22:00:57,945 - Eve's Hand: [3S, 4D, 8S, TD]
2025-01-04 22:00:57,945 - Boss: Rank: 12 | Suit S | Attack 15 | Health 13
2025-01-04 22:00:57,945 - Tavern: [9S, 5C, 7S, 5H, 8C, JH, AS]
2025-01-04 22:00:57,945 - Castle: [KH, KC, KD, KS, QH, QC, QD]
2025-01-04 22:00:57,945 - Discard: [AD, 3H, 2D, 6H, 4C, 2C, 3D, TC, 4H, 7H, 7C, 9H, JD, 6S, JS, 7D, TS, 5S, 3C, 9C, AC, TH]
2025-01-04 22:00:57,945 - Active Player: 1
2025-01-04 22:00:57,945 - STATE LOG: END
2025-01-04 22:00:58,525 - STATE LOG: BEGIN
2025-01-04 22:00:58,526 - Noah's Hand: [4S, 5D, 9D]
2025-01-04 22:00:58,526 - Eve's Hand: [3S, 4D, 8S, TD]
2025-01-04 22:00:58,526 - Boss: Rank: 12 | Suit S | Attack 15 | Health 1
2025-01-04 22:00:58,526 - Tavern: [9S, 5C, 7S, 5H, 8C, JH, AS]
2025-01-04 22:00:58,526 - Castle: [KH, KC, KD, KS, QH, QC, QD]
2025-01-04 22:00:58,526 - Discard: [AD, 3H, 2D, 6H, 4C, 2C, 3D, TC, 4H, 7H, 7C, 9H, JD, 6S, JS, 7D, TS, 5S, 3C, 9C, AC, TH, 8H, 2S, JC]
2025-01-04 22:00:58,526 - Active Player: 2
2025-01-04 22:00:58,526 - STATE LOG: END
2025-01-04 22:00:58,771 - STATE LOG: BEGIN
2025-01-04 22:00:58,771 - Noah's Hand: [4S, 5D, 9D, JH, 5H, 5C]
2025-01-04 22:00:58,771 - Eve's Hand: [3S, 4D, 8S, AS, 8C, 7S, 9S]
2025-01-04 22:00:58,771 - Boss: Rank: 12 | Suit D | Attack 15 | Health 30
2025-01-04 22:00:58,771 - Tavern: []
2025-01-04 22:00:58,771 - Castle: [KH, KC, KD, KS, QH, QC]
2025-01-04 22:00:58,771 - Discard: [AD, 3H, 2D, 6H, 4C, 2C, 3D, TC, 4H, 7H, 7C, 9H, JD, 6S, JS, 7D, TS, 5S, 3C, 9C, AC, TH, 8H, 2S, JC, 8D, 6C, 2H, AH, 6D, TD, QS]
2025-01-04 22:00:58,771 - Active Player: 2
2025-01-04 22:00:58,771 - STATE LOG: END
2025-01-04 22:01:00,039 - STATE LOG: BEGIN
2025-01-04 22:01:00,039 - Noah's Hand: [4S, 5D, 9D, JH, 5H, 5C]
2025-01-04 22:01:00,039 - Eve's Hand: [3S, 4D, 7S, 8C]
2025-01-04 22:01:00,039 - Boss: Rank: 12 | Suit D | Attack 5 | Health 20
2025-01-04 22:01:00,039 - Tavern: []
2025-01-04 22:01:00,039 - Castle: [KH, KC, KD, KS, QH, QC]
2025-01-04 22:01:00,039 - Discard: [AD, 3H, 2D, 6H, 4C, 2C, 3D, TC, 4H, 7H, 7C, 9H, JD, 6S, JS, 7D, TS, 5S, 3C, 9C, AC, TH, 8H, 2S, JC, 8D, 6C, 2H, AH, 6D, TD, QS, 8S]
2025-01-04 22:01:00,039 - Active Player: 1
2025-01-04 22:01:00,039 - STATE LOG: END
2025-01-04 22:01:01,071 - STATE LOG: BEGIN
2025-01-04 22:01:01,071 - Noah's Hand: [4S, 5D, 9D, JH]
2025-01-04 22:01:01,071 - Eve's Hand: [3S, 4D, 7S, 8C]
2025-01-04 22:01:01,071 - Boss: Rank: 12 | Suit C | Attack 15 | Health 30
2025-01-04 22:01:01,071 - Tavern: [4C, TD, 2S, 3H, 6H, AH, 8H, JD, TS, 2H]
2025-01-04 22:01:01,071 - Castle: [KH, KC, KD, KS, QH]
2025-01-04 22:01:01,071 - Discard: [7D, 7C, AC, JC, AD, JS, 8S, 2C, 6D, 4H, 8D, TC, 6C, 3C, 7H, QS, 9C, 2D, 3D, 9H, 6S, TH, 5S, 5C, 5H, AS, 9S]
2025-01-04 22:01:01,071 - Active Player: 1
2025-01-04 22:01:01,071 - STATE LOG: END
2025-01-04 22:01:01,492 - STATE LOG: BEGIN
2025-01-04 22:01:01,492 - Noah's Hand: [4S, 5D, JH, QD, 6H]
2025-01-04 22:01:01,492 - Eve's Hand: [3S, 4D, 7S, 8C, 2H, JD, AH]
2025-01-04 22:01:01,492 - Boss: Rank: 12 | Suit C | Attack 15 | Health 21
2025-01-04 22:01:01,492 - Tavern: [4C, TD, 2S, 3H]
2025-01-04 22:01:01,492 - Castle: [KH, KC, KD, KS, QH]
2025-01-04 22:01:01,492 - Discard: [7D, 7C, AC, JC, AD, JS, 8S, 2C, 6D, 4H, 8D, TC, 6C, 3C, 7H, QS, 9C, 2D, 3D, 9H, 6S, TH, 5S, 5C, 5H, AS, 9S, TS, 8H]
2025-01-04 22:01:01,492 - Active Player: 2
2025-01-04 22:01:01,492 - STATE LOG: END
2025-01-04 22:01:02,908 - STATE LOG: BEGIN
2025-01-04 22:01:02,908 - Noah's Hand: [4S, 5D, JH, QD, 6H]
2025-01-04 22:01:02,908 - Eve's Hand: [2H, 4D, JD]
2025-01-04 22:01:02,908 - Boss: Rank: 12 | Suit C | Attack 7 | Health 13
2025-01-04 22:01:02,908 - Tavern: [AD, 4H, AS, TS, 3D, 6S, JC, 3C, 4C, TD, 2S, 3H]
2025-01-04 22:01:02,908 - Castle: [KH, KC, KD, KS, QH]
2025-01-04 22:01:02,908 - Discard: [7C, 2D, JS, 9S, TH, 8S, 5H, 7D, 6C, 9C, QS, 5C, 5S, 8D, 7H, 8H, AC, TC, 2C, 9H, 6D, 3S, 8C]
2025-01-04 22:01:02,908 - Active Player: 1
2025-01-04 22:01:02,908 - STATE LOG: END
2025-01-04 22:01:04,619 - STATE LOG: BEGIN
2025-01-04 22:01:04,620 - Noah's Hand: [5D, QD]
2025-01-04 22:01:04,620 - Eve's Hand: [2H, 4D, JD]
2025-01-04 22:01:04,620 - Boss: Rank: 12 | Suit C | Attack 7 | Health 2
2025-01-04 22:01:04,620 - Tavern: [8S, 7H, 2D, AC, 5H, TC, 9C, 2C, 8D, 7D, 6C, AD, 4H, AS, TS, 3D, 6S, JC, 3C, 4C, TD, 2S, 3H]
2025-01-04 22:01:04,620 - Castle: [KH, KC, KD, KS, QH]
2025-01-04 22:01:04,620 - Discard: [JS, QS, 9S, 3S, 5C, 5S, TH, 8H, 8C, 7C, 9H, 6D, 6H, 4S]
2025-01-04 22:01:04,620 - Active Player: 2
2025-01-04 22:01:04,620 - STATE LOG: END
2025-01-04 22:01:04,907 - STATE LOG: BEGIN
2025-01-04 22:01:04,907 - Noah's Hand: [5D, QD, 2S, 4C, JC, 3D, AS]
2025-01-04 22:01:04,907 - Eve's Hand: [2H, 4D, 3H, TD, 3C, 6S, TS]
2025-01-04 22:01:04,907 - Boss: Rank: 12 | Suit H | Attack 15 | Health 30
2025-01-04 22:01:04,908 - Tavern: [8S, 7H, 2D, AC, 5H, TC, 9C, 2C, 8D, 7D, 6C, AD, 4H]
2025-01-04 22:01:04,908 - Castle: [KH, KC, KD, KS]
2025-01-04 22:01:04,908 - Discard: [JS, QS, 9S, 3S, 5C, 5S, TH, 8H, 8C, 7C, 9H, 6D, 6H, 4S, 9D, JH, AH, 7S, JD, QC]
2025-01-04 22:01:04,908 - Active Player: 2
2025-01-04 22:01:04,908 - STATE LOG: END
2025-01-04 22:01:06,834 - STATE LOG: BEGIN
2025-01-04 22:01:06,834 - Noah's Hand: [5D, QD, 2S, 4C, JC, 3D, AS]
2025-01-04 22:01:06,834 - Eve's Hand: [2H, 3C, 3H, 4D, TD]
2025-01-04 22:01:06,834 - Boss: Rank: 12 | Suit H | Attack 5 | Health 20
2025-01-04 22:01:06,834 - Tavern: [8S, 7H, 2D, AC, 5H, TC, 9C, 2C, 8D, 7D, 6C, AD, 4H]
2025-01-04 22:01:06,834 - Castle: [KH, KC, KD, KS]
2025-01-04 22:01:06,834 - Discard: [JS, QS, 9S, 3S, 5C, 5S, TH, 8H, 8C, 7C, 9H, 6D, 6H, 4S, 9D, JH, AH, 7S, JD, QC, 6S]
2025-01-04 22:01:06,834 - Active Player: 1
2025-01-04 22:01:06,834 - STATE LOG: END
2025-01-04 22:01:08,813 - STATE LOG: BEGIN
2025-01-04 22:01:08,813 - Noah's Hand: [2S, 4C, 5D, JC, QD, 4H]
2025-01-04 22:01:08,813 - Eve's Hand: [2H, 3C, 3H, 4D, TD, AD, 7D]
2025-01-04 22:01:08,813 - Boss: Rank: 12 | Suit H | Attack 1 | Health 16
2025-01-04 22:01:08,813 - Tavern: [8S, 7H, 2D, AC, 5H, TC, 9C, 2C, 8D]
2025-01-04 22:01:08,813 - Castle: [KH, KC, KD, KS]
2025-01-04 22:01:08,813 - Discard: [JS, QS, 9S, 3S, 5C, 5S, TH, 8H, 8C, 7C, 9H, 6D, 6H, 4S, 9D, JH, AH, 7S, JD, QC, 6S, 6C]
2025-01-04 22:01:08,813 - Active Player: 2
2025-01-04 22:01:08,813 - STATE LOG: END
2025-01-04 22:01:10,815 - STATE LOG: BEGIN
2025-01-04 22:01:10,815 - Noah's Hand: [2S, 4C, 5D, JC, QD, 4H]
2025-01-04 22:01:10,815 - Eve's Hand: [AD, 2H, 3H, 4D, 7D, TD]
2025-01-04 22:01:10,815 - Boss: Rank: 12 | Suit H | Attack 1 | Health 16
2025-01-04 22:01:10,815 - Tavern: [8S, 7H, 2D, AC, 5H, TC, 9C, 2C, 8D]
2025-01-04 22:01:10,815 - Castle: [KH, KC, KD, KS]
2025-01-04 22:01:10,815 - Discard: [JS, QS, 9S, 3S, 5C, 5S, TH, 8H, 8C, 7C, 9H, 6D, 6H, 4S, 9D, JH, AH, 7S, JD, QC, 6S, 6C, 3C]
2025-01-04 22:01:10,815 - Active Player: 1
2025-01-04 22:01:10,815 - STATE LOG: END
2025-01-04 22:01:12,268 - STATE LOG: BEGIN
2025-01-04 22:01:12,268 - Noah's Hand: [4C, 4H, 5D, JC, QD]
2025-01-04 22:01:12,268 - Eve's Hand: [AD, 2H, 3H, 4D, 7D, TD]
2025-01-04 22:01:12,268 - Boss: Rank: 12 | Suit H | Attack 0 | Health 14
2025-01-04 22:01:12,268 - Tavern: [8S, 7H, 2D, AC, 5H, TC, 9C, 2C, 8D]
2025-01-04 22:01:12,268 - Castle: [KH, KC, KD, KS]
2025-01-04 22:01:12,268 - Discard: [JS, QS, 9S, 3S, 5C, 5S, TH, 8H, 8C, 7C, 9H, 6D, 6H, 4S, 9D, JH, AH, 7S, JD, QC, 6S, 6C, 3C]
2025-01-04 22:01:12,268 - Active Player: 2
2025-01-04 22:01:12,268 - STATE LOG: END
2025-01-04 22:01:14,270 - STATE LOG: BEGIN
2025-01-04 22:01:14,270 - Noah's Hand: [4C, 4H, 5D, JC, QD, 2C, TC]
2025-01-04 22:01:14,270 - Eve's Hand: [AD, 2H, 3H, 7D, TD, 8D, 9C]
2025-01-04 22:01:14,270 - Boss: Rank: 12 | Suit H | Attack 0 | Health 10
2025-01-04 22:01:14,270 - Tavern: [8S, 7H, 2D, AC, 5H]
2025-01-04 22:01:14,270 - Castle: [KH, KC, KD, KS]
2025-01-04 22:01:14,270 - Discard: [JS, QS, 9S, 3S, 5C, 5S, TH, 8H, 8C, 7C, 9H, 6D, 6H, 4S, 9D, JH, AH, 7S, JD, QC, 6S, 6C, 3C]
2025-01-04 22:01:14,270 - Active Player: 1
2025-01-04 22:01:14,270 - STATE LOG: END
2025-01-04 22:01:16,185 - STATE LOG: BEGIN
2025-01-04 22:01:16,185 - Noah's Hand: [2C, 4C, 4H, 5D, TC, JC, QD]
2025-01-04 22:01:16,185 - Eve's Hand: [AD, 2H, 3H, 7D, TD, 8D, 9C]
2025-01-04 22:01:16,185 - Boss: Rank: 12 | Suit H | Attack 0 | Health 10
2025-01-04 22:01:16,185 - Tavern: [8S, 7H, 2D, AC, 5H]
2025-01-04 22:01:16,185 - Castle: [KH, KC, KD, KS]
2025-01-04 22:01:16,185 - Discard: [JS, QS, 9S, 3S, 5C, 5S, TH, 8H, 8C, 7C, 9H, 6D, 6H, 4S, 9D, JH, AH, 7S, JD, QC, 6S, 6C, 3C]
2025-01-04 22:01:16,185 - Active Player: 2
2025-01-04 22:01:16,185 - STATE LOG: END
2025-01-04 22:01:18,138 - STATE LOG: BEGIN
2025-01-04 22:01:18,138 - Noah's Hand: [2C, 4C, 4H, 5D, TC, JC, QD]
2025-01-04 22:01:18,139 - Eve's Hand: [AD, 3H, 7D, 8D, 9C, TD]
2025-01-04 22:01:18,139 - Boss: Rank: 12 | Suit H | Attack 0 | Health 8
2025-01-04 22:01:18,139 - Tavern: [8S, 7H, 2D, AC, 5H]
2025-01-04 22:01:18,139 - Castle: [KH, KC, KD, KS]
2025-01-04 22:01:18,139 - Discard: [JS, QS, 9S, 3S, 5C, 5S, TH, 8H, 8C, 7C, 9H, 6D, 6H, 4S, 9D, JH, AH, 7S, JD, QC, 6S, 6C, 3C]
2025-01-04 22:01:18,139 - Active Player: 1
2025-01-04 22:01:18,139 - STATE LOG: END
2025-01-04 22:01:20,041 - STATE LOG: BEGIN
2025-01-04 22:01:20,041 - Noah's Hand: [2C, 4C, 4H, TC, JC, QD, 5H]
2025-01-04 22:01:20,041 - Eve's Hand: [AD, 3H, 7D, 8D, 9C, TD, AC]
2025-01-04 22:01:20,041 - Boss: Rank: 12 | Suit H | Attack 0 | Health 3
2025-01-04 22:01:20,041 - Tavern: [8S, 7H, 2D]
2025-01-04 22:01:20,041 - Castle: [KH, KC, KD, KS]
2025-01-04 22:01:20,041 - Discard: [JS, QS, 9S, 3S, 5C, 5S, TH, 8H, 8C, 7C, 9H, 6D, 6H, 4S, 9D, JH, AH, 7S, JD, QC, 6S, 6C, 3C]
2025-01-04 22:01:20,041 - Active Player: 2
2025-01-04 22:01:20,041 - STATE LOG: END
2025-01-04 22:01:21,901 - STATE LOG: BEGIN
2025-01-04 22:01:21,901 - Noah's Hand: [2C, 4C, 4H, TC, JC, QD, 5H]
2025-01-04 22:01:21,901 - Eve's Hand: [AD, 3H, 7D, 8D, 9C, TD]
2025-01-04 22:01:21,901 - Boss: Rank: 12 | Suit H | Attack 0 | Health 1
2025-01-04 22:01:21,901 - Tavern: [8S, 7H, 2D]
2025-01-04 22:01:21,901 - Castle: [KH, KC, KD, KS]
2025-01-04 22:01:21,901 - Discard: [JS, QS, 9S, 3S, 5C, 5S, TH, 8H, 8C, 7C, 9H, 6D, 6H, 4S, 9D, JH, AH, 7S, JD, QC, 6S, 6C, 3C]
2025-01-04 22:01:21,901 - Active Player: 1
2025-01-04 22:01:21,901 - STATE LOG: END
2025-01-04 22:01:23,623 - STATE LOG: BEGIN
2025-01-04 22:01:23,623 - Noah's Hand: [2C, 4C, 4H, 5H, TC, JC, QD]
2025-01-04 22:01:23,623 - Eve's Hand: [AD, 3H, 7D, 8D, 9C, TD]
2025-01-04 22:01:23,623 - Boss: Rank: 12 | Suit H | Attack 0 | Health 1
2025-01-04 22:01:23,623 - Tavern: [8S, 7H, 2D]
2025-01-04 22:01:23,623 - Castle: [KH, KC, KD, KS]
2025-01-04 22:01:23,623 - Discard: [JS, QS, 9S, 3S, 5C, 5S, TH, 8H, 8C, 7C, 9H, 6D, 6H, 4S, 9D, JH, AH, 7S, JD, QC, 6S, 6C, 3C]
2025-01-04 22:01:23,623 - Active Player: 2
2025-01-04 22:01:23,623 - STATE LOG: END
2025-01-04 22:01:25,383 - STATE LOG: BEGIN
2025-01-04 22:01:25,384 - Noah's Hand: [2C, 4C, 4H, 5H, TC, JC, QD]
2025-01-04 22:01:25,384 - Eve's Hand: [AD, 3H, 8D, 9C, TD, 2D, 7H]
2025-01-04 22:01:25,384 - Boss: Rank: 13 | Suit S | Attack 20 | Health 40
2025-01-04 22:01:25,384 - Tavern: [8S]
2025-01-04 22:01:25,384 - Castle: [KH, KC, KD]
2025-01-04 22:01:25,384 - Discard: [JS, QS, 9S, 3S, 5C, 5S, TH, 8H, 8C, 7C, 9H, 6D, 6H, 4S, 9D, JH, AH, 7S, JD, QC, 6S, 6C, 3C, AS, 3D, 2S, 5D, TS, 4D, 2H, AC, 7D, QH]
2025-01-04 22:01:25,384 - Active Player: 2
2025-01-04 22:01:25,384 - STATE LOG: END
2025-01-04 22:01:26,780 - STATE LOG: BEGIN
2025-01-04 22:01:26,780 - Noah's Hand: [2C, 4C, 4H, 5H, TC, JC, QD]
2025-01-04 22:01:26,780 - Eve's Hand: [2D, 8D, TD]
2025-01-04 22:01:26,780 - Boss: Rank: 13 | Suit S | Attack 20 | Health 32
2025-01-04 22:01:26,780 - Tavern: [7C, 6D, 3D, QC, JH, TS, TH]
2025-01-04 22:01:26,780 - Castle: [KH, KC, KD]
2025-01-04 22:01:26,780 - Discard: [9H, JS, QS, AC, 9S, 5C, 8C, 9D, 2H, 5S, AS, 2S, 6H, 3S, AH, 8H, 6S, 5D, JD, QH, 7D, 4S, 6C, 4D, 7S, 3H, 3C, 8S, 9C]
2025-01-04 22:01:26,780 - Active Player: 1
2025-01-04 22:01:26,780 - STATE LOG: END
2025-01-04 22:01:27,522 - STATE LOG: BEGIN
2025-01-04 22:01:27,522 - Noah's Hand: [QD]
2025-01-04 22:01:27,522 - Eve's Hand: [2D, 8D, TD]
2025-01-04 22:01:27,522 - Boss: Rank: 13 | Suit S | Attack 20 | Health 16
2025-01-04 22:01:27,522 - Tavern: [5D, 7D, 8C, 3C, JS, 6C, 9H, 2H, 7C, 6D, 3D, QC, JH, TS, TH]
2025-01-04 22:01:27,522 - Castle: [KH, KC, KD]
2025-01-04 22:01:27,522 - Discard: [6H, 9D, 3S, 9S, 5S, 8H, 3H, 8S, AC, JD, AH, 7S, QH, AS, 2S, QS, 4D, 4S, 6S, 5C, 9C, JC, 2C, 5H, TC]
2025-01-04 22:01:27,522 - Active Player: 2
2025-01-04 22:01:27,522 - STATE LOG: END
2025-01-04 22:01:27,851 - STATE LOG: BEGIN
2025-01-04 22:01:27,851 - Noah's Hand: [QD, TS, QC, 6D, 2H, 6C]
2025-01-04 22:01:27,851 - Eve's Hand: [2D, 8D, JH, 3D]
2025-01-04 22:01:27,851 - Boss: Rank: 13 | Suit S | Attack 20 | Health 6
2025-01-04 22:01:27,851 - Tavern: [5D, 7D, 8C, 3C, JS]
2025-01-04 22:01:27,851 - Castle: [KH, KC, KD]
2025-01-04 22:01:27,851 - Discard: [6H, 9D, 3S, 9S, 5S, 8H, 3H, 8S, AC, JD, AH, 7S, QH, AS, 2S, QS, 4D, 4S, 6S, 5C, 9C, JC, 2C, 5H, TC, 9H, TH, 7C]
2025-01-04 22:01:27,852 - Active Player: 1
2025-01-04 22:01:27,852 - STATE LOG: END
2025-01-04 22:01:28,409 - STATE LOG: BEGIN
2025-01-04 22:01:28,410 - Noah's Hand: [TS, QC, 2H, 6C, 6D, JS, 8C]
2025-01-04 22:01:28,410 - Eve's Hand: [2D, 8D, JH, 3D, 3C, 7D, 5D]
2025-01-04 22:01:28,410 - Boss: Rank: 13 | Suit D | Attack 20 | Health 40
2025-01-04 22:01:28,410 - Tavern: []
2025-01-04 22:01:28,410 - Castle: [KH, KC]
2025-01-04 22:01:28,410 - Discard: [6H, 9D, 3S, 9S, 5S, 8H, 3H, 8S, AC, JD, AH, 7S, QH, AS, 2S, QS, 4D, 4S, 6S, 5C, 9C, JC, 2C, 5H, TC, 9H, TH, 7C, 4C, 4H, QD, AD, 7H, TD, KS]
2025-01-04 22:01:28,410 - Active Player: 1
2025-01-04 22:01:28,410 - STATE LOG: END
2025-01-04 22:01:29,699 - STATE LOG: BEGIN
2025-01-04 22:01:29,700 - Noah's Hand: [QC, 6D, 8C]
2025-01-04 22:01:29,700 - Eve's Hand: [2D, 8D, JH, 3D, 3C, 7D, 5D]
2025-01-04 22:01:29,700 - Boss: Rank: 13 | Suit D | Attack 9 | Health 29
2025-01-04 22:01:29,700 - Tavern: []
2025-01-04 22:01:29,700 - Castle: [KH, KC]
2025-01-04 22:01:29,700 - Discard: [6H, 9D, 3S, 9S, 5S, 8H, 3H, 8S, AC, JD, AH, 7S, QH, AS, 2S, QS, 4D, 4S, 6S, 5C, 9C, JC, 2C, 5H, TC, 9H, TH, 7C, 4C, 4H, QD, AD, 7H, TD, KS, 6C, 2H, TS]
2025-01-04 22:01:29,700 - Active Player: 2
2025-01-04 22:01:29,700 - STATE LOG: END
2025-01-04 22:01:30,170 - STATE LOG: BEGIN
2025-01-04 22:01:30,170 - Noah's Hand: [QC, 6D, 8C]
2025-01-04 22:01:30,170 - Eve's Hand: [2D, 5D, 7D, 8D]
2025-01-04 22:01:30,170 - Boss: Rank: 13 | Suit D | Attack 9 | Health 17
2025-01-04 22:01:30,170 - Tavern: []
2025-01-04 22:01:30,170 - Castle: [KH, KC]
2025-01-04 22:01:30,170 - Discard: [6H, 9D, 3S, 9S, 5S, 8H, 3H, 8S, AC, JD, AH, 7S, QH, AS, 2S, QS, 4D, 4S, 6S, 5C, 9C, JC, 2C, 5H, TC, 9H, TH, 7C, 4C, 4H, QD, AD, 7H, TD, KS, 6C, 2H, TS, JH]
2025-01-04 22:01:30,170 - Active Player: 1
2025-01-04 22:01:30,170 - STATE LOG: END
2025-01-04 22:01:30,261 - STATE LOG: BEGIN
2025-01-04 22:01:30,261 - Noah's Hand: []
2025-01-04 22:01:30,261 - Eve's Hand: [2D, 5D, 7D, 8D]
2025-01-04 22:01:30,261 - Boss: Rank: 13 | Suit D | Attack 9 | Health 11
2025-01-04 22:01:30,261 - Tavern: []
2025-01-04 22:01:30,261 - Castle: [KH, KC]
2025-01-04 22:01:30,261 - Discard: [6H, 9D, 3S, 9S, 5S, 8H, 3H, 8S, AC, JD, AH, 7S, QH, AS, 2S, QS, 4D, 4S, 6S, 5C, 9C, JC, 2C, 5H, TC, 9H, TH, 7C, 4C, 4H, QD, AD, 7H, TD, KS, 6C, 2H, TS, JH, 8C, QC]
2025-01-04 22:01:30,261 - Active Player: 2
2025-01-04 22:01:30,261 - STATE LOG: END
