2025-01-04 16:12:17,876 - I log states! :D
2025-01-04 16:12:17,876 - STATE LOG: BEGIN
2025-01-04 16:12:17,876 - Noah's Hand: [8S, 2S, 3S, AC, 4H, 9H, 5H]
2025-01-04 16:12:17,876 - Eve's Hand: [2D, 5D, TH, 3D, TD, 6S, 6C]
2025-01-04 16:12:17,876 - Boss: Rank: 11 | Suit H | Attack 10 | Health 20
2025-01-04 16:12:17,876 - Tavern: [9D, 5S, AS, 7D, 2H, 9C, 2C, 4S, 7S, 6D, AD, 7C, 4D, 6H, 8D, 3C, 8H, 4C, 9S, 7H, AH, TC, 8C, 3H, TS, 5C]
2025-01-04 16:12:17,876 - Castle: [KD, KC, KH, KS, QS, QD, QH, QC, JS, JC, JD]
2025-01-04 16:12:17,876 - Discard: []
2025-01-04 16:12:17,876 - Active Player: 1
2025-01-04 16:12:17,876 - STATE LOG: END
2025-01-04 16:12:26,442 - STATE LOG: BEGIN
2025-01-04 16:12:26,442 - Noah's Hand: [2S, 3S, 4H, 5H]
2025-01-04 16:12:26,442 - Eve's Hand: [2D, 5D, TH, 3D, TD, 6S, 6C]
2025-01-04 16:12:26,442 - Boss: Rank: 11 | Suit H | Attack 10 | Health 18
2025-01-04 16:12:26,442 - Tavern: [9D, 5S, AS, 7D, 2H, 9C, 2C, 4S, 7S, 6D, AD, 7C, 4D, 6H, 8D, 3C, 8H, 4C, 9S, 7H, AH, TC, 8C, 3H, TS, 5C]
2025-01-04 16:12:26,442 - Castle: [KD, KC, KH, KS, QS, QD, QH, QC, JS, JC, JD]
2025-01-04 16:12:26,443 - Discard: [9H, 8S]
2025-01-04 16:12:26,443 - Active Player: 2
2025-01-04 16:12:26,443 - STATE LOG: END
2025-01-04 16:12:30,319 - STATE LOG: BEGIN
2025-01-04 16:12:30,319 - Noah's Hand: [2S, 3S, 4H, 5H, TS, 3H]
2025-01-04 16:12:30,319 - Eve's Hand: [2D, 5D, 6C, 6S, TD]
2025-01-04 16:12:30,319 - Boss: Rank: 11 | Suit H | Attack 10 | Health 15
2025-01-04 16:12:30,319 - Tavern: [9D, 5S, AS, 7D, 2H, 9C, 2C, 4S, 7S, 6D, AD, 7C, 4D, 6H, 8D, 3C, 8H, 4C, 9S, 7H, AH, TC, 8C]
2025-01-04 16:12:30,319 - Castle: [KD, KC, KH, KS, QS, QD, QH, QC, JS, JC, JD]
2025-01-04 16:12:30,319 - Discard: [9H, 8S, 5C, TH]
2025-01-04 16:12:30,319 - Active Player: 1
2025-01-04 16:12:30,319 - STATE LOG: END
2025-01-04 16:12:35,494 - STATE LOG: BEGIN
2025-01-04 16:12:35,494 - Noah's Hand: [2S, 3H, 3S, 4H, 5H]
2025-01-04 16:12:35,494 - Eve's Hand: [2D, 5D, 6C, 6S, TD]
2025-01-04 16:12:35,494 - Boss: Rank: 11 | Suit H | Attack 0 | Health 5
2025-01-04 16:12:35,494 - Tavern: [9D, 5S, AS, 7D, 2H, 9C, 2C, 4S, 7S, 6D, AD, 7C, 4D, 6H, 8D, 3C, 8H, 4C, 9S, 7H, AH, TC, 8C]
2025-01-04 16:12:35,494 - Castle: [KD, KC, KH, KS, QS, QD, QH, QC, JS, JC, JD]
2025-01-04 16:12:35,494 - Discard: [9H, 8S, 5C, TH]
2025-01-04 16:12:35,494 - Active Player: 2
2025-01-04 16:12:35,494 - STATE LOG: END
2025-01-04 16:12:38,830 - STATE LOG: BEGIN
2025-01-04 16:12:38,830 - Noah's Hand: [2S, 3H, 3S, 4H, 5H, TC, 7H]
2025-01-04 16:12:38,830 - Eve's Hand: [2D, 6C, 6S, TD, 8C, AH, 9S]
2025-01-04 16:12:38,830 - Boss: Rank: 11 | Suit D | Attack 10 | Health 20
2025-01-04 16:12:38,830 - Tavern: [9D, 5S, AS, 7D, 2H, 9C, 2C, 4S, 7S, 6D, AD, 7C, 4D, 6H, 8D, 3C, 8H, 4C]
2025-01-04 16:12:38,830 - Castle: [KD, KC, KH, KS, QS, QD, QH, QC, JS, JC]
2025-01-04 16:12:38,830 - Discard: [9H, 8S, 5C, TH, AC, TS, 3D, 5D]
2025-01-04 16:12:38,830 - Active Player: 2
2025-01-04 16:12:38,830 - STATE LOG: END
2025-01-04 16:12:47,434 - STATE LOG: BEGIN
2025-01-04 16:12:47,435 - Noah's Hand: [2S, 3H, 3S, 4H, 5H, TC, 7H]
2025-01-04 16:12:47,435 - Eve's Hand: [2D, 6C, 6S, 8C, TD]
2025-01-04 16:12:47,435 - Boss: Rank: 11 | Suit D | Attack 0 | Health 10
2025-01-04 16:12:47,435 - Tavern: [AC, TS, 9H, 5C, 8S, TH, 3D, 5D, 9D, 5S, AS, 7D, 2H, 9C, 2C, 4S, 7S, 6D, AD, 7C, 4D, 6H, 8D, 3C, 8H, 4C]
2025-01-04 16:12:47,435 - Castle: [KD, KC, KH, KS, QS, QD, QH, QC, JS, JC]
2025-01-04 16:12:47,435 - Discard: []
2025-01-04 16:12:47,435 - Active Player: 1
2025-01-04 16:12:47,435 - STATE LOG: END
2025-01-04 16:12:57,440 - STATE LOG: BEGIN
2025-01-04 16:12:57,441 - Noah's Hand: [2S, 3H, 3S, 4H, 5H, 7H, TC]
2025-01-04 16:12:57,441 - Eve's Hand: [2D, 6C, 6S, 8C, TD]
2025-01-04 16:12:57,441 - Boss: Rank: 11 | Suit D | Attack 0 | Health 10
2025-01-04 16:12:57,441 - Tavern: [AC, TS, 9H, 5C, 8S, TH, 3D, 5D, 9D, 5S, AS, 7D, 2H, 9C, 2C, 4S, 7S, 6D, AD, 7C, 4D, 6H, 8D, 3C, 8H, 4C]
2025-01-04 16:12:57,441 - Castle: [KD, KC, KH, KS, QS, QD, QH, QC, JS, JC]
2025-01-04 16:12:57,441 - Discard: []
2025-01-04 16:12:57,441 - Active Player: 2
2025-01-04 16:12:57,441 - STATE LOG: END
2025-01-04 16:13:04,092 - STATE LOG: BEGIN
2025-01-04 16:13:04,092 - Noah's Hand: [2S, 3H, 3S, 4H, 5H, 7H, TC]
2025-01-04 16:13:04,092 - Eve's Hand: [2D, 6C, 8C, TD]
2025-01-04 16:13:04,092 - Boss: Rank: 11 | Suit D | Attack 0 | Health 4
2025-01-04 16:13:04,092 - Tavern: [AC, TS, 9H, 5C, 8S, TH, 3D, 5D, 9D, 5S, AS, 7D, 2H, 9C, 2C, 4S, 7S, 6D, AD, 7C, 4D, 6H, 8D, 3C, 8H, 4C]
2025-01-04 16:13:04,092 - Castle: [KD, KC, KH, KS, QS, QD, QH, QC, JS, JC]
2025-01-04 16:13:04,092 - Discard: []
2025-01-04 16:13:04,092 - Active Player: 1
2025-01-04 16:13:04,092 - STATE LOG: END
2025-01-04 16:13:10,197 - STATE LOG: BEGIN
2025-01-04 16:13:10,197 - Noah's Hand: [2S, 3H, 3S, 5H, 7H, TC]
2025-01-04 16:13:10,197 - Eve's Hand: [2D, 6C, 8C, TD]
2025-01-04 16:13:10,197 - Boss: Rank: 11 | Suit C | Attack 10 | Health 20
2025-01-04 16:13:10,197 - Tavern: [AC, TS, 9H, 5C, 8S, TH, 3D, 5D, 9D, 5S, AS, 7D, 2H, 9C, 2C, 4S, 7S, 6D, AD, 7C, 4D, 6H, 8D, 3C, 8H, 4C]
2025-01-04 16:13:10,197 - Castle: [KD, KC, KH, KS, QS, QD, QH, QC, JS]
2025-01-04 16:13:10,197 - Discard: [4H, AH, 9S, 6S]
2025-01-04 16:13:10,197 - Active Player: 1
2025-01-04 16:13:10,197 - STATE LOG: END
2025-01-04 16:13:14,111 - STATE LOG: BEGIN
2025-01-04 16:13:14,112 - Noah's Hand: [2S, 3H, 3S]
2025-01-04 16:13:14,112 - Eve's Hand: [2D, 6C, 8C, TD]
2025-01-04 16:13:14,112 - Boss: Rank: 11 | Suit C | Attack 10 | Health 10
2025-01-04 16:13:14,112 - Tavern: [AC, TS, 9H, 5C, 8S, TH, 3D, 5D, 9D, 5S, AS, 7D, 2H, 9C, 2C, 4S, 7S, 6D, AD, 7C, 4D, 6H, 8D, 3C, 8H, 4C]
2025-01-04 16:13:14,112 - Castle: [KD, KC, KH, KS, QS, QD, QH, QC, JS]
2025-01-04 16:13:14,112 - Discard: [4H, AH, 9S, 6S, 7H, 5H]
2025-01-04 16:13:14,112 - Active Player: 2
2025-01-04 16:13:14,112 - STATE LOG: END
2025-01-04 16:13:14,897 - STATE LOG: BEGIN
2025-01-04 16:13:14,897 - Noah's Hand: [2S, 3H, 3S, JH]
2025-01-04 16:13:14,897 - Eve's Hand: [6C, 8C, TD]
2025-01-04 16:13:14,897 - Boss: Rank: 11 | Suit C | Attack 10 | Health 8
2025-01-04 16:13:14,897 - Tavern: [AC, TS, 9H, 5C, 8S, TH, 3D, 5D, 9D, 5S, AS, 7D, 2H, 9C, 2C, 4S, 7S, 6D, AD, 7C, 4D, 6H, 8D, 3C, 8H, 4C]
2025-01-04 16:13:14,897 - Castle: [KD, KC, KH, KS, QS, QD, QH, QC, JS]
2025-01-04 16:13:14,897 - Discard: [4H, AH, 9S, 6S, 7H, 5H, JD]
2025-01-04 16:13:14,897 - Active Player: 1
2025-01-04 16:13:14,897 - STATE LOG: END
2025-01-04 16:13:16,277 - STATE LOG: BEGIN
2025-01-04 16:13:16,277 - Noah's Hand: [2S]
2025-01-04 16:13:16,277 - Eve's Hand: [6C, 8C, TD]
2025-01-04 16:13:16,277 - Boss: Rank: 11 | Suit C | Attack 4 | Health 2
2025-01-04 16:13:16,277 - Tavern: [5H, 6S, 9S, JD, 4H, AH, AC, TS, 9H, 5C, 8S, TH, 3D, 5D, 9D, 5S, AS, 7D, 2H, 9C, 2C, 4S, 7S, 6D, AD, 7C, 4D, 6H, 8D, 3C, 8H, 4C]
2025-01-04 16:13:16,277 - Castle: [KD, KC, KH, KS, QS, QD, QH, QC, JS]
2025-01-04 16:13:16,277 - Discard: [7H, JH]
2025-01-04 16:13:16,277 - Active Player: 2
2025-01-04 16:13:16,277 - STATE LOG: END
2025-01-04 16:13:17,522 - STATE LOG: BEGIN
2025-01-04 16:13:17,522 - Noah's Hand: [2S, 8H, 8D, 4D, AD, 7S]
2025-01-04 16:13:17,522 - Eve's Hand: [6C, 8C, 4C, 3C, 6H, 7C, 6D]
2025-01-04 16:13:17,522 - Boss: Rank: 11 | Suit S | Attack 10 | Health 20
2025-01-04 16:13:17,522 - Tavern: [5H, 6S, 9S, JD, 4H, AH, AC, TS, 9H, 5C, 8S, TH, 3D, 5D, 9D, 5S, AS, 7D, 2H, 9C, 2C, 4S]
2025-01-04 16:13:17,522 - Castle: [KD, KC, KH, KS, QS, QD, QH, QC]
2025-01-04 16:13:17,522 - Discard: [7H, JH, TC, 3H, 3S, 2D, TD, JC]
2025-01-04 16:13:17,522 - Active Player: 2
2025-01-04 16:13:17,522 - STATE LOG: END
2025-01-04 16:13:21,344 - STATE LOG: BEGIN
2025-01-04 16:13:21,344 - Noah's Hand: [2S, 8H, 8D, 4D, AD, 7S]
2025-01-04 16:13:21,344 - Eve's Hand: [4C, 6C, 6D, 6H]
2025-01-04 16:13:21,344 - Boss: Rank: 11 | Suit S | Attack 10 | Health 14
2025-01-04 16:13:21,344 - Tavern: [5H, 6S, 9S, JD, 4H, AH, AC, TS, 9H, 5C, 8S, TH, 3D, 5D, 9D, 5S, AS, 7D, 2H, 9C, 2C, 4S]
2025-01-04 16:13:21,344 - Castle: [KD, KC, KH, KS, QS, QD, QH, QC]
2025-01-04 16:13:21,344 - Discard: [7H, JH, TC, 3H, 3S, 2D, TD, JC, 8C, 7C]
2025-01-04 16:13:21,344 - Active Player: 1
2025-01-04 16:13:21,344 - STATE LOG: END
2025-01-04 16:13:21,503 - STATE LOG: BEGIN
2025-01-04 16:13:21,503 - Noah's Hand: [AD, 2S, 7S, 8D, 8H]
2025-01-04 16:13:21,503 - Eve's Hand: [4C, 6C, 6D, 6H, 2C, 2H]
2025-01-04 16:13:21,503 - Boss: Rank: 11 | Suit S | Attack 10 | Health 10
2025-01-04 16:13:21,503 - Tavern: [5H, 6S, 9S, JD, 4H, AH, AC, TS, 9H, 5C, 8S, TH, 3D, 5D, 9D, 5S, AS, 7D]
2025-01-04 16:13:21,504 - Castle: [KD, KC, KH, KS, QS, QD, QH, QC]
2025-01-04 16:13:21,504 - Discard: [7H, JH, TC, 3H, 3S, 2D, TD, JC, 8C, 7C, 9C, 4S]
2025-01-04 16:13:21,504 - Active Player: 2
2025-01-04 16:13:21,504 - STATE LOG: END
2025-01-04 16:13:28,424 - STATE LOG: BEGIN
2025-01-04 16:13:28,425 - Noah's Hand: [AD, 2S, 7S, 8D, 8H]
2025-01-04 16:13:28,425 - Eve's Hand: [4C, 6C]
2025-01-04 16:13:28,425 - Boss: Rank: 11 | Suit S | Attack 10 | Health 2
2025-01-04 16:13:28,425 - Tavern: [7H, JC, 8C, 7C, 5H, 6S, 9S, JD, 4H, AH, AC, TS, 9H, 5C, 8S, TH, 3D, 5D, 9D, 5S, AS, 7D]
2025-01-04 16:13:28,425 - Castle: [KD, KC, KH, KS, QS, QD, QH, QC]
2025-01-04 16:13:28,425 - Discard: [4S, 2D, 9C, TC, JH, 3S, TD, 3H, 6H, 6D]
2025-01-04 16:13:28,425 - Active Player: 1
2025-01-04 16:13:28,425 - STATE LOG: END
2025-01-04 16:13:31,102 - STATE LOG: BEGIN
2025-01-04 16:13:31,102 - Noah's Hand: [AD, 2S, 7S, 8H, 7D, 5S, 5D]
2025-01-04 16:13:31,102 - Eve's Hand: [4C, 6C, AS, 9D, 3D, TH, 8S]
2025-01-04 16:13:31,102 - Boss: Rank: 12 | Suit C | Attack 15 | Health 30
2025-01-04 16:13:31,102 - Tavern: [7H, JC, 8C, 7C, 5H, 6S, 9S, JD, 4H, AH, AC, TS, 9H, 5C]
2025-01-04 16:13:31,102 - Castle: [KD, KC, KH, KS, QS, QD, QH]
2025-01-04 16:13:31,102 - Discard: [4S, 2D, 9C, TC, JH, 3S, TD, 3H, 6H, 6D, 4D, 8D, 3C, 2C, 2H, JS]
2025-01-04 16:13:31,102 - Active Player: 1
2025-01-04 16:13:31,102 - STATE LOG: END
2025-01-04 16:13:41,104 - STATE LOG: BEGIN
2025-01-04 16:13:41,106 - Noah's Hand: [AD, 2S, 5D, 5S, 7D]
2025-01-04 16:13:41,106 - Eve's Hand: [4C, 6C, AS, 9D, 3D, TH, 8S]
2025-01-04 16:13:41,106 - Boss: Rank: 12 | Suit C | Attack 8 | Health 23
2025-01-04 16:13:41,106 - Tavern: [7H, JC, 8C, 7C, 5H, 6S, 9S, JD, 4H, AH, AC, TS, 9H, 5C]
2025-01-04 16:13:41,106 - Castle: [KD, KC, KH, KS, QS, QD, QH]
2025-01-04 16:13:41,106 - Discard: [4S, 2D, 9C, TC, JH, 3S, TD, 3H, 6H, 6D, 4D, 8D, 3C, 2C, 2H, JS, 8H]
2025-01-04 16:13:41,106 - Active Player: 2
2025-01-04 16:13:41,106 - STATE LOG: END
2025-01-04 16:13:51,107 - STATE LOG: BEGIN
2025-01-04 16:13:51,108 - Noah's Hand: [AD, 2S, 5D, 5S, 7D]
2025-01-04 16:13:51,108 - Eve's Hand: [3D, 4C, 8S, 9D]
2025-01-04 16:13:51,108 - Boss: Rank: 12 | Suit C | Attack 1 | Health 16
2025-01-04 16:13:51,108 - Tavern: [7H, JC, 8C, 7C, 5H, 6S, 9S, JD, 4H, AH, AC, TS, 9H, 5C]
2025-01-04 16:13:51,108 - Castle: [KD, KC, KH, KS, QS, QD, QH]
2025-01-04 16:13:51,108 - Discard: [4S, 2D, 9C, TC, JH, 3S, TD, 3H, 6H, 6D, 4D, 8D, 3C, 2C, 2H, JS, 8H, TH]
2025-01-04 16:13:51,108 - Active Player: 1
2025-01-04 16:13:51,108 - STATE LOG: END
2025-01-04 16:14:01,109 - STATE LOG: BEGIN
2025-01-04 16:14:01,110 - Noah's Hand: [AD, 5D, 5S, 7D]
2025-01-04 16:14:01,110 - Eve's Hand: [3D, 4C, 8S, 9D]
2025-01-04 16:14:01,110 - Boss: Rank: 12 | Suit C | Attack 0 | Health 14
2025-01-04 16:14:01,110 - Tavern: [7H, JC, 8C, 7C, 5H, 6S, 9S, JD, 4H, AH, AC, TS, 9H, 5C]
2025-01-04 16:14:01,110 - Castle: [KD, KC, KH, KS, QS, QD, QH]
2025-01-04 16:14:01,110 - Discard: [4S, 2D, 9C, TC, JH, 3S, TD, 3H, 6H, 6D, 4D, 8D, 3C, 2C, 2H, JS, 8H, TH]
2025-01-04 16:14:01,110 - Active Player: 2
2025-01-04 16:14:01,110 - STATE LOG: END
2025-01-04 16:14:11,112 - STATE LOG: BEGIN
2025-01-04 16:14:11,113 - Noah's Hand: [AD, 5D, 5S, 7D]
2025-01-04 16:14:11,113 - Eve's Hand: [3D, 4C, 8S, 9D]
2025-01-04 16:14:11,113 - Boss: Rank: 12 | Suit C | Attack 0 | Health 14
2025-01-04 16:14:11,113 - Tavern: [7H, JC, 8C, 7C, 5H, 6S, 9S, JD, 4H, AH, AC, TS, 9H, 5C]
2025-01-04 16:14:11,113 - Castle: [KD, KC, KH, KS, QS, QD, QH]
2025-01-04 16:14:11,113 - Discard: [4S, 2D, 9C, TC, JH, 3S, TD, 3H, 6H, 6D, 4D, 8D, 3C, 2C, 2H, JS, 8H, TH]
2025-01-04 16:14:11,113 - Active Player: 1
2025-01-04 16:14:11,113 - STATE LOG: END
2025-01-04 16:14:21,115 - STATE LOG: BEGIN
2025-01-04 16:14:21,116 - Noah's Hand: [AD, 5D, 5S, 5C, TS, AH, JD]
2025-01-04 16:14:21,116 - Eve's Hand: [3D, 4C, 8S, 9D, 9H, AC, 4H]
2025-01-04 16:14:21,116 - Boss: Rank: 12 | Suit C | Attack 0 | Health 7
2025-01-04 16:14:21,116 - Tavern: [7H, JC, 8C, 7C, 5H, 6S, 9S]
2025-01-04 16:14:21,116 - Castle: [KD, KC, KH, KS, QS, QD, QH]
2025-01-04 16:14:21,116 - Discard: [4S, 2D, 9C, TC, JH, 3S, TD, 3H, 6H, 6D, 4D, 8D, 3C, 2C, 2H, JS, 8H, TH]
2025-01-04 16:14:21,116 - Active Player: 2
2025-01-04 16:14:21,116 - STATE LOG: END
2025-01-04 16:14:31,117 - STATE LOG: BEGIN
2025-01-04 16:14:31,118 - Noah's Hand: [AD, 5D, 5S, 5C, TS, AH, JD]
2025-01-04 16:14:31,118 - Eve's Hand: [AC, 3D, 4H, 8S, 9D, 9H]
2025-01-04 16:14:31,118 - Boss: Rank: 12 | Suit C | Attack 0 | Health 3
2025-01-04 16:14:31,118 - Tavern: [7H, JC, 8C, 7C, 5H, 6S, 9S]
2025-01-04 16:14:31,118 - Castle: [KD, KC, KH, KS, QS, QD, QH]
2025-01-04 16:14:31,118 - Discard: [4S, 2D, 9C, TC, JH, 3S, TD, 3H, 6H, 6D, 4D, 8D, 3C, 2C, 2H, JS, 8H, TH]
2025-01-04 16:14:31,118 - Active Player: 1
2025-01-04 16:14:31,118 - STATE LOG: END
2025-01-04 16:14:41,119 - STATE LOG: BEGIN
2025-01-04 16:14:41,120 - Noah's Hand: [AD, 5C, 5S, TS, JD, 9S, 5H]
2025-01-04 16:14:41,120 - Eve's Hand: [AC, 3D, 4H, 8S, 9D, 9H, 6S]
2025-01-04 16:14:41,120 - Boss: Rank: 12 | Suit H | Attack 15 | Health 30
2025-01-04 16:14:41,120 - Tavern: [2H, 8D, 3S, 6D, 4D, 3H, 7H, JC, 8C, 7C]
2025-01-04 16:14:41,120 - Castle: [KD, KC, KH, KS, QS, QD]
2025-01-04 16:14:41,120 - Discard: [JS, JH, 4S, TD, 2D, 3C, 2C, 6H, 8H, 9C, TC, TH, 7S, 2S, 7D, AH, 5D, AS, 6C, 4C, QC]
2025-01-04 16:14:41,120 - Active Player: 1
2025-01-04 16:14:41,120 - STATE LOG: END
2025-01-04 16:14:51,122 - STATE LOG: BEGIN
2025-01-04 16:14:51,123 - Noah's Hand: [AD, 5C, 5H, 5S, TS]
2025-01-04 16:14:51,123 - Eve's Hand: [AC, 3D, 4H, 8S, 9D, 9H, 6S]
2025-01-04 16:14:51,123 - Boss: Rank: 12 | Suit H | Attack 6 | Health 21
2025-01-04 16:14:51,123 - Tavern: [2H, 8D, 3S, 6D, 4D, 3H, 7H, JC, 8C, 7C]
2025-01-04 16:14:51,123 - Castle: [KD, KC, KH, KS, QS, QD]
2025-01-04 16:14:51,123 - Discard: [JS, JH, 4S, TD, 2D, 3C, 2C, 6H, 8H, 9C, TC, TH, 7S, 2S, 7D, AH, 5D, AS, 6C, 4C, QC, JD]
2025-01-04 16:14:51,123 - Active Player: 2
2025-01-04 16:14:51,123 - STATE LOG: END
2025-01-04 16:15:01,124 - STATE LOG: BEGIN
2025-01-04 16:15:01,125 - Noah's Hand: [AD, 5C, 5H, 5S, TS]
2025-01-04 16:15:01,125 - Eve's Hand: [3D, 4H, 6S, 8S, 9D]
2025-01-04 16:15:01,125 - Boss: Rank: 12 | Suit H | Attack 6 | Health 19
2025-01-04 16:15:01,125 - Tavern: [2H, 8D, 3S, 6D, 4D, 3H, 7H, JC, 8C, 7C]
2025-01-04 16:15:01,125 - Castle: [KD, KC, KH, KS, QS, QD]
2025-01-04 16:15:01,125 - Discard: [JS, JH, 4S, TD, 2D, 3C, 2C, 6H, 8H, 9C, TC, TH, 7S, 2S, 7D, AH, 5D, AS, 6C, 4C, QC, JD, 9H]
2025-01-04 16:15:01,125 - Active Player: 1
2025-01-04 16:15:01,125 - STATE LOG: END
2025-01-04 16:15:08,482 - STATE LOG: BEGIN
2025-01-04 16:15:08,483 - Noah's Hand: [AD, 5C, 5H, 5S]
2025-01-04 16:15:08,483 - Eve's Hand: [3D, 4H, 6S, 8S, 9D]
2025-01-04 16:15:08,483 - Boss: Rank: 12 | Suit H | Attack 6 | Health 19
2025-01-04 16:15:08,483 - Tavern: [2H, 8D, 3S, 6D, 4D, 3H, 7H, JC, 8C, 7C]
2025-01-04 16:15:08,483 - Castle: [KD, KC, KH, KS, QS, QD]
2025-01-04 16:15:08,483 - Discard: [JS, JH, 4S, TD, 2D, 3C, 2C, 6H, 8H, 9C, TC, TH, 7S, 2S, 7D, AH, 5D, AS, 6C, 4C, QC, JD, 9H, TS]
2025-01-04 16:15:08,483 - Active Player: 2
2025-01-04 16:15:08,483 - STATE LOG: END
2025-01-04 16:15:14,861 - STATE LOG: BEGIN
2025-01-04 16:15:14,861 - Noah's Hand: [AD, 5C, 5H, 5S]
2025-01-04 16:15:14,861 - Eve's Hand: [3D, 4H, 8S, 9D]
2025-01-04 16:15:14,861 - Boss: Rank: 12 | Suit H | Attack 0 | Health 13
2025-01-04 16:15:14,861 - Tavern: [2H, 8D, 3S, 6D, 4D, 3H, 7H, JC, 8C, 7C]
2025-01-04 16:15:14,861 - Castle: [KD, KC, KH, KS, QS, QD]
2025-01-04 16:15:14,861 - Discard: [JS, JH, 4S, TD, 2D, 3C, 2C, 6H, 8H, 9C, TC, TH, 7S, 2S, 7D, AH, 5D, AS, 6C, 4C, QC, JD, 9H, TS]
2025-01-04 16:15:14,861 - Active Player: 1
2025-01-04 16:15:14,861 - STATE LOG: END
2025-01-04 16:15:18,065 - STATE LOG: BEGIN
2025-01-04 16:15:18,066 - Noah's Hand: [5H, 5S, 7C, JC, 3H]
2025-01-04 16:15:18,066 - Eve's Hand: [3D, 4H, 8S, 9D, 8C, 7H, 4D]
2025-01-04 16:15:18,066 - Boss: Rank: 12 | Suit H | Attack 0 | Health 1
2025-01-04 16:15:18,066 - Tavern: [2H, 8D, 3S, 6D]
2025-01-04 16:15:18,066 - Castle: [KD, KC, KH, KS, QS, QD]
2025-01-04 16:15:18,066 - Discard: [JS, JH, 4S, TD, 2D, 3C, 2C, 6H, 8H, 9C, TC, TH, 7S, 2S, 7D, AH, 5D, AS, 6C, 4C, QC, JD, 9H, TS]
2025-01-04 16:15:18,066 - Active Player: 2
2025-01-04 16:15:18,066 - STATE LOG: END
2025-01-04 16:15:24,674 - STATE LOG: BEGIN
2025-01-04 16:15:24,674 - Noah's Hand: [5H, 5S, 7C, JC, 3H, 3S, 8D]
2025-01-04 16:15:24,674 - Eve's Hand: [4D, 4H, 7H, 8C, 8S, 9D, 6D]
2025-01-04 16:15:24,674 - Boss: Rank: 12 | Suit D | Attack 15 | Health 30
2025-01-04 16:15:24,674 - Tavern: [2H]
2025-01-04 16:15:24,674 - Castle: [KD, KC, KH, KS, QS]
2025-01-04 16:15:24,674 - Discard: [JS, JH, 4S, TD, 2D, 3C, 2C, 6H, 8H, 9C, TC, TH, 7S, 2S, 7D, AH, 5D, AS, 6C, 4C, QC, JD, 9H, TS, 9S, AD, 5C, AC, 6S, 3D, QH]
2025-01-04 16:15:24,674 - Active Player: 2
2025-01-04 16:15:24,674 - STATE LOG: END
2025-01-04 16:15:28,965 - STATE LOG: BEGIN
2025-01-04 16:15:28,965 - Noah's Hand: [5H, 5S, 7C, JC, 3H, 3S, 8D]
2025-01-04 16:15:28,965 - Eve's Hand: [4D, 4H, 6D, 7H, 8C]
2025-01-04 16:15:28,965 - Boss: Rank: 12 | Suit D | Attack 7 | Health 22
2025-01-04 16:15:28,965 - Tavern: [2H]
2025-01-04 16:15:28,965 - Castle: [KD, KC, KH, KS, QS]
2025-01-04 16:15:28,965 - Discard: [JS, JH, 4S, TD, 2D, 3C, 2C, 6H, 8H, 9C, TC, TH, 7S, 2S, 7D, AH, 5D, AS, 6C, 4C, QC, JD, 9H, TS, 9S, AD, 5C, AC, 6S, 3D, QH, 9D]
2025-01-04 16:15:28,965 - Active Player: 1
2025-01-04 16:15:28,966 - STATE LOG: END
2025-01-04 16:15:37,503 - STATE LOG: BEGIN
2025-01-04 16:15:37,504 - Noah's Hand: [7C, JC, 3H, 3S, 8D]
2025-01-04 16:15:37,504 - Eve's Hand: [4D, 4H, 6D, 7H, 8C]
2025-01-04 16:15:37,504 - Boss: Rank: 12 | Suit D | Attack 0 | Health 12
2025-01-04 16:15:37,504 - Tavern: [AC, TH, 7S, 6S, TC, JD, AD, JS, 9D, QH, 2H]
2025-01-04 16:15:37,504 - Castle: [KD, KC, KH, KS, QS]
2025-01-04 16:15:37,504 - Discard: [5C, QC, 2C, 6C, 9C, TD, AS, 2S, TS, JH, 5D, 3D, 8H, AH, 2D, 3C, 7D, 4C, 6H, 9S, 4S, 9H]
2025-01-04 16:15:37,504 - Active Player: 2
2025-01-04 16:15:37,504 - STATE LOG: END
2025-01-04 16:15:41,893 - STATE LOG: BEGIN
2025-01-04 16:15:41,893 - Noah's Hand: [7C, JC, 3H, 3S, 8D]
2025-01-04 16:15:41,893 - Eve's Hand: [4D, 4H, 6D, 7H]
2025-01-04 16:15:41,893 - Boss: Rank: 12 | Suit S | Attack 15 | Health 30
2025-01-04 16:15:41,893 - Tavern: [AC, TH, 7S, 6S, TC, JD, AD, JS, 9D, QH, 2H]
2025-01-04 16:15:41,893 - Castle: [KD, KC, KH, KS]
2025-01-04 16:15:41,893 - Discard: [5C, QC, 2C, 6C, 9C, TD, AS, 2S, TS, JH, 5D, 3D, 8H, AH, 2D, 3C, 7D, 4C, 6H, 9S, 4S, 9H, 5H, 5S, 8S, 8C, QD]
2025-01-04 16:15:41,893 - Active Player: 2
2025-01-04 16:15:41,893 - STATE LOG: END
2025-01-04 16:15:43,533 - STATE LOG: BEGIN
2025-01-04 16:15:43,534 - Noah's Hand: [7C, JC, 3H, 3S, 8D, QH, JS]
2025-01-04 16:15:43,534 - Eve's Hand: [6D, 7H, 2H, 9D, AD]
2025-01-04 16:15:43,534 - Boss: Rank: 12 | Suit S | Attack 15 | Health 22
2025-01-04 16:15:43,534 - Tavern: [AS, 6C, 5D, 5H, TD, 5S, 5C, 4C, AC, TH, 7S, 6S]
2025-01-04 16:15:43,534 - Castle: [KD, KC, KH, KS]
2025-01-04 16:15:43,534 - Discard: [TS, 9C, 3C, 2D, 7D, AH, 8H, 2C, QD, 8C, 4S, 8S, 9S, 2S, JH, QC, 3D, 6H, 9H, TC, JD]
2025-01-04 16:15:43,534 - Active Player: 1
2025-01-04 16:15:43,534 - STATE LOG: END
2025-01-04 16:15:53,536 - STATE LOG: BEGIN
2025-01-04 16:15:53,537 - Noah's Hand: [7C, JC, 3H, 3S, 8D]
2025-01-04 16:15:53,537 - Eve's Hand: [6D, 7H, 2H, 9D, AD]
2025-01-04 16:15:53,537 - Boss: Rank: 12 | Suit S | Attack 15 | Health 22
2025-01-04 16:15:53,537 - Tavern: [AS, 6C, 5D, 5H, TD, 5S, 5C, 4C, AC, TH, 7S, 6S]
2025-01-04 16:15:53,537 - Castle: [KD, KC, KH, KS]
2025-01-04 16:15:53,537 - Discard: [TS, 9C, 3C, 2D, 7D, AH, 8H, 2C, QD, 8C, 4S, 8S, 9S, 2S, JH, QC, 3D, 6H, 9H, TC, JD, QH, JS]
2025-01-04 16:15:53,537 - Active Player: 2
2025-01-04 16:15:53,537 - STATE LOG: END
2025-01-04 16:16:00,063 - STATE LOG: BEGIN
2025-01-04 16:16:00,063 - Noah's Hand: [7C, JC, 3H, 3S, 8D, 7S, AC]
2025-01-04 16:16:00,063 - Eve's Hand: [2H, 6D, 9D, 6S]
2025-01-04 16:16:00,063 - Boss: Rank: 12 | Suit S | Attack 15 | Health 14
2025-01-04 16:16:00,063 - Tavern: [3D, 9H, 8S, 8C, 6H, 8H, TC, QH, AS, 6C, 5D, 5H, TD, 5S]
2025-01-04 16:16:00,063 - Castle: [KD, KC, KH, KS]
2025-01-04 16:16:00,063 - Discard: [3C, 4S, 2S, 9S, JD, 2C, AH, QD, QC, 7D, 2D, TS, JS, 9C, JH, 5C, 4C, TH]
2025-01-04 16:16:00,063 - Active Player: 1
2025-01-04 16:16:00,064 - STATE LOG: END
2025-01-04 16:16:05,075 - STATE LOG: BEGIN
2025-01-04 16:16:05,075 - Noah's Hand: [AC, 7C, JC, 3H]
2025-01-04 16:16:05,075 - Eve's Hand: [2H, 6D, 9D, 6S, TD, 5H, 5D]
2025-01-04 16:16:05,075 - Boss: Rank: 12 | Suit S | Attack 15 | Health 6
2025-01-04 16:16:05,075 - Tavern: [3D, 9H, 8S, 8C, 6H, 8H, TC, QH, AS, 6C]
2025-01-04 16:16:05,075 - Castle: [KD, KC, KH, KS]
2025-01-04 16:16:05,075 - Discard: [3C, 4S, 2S, 9S, JD, 2C, AH, QD, QC, 7D, 2D, TS, JS, 9C, JH, 5C, 4C, TH, 5S, 7S, 3S]
2025-01-04 16:16:05,076 - Active Player: 2
2025-01-04 16:16:05,076 - STATE LOG: END
2025-01-04 16:16:10,021 - STATE LOG: BEGIN
2025-01-04 16:16:10,022 - Noah's Hand: [AC, 7C, JC, 3H, AS, QH, TC]
2025-01-04 16:16:10,022 - Eve's Hand: [2H, 5D, 5H, 6S, 9D, TD, 6C]
2025-01-04 16:16:10,022 - Boss: Rank: 13 | Suit S | Attack 20 | Health 40
2025-01-04 16:16:10,022 - Tavern: [3D, 9H, 8S, 8C, 6H, 8H]
2025-01-04 16:16:10,022 - Castle: [KD, KC, KH]
2025-01-04 16:16:10,022 - Discard: [3C, 4S, 2S, 9S, JD, 2C, AH, QD, QC, 7D, 2D, TS, JS, 9C, JH, 5C, 4C, TH, 5S, 7S, 3S, 8D, 4D, 4H, AD, 7H, 6D]
2025-01-04 16:16:10,022 - Active Player: 2
2025-01-04 16:16:10,022 - STATE LOG: END
2025-01-04 16:16:18,105 - STATE LOG: BEGIN
2025-01-04 16:16:18,105 - Noah's Hand: [AC, 7C, JC, 3H, AS, QH, TC]
2025-01-04 16:16:18,105 - Eve's Hand: [2H, 5D, 5H, 6C, 6S]
2025-01-04 16:16:18,105 - Boss: Rank: 13 | Suit S | Attack 20 | Health 31
2025-01-04 16:16:18,105 - Tavern: [3D, 9H, 8S, 8C, 6H, 8H]
2025-01-04 16:16:18,105 - Castle: [KD, KC, KH]
2025-01-04 16:16:18,105 - Discard: [3C, 4S, 2S, 9S, JD, 2C, AH, QD, QC, 7D, 2D, TS, JS, 9C, JH, 5C, 4C, TH, 5S, 7S, 3S, 8D, 4D, 4H, AD, 7H, 6D, QS, TD]
2025-01-04 16:16:18,105 - Active Player: 1
2025-01-04 16:16:18,105 - STATE LOG: END
2025-01-04 16:16:20,730 - STATE LOG: BEGIN
2025-01-04 16:16:20,730 - Noah's Hand: [JC, AS, 3H]
2025-01-04 16:16:20,730 - Eve's Hand: [2H, 5D, 5H, 6C, 6S]
2025-01-04 16:16:20,730 - Boss: Rank: 13 | Suit S | Attack 20 | Health 15
2025-01-04 16:16:20,730 - Tavern: [3D, 9H, 8S, 8C, 6H, 8H]
2025-01-04 16:16:20,730 - Castle: [KD, KC, KH]
2025-01-04 16:16:20,730 - Discard: [3C, 4S, 2S, 9S, JD, 2C, AH, QD, QC, 7D, 2D, TS, JS, 9C, JH, 5C, 4C, TH, 5S, 7S, 3S, 8D, 4D, 4H, AD, 7H, 6D, QS, TD, QH, TC]
2025-01-04 16:16:20,730 - Active Player: 2
2025-01-04 16:16:20,730 - STATE LOG: END
2025-01-04 16:16:21,233 - STATE LOG: BEGIN
2025-01-04 16:16:21,233 - Noah's Hand: [JC, AS, 3H, 6H, 8S, 3D, TS]
2025-01-04 16:16:21,233 - Eve's Hand: [2H, 6C, 6S, 8H]
2025-01-04 16:16:21,233 - Boss: Rank: 13 | Suit S | Attack 20 | Health 5
2025-01-04 16:16:21,233 - Tavern: [QC, 2C, 4S, JD, 4D, QD, QS, TC]
2025-01-04 16:16:21,233 - Castle: [KD, KC, KH]
2025-01-04 16:16:21,233 - Discard: [TD, 5S, 3S, 7H, TH, AD, 9C, JS, 2D, 7D, 8D, 2S, 4H, 5C, AH, 9S, 7S, QH, JH, 3C, 4C, 6D, 9H, 8C]
2025-01-04 16:16:21,233 - Active Player: 1
2025-01-04 16:16:21,233 - STATE LOG: END
2025-01-04 16:16:24,145 - STATE LOG: BEGIN
2025-01-04 16:16:24,145 - Noah's Hand: [JC, AS, 6H, 8S, TS, TC, QD]
2025-01-04 16:16:24,145 - Eve's Hand: [2H, 6C, 6S, 8H, QS, 4D, JD]
2025-01-04 16:16:24,145 - Boss: Rank: 13 | Suit H | Attack 20 | Health 40
2025-01-04 16:16:24,146 - Tavern: [QH, AH, JH, 5S, JS, 9H, QC, 2C, 4S]
2025-01-04 16:16:24,146 - Castle: [KD, KC]
2025-01-04 16:16:24,146 - Discard: [8C, 3C, 7D, 3S, 9C, 7S, TD, 8D, 6D, TH, 5C, 7H, 4H, 2D, 4C, 2S, 9S, AD, AC, 7C, 3D, 3H, 9D, 5D, 5H, KS]
2025-01-04 16:16:24,146 - Active Player: 1
2025-01-04 16:16:24,146 - STATE LOG: END
2025-01-04 16:16:33,919 - STATE LOG: BEGIN
2025-01-04 16:16:33,919 - Noah's Hand: [6H, 8S, TC, TS]
2025-01-04 16:16:33,919 - Eve's Hand: [2H, 6C, 6S, 8H, QS, 4D, JD]
2025-01-04 16:16:33,919 - Boss: Rank: 13 | Suit H | Attack 8 | Health 16
2025-01-04 16:16:33,919 - Tavern: [QH, AH, JH, 5S, JS, 9H, QC, 2C, 4S]
2025-01-04 16:16:33,919 - Castle: [KD, KC]
2025-01-04 16:16:33,919 - Discard: [8C, 3C, 7D, 3S, 9C, 7S, TD, 8D, 6D, TH, 5C, 7H, 4H, 2D, 4C, 2S, 9S, AD, AC, 7C, 3D, 3H, 9D, 5D, 5H, KS, QD]
2025-01-04 16:16:33,919 - Active Player: 2
2025-01-04 16:16:33,919 - STATE LOG: END
2025-01-04 16:16:38,231 - STATE LOG: BEGIN
2025-01-04 16:16:38,231 - Noah's Hand: [6H, 8S, TC, TS]
2025-01-04 16:16:38,231 - Eve's Hand: [2H, 4D, 6C, 6S, JD]
2025-01-04 16:16:38,231 - Boss: Rank: 13 | Suit H | Attack 8 | Health 8
2025-01-04 16:16:38,231 - Tavern: [QH, AH, JH, 5S, JS, 9H, QC, 2C, 4S]
2025-01-04 16:16:38,231 - Castle: [KD, KC]
2025-01-04 16:16:38,232 - Discard: [8C, 3C, 7D, 3S, 9C, 7S, TD, 8D, 6D, TH, 5C, 7H, 4H, 2D, 4C, 2S, 9S, AD, AC, 7C, 3D, 3H, 9D, 5D, 5H, KS, QD, QS]
2025-01-04 16:16:38,232 - Active Player: 1
2025-01-04 16:16:38,232 - STATE LOG: END
2025-01-04 16:16:39,107 - STATE LOG: BEGIN
2025-01-04 16:16:39,108 - Noah's Hand: [6H, 8S, TC]
2025-01-04 16:16:39,108 - Eve's Hand: [2H, 4D, 6C, 6S, JD]
2025-01-04 16:16:39,108 - Boss: Rank: 13 | Suit H | Attack 8 | Health 8
2025-01-04 16:16:39,108 - Tavern: [QH, AH, JH, 5S, JS, 9H, QC, 2C, 4S]
2025-01-04 16:16:39,108 - Castle: [KD, KC]
2025-01-04 16:16:39,108 - Discard: [8C, 3C, 7D, 3S, 9C, 7S, TD, 8D, 6D, TH, 5C, 7H, 4H, 2D, 4C, 2S, 9S, AD, AC, 7C, 3D, 3H, 9D, 5D, 5H, KS, QD, QS, TS]
2025-01-04 16:16:39,108 - Active Player: 2
2025-01-04 16:16:39,108 - STATE LOG: END
2025-01-04 16:16:40,620 - STATE LOG: BEGIN
2025-01-04 16:16:40,620 - Noah's Hand: [6H, 8S, TC]
2025-01-04 16:16:40,620 - Eve's Hand: [2H, 4D, 6S, JD]
2025-01-04 16:16:40,620 - Boss: Rank: 13 | Suit C | Attack 20 | Health 40
2025-01-04 16:16:40,620 - Tavern: [QH, AH, JH, 5S, JS, 9H, QC, 2C, 4S]
2025-01-04 16:16:40,620 - Castle: [KD]
2025-01-04 16:16:40,620 - Discard: [8C, 3C, 7D, 3S, 9C, 7S, TD, 8D, 6D, TH, 5C, 7H, 4H, 2D, 4C, 2S, 9S, AD, AC, 7C, 3D, 3H, 9D, 5D, 5H, KS, QD, QS, TS, AS, JC, 8H, 6C, KH]
2025-01-04 16:16:40,620 - Active Player: 2
2025-01-04 16:16:40,620 - STATE LOG: END
2025-01-04 16:16:41,225 - STATE LOG: BEGIN
2025-01-04 16:16:41,225 - Noah's Hand: [6H, 8S, TC, 2C, 9H, 5S, AH]
2025-01-04 16:16:41,225 - Eve's Hand: [2H, 4D, 6S, 4S, QC]
2025-01-04 16:16:41,225 - Boss: Rank: 13 | Suit C | Attack 20 | Health 29
2025-01-04 16:16:41,225 - Tavern: [QH]
2025-01-04 16:16:41,225 - Castle: [KD]
2025-01-04 16:16:41,225 - Discard: [8C, 3C, 7D, 3S, 9C, 7S, TD, 8D, 6D, TH, 5C, 7H, 4H, 2D, 4C, 2S, 9S, AD, AC, 7C, 3D, 3H, 9D, 5D, 5H, KS, QD, QS, TS, AS, JC, 8H, 6C, KH, JH, JS]
2025-01-04 16:16:41,225 - Active Player: 1
2025-01-04 16:16:41,225 - STATE LOG: END
2025-01-04 16:16:43,362 - STATE LOG: BEGIN
2025-01-04 16:16:43,362 - Noah's Hand: [2C, 5S]
2025-01-04 16:16:43,362 - Eve's Hand: [2H, 4D, 6S, 4S, QC]
2025-01-04 16:16:43,362 - Boss: Rank: 13 | Suit C | Attack 20 | Health 19
2025-01-04 16:16:43,362 - Tavern: [AS, TD, 3C, AD, 2S, 5D, 7H, 3H, 9S, 2D, QH]
2025-01-04 16:16:43,362 - Castle: [KD]
2025-01-04 16:16:43,362 - Discard: [3S, 9D, 7C, 8H, JS, JC, 5C, 9C, 5H, KS, 8D, AC, 3D, 4H, KH, 8C, 4C, TH, TS, 6C, QD, 7D, QS, JH, 6D, 7S, TC, 8S, 6H]
2025-01-04 16:16:43,362 - Active Player: 2
2025-01-04 16:16:43,362 - STATE LOG: END
2025-01-04 16:16:43,711 - STATE LOG: BEGIN
2025-01-04 16:16:43,711 - Noah's Hand: [2C, 5S, 2D, 3H, 5D, AD]
2025-01-04 16:16:43,711 - Eve's Hand: [2H, 6S, QC, QH]
2025-01-04 16:16:43,711 - Boss: Rank: 13 | Suit C | Attack 12 | Health 11
2025-01-04 16:16:43,711 - Tavern: [AS, TD, 3C]
2025-01-04 16:16:43,711 - Castle: [KD]
2025-01-04 16:16:43,711 - Discard: [3S, 9D, 7C, 8H, JS, JC, 5C, 9C, 5H, KS, 8D, AC, 3D, 4H, KH, 8C, 4C, TH, TS, 6C, QD, 7D, QS, JH, 6D, 7S, TC, 8S, 6H, 2S, 7H, 9S]
2025-01-04 16:16:43,711 - Active Player: 1
2025-01-04 16:16:43,711 - STATE LOG: END
2025-01-04 16:16:46,047 - STATE LOG: BEGIN
2025-01-04 16:16:46,048 - Noah's Hand: [2C, 2D, 3H]
2025-01-04 16:16:46,048 - Eve's Hand: [2H, 6S, QC, QH]
2025-01-04 16:16:46,048 - Boss: Rank: 13 | Suit C | Attack 12 | Health 10
2025-01-04 16:16:46,048 - Tavern: [AS, TD]
2025-01-04 16:16:46,048 - Castle: [KD]
2025-01-04 16:16:46,048 - Discard: [3S, 9D, 7C, 8H, JS, JC, 5C, 9C, 5H, KS, 8D, AC, 3D, 4H, KH, 8C, 4C, TH, TS, 6C, QD, 7D, QS, JH, 6D, 7S, TC, 8S, 6H, 2S, 7H, 9S, 3C, 5S, 5D]
2025-01-04 16:16:46,048 - Active Player: 2
2025-01-04 16:16:46,048 - STATE LOG: END
2025-01-04 16:16:46,467 - STATE LOG: BEGIN
2025-01-04 16:16:46,467 - Noah's Hand: [2C, 2D, 3H]
2025-01-04 16:16:46,467 - Eve's Hand: [2H, 6S, QC]
2025-01-04 16:16:46,467 - Boss: Rank: 13 | Suit C | Attack 12 | Health 10
2025-01-04 16:16:46,467 - Tavern: [AS, TD]
2025-01-04 16:16:46,467 - Castle: [KD]
2025-01-04 16:16:46,467 - Discard: [3S, 9D, 7C, 8H, JS, JC, 5C, 9C, 5H, KS, 8D, AC, 3D, 4H, KH, 8C, 4C, TH, TS, 6C, QD, 7D, QS, JH, 6D, 7S, TC, 8S, 6H, 2S, 7H, 9S, 3C, 5S, 5D, QH]
2025-01-04 16:16:46,467 - Active Player: 1
2025-01-04 16:16:46,467 - STATE LOG: END
2025-01-04 16:16:46,526 - STATE LOG: BEGIN
2025-01-04 16:16:46,527 - Noah's Hand: [2C]
2025-01-04 16:16:46,527 - Eve's Hand: [2H, 6S, QC, AS]
2025-01-04 16:16:46,527 - Boss: Rank: 13 | Suit C | Attack 12 | Health 8
2025-01-04 16:16:46,527 - Tavern: []
2025-01-04 16:16:46,527 - Castle: [KD]
2025-01-04 16:16:46,527 - Discard: [3S, 9D, 7C, 8H, JS, JC, 5C, 9C, 5H, KS, 8D, AC, 3D, 4H, KH, 8C, 4C, TH, TS, 6C, QD, 7D, QS, JH, 6D, 7S, TC, 8S, 6H, 2S, 7H, 9S, 3C, 5S, 5D, QH, TD, 3H]
2025-01-04 16:16:46,527 - Active Player: 2
2025-01-04 16:16:46,527 - STATE LOG: END
2025-01-04 16:16:46,583 - STATE LOG: BEGIN
2025-01-04 16:16:46,583 - Noah's Hand: [2C]
2025-01-04 16:16:46,583 - Eve's Hand: [2H]
2025-01-04 16:16:46,583 - Boss: Rank: 13 | Suit C | Attack 5 | Health 1
2025-01-04 16:16:46,583 - Tavern: []
2025-01-04 16:16:46,583 - Castle: [KD]
2025-01-04 16:16:46,583 - Discard: [3S, 9D, 7C, 8H, JS, JC, 5C, 9C, 5H, KS, 8D, AC, 3D, 4H, KH, 8C, 4C, TH, TS, 6C, QD, 7D, QS, JH, 6D, 7S, TC, 8S, 6H, 2S, 7H, 9S, 3C, 5S, 5D, QH, TD, 3H, QC]
2025-01-04 16:16:46,583 - Active Player: 1
2025-01-04 16:16:46,583 - STATE LOG: END
2025-01-04 16:16:46,591 - STATE LOG: BEGIN
2025-01-04 16:16:46,591 - Noah's Hand: []
2025-01-04 16:16:46,591 - Eve's Hand: [2H]
2025-01-04 16:16:46,591 - Boss: Rank: 13 | Suit D | Attack 20 | Health 40
2025-01-04 16:16:46,591 - Tavern: []
2025-01-04 16:16:46,591 - Castle: []
2025-01-04 16:16:46,591 - Discard: [3S, 9D, 7C, 8H, JS, JC, 5C, 9C, 5H, KS, 8D, AC, 3D, 4H, KH, 8C, 4C, TH, TS, 6C, QD, 7D, QS, JH, 6D, 7S, TC, 8S, 6H, 2S, 7H, 9S, 3C, 5S, 5D, QH, TD, 3H, QC, AH, 9H, AD, 2D, 2C, JD, 4D, 4S, AS, 6S, KC]
2025-01-04 16:16:46,591 - Active Player: 1
2025-01-04 16:16:46,591 - STATE LOG: END
2025-01-04 16:16:46,595 - STATE LOG: BEGIN
2025-01-04 16:16:46,595 - Noah's Hand: []
2025-01-04 16:16:46,595 - Eve's Hand: [2H]
2025-01-04 16:16:46,595 - Boss: Rank: 13 | Suit D | Attack 20 | Health 40
2025-01-04 16:16:46,595 - Tavern: []
2025-01-04 16:16:46,595 - Castle: []
2025-01-04 16:16:46,595 - Discard: [3S, 9D, 7C, 8H, JS, JC, 5C, 9C, 5H, KS, 8D, AC, 3D, 4H, KH, 8C, 4C, TH, TS, 6C, QD, 7D, QS, JH, 6D, 7S, TC, 8S, 6H, 2S, 7H, 9S, 3C, 5S, 5D, QH, TD, 3H, QC, AH, 9H, AD, 2D, 2C, JD, 4D, 4S, AS, 6S, KC]
2025-01-04 16:16:46,595 - Active Player: 2
2025-01-04 16:16:46,595 - STATE LOG: END
