2025-01-04 20:43:50,671 - I log states! :D
2025-01-04 20:43:50,671 - STATE LOG: BEGIN
2025-01-04 20:43:50,671 - Noah's Hand: [8H, 7D, 8S, TC, 2D, 9C, 3C]
2025-01-04 20:43:50,671 - Eve's Hand: [AC, TH, 9S, 5S, 7H, TS, AH]
2025-01-04 20:43:50,671 - Boss: Rank: 11 | Suit C | Attack 10 | Health 20
2025-01-04 20:43:50,671 - Tavern: [5C, 9H, 2S, 7S, 6H, AS, 6D, 4S, 7C, 3D, 6C, 3S, 8D, 2C, 2H, 9D, 6S, 4H, 4D, 8C, 3H, TD, 4C, 5H, 5D, AD]
2025-01-04 20:43:50,671 - Castle: [KD, KS, KC, KH, QS, QC, QD, QH, JS, JD, JH]
2025-01-04 20:43:50,671 - Discard: []
2025-01-04 20:43:50,671 - Active Player: 1
2025-01-04 20:43:50,672 - STATE LOG: END
2025-01-04 20:43:51,992 - STATE LOG: BEGIN
2025-01-04 20:43:51,992 - Noah's Hand: [7D, 8H, 8S, 9C, AD]
2025-01-04 20:43:51,992 - Eve's Hand: [AC, TH, 9S, 5S, 7H, TS, AH]
2025-01-04 20:43:51,992 - Boss: Rank: 11 | Suit C | Attack 10 | Health 18
2025-01-04 20:43:51,992 - Tavern: [5C, 9H, 2S, 7S, 6H, AS, 6D, 4S, 7C, 3D, 6C, 3S, 8D, 2C, 2H, 9D, 6S, 4H, 4D, 8C, 3H, TD, 4C, 5H, 5D]
2025-01-04 20:43:51,992 - Castle: [KD, KS, KC, KH, QS, QC, QD, QH, JS, JD, JH]
2025-01-04 20:43:51,992 - Discard: [3C, TC]
2025-01-04 20:43:51,992 - Active Player: 2
2025-01-04 20:43:51,992 - STATE LOG: END
2025-01-04 20:43:53,440 - STATE LOG: BEGIN
2025-01-04 20:43:53,440 - Noah's Hand: [7D, 8H, 8S, 9C, AD]
2025-01-04 20:43:53,440 - Eve's Hand: [AC, 5S, 7H, TH, TS]
2025-01-04 20:43:53,440 - Boss: Rank: 11 | Suit C | Attack 0 | Health 8
2025-01-04 20:43:53,440 - Tavern: [3C, TC, 5C, 9H, 2S, 7S, 6H, AS, 6D, 4S, 7C, 3D, 6C, 3S, 8D, 2C, 2H, 9D, 6S, 4H, 4D, 8C, 3H, TD, 4C, 5H, 5D]
2025-01-04 20:43:53,440 - Castle: [KD, KS, KC, KH, QS, QC, QD, QH, JS, JD, JH]
2025-01-04 20:43:53,440 - Discard: []
2025-01-04 20:43:53,440 - Active Player: 1
2025-01-04 20:43:53,440 - STATE LOG: END
2025-01-04 20:43:53,569 - STATE LOG: BEGIN
2025-01-04 20:43:53,569 - Noah's Hand: [AD, 8H, 8S, 9C, 5D, 4C, 3H]
2025-01-04 20:43:53,569 - Eve's Hand: [AC, 5S, 7H, TH, TS, 5H, TD]
2025-01-04 20:43:53,569 - Boss: Rank: 11 | Suit C | Attack 0 | Health 1
2025-01-04 20:43:53,569 - Tavern: [3C, TC, 5C, 9H, 2S, 7S, 6H, AS, 6D, 4S, 7C, 3D, 6C, 3S, 8D, 2C, 2H, 9D, 6S, 4H, 4D, 8C]
2025-01-04 20:43:53,569 - Castle: [KD, KS, KC, KH, QS, QC, QD, QH, JS, JD, JH]
2025-01-04 20:43:53,569 - Discard: []
2025-01-04 20:43:53,569 - Active Player: 2
2025-01-04 20:43:53,569 - STATE LOG: END
2025-01-04 20:43:55,093 - STATE LOG: BEGIN
2025-01-04 20:43:55,093 - Noah's Hand: [AD, 8H, 8S, 9C, 5D, 4C, 3H]
2025-01-04 20:43:55,093 - Eve's Hand: [AC, 5H, 5S, 7H, TD, TH, TS]
2025-01-04 20:43:55,093 - Boss: Rank: 11 | Suit C | Attack 0 | Health 1
2025-01-04 20:43:55,093 - Tavern: [3C, TC, 5C, 9H, 2S, 7S, 6H, AS, 6D, 4S, 7C, 3D, 6C, 3S, 8D, 2C, 2H, 9D, 6S, 4H, 4D, 8C]
2025-01-04 20:43:55,093 - Castle: [KD, KS, KC, KH, QS, QC, QD, QH, JS, JD, JH]
2025-01-04 20:43:55,093 - Discard: []
2025-01-04 20:43:55,093 - Active Player: 1
2025-01-04 20:43:55,093 - STATE LOG: END
2025-01-04 20:43:56,692 - STATE LOG: BEGIN
2025-01-04 20:43:56,692 - Noah's Hand: [4C, 5D, 8H, 8S, 9C, 8C, 4D]
2025-01-04 20:43:56,692 - Eve's Hand: [AC, 5H, 5S, 7H, TD, TH, TS]
2025-01-04 20:43:56,692 - Boss: Rank: 11 | Suit H | Attack 10 | Health 20
2025-01-04 20:43:56,692 - Tavern: [3C, TC, 5C, 9H, 2S, 7S, 6H, AS, 6D, 4S, 7C, 3D, 6C, 3S, 8D, 2C, 2H, 9D, 6S, 4H]
2025-01-04 20:43:56,692 - Castle: [KD, KS, KC, KH, QS, QC, QD, QH, JS, JD]
2025-01-04 20:43:56,692 - Discard: [2D, 7D, AD, 3H, AH, 9S, JC]
2025-01-04 20:43:56,692 - Active Player: 1
2025-01-04 20:43:56,692 - STATE LOG: END
2025-01-04 20:43:58,002 - STATE LOG: BEGIN
2025-01-04 20:43:58,002 - Noah's Hand: [4C, 5D, 8C, 8H, 9C]
2025-01-04 20:43:58,002 - Eve's Hand: [AC, 5H, 5S, 7H, TD, TH, TS]
2025-01-04 20:43:58,002 - Boss: Rank: 11 | Suit H | Attack 10 | Health 16
2025-01-04 20:43:58,002 - Tavern: [3C, TC, 5C, 9H, 2S, 7S, 6H, AS, 6D, 4S, 7C, 3D, 6C, 3S, 8D, 2C, 2H, 9D, 6S]
2025-01-04 20:43:58,002 - Castle: [KD, KS, KC, KH, QS, QC, QD, QH, JS, JD]
2025-01-04 20:43:58,002 - Discard: [2D, 7D, AD, 3H, AH, 9S, JC, 8S, 4H]
2025-01-04 20:43:58,002 - Active Player: 2
2025-01-04 20:43:58,002 - STATE LOG: END
2025-01-04 20:43:59,235 - STATE LOG: BEGIN
2025-01-04 20:43:59,236 - Noah's Hand: [4C, 5D, 8C, 8H, 9C, 9D, 2C]
2025-01-04 20:43:59,236 - Eve's Hand: [5H, 5S, 7H, TH, TS, 6S, 2H]
2025-01-04 20:43:59,236 - Boss: Rank: 11 | Suit D | Attack 10 | Health 20
2025-01-04 20:43:59,236 - Tavern: [3C, TC, 5C, 9H, 2S, 7S, 6H, AS, 6D, 4S, 7C, 3D, 6C, 3S, 8D]
2025-01-04 20:43:59,236 - Castle: [KD, KS, KC, KH, QS, QC, QD, QH, JS]
2025-01-04 20:43:59,236 - Discard: [2D, 7D, AD, 3H, AH, 9S, JC, 8S, 4H, 4D, AC, TD, JH]
2025-01-04 20:43:59,236 - Active Player: 2
2025-01-04 20:43:59,236 - STATE LOG: END
2025-01-04 20:44:00,554 - STATE LOG: BEGIN
2025-01-04 20:44:00,554 - Noah's Hand: [4C, 5D, 8C, 8H, 9C, 9D, 2C]
2025-01-04 20:44:00,555 - Eve's Hand: [2H, 6S, 7H, TH, TS]
2025-01-04 20:44:00,555 - Boss: Rank: 11 | Suit D | Attack 0 | Health 10
2025-01-04 20:44:00,555 - Tavern: [JC, 8S, AH, 7D, TD, 4D, AC, JH, 4H, 9S, 3C, TC, 5C, 9H, 2S, 7S, 6H, AS, 6D, 4S, 7C, 3D, 6C, 3S, 8D]
2025-01-04 20:44:00,555 - Castle: [KD, KS, KC, KH, QS, QC, QD, QH, JS]
2025-01-04 20:44:00,555 - Discard: [3H, AD, 2D]
2025-01-04 20:44:00,555 - Active Player: 1
2025-01-04 20:44:00,555 - STATE LOG: END
2025-01-04 20:44:01,879 - STATE LOG: BEGIN
2025-01-04 20:44:01,879 - Noah's Hand: [2C, 4C, 5D, 8C, 8H, 9D]
2025-01-04 20:44:01,879 - Eve's Hand: [2H, 6S, 7H, TH, TS]
2025-01-04 20:44:01,879 - Boss: Rank: 11 | Suit S | Attack 10 | Health 20
2025-01-04 20:44:01,879 - Tavern: [JC, 8S, AH, 7D, TD, 4D, AC, JH, 4H, 9S, 3C, TC, 5C, 9H, 2S, 7S, 6H, AS, 6D, 4S, 7C, 3D, 6C, 3S, 8D]
2025-01-04 20:44:01,879 - Castle: [KD, KS, KC, KH, QS, QC, QD, QH]
2025-01-04 20:44:01,879 - Discard: [3H, AD, 2D, 9C, 5H, 5S, JD]
2025-01-04 20:44:01,879 - Active Player: 1
2025-01-04 20:44:01,879 - STATE LOG: END
2025-01-04 20:44:03,497 - STATE LOG: BEGIN
2025-01-04 20:44:03,497 - Noah's Hand: [5D, 8C, 9D]
2025-01-04 20:44:03,497 - Eve's Hand: [2H, 6S, 7H, TH, TS]
2025-01-04 20:44:03,497 - Boss: Rank: 11 | Suit S | Attack 10 | Health 12
2025-01-04 20:44:03,497 - Tavern: [JC, 8S, AH, 7D, TD, 4D, AC, JH, 4H, 9S, 3C, TC, 5C, 9H, 2S, 7S, 6H, AS, 6D, 4S, 7C, 3D, 6C, 3S, 8D]
2025-01-04 20:44:03,497 - Castle: [KD, KS, KC, KH, QS, QC, QD, QH]
2025-01-04 20:44:03,497 - Discard: [3H, AD, 2D, 9C, 5H, 5S, JD, 2C, 8H]
2025-01-04 20:44:03,497 - Active Player: 2
2025-01-04 20:44:03,497 - STATE LOG: END
2025-01-04 20:44:04,394 - STATE LOG: BEGIN
2025-01-04 20:44:04,394 - Noah's Hand: [5D, 8C, 9D]
2025-01-04 20:44:04,395 - Eve's Hand: [7H, TH]
2025-01-04 20:44:04,395 - Boss: Rank: 11 | Suit S | Attack 10 | Health 10
2025-01-04 20:44:04,395 - Tavern: [8H, JD, JC, 8S, AH, 7D, TD, 4D, AC, JH, 4H, 9S, 3C, TC, 5C, 9H, 2S, 7S, 6H, AS, 6D, 4S, 7C, 3D, 6C, 3S, 8D]
2025-01-04 20:44:04,395 - Castle: [KD, KS, KC, KH, QS, QC, QD, QH]
2025-01-04 20:44:04,395 - Discard: [3H, 5S, 9C, 2C, 2D, AD, 5H, 6S, TS]
2025-01-04 20:44:04,395 - Active Player: 1
2025-01-04 20:44:04,395 - STATE LOG: END
2025-01-04 20:44:04,791 - STATE LOG: BEGIN
2025-01-04 20:44:04,791 - Noah's Hand: [5D, 8D, 6C, 6D, 6H]
2025-01-04 20:44:04,792 - Eve's Hand: [7H, TH, 3S, 3D, 4S, AS]
2025-01-04 20:44:04,792 - Boss: Rank: 11 | Suit S | Attack 10 | Health 1
2025-01-04 20:44:04,792 - Tavern: [8H, JD, JC, 8S, AH, 7D, TD, 4D, AC, JH, 4H, 9S, 3C, TC, 5C, 9H, 2S, 7S]
2025-01-04 20:44:04,792 - Castle: [KD, KS, KC, KH, QS, QC, QD, QH]
2025-01-04 20:44:04,792 - Discard: [3H, 5S, 9C, 2C, 2D, AD, 5H, 6S, TS, 8C, 7C]
2025-01-04 20:44:04,792 - Active Player: 2
2025-01-04 20:44:04,792 - STATE LOG: END
2025-01-04 20:44:06,189 - STATE LOG: BEGIN
2025-01-04 20:44:06,190 - Noah's Hand: [5D, 8D, 6C, 6D, 6H, 2S, 5C]
2025-01-04 20:44:06,190 - Eve's Hand: [AS, 4S, 7H, TH, 7S, 9H, TC]
2025-01-04 20:44:06,190 - Boss: Rank: 12 | Suit H | Attack 15 | Health 30
2025-01-04 20:44:06,190 - Tavern: [8H, JD, JC, 8S, AH, 7D, TD, 4D, AC, JH, 4H, 9S, 3C]
2025-01-04 20:44:06,190 - Castle: [KD, KS, KC, KH, QS, QC, QD]
2025-01-04 20:44:06,190 - Discard: [3H, 5S, 9C, 2C, 2D, AD, 5H, 6S, TS, 8C, 7C, 4C, 9D, 2H, 3D, 3S, JS]
2025-01-04 20:44:06,190 - Active Player: 2
2025-01-04 20:44:06,190 - STATE LOG: END
2025-01-04 20:44:07,694 - STATE LOG: BEGIN
2025-01-04 20:44:07,694 - Noah's Hand: [5D, 8D, 6C, 6D, 6H, 2S, 5C]
2025-01-04 20:44:07,694 - Eve's Hand: [7S, 9H, TH]
2025-01-04 20:44:07,694 - Boss: Rank: 12 | Suit H | Attack 7 | Health 22
2025-01-04 20:44:07,694 - Tavern: [8H, JD, JC, 8S, AH, 7D, TD, 4D, AC, JH, 4H, 9S, 3C]
2025-01-04 20:44:07,694 - Castle: [KD, KS, KC, KH, QS, QC, QD]
2025-01-04 20:44:07,694 - Discard: [3H, 5S, 9C, 2C, 2D, AD, 5H, 6S, TS, 8C, 7C, 4C, 9D, 2H, 3D, 3S, JS, 4S, TC]
2025-01-04 20:44:07,694 - Active Player: 1
2025-01-04 20:44:07,694 - STATE LOG: END
2025-01-04 20:44:08,853 - STATE LOG: BEGIN
2025-01-04 20:44:08,853 - Noah's Hand: [5D, 6C, 6D, 6H, 8D]
2025-01-04 20:44:08,853 - Eve's Hand: [7S, 9H, TH]
2025-01-04 20:44:08,853 - Boss: Rank: 12 | Suit H | Attack 5 | Health 20
2025-01-04 20:44:08,853 - Tavern: [8H, JD, JC, 8S, AH, 7D, TD, 4D, AC, JH, 4H, 9S, 3C]
2025-01-04 20:44:08,853 - Castle: [KD, KS, KC, KH, QS, QC, QD]
2025-01-04 20:44:08,853 - Discard: [3H, 5S, 9C, 2C, 2D, AD, 5H, 6S, TS, 8C, 7C, 4C, 9D, 2H, 3D, 3S, JS, 4S, TC, 5C]
2025-01-04 20:44:08,853 - Active Player: 2
2025-01-04 20:44:08,853 - STATE LOG: END
2025-01-04 20:44:09,437 - STATE LOG: BEGIN
2025-01-04 20:44:09,437 - Noah's Hand: [5D, 6C, 6D, 6H, 8D]
2025-01-04 20:44:09,437 - Eve's Hand: [9H, TH]
2025-01-04 20:44:09,437 - Boss: Rank: 12 | Suit H | Attack 0 | Health 13
2025-01-04 20:44:09,437 - Tavern: [8H, JD, JC, 8S, AH, 7D, TD, 4D, AC, JH, 4H, 9S, 3C]
2025-01-04 20:44:09,437 - Castle: [KD, KS, KC, KH, QS, QC, QD]
2025-01-04 20:44:09,437 - Discard: [3H, 5S, 9C, 2C, 2D, AD, 5H, 6S, TS, 8C, 7C, 4C, 9D, 2H, 3D, 3S, JS, 4S, TC, 5C]
2025-01-04 20:44:09,437 - Active Player: 1
2025-01-04 20:44:09,437 - STATE LOG: END
2025-01-04 20:44:10,055 - STATE LOG: BEGIN
2025-01-04 20:44:10,055 - Noah's Hand: [5D, 6C, 6D, 6H, 3C, 4H, AC]
2025-01-04 20:44:10,055 - Eve's Hand: [9H, TH, 9S, JH, 4D, TD, 7D]
2025-01-04 20:44:10,055 - Boss: Rank: 12 | Suit H | Attack 0 | Health 5
2025-01-04 20:44:10,055 - Tavern: [8H, JD, JC, 8S, AH]
2025-01-04 20:44:10,055 - Castle: [KD, KS, KC, KH, QS, QC, QD]
2025-01-04 20:44:10,055 - Discard: [3H, 5S, 9C, 2C, 2D, AD, 5H, 6S, TS, 8C, 7C, 4C, 9D, 2H, 3D, 3S, JS, 4S, TC, 5C]
2025-01-04 20:44:10,055 - Active Player: 2
2025-01-04 20:44:10,055 - STATE LOG: END
2025-01-04 20:44:11,486 - STATE LOG: BEGIN
2025-01-04 20:44:11,486 - Noah's Hand: [5D, 6C, 6D, 6H, 3C, 4H, AC]
2025-01-04 20:44:11,486 - Eve's Hand: [7D, 9H, 9S, TD, TH, JH, AH]
2025-01-04 20:44:11,486 - Boss: Rank: 12 | Suit H | Attack 0 | Health 1
2025-01-04 20:44:11,486 - Tavern: [8H, JD, JC, 8S]
2025-01-04 20:44:11,486 - Castle: [KD, KS, KC, KH, QS, QC, QD]
2025-01-04 20:44:11,486 - Discard: [3H, 5S, 9C, 2C, 2D, AD, 5H, 6S, TS, 8C, 7C, 4C, 9D, 2H, 3D, 3S, JS, 4S, TC, 5C]
2025-01-04 20:44:11,486 - Active Player: 1
2025-01-04 20:44:11,486 - STATE LOG: END
2025-01-04 20:44:12,796 - STATE LOG: BEGIN
2025-01-04 20:44:12,796 - Noah's Hand: [AC, 3C, 4H, 5D, 6C, 6D, 6H]
2025-01-04 20:44:12,796 - Eve's Hand: [7D, 9H, 9S, TD, TH, JH, AH]
2025-01-04 20:44:12,796 - Boss: Rank: 12 | Suit H | Attack 0 | Health 1
2025-01-04 20:44:12,796 - Tavern: [8H, JD, JC, 8S]
2025-01-04 20:44:12,796 - Castle: [KD, KS, KC, KH, QS, QC, QD]
2025-01-04 20:44:12,796 - Discard: [3H, 5S, 9C, 2C, 2D, AD, 5H, 6S, TS, 8C, 7C, 4C, 9D, 2H, 3D, 3S, JS, 4S, TC, 5C]
2025-01-04 20:44:12,796 - Active Player: 2
2025-01-04 20:44:12,796 - STATE LOG: END
2025-01-04 20:44:14,267 - STATE LOG: BEGIN
2025-01-04 20:44:14,267 - Noah's Hand: [AC, 3C, 4H, 5D, 6C, 6D, 6H]
2025-01-04 20:44:14,267 - Eve's Hand: [AH, 7D, 9H, 9S, TH, JH, 8S]
2025-01-04 20:44:14,267 - Boss: Rank: 12 | Suit D | Attack 15 | Health 30
2025-01-04 20:44:14,267 - Tavern: [8H, JD, JC]
2025-01-04 20:44:14,267 - Castle: [KD, KS, KC, KH, QS, QC]
2025-01-04 20:44:14,267 - Discard: [3H, 5S, 9C, 2C, 2D, AD, 5H, 6S, TS, 8C, 7C, 4C, 9D, 2H, 3D, 3S, JS, 4S, TC, 5C, 2S, 8D, AS, 7H, 7S, 4D, TD, QH]
2025-01-04 20:44:14,267 - Active Player: 2
2025-01-04 20:44:14,267 - STATE LOG: END
2025-01-04 20:44:15,619 - STATE LOG: BEGIN
2025-01-04 20:44:15,619 - Noah's Hand: [AC, 3C, 4H, 5D, 6C, 6D, 6H]
2025-01-04 20:44:15,619 - Eve's Hand: [AH, 7D, 9S, TH, JH]
2025-01-04 20:44:15,619 - Boss: Rank: 12 | Suit D | Attack 7 | Health 22
2025-01-04 20:44:15,619 - Tavern: [8H, JD, JC]
2025-01-04 20:44:15,619 - Castle: [KD, KS, KC, KH, QS, QC]
2025-01-04 20:44:15,619 - Discard: [3H, 5S, 9C, 2C, 2D, AD, 5H, 6S, TS, 8C, 7C, 4C, 9D, 2H, 3D, 3S, JS, 4S, TC, 5C, 2S, 8D, AS, 7H, 7S, 4D, TD, QH, 9H]
2025-01-04 20:44:15,619 - Active Player: 1
2025-01-04 20:44:15,619 - STATE LOG: END
2025-01-04 20:44:17,074 - STATE LOG: BEGIN
2025-01-04 20:44:17,074 - Noah's Hand: [5D, 6C, 6D]
2025-01-04 20:44:17,074 - Eve's Hand: [AH, 7D, 9S, TH, JH]
2025-01-04 20:44:17,074 - Boss: Rank: 12 | Suit D | Attack 7 | Health 8
2025-01-04 20:44:17,074 - Tavern: [QH, 5S, 5C, 4S, 9C, 2H, 9H, 8H, JD, JC]
2025-01-04 20:44:17,074 - Castle: [KD, KS, KC, KH, QS, QC]
2025-01-04 20:44:17,074 - Discard: [7H, JS, TS, 2C, 3S, 6S, AD, TC, 7C, 7S, 3D, 9D, 4C, 4D, TD, 3H, 8D, 2D, AS, 8C, 5H, 2S, 3C, 4H]
2025-01-04 20:44:17,074 - Active Player: 2
2025-01-04 20:44:17,074 - STATE LOG: END
2025-01-04 20:44:17,670 - STATE LOG: BEGIN
2025-01-04 20:44:17,670 - Noah's Hand: [5D, 6C, 6D]
2025-01-04 20:44:17,670 - Eve's Hand: [AH, 7D, 9S, JH]
2025-01-04 20:44:17,670 - Boss: Rank: 12 | Suit C | Attack 15 | Health 30
2025-01-04 20:44:17,670 - Tavern: [7S, 6S, 3H, 2C, 4D, 4C, TC, AS, 7H, 2D, QH, 5S, 5C, 4S, 9C, 2H, 9H, 8H, JD, JC]
2025-01-04 20:44:17,670 - Castle: [KD, KS, KC, KH, QS]
2025-01-04 20:44:17,670 - Discard: [2S, 3C, 9D, AD, 5H, TD, TS, 8D, JS, 4H, 7C, 8C, 3S, 3D, AC, 6H, 8S, TH, QD]
2025-01-04 20:44:17,671 - Active Player: 2
2025-01-04 20:44:17,671 - STATE LOG: END
2025-01-04 20:44:18,118 - STATE LOG: BEGIN
2025-01-04 20:44:18,118 - Noah's Hand: [5D, 6C, 6D, JD, 9H, 9C, 5C]
2025-01-04 20:44:18,118 - Eve's Hand: [9S, JC, 2H, 4S]
2025-01-04 20:44:18,118 - Boss: Rank: 12 | Suit C | Attack 15 | Health 22
2025-01-04 20:44:18,118 - Tavern: [JS, 8D, TS, AC, 3D, 4H, 5H, 2S, 7S, 6S, 3H, 2C, 4D, 4C, TC, AS, 7H, 2D, QH, 5S]
2025-01-04 20:44:18,118 - Castle: [KD, KS, KC, KH, QS]
2025-01-04 20:44:18,118 - Discard: [9D, QD, 6H, 3C, 7C, TH, TD, 8S, 8C, 3S, AD, 8H, JH]
2025-01-04 20:44:18,118 - Active Player: 1
2025-01-04 20:44:18,118 - STATE LOG: END
2025-01-04 20:44:19,286 - STATE LOG: BEGIN
2025-01-04 20:44:19,286 - Noah's Hand: [5D, 6D, 9C, 9H]
2025-01-04 20:44:19,286 - Eve's Hand: [9S, JC, 2H, 4S, QH, 2D, 7H]
2025-01-04 20:44:19,286 - Boss: Rank: 12 | Suit C | Attack 15 | Health 11
2025-01-04 20:44:19,286 - Tavern: [JS, 8D, TS, AC, 3D, 4H, 5H, 2S, 7S, 6S, 3H, 2C, 4D, 4C, TC, AS]
2025-01-04 20:44:19,286 - Castle: [KD, KS, KC, KH, QS]
2025-01-04 20:44:19,286 - Discard: [9D, QD, 6H, 3C, 7C, TH, TD, 8S, 8C, 3S, AD, 8H, JH, 5C, 6C, 5S]
2025-01-04 20:44:19,286 - Active Player: 2
2025-01-04 20:44:19,286 - STATE LOG: END
2025-01-04 20:44:20,742 - STATE LOG: BEGIN
2025-01-04 20:44:20,742 - Noah's Hand: [5D, 6D, 9C, 9H, TC, 4D]
2025-01-04 20:44:20,742 - Eve's Hand: [9S, JC, 4S, AS]
2025-01-04 20:44:20,742 - Boss: Rank: 12 | Suit C | Attack 15 | Health 7
2025-01-04 20:44:20,742 - Tavern: [8H, AD, TH, 6H, JS, 8D, TS, AC, 3D, 4H, 5H, 2S, 7S, 6S, 3H, 2C]
2025-01-04 20:44:20,742 - Castle: [KD, KS, KC, KH, QS]
2025-01-04 20:44:20,743 - Discard: [3C, 9D, QD, 5C, 8S, 3S, 7C, TD, JH, 8C, 5S, 6C, 7H, 4C, QH]
2025-01-04 20:44:20,743 - Active Player: 1
2025-01-04 20:44:20,743 - STATE LOG: END
2025-01-04 20:44:22,140 - STATE LOG: BEGIN
2025-01-04 20:44:22,140 - Noah's Hand: [4D, 6D, 9C, 6S]
2025-01-04 20:44:22,140 - Eve's Hand: [9S, JC, 4S, AS, 3H, 7S, 2S]
2025-01-04 20:44:22,140 - Boss: Rank: 12 | Suit C | Attack 15 | Health 2
2025-01-04 20:44:22,140 - Tavern: [8H, AD, TH, 6H, JS, 8D, TS, AC, 3D, 4H, 5H]
2025-01-04 20:44:22,140 - Castle: [KD, KS, KC, KH, QS]
2025-01-04 20:44:22,140 - Discard: [3C, 9D, QD, 5C, 8S, 3S, 7C, TD, JH, 8C, 5S, 6C, 7H, 4C, QH, TC, 2C, 9H]
2025-01-04 20:44:22,140 - Active Player: 2
2025-01-04 20:44:22,140 - STATE LOG: END
2025-01-04 20:44:23,641 - STATE LOG: BEGIN
2025-01-04 20:44:23,641 - Noah's Hand: [4D, 6D, 9C, 6S]
2025-01-04 20:44:23,641 - Eve's Hand: [9S, JC, 2S]
2025-01-04 20:44:23,641 - Boss: Rank: 12 | Suit C | Attack 15 | Health 2
2025-01-04 20:44:23,641 - Tavern: [8H, AD, TH, 6H, JS, 8D, TS, AC, 3D, 4H, 5H]
2025-01-04 20:44:23,641 - Castle: [KD, KS, KC, KH, QS]
2025-01-04 20:44:23,641 - Discard: [3C, 9D, QD, 5C, 8S, 3S, 7C, TD, JH, 8C, 5S, 6C, 7H, 4C, QH, TC, 2C, 9H, 3H, AS, 7S, 4S]
2025-01-04 20:44:23,641 - Active Player: 1
2025-01-04 20:44:23,641 - STATE LOG: END
2025-01-04 20:44:24,163 - STATE LOG: BEGIN
2025-01-04 20:44:24,163 - Noah's Hand: [4D, 6S, 9C, 5H, 3D, TS]
2025-01-04 20:44:24,163 - Eve's Hand: [9S, JC, 2S, 4H, AC, 8D]
2025-01-04 20:44:24,163 - Boss: Rank: 12 | Suit S | Attack 15 | Health 30
2025-01-04 20:44:24,163 - Tavern: [8H, AD, TH, 6H, JS]
2025-01-04 20:44:24,163 - Castle: [KD, KS, KC, KH]
2025-01-04 20:44:24,163 - Discard: [3C, 9D, QD, 5C, 8S, 3S, 7C, TD, JH, 8C, 5S, 6C, 7H, 4C, QH, TC, 2C, 9H, 3H, AS, 7S, 4S, JD, 5D, 6D, AH, 7D, 2D, 2H, QC]
2025-01-04 20:44:24,163 - Active Player: 1
2025-01-04 20:44:24,163 - STATE LOG: END
2025-01-04 20:44:25,827 - STATE LOG: BEGIN
2025-01-04 20:44:25,827 - Noah's Hand: [3D, 4D, 6S]
2025-01-04 20:44:25,827 - Eve's Hand: [9S, JC, 2S, 4H, AC, 8D]
2025-01-04 20:44:25,827 - Boss: Rank: 12 | Suit S | Attack 15 | Health 25
2025-01-04 20:44:25,827 - Tavern: [AS, 9H, 7S, TD, QC, 8H, AD, TH, 6H, JS]
2025-01-04 20:44:25,827 - Castle: [KD, KS, KC, KH]
2025-01-04 20:44:25,827 - Discard: [7D, 3S, JH, 3H, 7H, 6D, 9D, 5S, 8S, 8C, JD, 3C, 2D, 2H, 5C, 6C, QH, 5D, 4C, AH, 2C, 4S, TC, 7C, QD, TS, 9C]
2025-01-04 20:44:25,827 - Active Player: 2
2025-01-04 20:44:25,827 - STATE LOG: END
2025-01-04 20:44:26,565 - STATE LOG: BEGIN
2025-01-04 20:44:26,565 - Noah's Hand: [3D, 4D, 6S, 6H, AD, QC, TD]
2025-01-04 20:44:26,565 - Eve's Hand: [9S, JC, JS]
2025-01-04 20:44:26,565 - Boss: Rank: 12 | Suit S | Attack 15 | Health 7
2025-01-04 20:44:26,566 - Tavern: [AS, 9H, 7S]
2025-01-04 20:44:26,566 - Castle: [KD, KS, KC, KH]
2025-01-04 20:44:26,566 - Discard: [7D, 3S, JH, 3H, 7H, 6D, 9D, 5S, 8S, 8C, JD, 3C, 2D, 2H, 5C, 6C, QH, 5D, 4C, AH, 2C, 4S, TC, 7C, QD, TS, 9C, 8H, 2S, 4H, TH]
2025-01-04 20:44:26,566 - Active Player: 1
2025-01-04 20:44:26,566 - STATE LOG: END
2025-01-04 20:44:27,581 - STATE LOG: BEGIN
2025-01-04 20:44:27,581 - Noah's Hand: [3D, 4D, 6S, QC, TD, 7S, AS]
2025-01-04 20:44:27,581 - Eve's Hand: [9S, JC, JS, 9H, 5S, 7D, QD]
2025-01-04 20:44:27,581 - Boss: Rank: 13 | Suit H | Attack 20 | Health 40
2025-01-04 20:44:27,581 - Tavern: [TC, 4H, 9D, 8S]
2025-01-04 20:44:27,581 - Castle: [KD, KS, KC]
2025-01-04 20:44:27,581 - Discard: [TS, 2H, 6D, 2S, 3H, 2C, 3C, 6C, TH, 7C, QH, 7H, 4C, 3S, JH, JD, 5D, 8C, 2D, 4S, AH, 9C, 5C, 8H, 5H, AD, 6H, AC, 8D]
2025-01-04 20:44:27,581 - Active Player: 1
2025-01-04 20:44:27,581 - STATE LOG: END
2025-01-04 20:44:29,291 - STATE LOG: BEGIN
2025-01-04 20:44:29,292 - Noah's Hand: [3D, 4D, TD]
2025-01-04 20:44:29,292 - Eve's Hand: [9S, JC, JS, 9H, 5S, 7D, QD]
2025-01-04 20:44:29,292 - Boss: Rank: 13 | Suit H | Attack 7 | Health 14
2025-01-04 20:44:29,292 - Tavern: [TC, 4H, 9D, 8S]
2025-01-04 20:44:29,292 - Castle: [KD, KS, KC]
2025-01-04 20:44:29,292 - Discard: [TS, 2H, 6D, 2S, 3H, 2C, 3C, 6C, TH, 7C, QH, 7H, 4C, 3S, JH, JD, 5D, 8C, 2D, 4S, AH, 9C, 5C, 8H, 5H, AD, 6H, AC, 8D, 6S, 7S]
2025-01-04 20:44:29,292 - Active Player: 2
2025-01-04 20:44:29,292 - STATE LOG: END
2025-01-04 20:44:30,740 - STATE LOG: BEGIN
2025-01-04 20:44:30,740 - Noah's Hand: [3D, 4D, TD]
2025-01-04 20:44:30,740 - Eve's Hand: [JC, 5S, 7D, 9H, JS, QD]
2025-01-04 20:44:30,740 - Boss: Rank: 13 | Suit H | Attack 0 | Health 5
2025-01-04 20:44:30,740 - Tavern: [TC, 4H, 9D, 8S]
2025-01-04 20:44:30,740 - Castle: [KD, KS, KC]
2025-01-04 20:44:30,740 - Discard: [TS, 2H, 6D, 2S, 3H, 2C, 3C, 6C, TH, 7C, QH, 7H, 4C, 3S, JH, JD, 5D, 8C, 2D, 4S, AH, 9C, 5C, 8H, 5H, AD, 6H, AC, 8D, 6S, 7S]
2025-01-04 20:44:30,740 - Active Player: 1
2025-01-04 20:44:30,740 - STATE LOG: END
2025-01-04 20:44:32,965 - STATE LOG: BEGIN
2025-01-04 20:44:32,965 - Noah's Hand: [3D, 4D, TD]
2025-01-04 20:44:32,965 - Eve's Hand: [JC, 5S, 7D, 9H, JS, QD]
2025-01-04 20:44:32,965 - Boss: Rank: 13 | Suit H | Attack 0 | Health 5
2025-01-04 20:44:32,965 - Tavern: [TC, 4H, 9D, 8S]
2025-01-04 20:44:32,965 - Castle: [KD, KS, KC]
2025-01-04 20:44:32,965 - Discard: [TS, 2H, 6D, 2S, 3H, 2C, 3C, 6C, TH, 7C, QH, 7H, 4C, 3S, JH, JD, 5D, 8C, 2D, 4S, AH, 9C, 5C, 8H, 5H, AD, 6H, AC, 8D, 6S, 7S]
2025-01-04 20:44:32,965 - Active Player: 2
2025-01-04 20:44:32,965 - STATE LOG: END
2025-01-04 20:44:34,659 - STATE LOG: BEGIN
2025-01-04 20:44:34,659 - Noah's Hand: [3D, 4D, TD, 8S, 4H, TC]
2025-01-04 20:44:34,659 - Eve's Hand: [JC, 5S, 7D, 9H, JS, QS, 9D]
2025-01-04 20:44:34,659 - Boss: Rank: 13 | Suit C | Attack 20 | Health 40
2025-01-04 20:44:34,659 - Tavern: []
2025-01-04 20:44:34,659 - Castle: [KD, KS]
2025-01-04 20:44:34,659 - Discard: [TS, 2H, 6D, 2S, 3H, 2C, 3C, 6C, TH, 7C, QH, 7H, 4C, 3S, JH, JD, 5D, 8C, 2D, 4S, AH, 9C, 5C, 8H, 5H, AD, 6H, AC, 8D, 6S, 7S, AS, QC, 9S, QD, KH]
2025-01-04 20:44:34,659 - Active Player: 2
2025-01-04 20:44:34,659 - STATE LOG: END
2025-01-04 20:44:36,335 - STATE LOG: BEGIN
2025-01-04 20:44:36,335 - Noah's Hand: [3D, 4D, TD, 8S, 4H, TC]
2025-01-04 20:44:36,335 - Eve's Hand: [JC, 7D, 9D, 9H]
2025-01-04 20:44:36,335 - Boss: Rank: 13 | Suit C | Attack 8 | Health 28
2025-01-04 20:44:36,335 - Tavern: []
2025-01-04 20:44:36,335 - Castle: [KD, KS]
2025-01-04 20:44:36,335 - Discard: [TS, 2H, 6D, 2S, 3H, 2C, 3C, 6C, TH, 7C, QH, 7H, 4C, 3S, JH, JD, 5D, 8C, 2D, 4S, AH, 9C, 5C, 8H, 5H, AD, 6H, AC, 8D, 6S, 7S, AS, QC, 9S, QD, KH, 5S, JS]
2025-01-04 20:44:36,335 - Active Player: 1
2025-01-04 20:44:36,335 - STATE LOG: END
2025-01-04 20:44:38,164 - STATE LOG: BEGIN
2025-01-04 20:44:38,164 - Noah's Hand: [3D, 4D, 4H, TC]
2025-01-04 20:44:38,164 - Eve's Hand: [JC, 7D, 9D, 9H]
2025-01-04 20:44:38,164 - Boss: Rank: 13 | Suit C | Attack 8 | Health 18
2025-01-04 20:44:38,164 - Tavern: []
2025-01-04 20:44:38,164 - Castle: [KD, KS]
2025-01-04 20:44:38,164 - Discard: [TS, 2H, 6D, 2S, 3H, 2C, 3C, 6C, TH, 7C, QH, 7H, 4C, 3S, JH, JD, 5D, 8C, 2D, 4S, AH, 9C, 5C, 8H, 5H, AD, 6H, AC, 8D, 6S, 7S, AS, QC, 9S, QD, KH, 5S, JS, 8S]
2025-01-04 20:44:38,164 - Active Player: 2
2025-01-04 20:44:38,164 - STATE LOG: END
2025-01-04 20:44:38,993 - STATE LOG: BEGIN
2025-01-04 20:44:38,993 - Noah's Hand: [3D, 4D, 4H, TC]
2025-01-04 20:44:38,993 - Eve's Hand: [7D, 9D]
2025-01-04 20:44:38,993 - Boss: Rank: 13 | Suit C | Attack 8 | Health 9
2025-01-04 20:44:38,993 - Tavern: [6H, 7C, 4C, KH, 6S, 8H, TS, QD, 3S]
2025-01-04 20:44:38,993 - Castle: [KD, KS]
2025-01-04 20:44:38,993 - Discard: [3H, 6C, 5H, 2H, 5S, AS, AH, 9C, 2S, 2C, 6D, 7H, 3C, 2D, QC, JH, 5C, JD, JS, 8S, 5D, 8D, 7S, AC, AD, 9S, 8C, QH, TH, 4S, JC]
2025-01-04 20:44:38,993 - Active Player: 1
2025-01-04 20:44:38,993 - STATE LOG: END
2025-01-04 20:44:40,122 - STATE LOG: BEGIN
2025-01-04 20:44:40,122 - Noah's Hand: [3D, TC, 3S, 6S]
2025-01-04 20:44:40,122 - Eve's Hand: [7D, 9D, QD, 8H, KH, 7C]
2025-01-04 20:44:40,122 - Boss: Rank: 13 | Suit C | Attack 8 | Health 1
2025-01-04 20:44:40,122 - Tavern: [AD, 8D, QC, 3H, TH, JS, QH, 5C, 6H]
2025-01-04 20:44:40,122 - Castle: [KD, KS]
2025-01-04 20:44:40,122 - Discard: [JH, AS, 8C, 2C, JD, 2S, 2H, 7H, 7S, 5S, 5D, 3C, 6D, 2D, 6C, 4S, 8S, 9S, AC, AH, 9C, 5H, JC, 4C, TS]
2025-01-04 20:44:40,122 - Active Player: 2
2025-01-04 20:44:40,122 - STATE LOG: END
2025-01-04 20:44:42,060 - STATE LOG: BEGIN
2025-01-04 20:44:42,061 - Noah's Hand: [3D, TC, 3S, 6S, 5C, JS, TH]
2025-01-04 20:44:42,061 - Eve's Hand: [7C, 9D, QD, 8H, KH, 6H, QH]
2025-01-04 20:44:42,061 - Boss: Rank: 13 | Suit S | Attack 20 | Health 40
2025-01-04 20:44:42,061 - Tavern: [AD, 8D, QC, 3H]
2025-01-04 20:44:42,061 - Castle: [KD]
2025-01-04 20:44:42,061 - Discard: [JH, AS, 8C, 2C, JD, 2S, 2H, 7H, 7S, 5S, 5D, 3C, 6D, 2D, 6C, 4S, 8S, 9S, AC, AH, 9C, 5H, JC, 4C, TS, TD, 4D, 4H, QS, 9H, 7D, KC]
2025-01-04 20:44:42,061 - Active Player: 2
2025-01-04 20:44:42,061 - STATE LOG: END
2025-01-04 20:44:44,077 - STATE LOG: BEGIN
2025-01-04 20:44:44,078 - Noah's Hand: [3D, TC, 3S, 6S, 5C, JS, TH]
2025-01-04 20:44:44,078 - Eve's Hand: [7C, 9D, QD, 6H]
2025-01-04 20:44:44,078 - Boss: Rank: 13 | Suit S | Attack 20 | Health 28
2025-01-04 20:44:44,078 - Tavern: [JH, QS, KC, 6D, TS, 4H, 7S, TD, 4C, 8S, 9C, AH, AD, 8D, QC, 3H]
2025-01-04 20:44:44,078 - Castle: [KD]
2025-01-04 20:44:44,078 - Discard: [JC, 4S, 2S, 2C, 5D, AS, 3C, AC, 2H, 9H, 2D, 7H, 4D, 7D, 6C, JD, 5S, 9S, 8C, 5H, 8H, KH]
2025-01-04 20:44:44,078 - Active Player: 1
2025-01-04 20:44:44,078 - STATE LOG: END
2025-01-04 20:44:45,055 - STATE LOG: BEGIN
2025-01-04 20:44:45,055 - Noah's Hand: [3D, 3S, 6S]
2025-01-04 20:44:45,055 - Eve's Hand: [7C, 9D, QD, 6H]
2025-01-04 20:44:45,055 - Boss: Rank: 13 | Suit S | Attack 20 | Health 8
2025-01-04 20:44:45,055 - Tavern: [JH, QS, KC, 6D, TS, 4H, 7S, TD, 4C, 8S, 9C, AH, AD, 8D, QC, 3H]
2025-01-04 20:44:45,055 - Castle: [KD]
2025-01-04 20:44:45,055 - Discard: [JC, 4S, 2S, 2C, 5D, AS, 3C, AC, 2H, 9H, 2D, 7H, 4D, 7D, 6C, JD, 5S, 9S, 8C, 5H, 8H, KH, TH, 5C, JS]
2025-01-04 20:44:45,055 - Active Player: 2
2025-01-04 20:44:45,055 - STATE LOG: END
2025-01-04 20:44:45,374 - STATE LOG: BEGIN
2025-01-04 20:44:45,375 - Noah's Hand: [3D, 3S, 6S, QC, AD, 9C, 4C]
2025-01-04 20:44:45,375 - Eve's Hand: [7C, 9D, 6H, 3H, 8D, AH, 8S]
2025-01-04 20:44:45,375 - Boss: Rank: 13 | Suit D | Attack 20 | Health 40
2025-01-04 20:44:45,375 - Tavern: [JH, QS, KC, 6D, TS, 4H, 7S, TD]
2025-01-04 20:44:45,375 - Castle: []
2025-01-04 20:44:45,375 - Discard: [JC, 4S, 2S, 2C, 5D, AS, 3C, AC, 2H, 9H, 2D, 7H, 4D, 7D, 6C, JD, 5S, 9S, 8C, 5H, 8H, KH, TH, 5C, JS, TC, QH, QD, KS]
2025-01-04 20:44:45,375 - Active Player: 2
2025-01-04 20:44:45,375 - STATE LOG: END
2025-01-04 20:44:46,541 - STATE LOG: BEGIN
2025-01-04 20:44:46,541 - Noah's Hand: [3D, 3S, 6S, QC, AD, 9C, 4C]
2025-01-04 20:44:46,541 - Eve's Hand: [8D, 9D]
2025-01-04 20:44:46,541 - Boss: Rank: 13 | Suit D | Attack 11 | Health 31
2025-01-04 20:44:46,541 - Tavern: [TH, QH, 3C, JS, 2S, 8H, 7H, 6C, 2H, JH, QS, KC, 6D, TS, 4H, 7S, TD]
2025-01-04 20:44:46,541 - Castle: []
2025-01-04 20:44:46,541 - Discard: [QD, 4D, 5C, 5H, 8C, 5D, KS, 5S, 9H, AC, JD, JC, 9S, TC, KH, 7D, 4S, 2C, AS, 2D, 3H, 6H, 7C]
2025-01-04 20:44:46,541 - Active Player: 1
2025-01-04 20:44:46,541 - STATE LOG: END
2025-01-04 20:44:46,754 - STATE LOG: BEGIN
2025-01-04 20:44:46,754 - Noah's Hand: [3D, 3S, 4C]
2025-01-04 20:44:46,754 - Eve's Hand: [8D, 9D]
2025-01-04 20:44:46,754 - Boss: Rank: 13 | Suit D | Attack 11 | Health 5
2025-01-04 20:44:46,754 - Tavern: [TH, QH, 3C, JS, 2S, 8H, 7H, 6C, 2H, JH, QS, KC, 6D, TS, 4H, 7S, TD]
2025-01-04 20:44:46,754 - Castle: []
2025-01-04 20:44:46,754 - Discard: [QD, 4D, 5C, 5H, 8C, 5D, KS, 5S, 9H, AC, JD, JC, 9S, TC, KH, 7D, 4S, 2C, AS, 2D, 3H, 6H, 7C, 9C, 6S]
2025-01-04 20:44:46,754 - Active Player: 2
2025-01-04 20:44:46,754 - STATE LOG: END
2025-01-04 20:44:46,759 - STATE LOG: BEGIN
2025-01-04 20:44:46,760 - Noah's Hand: [3D, 3S, 4C]
2025-01-04 20:44:46,760 - Eve's Hand: [8D]
