2025-01-04 15:25:43,822 - I log states! :D
2025-01-04 15:25:43,822 - STATE LOG: BEGIN
2025-01-04 15:25:43,822 - Noah's Hand: [8C, 5D, 5H, 2S, 8S, 3D, 6D]
2025-01-04 15:25:43,822 - Eve's Hand: [AS, AH, 5S, TH, 6C, 7S, 9S]
2025-01-04 15:25:43,822 - Boss: Rank: 11 | Suit C | Attack 10 | Health 20
2025-01-04 15:25:43,823 - Tavern: [6H, 4S, 8H, 3H, 4D, 6S, TS, 3S, 8D, 5C, 7D, 7C, 9C, 2H, TD, 9H, 9D, 4C, 2D, TC, 2C, 3C, AD, 4H, AC, 7H]
2025-01-04 15:25:43,823 - Castle: [KC, KS, KD, KH, QH, QD, QS, QC, JS, JH, JD]
2025-01-04 15:25:43,823 - Discard: []
2025-01-04 15:25:43,823 - Active Player: 1
2025-01-04 15:25:43,823 - STATE LOG: END
2025-01-04 15:25:45,161 - STATE LOG: BEGIN
2025-01-04 15:25:45,161 - Noah's Hand: [3D, 5D, 5H, 6D, 8C]
2025-01-04 15:25:45,161 - Eve's Hand: [AS, AH, 5S, TH, 6C, 7S, 9S]
2025-01-04 15:25:45,161 - Boss: Rank: 11 | Suit C | Attack 8 | Health 18
2025-01-04 15:25:45,161 - Tavern: [6H, 4S, 8H, 3H, 4D, 6S, TS, 3S, 8D, 5C, 7D, 7C, 9C, 2H, TD, 9H, 9D, 4C, 2D, TC, 2C, 3C, AD, 4H, AC, 7H]
2025-01-04 15:25:45,161 - Castle: [KC, KS, KD, KH, QH, QD, QS, QC, JS, JH, JD]
2025-01-04 15:25:45,161 - Discard: [8S]
2025-01-04 15:25:45,161 - Active Player: 2
2025-01-04 15:25:45,161 - STATE LOG: END
2025-01-04 15:25:46,620 - STATE LOG: BEGIN
2025-01-04 15:25:46,620 - Noah's Hand: [3D, 5D, 5H, 6D, 8C]
2025-01-04 15:25:46,620 - Eve's Hand: [AS, 5S, 6C, 7S, 9S]
2025-01-04 15:25:46,620 - Boss: Rank: 11 | Suit C | Attack 8 | Health 17
2025-01-04 15:25:46,620 - Tavern: [8S, 6H, 4S, 8H, 3H, 4D, 6S, TS, 3S, 8D, 5C, 7D, 7C, 9C, 2H, TD, 9H, 9D, 4C, 2D, TC, 2C, 3C, AD, 4H, AC, 7H]
2025-01-04 15:25:46,620 - Castle: [KC, KS, KD, KH, QH, QD, QS, QC, JS, JH, JD]
2025-01-04 15:25:46,620 - Discard: [TH]
2025-01-04 15:25:46,620 - Active Player: 1
2025-01-04 15:25:46,620 - STATE LOG: END
2025-01-04 15:25:47,896 - STATE LOG: BEGIN
2025-01-04 15:25:47,896 - Noah's Hand: [3D, 5D, 5H, 8C]
2025-01-04 15:25:47,897 - Eve's Hand: [AS, 5S, 6C, 7S, 9S, AC, AD]
2025-01-04 15:25:47,897 - Boss: Rank: 11 | Suit C | Attack 8 | Health 11
2025-01-04 15:25:47,897 - Tavern: [8S, 6H, 4S, 8H, 3H, 4D, 6S, TS, 3S, 8D, 5C, 7D, 7C, 9C, 2H, TD, 9H, 9D, 4C, 2D, TC, 2C]
2025-01-04 15:25:47,897 - Castle: [KC, KS, KD, KH, QH, QD, QS, QC, JS, JH, JD]
2025-01-04 15:25:47,897 - Discard: [TH, 3C, 4H, 7H]
2025-01-04 15:25:47,897 - Active Player: 2
2025-01-04 15:25:47,897 - STATE LOG: END
2025-01-04 15:25:49,349 - STATE LOG: BEGIN
2025-01-04 15:25:49,349 - Noah's Hand: [3D, 5D, 5H, 8C]
2025-01-04 15:25:49,349 - Eve's Hand: [AC, AD, AS, 5S, 6C, 7S]
2025-01-04 15:25:49,349 - Boss: Rank: 11 | Suit C | Attack 8 | Health 11
2025-01-04 15:25:49,349 - Tavern: [8S, 6H, 4S, 8H, 3H, 4D, 6S, TS, 3S, 8D, 5C, 7D, 7C, 9C, 2H, TD, 9H, 9D, 4C, 2D, TC, 2C]
2025-01-04 15:25:49,349 - Castle: [KC, KS, KD, KH, QH, QD, QS, QC, JS, JH, JD]
2025-01-04 15:25:49,349 - Discard: [TH, 3C, 4H, 7H, 9S]
2025-01-04 15:25:49,349 - Active Player: 1
2025-01-04 15:25:49,349 - STATE LOG: END
2025-01-04 15:25:50,615 - STATE LOG: BEGIN
2025-01-04 15:25:50,615 - Noah's Hand: [3D, 8C, 2C, 2D, 4C, 9D]
2025-01-04 15:25:50,616 - Eve's Hand: [AC, AD, AS, 5S, 6C, 7S, TC]
2025-01-04 15:25:50,616 - Boss: Rank: 11 | Suit C | Attack 8 | Health 1
2025-01-04 15:25:50,616 - Tavern: [7H, TH, 9S, 3C, 4H, 8S, 6H, 4S, 8H, 3H, 4D, 6S, TS, 3S, 8D, 5C, 7D, 7C, 9C, 2H, TD]
2025-01-04 15:25:50,616 - Castle: [KC, KS, KD, KH, QH, QD, QS, QC, JS, JH, JD]
2025-01-04 15:25:50,616 - Discard: [9H]
2025-01-04 15:25:50,616 - Active Player: 2
2025-01-04 15:25:50,616 - STATE LOG: END
2025-01-04 15:25:52,027 - STATE LOG: BEGIN
2025-01-04 15:25:52,027 - Noah's Hand: [3D, 8C, 2C, 2D, 4C, 9D]
2025-01-04 15:25:52,027 - Eve's Hand: [AD, AS, 5S, 6C, 7S, TC]
2025-01-04 15:25:52,027 - Boss: Rank: 11 | Suit D | Attack 10 | Health 20
2025-01-04 15:25:52,027 - Tavern: [7H, TH, 9S, 3C, 4H, 8S, 6H, 4S, 8H, 3H, 4D, 6S, TS, 3S, 8D, 5C, 7D, 7C, 9C, 2H, TD]
2025-01-04 15:25:52,027 - Castle: [KC, KS, KD, KH, QH, QD, QS, QC, JS, JH]
2025-01-04 15:25:52,027 - Discard: [9H, 2S, 6D, 5D, 5H, AH, AC]
2025-01-04 15:25:52,027 - Active Player: 2
2025-01-04 15:25:52,027 - STATE LOG: END
2025-01-04 15:25:53,289 - STATE LOG: BEGIN
2025-01-04 15:25:53,289 - Noah's Hand: [3D, 8C, 2C, 2D, 4C, 9D]
2025-01-04 15:25:53,289 - Eve's Hand: [AD, AS, 5S, 6C, 7S]
2025-01-04 15:25:53,289 - Boss: Rank: 11 | Suit H | Attack 10 | Health 20
2025-01-04 15:25:53,289 - Tavern: [7H, TH, 9S, 3C, 4H, 8S, 6H, 4S, 8H, 3H, 4D, 6S, TS, 3S, 8D, 5C, 7D, 7C, 9C, 2H, TD]
2025-01-04 15:25:53,289 - Castle: [KC, KS, KD, KH, QH, QD, QS, QC, JS]
2025-01-04 15:25:53,289 - Discard: [9H, 2S, 6D, 5D, 5H, AH, AC, TC]
2025-01-04 15:25:53,289 - Active Player: 2
2025-01-04 15:25:53,289 - STATE LOG: END
2025-01-04 15:25:54,816 - STATE LOG: BEGIN
2025-01-04 15:25:54,816 - Noah's Hand: [3D, 8C, 2C, 2D, 4C, 9D, JC]
2025-01-04 15:25:54,816 - Eve's Hand: [AS, 6C, 7S, JD, TD, 2H]
2025-01-04 15:25:54,816 - Boss: Rank: 11 | Suit H | Attack 4 | Health 14
2025-01-04 15:25:54,816 - Tavern: [7H, TH, 9S, 3C, 4H, 8S, 6H, 4S, 8H, 3H, 4D, 6S, TS, 3S, 8D, 5C, 7D, 7C]
2025-01-04 15:25:54,816 - Castle: [KC, KS, KD, KH, QH, QD, QS, QC, JS]
2025-01-04 15:25:54,816 - Discard: [9H, 2S, 6D, 5D, 5H, AH, AC, TC, 9C]
2025-01-04 15:25:54,816 - Active Player: 1
2025-01-04 15:25:54,816 - STATE LOG: END
2025-01-04 15:25:56,480 - STATE LOG: BEGIN
2025-01-04 15:25:56,480 - Noah's Hand: [2C, 2D, 4C, 8C, 9D, JC]
2025-01-04 15:25:56,480 - Eve's Hand: [AS, 6C, 7S, JD, TD, 2H, 7D]
2025-01-04 15:25:56,480 - Boss: Rank: 11 | Suit H | Attack 4 | Health 11
2025-01-04 15:25:56,480 - Tavern: [7H, TH, 9S, 3C, 4H, 8S, 6H, 4S, 8H, 3H, 4D, 6S, TS, 3S, 8D, 5C]
2025-01-04 15:25:56,480 - Castle: [KC, KS, KD, KH, QH, QD, QS, QC, JS]
2025-01-04 15:25:56,480 - Discard: [9H, 2S, 6D, 5D, 5H, AH, AC, TC, 9C, 7C]
2025-01-04 15:25:56,480 - Active Player: 2
2025-01-04 15:25:56,480 - STATE LOG: END
2025-01-04 15:25:58,037 - STATE LOG: BEGIN
2025-01-04 15:25:58,037 - Noah's Hand: [2C, 2D, 4C, 8C, 9D, JC]
2025-01-04 15:25:58,037 - Eve's Hand: [2H, 6C, 7D, 7S, TD]
2025-01-04 15:25:58,037 - Boss: Rank: 11 | Suit H | Attack 3 | Health 10
2025-01-04 15:25:58,037 - Tavern: [7H, TH, 9S, 3C, 4H, 8S, 6H, 4S, 8H, 3H, 4D, 6S, TS, 3S, 8D, 5C]
2025-01-04 15:25:58,037 - Castle: [KC, KS, KD, KH, QH, QD, QS, QC, JS]
2025-01-04 15:25:58,037 - Discard: [9H, 2S, 6D, 5D, 5H, AH, AC, TC, 9C, 7C, JD]
2025-01-04 15:25:58,037 - Active Player: 1
2025-01-04 15:25:58,037 - STATE LOG: END
2025-01-04 15:25:59,491 - STATE LOG: BEGIN
2025-01-04 15:25:59,491 - Noah's Hand: [2C, 2D, 4C, 8C, JC, 5C]
2025-01-04 15:25:59,491 - Eve's Hand: [2H, 6C, 7D, 7S, TD, 8D, TS]
2025-01-04 15:25:59,491 - Boss: Rank: 11 | Suit H | Attack 3 | Health 1
2025-01-04 15:25:59,491 - Tavern: [7H, TH, 9S, 3C, 4H, 8S, 6H, 4S, 8H, 3H, 4D, 6S]
2025-01-04 15:25:59,491 - Castle: [KC, KS, KD, KH, QH, QD, QS, QC, JS]
2025-01-04 15:25:59,491 - Discard: [9H, 2S, 6D, 5D, 5H, AH, AC, TC, 9C, 7C, JD, 3S]
2025-01-04 15:25:59,491 - Active Player: 2
2025-01-04 15:25:59,491 - STATE LOG: END
2025-01-04 15:26:01,022 - STATE LOG: BEGIN
2025-01-04 15:26:01,022 - Noah's Hand: [2C, 2D, 4C, 8C, JC, 5C]
2025-01-04 15:26:01,022 - Eve's Hand: [2H, 7D, 7S, 8D, TD, TS]
2025-01-04 15:26:01,022 - Boss: Rank: 11 | Suit S | Attack 10 | Health 20
2025-01-04 15:26:01,022 - Tavern: [7H, TH, 9S, 3C, 4H, 8S, 6H, 4S, 8H, 3H, 4D, 6S]
2025-01-04 15:26:01,022 - Castle: [KC, KS, KD, KH, QH, QD, QS, QC]
2025-01-04 15:26:01,022 - Discard: [9H, 2S, 6D, 5D, 5H, AH, AC, TC, 9C, 7C, JD, 3S, 3D, 9D, AD, 5S, AS, 6C, JH]
2025-01-04 15:26:01,022 - Active Player: 2
2025-01-04 15:26:01,022 - STATE LOG: END
2025-01-04 15:26:02,489 - STATE LOG: BEGIN
2025-01-04 15:26:02,490 - Noah's Hand: [2C, 2D, 4C, 8C, JC, 5C]
2025-01-04 15:26:02,490 - Eve's Hand: [7D, 7S, 8D, TD]
2025-01-04 15:26:02,490 - Boss: Rank: 11 | Suit S | Attack 10 | Health 18
2025-01-04 15:26:02,490 - Tavern: [JH, TC, 7H, TH, 9S, 3C, 4H, 8S, 6H, 4S, 8H, 3H, 4D, 6S]
2025-01-04 15:26:02,490 - Castle: [KC, KS, KD, KH, QH, QD, QS, QC]
2025-01-04 15:26:02,490 - Discard: [AS, 5S, 3D, JD, 5H, 7C, AC, 6D, 9H, 3S, 9D, 2S, AD, 9C, 5D, AH, 6C, TS]
2025-01-04 15:26:02,490 - Active Player: 1
2025-01-04 15:26:02,490 - STATE LOG: END
2025-01-04 15:26:03,900 - STATE LOG: BEGIN
2025-01-04 15:26:03,900 - Noah's Hand: [2C, 2D, 4C, 5C, 8C]
2025-01-04 15:26:03,900 - Eve's Hand: [7D, 7S, 8D, TD]
2025-01-04 15:26:03,900 - Boss: Rank: 11 | Suit S | Attack 10 | Health 18
2025-01-04 15:26:03,900 - Tavern: [JH, TC, 7H, TH, 9S, 3C, 4H, 8S, 6H, 4S, 8H, 3H, 4D, 6S]
2025-01-04 15:26:03,900 - Castle: [KC, KS, KD, KH, QH, QD, QS, QC]
2025-01-04 15:26:03,900 - Discard: [AS, 5S, 3D, JD, 5H, 7C, AC, 6D, 9H, 3S, 9D, 2S, AD, 9C, 5D, AH, 6C, TS, JC]
2025-01-04 15:26:03,900 - Active Player: 2
2025-01-04 15:26:03,900 - STATE LOG: END
2025-01-04 15:26:05,353 - STATE LOG: BEGIN
2025-01-04 15:26:05,354 - Noah's Hand: [2C, 2D, 4C, 5C, 8C, 4D, 8H]
2025-01-04 15:26:05,354 - Eve's Hand: [7S, 8D, TD, 6S, 3H]
2025-01-04 15:26:05,354 - Boss: Rank: 11 | Suit S | Attack 10 | Health 11
2025-01-04 15:26:05,354 - Tavern: [JH, TC, 7H, TH, 9S, 3C, 4H, 8S]
2025-01-04 15:26:05,354 - Castle: [KC, KS, KD, KH, QH, QD, QS, QC]
2025-01-04 15:26:05,354 - Discard: [AS, 5S, 3D, JD, 5H, 7C, AC, 6D, 9H, 3S, 9D, 2S, AD, 9C, 5D, AH, 6C, TS, JC, 6H, 4S]
2025-01-04 15:26:05,354 - Active Player: 1
2025-01-04 15:26:05,354 - STATE LOG: END
2025-01-04 15:26:06,836 - STATE LOG: BEGIN
2025-01-04 15:26:06,836 - Noah's Hand: [2C, 2D, 4C, 4D]
2025-01-04 15:26:06,836 - Eve's Hand: [7S, 8D, TD, 6S, 3H]
2025-01-04 15:26:06,836 - Boss: Rank: 11 | Suit S | Attack 10 | Health 3
2025-01-04 15:26:06,836 - Tavern: [TS, AS, AH, 3D, 6D, AD, JD, 2S, JH, TC, 7H, TH, 9S, 3C, 4H, 8S]
2025-01-04 15:26:06,836 - Castle: [KC, KS, KD, KH, QH, QD, QS, QC]
2025-01-04 15:26:06,836 - Discard: [9C, 6C, 7C, AC, 3S, 4S, 5D, JC, 5S, 9H, 5H, 9D, 6H, 8C, 5C]
2025-01-04 15:26:06,836 - Active Player: 2
2025-01-04 15:26:06,836 - STATE LOG: END
2025-01-04 15:26:07,633 - STATE LOG: BEGIN
2025-01-04 15:26:07,633 - Noah's Hand: [2C, 2D, 4C, 4D, 4H, 9S, 7H]
2025-01-04 15:26:07,633 - Eve's Hand: [3H, 6S, 7S, TD, 8S, 3C, TH]
2025-01-04 15:26:07,633 - Boss: Rank: 12 | Suit C | Attack 15 | Health 30
2025-01-04 15:26:07,633 - Tavern: [TS, AS, AH, 3D, 6D, AD, JD, 2S, JH, TC]
2025-01-04 15:26:07,633 - Castle: [KC, KS, KD, KH, QH, QD, QS]
2025-01-04 15:26:07,633 - Discard: [9C, 6C, 7C, AC, 3S, 4S, 5D, JC, 5S, 9H, 5H, 9D, 6H, 8C, 5C, 8H, 2H, 7D, 8D, JS]
2025-01-04 15:26:07,633 - Active Player: 2
2025-01-04 15:26:07,633 - STATE LOG: END
2025-01-04 15:26:09,397 - STATE LOG: BEGIN
2025-01-04 15:26:09,397 - Noah's Hand: [2C, 2D, 4C, 4D, 4H, 9S, 7H]
2025-01-04 15:26:09,397 - Eve's Hand: [3C, 3H, 6S, 7S, TD]
2025-01-04 15:26:09,397 - Boss: Rank: 12 | Suit C | Attack 7 | Health 22
2025-01-04 15:26:09,397 - Tavern: [TS, AS, AH, 3D, 6D, AD, JD, 2S, JH, TC]
2025-01-04 15:26:09,397 - Castle: [KC, KS, KD, KH, QH, QD, QS]
2025-01-04 15:26:09,397 - Discard: [9C, 6C, 7C, AC, 3S, 4S, 5D, JC, 5S, 9H, 5H, 9D, 6H, 8C, 5C, 8H, 2H, 7D, 8D, JS, TH]
2025-01-04 15:26:09,397 - Active Player: 1
2025-01-04 15:26:09,398 - STATE LOG: END
2025-01-04 15:26:11,107 - STATE LOG: BEGIN
2025-01-04 15:26:11,107 - Noah's Hand: [2C, 2D, 4C, 4H, 7H, 9S]
2025-01-04 15:26:11,107 - Eve's Hand: [3C, 3H, 6S, 7S, TD, JH, 2S]
2025-01-04 15:26:11,107 - Boss: Rank: 12 | Suit C | Attack 7 | Health 18
2025-01-04 15:26:11,107 - Tavern: [TS, AS, AH, 3D, 6D, AD, JD]
2025-01-04 15:26:11,107 - Castle: [KC, KS, KD, KH, QH, QD, QS]
2025-01-04 15:26:11,107 - Discard: [9C, 6C, 7C, AC, 3S, 4S, 5D, JC, 5S, 9H, 5H, 9D, 6H, 8C, 5C, 8H, 2H, 7D, 8D, JS, TH, TC]
2025-01-04 15:26:11,107 - Active Player: 2
2025-01-04 15:26:11,107 - STATE LOG: END
2025-01-04 15:26:12,819 - STATE LOG: BEGIN
2025-01-04 15:26:12,819 - Noah's Hand: [2C, 2D, 4C, 4H, 7H, 9S]
2025-01-04 15:26:12,819 - Eve's Hand: [3C, 3H, 6S, 7S, TD]
2025-01-04 15:26:12,819 - Boss: Rank: 12 | Suit C | Attack 5 | Health 16
2025-01-04 15:26:12,819 - Tavern: [TS, AS, AH, 3D, 6D, AD, JD]
2025-01-04 15:26:12,819 - Castle: [KC, KS, KD, KH, QH, QD, QS]
2025-01-04 15:26:12,819 - Discard: [9C, 6C, 7C, AC, 3S, 4S, 5D, JC, 5S, 9H, 5H, 9D, 6H, 8C, 5C, 8H, 2H, 7D, 8D, JS, TH, TC, JH]
2025-01-04 15:26:12,819 - Active Player: 1
2025-01-04 15:26:12,819 - STATE LOG: END
2025-01-04 15:26:14,527 - STATE LOG: BEGIN
2025-01-04 15:26:14,528 - Noah's Hand: [2C, 4C, 4H, 7H, 9S]
2025-01-04 15:26:14,528 - Eve's Hand: [3C, 3H, 6S, 7S, TD, AD]
2025-01-04 15:26:14,528 - Boss: Rank: 12 | Suit C | Attack 5 | Health 14
2025-01-04 15:26:14,528 - Tavern: [TS, AS, AH, 3D, 6D]
2025-01-04 15:26:14,528 - Castle: [KC, KS, KD, KH, QH, QD, QS]
2025-01-04 15:26:14,528 - Discard: [9C, 6C, 7C, AC, 3S, 4S, 5D, JC, 5S, 9H, 5H, 9D, 6H, 8C, 5C, 8H, 2H, 7D, 8D, JS, TH, TC, JH, JD]
2025-01-04 15:26:14,528 - Active Player: 2
2025-01-04 15:26:14,528 - STATE LOG: END
2025-01-04 15:26:16,172 - STATE LOG: BEGIN
2025-01-04 15:26:16,173 - Noah's Hand: [2C, 4C, 4H, 7H, 9S]
2025-01-04 15:26:16,173 - Eve's Hand: [AD, 3C, 3H, 6S, 7S]
2025-01-04 15:26:16,173 - Boss: Rank: 12 | Suit C | Attack 5 | Health 14
2025-01-04 15:26:16,173 - Tavern: [TS, AS, AH, 3D, 6D]
2025-01-04 15:26:16,173 - Castle: [KC, KS, KD, KH, QH, QD, QS]
2025-01-04 15:26:16,173 - Discard: [9C, 6C, 7C, AC, 3S, 4S, 5D, JC, 5S, 9H, 5H, 9D, 6H, 8C, 5C, 8H, 2H, 7D, 8D, JS, TH, TC, JH, JD, TD]
2025-01-04 15:26:16,173 - Active Player: 1
2025-01-04 15:26:16,173 - STATE LOG: END
2025-01-04 15:26:17,678 - STATE LOG: BEGIN
2025-01-04 15:26:17,679 - Noah's Hand: [2C, 4C, 7H]
2025-01-04 15:26:17,679 - Eve's Hand: [AD, 3C, 3H, 6S, 7S]
2025-01-04 15:26:17,679 - Boss: Rank: 12 | Suit C | Attack 5 | Health 10
2025-01-04 15:26:17,679 - Tavern: [7D, JS, 8D, JH, TS, AS, AH, 3D, 6D]
2025-01-04 15:26:17,679 - Castle: [KC, KS, KD, KH, QH, QD, QS]
2025-01-04 15:26:17,679 - Discard: [7C, 5C, 4S, AC, TH, 6C, 9H, 5D, JD, 9C, 6H, TD, 2H, 5S, 8H, 8C, 5H, TC, 9D, 3S, JC, 9S]
2025-01-04 15:26:17,679 - Active Player: 2
2025-01-04 15:26:17,679 - STATE LOG: END
2025-01-04 15:26:18,676 - STATE LOG: BEGIN
2025-01-04 15:26:18,676 - Noah's Hand: [2C, 4C, 7H, 3D, AS, JH]
2025-01-04 15:26:18,676 - Eve's Hand: [3C, 3H, 7S, 6D, AH, TS, 8D]
2025-01-04 15:26:18,676 - Boss: Rank: 12 | Suit C | Attack 0 | Health 3
2025-01-04 15:26:18,676 - Tavern: [7D, JS]
2025-01-04 15:26:18,676 - Castle: [KC, KS, KD, KH, QH, QD, QS]
2025-01-04 15:26:18,676 - Discard: [7C, 5C, 4S, AC, TH, 6C, 9H, 5D, JD, 9C, 6H, TD, 2H, 5S, 8H, 8C, 5H, TC, 9D, 3S, JC, 9S]
2025-01-04 15:26:18,676 - Active Player: 1
2025-01-04 15:26:18,676 - STATE LOG: END
2025-01-04 15:26:20,261 - STATE LOG: BEGIN
2025-01-04 15:26:20,261 - Noah's Hand: [AS, 3D, 4C, 7H, JH]
2025-01-04 15:26:20,261 - Eve's Hand: [3C, 3H, 7S, 6D, AH, TS, 8D]
2025-01-04 15:26:20,261 - Boss: Rank: 12 | Suit C | Attack 0 | Health 1
2025-01-04 15:26:20,261 - Tavern: [7D, JS]
2025-01-04 15:26:20,261 - Castle: [KC, KS, KD, KH, QH, QD, QS]
2025-01-04 15:26:20,261 - Discard: [7C, 5C, 4S, AC, TH, 6C, 9H, 5D, JD, 9C, 6H, TD, 2H, 5S, 8H, 8C, 5H, TC, 9D, 3S, JC, 9S]
2025-01-04 15:26:20,261 - Active Player: 2
2025-01-04 15:26:20,261 - STATE LOG: END
2025-01-04 15:26:21,939 - STATE LOG: BEGIN
2025-01-04 15:26:21,939 - Noah's Hand: [AS, 3D, 4C, 7H, JH]
2025-01-04 15:26:21,940 - Eve's Hand: [AH, 6D, 7S, 8D, TS]
2025-01-04 15:26:21,940 - Boss: Rank: 12 | Suit S | Attack 15 | Health 30
2025-01-04 15:26:21,940 - Tavern: [TH, TD, JC, 6H, 8H, 7C, 7D, JS]
2025-01-04 15:26:21,940 - Castle: [KC, KS, KD, KH, QH, QD]
2025-01-04 15:26:21,940 - Discard: [9D, 3S, TC, 9H, 9C, 4S, AC, 8C, 5H, 5C, 5D, JD, 5S, 9S, 6C, 2H, 4D, 2D, 4H, 2C, 8S, 2S, AD, 6S, 3C, 3H, QC]
2025-01-04 15:26:21,940 - Active Player: 2
2025-01-04 15:26:21,940 - STATE LOG: END
2025-01-04 15:26:22,996 - STATE LOG: BEGIN
2025-01-04 15:26:22,996 - Noah's Hand: [AS, 3D, 4C, 7H, JH, 7D, 8H]
2025-01-04 15:26:22,996 - Eve's Hand: [6D, 7S, TS, JS, 7C]
2025-01-04 15:26:22,997 - Boss: Rank: 12 | Suit S | Attack 15 | Health 21
2025-01-04 15:26:22,997 - Tavern: [2H, 4S, 6C, 5S, 2D, 9S, 8S, QC, 2S, TH, TD]
2025-01-04 15:26:22,997 - Castle: [KC, KS, KD, KH, QH, QD]
2025-01-04 15:26:22,997 - Discard: [TC, 6S, 2C, 9D, 4H, 3C, 9H, 5C, 4D, 8C, 5H, AC, 3H, 5D, JD, 3S, AD, 9C, JC, 6H]
2025-01-04 15:26:22,997 - Active Player: 1
2025-01-04 15:26:22,997 - STATE LOG: END
2025-01-04 15:26:24,243 - STATE LOG: BEGIN
2025-01-04 15:26:24,243 - Noah's Hand: [AS, 3D, 4C, 7D, 7H]
2025-01-04 15:26:24,243 - Eve's Hand: [6D, 7S, TS, JS, 7C]
2025-01-04 15:26:24,243 - Boss: Rank: 12 | Suit S | Attack 15 | Health 21
2025-01-04 15:26:24,243 - Tavern: [2H, 4S, 6C, 5S, 2D, 9S, 8S, QC, 2S, TH, TD]
2025-01-04 15:26:24,243 - Castle: [KC, KS, KD, KH, QH, QD]
2025-01-04 15:26:24,243 - Discard: [TC, 6S, 2C, 9D, 4H, 3C, 9H, 5C, 4D, 8C, 5H, AC, 3H, 5D, JD, 3S, AD, 9C, JC, 6H, JH, 8H]
2025-01-04 15:26:24,243 - Active Player: 2
2025-01-04 15:26:24,243 - STATE LOG: END
2025-01-04 15:26:25,143 - STATE LOG: BEGIN
2025-01-04 15:26:25,143 - Noah's Hand: [AS, 3D, 4C, 7D, 7H, TH, QC]
2025-01-04 15:26:25,143 - Eve's Hand: [7C, 7S, TS, JS]
2025-01-04 15:26:25,143 - Boss: Rank: 12 | Suit S | Attack 15 | Health 15
2025-01-04 15:26:25,143 - Tavern: [2H, 4S, 6C, 5S, 2D, 9S]
2025-01-04 15:26:25,143 - Castle: [KC, KS, KD, KH, QH, QD]
2025-01-04 15:26:25,143 - Discard: [TC, 6S, 2C, 9D, 4H, 3C, 9H, 5C, 4D, 8C, 5H, AC, 3H, 5D, JD, 3S, AD, 9C, JC, 6H, JH, 8H, 8S, 2S, TD]
2025-01-04 15:26:25,143 - Active Player: 1
2025-01-04 15:26:25,143 - STATE LOG: END
2025-01-04 15:26:25,246 - STATE LOG: BEGIN
2025-01-04 15:26:25,246 - Noah's Hand: [AS, 3D, 4C, 7D, 7H]
2025-01-04 15:26:25,246 - Eve's Hand: [7C, 7S, TS, JS]
2025-01-04 15:26:25,247 - Boss: Rank: 12 | Suit S | Attack 15 | Health 15
2025-01-04 15:26:25,247 - Tavern: [2H, 4S, 6C, 5S, 2D, 9S]
2025-01-04 15:26:25,247 - Castle: [KC, KS, KD, KH, QH, QD]
2025-01-04 15:26:25,247 - Discard: [TC, 6S, 2C, 9D, 4H, 3C, 9H, 5C, 4D, 8C, 5H, AC, 3H, 5D, JD, 3S, AD, 9C, JC, 6H, JH, 8H, 8S, 2S, TD, QC, TH]
2025-01-04 15:26:25,247 - Active Player: 2
2025-01-04 15:26:25,247 - STATE LOG: END
2025-01-04 15:26:25,823 - STATE LOG: BEGIN
2025-01-04 15:26:25,823 - Noah's Hand: [AS, 3D, 4C, 7D, 7H]
2025-01-04 15:26:25,823 - Eve's Hand: [7C]
2025-01-04 15:26:25,823 - Boss: Rank: 12 | Suit S | Attack 15 | Health 5
2025-01-04 15:26:25,823 - Tavern: [2H, 4S, 6C, 5S, 2D, 9S]
2025-01-04 15:26:25,823 - Castle: [KC, KS, KD, KH, QH, QD]
2025-01-04 15:26:25,823 - Discard: [TC, 6S, 2C, 9D, 4H, 3C, 9H, 5C, 4D, 8C, 5H, AC, 3H, 5D, JD, 3S, AD, 9C, JC, 6H, JH, 8H, 8S, 2S, TD, QC, TH, JS, 7S]
2025-01-04 15:26:25,823 - Active Player: 1
2025-01-04 15:26:25,823 - STATE LOG: END
2025-01-04 15:26:26,023 - STATE LOG: BEGIN
2025-01-04 15:26:26,023 - Noah's Hand: [AS, 3D, 4C, 7H, 9S, 5S, 4S]
2025-01-04 15:26:26,023 - Eve's Hand: [7C, 2D, 6C, 2H]
2025-01-04 15:26:26,023 - Boss: Rank: 12 | Suit D | Attack 15 | Health 30
2025-01-04 15:26:26,023 - Tavern: []
2025-01-04 15:26:26,023 - Castle: [KC, KS, KD, KH, QH]
2025-01-04 15:26:26,023 - Discard: [TC, 6S, 2C, 9D, 4H, 3C, 9H, 5C, 4D, 8C, 5H, AC, 3H, 5D, JD, 3S, AD, 9C, JC, 6H, JH, 8H, 8S, 2S, TD, QC, TH, JS, 7S, 7D, AH, 8D, 6D, TS, QS]
2025-01-04 15:26:26,023 - Active Player: 1
2025-01-04 15:26:26,023 - STATE LOG: END
2025-01-04 15:26:26,067 - STATE LOG: BEGIN
2025-01-04 15:26:26,067 - Noah's Hand: [AS, 3D, 5S, 7H]
2025-01-04 15:26:26,067 - Eve's Hand: [7C, 2D, 6C, 2H]
2025-01-04 15:26:26,067 - Boss: Rank: 12 | Suit D | Attack 7 | Health 14
2025-01-04 15:26:26,067 - Tavern: []
2025-01-04 15:26:26,067 - Castle: [KC, KS, KD, KH, QH]
2025-01-04 15:26:26,067 - Discard: [TC, 6S, 2C, 9D, 4H, 3C, 9H, 5C, 4D, 8C, 5H, AC, 3H, 5D, JD, 3S, AD, 9C, JC, 6H, JH, 8H, 8S, 2S, TD, QC, TH, JS, 7S, 7D, AH, 8D, 6D, TS, QS, 9S]
2025-01-04 15:26:26,067 - Active Player: 2
2025-01-04 15:26:26,067 - STATE LOG: END
2025-01-04 15:26:26,411 - STATE LOG: BEGIN
2025-01-04 15:26:26,411 - Noah's Hand: [AS, 3D, 5S, 7H]
2025-01-04 15:26:26,411 - Eve's Hand: [2D, 2H, 6C]
2025-01-04 15:26:26,411 - Boss: Rank: 12 | Suit D | Attack 7 | Health 14
2025-01-04 15:26:26,411 - Tavern: []
2025-01-04 15:26:26,411 - Castle: [KC, KS, KD, KH, QH]
2025-01-04 15:26:26,411 - Discard: [TC, 6S, 2C, 9D, 4H, 3C, 9H, 5C, 4D, 8C, 5H, AC, 3H, 5D, JD, 3S, AD, 9C, JC, 6H, JH, 8H, 8S, 2S, TD, QC, TH, JS, 7S, 7D, AH, 8D, 6D, TS, QS, 9S, 7C]
2025-01-04 15:26:26,411 - Active Player: 1
2025-01-04 15:26:26,411 - STATE LOG: END
2025-01-04 15:26:26,548 - STATE LOG: BEGIN
2025-01-04 15:26:26,548 - Noah's Hand: [3D, 5S]
2025-01-04 15:26:26,548 - Eve's Hand: [2D, 2H, 6C]
2025-01-04 15:26:26,548 - Boss: Rank: 12 | Suit D | Attack 0 | Health 6
2025-01-04 15:26:26,548 - Tavern: [9D, QC, TH, AC, 9S, 8S, JD, 7S]
2025-01-04 15:26:26,548 - Castle: [KC, KS, KD, KH, QH]
2025-01-04 15:26:26,548 - Discard: [2S, 8C, 7D, 5D, 6D, 3C, 7C, 2C, AD, 9H, JH, 4H, JS, 8D, 5C, 5H, TS, 9C, 3S, AH, JC, 3H, 6S, TD, 6H, 8H, 4D, QS, TC]
2025-01-04 15:26:26,548 - Active Player: 2
2025-01-04 15:26:26,548 - STATE LOG: END
2025-01-04 15:26:26,709 - STATE LOG: BEGIN
2025-01-04 15:26:26,709 - Noah's Hand: [3D, 5S]
2025-01-04 15:26:26,709 - Eve's Hand: [2D, 2H, 6C]
2025-01-04 15:26:26,709 - Boss: Rank: 12 | Suit D | Attack 0 | Health 6
2025-01-04 15:26:26,709 - Tavern: [9D, QC, TH, AC, 9S, 8S, JD, 7S]
2025-01-04 15:26:26,709 - Castle: [KC, KS, KD, KH, QH]
2025-01-04 15:26:26,709 - Discard: [2S, 8C, 7D, 5D, 6D, 3C, 7C, 2C, AD, 9H, JH, 4H, JS, 8D, 5C, 5H, TS, 9C, 3S, AH, JC, 3H, 6S, TD, 6H, 8H, 4D, QS, TC]
2025-01-04 15:26:26,709 - Active Player: 1
2025-01-04 15:26:26,709 - STATE LOG: END
2025-01-04 15:26:26,781 - STATE LOG: BEGIN
2025-01-04 15:26:26,781 - Noah's Hand: [5S]
2025-01-04 15:26:26,781 - Eve's Hand: [2D, 2H, 6C]
2025-01-04 15:26:26,781 - Boss: Rank: 12 | Suit D | Attack 0 | Health 3
2025-01-04 15:26:26,781 - Tavern: [9D, QC, TH, AC, 9S, 8S, JD, 7S]
2025-01-04 15:26:26,781 - Castle: [KC, KS, KD, KH, QH]
2025-01-04 15:26:26,781 - Discard: [2S, 8C, 7D, 5D, 6D, 3C, 7C, 2C, AD, 9H, JH, 4H, JS, 8D, 5C, 5H, TS, 9C, 3S, AH, JC, 3H, 6S, TD, 6H, 8H, 4D, QS, TC]
2025-01-04 15:26:26,781 - Active Player: 2
2025-01-04 15:26:26,781 - STATE LOG: END
2025-01-04 15:26:26,845 - STATE LOG: BEGIN
2025-01-04 15:26:26,845 - Noah's Hand: [5S]
2025-01-04 15:26:26,845 - Eve's Hand: [2D, 2H, 6C]
2025-01-04 15:26:26,845 - Boss: Rank: 12 | Suit D | Attack 0 | Health 3
2025-01-04 15:26:26,845 - Tavern: [9D, QC, TH, AC, 9S, 8S, JD, 7S]
2025-01-04 15:26:26,845 - Castle: [KC, KS, KD, KH, QH]
2025-01-04 15:26:26,845 - Discard: [2S, 8C, 7D, 5D, 6D, 3C, 7C, 2C, AD, 9H, JH, 4H, JS, 8D, 5C, 5H, TS, 9C, 3S, AH, JC, 3H, 6S, TD, 6H, 8H, 4D, QS, TC]
2025-01-04 15:26:26,845 - Active Player: 1
2025-01-04 15:26:26,845 - STATE LOG: END
2025-01-04 15:26:26,849 - STATE LOG: BEGIN
2025-01-04 15:26:26,849 - Noah's Hand: []
2025-01-04 15:26:26,849 - Eve's Hand: [2D, 2H, 6C]
2025-01-04 15:26:26,849 - Boss: Rank: 12 | Suit H | Attack 15 | Health 30
2025-01-04 15:26:26,849 - Tavern: [9D, QC, TH, AC, 9S, 8S, JD, 7S]
2025-01-04 15:26:26,849 - Castle: [KC, KS, KD, KH]
2025-01-04 15:26:26,849 - Discard: [2S, 8C, 7D, 5D, 6D, 3C, 7C, 2C, AD, 9H, JH, 4H, JS, 8D, 5C, 5H, TS, 9C, 3S, AH, JC, 3H, 6S, TD, 6H, 8H, 4D, QS, TC, 4C, 4S, AS, 7H, 3D, 5S, QD]
2025-01-04 15:26:26,849 - Active Player: 1
2025-01-04 15:26:26,849 - STATE LOG: END
2025-01-04 15:26:26,851 - STATE LOG: BEGIN
2025-01-04 15:26:26,851 - Noah's Hand: []
2025-01-04 15:26:26,851 - Eve's Hand: [2D, 2H, 6C]
2025-01-04 15:26:26,851 - Boss: Rank: 12 | Suit H | Attack 15 | Health 30
2025-01-04 15:26:26,851 - Tavern: [9D, QC, TH, AC, 9S, 8S, JD, 7S]
2025-01-04 15:26:26,851 - Castle: [KC, KS, KD, KH]
2025-01-04 15:26:26,851 - Discard: [2S, 8C, 7D, 5D, 6D, 3C, 7C, 2C, AD, 9H, JH, 4H, JS, 8D, 5C, 5H, TS, 9C, 3S, AH, JC, 3H, 6S, TD, 6H, 8H, 4D, QS, TC, 4C, 4S, AS, 7H, 3D, 5S, QD]
2025-01-04 15:26:26,851 - Active Player: 2
2025-01-04 15:26:26,851 - STATE LOG: END
