2025-01-04 02:01:19,085 - I log states! :D
2025-01-04 02:01:19,085 - STATE LOG: BEGIN
2025-01-04 02:01:19,085 - Noah's Hand: [4C, 6C, TH, 7H, TS, 9D, TC]
2025-01-04 02:01:19,085 - Eve's Hand: [8C, 7C, 2C, 8H, 2D, 9S, 3C]
2025-01-04 02:01:19,085 - Boss: Rank: 11 | Suit D | Attack 10 | Health 20
2025-01-04 02:01:19,085 - Tavern: [6S, 7D, 9C, 5C, 3D, AD, 6H, 6D, AH, 9H, 5D, 3H, AS, 8S, 4D, 2H, 5H, 4S, 5S, 8D, 7S, 4H, 3S, AC, 2S, TD]
2025-01-04 02:01:19,085 - Castle: [KS, KC, KH, KD, QD, QC, QH, QS, JC, JS, JH]
2025-01-04 02:01:19,085 - Discard: []
2025-01-04 02:01:19,085 - Active Player: 1
2025-01-04 02:01:19,085 - STATE LOG: END
2025-01-04 02:01:24,094 - STATE LOG: BEGIN
2025-01-04 02:01:24,094 - Noah's Hand: [4C, 6C, 7H, 9D, TC, TH]
2025-01-04 02:01:24,094 - Eve's Hand: [8C, 7C, 2C, 8H, 2D, 9S, 3C]
2025-01-04 02:01:24,094 - Boss: Rank: 11 | Suit D | Attack 0 | Health 10
2025-01-04 02:01:24,094 - Tavern: [6S, 7D, 9C, 5C, 3D, AD, 6H, 6D, AH, 9H, 5D, 3H, AS, 8S, 4D, 2H, 5H, 4S, 5S, 8D, 7S, 4H, 3S, AC, 2S, TD]
2025-01-04 02:01:24,094 - Castle: [KS, KC, KH, KD, QD, QC, QH, QS, JC, JS, JH]
2025-01-04 02:01:24,094 - Discard: []
2025-01-04 02:01:24,094 - Active Player: 2
2025-01-04 02:01:24,094 - STATE LOG: END
2025-01-04 02:01:29,095 - STATE LOG: BEGIN
2025-01-04 02:01:29,095 - Noah's Hand: [4C, 6C, 7H, 9D, TC, TH]
2025-01-04 02:01:29,095 - Eve's Hand: [2C, 2D, 3C, 7C, 8C, 8H, 9S]
2025-01-04 02:01:29,095 - Boss: Rank: 11 | Suit D | Attack 0 | Health 10
2025-01-04 02:01:29,095 - Tavern: [6S, 7D, 9C, 5C, 3D, AD, 6H, 6D, AH, 9H, 5D, 3H, AS, 8S, 4D, 2H, 5H, 4S, 5S, 8D, 7S, 4H, 3S, AC, 2S, TD]
2025-01-04 02:01:29,095 - Castle: [KS, KC, KH, KD, QD, QC, QH, QS, JC, JS, JH]
2025-01-04 02:01:29,095 - Discard: []
2025-01-04 02:01:29,095 - Active Player: 1
2025-01-04 02:01:29,095 - STATE LOG: END
2025-01-04 02:01:34,096 - STATE LOG: BEGIN
2025-01-04 02:01:34,096 - Noah's Hand: [6C, 7H, 9D, TC, TH]
2025-01-04 02:01:34,096 - Eve's Hand: [2C, 2D, 3C, 7C, 8C, 8H, 9S]
2025-01-04 02:01:34,096 - Boss: Rank: 11 | Suit D | Attack 0 | Health 2
2025-01-04 02:01:34,096 - Tavern: [6S, 7D, 9C, 5C, 3D, AD, 6H, 6D, AH, 9H, 5D, 3H, AS, 8S, 4D, 2H, 5H, 4S, 5S, 8D, 7S, 4H, 3S, AC, 2S, TD]
2025-01-04 02:01:34,096 - Castle: [KS, KC, KH, KD, QD, QC, QH, QS, JC, JS, JH]
2025-01-04 02:01:34,096 - Discard: []
2025-01-04 02:01:34,096 - Active Player: 2
2025-01-04 02:01:34,096 - STATE LOG: END
2025-01-04 02:01:39,097 - STATE LOG: BEGIN
2025-01-04 02:01:39,098 - Noah's Hand: [6C, 7H, 9D, TC, TH]
2025-01-04 02:01:39,098 - Eve's Hand: [2C, 2D, 3C, 7C, 8C, 8H]
2025-01-04 02:01:39,098 - Boss: Rank: 11 | Suit H | Attack 10 | Health 20
2025-01-04 02:01:39,098 - Tavern: [6S, 7D, 9C, 5C, 3D, AD, 6H, 6D, AH, 9H, 5D, 3H, AS, 8S, 4D, 2H, 5H, 4S, 5S, 8D, 7S, 4H, 3S, AC, 2S, TD]
2025-01-04 02:01:39,098 - Castle: [KS, KC, KH, KD, QD, QC, QH, QS, JC, JS]
2025-01-04 02:01:39,098 - Discard: [TS, 4C, 9S, JD]
2025-01-04 02:01:39,098 - Active Player: 2
2025-01-04 02:01:39,098 - STATE LOG: END
2025-01-04 02:01:44,100 - STATE LOG: BEGIN
2025-01-04 02:01:44,100 - Noah's Hand: [6C, 7H, 9D, TC, TH]
2025-01-04 02:01:44,100 - Eve's Hand: [2C, 2D, 3C, 7C]
2025-01-04 02:01:44,100 - Boss: Rank: 11 | Suit H | Attack 10 | Health 20
2025-01-04 02:01:44,100 - Tavern: [6S, 7D, 9C, 5C, 3D, AD, 6H, 6D, AH, 9H, 5D, 3H, AS, 8S, 4D, 2H, 5H, 4S, 5S, 8D, 7S, 4H, 3S, AC, 2S, TD]
2025-01-04 02:01:44,100 - Castle: [KS, KC, KH, KD, QD, QC, QH, QS, JC, JS]
2025-01-04 02:01:44,100 - Discard: [TS, 4C, 9S, JD, 8H, 8C]
2025-01-04 02:01:44,100 - Active Player: 1
2025-01-04 02:01:44,100 - STATE LOG: END
2025-01-04 02:01:47,460 - STATE LOG: BEGIN
2025-01-04 02:01:47,460 - Noah's Hand: [6C, 9D, TC]
2025-01-04 02:01:47,460 - Eve's Hand: [2C, 2D, 3C, 7C]
2025-01-04 02:01:47,460 - Boss: Rank: 11 | Suit H | Attack 10 | Health 13
2025-01-04 02:01:47,460 - Tavern: [6S, 7D, 9C, 5C, 3D, AD, 6H, 6D, AH, 9H, 5D, 3H, AS, 8S, 4D, 2H, 5H, 4S, 5S, 8D, 7S, 4H, 3S, AC, 2S, TD]
2025-01-04 02:01:47,460 - Castle: [KS, KC, KH, KD, QD, QC, QH, QS, JC, JS]
2025-01-04 02:01:47,460 - Discard: [TS, 4C, 9S, JD, 8H, 8C, TH]
2025-01-04 02:01:47,460 - Active Player: 2
2025-01-04 02:01:47,460 - STATE LOG: END
2025-01-04 02:01:48,684 - STATE LOG: BEGIN
2025-01-04 02:01:48,684 - Noah's Hand: [6C, 9D, TC]
2025-01-04 02:01:48,684 - Eve's Hand: [2D]
2025-01-04 02:01:48,684 - Boss: Rank: 11 | Suit H | Attack 10 | Health 9
2025-01-04 02:01:48,684 - Tavern: [6S, 7D, 9C, 5C, 3D, AD, 6H, 6D, AH, 9H, 5D, 3H, AS, 8S, 4D, 2H, 5H, 4S, 5S, 8D, 7S, 4H, 3S, AC, 2S, TD]
2025-01-04 02:01:48,684 - Castle: [KS, KC, KH, KD, QD, QC, QH, QS, JC, JS]
2025-01-04 02:01:48,684 - Discard: [TS, 4C, 9S, JD, 8H, 8C, TH, 7C, 3C]
2025-01-04 02:01:48,684 - Active Player: 1
2025-01-04 02:01:48,684 - STATE LOG: END
2025-01-04 02:01:50,325 - STATE LOG: BEGIN
2025-01-04 02:01:50,326 - Noah's Hand: [6C, TC, TD, AC, 4H, 8D, 4S]
2025-01-04 02:01:50,326 - Eve's Hand: [2D, 2S, 3S, 7S, 5S]
2025-01-04 02:01:50,326 - Boss: Rank: 11 | Suit S | Attack 10 | Health 20
2025-01-04 02:01:50,326 - Tavern: [6S, 7D, 9C, 5C, 3D, AD, 6H, 6D, AH, 9H, 5D, 3H, AS, 8S, 4D, 2H, 5H]
2025-01-04 02:01:50,326 - Castle: [KS, KC, KH, KD, QD, QC, QH, QS, JC]
2025-01-04 02:01:50,326 - Discard: [TS, 4C, 9S, JD, 8H, 8C, TH, 7C, 3C, 7H, 9D, 2C]
2025-01-04 02:01:50,326 - Active Player: 1
2025-01-04 02:01:50,326 - STATE LOG: END
2025-01-04 02:01:55,455 - STATE LOG: BEGIN
2025-01-04 02:01:55,456 - Noah's Hand: [4H, 4S, 6C, 8D, TC, JH, 2H]
2025-01-04 02:01:55,456 - Eve's Hand: [2D, 2S, 3S, 7S, 5S, 5H, 4D]
2025-01-04 02:01:55,456 - Boss: Rank: 11 | Suit C | Attack 10 | Health 20
2025-01-04 02:01:55,456 - Tavern: [6S, 7D, 9C, 5C, 3D, AD, 6H, 6D, AH, 9H, 5D, 3H, AS, 8S]
2025-01-04 02:01:55,456 - Castle: [KS, KC, KH, KD, QD, QC, QH, QS]
2025-01-04 02:01:55,456 - Discard: [TS, 4C, 9S, JD, 8H, 8C, TH, 7C, 3C, 7H, 9D, 2C, AC, TD, JS]
2025-01-04 02:01:55,456 - Active Player: 1
2025-01-04 02:01:55,456 - STATE LOG: END
2025-01-04 02:02:00,457 - STATE LOG: BEGIN
2025-01-04 02:02:00,457 - Noah's Hand: [4H, 4S, 6C, 8D, TC]
2025-01-04 02:02:00,457 - Eve's Hand: [2D, 2S, 3S, 7S, 5S, 5H, 4D]
2025-01-04 02:02:00,457 - Boss: Rank: 11 | Suit C | Attack 10 | Health 18
2025-01-04 02:02:00,458 - Tavern: [TD, 8H, 6S, 7D, 9C, 5C, 3D, AD, 6H, 6D, AH, 9H, 5D, 3H, AS, 8S]
2025-01-04 02:02:00,458 - Castle: [KS, KC, KH, KD, QD, QC, QH, QS]
2025-01-04 02:02:00,458 - Discard: [7C, 4C, 2C, 3C, TS, TH, 8C, 9D, 9S, 7H, JD, AC, JS, JH]
2025-01-04 02:02:00,458 - Active Player: 2
2025-01-04 02:02:00,458 - STATE LOG: END
2025-01-04 02:02:05,458 - STATE LOG: BEGIN
2025-01-04 02:02:05,459 - Noah's Hand: [4H, 4S, 6C, 8D, TC, AS, 5D]
2025-01-04 02:02:05,459 - Eve's Hand: [3S, 4D, 5H, 5S, 7S]
2025-01-04 02:02:05,459 - Boss: Rank: 11 | Suit C | Attack 6 | Health 14
2025-01-04 02:02:05,459 - Tavern: [TD, 8H, 6S, 7D, 9C, 5C, 3D, AD, 6H, 6D, AH, 9H]
2025-01-04 02:02:05,459 - Castle: [KS, KC, KH, KD, QD, QC, QH, QS]
2025-01-04 02:02:05,459 - Discard: [7C, 4C, 2C, 3C, TS, TH, 8C, 9D, 9S, 7H, JD, AC, JS, JH, 3H, 8S]
2025-01-04 02:02:05,459 - Active Player: 1
2025-01-04 02:02:05,459 - STATE LOG: END
2025-01-04 02:02:10,460 - STATE LOG: BEGIN
2025-01-04 02:02:10,461 - Noah's Hand: [AS, 4H, 4S, 5D, 6C, 8D]
2025-01-04 02:02:10,461 - Eve's Hand: [3S, 4D, 5H, 5S, 7S]
2025-01-04 02:02:10,461 - Boss: Rank: 11 | Suit C | Attack 6 | Health 14
2025-01-04 02:02:10,461 - Tavern: [TD, 8H, 6S, 7D, 9C, 5C, 3D, AD, 6H, 6D, AH, 9H]
2025-01-04 02:02:10,461 - Castle: [KS, KC, KH, KD, QD, QC, QH, QS]
2025-01-04 02:02:10,461 - Discard: [7C, 4C, 2C, 3C, TS, TH, 8C, 9D, 9S, 7H, JD, AC, JS, JH, 3H, 8S, TC]
2025-01-04 02:02:10,461 - Active Player: 2
2025-01-04 02:02:10,461 - STATE LOG: END
2025-01-04 02:02:15,462 - STATE LOG: BEGIN
2025-01-04 02:02:15,462 - Noah's Hand: [AS, 4H, 4S, 5D, 6C, 8D, AH]
2025-01-04 02:02:15,462 - Eve's Hand: [3S, 5H, 5S, 7S, 9H, 6D]
2025-01-04 02:02:15,462 - Boss: Rank: 11 | Suit C | Attack 6 | Health 10
2025-01-04 02:02:15,462 - Tavern: [TD, 8H, 6S, 7D, 9C, 5C, 3D, AD]
2025-01-04 02:02:15,462 - Castle: [KS, KC, KH, KD, QD, QC, QH, QS]
2025-01-04 02:02:15,462 - Discard: [7C, 4C, 2C, 3C, TS, TH, 8C, 9D, 9S, 7H, JD, AC, JS, JH, 3H, 8S, TC, 6H]
2025-01-04 02:02:15,462 - Active Player: 1
2025-01-04 02:02:15,462 - STATE LOG: END
2025-01-04 02:02:20,464 - STATE LOG: BEGIN
2025-01-04 02:02:20,464 - Noah's Hand: [AH, 4H, 4S, 5D, 6C, AD, 5C]
2025-01-04 02:02:20,464 - Eve's Hand: [3S, 5H, 5S, 7S, 9H, 6D, 3D]
2025-01-04 02:02:20,464 - Boss: Rank: 11 | Suit C | Attack 0 | Health 1
2025-01-04 02:02:20,464 - Tavern: [TD, 8H, 6S, 7D, 9C]
2025-01-04 02:02:20,464 - Castle: [KS, KC, KH, KD, QD, QC, QH, QS]
2025-01-04 02:02:20,464 - Discard: [7C, 4C, 2C, 3C, TS, TH, 8C, 9D, 9S, 7H, JD, AC, JS, JH, 3H, 8S, TC, 6H]
2025-01-04 02:02:20,464 - Active Player: 2
2025-01-04 02:02:20,464 - STATE LOG: END
2025-01-04 02:02:25,467 - STATE LOG: BEGIN
2025-01-04 02:02:25,467 - Noah's Hand: [AH, 4H, 4S, 5D, 6C, AD, 5C]
2025-01-04 02:02:25,467 - Eve's Hand: [3D, 3S, 6D, 7S, 9H]
2025-01-04 02:02:25,467 - Boss: Rank: 12 | Suit S | Attack 15 | Health 30
2025-01-04 02:02:25,467 - Tavern: [8S, 2C, JS, JD, 9D, 6H, 7C, 3C, TC, 7H, TD, 8H, 6S, 7D, 9C]
2025-01-04 02:02:25,467 - Castle: [KS, KC, KH, KD, QD, QC, QH]
2025-01-04 02:02:25,467 - Discard: [AC, 9S, 3H, TS, 8C, TH, 4C, JH, 2H, AS, 8D, 2D, 2S, 4D, 5H, 5S, JC]
2025-01-04 02:02:25,467 - Active Player: 2
2025-01-04 02:02:25,467 - STATE LOG: END
2025-01-04 02:02:30,468 - STATE LOG: BEGIN
2025-01-04 02:02:30,468 - Noah's Hand: [AH, 4H, 4S, 5D, 6C, AD, 5C]
2025-01-04 02:02:30,468 - Eve's Hand: [3D, 3S, 6D]
2025-01-04 02:02:30,468 - Boss: Rank: 12 | Suit S | Attack 15 | Health 30
2025-01-04 02:02:30,468 - Tavern: [8S, 2C, JS, JD, 9D, 6H, 7C, 3C, TC, 7H, TD, 8H, 6S, 7D, 9C]
2025-01-04 02:02:30,468 - Castle: [KS, KC, KH, KD, QD, QC, QH]
2025-01-04 02:02:30,468 - Discard: [AC, 9S, 3H, TS, 8C, TH, 4C, JH, 2H, AS, 8D, 2D, 2S, 4D, 5H, 5S, JC, 9H, 7S]
2025-01-04 02:02:30,468 - Active Player: 1
2025-01-04 02:02:30,468 - STATE LOG: END
2025-01-04 02:02:35,470 - STATE LOG: BEGIN
2025-01-04 02:02:35,470 - Noah's Hand: [AD, AH, 4S]
2025-01-04 02:02:35,470 - Eve's Hand: [3D, 3S, 6D]
2025-01-04 02:02:35,470 - Boss: Rank: 12 | Suit S | Attack 15 | Health 26
2025-01-04 02:02:35,470 - Tavern: [AS, 3H, 4D, 8C, 8S, 2C, JS, JD, 9D, 6H, 7C, 3C, TC, 7H, TD, 8H, 6S, 7D, 9C]
2025-01-04 02:02:35,470 - Castle: [KS, KC, KH, KD, QD, QC, QH]
2025-01-04 02:02:35,470 - Discard: [8D, 9S, 4C, JC, 2S, TS, TH, 7S, 5H, AC, 9H, 2D, JH, 5S, 2H, 6C, 5D, 5C]
2025-01-04 02:02:35,470 - Active Player: 2
2025-01-04 02:02:35,470 - STATE LOG: END
2025-01-04 02:02:37,289 - STATE LOG: BEGIN
2025-01-04 02:02:37,289 - Noah's Hand: [AD, AH, 4S, 7D, 8H, 7H]
2025-01-04 02:02:37,289 - Eve's Hand: [3D, 3S, 9C]
2025-01-04 02:02:37,289 - Boss: Rank: 12 | Suit S | Attack 15 | Health 20
2025-01-04 02:02:37,289 - Tavern: [AS, 3H, 4D, 8C, 8S, 2C, JS, JD, 9D, 6H, 7C, 3C, TC]
2025-01-04 02:02:37,289 - Castle: [KS, KC, KH, KD, QD, QC, QH]
2025-01-04 02:02:37,289 - Discard: [8D, 9S, 4C, JC, 2S, TS, TH, 7S, 5H, AC, 9H, 2D, JH, 5S, 2H, 6C, 5D, 5C, TD, 6S]
2025-01-04 02:02:37,289 - Active Player: 1
2025-01-04 02:02:37,289 - STATE LOG: END
2025-01-04 02:02:40,779 - STATE LOG: BEGIN
2025-01-04 02:02:40,779 - Noah's Hand: [AD, 4S, 7H, 8H, TC]
2025-01-04 02:02:40,779 - Eve's Hand: [3D, 3S, 9C, 3C, 6H, JD, JS]
2025-01-04 02:02:40,779 - Boss: Rank: 12 | Suit S | Attack 15 | Health 12
2025-01-04 02:02:40,779 - Tavern: [4C, 5S, 5H, 2D, 2S, 6S, 8D, 7S, AS, 3H, 4D, 8C, 8S, 2C]
2025-01-04 02:02:40,779 - Castle: [KS, KC, KH, KD, QD, QC, QH]
2025-01-04 02:02:40,779 - Discard: [2H, TD, JC, TS, 5C, AC, 6C, 5D, 9H, 9S, TH, JH, 9D, 7C]
2025-01-04 02:02:40,779 - Active Player: 2
2025-01-04 02:02:40,779 - STATE LOG: END
2025-01-04 02:02:45,780 - STATE LOG: BEGIN
2025-01-04 02:02:45,781 - Noah's Hand: [AD, 4S, 7H, 8H, TC, 8S, 8C]
2025-01-04 02:02:45,781 - Eve's Hand: [3C, 3D, 3S, 6H]
2025-01-04 02:02:45,781 - Boss: Rank: 12 | Suit S | Attack 15 | Health 1
2025-01-04 02:02:45,781 - Tavern: [4C, 5S, 5H, 2D, 2S, 6S, 8D, 7S, AS, 3H, 4D]
2025-01-04 02:02:45,781 - Castle: [KS, KC, KH, KD, QD, QC, QH]
2025-01-04 02:02:45,781 - Discard: [2H, TD, JC, TS, 5C, AC, 6C, 5D, 9H, 9S, TH, JH, 9D, 7C, 2C, JS, 9C]
2025-01-04 02:02:45,781 - Active Player: 1
2025-01-04 02:02:45,781 - STATE LOG: END
2025-01-04 02:02:50,783 - STATE LOG: BEGIN
2025-01-04 02:02:50,784 - Noah's Hand: [4S, 8C, 8H, 8S, TC, 4D, AS]
2025-01-04 02:02:50,784 - Eve's Hand: [3C, 3D, 3S, 6H, 3H, 7S, 8D]
2025-01-04 02:02:50,784 - Boss: Rank: 12 | Suit H | Attack 15 | Health 30
2025-01-04 02:02:50,784 - Tavern: [9H, AC, JS, 5C, 2C, 7C, 5D, TS, 4C, 5S, 5H, 2D, 2S, 6S]
2025-01-04 02:02:50,784 - Castle: [KS, KC, KH, KD, QD, QC]
2025-01-04 02:02:50,784 - Discard: [9D, 9C, 6C, 2H, 9S, TH, JH, JC, TD, 4H, AH, 7D, AD, 7H, 6D, JD, QS]
2025-01-04 02:02:50,784 - Active Player: 1
2025-01-04 02:02:50,784 - STATE LOG: END
2025-01-04 02:02:55,786 - STATE LOG: BEGIN
2025-01-04 02:02:55,786 - Noah's Hand: [4D, 4S, 8C, 8S]
2025-01-04 02:02:55,786 - Eve's Hand: [3C, 3D, 3S, 6H, 3H, 7S, 8D]
2025-01-04 02:02:55,786 - Boss: Rank: 12 | Suit H | Attack 6 | Health 21
2025-01-04 02:02:55,786 - Tavern: [9H, AC, JS, 5C, 2C, 7C, 5D, TS, 4C, 5S, 5H, 2D, 2S, 6S]
2025-01-04 02:02:55,786 - Castle: [KS, KC, KH, KD, QD, QC]
2025-01-04 02:02:55,786 - Discard: [9D, 9C, 6C, 2H, 9S, TH, JH, JC, TD, 4H, AH, 7D, AD, 7H, 6D, JD, QS, TC]
2025-01-04 02:02:55,786 - Active Player: 2
2025-01-04 02:02:55,786 - STATE LOG: END
2025-01-04 02:03:00,789 - STATE LOG: BEGIN
2025-01-04 02:03:00,789 - Noah's Hand: [4D, 4S, 8C, 8S, 2S, 2D]
2025-01-04 02:03:00,789 - Eve's Hand: [3C, 3H, 3S, 6H, 7S, 8D]
2025-01-04 02:03:00,789 - Boss: Rank: 12 | Suit H | Attack 6 | Health 18
2025-01-04 02:03:00,789 - Tavern: [9H, AC, JS, 5C, 2C, 7C, 5D, TS, 4C, 5S, 5H]
2025-01-04 02:03:00,789 - Castle: [KS, KC, KH, KD, QD, QC]
2025-01-04 02:03:00,789 - Discard: [9D, 9C, 6C, 2H, 9S, TH, JH, JC, TD, 4H, AH, 7D, AD, 7H, 6D, JD, QS, TC, 6S]
2025-01-04 02:03:00,789 - Active Player: 1
2025-01-04 02:03:00,789 - STATE LOG: END
2025-01-04 02:03:05,791 - STATE LOG: BEGIN
2025-01-04 02:03:05,791 - Noah's Hand: [2D, 2S, 4D, 4S, 8C]
2025-01-04 02:03:05,791 - Eve's Hand: [3C, 3H, 3S, 6H, 7S, 8D]
2025-01-04 02:03:05,791 - Boss: Rank: 12 | Suit H | Attack 6 | Health 18
2025-01-04 02:03:05,791 - Tavern: [9H, AC, JS, 5C, 2C, 7C, 5D, TS, 4C, 5S, 5H]
2025-01-04 02:03:05,791 - Castle: [KS, KC, KH, KD, QD, QC]
2025-01-04 02:03:05,791 - Discard: [9D, 9C, 6C, 2H, 9S, TH, JH, JC, TD, 4H, AH, 7D, AD, 7H, 6D, JD, QS, TC, 6S, 8S]
2025-01-04 02:03:05,791 - Active Player: 2
2025-01-04 02:03:05,791 - STATE LOG: END
2025-01-04 02:03:10,793 - STATE LOG: BEGIN
2025-01-04 02:03:10,793 - Noah's Hand: [2D, 2S, 4D, 4S, 8C]
2025-01-04 02:03:10,793 - Eve's Hand: [3C, 3H, 3S, 7S]
2025-01-04 02:03:10,793 - Boss: Rank: 12 | Suit H | Attack 6 | Health 12
2025-01-04 02:03:10,793 - Tavern: [9H, AC, JS, 5C, 2C, 7C, 5D, TS, 4C, 5S, 5H]
2025-01-04 02:03:10,793 - Castle: [KS, KC, KH, KD, QD, QC]
2025-01-04 02:03:10,793 - Discard: [9D, 9C, 6C, 2H, 9S, TH, JH, JC, TD, 4H, AH, 7D, AD, 7H, 6D, JD, QS, TC, 6S, 8S, 8D]
2025-01-04 02:03:10,793 - Active Player: 1
2025-01-04 02:03:10,793 - STATE LOG: END
2025-01-04 02:03:15,796 - STATE LOG: BEGIN
2025-01-04 02:03:15,798 - Noah's Hand: [2D, 2S, 8C, 5H, 4C, 5D, 2C]
2025-01-04 02:03:15,798 - Eve's Hand: [3C, 3H, 3S, 7S, 5S, TS, 7C]
2025-01-04 02:03:15,798 - Boss: Rank: 12 | Suit H | Attack 0 | Health 4
2025-01-04 02:03:15,799 - Tavern: [9H, AC, JS, 5C]
2025-01-04 02:03:15,800 - Castle: [KS, KC, KH, KD, QD, QC]
2025-01-04 02:03:15,800 - Discard: [9D, 9C, 6C, 2H, 9S, TH, JH, JC, TD, 4H, AH, 7D, AD, 7H, 6D, JD, QS, TC, 6S, 8S, 8D]
2025-01-04 02:03:15,800 - Active Player: 2
2025-01-04 02:03:15,800 - STATE LOG: END
2025-01-04 02:03:20,826 - STATE LOG: BEGIN
2025-01-04 02:03:20,826 - Noah's Hand: [2D, 2S, 8C, 5H, 4C, 5D, 2C]
2025-01-04 02:03:20,826 - Eve's Hand: [3H, 3S, 5S, 7C, 7S, TS]
2025-01-04 02:03:20,826 - Boss: Rank: 12 | Suit C | Attack 15 | Health 30
2025-01-04 02:03:20,826 - Tavern: [9H, AC, JS, 5C]
2025-01-04 02:03:20,826 - Castle: [KS, KC, KH, KD, QD]
2025-01-04 02:03:20,826 - Discard: [9D, 9C, 6C, 2H, 9S, TH, JH, JC, TD, 4H, AH, 7D, AD, 7H, 6D, JD, QS, TC, 6S, 8S, 8D, AS, 8H, 4D, 4S, 3D, 6H, 3C, QH]
2025-01-04 02:03:20,826 - Active Player: 2
2025-01-04 02:03:20,826 - STATE LOG: END
2025-01-04 02:03:25,833 - STATE LOG: BEGIN
2025-01-04 02:03:25,835 - Noah's Hand: [2D, 2S, 8C, 5H, 4C, 5D, 2C]
2025-01-04 02:03:25,835 - Eve's Hand: [3H, 3S, 5S, 7C]
2025-01-04 02:03:25,835 - Boss: Rank: 12 | Suit C | Attack 5 | Health 20
2025-01-04 02:03:25,836 - Tavern: [9H, AC, JS, 5C]
2025-01-04 02:03:25,836 - Castle: [KS, KC, KH, KD, QD]
2025-01-04 02:03:25,837 - Discard: [9D, 9C, 6C, 2H, 9S, TH, JH, JC, TD, 4H, AH, 7D, AD, 7H, 6D, JD, QS, TC, 6S, 8S, 8D, AS, 8H, 4D, 4S, 3D, 6H, 3C, QH, 7S]
2025-01-04 02:03:25,837 - Active Player: 1
2025-01-04 02:03:25,837 - STATE LOG: END
2025-01-04 02:03:30,840 - STATE LOG: BEGIN
2025-01-04 02:03:30,840 - Noah's Hand: [2C, 2D, 2S, 4C, 5D, 5H]
2025-01-04 02:03:30,840 - Eve's Hand: [3H, 3S, 5S, 7C]
2025-01-04 02:03:30,840 - Boss: Rank: 12 | Suit C | Attack 5 | Health 20
2025-01-04 02:03:30,840 - Tavern: [9H, AC, JS, 5C]
2025-01-04 02:03:30,840 - Castle: [KS, KC, KH, KD, QD]
2025-01-04 02:03:30,840 - Discard: [9D, 9C, 6C, 2H, 9S, TH, JH, JC, TD, 4H, AH, 7D, AD, 7H, 6D, JD, QS, TC, 6S, 8S, 8D, AS, 8H, 4D, 4S, 3D, 6H, 3C, QH, 7S, 8C]
2025-01-04 02:03:30,840 - Active Player: 2
2025-01-04 02:03:30,840 - STATE LOG: END
2025-01-04 02:03:35,840 - STATE LOG: BEGIN
2025-01-04 02:03:35,841 - Noah's Hand: [2C, 2D, 2S, 4C, 5D, 5H]
2025-01-04 02:03:35,841 - Eve's Hand: [3H, 3S, 7C]
2025-01-04 02:03:35,841 - Boss: Rank: 12 | Suit C | Attack 0 | Health 15
2025-01-04 02:03:35,841 - Tavern: [9H, AC, JS, 5C]
2025-01-04 02:03:35,841 - Castle: [KS, KC, KH, KD, QD]
2025-01-04 02:03:35,841 - Discard: [9D, 9C, 6C, 2H, 9S, TH, JH, JC, TD, 4H, AH, 7D, AD, 7H, 6D, JD, QS, TC, 6S, 8S, 8D, AS, 8H, 4D, 4S, 3D, 6H, 3C, QH, 7S, 8C]
2025-01-04 02:03:35,841 - Active Player: 1
2025-01-04 02:03:35,841 - STATE LOG: END
2025-01-04 02:03:40,844 - STATE LOG: BEGIN
2025-01-04 02:03:40,844 - Noah's Hand: [2C, 2D, 2S, 4C, 5D, 5H]
2025-01-04 02:03:40,844 - Eve's Hand: [3H, 3S, 7C]
2025-01-04 02:03:40,844 - Boss: Rank: 12 | Suit C | Attack 0 | Health 15
2025-01-04 02:03:40,844 - Tavern: [9H, AC, JS, 5C]
2025-01-04 02:03:40,845 - Castle: [KS, KC, KH, KD, QD]
2025-01-04 02:03:40,845 - Discard: [9D, 9C, 6C, 2H, 9S, TH, JH, JC, TD, 4H, AH, 7D, AD, 7H, 6D, JD, QS, TC, 6S, 8S, 8D, AS, 8H, 4D, 4S, 3D, 6H, 3C, QH, 7S, 8C]
2025-01-04 02:03:40,845 - Active Player: 2
2025-01-04 02:03:40,845 - STATE LOG: END
2025-01-04 02:03:45,896 - STATE LOG: BEGIN
2025-01-04 02:03:45,896 - Noah's Hand: [2C, 2D, 2S, 4C, 5D, 5H]
2025-01-04 02:03:45,896 - Eve's Hand: [3S, 7C]
2025-01-04 02:03:45,896 - Boss: Rank: 12 | Suit C | Attack 0 | Health 12
2025-01-04 02:03:45,896 - Tavern: [JD, 6H, 2H, 9H, AC, JS, 5C]
2025-01-04 02:03:45,896 - Castle: [KS, KC, KH, KD, QD]
2025-01-04 02:03:45,896 - Discard: [8C, 7D, JC, 6D, 8S, JH, TH, TD, 3D, 9D, 6C, 3C, AS, QH, 8D, 9S, 4H, 4S, 9C, 4D, 7S, 7H, AH, 6S, QS, 8H, AD, TC]
2025-01-04 02:03:45,896 - Active Player: 1
2025-01-04 02:03:45,896 - STATE LOG: END
2025-01-04 02:03:50,897 - STATE LOG: BEGIN
2025-01-04 02:03:50,897 - Noah's Hand: [2C, 2D, 2S, 4C, 5C, AC, 2H]
2025-01-04 02:03:50,897 - Eve's Hand: [3S, 7C, JS, 9H, 6H, JD, JH]
2025-01-04 02:03:50,897 - Boss: Rank: 12 | Suit C | Attack 0 | Health 2
2025-01-04 02:03:50,897 - Tavern: [AS, 7H, 3D, 7S, 4H, 6D, TC, QS, 9S]
2025-01-04 02:03:50,897 - Castle: [KS, KC, KH, KD, QD]
2025-01-04 02:03:50,898 - Discard: [JC, 6S, 8C, 3C, 4S, 8D, QH, 4D, AD, TD, 8S, 7D, 8H, 6C, TH, 9D, AH, 9C]
2025-01-04 02:03:50,898 - Active Player: 2
2025-01-04 02:03:50,898 - STATE LOG: END
2025-01-04 02:03:55,932 - STATE LOG: BEGIN
2025-01-04 02:03:55,932 - Noah's Hand: [2C, 2D, 2S, 4C, 5C, AC, 2H]
2025-01-04 02:03:55,932 - Eve's Hand: [3S, 6H, 7C, 9H, JH, JS, 9S]
2025-01-04 02:03:55,932 - Boss: Rank: 12 | Suit D | Attack 15 | Health 30
2025-01-04 02:03:55,932 - Tavern: [AS, 7H, 3D, 7S, 4H, 6D, TC, QS]
2025-01-04 02:03:55,932 - Castle: [KS, KC, KH, KD]
2025-01-04 02:03:55,932 - Discard: [JC, 6S, 8C, 3C, 4S, 8D, QH, 4D, AD, TD, 8S, 7D, 8H, 6C, TH, 9D, AH, 9C, 5D, 5H, TS, 5S, 3H, JD, QC]
2025-01-04 02:03:55,932 - Active Player: 2
2025-01-04 02:03:55,932 - STATE LOG: END
2025-01-04 02:03:59,801 - STATE LOG: BEGIN
2025-01-04 02:03:59,801 - Noah's Hand: [2C, 2D, 2S, 4C, 5C, AC, 2H]
2025-01-04 02:03:59,801 - Eve's Hand: [3S, 6H, 7C, 9H, 9S]
2025-01-04 02:03:59,801 - Boss: Rank: 12 | Suit D | Attack 4 | Health 19
2025-01-04 02:03:59,801 - Tavern: [AS, 7H, 3D, 7S, 4H, 6D, TC, QS]
2025-01-04 02:03:59,801 - Castle: [KS, KC, KH, KD]
2025-01-04 02:03:59,801 - Discard: [JC, 6S, 8C, 3C, 4S, 8D, QH, 4D, AD, TD, 8S, 7D, 8H, 6C, TH, 9D, AH, 9C, 5D, 5H, TS, 5S, 3H, JD, QC, JH]
2025-01-04 02:03:59,801 - Active Player: 1
2025-01-04 02:03:59,801 - STATE LOG: END
2025-01-04 02:04:04,802 - STATE LOG: BEGIN
2025-01-04 02:04:04,802 - Noah's Hand: [AC, 2C, 2D, 2H, 2S, 4C]
2025-01-04 02:04:04,802 - Eve's Hand: [3S, 6H, 7C, 9H, 9S]
2025-01-04 02:04:04,802 - Boss: Rank: 12 | Suit D | Attack 4 | Health 19
2025-01-04 02:04:04,803 - Tavern: [AS, 7H, 3D, 7S, 4H, 6D, TC, QS]
2025-01-04 02:04:04,803 - Castle: [KS, KC, KH, KD]
2025-01-04 02:04:04,803 - Discard: [JC, 6S, 8C, 3C, 4S, 8D, QH, 4D, AD, TD, 8S, 7D, 8H, 6C, TH, 9D, AH, 9C, 5D, 5H, TS, 5S, 3H, JD, QC, JH, 5C]
2025-01-04 02:04:04,803 - Active Player: 2
2025-01-04 02:04:04,803 - STATE LOG: END
2025-01-04 02:04:09,803 - STATE LOG: BEGIN
2025-01-04 02:04:09,804 - Noah's Hand: [AC, 2C, 2D, 2H, 2S, 4C]
2025-01-04 02:04:09,804 - Eve's Hand: [6H, 7C, 9H]
2025-01-04 02:04:09,804 - Boss: Rank: 12 | Suit D | Attack 1 | Health 16
2025-01-04 02:04:09,804 - Tavern: [AS, 7H, 3D, 7S, 4H, 6D, TC, QS]
2025-01-04 02:04:09,804 - Castle: [KS, KC, KH, KD]
2025-01-04 02:04:09,804 - Discard: [JC, 6S, 8C, 3C, 4S, 8D, QH, 4D, AD, TD, 8S, 7D, 8H, 6C, TH, 9D, AH, 9C, 5D, 5H, TS, 5S, 3H, JD, QC, JH, 5C, 9S]
2025-01-04 02:04:09,804 - Active Player: 1
2025-01-04 02:04:09,804 - STATE LOG: END
2025-01-04 02:04:14,379 - STATE LOG: BEGIN
2025-01-04 02:04:14,379 - Noah's Hand: [AC, 2C, 2D, 2H, 4C]
2025-01-04 02:04:14,379 - Eve's Hand: [6H, 7C, 9H]
2025-01-04 02:04:14,379 - Boss: Rank: 12 | Suit D | Attack 0 | Health 14
2025-01-04 02:04:14,379 - Tavern: [AS, 7H, 3D, 7S, 4H, 6D, TC, QS]
2025-01-04 02:04:14,379 - Castle: [KS, KC, KH, KD]
2025-01-04 02:04:14,379 - Discard: [JC, 6S, 8C, 3C, 4S, 8D, QH, 4D, AD, TD, 8S, 7D, 8H, 6C, TH, 9D, AH, 9C, 5D, 5H, TS, 5S, 3H, JD, QC, JH, 5C, 9S]
2025-01-04 02:04:14,379 - Active Player: 2
2025-01-04 02:04:14,379 - STATE LOG: END
2025-01-04 02:04:16,763 - STATE LOG: BEGIN
2025-01-04 02:04:16,764 - Noah's Hand: [AC, 2C, 2D, 2H, 4C]
2025-01-04 02:04:16,764 - Eve's Hand: [6H, 7C, 9H]
2025-01-04 02:04:16,764 - Boss: Rank: 12 | Suit D | Attack 0 | Health 14
2025-01-04 02:04:16,764 - Tavern: [AS, 7H, 3D, 7S, 4H, 6D, TC, QS]
2025-01-04 02:04:16,764 - Castle: [KS, KC, KH, KD]
2025-01-04 02:04:16,764 - Discard: [JC, 6S, 8C, 3C, 4S, 8D, QH, 4D, AD, TD, 8S, 7D, 8H, 6C, TH, 9D, AH, 9C, 5D, 5H, TS, 5S, 3H, JD, QC, JH, 5C, 9S]
2025-01-04 02:04:16,764 - Active Player: 1
2025-01-04 02:04:16,764 - STATE LOG: END
2025-01-04 02:04:18,451 - STATE LOG: BEGIN
2025-01-04 02:04:18,451 - Noah's Hand: [2C, 2D, 2H, 4C]
2025-01-04 02:04:18,451 - Eve's Hand: [6H, 7C, 9H]
2025-01-04 02:04:18,451 - Boss: Rank: 12 | Suit D | Attack 0 | Health 12
2025-01-04 02:04:18,451 - Tavern: [AS, 7H, 3D, 7S, 4H, 6D, TC, QS]
2025-01-04 02:04:18,451 - Castle: [KS, KC, KH, KD]
2025-01-04 02:04:18,451 - Discard: [JC, 6S, 8C, 3C, 4S, 8D, QH, 4D, AD, TD, 8S, 7D, 8H, 6C, TH, 9D, AH, 9C, 5D, 5H, TS, 5S, 3H, JD, QC, JH, 5C, 9S]
2025-01-04 02:04:18,451 - Active Player: 2
2025-01-04 02:04:18,451 - STATE LOG: END
2025-01-04 02:04:19,104 - STATE LOG: BEGIN
2025-01-04 02:04:19,104 - Noah's Hand: [2C, 2D, 2H, 4C]
2025-01-04 02:04:19,104 - Eve's Hand: [6H, 7C, 9H]
2025-01-04 02:04:19,104 - Boss: Rank: 12 | Suit D | Attack 0 | Health 12
2025-01-04 02:04:19,104 - Tavern: [AS, 7H, 3D, 7S, 4H, 6D, TC, QS]
2025-01-04 02:04:19,104 - Castle: [KS, KC, KH, KD]
2025-01-04 02:04:19,104 - Discard: [JC, 6S, 8C, 3C, 4S, 8D, QH, 4D, AD, TD, 8S, 7D, 8H, 6C, TH, 9D, AH, 9C, 5D, 5H, TS, 5S, 3H, JD, QC, JH, 5C, 9S]
2025-01-04 02:04:19,104 - Active Player: 1
2025-01-04 02:04:19,104 - STATE LOG: END
2025-01-04 02:04:19,814 - STATE LOG: BEGIN
2025-01-04 02:04:19,814 - Noah's Hand: [2C, 2D, 4C]
2025-01-04 02:04:19,814 - Eve's Hand: [6H, 7C, 9H]
2025-01-04 02:04:19,814 - Boss: Rank: 12 | Suit D | Attack 0 | Health 10
2025-01-04 02:04:19,814 - Tavern: [QH, 4S, AS, 7H, 3D, 7S, 4H, 6D, TC, QS]
2025-01-04 02:04:19,814 - Castle: [KS, KC, KH, KD]
2025-01-04 02:04:19,814 - Discard: [TH, 5S, 5H, 9D, 9S, 8S, 5D, QC, 7D, 8D, JH, TD, TS, 5C, 6C, JC, 3C, 6S, 3H, JD, AD, 9C, 4D, 8H, 8C, AH]
2025-01-04 02:04:19,814 - Active Player: 2
2025-01-04 02:04:19,814 - STATE LOG: END
2025-01-04 02:04:20,051 - STATE LOG: BEGIN
2025-01-04 02:04:20,051 - Noah's Hand: [2C, 2D, 4C]
2025-01-04 02:04:20,051 - Eve's Hand: [6H, 7C, 9H]
2025-01-04 02:04:20,051 - Boss: Rank: 12 | Suit D | Attack 0 | Health 10
2025-01-04 02:04:20,051 - Tavern: [QH, 4S, AS, 7H, 3D, 7S, 4H, 6D, TC, QS]
2025-01-04 02:04:20,051 - Castle: [KS, KC, KH, KD]
2025-01-04 02:04:20,051 - Discard: [TH, 5S, 5H, 9D, 9S, 8S, 5D, QC, 7D, 8D, JH, TD, TS, 5C, 6C, JC, 3C, 6S, 3H, JD, AD, 9C, 4D, 8H, 8C, AH]
2025-01-04 02:04:20,051 - Active Player: 1
2025-01-04 02:04:20,051 - STATE LOG: END
2025-01-04 02:04:20,287 - STATE LOG: BEGIN
2025-01-04 02:04:20,287 - Noah's Hand: [2C, 4C]
2025-01-04 02:04:20,287 - Eve's Hand: [6H, 7C, 9H]
2025-01-04 02:04:20,287 - Boss: Rank: 12 | Suit D | Attack 0 | Health 8
2025-01-04 02:04:20,287 - Tavern: [QH, 4S, AS, 7H, 3D, 7S, 4H, 6D, TC, QS]
2025-01-04 02:04:20,287 - Castle: [KS, KC, KH, KD]
2025-01-04 02:04:20,287 - Discard: [TH, 5S, 5H, 9D, 9S, 8S, 5D, QC, 7D, 8D, JH, TD, TS, 5C, 6C, JC, 3C, 6S, 3H, JD, AD, 9C, 4D, 8H, 8C, AH]
2025-01-04 02:04:20,287 - Active Player: 2
2025-01-04 02:04:20,287 - STATE LOG: END
2025-01-04 02:04:20,355 - STATE LOG: BEGIN
2025-01-04 02:04:20,355 - Noah's Hand: [2C, 4C]
2025-01-04 02:04:20,355 - Eve's Hand: [6H, 7C, 9H]
2025-01-04 02:04:20,355 - Boss: Rank: 12 | Suit D | Attack 0 | Health 8
2025-01-04 02:04:20,355 - Tavern: [QH, 4S, AS, 7H, 3D, 7S, 4H, 6D, TC, QS]
2025-01-04 02:04:20,355 - Castle: [KS, KC, KH, KD]
2025-01-04 02:04:20,355 - Discard: [TH, 5S, 5H, 9D, 9S, 8S, 5D, QC, 7D, 8D, JH, TD, TS, 5C, 6C, JC, 3C, 6S, 3H, JD, AD, 9C, 4D, 8H, 8C, AH]
2025-01-04 02:04:20,355 - Active Player: 1
2025-01-04 02:04:20,355 - STATE LOG: END
2025-01-04 02:04:20,387 - STATE LOG: BEGIN
2025-01-04 02:04:20,387 - Noah's Hand: [4C]
2025-01-04 02:04:20,387 - Eve's Hand: [6H, 7C, 9H]
2025-01-04 02:04:20,387 - Boss: Rank: 12 | Suit D | Attack 0 | Health 4
2025-01-04 02:04:20,387 - Tavern: [QH, 4S, AS, 7H, 3D, 7S, 4H, 6D, TC, QS]
2025-01-04 02:04:20,387 - Castle: [KS, KC, KH, KD]
2025-01-04 02:04:20,387 - Discard: [TH, 5S, 5H, 9D, 9S, 8S, 5D, QC, 7D, 8D, JH, TD, TS, 5C, 6C, JC, 3C, 6S, 3H, JD, AD, 9C, 4D, 8H, 8C, AH]
2025-01-04 02:04:20,387 - Active Player: 2
2025-01-04 02:04:20,387 - STATE LOG: END
2025-01-04 02:04:20,440 - STATE LOG: BEGIN
2025-01-04 02:04:20,441 - Noah's Hand: [4C]
2025-01-04 02:04:20,441 - Eve's Hand: [6H, 7C, 9H]
2025-01-04 02:04:20,441 - Boss: Rank: 12 | Suit D | Attack 0 | Health 4
2025-01-04 02:04:20,441 - Tavern: [QH, 4S, AS, 7H, 3D, 7S, 4H, 6D, TC, QS]
2025-01-04 02:04:20,441 - Castle: [KS, KC, KH, KD]
2025-01-04 02:04:20,441 - Discard: [TH, 5S, 5H, 9D, 9S, 8S, 5D, QC, 7D, 8D, JH, TD, TS, 5C, 6C, JC, 3C, 6S, 3H, JD, AD, 9C, 4D, 8H, 8C, AH]
2025-01-04 02:04:20,441 - Active Player: 1
2025-01-04 02:04:20,441 - STATE LOG: END
2025-01-04 02:04:20,446 - STATE LOG: BEGIN
2025-01-04 02:04:20,446 - Noah's Hand: []
2025-01-04 02:04:20,446 - Eve's Hand: [6H, 7C, 9H]
2025-01-04 02:04:20,446 - Boss: Rank: 13 | Suit D | Attack 20 | Health 40
2025-01-04 02:04:20,446 - Tavern: [QH, 4S, AS, 7H, 3D, 7S, 4H, 6D, TC, QS]
2025-01-04 02:04:20,446 - Castle: [KS, KC, KH]
2025-01-04 02:04:20,446 - Discard: [TH, 5S, 5H, 9D, 9S, 8S, 5D, QC, 7D, 8D, JH, TD, TS, 5C, 6C, JC, 3C, 6S, 3H, JD, AD, 9C, 4D, 8H, 8C, AH, 2S, AC, 2H, 2D, 2C, 4C, JS, 3S, QD]
2025-01-04 02:04:20,446 - Active Player: 1
2025-01-04 02:04:20,446 - STATE LOG: END
2025-01-04 02:04:20,450 - STATE LOG: BEGIN
2025-01-04 02:04:20,450 - Noah's Hand: []
2025-01-04 02:04:20,450 - Eve's Hand: [6H, 7C, 9H]
2025-01-04 02:04:20,450 - Boss: Rank: 13 | Suit D | Attack 20 | Health 40
2025-01-04 02:04:20,450 - Tavern: [QH, 4S, AS, 7H, 3D, 7S, 4H, 6D, TC, QS]
2025-01-04 02:04:20,450 - Castle: [KS, KC, KH]
2025-01-04 02:04:20,450 - Discard: [TH, 5S, 5H, 9D, 9S, 8S, 5D, QC, 7D, 8D, JH, TD, TS, 5C, 6C, JC, 3C, 6S, 3H, JD, AD, 9C, 4D, 8H, 8C, AH, 2S, AC, 2H, 2D, 2C, 4C, JS, 3S, QD]
2025-01-04 02:04:20,450 - Active Player: 2
2025-01-04 02:04:20,450 - STATE LOG: END
