2025-01-04 03:33:56,147 - I log states! :D
2025-01-04 03:33:56,147 - STATE LOG: BEGIN
2025-01-04 03:33:56,147 - Noah's Hand: [2C, 8S, 2S, 8D, 6C, AS, 7H]
2025-01-04 03:33:56,147 - Eve's Hand: [5D, 4C, 2H, 4H, TH, 8H, TD]
2025-01-04 03:33:56,147 - Boss: Rank: 11 | Suit C | Attack 10 | Health 20
2025-01-04 03:33:56,147 - Tavern: [8C, 4S, 5S, 5H, 9S, 2D, AH, 6H, 3S, 6S, 9D, TS, 9H, AD, 4D, AC, 9C, 3D, 7D, 7C, TC, 3C, 3H, 5C, 7S, 6D]
2025-01-04 03:33:56,147 - Castle: [KD, KH, KS, KC, QS, QH, QD, QC, JH, JD, JS]
2025-01-04 03:33:56,147 - Discard: []
2025-01-04 03:33:56,147 - Active Player: 1
2025-01-04 03:33:56,147 - STATE LOG: END
2025-01-04 03:33:57,470 - STATE LOG: BEGIN
2025-01-04 03:33:57,470 - Noah's Hand: [AS, 2C, 6C, 7H, 8D]
2025-01-04 03:33:57,470 - Eve's Hand: [5D, 4C, 2H, 4H, TH, 8H, TD]
2025-01-04 03:33:57,470 - Boss: Rank: 11 | Suit C | Attack 8 | Health 18
2025-01-04 03:33:57,470 - Tavern: [8C, 4S, 5S, 5H, 9S, 2D, AH, 6H, 3S, 6S, 9D, TS, 9H, AD, 4D, AC, 9C, 3D, 7D, 7C, TC, 3C, 3H, 5C, 7S, 6D]
2025-01-04 03:33:57,470 - Castle: [KD, KH, KS, KC, QS, QH, QD, QC, JH, JD, JS]
2025-01-04 03:33:57,470 - Discard: [8S]
2025-01-04 03:33:57,470 - Active Player: 2
2025-01-04 03:33:57,470 - STATE LOG: END
2025-01-04 03:33:58,706 - STATE LOG: BEGIN
2025-01-04 03:33:58,706 - Noah's Hand: [AS, 2C, 6C, 7H, 8D]
2025-01-04 03:33:58,706 - Eve's Hand: [2H, 5D, 8H, TD]
2025-01-04 03:33:58,706 - Boss: Rank: 11 | Suit C | Attack 8 | Health 10
2025-01-04 03:33:58,706 - Tavern: [8S, 8C, 4S, 5S, 5H, 9S, 2D, AH, 6H, 3S, 6S, 9D, TS, 9H, AD, 4D, AC, 9C, 3D, 7D, 7C, TC, 3C, 3H, 5C, 7S, 6D]
2025-01-04 03:33:58,706 - Castle: [KD, KH, KS, KC, QS, QH, QD, QC, JH, JD, JS]
2025-01-04 03:33:58,706 - Discard: [TH]
2025-01-04 03:33:58,706 - Active Player: 1
2025-01-04 03:33:58,706 - STATE LOG: END
2025-01-04 03:33:59,877 - STATE LOG: BEGIN
2025-01-04 03:33:59,878 - Noah's Hand: [2C, 6C, 7H, 6D, 5C, 3C, 7C]
2025-01-04 03:33:59,878 - Eve's Hand: [2H, 5D, 8H, TD, 7S, 3H, TC]
2025-01-04 03:33:59,878 - Boss: Rank: 11 | Suit C | Attack 0 | Health 1
2025-01-04 03:33:59,878 - Tavern: [8S, 8C, 4S, 5S, 5H, 9S, 2D, AH, 6H, 3S, 6S, 9D, TS, 9H, AD, 4D, AC, 9C, 3D, 7D]
2025-01-04 03:33:59,878 - Castle: [KD, KH, KS, KC, QS, QH, QD, QC, JH, JD, JS]
2025-01-04 03:33:59,878 - Discard: [TH]
2025-01-04 03:33:59,878 - Active Player: 2
2025-01-04 03:33:59,878 - STATE LOG: END
2025-01-04 03:34:01,060 - STATE LOG: BEGIN
2025-01-04 03:34:01,060 - Noah's Hand: [2C, 6C, 7H, 6D, 5C, 3C, 7C]
2025-01-04 03:34:01,060 - Eve's Hand: [2H, 3H, 5D, 7S, 8H, TC, 7D]
2025-01-04 03:34:01,060 - Boss: Rank: 11 | Suit S | Attack 10 | Health 20
2025-01-04 03:34:01,060 - Tavern: [8S, 8C, 4S, 5S, 5H, 9S, 2D, AH, 6H, 3S, 6S, 9D, TS, 9H, AD, 4D, AC, 9C, 3D]
2025-01-04 03:34:01,060 - Castle: [KD, KH, KS, KC, QS, QH, QD, QC, JH, JD]
2025-01-04 03:34:01,060 - Discard: [TH, 2S, AS, 8D, 4C, 4H, TD, JC]
2025-01-04 03:34:01,060 - Active Player: 2
2025-01-04 03:34:01,060 - STATE LOG: END
2025-01-04 03:34:02,322 - STATE LOG: BEGIN
2025-01-04 03:34:02,322 - Noah's Hand: [2C, 6C, 7H, 6D, 5C, 3C, 7C]
2025-01-04 03:34:02,322 - Eve's Hand: [2H, 3H, 5D, 7D, 7S, 8H]
2025-01-04 03:34:02,322 - Boss: Rank: 11 | Suit S | Attack 10 | Health 20
2025-01-04 03:34:02,322 - Tavern: [8S, 8C, 4S, 5S, 5H, 9S, 2D, AH, 6H, 3S, 6S, 9D, TS, 9H, AD, 4D, AC, 9C, 3D]
2025-01-04 03:34:02,322 - Castle: [KD, KH, KS, KC, QS, QH, QD, QC, JH, JD]
2025-01-04 03:34:02,322 - Discard: [TH, 2S, AS, 8D, 4C, 4H, TD, JC, TC]
2025-01-04 03:34:02,322 - Active Player: 1
2025-01-04 03:34:02,322 - STATE LOG: END
2025-01-04 03:34:03,551 - STATE LOG: BEGIN
2025-01-04 03:34:03,551 - Noah's Hand: [2C, 5C, 6C, 6D]
2025-01-04 03:34:03,551 - Eve's Hand: [2H, 3H, 5D, 7D, 7S, 8H]
2025-01-04 03:34:03,551 - Boss: Rank: 11 | Suit S | Attack 10 | Health 14
2025-01-04 03:34:03,551 - Tavern: [8S, 8C, 4S, 5S, 5H, 9S, 2D, AH, 6H, 3S, 6S, 9D, TS, 9H, AD, 4D, AC, 9C, 3D]
2025-01-04 03:34:03,551 - Castle: [KD, KH, KS, KC, QS, QH, QD, QC, JH, JD]
2025-01-04 03:34:03,551 - Discard: [TH, 2S, AS, 8D, 4C, 4H, TD, JC, TC, 7H, 7C]
2025-01-04 03:34:03,551 - Active Player: 2
2025-01-04 03:34:03,551 - STATE LOG: END
2025-01-04 03:34:04,237 - STATE LOG: BEGIN
2025-01-04 03:34:04,237 - Noah's Hand: [2C, 5C, 6C, 6D, 9C, 4D, AD]
2025-01-04 03:34:04,237 - Eve's Hand: [2H, 3H, 7D, 7S]
2025-01-04 03:34:04,237 - Boss: Rank: 11 | Suit S | Attack 10 | Health 9
2025-01-04 03:34:04,237 - Tavern: [8S, 8C, 4S, 5S, 5H, 9S, 2D, AH, 6H, 3S, 6S, 9D, TS, 9H]
2025-01-04 03:34:04,237 - Castle: [KD, KH, KS, KC, QS, QH, QD, QC, JH, JD]
2025-01-04 03:34:04,237 - Discard: [TH, 2S, AS, 8D, 4C, 4H, TD, JC, TC, 7H, 7C, AC, 3D, 8H]
2025-01-04 03:34:04,237 - Active Player: 1
2025-01-04 03:34:04,237 - STATE LOG: END
2025-01-04 03:34:05,491 - STATE LOG: BEGIN
2025-01-04 03:34:05,491 - Noah's Hand: [2C, 4D, 6C, 6D, 9C, 9H, 9D]
2025-01-04 03:34:05,491 - Eve's Hand: [2H, 3H, 7D, 7S, TS, 6S, 3S]
2025-01-04 03:34:05,491 - Boss: Rank: 11 | Suit D | Attack 10 | Health 20
2025-01-04 03:34:05,491 - Tavern: [8S, 8C, 4S, 5S, 5H, 9S, 2D, AH, 6H]
2025-01-04 03:34:05,491 - Castle: [KD, KH, KS, KC, QS, QH, QD, QC, JH]
2025-01-04 03:34:05,491 - Discard: [TH, 2S, AS, 8D, 4C, 4H, TD, JC, TC, 7H, 7C, AC, 3D, 8H, 3C, AD, 5C, 5D, JS]
2025-01-04 03:34:05,491 - Active Player: 1
2025-01-04 03:34:05,491 - STATE LOG: END
2025-01-04 03:34:06,278 - STATE LOG: BEGIN
2025-01-04 03:34:06,278 - Noah's Hand: [2C, 4D, 6C, 6D, 9C]
2025-01-04 03:34:06,278 - Eve's Hand: [2H, 3H, 7D, 7S, TS, 6S, 3S]
2025-01-04 03:34:06,278 - Boss: Rank: 11 | Suit D | Attack 10 | Health 20
2025-01-04 03:34:06,278 - Tavern: [8S, 8C, 4S, 5S, 5H, 9S, 2D, AH, 6H]
2025-01-04 03:34:06,278 - Castle: [KD, KH, KS, KC, QS, QH, QD, QC, JH]
2025-01-04 03:34:06,278 - Discard: [TH, 2S, AS, 8D, 4C, 4H, TD, JC, TC, 7H, 7C, AC, 3D, 8H, 3C, AD, 5C, 5D, JS, 9H, 9D]
2025-01-04 03:34:06,278 - Active Player: 2
2025-01-04 03:34:06,278 - STATE LOG: END
2025-01-04 03:34:07,395 - STATE LOG: BEGIN
2025-01-04 03:34:07,395 - Noah's Hand: [2C, 4D, 6C, 6D, 9C]
2025-01-04 03:34:07,395 - Eve's Hand: [2H, 3H, 3S, 6S, 7D, 7S]
2025-01-04 03:34:07,395 - Boss: Rank: 11 | Suit D | Attack 0 | Health 10
2025-01-04 03:34:07,395 - Tavern: [8S, 8C, 4S, 5S, 5H, 9S, 2D, AH, 6H]
2025-01-04 03:34:07,395 - Castle: [KD, KH, KS, KC, QS, QH, QD, QC, JH]
2025-01-04 03:34:07,395 - Discard: [TH, 2S, AS, 8D, 4C, 4H, TD, JC, TC, 7H, 7C, AC, 3D, 8H, 3C, AD, 5C, 5D, JS, 9H, 9D]
2025-01-04 03:34:07,395 - Active Player: 1
2025-01-04 03:34:07,395 - STATE LOG: END
2025-01-04 03:34:08,672 - STATE LOG: BEGIN
2025-01-04 03:34:08,672 - Noah's Hand: [2C, 4D, 6C, 6D, 9C]
2025-01-04 03:34:08,672 - Eve's Hand: [2H, 3H, 3S, 6S, 7D, 7S]
2025-01-04 03:34:08,672 - Boss: Rank: 11 | Suit D | Attack 0 | Health 10
2025-01-04 03:34:08,672 - Tavern: [8S, 8C, 4S, 5S, 5H, 9S, 2D, AH, 6H]
2025-01-04 03:34:08,672 - Castle: [KD, KH, KS, KC, QS, QH, QD, QC, JH]
2025-01-04 03:34:08,672 - Discard: [TH, 2S, AS, 8D, 4C, 4H, TD, JC, TC, 7H, 7C, AC, 3D, 8H, 3C, AD, 5C, 5D, JS, 9H, 9D]
2025-01-04 03:34:08,672 - Active Player: 2
2025-01-04 03:34:08,672 - STATE LOG: END
2025-01-04 03:34:09,883 - STATE LOG: BEGIN
2025-01-04 03:34:09,883 - Noah's Hand: [2C, 4D, 6C, 6D, 9C]
2025-01-04 03:34:09,883 - Eve's Hand: [3H, 3S, 6S, 7D, 7S]
2025-01-04 03:34:09,883 - Boss: Rank: 11 | Suit D | Attack 0 | Health 8
2025-01-04 03:34:09,883 - Tavern: [5D, 4H, 8S, 8C, 4S, 5S, 5H, 9S, 2D, AH, 6H]
2025-01-04 03:34:09,883 - Castle: [KD, KH, KS, KC, QS, QH, QD, QC, JH]
2025-01-04 03:34:09,883 - Discard: [9H, AD, 3C, 5C, 3D, 8H, JC, 8D, JS, TH, 9D, AS, TD, 7C, 2S, AC, 7H, TC, 4C]
2025-01-04 03:34:09,883 - Active Player: 1
2025-01-04 03:34:09,883 - STATE LOG: END
2025-01-04 03:34:10,378 - STATE LOG: BEGIN
2025-01-04 03:34:10,378 - Noah's Hand: [2C, 4D, 6C, 6D, 9C]
2025-01-04 03:34:10,379 - Eve's Hand: [3H, 3S, 6S, 7D, 7S]
2025-01-04 03:34:10,379 - Boss: Rank: 11 | Suit D | Attack 0 | Health 8
2025-01-04 03:34:10,379 - Tavern: [5D, 4H, 8S, 8C, 4S, 5S, 5H, 9S, 2D, AH, 6H]
2025-01-04 03:34:10,379 - Castle: [KD, KH, KS, KC, QS, QH, QD, QC, JH]
2025-01-04 03:34:10,379 - Discard: [9H, AD, 3C, 5C, 3D, 8H, JC, 8D, JS, TH, 9D, AS, TD, 7C, 2S, AC, 7H, TC, 4C]
2025-01-04 03:34:10,379 - Active Player: 2
2025-01-04 03:34:10,379 - STATE LOG: END
2025-01-04 03:34:11,655 - STATE LOG: BEGIN
2025-01-04 03:34:11,655 - Noah's Hand: [2C, 4D, 6C, 6D, 9C]
2025-01-04 03:34:11,655 - Eve's Hand: [3S, 6S, 7D, 7S]
2025-01-04 03:34:11,655 - Boss: Rank: 11 | Suit D | Attack 0 | Health 5
2025-01-04 03:34:11,655 - Tavern: [AS, AC, TC, 5D, 4H, 8S, 8C, 4S, 5S, 5H, 9S, 2D, AH, 6H]
2025-01-04 03:34:11,655 - Castle: [KD, KH, KS, KC, QS, QH, QD, QC, JH]
2025-01-04 03:34:11,655 - Discard: [JC, 7H, 2S, JS, TH, TD, AD, 7C, 4C, 5C, 8D, 9D, 9H, 3C, 3D, 8H]
2025-01-04 03:34:11,655 - Active Player: 1
2025-01-04 03:34:11,655 - STATE LOG: END
2025-01-04 03:34:12,334 - STATE LOG: BEGIN
2025-01-04 03:34:12,334 - Noah's Hand: [2C, 4D, 6C, 6D, 9C]
2025-01-04 03:34:12,334 - Eve's Hand: [3S, 6S, 7D, 7S]
2025-01-04 03:34:12,334 - Boss: Rank: 11 | Suit D | Attack 0 | Health 5
2025-01-04 03:34:12,334 - Tavern: [AS, AC, TC, 5D, 4H, 8S, 8C, 4S, 5S, 5H, 9S, 2D, AH, 6H]
2025-01-04 03:34:12,334 - Castle: [KD, KH, KS, KC, QS, QH, QD, QC, JH]
2025-01-04 03:34:12,334 - Discard: [JC, 7H, 2S, JS, TH, TD, AD, 7C, 4C, 5C, 8D, 9D, 9H, 3C, 3D, 8H]
2025-01-04 03:34:12,334 - Active Player: 2
2025-01-04 03:34:12,334 - STATE LOG: END
2025-01-04 03:34:12,909 - STATE LOG: BEGIN
2025-01-04 03:34:12,909 - Noah's Hand: [2C, 4D, 6C, 6D, 9C]
2025-01-04 03:34:12,909 - Eve's Hand: [3S, 6S, 7D]
2025-01-04 03:34:12,909 - Boss: Rank: 11 | Suit H | Attack 10 | Health 20
2025-01-04 03:34:12,909 - Tavern: [AS, AC, TC, 5D, 4H, 8S, 8C, 4S, 5S, 5H, 9S, 2D, AH, 6H]
2025-01-04 03:34:12,909 - Castle: [KD, KH, KS, KC, QS, QH, QD, QC]
2025-01-04 03:34:12,909 - Discard: [JC, 7H, 2S, JS, TH, TD, AD, 7C, 4C, 5C, 8D, 9D, 9H, 3C, 3D, 8H, TS, 2H, 3H, 7S, JD]
2025-01-04 03:34:12,909 - Active Player: 2
2025-01-04 03:34:12,909 - STATE LOG: END
2025-01-04 03:34:13,158 - STATE LOG: BEGIN
2025-01-04 03:34:13,158 - Noah's Hand: [2C, 4D, 6C, 6D, 9C, AH, 9S]
2025-01-04 03:34:13,158 - Eve's Hand: [3S, 6S, 6H, 2D]
2025-01-04 03:34:13,158 - Boss: Rank: 11 | Suit H | Attack 10 | Health 13
2025-01-04 03:34:13,158 - Tavern: [AS, AC, TC, 5D, 4H, 8S, 8C]
2025-01-04 03:34:13,158 - Castle: [KD, KH, KS, KC, QS, QH, QD, QC]
2025-01-04 03:34:13,158 - Discard: [JC, 7H, 2S, JS, TH, TD, AD, 7C, 4C, 5C, 8D, 9D, 9H, 3C, 3D, 8H, TS, 2H, 3H, 7S, JD, 4S, 5S, 5H]
2025-01-04 03:34:13,158 - Active Player: 1
2025-01-04 03:34:13,158 - STATE LOG: END
2025-01-04 03:34:14,403 - STATE LOG: BEGIN
2025-01-04 03:34:14,403 - Noah's Hand: [AH, 2C, 6C, 6D, 9C]
2025-01-04 03:34:14,403 - Eve's Hand: [3S, 6S, 6H, 2D, 8S, 4H, 5D]
2025-01-04 03:34:14,403 - Boss: Rank: 11 | Suit H | Attack 10 | Health 9
2025-01-04 03:34:14,403 - Tavern: [AS, AC, TC]
2025-01-04 03:34:14,403 - Castle: [KD, KH, KS, KC, QS, QH, QD, QC]
2025-01-04 03:34:14,403 - Discard: [JC, 7H, 2S, JS, TH, TD, AD, 7C, 4C, 5C, 8D, 9D, 9H, 3C, 3D, 8H, TS, 2H, 3H, 7S, JD, 4S, 5S, 5H, 8C, 9S]
2025-01-04 03:34:14,403 - Active Player: 2
2025-01-04 03:34:14,403 - STATE LOG: END
2025-01-04 03:34:15,698 - STATE LOG: BEGIN
2025-01-04 03:34:15,698 - Noah's Hand: [AH, 2C, 6C, 6D, 9C, AC, AS]
2025-01-04 03:34:15,698 - Eve's Hand: [2D, 3S, 4H, 6H, 6S, 8S]
2025-01-04 03:34:15,698 - Boss: Rank: 11 | Suit H | Attack 10 | Health 4
2025-01-04 03:34:15,698 - Tavern: []
2025-01-04 03:34:15,698 - Castle: [KD, KH, KS, KC, QS, QH, QD, QC]
2025-01-04 03:34:15,698 - Discard: [JC, 7H, 2S, JS, TH, TD, AD, 7C, 4C, 5C, 8D, 9D, 9H, 3C, 3D, 8H, TS, 2H, 3H, 7S, JD, 4S, 5S, 5H, 8C, 9S, TC]
2025-01-04 03:34:15,698 - Active Player: 1
2025-01-04 03:34:15,698 - STATE LOG: END
2025-01-04 03:34:16,940 - STATE LOG: BEGIN
2025-01-04 03:34:16,940 - Noah's Hand: [AC, AH, AS, 6C, 6D, 9C]
2025-01-04 03:34:16,940 - Eve's Hand: [2D, 3S, 4H, 6H, 6S, 8S]
2025-01-04 03:34:16,940 - Boss: Rank: 12 | Suit C | Attack 15 | Health 30
2025-01-04 03:34:16,940 - Tavern: []
2025-01-04 03:34:16,940 - Castle: [KD, KH, KS, KC, QS, QH, QD]
2025-01-04 03:34:16,940 - Discard: [JC, 7H, 2S, JS, TH, TD, AD, 7C, 4C, 5C, 8D, 9D, 9H, 3C, 3D, 8H, TS, 2H, 3H, 7S, JD, 4S, 5S, 5H, 8C, 9S, TC, 4D, 2C, 7D, 5D]
2025-01-04 03:34:16,940 - Active Player: 1
2025-01-04 03:34:16,940 - STATE LOG: END
2025-01-04 03:34:17,517 - STATE LOG: BEGIN
2025-01-04 03:34:17,517 - Noah's Hand: [AC, AH, 6D]
2025-01-04 03:34:17,517 - Eve's Hand: [2D, 3S, 4H, 6H, 6S, 8S]
2025-01-04 03:34:17,517 - Boss: Rank: 12 | Suit C | Attack 8 | Health 23
2025-01-04 03:34:17,517 - Tavern: []
2025-01-04 03:34:17,517 - Castle: [KD, KH, KS, KC, QS, QH, QD]
2025-01-04 03:34:17,517 - Discard: [JC, 7H, 2S, JS, TH, TD, AD, 7C, 4C, 5C, 8D, 9D, 9H, 3C, 3D, 8H, TS, 2H, 3H, 7S, JD, 4S, 5S, 5H, 8C, 9S, TC, 4D, 2C, 7D, 5D, 9C]
2025-01-04 03:34:17,517 - Active Player: 2
2025-01-04 03:34:17,517 - STATE LOG: END
2025-01-04 03:34:18,032 - STATE LOG: BEGIN
2025-01-04 03:34:18,032 - Noah's Hand: [AC, AH, 6D]
2025-01-04 03:34:18,032 - Eve's Hand: [2D, 3S, 4H, 6H, 6S]
2025-01-04 03:34:18,032 - Boss: Rank: 12 | Suit C | Attack 0 | Health 15
2025-01-04 03:34:18,032 - Tavern: []
2025-01-04 03:34:18,032 - Castle: [KD, KH, KS, KC, QS, QH, QD]
2025-01-04 03:34:18,032 - Discard: [JC, 7H, 2S, JS, TH, TD, AD, 7C, 4C, 5C, 8D, 9D, 9H, 3C, 3D, 8H, TS, 2H, 3H, 7S, JD, 4S, 5S, 5H, 8C, 9S, TC, 4D, 2C, 7D, 5D, 9C]
2025-01-04 03:34:18,032 - Active Player: 1
2025-01-04 03:34:18,032 - STATE LOG: END
2025-01-04 03:34:19,390 - STATE LOG: BEGIN
2025-01-04 03:34:19,391 - Noah's Hand: [AC, AH, 6D]
2025-01-04 03:34:19,391 - Eve's Hand: [2D, 3S, 4H, 6H, 6S]
2025-01-04 03:34:19,391 - Boss: Rank: 12 | Suit C | Attack 0 | Health 15
2025-01-04 03:34:19,391 - Tavern: []
2025-01-04 03:34:19,391 - Castle: [KD, KH, KS, KC, QS, QH, QD]
2025-01-04 03:34:19,391 - Discard: [JC, 7H, 2S, JS, TH, TD, AD, 7C, 4C, 5C, 8D, 9D, 9H, 3C, 3D, 8H, TS, 2H, 3H, 7S, JD, 4S, 5S, 5H, 8C, 9S, TC, 4D, 2C, 7D, 5D, 9C]
2025-01-04 03:34:19,391 - Active Player: 2
2025-01-04 03:34:19,391 - STATE LOG: END
2025-01-04 03:34:20,249 - STATE LOG: BEGIN
2025-01-04 03:34:20,249 - Noah's Hand: [AC, AH, 6D]
2025-01-04 03:34:20,249 - Eve's Hand: [3S, 4H, 6H, 6S, JH]
2025-01-04 03:34:20,249 - Boss: Rank: 12 | Suit C | Attack 0 | Health 13
2025-01-04 03:34:20,249 - Tavern: []
2025-01-04 03:34:20,249 - Castle: [KD, KH, KS, KC, QS, QH, QD]
2025-01-04 03:34:20,249 - Discard: [JC, 7H, 2S, JS, TH, TD, AD, 7C, 4C, 5C, 8D, 9D, 9H, 3C, 3D, 8H, TS, 2H, 3H, 7S, JD, 4S, 5S, 5H, 8C, 9S, TC, 4D, 2C, 7D, 5D, 9C]
2025-01-04 03:34:20,249 - Active Player: 1
2025-01-04 03:34:20,249 - STATE LOG: END
2025-01-04 03:34:20,963 - STATE LOG: BEGIN
2025-01-04 03:34:20,963 - Noah's Hand: [AH, 6D]
2025-01-04 03:34:20,963 - Eve's Hand: [3S, 4H, 6H, 6S, JH]
2025-01-04 03:34:20,963 - Boss: Rank: 12 | Suit C | Attack 0 | Health 12
2025-01-04 03:34:20,963 - Tavern: []
2025-01-04 03:34:20,963 - Castle: [KD, KH, KS, KC, QS, QH, QD]
2025-01-04 03:34:20,963 - Discard: [JC, 7H, 2S, JS, TH, TD, AD, 7C, 4C, 5C, 8D, 9D, 9H, 3C, 3D, 8H, TS, 2H, 3H, 7S, JD, 4S, 5S, 5H, 8C, 9S, TC, 4D, 2C, 7D, 5D, 9C]
2025-01-04 03:34:20,963 - Active Player: 2
2025-01-04 03:34:20,963 - STATE LOG: END
2025-01-04 03:34:21,546 - STATE LOG: BEGIN
2025-01-04 03:34:21,546 - Noah's Hand: [AH, 6D]
2025-01-04 03:34:21,546 - Eve's Hand: [3S, 6H, 6S, JH]
2025-01-04 03:34:21,546 - Boss: Rank: 12 | Suit C | Attack 0 | Health 8
2025-01-04 03:34:21,546 - Tavern: [5S, 3C, 7C, 7S]
2025-01-04 03:34:21,546 - Castle: [KD, KH, KS, KC, QS, QH, QD]
2025-01-04 03:34:21,546 - Discard: [JS, 9D, 2S, 8H, 7D, 9C, JD, 9S, 5C, 4D, 5H, TS, 2H, 5D, 8C, 3D, 2C, 7H, JC, 4C, AD, 3H, TC, TD, TH, 4S, 9H, 8D]
2025-01-04 03:34:21,546 - Active Player: 1
2025-01-04 03:34:21,546 - STATE LOG: END
2025-01-04 03:34:22,323 - STATE LOG: BEGIN
2025-01-04 03:34:22,323 - Noah's Hand: [7S, 3C, 5D, 4D]
2025-01-04 03:34:22,323 - Eve's Hand: [3S, 6H, 6S, JH, 7C, 5S, TS]
2025-01-04 03:34:22,323 - Boss: Rank: 12 | Suit C | Attack 0 | Health 1
2025-01-04 03:34:22,323 - Tavern: [2S, 9D, 3D, 9S]
2025-01-04 03:34:22,323 - Castle: [KD, KH, KS, KC, QS, QH, QD]
2025-01-04 03:34:22,323 - Discard: [9C, 2C, 4S, 3H, 9H, 8C, 4C, TD, JS, TH, AD, 7D, JD, 8H, TC, 5H, 5C, JC, 2H, 7H, 8D]
2025-01-04 03:34:22,323 - Active Player: 2
2025-01-04 03:34:22,323 - STATE LOG: END
2025-01-04 03:34:23,085 - STATE LOG: BEGIN
2025-01-04 03:34:23,085 - Noah's Hand: [7S, 3C, 5D, 4D]
2025-01-04 03:34:23,085 - Eve's Hand: [3S, 5S, 6H, 6S, 7C, TS, JH]
2025-01-04 03:34:23,085 - Boss: Rank: 12 | Suit C | Attack 0 | Health 1
2025-01-04 03:34:23,085 - Tavern: [2S, 9D, 3D, 9S]
2025-01-04 03:34:23,085 - Castle: [KD, KH, KS, KC, QS, QH, QD]
2025-01-04 03:34:23,085 - Discard: [9C, 2C, 4S, 3H, 9H, 8C, 4C, TD, JS, TH, AD, 7D, JD, 8H, TC, 5H, 5C, JC, 2H, 7H, 8D]
2025-01-04 03:34:23,085 - Active Player: 1
2025-01-04 03:34:23,085 - STATE LOG: END
2025-01-04 03:34:23,265 - STATE LOG: BEGIN
2025-01-04 03:34:23,266 - Noah's Hand: [3C, 5D, 7S, 9S, 3D, 9D, 2S]
2025-01-04 03:34:23,266 - Eve's Hand: [3S, 5S, 6H, 6S, 7C, TS, JH]
2025-01-04 03:34:23,266 - Boss: Rank: 12 | Suit D | Attack 15 | Health 30
2025-01-04 03:34:23,266 - Tavern: []
2025-01-04 03:34:23,266 - Castle: [KD, KH, KS, KC, QS, QH]
2025-01-04 03:34:23,266 - Discard: [9C, 2C, 4S, 3H, 9H, 8C, 4C, TD, JS, TH, AD, 7D, JD, 8H, TC, 5H, 5C, JC, 2H, 7H, 8D, AS, 6C, AC, AH, 6D, 4D, 8S, 2D, 4H, QC]
2025-01-04 03:34:23,266 - Active Player: 1
2025-01-04 03:34:23,266 - STATE LOG: END
2025-01-04 03:34:24,286 - STATE LOG: BEGIN
2025-01-04 03:34:24,286 - Noah's Hand: [2S, 3C, 3D, 5D, 9D]
2025-01-04 03:34:24,286 - Eve's Hand: [3S, 5S, 6H, 6S, 7C, TS, JH]
2025-01-04 03:34:24,286 - Boss: Rank: 12 | Suit D | Attack 8 | Health 23
2025-01-04 03:34:24,286 - Tavern: []
2025-01-04 03:34:24,286 - Castle: [KD, KH, KS, KC, QS, QH]
2025-01-04 03:34:24,286 - Discard: [9C, 2C, 4S, 3H, 9H, 8C, 4C, TD, JS, TH, AD, 7D, JD, 8H, TC, 5H, 5C, JC, 2H, 7H, 8D, AS, 6C, AC, AH, 6D, 4D, 8S, 2D, 4H, QC, 9S]
2025-01-04 03:34:24,286 - Active Player: 2
2025-01-04 03:34:24,286 - STATE LOG: END
2025-01-04 03:34:25,772 - STATE LOG: BEGIN
2025-01-04 03:34:25,772 - Noah's Hand: [2S, 3C, 3D, 5D, 9D]
2025-01-04 03:34:25,773 - Eve's Hand: [3S, 6H, 6S, 7C, TS]
2025-01-04 03:34:25,773 - Boss: Rank: 12 | Suit D | Attack 3 | Health 18
2025-01-04 03:34:25,773 - Tavern: []
2025-01-04 03:34:25,773 - Castle: [KD, KH, KS, KC, QS, QH]
2025-01-04 03:34:25,773 - Discard: [9C, 2C, 4S, 3H, 9H, 8C, 4C, TD, JS, TH, AD, 7D, JD, 8H, TC, 5H, 5C, JC, 2H, 7H, 8D, AS, 6C, AC, AH, 6D, 4D, 8S, 2D, 4H, QC, 9S, JH]
2025-01-04 03:34:25,773 - Active Player: 1
2025-01-04 03:34:25,773 - STATE LOG: END
2025-01-04 03:34:26,682 - STATE LOG: BEGIN
2025-01-04 03:34:26,683 - Noah's Hand: [2S, 3C, 3D, 5D]
2025-01-04 03:34:26,683 - Eve's Hand: [3S, 6H, 6S, 7C, TS]
2025-01-04 03:34:26,683 - Boss: Rank: 12 | Suit D | Attack 3 | Health 18
2025-01-04 03:34:26,683 - Tavern: []
2025-01-04 03:34:26,683 - Castle: [KD, KH, KS, KC, QS, QH]
2025-01-04 03:34:26,683 - Discard: [9C, 2C, 4S, 3H, 9H, 8C, 4C, TD, JS, TH, AD, 7D, JD, 8H, TC, 5H, 5C, JC, 2H, 7H, 8D, AS, 6C, AC, AH, 6D, 4D, 8S, 2D, 4H, QC, 9S, JH, 9D]
2025-01-04 03:34:26,683 - Active Player: 2
2025-01-04 03:34:26,683 - STATE LOG: END
2025-01-04 03:34:27,159 - STATE LOG: BEGIN
2025-01-04 03:34:27,159 - Noah's Hand: [2S, 3C, 3D, 5D]
2025-01-04 03:34:27,159 - Eve's Hand: [6H, 6S, 7C, TS]
2025-01-04 03:34:27,159 - Boss: Rank: 12 | Suit D | Attack 0 | Health 15
2025-01-04 03:34:27,159 - Tavern: []
2025-01-04 03:34:27,159 - Castle: [KD, KH, KS, KC, QS, QH]
2025-01-04 03:34:27,159 - Discard: [9C, 2C, 4S, 3H, 9H, 8C, 4C, TD, JS, TH, AD, 7D, JD, 8H, TC, 5H, 5C, JC, 2H, 7H, 8D, AS, 6C, AC, AH, 6D, 4D, 8S, 2D, 4H, QC, 9S, JH, 9D]
2025-01-04 03:34:27,159 - Active Player: 1
2025-01-04 03:34:27,159 - STATE LOG: END
2025-01-04 03:34:27,826 - STATE LOG: BEGIN
2025-01-04 03:34:27,826 - Noah's Hand: [2S, 3C, 3D, 5D]
2025-01-04 03:34:27,826 - Eve's Hand: [6H, 6S, 7C, TS]
2025-01-04 03:34:27,826 - Boss: Rank: 12 | Suit D | Attack 0 | Health 15
2025-01-04 03:34:27,826 - Tavern: []
2025-01-04 03:34:27,826 - Castle: [KD, KH, KS, KC, QS, QH]
2025-01-04 03:34:27,826 - Discard: [9C, 2C, 4S, 3H, 9H, 8C, 4C, TD, JS, TH, AD, 7D, JD, 8H, TC, 5H, 5C, JC, 2H, 7H, 8D, AS, 6C, AC, AH, 6D, 4D, 8S, 2D, 4H, QC, 9S, JH, 9D]
2025-01-04 03:34:27,826 - Active Player: 2
2025-01-04 03:34:27,826 - STATE LOG: END
2025-01-04 03:34:28,250 - STATE LOG: BEGIN
2025-01-04 03:34:28,250 - Noah's Hand: [2S, 3C, 3D, 5D]
2025-01-04 03:34:28,250 - Eve's Hand: [6S, 7C, TS]
2025-01-04 03:34:28,250 - Boss: Rank: 12 | Suit D | Attack 0 | Health 9
2025-01-04 03:34:28,250 - Tavern: [2H, 4C, 8H, 4H, 9S, AD]
2025-01-04 03:34:28,250 - Castle: [KD, KH, KS, KC, QS, QH]
2025-01-04 03:34:28,250 - Discard: [TD, JS, 6C, JD, AC, TC, 3H, AH, AS, TH, 8S, 4D, 7H, 8C, 2D, 5H, 4S, JC, 2C, 9H, 9C, QC, 5C, 6D, 9D, JH, 8D, 7D]
2025-01-04 03:34:28,250 - Active Player: 1
2025-01-04 03:34:28,250 - STATE LOG: END
2025-01-04 03:34:28,420 - STATE LOG: BEGIN
2025-01-04 03:34:28,420 - Noah's Hand: [3C, 3D, 5D]
2025-01-04 03:34:28,420 - Eve's Hand: [6S, 7C, TS]
2025-01-04 03:34:28,420 - Boss: Rank: 12 | Suit D | Attack 0 | Health 7
2025-01-04 03:34:28,420 - Tavern: [2H, 4C, 8H, 4H, 9S, AD]
2025-01-04 03:34:28,420 - Castle: [KD, KH, KS, KC, QS, QH]
2025-01-04 03:34:28,420 - Discard: [TD, JS, 6C, JD, AC, TC, 3H, AH, AS, TH, 8S, 4D, 7H, 8C, 2D, 5H, 4S, JC, 2C, 9H, 9C, QC, 5C, 6D, 9D, JH, 8D, 7D]
2025-01-04 03:34:28,420 - Active Player: 2
2025-01-04 03:34:28,420 - STATE LOG: END
2025-01-04 03:34:28,557 - STATE LOG: BEGIN
2025-01-04 03:34:28,557 - Noah's Hand: [3C, 3D, 5D]
2025-01-04 03:34:28,557 - Eve's Hand: [6S, 7C, TS]
2025-01-04 03:34:28,557 - Boss: Rank: 12 | Suit D | Attack 0 | Health 7
2025-01-04 03:34:28,557 - Tavern: [2H, 4C, 8H, 4H, 9S, AD]
2025-01-04 03:34:28,558 - Castle: [KD, KH, KS, KC, QS, QH]
2025-01-04 03:34:28,558 - Discard: [TD, JS, 6C, JD, AC, TC, 3H, AH, AS, TH, 8S, 4D, 7H, 8C, 2D, 5H, 4S, JC, 2C, 9H, 9C, QC, 5C, 6D, 9D, JH, 8D, 7D]
2025-01-04 03:34:28,558 - Active Player: 1
2025-01-04 03:34:28,558 - STATE LOG: END
2025-01-04 03:34:28,643 - STATE LOG: BEGIN
2025-01-04 03:34:28,643 - Noah's Hand: [3C, 5D]
2025-01-04 03:34:28,643 - Eve's Hand: [6S, 7C, TS]
2025-01-04 03:34:28,643 - Boss: Rank: 12 | Suit D | Attack 0 | Health 4
2025-01-04 03:34:28,643 - Tavern: [2H, 4C, 8H, 4H, 9S, AD]
2025-01-04 03:34:28,643 - Castle: [KD, KH, KS, KC, QS, QH]
2025-01-04 03:34:28,643 - Discard: [TD, JS, 6C, JD, AC, TC, 3H, AH, AS, TH, 8S, 4D, 7H, 8C, 2D, 5H, 4S, JC, 2C, 9H, 9C, QC, 5C, 6D, 9D, JH, 8D, 7D]
2025-01-04 03:34:28,643 - Active Player: 2
2025-01-04 03:34:28,644 - STATE LOG: END
2025-01-04 03:34:28,669 - STATE LOG: BEGIN
2025-01-04 03:34:28,669 - Noah's Hand: [3C, 5D]
2025-01-04 03:34:28,669 - Eve's Hand: [6S, 7C, TS]
2025-01-04 03:34:28,669 - Boss: Rank: 12 | Suit D | Attack 0 | Health 4
2025-01-04 03:34:28,669 - Tavern: [2H, 4C, 8H, 4H, 9S, AD]
2025-01-04 03:34:28,669 - Castle: [KD, KH, KS, KC, QS, QH]
2025-01-04 03:34:28,669 - Discard: [TD, JS, 6C, JD, AC, TC, 3H, AH, AS, TH, 8S, 4D, 7H, 8C, 2D, 5H, 4S, JC, 2C, 9H, 9C, QC, 5C, 6D, 9D, JH, 8D, 7D]
2025-01-04 03:34:28,669 - Active Player: 1
2025-01-04 03:34:28,669 - STATE LOG: END
2025-01-04 03:34:28,677 - STATE LOG: BEGIN
2025-01-04 03:34:28,677 - Noah's Hand: [5D]
2025-01-04 03:34:28,678 - Eve's Hand: [6S, 7C, TS]
2025-01-04 03:34:28,678 - Boss: Rank: 12 | Suit H | Attack 15 | Health 30
2025-01-04 03:34:28,678 - Tavern: [2H, 4C, 8H, 4H, 9S, AD]
2025-01-04 03:34:28,678 - Castle: [KD, KH, KS, KC, QS]
2025-01-04 03:34:28,678 - Discard: [TD, JS, 6C, JD, AC, TC, 3H, AH, AS, TH, 8S, 4D, 7H, 8C, 2D, 5H, 4S, JC, 2C, 9H, 9C, QC, 5C, 6D, 9D, JH, 8D, 7D, 7S, 2S, 3D, 3C, 5S, 3S, 6H, QD]
2025-01-04 03:34:28,678 - Active Player: 1
2025-01-04 03:34:28,678 - STATE LOG: END
2025-01-04 03:34:28,681 - STATE LOG: BEGIN
2025-01-04 03:34:28,681 - Noah's Hand: [5D]
2025-01-04 03:34:28,681 - Eve's Hand: [6S, 7C, TS]
2025-01-04 03:34:28,681 - Boss: Rank: 12 | Suit H | Attack 15 | Health 30
2025-01-04 03:34:28,681 - Tavern: [2H, 4C, 8H, 4H, 9S, AD]
2025-01-04 03:34:28,681 - Castle: [KD, KH, KS, KC, QS]
2025-01-04 03:34:28,681 - Discard: [TD, JS, 6C, JD, AC, TC, 3H, AH, AS, TH, 8S, 4D, 7H, 8C, 2D, 5H, 4S, JC, 2C, 9H, 9C, QC, 5C, 6D, 9D, JH, 8D, 7D, 7S, 2S, 3D, 3C, 5S, 3S, 6H, QD]
2025-01-04 03:34:28,681 - Active Player: 2
2025-01-04 03:34:28,681 - STATE LOG: END
