2025-01-04 22:50:23,663 - I log states! :D
2025-01-04 22:50:23,663 - STATE LOG: BEGIN
2025-01-04 22:50:23,663 - Noah's Hand: [9S, TH, 8H, 9H, 2S, 5D, 8D]
2025-01-04 22:50:23,663 - EVe's Hand: [AD, 9D, 6D, AC, AS, 4C, 8C]
2025-01-04 22:50:23,663 - Boss: Rank: 11 | Suit D | Attack 10 | Health 20
2025-01-04 22:50:23,663 - Tavern: [2H, 5S, 6H, 2D, 8S, 3S, TS, 4H, AH, 7S, TD, 6C, 3H, 7H, 6S, 5H, TC, 7D, 7C, 4D, 4S, 2C, 3C, 5C, 3D, 9C]
2025-01-04 22:50:23,663 - Castle: [KS, KD, KH, KC, QC, QS, QD, QH, JS, JC, JH]
2025-01-04 22:50:23,663 - Discard: []
2025-01-04 22:50:23,663 - Active Player: 1
2025-01-04 22:50:23,663 - STATE LOG: END
2025-01-04 22:50:23,720 - STATE LOG: BEGIN
2025-01-04 22:50:23,720 - Noah's Hand: [2S, 5D, 8D, 9S]
2025-01-04 22:50:23,720 - EVe's Hand: [AD, 9D, 6D, AC, AS, 4C, 8C]
2025-01-04 22:50:23,720 - Boss: Rank: 11 | Suit D | Attack 10 | Health 10
2025-01-04 22:50:23,720 - Tavern: [2H, 5S, 6H, 2D, 8S, 3S, TS, 4H, AH, 7S, TD, 6C, 3H, 7H, 6S, 5H, TC, 7D, 7C, 4D, 4S, 2C, 3C, 5C, 3D, 9C]
2025-01-04 22:50:23,720 - Castle: [KS, KD, KH, KC, QC, QS, QD, QH, JS, JC, JH]
2025-01-04 22:50:23,720 - Discard: [9H, 8H]
2025-01-04 22:50:23,720 - Active Player: 2
2025-01-04 22:50:23,720 - STATE LOG: END
2025-01-04 22:50:23,756 - STATE LOG: BEGIN
2025-01-04 22:50:23,756 - Noah's Hand: [2S, 5D, 8D, 9S]
2025-01-04 22:50:23,756 - EVe's Hand: [AC, AD, AS, 6D]
2025-01-04 22:50:23,757 - Boss: Rank: 11 | Suit D | Attack 10 | Health 1
2025-01-04 22:50:23,757 - Tavern: [2H, 5S, 6H, 2D, 8S, 3S, TS, 4H, AH, 7S, TD, 6C, 3H, 7H, 6S, 5H, TC, 7D, 7C, 4D, 4S, 2C, 3C, 5C, 3D, 9C]
2025-01-04 22:50:23,757 - Castle: [KS, KD, KH, KC, QC, QS, QD, QH, JS, JC, JH]
2025-01-04 22:50:23,757 - Discard: [9H, 8H, 4C, 8C]
2025-01-04 22:50:23,757 - Active Player: 1
2025-01-04 22:50:23,757 - STATE LOG: END
2025-01-04 22:50:23,786 - STATE LOG: BEGIN
2025-01-04 22:50:23,786 - Noah's Hand: [5D, 8D, 9S]
2025-01-04 22:50:23,786 - EVe's Hand: [AC, AD, AS, 6D]
2025-01-04 22:50:23,786 - Boss: Rank: 11 | Suit H | Attack 10 | Health 20
2025-01-04 22:50:23,786 - Tavern: [2H, 5S, 6H, 2D, 8S, 3S, TS, 4H, AH, 7S, TD, 6C, 3H, 7H, 6S, 5H, TC, 7D, 7C, 4D, 4S, 2C, 3C, 5C, 3D, 9C]
2025-01-04 22:50:23,786 - Castle: [KS, KD, KH, KC, QC, QS, QD, QH, JS, JC]
2025-01-04 22:50:23,786 - Discard: [9H, 8H, 4C, 8C, TH, 2S, 9D, JD]
2025-01-04 22:50:23,786 - Active Player: 1
2025-01-04 22:50:23,787 - STATE LOG: END
2025-01-04 22:50:23,818 - STATE LOG: BEGIN
2025-01-04 22:50:23,818 - Noah's Hand: [8D, 9C]
2025-01-04 22:50:23,818 - EVe's Hand: [AC, AD, AS, 6D, 3D, 3C]
2025-01-04 22:50:23,818 - Boss: Rank: 11 | Suit H | Attack 10 | Health 15
2025-01-04 22:50:23,818 - Tavern: [2H, 5S, 6H, 2D, 8S, 3S, TS, 4H, AH, 7S, TD, 6C, 3H, 7H, 6S, 5H, TC, 7D, 7C, 4D, 4S]
2025-01-04 22:50:23,818 - Castle: [KS, KD, KH, KC, QC, QS, QD, QH, JS, JC]
2025-01-04 22:50:23,818 - Discard: [9H, 8H, 4C, 8C, TH, 2S, 9D, JD, 2C, 5C, 9S]
2025-01-04 22:50:23,818 - Active Player: 2
2025-01-04 22:50:23,818 - STATE LOG: END
2025-01-04 22:50:23,849 - STATE LOG: BEGIN
2025-01-04 22:50:23,849 - Noah's Hand: [8D, 9C, 4D, 7D, 5H]
2025-01-04 22:50:23,849 - EVe's Hand: [AC, AD, AS, 6D, 4S, 7C]
2025-01-04 22:50:23,849 - Boss: Rank: 11 | Suit H | Attack 10 | Health 3
2025-01-04 22:50:23,849 - Tavern: [2H, 5S, 6H, 2D, 8S, 3S, TS, 4H, AH, 7S, TD, 6C, 3H, 7H, 6S]
2025-01-04 22:50:23,849 - Castle: [KS, KD, KH, KC, QC, QS, QD, QH, JS, JC]
2025-01-04 22:50:23,849 - Discard: [9H, 8H, 4C, 8C, TH, 2S, 9D, JD, 2C, 5C, 9S, TC]
2025-01-04 22:50:23,849 - Active Player: 1
2025-01-04 22:50:23,849 - STATE LOG: END
2025-01-04 22:50:23,888 - STATE LOG: BEGIN
2025-01-04 22:50:23,888 - Noah's Hand: [4D, 7D, 8D, 9C]
2025-01-04 22:50:23,888 - EVe's Hand: [AC, AD, AS, 6D, 4S, 7C]
2025-01-04 22:50:23,888 - Boss: Rank: 11 | Suit C | Attack 10 | Health 20
2025-01-04 22:50:23,888 - Tavern: [2H, 5S, 6H, 2D, 8S, 3S, TS, 4H, AH, 7S, TD, 6C, 3H, 7H, 6S]
2025-01-04 22:50:23,888 - Castle: [KS, KD, KH, KC, QC, QS, QD, QH, JS]
2025-01-04 22:50:23,888 - Discard: [9H, 8H, 4C, 8C, TH, 2S, 9D, JD, 2C, 5C, 9S, TC, 5D, 5H, 3C, 3D, JH]
2025-01-04 22:50:23,888 - Active Player: 1
2025-01-04 22:50:23,889 - STATE LOG: END
2025-01-04 22:50:23,929 - STATE LOG: BEGIN
2025-01-04 22:50:23,929 - Noah's Hand: [4D, 7D, 6S, 6C, TD]
2025-01-04 22:50:23,929 - EVe's Hand: [AC, AD, AS, 6D, 4S, 7C, 7H]
2025-01-04 22:50:23,929 - Boss: Rank: 11 | Suit C | Attack 10 | Health 12
2025-01-04 22:50:23,929 - Tavern: [2H, 5S, 6H, 2D, 8S, 3S, TS, 4H, AH, 7S]
2025-01-04 22:50:23,929 - Castle: [KS, KD, KH, KC, QC, QS, QD, QH, JS]
2025-01-04 22:50:23,929 - Discard: [9H, 8H, 4C, 8C, TH, 2S, 9D, JD, 2C, 5C, 9S, TC, 5D, 5H, 3C, 3D, JH, 9C, 3H]
2025-01-04 22:50:23,929 - Active Player: 2
2025-01-04 22:50:23,929 - STATE LOG: END
2025-01-04 22:50:23,999 - STATE LOG: BEGIN
2025-01-04 22:50:23,999 - Noah's Hand: [4D, 7D, 6S, 6C, TD]
2025-01-04 22:50:23,999 - EVe's Hand: [AD, 6D, 7C]
2025-01-04 22:50:23,999 - Boss: Rank: 11 | Suit C | Attack 2 | Health 4
2025-01-04 22:50:23,999 - Tavern: [5C, 9C, TC, 3D, 3H, 9D, 2C, 5H, 2H, 5S, 6H, 2D, 8S, 3S, TS, 4H, AH, 7S]
2025-01-04 22:50:23,999 - Castle: [KS, KD, KH, KC, QC, QS, QD, QH, JS]
2025-01-04 22:50:23,999 - Discard: [3C, JD, 8H, 9S, 9H, 4C, 8C, TH, 2S, 5D, JH, AC, 4S]
2025-01-04 22:50:23,999 - Active Player: 1
2025-01-04 22:50:23,999 - STATE LOG: END
2025-01-04 22:50:24,035 - STATE LOG: BEGIN
2025-01-04 22:50:24,035 - Noah's Hand: [4D, 6C, 6S, TD, 7S, 4H, 3S]
2025-01-04 22:50:24,035 - EVe's Hand: [AD, 6D, 7C, AH, TS, 8S, 2D]
2025-01-04 22:50:24,035 - Boss: Rank: 11 | Suit S | Attack 10 | Health 20
2025-01-04 22:50:24,035 - Tavern: [5C, 9C, TC, 3D, 3H, 9D, 2C, 5H, 2H, 5S, 6H]
2025-01-04 22:50:24,035 - Castle: [KS, KD, KH, KC, QC, QS, QD, QH]
2025-01-04 22:50:24,035 - Discard: [3C, JD, 8H, 9S, 9H, 4C, 8C, TH, 2S, 5D, JH, AC, 4S, 8D, 7D, AS, 7H, JC]
2025-01-04 22:50:24,035 - Active Player: 1
2025-01-04 22:50:24,035 - STATE LOG: END
2025-01-04 22:50:24,072 - STATE LOG: BEGIN
2025-01-04 22:50:24,072 - Noah's Hand: [3S, 4D, 6C, 7S, TD]
2025-01-04 22:50:24,072 - EVe's Hand: [AD, 6D, 7C, AH, TS, 8S, 2D]
2025-01-04 22:50:24,072 - Boss: Rank: 11 | Suit S | Attack 10 | Health 20
2025-01-04 22:50:24,072 - Tavern: [5C, 9C, TC, 3D, 3H, 9D, 2C, 5H, 2H, 5S, 6H]
2025-01-04 22:50:24,072 - Castle: [KS, KD, KH, KC, QC, QS, QD, QH]
2025-01-04 22:50:24,072 - Discard: [3C, JD, 8H, 9S, 9H, 4C, 8C, TH, 2S, 5D, JH, AC, 4S, 8D, 7D, AS, 7H, JC, 4H, 6S]
2025-01-04 22:50:24,072 - Active Player: 2
2025-01-04 22:50:24,072 - STATE LOG: END
2025-01-04 22:50:24,105 - STATE LOG: BEGIN
2025-01-04 22:50:24,105 - Noah's Hand: [3S, 4D, 6C, 7S, TD, 5S]
2025-01-04 22:50:24,105 - EVe's Hand: [6D, 7C, 8S, 6H, 2H]
2025-01-04 22:50:24,105 - Boss: Rank: 11 | Suit S | Attack 10 | Health 17
2025-01-04 22:50:24,105 - Tavern: [5C, 9C, TC, 3D, 3H, 9D, 2C, 5H]
2025-01-04 22:50:24,105 - Castle: [KS, KD, KH, KC, QC, QS, QD, QH]
2025-01-04 22:50:24,105 - Discard: [3C, JD, 8H, 9S, 9H, 4C, 8C, TH, 2S, 5D, JH, AC, 4S, 8D, 7D, AS, 7H, JC, 4H, 6S, AH, TS]
2025-01-04 22:50:24,105 - Active Player: 1
2025-01-04 22:50:24,105 - STATE LOG: END
2025-01-04 22:50:24,131 - STATE LOG: BEGIN
2025-01-04 22:50:24,131 - Noah's Hand: [3S, 4D, 7S, TD]
2025-01-04 22:50:24,131 - EVe's Hand: [6D, 7C, 8S, 6H, 2H]
2025-01-04 22:50:24,131 - Boss: Rank: 11 | Suit S | Attack 10 | Health 17
2025-01-04 22:50:24,131 - Tavern: [5C, 9C, TC, 3D, 3H, 9D, 2C, 5H]
2025-01-04 22:50:24,131 - Castle: [KS, KD, KH, KC, QC, QS, QD, QH]
2025-01-04 22:50:24,131 - Discard: [3C, JD, 8H, 9S, 9H, 4C, 8C, TH, 2S, 5D, JH, AC, 4S, 8D, 7D, AS, 7H, JC, 4H, 6S, AH, TS, 6C, 5S]
2025-01-04 22:50:24,131 - Active Player: 2
2025-01-04 22:50:24,131 - STATE LOG: END
2025-01-04 22:50:24,156 - STATE LOG: BEGIN
2025-01-04 22:50:24,156 - Noah's Hand: [3S, 4D, 7S, TD, 2C, 3H, TC]
2025-01-04 22:50:24,157 - EVe's Hand: [2H, 7C, 8S, 9D, 3D]
2025-01-04 22:50:24,157 - Boss: Rank: 11 | Suit S | Attack 10 | Health 11
2025-01-04 22:50:24,157 - Tavern: [5C, 9C]
2025-01-04 22:50:24,157 - Castle: [KS, KD, KH, KC, QC, QS, QD, QH]
2025-01-04 22:50:24,157 - Discard: [3C, JD, 8H, 9S, 9H, 4C, 8C, TH, 2S, 5D, JH, AC, 4S, 8D, 7D, AS, 7H, JC, 4H, 6S, AH, TS, 6C, 5S, 6H, 5H]
2025-01-04 22:50:24,157 - Active Player: 1
2025-01-04 22:50:24,157 - STATE LOG: END
2025-01-04 22:50:24,180 - STATE LOG: BEGIN
2025-01-04 22:50:24,181 - Noah's Hand: [2C, 3H, 3S, 4D, 7S, TD]
2025-01-04 22:50:24,181 - EVe's Hand: [2H, 7C, 8S, 9D, 3D]
2025-01-04 22:50:24,181 - Boss: Rank: 12 | Suit H | Attack 15 | Health 30
2025-01-04 22:50:24,181 - Tavern: [5C, 9C]
2025-01-04 22:50:24,181 - Castle: [KS, KD, KH, KC, QC, QS, QD]
2025-01-04 22:50:24,181 - Discard: [3C, JD, 8H, 9S, 9H, 4C, 8C, TH, 2S, 5D, JH, AC, 4S, 8D, 7D, AS, 7H, JC, 4H, 6S, AH, TS, 6C, 5S, 6H, 5H, TC, AD, 2D, 6D, JS]
2025-01-04 22:50:24,181 - Active Player: 1
2025-01-04 22:50:24,181 - STATE LOG: END
2025-01-04 22:50:24,202 - STATE LOG: BEGIN
2025-01-04 22:50:24,202 - Noah's Hand: [4D, TD]
2025-01-04 22:50:24,202 - EVe's Hand: [2H, 7C, 8S, 9D, 3D]
2025-01-04 22:50:24,202 - Boss: Rank: 12 | Suit H | Attack 9 | Health 24
2025-01-04 22:50:24,202 - Tavern: [5C, 9C]
2025-01-04 22:50:24,202 - Castle: [KS, KD, KH, KC, QC, QS, QD]
2025-01-04 22:50:24,202 - Discard: [3C, JD, 8H, 9S, 9H, 4C, 8C, TH, 2S, 5D, JH, AC, 4S, 8D, 7D, AS, 7H, JC, 4H, 6S, AH, TS, 6C, 5S, 6H, 5H, TC, AD, 2D, 6D, JS, 2C, 7S]
2025-01-04 22:50:24,202 - Active Player: 2
2025-01-04 22:50:24,202 - STATE LOG: END
2025-01-04 22:50:24,222 - STATE LOG: BEGIN
2025-01-04 22:50:24,223 - Noah's Hand: [4D, TD]
2025-01-04 22:50:24,223 - EVe's Hand: [3D, 7C, 9D]
2025-01-04 22:50:24,223 - Boss: Rank: 12 | Suit H | Attack 1 | Health 16
2025-01-04 22:50:24,223 - Tavern: [5C, 9C]
2025-01-04 22:50:24,223 - Castle: [KS, KD, KH, KC, QC, QS, QD]
2025-01-04 22:50:24,223 - Discard: [3C, JD, 8H, 9S, 9H, 4C, 8C, TH, 2S, 5D, JH, AC, 4S, 8D, 7D, AS, 7H, JC, 4H, 6S, AH, TS, 6C, 5S, 6H, 5H, TC, AD, 2D, 6D, JS, 2C, 7S, 2H]
2025-01-04 22:50:24,223 - Active Player: 1
2025-01-04 22:50:24,223 - STATE LOG: END
2025-01-04 22:50:24,243 - STATE LOG: BEGIN
2025-01-04 22:50:24,243 - Noah's Hand: [4D]
2025-01-04 22:50:24,243 - EVe's Hand: [3D, 7C, 9D, 5C]
2025-01-04 22:50:24,243 - Boss: Rank: 12 | Suit H | Attack 1 | Health 6
2025-01-04 22:50:24,243 - Tavern: []
2025-01-04 22:50:24,243 - Castle: [KS, KD, KH, KC, QC, QS, QD]
2025-01-04 22:50:24,243 - Discard: [3C, JD, 8H, 9S, 9H, 4C, 8C, TH, 2S, 5D, JH, AC, 4S, 8D, 7D, AS, 7H, JC, 4H, 6S, AH, TS, 6C, 5S, 6H, 5H, TC, AD, 2D, 6D, JS, 2C, 7S, 2H, 9C]
2025-01-04 22:50:24,243 - Active Player: 2
2025-01-04 22:50:24,243 - STATE LOG: END
2025-01-04 22:50:24,263 - STATE LOG: BEGIN
2025-01-04 22:50:24,263 - Noah's Hand: [4D]
2025-01-04 22:50:24,263 - EVe's Hand: [5C, 9D]
2025-01-04 22:50:24,263 - Boss: Rank: 12 | Suit H | Attack 1 | Health 3
2025-01-04 22:50:24,263 - Tavern: []
2025-01-04 22:50:24,263 - Castle: [KS, KD, KH, KC, QC, QS, QD]
2025-01-04 22:50:24,263 - Discard: [3C, JD, 8H, 9S, 9H, 4C, 8C, TH, 2S, 5D, JH, AC, 4S, 8D, 7D, AS, 7H, JC, 4H, 6S, AH, TS, 6C, 5S, 6H, 5H, TC, AD, 2D, 6D, JS, 2C, 7S, 2H, 9C, 7C]
2025-01-04 22:50:24,263 - Active Player: 1
2025-01-04 22:50:24,263 - STATE LOG: END
2025-01-04 22:50:24,266 - STATE LOG: BEGIN
2025-01-04 22:50:24,266 - Noah's Hand: []
2025-01-04 22:50:24,266 - EVe's Hand: [5C, 9D]
2025-01-04 22:50:24,266 - Boss: Rank: 12 | Suit D | Attack 15 | Health 30
2025-01-04 22:50:24,266 - Tavern: []
2025-01-04 22:50:24,266 - Castle: [KS, KD, KH, KC, QC, QS]
2025-01-04 22:50:24,266 - Discard: [3C, JD, 8H, 9S, 9H, 4C, 8C, TH, 2S, 5D, JH, AC, 4S, 8D, 7D, AS, 7H, JC, 4H, 6S, AH, TS, 6C, 5S, 6H, 5H, TC, AD, 2D, 6D, JS, 2C, 7S, 2H, 9C, 7C, 3H, 3S, TD, 4D, 8S, 3D, QH]
2025-01-04 22:50:24,266 - Active Player: 1
2025-01-04 22:50:24,266 - STATE LOG: END
2025-01-04 22:50:24,268 - STATE LOG: BEGIN
2025-01-04 22:50:24,268 - Noah's Hand: []
2025-01-04 22:50:24,268 - EVe's Hand: [5C, 9D]
2025-01-04 22:50:24,268 - Boss: Rank: 12 | Suit D | Attack 15 | Health 30
2025-01-04 22:50:24,268 - Tavern: []
2025-01-04 22:50:24,268 - Castle: [KS, KD, KH, KC, QC, QS]
2025-01-04 22:50:24,268 - Discard: [3C, JD, 8H, 9S, 9H, 4C, 8C, TH, 2S, 5D, JH, AC, 4S, 8D, 7D, AS, 7H, JC, 4H, 6S, AH, TS, 6C, 5S, 6H, 5H, TC, AD, 2D, 6D, JS, 2C, 7S, 2H, 9C, 7C, 3H, 3S, TD, 4D, 8S, 3D, QH]
2025-01-04 22:50:24,268 - Active Player: 2
2025-01-04 22:50:24,268 - STATE LOG: END
