2025-01-04 03:29:36,040 - I log states! :D
2025-01-04 03:29:36,040 - STATE LOG: BEGIN
2025-01-04 03:29:36,040 - Noah's Hand: [6S, 7H, AS, 7S, 2S, 9S, AC]
2025-01-04 03:29:36,040 - Eve's Hand: [7D, 9D, TH, 8S, 4C, 2D, TC]
2025-01-04 03:29:36,040 - Boss: Rank: 11 | Suit C | Attack 10 | Health 20
2025-01-04 03:29:36,040 - Tavern: [AD, 8H, 4S, 8D, 5D, 3D, 6D, 6C, 8C, 5S, 5C, 7C, AH, 4H, 4D, 9H, 3H, 2C, 3C, 5H, 6H, TD, TS, 9C, 3S, 2H]
2025-01-04 03:29:36,040 - Castle: [KS, KC, KH, KD, QS, QH, QC, QD, JD, JS, JH]
2025-01-04 03:29:36,040 - Discard: []
2025-01-04 03:29:36,040 - Active Player: 1
2025-01-04 03:29:36,040 - STATE LOG: END
2025-01-04 03:29:46,046 - STATE LOG: BEGIN
2025-01-04 03:29:46,047 - Noah's Hand: [AS, 2S, 6S, 7H, 7S]
2025-01-04 03:29:46,047 - Eve's Hand: [7D, 9D, TH, 8S, 4C, 2D, TC]
2025-01-04 03:29:46,047 - Boss: Rank: 11 | Suit C | Attack 0 | Health 10
2025-01-04 03:29:46,047 - Tavern: [AD, 8H, 4S, 8D, 5D, 3D, 6D, 6C, 8C, 5S, 5C, 7C, AH, 4H, 4D, 9H, 3H, 2C, 3C, 5H, 6H, TD, TS, 9C, 3S, 2H]
2025-01-04 03:29:46,047 - Castle: [KS, KC, KH, KD, QS, QH, QC, QD, JD, JS, JH]
2025-01-04 03:29:46,047 - Discard: []
2025-01-04 03:29:46,047 - Active Player: 2
2025-01-04 03:29:46,047 - STATE LOG: END
2025-01-04 03:29:56,047 - STATE LOG: BEGIN
2025-01-04 03:29:56,047 - Noah's Hand: [AS, 2S, 6S, 7H, 7S, 3S]
2025-01-04 03:29:56,048 - Eve's Hand: [4C, 7D, 8S, 9D, TC, TH, 2H]
2025-01-04 03:29:56,048 - Boss: Rank: 11 | Suit C | Attack 0 | Health 8
2025-01-04 03:29:56,048 - Tavern: [AD, 8H, 4S, 8D, 5D, 3D, 6D, 6C, 8C, 5S, 5C, 7C, AH, 4H, 4D, 9H, 3H, 2C, 3C, 5H, 6H, TD, TS, 9C]
2025-01-04 03:29:56,048 - Castle: [KS, KC, KH, KD, QS, QH, QC, QD, JD, JS, JH]
2025-01-04 03:29:56,048 - Discard: []
2025-01-04 03:29:56,048 - Active Player: 1
2025-01-04 03:29:56,048 - STATE LOG: END
2025-01-04 03:30:06,049 - STATE LOG: BEGIN
2025-01-04 03:30:06,049 - Noah's Hand: [AS, 2S, 3S, 6S, 7H, 7S]
2025-01-04 03:30:06,049 - Eve's Hand: [4C, 7D, 8S, 9D, TC, TH, 2H]
2025-01-04 03:30:06,049 - Boss: Rank: 11 | Suit C | Attack 0 | Health 8
2025-01-04 03:30:06,049 - Tavern: [AD, 8H, 4S, 8D, 5D, 3D, 6D, 6C, 8C, 5S, 5C, 7C, AH, 4H, 4D, 9H, 3H, 2C, 3C, 5H, 6H, TD, TS, 9C]
2025-01-04 03:30:06,049 - Castle: [KS, KC, KH, KD, QS, QH, QC, QD, JD, JS, JH]
2025-01-04 03:30:06,049 - Discard: []
2025-01-04 03:30:06,049 - Active Player: 2
2025-01-04 03:30:06,049 - STATE LOG: END
2025-01-04 03:30:14,428 - STATE LOG: BEGIN
2025-01-04 03:30:14,429 - Noah's Hand: [AS, 2S, 3S, 6S, 7H, 7S]
2025-01-04 03:30:14,429 - Eve's Hand: [4C, 7D, 8S, 9D, TC, TH]
2025-01-04 03:30:14,429 - Boss: Rank: 11 | Suit C | Attack 0 | Health 6
2025-01-04 03:30:14,429 - Tavern: [AD, 8H, 4S, 8D, 5D, 3D, 6D, 6C, 8C, 5S, 5C, 7C, AH, 4H, 4D, 9H, 3H, 2C, 3C, 5H, 6H, TD, TS, 9C]
2025-01-04 03:30:14,429 - Castle: [KS, KC, KH, KD, QS, QH, QC, QD, JD, JS, JH]
2025-01-04 03:30:14,429 - Discard: []
2025-01-04 03:30:14,429 - Active Player: 1
2025-01-04 03:30:14,429 - STATE LOG: END
2025-01-04 03:30:24,314 - STATE LOG: BEGIN
2025-01-04 03:30:24,314 - Noah's Hand: [AS, 3S, 6S, 7H, 7S]
2025-01-04 03:30:24,314 - Eve's Hand: [4C, 7D, 8S, 9D, TC, TH]
2025-01-04 03:30:24,314 - Boss: Rank: 11 | Suit C | Attack 0 | Health 4
2025-01-04 03:30:24,315 - Tavern: [AD, 8H, 4S, 8D, 5D, 3D, 6D, 6C, 8C, 5S, 5C, 7C, AH, 4H, 4D, 9H, 3H, 2C, 3C, 5H, 6H, TD, TS, 9C]
2025-01-04 03:30:24,315 - Castle: [KS, KC, KH, KD, QS, QH, QC, QD, JD, JS, JH]
2025-01-04 03:30:24,315 - Discard: []
2025-01-04 03:30:24,315 - Active Player: 2
2025-01-04 03:30:24,315 - STATE LOG: END
2025-01-04 03:30:34,316 - STATE LOG: BEGIN
2025-01-04 03:30:34,316 - Noah's Hand: [AS, 3S, 6S, 7H, 7S]
2025-01-04 03:30:34,316 - Eve's Hand: [4C, 7D, 8S, 9D, TC, TH]
2025-01-04 03:30:34,316 - Boss: Rank: 11 | Suit C | Attack 0 | Health 4
2025-01-04 03:30:34,316 - Tavern: [AD, 8H, 4S, 8D, 5D, 3D, 6D, 6C, 8C, 5S, 5C, 7C, AH, 4H, 4D, 9H, 3H, 2C, 3C, 5H, 6H, TD, TS, 9C]
2025-01-04 03:30:34,316 - Castle: [KS, KC, KH, KD, QS, QH, QC, QD, JD, JS, JH]
2025-01-04 03:30:34,316 - Discard: []
2025-01-04 03:30:34,316 - Active Player: 1
2025-01-04 03:30:34,316 - STATE LOG: END
2025-01-04 03:30:39,107 - STATE LOG: BEGIN
2025-01-04 03:30:39,108 - Noah's Hand: [AS, 6S, 7H, 7S]
2025-01-04 03:30:39,108 - Eve's Hand: [4C, 7D, 8S, 9D, TC, TH]
2025-01-04 03:30:39,108 - Boss: Rank: 11 | Suit C | Attack 0 | Health 1
2025-01-04 03:30:39,108 - Tavern: [AD, 8H, 4S, 8D, 5D, 3D, 6D, 6C, 8C, 5S, 5C, 7C, AH, 4H, 4D, 9H, 3H, 2C, 3C, 5H, 6H, TD, TS, 9C]
2025-01-04 03:30:39,108 - Castle: [KS, KC, KH, KD, QS, QH, QC, QD, JD, JS, JH]
2025-01-04 03:30:39,108 - Discard: []
2025-01-04 03:30:39,108 - Active Player: 2
2025-01-04 03:30:39,108 - STATE LOG: END
2025-01-04 03:30:43,978 - STATE LOG: BEGIN
2025-01-04 03:30:43,979 - Noah's Hand: [AS, 6S, 7H, 7S]
2025-01-04 03:30:43,979 - Eve's Hand: [4C, 7D, 9D, TC, TH]
2025-01-04 03:30:43,979 - Boss: Rank: 11 | Suit H | Attack 10 | Health 20
2025-01-04 03:30:43,979 - Tavern: [AD, 8H, 4S, 8D, 5D, 3D, 6D, 6C, 8C, 5S, 5C, 7C, AH, 4H, 4D, 9H, 3H, 2C, 3C, 5H, 6H, TD, TS, 9C]
2025-01-04 03:30:43,979 - Castle: [KS, KC, KH, KD, QS, QH, QC, QD, JD, JS]
2025-01-04 03:30:43,979 - Discard: [AC, 9S, 2S, 3S, 2D, 2H, 8S, JC]
2025-01-04 03:30:43,979 - Active Player: 2
2025-01-04 03:30:43,979 - STATE LOG: END
2025-01-04 03:30:50,319 - STATE LOG: BEGIN
2025-01-04 03:30:50,319 - Noah's Hand: [AS, 6S, 7H, 7S]
2025-01-04 03:30:50,319 - Eve's Hand: [7D, 9D, TC]
2025-01-04 03:30:50,319 - Boss: Rank: 11 | Suit H | Attack 10 | Health 12
2025-01-04 03:30:50,319 - Tavern: [AD, 8H, 4S, 8D, 5D, 3D, 6D, 6C, 8C, 5S, 5C, 7C, AH, 4H, 4D, 9H, 3H, 2C, 3C, 5H, 6H, TD, TS, 9C]
2025-01-04 03:30:50,319 - Castle: [KS, KC, KH, KD, QS, QH, QC, QD, JD, JS]
2025-01-04 03:30:50,319 - Discard: [AC, 9S, 2S, 3S, 2D, 2H, 8S, JC, TH]
2025-01-04 03:30:50,319 - Active Player: 1
2025-01-04 03:30:50,319 - STATE LOG: END
2025-01-04 03:30:53,764 - STATE LOG: BEGIN
2025-01-04 03:30:53,764 - Noah's Hand: [AS, 7H]
2025-01-04 03:30:53,764 - Eve's Hand: [7D, 9D, TC]
2025-01-04 03:30:53,764 - Boss: Rank: 11 | Suit H | Attack 4 | Health 6
2025-01-04 03:30:53,764 - Tavern: [AD, 8H, 4S, 8D, 5D, 3D, 6D, 6C, 8C, 5S, 5C, 7C, AH, 4H, 4D, 9H, 3H, 2C, 3C, 5H, 6H, TD, TS, 9C]
2025-01-04 03:30:53,764 - Castle: [KS, KC, KH, KD, QS, QH, QC, QD, JD, JS]
2025-01-04 03:30:53,764 - Discard: [AC, 9S, 2S, 3S, 2D, 2H, 8S, JC, TH, 7S]
2025-01-04 03:30:53,764 - Active Player: 2
2025-01-04 03:30:53,764 - STATE LOG: END
2025-01-04 03:30:56,170 - STATE LOG: BEGIN
2025-01-04 03:30:56,170 - Noah's Hand: [AS, 7H, TS, 6H, 3C, 3H]
2025-01-04 03:30:56,170 - Eve's Hand: [7D, TC, 9C, TD, 5H, 2C, 9H]
2025-01-04 03:30:56,170 - Boss: Rank: 11 | Suit S | Attack 10 | Health 20
2025-01-04 03:30:56,170 - Tavern: [AD, 8H, 4S, 8D, 5D, 3D, 6D, 6C, 8C, 5S, 5C, 7C, AH, 4H, 4D]
2025-01-04 03:30:56,170 - Castle: [KS, KC, KH, KD, QS, QH, QC, QD, JD]
2025-01-04 03:30:56,170 - Discard: [AC, 9S, 2S, 3S, 2D, 2H, 8S, JC, TH, 7S, 6S, 4C, 9D, JH]
2025-01-04 03:30:56,170 - Active Player: 2
2025-01-04 03:30:56,171 - STATE LOG: END
2025-01-04 03:31:06,172 - STATE LOG: BEGIN
2025-01-04 03:31:06,172 - Noah's Hand: [AS, 7H, TS, 6H, 3C, 3H, 4H]
2025-01-04 03:31:06,172 - Eve's Hand: [2C, 5H, 7D, 9C, 9H]
2025-01-04 03:31:06,172 - Boss: Rank: 11 | Suit S | Attack 10 | Health 10
2025-01-04 03:31:06,172 - Tavern: [AD, 8H, 4S, 8D, 5D, 3D, 6D, 6C, 8C, 5S, 5C, 7C, AH]
2025-01-04 03:31:06,172 - Castle: [KS, KC, KH, KD, QS, QH, QC, QD, JD]
2025-01-04 03:31:06,172 - Discard: [AC, 9S, 2S, 3S, 2D, 2H, 8S, JC, TH, 7S, 6S, 4C, 9D, JH, 4D, TC]
2025-01-04 03:31:06,172 - Active Player: 1
2025-01-04 03:31:06,172 - STATE LOG: END
2025-01-04 03:31:14,080 - STATE LOG: BEGIN
2025-01-04 03:31:14,080 - Noah's Hand: [AS, 3C, 3H, 4H, 6H, 7H]
2025-01-04 03:31:14,080 - Eve's Hand: [2C, 5H, 7D, 9C, 9H]
2025-01-04 03:31:14,080 - Boss: Rank: 11 | Suit S | Attack 10 | Health 10
2025-01-04 03:31:14,080 - Tavern: [AD, 8H, 4S, 8D, 5D, 3D, 6D, 6C, 8C, 5S, 5C, 7C, AH]
2025-01-04 03:31:14,080 - Castle: [KS, KC, KH, KD, QS, QH, QC, QD, JD]
2025-01-04 03:31:14,080 - Discard: [AC, 9S, 2S, 3S, 2D, 2H, 8S, JC, TH, 7S, 6S, 4C, 9D, JH, 4D, TC, TS]
2025-01-04 03:31:14,080 - Active Player: 2
2025-01-04 03:31:14,080 - STATE LOG: END
2025-01-04 03:31:16,388 - STATE LOG: BEGIN
2025-01-04 03:31:16,388 - Noah's Hand: [AS, 3C, 3H, 4H, 6H, 7H, 7C]
2025-01-04 03:31:16,388 - Eve's Hand: [2C, 5H, 9C, 9H, AH]
2025-01-04 03:31:16,388 - Boss: Rank: 11 | Suit S | Attack 10 | Health 3
2025-01-04 03:31:16,388 - Tavern: [AD, 8H, 4S, 8D, 5D, 3D, 6D, 6C, 8C]
2025-01-04 03:31:16,388 - Castle: [KS, KC, KH, KD, QS, QH, QC, QD, JD]
2025-01-04 03:31:16,388 - Discard: [AC, 9S, 2S, 3S, 2D, 2H, 8S, JC, TH, 7S, 6S, 4C, 9D, JH, 4D, TC, TS, 5S, 5C]
2025-01-04 03:31:16,388 - Active Player: 1
2025-01-04 03:31:16,388 - STATE LOG: END
2025-01-04 03:31:24,344 - STATE LOG: BEGIN
2025-01-04 03:31:24,345 - Noah's Hand: [AS, 3C, 4H, 6H, 7C, 7H]
2025-01-04 03:31:24,345 - Eve's Hand: [2C, 5H, 9C, 9H, AH]
2025-01-04 03:31:24,345 - Boss: Rank: 11 | Suit D | Attack 10 | Health 20
2025-01-04 03:31:24,345 - Tavern: [6S, 3S, 4D, AD, 8H, 4S, 8D, 5D, 3D, 6D, 6C, 8C]
2025-01-04 03:31:24,346 - Castle: [KS, KC, KH, KD, QS, QH, QC, QD]
2025-01-04 03:31:24,346 - Discard: [2D, 8S, 2S, 9S, 5S, TH, AC, 4C, TC, 7S, JH, 9D, 2H, TS, JC, 5C, 3H, TD, 7D]
2025-01-04 03:31:24,346 - Active Player: 1
2025-01-04 03:31:24,346 - STATE LOG: END
2025-01-04 03:31:26,422 - STATE LOG: BEGIN
2025-01-04 03:31:26,422 - Noah's Hand: [3C, 4H, 6H]
2025-01-04 03:31:26,423 - Eve's Hand: [2C, 5H, 9C, 9H, AH]
2025-01-04 03:31:26,423 - Boss: Rank: 11 | Suit D | Attack 2 | Health 12
2025-01-04 03:31:26,423 - Tavern: [7S, JH, TH, 2S, 5C, 8S, 2H, 9D, 6S, 3S, 4D, AD, 8H, 4S, 8D, 5D, 3D, 6D, 6C, 8C]
2025-01-04 03:31:26,423 - Castle: [KS, KC, KH, KD, QS, QH, QC, QD]
2025-01-04 03:31:26,423 - Discard: [4C, TS, 5S, AC, 2D, TD, JC, 3H, 7D, TC, 9S, 7C]
2025-01-04 03:31:26,423 - Active Player: 2
2025-01-04 03:31:26,423 - STATE LOG: END
2025-01-04 03:31:27,018 - STATE LOG: BEGIN
2025-01-04 03:31:27,018 - Noah's Hand: [3C, 4H, 6H]
2025-01-04 03:31:27,018 - Eve's Hand: [2C, 9C]
2025-01-04 03:31:27,018 - Boss: Rank: 11 | Suit D | Attack 2 | Health 6
2025-01-04 03:31:27,018 - Tavern: [7D, 7C, JC, 9S, AC, 5S, 7S, JH, TH, 2S, 5C, 8S, 2H, 9D, 6S, 3S, 4D, AD, 8H, 4S, 8D, 5D, 3D, 6D, 6C, 8C]
2025-01-04 03:31:27,018 - Castle: [KS, KC, KH, KD, QS, QH, QC, QD]
2025-01-04 03:31:27,018 - Discard: [3H, TD, 4C, TC, 2D, TS, 9H]
2025-01-04 03:31:27,018 - Active Player: 1
2025-01-04 03:31:27,018 - STATE LOG: END
2025-01-04 03:31:27,044 - STATE LOG: BEGIN
2025-01-04 03:31:27,044 - Noah's Hand: [3C]
2025-01-04 03:31:27,044 - Eve's Hand: [2C, 9C]
2025-01-04 03:31:27,044 - Boss: Rank: 11 | Suit D | Attack 2 | Health 2
2025-01-04 03:31:27,044 - Tavern: [3H, TS, 9H, 4C, 7D, 7C, JC, 9S, AC, 5S, 7S, JH, TH, 2S, 5C, 8S, 2H, 9D, 6S, 3S, 4D, AD, 8H, 4S, 8D, 5D, 3D, 6D, 6C, 8C]
2025-01-04 03:31:27,044 - Castle: [KS, KC, KH, KD, QS, QH, QC, QD]
2025-01-04 03:31:27,044 - Discard: [TC, TD, 2D, 6H]
2025-01-04 03:31:27,044 - Active Player: 2
2025-01-04 03:31:27,044 - STATE LOG: END
2025-01-04 03:31:27,056 - STATE LOG: BEGIN
2025-01-04 03:31:27,056 - Noah's Hand: [3C]
2025-01-04 03:31:27,056 - Eve's Hand: [2C]
2025-01-04 03:31:27,056 - Boss: Rank: 11 | Suit D | Attack 2 | Health 2
2025-01-04 03:31:27,056 - Tavern: [3H, TS, 9H, 4C, 7D, 7C, JC, 9S, AC, 5S, 7S, JH, TH, 2S, 5C, 8S, 2H, 9D, 6S, 3S, 4D, AD, 8H, 4S, 8D, 5D, 3D, 6D, 6C, 8C]
2025-01-04 03:31:27,056 - Castle: [KS, KC, KH, KD, QS, QH, QC, QD]
2025-01-04 03:31:27,056 - Discard: [TC, TD, 2D, 6H, 9C]
2025-01-04 03:31:27,056 - Active Player: 1
2025-01-04 03:31:27,056 - STATE LOG: END
2025-01-04 03:31:27,061 - STATE LOG: BEGIN
2025-01-04 03:31:27,061 - Noah's Hand: []
2025-01-04 03:31:27,061 - Eve's Hand: [2C]
2025-01-04 03:31:27,061 - Boss: Rank: 12 | Suit D | Attack 15 | Health 30
2025-01-04 03:31:27,061 - Tavern: [3H, TS, 9H, 4C, 7D, 7C, JC, 9S, AC, 5S, 7S, JH, TH, 2S, 5C, 8S, 2H, 9D, 6S, 3S, 4D, AD, 8H, 4S, 8D, 5D, 3D, 6D, 6C, 8C]
2025-01-04 03:31:27,061 - Castle: [KS, KC, KH, KD, QS, QH, QC]
2025-01-04 03:31:27,061 - Discard: [TC, TD, 2D, 6H, 9C, AS, 7H, 4H, 3C, AH, 5H, JD]
2025-01-04 03:31:27,061 - Active Player: 1
2025-01-04 03:31:27,061 - STATE LOG: END
2025-01-04 03:31:27,064 - STATE LOG: BEGIN
2025-01-04 03:31:27,064 - Noah's Hand: []
2025-01-04 03:31:27,064 - Eve's Hand: [2C]
2025-01-04 03:31:27,064 - Boss: Rank: 12 | Suit D | Attack 15 | Health 30
2025-01-04 03:31:27,064 - Tavern: [3H, TS, 9H, 4C, 7D, 7C, JC, 9S, AC, 5S, 7S, JH, TH, 2S, 5C, 8S, 2H, 9D, 6S, 3S, 4D, AD, 8H, 4S, 8D, 5D, 3D, 6D, 6C, 8C]
2025-01-04 03:31:27,064 - Castle: [KS, KC, KH, KD, QS, QH, QC]
2025-01-04 03:31:27,064 - Discard: [TC, TD, 2D, 6H, 9C, AS, 7H, 4H, 3C, AH, 5H, JD]
2025-01-04 03:31:27,064 - Active Player: 2
2025-01-04 03:31:27,064 - STATE LOG: END
