2025-01-04 21:29:04,511 - I log states! :D
2025-01-04 21:29:04,511 - STATE LOG: BEGIN
2025-01-04 21:29:04,511 - Noah's Hand: [2D, 4C, TD, AC, 4D, 8S, 5S]
2025-01-04 21:29:04,511 - Eve's Hand: [9C, 7D, 3H, 5H, 8C, 6C, 6S]
2025-01-04 21:29:04,511 - Boss: Rank: 11 | Suit S | Attack 10 | Health 20
2025-01-04 21:29:04,511 - Tavern: [TC, 7H, TS, 2H, 9H, 6D, 4H, 4S, 3S, 8H, 2C, 7S, AS, 8D, 3C, 2S, 6H, TH, 7C, 5D, 9S, 3D, 5C, 9D, AD, AH]
2025-01-04 21:29:04,512 - Castle: [KH, KC, KS, KD, QS, QD, QH, QC, JH, JD, JC]
2025-01-04 21:29:04,512 - Discard: []
2025-01-04 21:29:04,512 - Active Player: 1
2025-01-04 21:29:04,512 - STATE LOG: END
2025-01-04 21:29:04,681 - STATE LOG: BEGIN
2025-01-04 21:29:04,681 - Noah's Hand: [4D, 5S, TD, AH, AD]
2025-01-04 21:29:04,681 - Eve's Hand: [9C, 7D, 3H, 5H, 8C, 6C, 6S]
2025-01-04 21:29:04,681 - Boss: Rank: 11 | Suit S | Attack 10 | Health 14
2025-01-04 21:29:04,681 - Tavern: [TC, 7H, TS, 2H, 9H, 6D, 4H, 4S, 3S, 8H, 2C, 7S, AS, 8D, 3C, 2S, 6H, TH, 7C, 5D, 9S, 3D, 5C, 9D]
2025-01-04 21:29:04,681 - Castle: [KH, KC, KS, KD, QS, QD, QH, QC, JH, JD, JC]
2025-01-04 21:29:04,681 - Discard: [8S, 4C]
2025-01-04 21:29:04,681 - Active Player: 2
2025-01-04 21:29:04,681 - STATE LOG: END
2025-01-04 21:29:04,854 - STATE LOG: BEGIN
2025-01-04 21:29:04,854 - Noah's Hand: [4D, 5S, TD, AH, AD, 5C, 3D]
2025-01-04 21:29:04,854 - Eve's Hand: [6S, 8C, 9C, 9D]
2025-01-04 21:29:04,854 - Boss: Rank: 11 | Suit S | Attack 10 | Health 7
2025-01-04 21:29:04,854 - Tavern: [TC, 7H, TS, 2H, 9H, 6D, 4H, 4S, 3S, 8H, 2C, 7S, AS, 8D, 3C, 2S, 6H, TH, 7C, 5D, 9S]
2025-01-04 21:29:04,854 - Castle: [KH, KC, KS, KD, QS, QD, QH, QC, JH, JD, JC]
2025-01-04 21:29:04,854 - Discard: [8S, 4C, 6C, 3H, 5H]
2025-01-04 21:29:04,854 - Active Player: 1
2025-01-04 21:29:04,854 - STATE LOG: END
2025-01-04 21:29:05,009 - STATE LOG: BEGIN
2025-01-04 21:29:05,009 - Noah's Hand: [AD, AH, 4D, 5S, TD]
2025-01-04 21:29:05,010 - Eve's Hand: [6S, 8C, 9C, 9D, 5D, 7C]
2025-01-04 21:29:05,010 - Boss: Rank: 11 | Suit S | Attack 10 | Health 4
2025-01-04 21:29:05,010 - Tavern: [TC, 7H, TS, 2H, 9H, 6D, 4H, 4S, 3S, 8H, 2C, 7S, AS, 8D, 3C, 2S, 6H, TH]
2025-01-04 21:29:05,010 - Castle: [KH, KC, KS, KD, QS, QD, QH, QC, JH, JD, JC]
2025-01-04 21:29:05,010 - Discard: [8S, 4C, 6C, 3H, 5H, 9S, 5C]
2025-01-04 21:29:05,010 - Active Player: 2
2025-01-04 21:29:05,010 - STATE LOG: END
2025-01-04 21:29:05,174 - STATE LOG: BEGIN
2025-01-04 21:29:05,174 - Noah's Hand: [AD, AH, 4D, 5S, TD, 6H, 3C]
2025-01-04 21:29:05,174 - Eve's Hand: [5D, 6S, 7C, 8C, 9C, TH, 2S]
2025-01-04 21:29:05,174 - Boss: Rank: 11 | Suit C | Attack 10 | Health 20
2025-01-04 21:29:05,174 - Tavern: [TC, 7H, TS, 2H, 9H, 6D, 4H, 4S, 3S, 8H, 2C, 7S, AS, 8D]
2025-01-04 21:29:05,174 - Castle: [KH, KC, KS, KD, QS, QD, QH, QC, JH, JD]
2025-01-04 21:29:05,174 - Discard: [8S, 4C, 6C, 3H, 5H, 9S, 5C, AC, 2D, 3D, 7D, 9D, JS]
2025-01-04 21:29:05,174 - Active Player: 2
2025-01-04 21:29:05,174 - STATE LOG: END
2025-01-04 21:29:05,336 - STATE LOG: BEGIN
2025-01-04 21:29:05,336 - Noah's Hand: [AD, AH, 4D, 5S, TD, 6H, 3C]
2025-01-04 21:29:05,336 - Eve's Hand: [2S, 5D, 6S, 7C, 8C, 9C]
2025-01-04 21:29:05,336 - Boss: Rank: 11 | Suit C | Attack 10 | Health 20
2025-01-04 21:29:05,336 - Tavern: [TC, 7H, TS, 2H, 9H, 6D, 4H, 4S, 3S, 8H, 2C, 7S, AS, 8D]
2025-01-04 21:29:05,336 - Castle: [KH, KC, KS, KD, QS, QD, QH, QC, JH, JD]
2025-01-04 21:29:05,336 - Discard: [8S, 4C, 6C, 3H, 5H, 9S, 5C, AC, 2D, 3D, 7D, 9D, JS, TH]
2025-01-04 21:29:05,336 - Active Player: 1
2025-01-04 21:29:05,336 - STATE LOG: END
2025-01-04 21:29:05,487 - STATE LOG: BEGIN
2025-01-04 21:29:05,487 - Noah's Hand: [AD, TD, 8D]
2025-01-04 21:29:05,487 - Eve's Hand: [2S, 5D, 6S, 7C, 8C, 9C, AS]
2025-01-04 21:29:05,487 - Boss: Rank: 11 | Suit C | Attack 10 | Health 16
2025-01-04 21:29:05,487 - Tavern: [TC, 7H, TS, 2H, 9H, 6D, 4H, 4S, 3S, 8H, 2C, 7S]
2025-01-04 21:29:05,487 - Castle: [KH, KC, KS, KD, QS, QD, QH, QC, JH, JD]
2025-01-04 21:29:05,487 - Discard: [8S, 4C, 6C, 3H, 5H, 9S, 5C, AC, 2D, 3D, 7D, 9D, JS, TH, 3C, 5S, AH, 6H]
2025-01-04 21:29:05,487 - Active Player: 2
2025-01-04 21:29:05,487 - STATE LOG: END
2025-01-04 21:29:05,615 - STATE LOG: BEGIN
2025-01-04 21:29:05,615 - Noah's Hand: [AD, TD, 8D]
2025-01-04 21:29:05,616 - Eve's Hand: [5D, 6S, 7C, 9C]
2025-01-04 21:29:05,616 - Boss: Rank: 11 | Suit C | Attack 10 | Health 16
2025-01-04 21:29:05,616 - Tavern: [TC, 7H, TS, 2H, 9H, 6D, 4H, 4S, 3S, 8H, 2C, 7S]
2025-01-04 21:29:05,616 - Castle: [KH, KC, KS, KD, QS, QD, QH, QC, JH, JD]
2025-01-04 21:29:05,616 - Discard: [8S, 4C, 6C, 3H, 5H, 9S, 5C, AC, 2D, 3D, 7D, 9D, JS, TH, 3C, 5S, AH, 6H, 8C, AS, 2S]
2025-01-04 21:29:05,616 - Active Player: 1
2025-01-04 21:29:05,616 - STATE LOG: END
2025-01-04 21:29:05,755 - STATE LOG: BEGIN
2025-01-04 21:29:05,755 - Noah's Hand: [AD, TD, 7S, 4S, 6D]
2025-01-04 21:29:05,755 - Eve's Hand: [5D, 6S, 7C, 9C, 2C, 3S, 4H]
2025-01-04 21:29:05,755 - Boss: Rank: 11 | Suit C | Attack 10 | Health 8
2025-01-04 21:29:05,755 - Tavern: [TC, 7H, TS, 2H]
2025-01-04 21:29:05,755 - Castle: [KH, KC, KS, KD, QS, QD, QH, QC, JH, JD]
2025-01-04 21:29:05,755 - Discard: [8S, 4C, 6C, 3H, 5H, 9S, 5C, AC, 2D, 3D, 7D, 9D, JS, TH, 3C, 5S, AH, 6H, 8C, AS, 2S, 8H, 9H]
2025-01-04 21:29:05,755 - Active Player: 2
2025-01-04 21:29:05,755 - STATE LOG: END
2025-01-04 21:29:05,867 - STATE LOG: BEGIN
2025-01-04 21:29:05,867 - Noah's Hand: [AD, TD, 7S, 4S, 6D]
2025-01-04 21:29:05,867 - Eve's Hand: [2C, 5D, 6S, 9C]
2025-01-04 21:29:05,867 - Boss: Rank: 11 | Suit C | Attack 10 | Health 4
2025-01-04 21:29:05,867 - Tavern: [5S, AC, AH, 4C, TC, 7H, TS, 2H]
2025-01-04 21:29:05,867 - Castle: [KH, KC, KS, KD, QS, QD, QH, QC, JH, JD]
2025-01-04 21:29:05,867 - Discard: [8H, 7D, 8C, 3C, 5C, AS, 9H, TH, 2D, 8S, 3D, 3H, 9S, 6H, JS, 9D, 6C, 5H, 2S, 7C, 3S]
2025-01-04 21:29:05,867 - Active Player: 1
2025-01-04 21:29:05,867 - STATE LOG: END
2025-01-04 21:29:06,002 - STATE LOG: BEGIN
2025-01-04 21:29:06,002 - Noah's Hand: [AD, 4S, 6D, 7S, 2H, 7H, 4C]
2025-01-04 21:29:06,002 - Eve's Hand: [2C, 5D, 6S, 9C, TS, TC, AH]
2025-01-04 21:29:06,002 - Boss: Rank: 11 | Suit D | Attack 10 | Health 20
2025-01-04 21:29:06,002 - Tavern: [5S, AC]
2025-01-04 21:29:06,002 - Castle: [KH, KC, KS, KD, QS, QD, QH, QC, JH]
2025-01-04 21:29:06,002 - Discard: [8H, 7D, 8C, 3C, 5C, AS, 9H, TH, 2D, 8S, 3D, 3H, 9S, 6H, JS, 9D, 6C, 5H, 2S, 7C, 3S, 4D, 8D, TD, 4H, JC]
2025-01-04 21:29:06,002 - Active Player: 1
2025-01-04 21:29:06,002 - STATE LOG: END
2025-01-04 21:29:06,165 - STATE LOG: BEGIN
2025-01-04 21:29:06,165 - Noah's Hand: [AD, 2H, 4C, 6D, 7H]
2025-01-04 21:29:06,165 - Eve's Hand: [2C, 5D, 6S, 9C, TS, TC, AH]
2025-01-04 21:29:06,165 - Boss: Rank: 11 | Suit D | Attack 3 | Health 13
2025-01-04 21:29:06,165 - Tavern: [5S, AC]
2025-01-04 21:29:06,165 - Castle: [KH, KC, KS, KD, QS, QD, QH, QC, JH]
2025-01-04 21:29:06,165 - Discard: [8H, 7D, 8C, 3C, 5C, AS, 9H, TH, 2D, 8S, 3D, 3H, 9S, 6H, JS, 9D, 6C, 5H, 2S, 7C, 3S, 4D, 8D, TD, 4H, JC, 4S]
2025-01-04 21:29:06,165 - Active Player: 2
2025-01-04 21:29:06,165 - STATE LOG: END
2025-01-04 21:29:06,294 - STATE LOG: BEGIN
2025-01-04 21:29:06,294 - Noah's Hand: [AD, 2H, 4C, 6D, 7H]
2025-01-04 21:29:06,294 - Eve's Hand: [2C, 5D, 6S, 9C, TS]
2025-01-04 21:29:06,294 - Boss: Rank: 11 | Suit H | Attack 10 | Health 20
2025-01-04 21:29:06,294 - Tavern: [5C, TD, 9S, 7D, 9D, 2S, 3S, AS, 9H, 8C, 4S, 5S, AC]
2025-01-04 21:29:06,294 - Castle: [KH, KC, KS, KD, QS, QD, QH, QC]
2025-01-04 21:29:06,294 - Discard: [6H, 3H, 4D, JC, 3C, 8H, 5H, 6C, 3D, JS, 2D, TH, 8S, 8D, 7C, 4H, 7S, AH, TC, JD]
2025-01-04 21:29:06,294 - Active Player: 2
2025-01-04 21:29:06,294 - STATE LOG: END
2025-01-04 21:29:06,462 - STATE LOG: BEGIN
2025-01-04 21:29:06,462 - Noah's Hand: [AD, 2H, 4C, 6D, 7H]
2025-01-04 21:29:06,462 - Eve's Hand: [2C, 5D, 6S, 9C]
2025-01-04 21:29:06,462 - Boss: Rank: 11 | Suit H | Attack 0 | Health 10
2025-01-04 21:29:06,462 - Tavern: [5C, TD, 9S, 7D, 9D, 2S, 3S, AS, 9H, 8C, 4S, 5S, AC]
2025-01-04 21:29:06,462 - Castle: [KH, KC, KS, KD, QS, QD, QH, QC]
2025-01-04 21:29:06,462 - Discard: [6H, 3H, 4D, JC, 3C, 8H, 5H, 6C, 3D, JS, 2D, TH, 8S, 8D, 7C, 4H, 7S, AH, TC, JD]
2025-01-04 21:29:06,462 - Active Player: 1
2025-01-04 21:29:06,462 - STATE LOG: END
2025-01-04 21:29:06,628 - STATE LOG: BEGIN
2025-01-04 21:29:06,628 - Noah's Hand: [AD, 2H, 4C, 7H, AC, 4S, 9H]
2025-01-04 21:29:06,628 - Eve's Hand: [2C, 5D, 6S, 9C, 5S, 8C, AS]
2025-01-04 21:29:06,628 - Boss: Rank: 11 | Suit H | Attack 0 | Health 4
2025-01-04 21:29:06,628 - Tavern: [5C, TD, 9S, 7D, 9D, 2S, 3S]
2025-01-04 21:29:06,628 - Castle: [KH, KC, KS, KD, QS, QD, QH, QC]
2025-01-04 21:29:06,628 - Discard: [6H, 3H, 4D, JC, 3C, 8H, 5H, 6C, 3D, JS, 2D, TH, 8S, 8D, 7C, 4H, 7S, AH, TC, JD]
2025-01-04 21:29:06,628 - Active Player: 2
2025-01-04 21:29:06,628 - STATE LOG: END
2025-01-04 21:29:06,818 - STATE LOG: BEGIN
2025-01-04 21:29:06,818 - Noah's Hand: [AD, 2H, 4C, 7H, AC, 4S, 9H]
2025-01-04 21:29:06,818 - Eve's Hand: [AS, 2C, 5D, 5S, 6S, 8C, 9C]
2025-01-04 21:29:06,818 - Boss: Rank: 11 | Suit H | Attack 0 | Health 4
2025-01-04 21:29:06,818 - Tavern: [5C, TD, 9S, 7D, 9D, 2S, 3S]
2025-01-04 21:29:06,818 - Castle: [KH, KC, KS, KD, QS, QD, QH, QC]
2025-01-04 21:29:06,818 - Discard: [6H, 3H, 4D, JC, 3C, 8H, 5H, 6C, 3D, JS, 2D, TH, 8S, 8D, 7C, 4H, 7S, AH, TC, JD]
2025-01-04 21:29:06,818 - Active Player: 1
2025-01-04 21:29:06,818 - STATE LOG: END
2025-01-04 21:29:07,026 - STATE LOG: BEGIN
2025-01-04 21:29:07,026 - Noah's Hand: [AC, 4C, 4S, 7H, 9H, 3S, 2S]
2025-01-04 21:29:07,027 - Eve's Hand: [AS, 2C, 5D, 5S, 6S, 8C, 9C]
2025-01-04 21:29:07,027 - Boss: Rank: 11 | Suit H | Attack 0 | Health 1
2025-01-04 21:29:07,027 - Tavern: [5C, TD, 9S, 7D, 9D]
2025-01-04 21:29:07,027 - Castle: [KH, KC, KS, KD, QS, QD, QH, QC]
2025-01-04 21:29:07,027 - Discard: [6H, 3H, 4D, JC, 3C, 8H, 5H, 6C, 3D, JS, 2D, TH, 8S, 8D, 7C, 4H, 7S, AH, TC, JD]
2025-01-04 21:29:07,027 - Active Player: 2
2025-01-04 21:29:07,027 - STATE LOG: END
2025-01-04 21:29:07,188 - STATE LOG: BEGIN
2025-01-04 21:29:07,189 - Noah's Hand: [AC, 4C, 4S, 7H, 9H, 3S, 2S]
2025-01-04 21:29:07,189 - Eve's Hand: [AS, 2C, 5S, 6S, 8C, 9C, 9D]
2025-01-04 21:29:07,189 - Boss: Rank: 12 | Suit C | Attack 15 | Health 30
2025-01-04 21:29:07,189 - Tavern: [5C, TD, 9S, 7D]
2025-01-04 21:29:07,189 - Castle: [KH, KC, KS, KD, QS, QD, QH]
2025-01-04 21:29:07,189 - Discard: [6H, 3H, 4D, JC, 3C, 8H, 5H, 6C, 3D, JS, 2D, TH, 8S, 8D, 7C, 4H, 7S, AH, TC, JD, 6D, AD, 2H, TS, 5D, JH]
2025-01-04 21:29:07,189 - Active Player: 2
2025-01-04 21:29:07,189 - STATE LOG: END
2025-01-04 21:29:07,357 - STATE LOG: BEGIN
2025-01-04 21:29:07,357 - Noah's Hand: [AC, 4C, 4S, 7H, 9H, 3S, 2S]
2025-01-04 21:29:07,357 - Eve's Hand: [5S, 6S, 9D]
2025-01-04 21:29:07,357 - Boss: Rank: 12 | Suit C | Attack 5 | Health 20
2025-01-04 21:29:07,358 - Tavern: [5C, TD, 9S, 7D]
2025-01-04 21:29:07,358 - Castle: [KH, KC, KS, KD, QS, QD, QH]
2025-01-04 21:29:07,358 - Discard: [6H, 3H, 4D, JC, 3C, 8H, 5H, 6C, 3D, JS, 2D, TH, 8S, 8D, 7C, 4H, 7S, AH, TC, JD, 6D, AD, 2H, TS, 5D, JH, 2C, 8C]
2025-01-04 21:29:07,358 - Active Player: 1
2025-01-04 21:29:07,358 - STATE LOG: END
2025-01-04 21:29:07,492 - STATE LOG: BEGIN
2025-01-04 21:29:07,492 - Noah's Hand: [AC, 2S, 4C, 7H, 9H]
2025-01-04 21:29:07,492 - Eve's Hand: [5S, 6S, 9D]
2025-01-04 21:29:07,492 - Boss: Rank: 12 | Suit C | Attack 1 | Health 16
2025-01-04 21:29:07,492 - Tavern: [5C, TD, 9S, 7D]
2025-01-04 21:29:07,492 - Castle: [KH, KC, KS, KD, QS, QD, QH]
2025-01-04 21:29:07,492 - Discard: [6H, 3H, 4D, JC, 3C, 8H, 5H, 6C, 3D, JS, 2D, TH, 8S, 8D, 7C, 4H, 7S, AH, TC, JD, 6D, AD, 2H, TS, 5D, JH, 2C, 8C, 3S]
2025-01-04 21:29:07,492 - Active Player: 2
2025-01-04 21:29:07,492 - STATE LOG: END
2025-01-04 21:29:07,641 - STATE LOG: BEGIN
2025-01-04 21:29:07,642 - Noah's Hand: [AC, 2S, 4C, 7H, 9H]
2025-01-04 21:29:07,642 - Eve's Hand: [6S, 9D]
2025-01-04 21:29:07,642 - Boss: Rank: 12 | Suit C | Attack 1 | Health 16
2025-01-04 21:29:07,642 - Tavern: [5C, TD, 9S, 7D]
2025-01-04 21:29:07,642 - Castle: [KH, KC, KS, KD, QS, QD, QH]
2025-01-04 21:29:07,642 - Discard: [6H, 3H, 4D, JC, 3C, 8H, 5H, 6C, 3D, JS, 2D, TH, 8S, 8D, 7C, 4H, 7S, AH, TC, JD, 6D, AD, 2H, TS, 5D, JH, 2C, 8C, 3S, 5S]
2025-01-04 21:29:07,642 - Active Player: 1
2025-01-04 21:29:07,642 - STATE LOG: END
2025-01-04 21:29:07,787 - STATE LOG: BEGIN
2025-01-04 21:29:07,787 - Noah's Hand: [AC, 2S, 4C]
2025-01-04 21:29:07,787 - Eve's Hand: [6S, 9D]
2025-01-04 21:29:07,787 - Boss: Rank: 12 | Suit C | Attack 1 | Health 7
2025-01-04 21:29:07,787 - Tavern: [4D, 7S, JH, 6H, 3S, 3H, 3D, 2D, 8H, 5C, TD, 9S, 7D]
2025-01-04 21:29:07,787 - Castle: [KH, KC, KS, KD, QS, QD, QH]
2025-01-04 21:29:07,787 - Discard: [8S, AH, 4H, AD, 3C, 2H, 5H, 5D, 6D, TS, 5S, JD, TH, 7C, JS, 8D, JC, 8C, TC, 6C, 2C, 7H]
2025-01-04 21:29:07,787 - Active Player: 2
2025-01-04 21:29:07,787 - STATE LOG: END
2025-01-04 21:29:07,883 - STATE LOG: BEGIN
2025-01-04 21:29:07,883 - Noah's Hand: [AC, 2S, 4C]
2025-01-04 21:29:07,883 - Eve's Hand: [9D]
2025-01-04 21:29:07,883 - Boss: Rank: 12 | Suit C | Attack 1 | Health 7
2025-01-04 21:29:07,883 - Tavern: [4D, 7S, JH, 6H, 3S, 3H, 3D, 2D, 8H, 5C, TD, 9S, 7D]
2025-01-04 21:29:07,883 - Castle: [KH, KC, KS, KD, QS, QD, QH]
2025-01-04 21:29:07,883 - Discard: [8S, AH, 4H, AD, 3C, 2H, 5H, 5D, 6D, TS, 5S, JD, TH, 7C, JS, 8D, JC, 8C, TC, 6C, 2C, 7H, 6S]
2025-01-04 21:29:07,883 - Active Player: 1
2025-01-04 21:29:07,883 - STATE LOG: END
2025-01-04 21:29:07,959 - STATE LOG: BEGIN
2025-01-04 21:29:07,959 - Noah's Hand: [4C]
2025-01-04 21:29:07,959 - Eve's Hand: [9D]
2025-01-04 21:29:07,959 - Boss: Rank: 12 | Suit C | Attack 1 | Health 6
2025-01-04 21:29:07,959 - Tavern: [4D, 7S, JH, 6H, 3S, 3H, 3D, 2D, 8H, 5C, TD, 9S, 7D]
2025-01-04 21:29:07,959 - Castle: [KH, KC, KS, KD, QS, QD, QH]
2025-01-04 21:29:07,959 - Discard: [8S, AH, 4H, AD, 3C, 2H, 5H, 5D, 6D, TS, 5S, JD, TH, 7C, JS, 8D, JC, 8C, TC, 6C, 2C, 7H, 6S, 2S]
2025-01-04 21:29:07,959 - Active Player: 2
2025-01-04 21:29:07,959 - STATE LOG: END
2025-01-04 21:29:07,979 - STATE LOG: BEGIN
2025-01-04 21:29:07,979 - Noah's Hand: [4C, 9S, 5C, 2D, 3H]
2025-01-04 21:29:07,979 - Eve's Hand: [7D, TD, 8H, 3D, 3S]
2025-01-04 21:29:07,979 - Boss: Rank: 12 | Suit H | Attack 15 | Health 30
2025-01-04 21:29:07,979 - Tavern: [4D, 7S, JH, 6H]
2025-01-04 21:29:07,979 - Castle: [KH, KC, KS, KD, QS, QD]
2025-01-04 21:29:07,979 - Discard: [8S, AH, 4H, AD, 3C, 2H, 5H, 5D, 6D, TS, 5S, JD, TH, 7C, JS, 8D, JC, 8C, TC, 6C, 2C, 7H, 6S, 2S, 4S, 9H, AC, AS, 9C, 9D, QC]
2025-01-04 21:29:07,979 - Active Player: 2
2025-01-04 21:29:07,979 - STATE LOG: END
2025-01-04 21:29:08,059 - STATE LOG: BEGIN
2025-01-04 21:29:08,059 - Noah's Hand: [4C, 9S, 5C, 2D, 3H, JH, 4D]
2025-01-04 21:29:08,059 - Eve's Hand: [7D, TD, 6H]
2025-01-04 21:29:08,059 - Boss: Rank: 12 | Suit H | Attack 9 | Health 24
2025-01-04 21:29:08,059 - Tavern: []
2025-01-04 21:29:08,059 - Castle: [KH, KC, KS, KD, QS, QD]
2025-01-04 21:29:08,059 - Discard: [8S, AH, 4H, AD, 3C, 2H, 5H, 5D, 6D, TS, 5S, JD, TH, 7C, JS, 8D, JC, 8C, TC, 6C, 2C, 7H, 6S, 2S, 4S, 9H, AC, AS, 9C, 9D, QC, 8H, 7S]
2025-01-04 21:29:08,059 - Active Player: 1
2025-01-04 21:29:08,059 - STATE LOG: END
2025-01-04 21:29:08,175 - STATE LOG: BEGIN
2025-01-04 21:29:08,175 - Noah's Hand: [2D, 3H, 4C, 4D, 5C, JH]
2025-01-04 21:29:08,175 - Eve's Hand: [7D, TD, 6H]
2025-01-04 21:29:08,175 - Boss: Rank: 12 | Suit H | Attack 0 | Health 15
2025-01-04 21:29:08,175 - Tavern: []
2025-01-04 21:29:08,175 - Castle: [KH, KC, KS, KD, QS, QD]
2025-01-04 21:29:08,175 - Discard: [8S, AH, 4H, AD, 3C, 2H, 5H, 5D, 6D, TS, 5S, JD, TH, 7C, JS, 8D, JC, 8C, TC, 6C, 2C, 7H, 6S, 2S, 4S, 9H, AC, AS, 9C, 9D, QC, 8H, 7S]
2025-01-04 21:29:08,175 - Active Player: 2
2025-01-04 21:29:08,175 - STATE LOG: END
2025-01-04 21:29:08,325 - STATE LOG: BEGIN
2025-01-04 21:29:08,325 - Noah's Hand: [2D, 3H, 4C, 4D, 5C, JH]
2025-01-04 21:29:08,325 - Eve's Hand: [6H, 7D, TD]
2025-01-04 21:29:08,325 - Boss: Rank: 12 | Suit H | Attack 0 | Health 15
2025-01-04 21:29:08,325 - Tavern: []
2025-01-04 21:29:08,325 - Castle: [KH, KC, KS, KD, QS, QD]
2025-01-04 21:29:08,325 - Discard: [8S, AH, 4H, AD, 3C, 2H, 5H, 5D, 6D, TS, 5S, JD, TH, 7C, JS, 8D, JC, 8C, TC, 6C, 2C, 7H, 6S, 2S, 4S, 9H, AC, AS, 9C, 9D, QC, 8H, 7S]
2025-01-04 21:29:08,325 - Active Player: 1
2025-01-04 21:29:08,325 - STATE LOG: END
2025-01-04 21:29:08,479 - STATE LOG: BEGIN
2025-01-04 21:29:08,479 - Noah's Hand: [2D, 3H, 4C, 5C, JH]
2025-01-04 21:29:08,479 - Eve's Hand: [6H, 7D, TD]
2025-01-04 21:29:08,479 - Boss: Rank: 12 | Suit H | Attack 0 | Health 11
2025-01-04 21:29:08,479 - Tavern: []
2025-01-04 21:29:08,479 - Castle: [KH, KC, KS, KD, QS, QD]
2025-01-04 21:29:08,479 - Discard: [8S, AH, 4H, AD, 3C, 2H, 5H, 5D, 6D, TS, 5S, JD, TH, 7C, JS, 8D, JC, 8C, TC, 6C, 2C, 7H, 6S, 2S, 4S, 9H, AC, AS, 9C, 9D, QC, 8H, 7S]
2025-01-04 21:29:08,479 - Active Player: 2
2025-01-04 21:29:08,479 - STATE LOG: END
2025-01-04 21:29:08,603 - STATE LOG: BEGIN
2025-01-04 21:29:08,604 - Noah's Hand: [2D, 3H, 4C, 5C, JH]
2025-01-04 21:29:08,604 - Eve's Hand: [6H, 7D, TD]
2025-01-04 21:29:08,604 - Boss: Rank: 12 | Suit H | Attack 0 | Health 11
2025-01-04 21:29:08,604 - Tavern: []
2025-01-04 21:29:08,604 - Castle: [KH, KC, KS, KD, QS, QD]
2025-01-04 21:29:08,604 - Discard: [8S, AH, 4H, AD, 3C, 2H, 5H, 5D, 6D, TS, 5S, JD, TH, 7C, JS, 8D, JC, 8C, TC, 6C, 2C, 7H, 6S, 2S, 4S, 9H, AC, AS, 9C, 9D, QC, 8H, 7S]
2025-01-04 21:29:08,604 - Active Player: 1
2025-01-04 21:29:08,604 - STATE LOG: END
2025-01-04 21:29:08,743 - STATE LOG: BEGIN
2025-01-04 21:29:08,743 - Noah's Hand: [3H, 4C, 5C, JH]
2025-01-04 21:29:08,743 - Eve's Hand: [6H, 7D, TD]
2025-01-04 21:29:08,743 - Boss: Rank: 12 | Suit H | Attack 0 | Health 9
2025-01-04 21:29:08,743 - Tavern: []
2025-01-04 21:29:08,743 - Castle: [KH, KC, KS, KD, QS, QD]
2025-01-04 21:29:08,743 - Discard: [8S, AH, 4H, AD, 3C, 2H, 5H, 5D, 6D, TS, 5S, JD, TH, 7C, JS, 8D, JC, 8C, TC, 6C, 2C, 7H, 6S, 2S, 4S, 9H, AC, AS, 9C, 9D, QC, 8H, 7S]
2025-01-04 21:29:08,743 - Active Player: 2
2025-01-04 21:29:08,743 - STATE LOG: END
2025-01-04 21:29:08,806 - STATE LOG: BEGIN
2025-01-04 21:29:08,806 - Noah's Hand: [3H, 4C, 5C, JH]
2025-01-04 21:29:08,806 - Eve's Hand: [6H, 7D, TD]
2025-01-04 21:29:08,806 - Boss: Rank: 12 | Suit H | Attack 0 | Health 9
2025-01-04 21:29:08,806 - Tavern: []
2025-01-04 21:29:08,806 - Castle: [KH, KC, KS, KD, QS, QD]
2025-01-04 21:29:08,806 - Discard: [8S, AH, 4H, AD, 3C, 2H, 5H, 5D, 6D, TS, 5S, JD, TH, 7C, JS, 8D, JC, 8C, TC, 6C, 2C, 7H, 6S, 2S, 4S, 9H, AC, AS, 9C, 9D, QC, 8H, 7S]
2025-01-04 21:29:08,806 - Active Player: 1
2025-01-04 21:29:08,806 - STATE LOG: END
2025-01-04 21:29:08,843 - STATE LOG: BEGIN
2025-01-04 21:29:08,843 - Noah's Hand: [4C, 5C, JH]
2025-01-04 21:29:08,843 - Eve's Hand: [6H, 7D, TD]
2025-01-04 21:29:08,843 - Boss: Rank: 12 | Suit H | Attack 0 | Health 6
2025-01-04 21:29:08,843 - Tavern: []
2025-01-04 21:29:08,843 - Castle: [KH, KC, KS, KD, QS, QD]
2025-01-04 21:29:08,843 - Discard: [8S, AH, 4H, AD, 3C, 2H, 5H, 5D, 6D, TS, 5S, JD, TH, 7C, JS, 8D, JC, 8C, TC, 6C, 2C, 7H, 6S, 2S, 4S, 9H, AC, AS, 9C, 9D, QC, 8H, 7S]
2025-01-04 21:29:08,843 - Active Player: 2
2025-01-04 21:29:08,843 - STATE LOG: END
2025-01-04 21:29:08,869 - STATE LOG: BEGIN
2025-01-04 21:29:08,869 - Noah's Hand: [4C, 5C, JH]
2025-01-04 21:29:08,869 - Eve's Hand: [6H, 7D, TD]
2025-01-04 21:29:08,869 - Boss: Rank: 12 | Suit H | Attack 0 | Health 6
2025-01-04 21:29:08,869 - Tavern: []
2025-01-04 21:29:08,869 - Castle: [KH, KC, KS, KD, QS, QD]
2025-01-04 21:29:08,869 - Discard: [8S, AH, 4H, AD, 3C, 2H, 5H, 5D, 6D, TS, 5S, JD, TH, 7C, JS, 8D, JC, 8C, TC, 6C, 2C, 7H, 6S, 2S, 4S, 9H, AC, AS, 9C, 9D, QC, 8H, 7S]
2025-01-04 21:29:08,869 - Active Player: 1
2025-01-04 21:29:08,869 - STATE LOG: END
2025-01-04 21:29:08,885 - STATE LOG: BEGIN
2025-01-04 21:29:08,885 - Noah's Hand: [4C, 5C]
2025-01-04 21:29:08,885 - Eve's Hand: [6H, 7D, TD]
2025-01-04 21:29:08,885 - Boss: Rank: 12 | Suit D | Attack 15 | Health 30
2025-01-04 21:29:08,885 - Tavern: []
2025-01-04 21:29:08,885 - Castle: [KH, KC, KS, KD, QS]
2025-01-04 21:29:08,885 - Discard: [8S, AH, 4H, AD, 3C, 2H, 5H, 5D, 6D, TS, 5S, JD, TH, 7C, JS, 8D, JC, 8C, TC, 6C, 2C, 7H, 6S, 2S, 4S, 9H, AC, AS, 9C, 9D, QC, 8H, 7S, 9S, 4D, 2D, 3H, JH, 3D, 3S, QH]
2025-01-04 21:29:08,885 - Active Player: 1
2025-01-04 21:29:08,885 - STATE LOG: END
2025-01-04 21:29:08,889 - STATE LOG: BEGIN
2025-01-04 21:29:08,889 - Noah's Hand: [5C]
2025-01-04 21:29:08,889 - Eve's Hand: [6H, 7D, TD]
2025-01-04 21:29:08,889 - Boss: Rank: 12 | Suit D | Attack 15 | Health 22
2025-01-04 21:29:08,889 - Tavern: []
2025-01-04 21:29:08,889 - Castle: [KH, KC, KS, KD, QS]
2025-01-04 21:29:08,889 - Discard: [8S, AH, 4H, AD, 3C, 2H, 5H, 5D, 6D, TS, 5S, JD, TH, 7C, JS, 8D, JC, 8C, TC, 6C, 2C, 7H, 6S, 2S, 4S, 9H, AC, AS, 9C, 9D, QC, 8H, 7S, 9S, 4D, 2D, 3H, JH, 3D, 3S, QH]
2025-01-04 21:29:08,889 - Active Player: 2
2025-01-04 21:29:08,889 - STATE LOG: END
