2025-01-04 20:03:43,464 - I log states! :D
2025-01-04 20:03:43,464 - STATE LOG: BEGIN
2025-01-04 20:03:43,464 - Noah's Hand: [9D, TD, 6D, 6H, 4C, 3D, 7S]
2025-01-04 20:03:43,464 - Eve's Hand: [7H, 9C, 5S, AD, 5C, 2H, TS]
2025-01-04 20:03:43,464 - Boss: Rank: 11 | Suit D | Attack 10 | Health 20
2025-01-04 20:03:43,464 - Tavern: [5D, 4D, TC, AC, 2S, 6S, 9H, 8D, AH, 8H, 8S, TH, 8C, 6C, 3S, 3C, 4S, 9S, 2D, 5H, 7C, 2C, 3H, 4H, 7D, AS]
2025-01-04 20:03:43,464 - Castle: [KC, KD, KH, KS, QC, QS, QH, QD, JS, JH, JC]
2025-01-04 20:03:43,464 - Discard: []
2025-01-04 20:03:43,464 - Active Player: 1
2025-01-04 20:03:43,465 - STATE LOG: END
2025-01-04 20:04:01,052 - STATE LOG: BEGIN
2025-01-04 20:04:01,053 - Noah's Hand: [3D, 4C, 6D, 7S, 9D]
2025-01-04 20:04:01,054 - Eve's Hand: [7H, 9C, 5S, AD, 5C, 2H, TS]
2025-01-04 20:04:01,054 - Boss: Rank: 11 | Suit D | Attack 10 | Health 14
2025-01-04 20:04:01,054 - Tavern: [5D, 4D, TC, AC, 2S, 6S, 9H, 8D, AH, 8H, 8S, TH, 8C, 6C, 3S, 3C, 4S, 9S, 2D, 5H, 7C, 2C, 3H, 4H, 7D, AS]
2025-01-04 20:04:01,054 - Castle: [KC, KD, KH, KS, QC, QS, QH, QD, JS, JH, JC]
2025-01-04 20:04:01,054 - Discard: [TD]
2025-01-04 20:04:01,054 - Active Player: 2
2025-01-04 20:04:01,054 - STATE LOG: END
2025-01-04 20:04:28,757 - STATE LOG: BEGIN
2025-01-04 20:04:28,758 - Noah's Hand: [3D, 4C, 6D, 7S, 9D]
2025-01-04 20:04:28,758 - Eve's Hand: [AD, 2H, 5C, 5S, 7H, TS]
2025-01-04 20:04:28,758 - Boss: Rank: 11 | Suit C | Attack 10 | Health 20
2025-01-04 20:04:28,758 - Tavern: [5D, 4D, TC, AC, 2S, 6S, 9H, 8D, AH, 8H, 8S, TH, 8C, 6C, 3S, 3C, 4S, 9S, 2D, 5H, 7C, 2C, 3H, 4H, 7D, AS]
2025-01-04 20:04:28,758 - Castle: [KC, KD, KH, KS, QC, QS, QH, QD, JS, JH]
2025-01-04 20:04:28,758 - Discard: [TD, 6H, 9C, JD]
2025-01-04 20:04:28,758 - Active Player: 2
2025-01-04 20:04:28,758 - STATE LOG: END
2025-01-04 20:05:23,444 - STATE LOG: BEGIN
2025-01-04 20:05:23,445 - Noah's Hand: [3D, 4C, 6D, 7S, 9D, 7D, 3H]
2025-01-04 20:05:23,446 - Eve's Hand: [2H, 5C, 5S, 7H, AS, 4H, 2C]
2025-01-04 20:05:23,446 - Boss: Rank: 11 | Suit C | Attack 0 | Health 9
2025-01-04 20:05:23,447 - Tavern: [5D, 4D, TC, AC, 2S, 6S, 9H, 8D, AH, 8H, 8S, TH, 8C, 6C, 3S, 3C, 4S, 9S, 2D, 5H, 7C]
2025-01-04 20:05:23,447 - Castle: [KC, KD, KH, KS, QC, QS, QH, QD, JS, JH]
2025-01-04 20:05:23,447 - Discard: [TD, 6H, 9C, JD]
2025-01-04 20:05:23,447 - Active Player: 1
2025-01-04 20:05:23,447 - STATE LOG: END
2025-01-04 20:05:32,882 - STATE LOG: BEGIN
2025-01-04 20:05:32,882 - Noah's Hand: [3D, 3H, 6D, 7D, 7S, 9D]
2025-01-04 20:05:32,882 - Eve's Hand: [2H, 5C, 5S, 7H, AS, 4H, 2C]
2025-01-04 20:05:32,882 - Boss: Rank: 11 | Suit C | Attack 0 | Health 5
2025-01-04 20:05:32,882 - Tavern: [5D, 4D, TC, AC, 2S, 6S, 9H, 8D, AH, 8H, 8S, TH, 8C, 6C, 3S, 3C, 4S, 9S, 2D, 5H, 7C]
2025-01-04 20:05:32,882 - Castle: [KC, KD, KH, KS, QC, QS, QH, QD, JS, JH]
2025-01-04 20:05:32,882 - Discard: [TD, 6H, 9C, JD]
2025-01-04 20:05:32,882 - Active Player: 2
2025-01-04 20:05:32,882 - STATE LOG: END
2025-01-04 20:05:40,324 - STATE LOG: BEGIN
2025-01-04 20:05:40,324 - Noah's Hand: [3D, 3H, 6D, 7D, 7S, 9D]
2025-01-04 20:05:40,325 - Eve's Hand: [AS, 2C, 4H, 5C, 5S, 7H]
2025-01-04 20:05:40,325 - Boss: Rank: 11 | Suit C | Attack 0 | Health 3
2025-01-04 20:05:40,325 - Tavern: [9C, 6H, 5D, 4D, TC, AC, 2S, 6S, 9H, 8D, AH, 8H, 8S, TH, 8C, 6C, 3S, 3C, 4S, 9S, 2D, 5H, 7C]
2025-01-04 20:05:40,325 - Castle: [KC, KD, KH, KS, QC, QS, QH, QD, JS, JH]
2025-01-04 20:05:40,325 - Discard: [JD, TD]
2025-01-04 20:05:40,325 - Active Player: 1
2025-01-04 20:05:40,325 - STATE LOG: END
2025-01-04 20:05:48,038 - STATE LOG: BEGIN
2025-01-04 20:05:48,039 - Noah's Hand: [3D, 6D, 7D, 7S, 9D]
2025-01-04 20:05:48,039 - Eve's Hand: [AS, 2C, 4H, 5C, 5S, 7H]
2025-01-04 20:05:48,039 - Boss: Rank: 11 | Suit H | Attack 10 | Health 20
2025-01-04 20:05:48,039 - Tavern: [JD, TD, 9C, 6H, 5D, 4D, TC, AC, 2S, 6S, 9H, 8D, AH, 8H, 8S, TH, 8C, 6C, 3S, 3C, 4S, 9S, 2D, 5H, 7C]
2025-01-04 20:05:48,039 - Castle: [KC, KD, KH, KS, QC, QS, QH, QD, JS]
2025-01-04 20:05:48,039 - Discard: [4C, 3H, AD, TS, 2H]
2025-01-04 20:05:48,039 - Active Player: 1
2025-01-04 20:05:48,039 - STATE LOG: END
2025-01-04 20:05:55,213 - STATE LOG: BEGIN
2025-01-04 20:05:55,213 - Noah's Hand: [6D, 7D, 7S, 9D]
2025-01-04 20:05:55,213 - Eve's Hand: [AS, 2C, 4H, 5C, 5S, 7H, 7C]
2025-01-04 20:05:55,213 - Boss: Rank: 11 | Suit H | Attack 10 | Health 17
2025-01-04 20:05:55,213 - Tavern: [JD, TD, 9C, 6H, 5D, 4D, TC, AC, 2S, 6S, 9H, 8D, AH, 8H, 8S, TH, 8C, 6C, 3S, 3C, 4S, 9S, 2D]
2025-01-04 20:05:55,213 - Castle: [KC, KD, KH, KS, QC, QS, QH, QD, JS]
2025-01-04 20:05:55,213 - Discard: [4C, 3H, AD, TS, 2H, 5H, JC]
2025-01-04 20:05:55,213 - Active Player: 2
2025-01-04 20:05:55,213 - STATE LOG: END
2025-01-04 20:06:02,379 - STATE LOG: BEGIN
2025-01-04 20:06:02,379 - Noah's Hand: [6D, 7D, 7S, 9D]
2025-01-04 20:06:02,379 - Eve's Hand: [2C, 4H, 5S, 7C]
2025-01-04 20:06:02,379 - Boss: Rank: 11 | Suit H | Attack 4 | Health 5
2025-01-04 20:06:02,379 - Tavern: [JD, TD, 9C, 6H, 5D, 4D, TC, AC, 2S, 6S, 9H, 8D, AH, 8H, 8S, TH, 8C, 6C, 3S, 3C, 4S, 9S, 2D]
2025-01-04 20:06:02,379 - Castle: [KC, KD, KH, KS, QC, QS, QH, QD, JS]
2025-01-04 20:06:02,380 - Discard: [4C, 3H, AD, TS, 2H, 5H, JC, 7H]
2025-01-04 20:06:02,380 - Active Player: 1
2025-01-04 20:06:02,380 - STATE LOG: END
2025-01-04 20:06:12,386 - STATE LOG: BEGIN
2025-01-04 20:06:12,386 - Noah's Hand: [6D, 7D, 7S, 2D, 4S, 3S, 8C]
2025-01-04 20:06:12,386 - Eve's Hand: [2C, 4H, 5S, 7C, 9S, 3C, 6C]
2025-01-04 20:06:12,386 - Boss: Rank: 11 | Suit S | Attack 10 | Health 20
2025-01-04 20:06:12,386 - Tavern: [JD, TD, 9C, 6H, 5D, 4D, TC, AC, 2S, 6S, 9H, 8D, AH, 8H, 8S, TH]
2025-01-04 20:06:12,386 - Castle: [KC, KD, KH, KS, QC, QS, QH, QD]
2025-01-04 20:06:12,386 - Discard: [4C, 3H, AD, TS, 2H, 5H, JC, 7H, 3D, 9D, AS, 5C, JH]
2025-01-04 20:06:12,386 - Active Player: 1
2025-01-04 20:06:12,386 - STATE LOG: END
2025-01-04 20:06:22,842 - STATE LOG: BEGIN
2025-01-04 20:06:22,843 - Noah's Hand: [3S, 4S, 6D, 7D, 7S, 8C]
2025-01-04 20:06:22,843 - Eve's Hand: [2C, 4H, 5S, 7C, 9S, 3C, 6C]
2025-01-04 20:06:22,843 - Boss: Rank: 11 | Suit S | Attack 10 | Health 18
2025-01-04 20:06:22,843 - Tavern: [JD, TD, 9C, 6H, 5D, 4D, TC, AC, 2S, 6S, 9H, 8D, AH, 8H, 8S]
2025-01-04 20:06:22,843 - Castle: [KC, KD, KH, KS, QC, QS, QH, QD]
2025-01-04 20:06:22,843 - Discard: [4C, 3H, AD, TS, 2H, 5H, JC, 7H, 3D, 9D, AS, 5C, JH, TH]
2025-01-04 20:06:22,843 - Active Player: 2
2025-01-04 20:06:22,843 - STATE LOG: END
2025-01-04 20:06:23,201 - STATE LOG: BEGIN
2025-01-04 20:06:23,201 - Noah's Hand: [3S, 4S, 6D, 7D, 7S, 8C]
2025-01-04 20:06:23,201 - Eve's Hand: [2C, 3C, 4H, 5S, 6C]
2025-01-04 20:06:23,201 - Boss: Rank: 11 | Suit S | Attack 10 | Health 18
2025-01-04 20:06:23,202 - Tavern: [JD, TD, 9C, 6H, 5D, 4D, TC, AC, 2S, 6S, 9H, 8D, AH, 8H, 8S]
2025-01-04 20:06:23,202 - Castle: [KC, KD, KH, KS, QC, QS, QH, QD]
2025-01-04 20:06:23,202 - Discard: [4C, 3H, AD, TS, 2H, 5H, JC, 7H, 3D, 9D, AS, 5C, JH, TH, 9S, 7C]
2025-01-04 20:06:23,202 - Active Player: 1
2025-01-04 20:06:23,202 - STATE LOG: END
2025-01-04 20:06:35,436 - STATE LOG: BEGIN
2025-01-04 20:06:35,437 - Noah's Hand: [3S, 4S, 6D, 7S]
2025-01-04 20:06:35,437 - Eve's Hand: [2C, 3C, 4H, 5S, 6C, 8H, 8D]
2025-01-04 20:06:35,437 - Boss: Rank: 11 | Suit S | Attack 10 | Health 11
2025-01-04 20:06:35,437 - Tavern: [JD, TD, 9C, 6H, 5D, 4D, TC, AC, 2S, 6S, 9H]
2025-01-04 20:06:35,437 - Castle: [KC, KD, KH, KS, QC, QS, QH, QD]
2025-01-04 20:06:35,438 - Discard: [4C, 3H, AD, TS, 2H, 5H, JC, 7H, 3D, 9D, AS, 5C, JH, TH, 9S, 7C, AH, 8S, 8C]
2025-01-04 20:06:35,438 - Active Player: 2
2025-01-04 20:06:35,438 - STATE LOG: END
2025-01-04 20:06:41,132 - STATE LOG: BEGIN
2025-01-04 20:06:41,132 - Noah's Hand: [3S, 4S, 6D, 7S, 6S, 2S, AC]
2025-01-04 20:06:41,132 - Eve's Hand: [2C, 3C, 4H, 5S, 6C]
2025-01-04 20:06:41,133 - Boss: Rank: 11 | Suit S | Attack 10 | Health 3
2025-01-04 20:06:41,133 - Tavern: [JD, TD, 9C, 6H, 5D, 4D, TC]
2025-01-04 20:06:41,133 - Castle: [KC, KD, KH, KS, QC, QS, QH, QD]
2025-01-04 20:06:41,133 - Discard: [4C, 3H, AD, TS, 2H, 5H, JC, 7H, 3D, 9D, AS, 5C, JH, TH, 9S, 7C, AH, 8S, 8C, 9H, 8H]
2025-01-04 20:06:41,133 - Active Player: 1
2025-01-04 20:06:41,133 - STATE LOG: END
2025-01-04 20:06:50,469 - STATE LOG: BEGIN
2025-01-04 20:06:50,469 - Noah's Hand: [AC, 2S, 3S, 4S, 6S, 7S, TC]
2025-01-04 20:06:50,469 - Eve's Hand: [2C, 3C, 4H, 5S, 6C, 4D, 5D]
2025-01-04 20:06:50,469 - Boss: Rank: 12 | Suit D | Attack 15 | Health 30
2025-01-04 20:06:50,470 - Tavern: [JD, TD, 9C, 6H]
2025-01-04 20:06:50,470 - Castle: [KC, KD, KH, KS, QC, QS, QH]
2025-01-04 20:06:50,470 - Discard: [4C, 3H, AD, TS, 2H, 5H, JC, 7H, 3D, 9D, AS, 5C, JH, TH, 9S, 7C, AH, 8S, 8C, 9H, 8H, 2D, 7D, 6D, 8D, JS]
2025-01-04 20:06:50,470 - Active Player: 1
2025-01-04 20:06:50,470 - STATE LOG: END
2025-01-04 20:06:56,735 - STATE LOG: BEGIN
2025-01-04 20:06:56,736 - Noah's Hand: [AC, 2S, 3S, 4S, 7S]
2025-01-04 20:06:56,736 - Eve's Hand: [2C, 3C, 4H, 5S, 6C, 4D, 5D]
2025-01-04 20:06:56,736 - Boss: Rank: 12 | Suit D | Attack 9 | Health 24
2025-01-04 20:06:56,736 - Tavern: [JD, TD, 9C, 6H]
2025-01-04 20:06:56,737 - Castle: [KC, KD, KH, KS, QC, QS, QH]
2025-01-04 20:06:56,737 - Discard: [4C, 3H, AD, TS, 2H, 5H, JC, 7H, 3D, 9D, AS, 5C, JH, TH, 9S, 7C, AH, 8S, 8C, 9H, 8H, 2D, 7D, 6D, 8D, JS, TC]
2025-01-04 20:06:56,737 - Active Player: 2
2025-01-04 20:06:56,737 - STATE LOG: END
2025-01-04 20:07:04,931 - STATE LOG: BEGIN
2025-01-04 20:07:04,932 - Noah's Hand: [AC, 2S, 3S, 4S, 7S]
2025-01-04 20:07:04,932 - Eve's Hand: [2C, 3C, 4D, 4H, 5D]
2025-01-04 20:07:04,932 - Boss: Rank: 12 | Suit D | Attack 4 | Health 19
2025-01-04 20:07:04,932 - Tavern: [JD, TD, 9C, 6H]
2025-01-04 20:07:04,932 - Castle: [KC, KD, KH, KS, QC, QS, QH]
2025-01-04 20:07:04,932 - Discard: [4C, 3H, AD, TS, 2H, 5H, JC, 7H, 3D, 9D, AS, 5C, JH, TH, 9S, 7C, AH, 8S, 8C, 9H, 8H, 2D, 7D, 6D, 8D, JS, TC, 6C]
2025-01-04 20:07:04,932 - Active Player: 1
2025-01-04 20:07:04,932 - STATE LOG: END
2025-01-04 20:07:11,445 - STATE LOG: BEGIN
2025-01-04 20:07:11,445 - Noah's Hand: [AC, 2S, 3S, 7S]
2025-01-04 20:07:11,445 - Eve's Hand: [2C, 3C, 4D, 4H, 5D]
2025-01-04 20:07:11,445 - Boss: Rank: 12 | Suit D | Attack 0 | Health 15
2025-01-04 20:07:11,445 - Tavern: [JD, TD, 9C, 6H]
2025-01-04 20:07:11,445 - Castle: [KC, KD, KH, KS, QC, QS, QH]
2025-01-04 20:07:11,445 - Discard: [4C, 3H, AD, TS, 2H, 5H, JC, 7H, 3D, 9D, AS, 5C, JH, TH, 9S, 7C, AH, 8S, 8C, 9H, 8H, 2D, 7D, 6D, 8D, JS, TC, 6C]
2025-01-04 20:07:11,445 - Active Player: 2
2025-01-04 20:07:11,445 - STATE LOG: END
2025-01-04 20:07:17,391 - STATE LOG: BEGIN
2025-01-04 20:07:17,392 - Noah's Hand: [AC, 2S, 3S, 7S]
2025-01-04 20:07:17,392 - Eve's Hand: [2C, 3C, 4D, 4H, 5D]
2025-01-04 20:07:17,392 - Boss: Rank: 12 | Suit D | Attack 0 | Health 15
2025-01-04 20:07:17,392 - Tavern: [JD, TD, 9C, 6H]
2025-01-04 20:07:17,392 - Castle: [KC, KD, KH, KS, QC, QS, QH]
2025-01-04 20:07:17,392 - Discard: [4C, 3H, AD, TS, 2H, 5H, JC, 7H, 3D, 9D, AS, 5C, JH, TH, 9S, 7C, AH, 8S, 8C, 9H, 8H, 2D, 7D, 6D, 8D, JS, TC, 6C]
2025-01-04 20:07:17,392 - Active Player: 1
2025-01-04 20:07:17,392 - STATE LOG: END
2025-01-04 20:07:21,383 - STATE LOG: BEGIN
2025-01-04 20:07:21,384 - Noah's Hand: [2S, 3S, 7S]
2025-01-04 20:07:21,384 - Eve's Hand: [2C, 3C, 4D, 4H, 5D]
2025-01-04 20:07:21,384 - Boss: Rank: 12 | Suit D | Attack 0 | Health 13
2025-01-04 20:07:21,384 - Tavern: [JD, TD, 9C, 6H]
2025-01-04 20:07:21,384 - Castle: [KC, KD, KH, KS, QC, QS, QH]
2025-01-04 20:07:21,384 - Discard: [4C, 3H, AD, TS, 2H, 5H, JC, 7H, 3D, 9D, AS, 5C, JH, TH, 9S, 7C, AH, 8S, 8C, 9H, 8H, 2D, 7D, 6D, 8D, JS, TC, 6C]
2025-01-04 20:07:21,384 - Active Player: 2
2025-01-04 20:07:21,384 - STATE LOG: END
2025-01-04 20:07:31,398 - STATE LOG: BEGIN
2025-01-04 20:07:31,399 - Noah's Hand: [2S, 3S, 7S]
2025-01-04 20:07:31,399 - Eve's Hand: [2C, 3C, 4D, 4H, 5D]
2025-01-04 20:07:31,399 - Boss: Rank: 12 | Suit D | Attack 0 | Health 13
2025-01-04 20:07:31,399 - Tavern: [JD, TD, 9C, 6H]
2025-01-04 20:07:31,399 - Castle: [KC, KD, KH, KS, QC, QS, QH]
2025-01-04 20:07:31,399 - Discard: [4C, 3H, AD, TS, 2H, 5H, JC, 7H, 3D, 9D, AS, 5C, JH, TH, 9S, 7C, AH, 8S, 8C, 9H, 8H, 2D, 7D, 6D, 8D, JS, TC, 6C]
2025-01-04 20:07:31,399 - Active Player: 1
2025-01-04 20:07:31,399 - STATE LOG: END
2025-01-04 20:07:35,822 - STATE LOG: BEGIN
2025-01-04 20:07:35,822 - Noah's Hand: [3S, 7S]
2025-01-04 20:07:35,822 - Eve's Hand: [2C, 3C, 4D, 4H, 5D]
2025-01-04 20:07:35,822 - Boss: Rank: 12 | Suit D | Attack 0 | Health 11
2025-01-04 20:07:35,822 - Tavern: [JD, TD, 9C, 6H]
2025-01-04 20:07:35,822 - Castle: [KC, KD, KH, KS, QC, QS, QH]
2025-01-04 20:07:35,822 - Discard: [4C, 3H, AD, TS, 2H, 5H, JC, 7H, 3D, 9D, AS, 5C, JH, TH, 9S, 7C, AH, 8S, 8C, 9H, 8H, 2D, 7D, 6D, 8D, JS, TC, 6C]
2025-01-04 20:07:35,822 - Active Player: 2
2025-01-04 20:07:35,822 - STATE LOG: END
2025-01-04 20:07:37,698 - STATE LOG: BEGIN
2025-01-04 20:07:37,698 - Noah's Hand: [3S, 7S]
2025-01-04 20:07:37,699 - Eve's Hand: [2C, 4D, 4H, 5D]
2025-01-04 20:07:37,699 - Boss: Rank: 12 | Suit D | Attack 0 | Health 5
2025-01-04 20:07:37,699 - Tavern: [JD, TD, 9C, 6H]
2025-01-04 20:07:37,699 - Castle: [KC, KD, KH, KS, QC, QS, QH]
2025-01-04 20:07:37,699 - Discard: [4C, 3H, AD, TS, 2H, 5H, JC, 7H, 3D, 9D, AS, 5C, JH, TH, 9S, 7C, AH, 8S, 8C, 9H, 8H, 2D, 7D, 6D, 8D, JS, TC, 6C]
2025-01-04 20:07:37,699 - Active Player: 1
2025-01-04 20:07:37,699 - STATE LOG: END
2025-01-04 20:07:38,767 - STATE LOG: BEGIN
2025-01-04 20:07:38,768 - Noah's Hand: [3S, 7S]
2025-01-04 20:07:38,768 - Eve's Hand: [2C, 4D, 4H, 5D]
2025-01-04 20:07:38,768 - Boss: Rank: 12 | Suit D | Attack 0 | Health 5
2025-01-04 20:07:38,768 - Tavern: [JD, TD, 9C, 6H]
2025-01-04 20:07:38,768 - Castle: [KC, KD, KH, KS, QC, QS, QH]
2025-01-04 20:07:38,768 - Discard: [4C, 3H, AD, TS, 2H, 5H, JC, 7H, 3D, 9D, AS, 5C, JH, TH, 9S, 7C, AH, 8S, 8C, 9H, 8H, 2D, 7D, 6D, 8D, JS, TC, 6C]
2025-01-04 20:07:38,768 - Active Player: 2
2025-01-04 20:07:38,769 - STATE LOG: END
2025-01-04 20:07:39,753 - STATE LOG: BEGIN
2025-01-04 20:07:39,753 - Noah's Hand: [3S, 7S]
2025-01-04 20:07:39,753 - Eve's Hand: [2C, 4D, 5D]
2025-01-04 20:07:39,754 - Boss: Rank: 12 | Suit D | Attack 0 | Health 1
2025-01-04 20:07:39,754 - Tavern: [AD, 3D, JH, 6C, JD, TD, 9C, 6H]
2025-01-04 20:07:39,754 - Castle: [KC, KD, KH, KS, QC, QS, QH]
2025-01-04 20:07:39,754 - Discard: [8C, 4C, 7H, 9D, 7D, AS, 3H, 7C, TS, 2D, AH, 9S, 8D, 5H, 9H, 8H, JS, 5C, JC, TC, TH, 2H, 6D, 8S]
2025-01-04 20:07:39,754 - Active Player: 1
2025-01-04 20:07:39,754 - STATE LOG: END
2025-01-04 20:07:40,181 - STATE LOG: BEGIN
2025-01-04 20:07:40,182 - Noah's Hand: [3S]
2025-01-04 20:07:40,182 - Eve's Hand: [2C, 4D, 5D]
2025-01-04 20:07:40,182 - Boss: Rank: 12 | Suit H | Attack 15 | Health 30
2025-01-04 20:07:40,182 - Tavern: [AD, 3D, JH, 6C, JD, TD, 9C, 6H]
2025-01-04 20:07:40,182 - Castle: [KC, KD, KH, KS, QC, QS]
2025-01-04 20:07:40,182 - Discard: [8C, 4C, 7H, 9D, 7D, AS, 3H, 7C, TS, 2D, AH, 9S, 8D, 5H, 9H, 8H, JS, 5C, JC, TC, TH, 2H, 6D, 8S, 6S, 4S, AC, 2S, 7S, 5S, 3C, 4H, QD]
2025-01-04 20:07:40,182 - Active Player: 1
2025-01-04 20:07:40,182 - STATE LOG: END
2025-01-04 20:07:40,195 - STATE LOG: BEGIN
2025-01-04 20:07:40,195 - Noah's Hand: []
2025-01-04 20:07:40,195 - Eve's Hand: [2C, 4D, 5D]
2025-01-04 20:07:40,195 - Boss: Rank: 12 | Suit H | Attack 12 | Health 27
2025-01-04 20:07:40,195 - Tavern: [AD, 3D, JH, 6C, JD, TD, 9C, 6H]
2025-01-04 20:07:40,195 - Castle: [KC, KD, KH, KS, QC, QS]
2025-01-04 20:07:40,196 - Discard: [8C, 4C, 7H, 9D, 7D, AS, 3H, 7C, TS, 2D, AH, 9S, 8D, 5H, 9H, 8H, JS, 5C, JC, TC, TH, 2H, 6D, 8S, 6S, 4S, AC, 2S, 7S, 5S, 3C, 4H, QD]
2025-01-04 20:07:40,196 - Active Player: 2
2025-01-04 20:07:40,196 - STATE LOG: END
