2025-01-04 23:00:29,781 - I log states! :D
2025-01-04 23:00:29,781 - STATE LOG: BEGIN
2025-01-04 23:00:29,781 - Noah's Hand: [5D, 2H, 6D, 5C, 9D, 9H, 6S]
2025-01-04 23:00:29,781 - Eve's Hand: [TS, AH, 6C, 4S, 3H, 3D, AD]
2025-01-04 23:00:29,781 - Boss: Rank: 11 | Suit C | Attack 10 | Health 20
2025-01-04 23:00:29,781 - Tavern: [2D, 2S, 8S, 9S, TH, 7S, 8C, 7C, 8D, 5H, 4D, 7D, AS, 5S, 3C, 7H, 4C, TC, 3S, 6H, 8H, 4H, 2C, AC, 9C, TD]
2025-01-04 23:00:29,781 - Castle: [KS, KH, KC, KD, QD, QC, QH, QS, JS, JD, JH]
2025-01-04 23:00:29,781 - Discard: []
2025-01-04 23:00:29,781 - Active Player: 1
2025-01-04 23:00:29,781 - STATE LOG: END
2025-01-04 23:00:30,452 - STATE LOG: BEGIN
2025-01-04 23:00:30,452 - Noah's Hand: [5D, 6D, 6S, 9D]
2025-01-04 23:00:30,453 - Eve's Hand: [TS, AH, 6C, 4S, 3H, 3D, AD]
2025-01-04 23:00:30,453 - Boss: Rank: 11 | Suit C | Attack 10 | Health 20
2025-01-04 23:00:30,453 - Tavern: [2D, 2S, 8S, 9S, TH, 7S, 8C, 7C, 8D, 5H, 4D, 7D, AS, 5S, 3C, 7H, 4C, TC, 3S, 6H, 8H, 4H, 2C, AC, 9C, TD]
2025-01-04 23:00:30,453 - Castle: [KS, KH, KC, KD, QD, QC, QH, QS, JS, JD, JH]
2025-01-04 23:00:30,453 - Discard: [5C, 2H, 9H]
2025-01-04 23:00:30,453 - Active Player: 2
2025-01-04 23:00:30,453 - STATE LOG: END
2025-01-04 23:00:31,110 - STATE LOG: BEGIN
2025-01-04 23:00:31,110 - Noah's Hand: [5D, 6D, 6S, 9D, 9C, AC]
2025-01-04 23:00:31,110 - Eve's Hand: [AD, 4S, TS, TD]
2025-01-04 23:00:31,110 - Boss: Rank: 11 | Suit C | Attack 10 | Health 17
2025-01-04 23:00:31,110 - Tavern: [2D, 2S, 8S, 9S, TH, 7S, 8C, 7C, 8D, 5H, 4D, 7D, AS, 5S, 3C, 7H, 4C, TC, 3S, 6H, 8H, 4H, 2C]
2025-01-04 23:00:31,110 - Castle: [KS, KH, KC, KD, QD, QC, QH, QS, JS, JD, JH]
2025-01-04 23:00:31,110 - Discard: [5C, 2H, 9H, 3H, 6C, AH]
2025-01-04 23:00:31,110 - Active Player: 1
2025-01-04 23:00:31,110 - STATE LOG: END
2025-01-04 23:00:31,765 - STATE LOG: BEGIN
2025-01-04 23:00:31,765 - Noah's Hand: [5D, 6S, 9D, 2C, 8H]
2025-01-04 23:00:31,765 - Eve's Hand: [AD, 4S, TS, TD, 4H, 6H, TC]
2025-01-04 23:00:31,765 - Boss: Rank: 11 | Suit C | Attack 10 | Health 10
2025-01-04 23:00:31,765 - Tavern: [2D, 2S, 8S, 9S, TH, 7S, 8C, 7C, 8D, 5H, 4D, 7D, AS, 5S, 3C, 7H, 4C]
2025-01-04 23:00:31,765 - Castle: [KS, KH, KC, KD, QD, QC, QH, QS, JS, JD, JH]
2025-01-04 23:00:31,765 - Discard: [5C, 2H, 9H, 3H, 6C, AH, 9C, 3S]
2025-01-04 23:00:31,765 - Active Player: 2
2025-01-04 23:00:31,765 - STATE LOG: END
2025-01-04 23:00:32,427 - STATE LOG: BEGIN
2025-01-04 23:00:32,427 - Noah's Hand: [5D, 6S, 9D, 2C, 8H, 7H, 5S]
2025-01-04 23:00:32,427 - Eve's Hand: [4H, 4S, 6H, TC, TD, 4C, 3C]
2025-01-04 23:00:32,427 - Boss: Rank: 11 | Suit H | Attack 10 | Health 20
2025-01-04 23:00:32,427 - Tavern: [2D, 2S, 8S, 9S, TH, 7S, 8C, 7C, 8D, 5H, 4D, 7D, AS]
2025-01-04 23:00:32,427 - Castle: [KS, KH, KC, KD, QD, QC, QH, QS, JS, JD]
2025-01-04 23:00:32,427 - Discard: [5C, 2H, 9H, 3H, 6C, AH, 9C, 3S, AC, 6D, 3D, AD, TS, JC]
2025-01-04 23:00:32,427 - Active Player: 2
2025-01-04 23:00:32,427 - STATE LOG: END
2025-01-04 23:00:33,046 - STATE LOG: BEGIN
2025-01-04 23:00:33,046 - Noah's Hand: [5D, 6S, 9D, 2C, 8H, 7H, 5S]
2025-01-04 23:00:33,046 - Eve's Hand: [3C, 4C, 4H, 4S, 6H, TD]
2025-01-04 23:00:33,046 - Boss: Rank: 11 | Suit H | Attack 10 | Health 20
2025-01-04 23:00:33,046 - Tavern: [2D, 2S, 8S, 9S, TH, 7S, 8C, 7C, 8D, 5H, 4D, 7D, AS]
2025-01-04 23:00:33,046 - Castle: [KS, KH, KC, KD, QD, QC, QH, QS, JS, JD]
2025-01-04 23:00:33,046 - Discard: [5C, 2H, 9H, 3H, 6C, AH, 9C, 3S, AC, 6D, 3D, AD, TS, JC, TC]
2025-01-04 23:00:33,046 - Active Player: 1
2025-01-04 23:00:33,046 - STATE LOG: END
2025-01-04 23:00:33,644 - STATE LOG: BEGIN
2025-01-04 23:00:33,644 - Noah's Hand: [2C, 6S, 7H, 8H, 9D, AS, 4D]
2025-01-04 23:00:33,644 - Eve's Hand: [3C, 4C, 4H, 4S, 6H, TD, 7D]
2025-01-04 23:00:33,644 - Boss: Rank: 11 | Suit H | Attack 0 | Health 10
2025-01-04 23:00:33,644 - Tavern: [2D, 2S, 8S, 9S, TH, 7S, 8C, 7C, 8D, 5H]
2025-01-04 23:00:33,644 - Castle: [KS, KH, KC, KD, QD, QC, QH, QS, JS, JD]
2025-01-04 23:00:33,644 - Discard: [5C, 2H, 9H, 3H, 6C, AH, 9C, 3S, AC, 6D, 3D, AD, TS, JC, TC]
2025-01-04 23:00:33,644 - Active Player: 2
2025-01-04 23:00:33,645 - STATE LOG: END
2025-01-04 23:00:34,266 - STATE LOG: BEGIN
2025-01-04 23:00:34,266 - Noah's Hand: [2C, 6S, 7H, 8H, 9D, AS, 4D]
2025-01-04 23:00:34,266 - Eve's Hand: [3C, 4C, 4H, 4S, 6H, 7D, TD]
2025-01-04 23:00:34,266 - Boss: Rank: 11 | Suit H | Attack 0 | Health 10
2025-01-04 23:00:34,266 - Tavern: [2D, 2S, 8S, 9S, TH, 7S, 8C, 7C, 8D, 5H]
2025-01-04 23:00:34,266 - Castle: [KS, KH, KC, KD, QD, QC, QH, QS, JS, JD]
2025-01-04 23:00:34,266 - Discard: [5C, 2H, 9H, 3H, 6C, AH, 9C, 3S, AC, 6D, 3D, AD, TS, JC, TC]
2025-01-04 23:00:34,266 - Active Player: 1
2025-01-04 23:00:34,266 - STATE LOG: END
2025-01-04 23:00:34,925 - STATE LOG: BEGIN
2025-01-04 23:00:34,925 - Noah's Hand: [2C, 4D, 6S, 7H, 8H, 9D]
2025-01-04 23:00:34,925 - Eve's Hand: [3C, 4C, 4H, 4S, 6H, 7D, TD]
2025-01-04 23:00:34,925 - Boss: Rank: 11 | Suit H | Attack 0 | Health 9
2025-01-04 23:00:34,925 - Tavern: [2D, 2S, 8S, 9S, TH, 7S, 8C, 7C, 8D, 5H]
2025-01-04 23:00:34,925 - Castle: [KS, KH, KC, KD, QD, QC, QH, QS, JS, JD]
2025-01-04 23:00:34,925 - Discard: [5C, 2H, 9H, 3H, 6C, AH, 9C, 3S, AC, 6D, 3D, AD, TS, JC, TC]
2025-01-04 23:00:34,925 - Active Player: 2
2025-01-04 23:00:34,925 - STATE LOG: END
2025-01-04 23:00:35,530 - STATE LOG: BEGIN
2025-01-04 23:00:35,530 - Noah's Hand: [2C, 4D, 6S, 7H, 8H, 9D]
2025-01-04 23:00:35,530 - Eve's Hand: [3C, 4C, 4H, 4S, 6H, 7D, TD]
2025-01-04 23:00:35,530 - Boss: Rank: 11 | Suit H | Attack 0 | Health 9
2025-01-04 23:00:35,530 - Tavern: [2D, 2S, 8S, 9S, TH, 7S, 8C, 7C, 8D, 5H]
2025-01-04 23:00:35,530 - Castle: [KS, KH, KC, KD, QD, QC, QH, QS, JS, JD]
2025-01-04 23:00:35,530 - Discard: [5C, 2H, 9H, 3H, 6C, AH, 9C, 3S, AC, 6D, 3D, AD, TS, JC, TC]
2025-01-04 23:00:35,530 - Active Player: 1
2025-01-04 23:00:35,530 - STATE LOG: END
2025-01-04 23:00:36,164 - STATE LOG: BEGIN
2025-01-04 23:00:36,164 - Noah's Hand: [2C, 4D, 6S, 7H, 8H, 5H, 8D]
2025-01-04 23:00:36,164 - Eve's Hand: [3C, 4C, 4H, 4S, 6H, 7D, TD]
2025-01-04 23:00:36,164 - Boss: Rank: 11 | Suit D | Attack 10 | Health 20
2025-01-04 23:00:36,164 - Tavern: [2D, 2S, 8S, 9S, TH, 7S, 8C, 7C]
2025-01-04 23:00:36,164 - Castle: [KS, KH, KC, KD, QD, QC, QH, QS, JS]
2025-01-04 23:00:36,164 - Discard: [5C, 2H, 9H, 3H, 6C, AH, 9C, 3S, AC, 6D, 3D, AD, TS, JC, TC, 5D, 5S, AS, 9D]
2025-01-04 23:00:36,164 - Active Player: 1
2025-01-04 23:00:36,164 - STATE LOG: END
2025-01-04 23:00:36,712 - STATE LOG: BEGIN
2025-01-04 23:00:36,713 - Noah's Hand: [2C, 4D, 7H, 8D, 8H]
2025-01-04 23:00:36,713 - Eve's Hand: [3C, 4C, 4H, 4S, 6H, 7D, TD]
2025-01-04 23:00:36,713 - Boss: Rank: 11 | Suit D | Attack 4 | Health 14
2025-01-04 23:00:36,713 - Tavern: [2D, 2S, 8S, 9S, TH, 7S, 8C, 7C]
2025-01-04 23:00:36,713 - Castle: [KS, KH, KC, KD, QD, QC, QH, QS, JS]
2025-01-04 23:00:36,713 - Discard: [5C, 2H, 9H, 3H, 6C, AH, 9C, 3S, AC, 6D, 3D, AD, TS, JC, TC, 5D, 5S, AS, 9D, 5H]
2025-01-04 23:00:36,713 - Active Player: 2
2025-01-04 23:00:36,713 - STATE LOG: END
2025-01-04 23:00:37,360 - STATE LOG: BEGIN
2025-01-04 23:00:37,361 - Noah's Hand: [2C, 4D, 7H, 8D, 8H]
2025-01-04 23:00:37,361 - Eve's Hand: [3C, 4C, 4H, 6H, 7D, TD]
2025-01-04 23:00:37,361 - Boss: Rank: 11 | Suit D | Attack 0 | Health 10
2025-01-04 23:00:37,361 - Tavern: [2D, 2S, 8S, 9S, TH, 7S, 8C, 7C]
2025-01-04 23:00:37,361 - Castle: [KS, KH, KC, KD, QD, QC, QH, QS, JS]
2025-01-04 23:00:37,361 - Discard: [5C, 2H, 9H, 3H, 6C, AH, 9C, 3S, AC, 6D, 3D, AD, TS, JC, TC, 5D, 5S, AS, 9D, 5H]
2025-01-04 23:00:37,361 - Active Player: 1
2025-01-04 23:00:37,361 - STATE LOG: END
2025-01-04 23:00:37,995 - STATE LOG: BEGIN
2025-01-04 23:00:37,995 - Noah's Hand: [2C, 4D, 8D, 8H]
2025-01-04 23:00:37,995 - Eve's Hand: [3C, 4C, 4H, 6H, 7D, TD]
2025-01-04 23:00:37,995 - Boss: Rank: 11 | Suit D | Attack 0 | Health 3
2025-01-04 23:00:37,995 - Tavern: [6D, 5S, TC, AC, 9H, 5C, 2H, 2D, 2S, 8S, 9S, TH, 7S, 8C, 7C]
2025-01-04 23:00:37,995 - Castle: [KS, KH, KC, KD, QD, QC, QH, QS, JS]
2025-01-04 23:00:37,995 - Discard: [5D, AD, 3D, JC, AS, 9C, TS, 3H, 5H, 6C, 3S, AH, 9D]
2025-01-04 23:00:37,995 - Active Player: 2
2025-01-04 23:00:37,995 - STATE LOG: END
2025-01-04 23:00:38,601 - STATE LOG: BEGIN
2025-01-04 23:00:38,601 - Noah's Hand: [2C, 4D, 8D, 8H]
2025-01-04 23:00:38,601 - Eve's Hand: [3C, 4C, 6H, 7D, TD]
2025-01-04 23:00:38,601 - Boss: Rank: 11 | Suit S | Attack 10 | Health 20
2025-01-04 23:00:38,601 - Tavern: [3D, AS, JC, 5D, 6D, 5S, TC, AC, 9H, 5C, 2H, 2D, 2S, 8S, 9S, TH, 7S, 8C, 7C]
2025-01-04 23:00:38,601 - Castle: [KS, KH, KC, KD, QD, QC, QH, QS]
2025-01-04 23:00:38,601 - Discard: [3S, 9D, 3H, AD, 5H, TS, 9C, 6C, AH, 6S, 7H, 4S, 4H, JD]
2025-01-04 23:00:38,601 - Active Player: 2
2025-01-04 23:00:38,601 - STATE LOG: END
2025-01-04 23:00:38,965 - STATE LOG: BEGIN
2025-01-04 23:00:38,965 - Noah's Hand: [2C, 4D, 8D, 8H]
2025-01-04 23:00:38,965 - Eve's Hand: [7D, TD]
2025-01-04 23:00:38,965 - Boss: Rank: 11 | Suit S | Attack 10 | Health 20
2025-01-04 23:00:38,965 - Tavern: [3D, AS, JC, 5D, 6D, 5S, TC, AC, 9H, 5C, 2H, 2D, 2S, 8S, 9S, TH, 7S, 8C, 7C]
2025-01-04 23:00:38,965 - Castle: [KS, KH, KC, KD, QD, QC, QH, QS]
2025-01-04 23:00:38,965 - Discard: [3S, 9D, 3H, AD, 5H, TS, 9C, 6C, AH, 6S, 7H, 4S, 4H, JD, 6H, 3C, 4C]
2025-01-04 23:00:38,965 - Active Player: 1
2025-01-04 23:00:38,965 - STATE LOG: END
2025-01-04 23:00:39,351 - STATE LOG: BEGIN
2025-01-04 23:00:39,351 - Noah's Hand: [2C, 8D, 8H]
2025-01-04 23:00:39,351 - Eve's Hand: [7D, TD, 7C, 7S]
2025-01-04 23:00:39,351 - Boss: Rank: 11 | Suit S | Attack 10 | Health 16
2025-01-04 23:00:39,351 - Tavern: [3D, AS, JC, 5D, 6D, 5S, TC, AC, 9H, 5C, 2H, 2D, 2S, 8S, 9S, TH]
2025-01-04 23:00:39,351 - Castle: [KS, KH, KC, KD, QD, QC, QH, QS]
2025-01-04 23:00:39,351 - Discard: [3S, 9D, 3H, AD, 5H, TS, 9C, 6C, AH, 6S, 7H, 4S, 4H, JD, 6H, 3C, 4C, 8C, JH]
2025-01-04 23:00:39,351 - Active Player: 2
2025-01-04 23:00:39,351 - STATE LOG: END
2025-01-04 23:00:39,567 - STATE LOG: BEGIN
2025-01-04 23:00:39,567 - Noah's Hand: [2C, 8D, 8H, 9S, 2S, 2H, 9H]
2025-01-04 23:00:39,567 - Eve's Hand: [7D, 7S, TH, 2D, 5C]
2025-01-04 23:00:39,567 - Boss: Rank: 11 | Suit S | Attack 10 | Health 6
2025-01-04 23:00:39,567 - Tavern: [3D, AS, JC, 5D, 6D, 5S, TC, AC]
2025-01-04 23:00:39,567 - Castle: [KS, KH, KC, KD, QD, QC, QH, QS]
2025-01-04 23:00:39,567 - Discard: [3S, 9D, 3H, AD, 5H, TS, 9C, 6C, AH, 6S, 7H, 4S, 4H, JD, 6H, 3C, 4C, 8C, JH, 8S, 7C]
2025-01-04 23:00:39,567 - Active Player: 1
2025-01-04 23:00:39,567 - STATE LOG: END
2025-01-04 23:00:40,207 - STATE LOG: BEGIN
2025-01-04 23:00:40,207 - Noah's Hand: [8D, 8H, 9H, 9S]
2025-01-04 23:00:40,207 - Eve's Hand: [7D, 7S, TH, 2D, 5C]
2025-01-04 23:00:40,207 - Boss: Rank: 12 | Suit S | Attack 15 | Health 30
2025-01-04 23:00:40,207 - Tavern: [3H, 6H, 7H, AD, 4S, AH, 3D, AS, JC, 5D, 6D, 5S, TC, AC]
2025-01-04 23:00:40,207 - Castle: [KS, KH, KC, KD, QD, QC, QH]
2025-01-04 23:00:40,207 - Discard: [6C, JD, TS, 4H, 7C, 5H, 9D, 8S, JH, 6S, 3C, 4C, 3S, 9C, 8C, 4D, 2C, 2H, 2S, TD, JS]
2025-01-04 23:00:40,208 - Active Player: 1
2025-01-04 23:00:40,208 - STATE LOG: END
2025-01-04 23:00:40,348 - STATE LOG: BEGIN
2025-01-04 23:00:40,348 - Noah's Hand: [8H, 9H, AC, 5S, 5D]
2025-01-04 23:00:40,348 - Eve's Hand: [7D, 7S, TH, 2D, 5C, TC, 6D]
2025-01-04 23:00:40,348 - Boss: Rank: 12 | Suit S | Attack 15 | Health 22
2025-01-04 23:00:40,348 - Tavern: [3H, 6H, 7H, AD, 4S, AH, 3D, AS]
2025-01-04 23:00:40,348 - Castle: [KS, KH, KC, KD, QD, QC, QH]
2025-01-04 23:00:40,348 - Discard: [6C, JD, TS, 4H, 7C, 5H, 9D, 8S, JH, 6S, 3C, 4C, 3S, 9C, 8C, 4D, 2C, 2H, 2S, TD, JS, 9S, JC]
2025-01-04 23:00:40,348 - Active Player: 2
2025-01-04 23:00:40,348 - STATE LOG: END
2025-01-04 23:00:41,003 - STATE LOG: BEGIN
2025-01-04 23:00:41,003 - Noah's Hand: [8H, 9H, AC, 5S, 5D]
2025-01-04 23:00:41,003 - Eve's Hand: [2D, 6D, 7D, 7S]
2025-01-04 23:00:41,003 - Boss: Rank: 12 | Suit S | Attack 15 | Health 12
2025-01-04 23:00:41,003 - Tavern: [2S, 6C, 7C, 5H, 4H, 3C, 8S, 3S, TS, JC, 3H, 6H, 7H, AD, 4S, AH, 3D, AS]
2025-01-04 23:00:41,003 - Castle: [KS, KH, KC, KD, QD, QC, QH]
2025-01-04 23:00:41,003 - Discard: [9D, 4C, JD, 8C, TD, 4D, JH, 9C, JS, 9S, 2H, 6S, 2C, 5C, TC]
2025-01-04 23:00:41,003 - Active Player: 1
2025-01-04 23:00:41,003 - STATE LOG: END
2025-01-04 23:00:41,241 - STATE LOG: BEGIN
2025-01-04 23:00:41,241 - Noah's Hand: [5S, 8H, 9H, AS, AH, AD]
2025-01-04 23:00:41,241 - Eve's Hand: [2D, 6D, 7D, 7S, 3D, 4S, 7H]
2025-01-04 23:00:41,241 - Boss: Rank: 12 | Suit H | Attack 15 | Health 30
2025-01-04 23:00:41,241 - Tavern: [2S, 6C, 7C, 5H, 4H, 3C, 8S, 3S, TS, JC, 3H, 6H]
2025-01-04 23:00:41,241 - Castle: [KS, KH, KC, KD, QD, QC]
2025-01-04 23:00:41,241 - Discard: [9D, 4C, JD, 8C, TD, 4D, JH, 9C, JS, 9S, 2H, 6S, 2C, 5C, TC, 8D, AC, 5D, TH]
2025-01-04 23:00:41,241 - Active Player: 1
2025-01-04 23:00:41,241 - STATE LOG: END
2025-01-04 23:00:41,916 - STATE LOG: BEGIN
2025-01-04 23:00:41,916 - Noah's Hand: [AD, AH, 5S]
2025-01-04 23:00:41,916 - Eve's Hand: [2D, 6D, 7D, 7S, 3D, 4S, 7H]
2025-01-04 23:00:41,916 - Boss: Rank: 12 | Suit H | Attack 5 | Health 20
2025-01-04 23:00:41,916 - Tavern: [2S, 6C, 7C, 5H, 4H, 3C, 8S, 3S, TS, JC, 3H, 6H]
2025-01-04 23:00:41,916 - Castle: [KS, KH, KC, KD, QD, QC]
2025-01-04 23:00:41,916 - Discard: [9D, 4C, JD, 8C, TD, 4D, JH, 9C, JS, 9S, 2H, 6S, 2C, 5C, TC, 8D, AC, 5D, TH, 8H]
2025-01-04 23:00:41,916 - Active Player: 2
2025-01-04 23:00:41,916 - STATE LOG: END
2025-01-04 23:00:42,733 - STATE LOG: BEGIN
2025-01-04 23:00:42,733 - Noah's Hand: [AD, AH, 5S, 6H, 3H, JC, TS]
2025-01-04 23:00:42,733 - Eve's Hand: [2D, 3D, 4S, 7D, 7H, QS]
2025-01-04 23:00:42,733 - Boss: Rank: 12 | Suit H | Attack 5 | Health 14
2025-01-04 23:00:42,733 - Tavern: [2S, 6C, 7C, 5H, 4H, 3C, 8S, 3S]
2025-01-04 23:00:42,733 - Castle: [KS, KH, KC, KD, QD, QC]
2025-01-04 23:00:42,733 - Discard: [9D, 4C, JD, 8C, TD, 4D, JH, 9C, JS, 9S, 2H, 6S, 2C, 5C, TC, 8D, AC, 5D, TH, 8H, 7S]
2025-01-04 23:00:42,733 - Active Player: 1
2025-01-04 23:00:42,733 - STATE LOG: END
2025-01-04 23:00:43,587 - STATE LOG: BEGIN
2025-01-04 23:00:43,587 - Noah's Hand: [AD, 3H, 6H, JC, TS]
2025-01-04 23:00:43,587 - Eve's Hand: [2D, 3D, 4S, 7D, 7H, QS]
2025-01-04 23:00:43,587 - Boss: Rank: 12 | Suit H | Attack 0 | Health 8
2025-01-04 23:00:43,587 - Tavern: [2S, 6C, 7C, 5H, 4H, 3C, 8S, 3S]
2025-01-04 23:00:43,587 - Castle: [KS, KH, KC, KD, QD, QC]
2025-01-04 23:00:43,587 - Discard: [9D, 4C, JD, 8C, TD, 4D, JH, 9C, JS, 9S, 2H, 6S, 2C, 5C, TC, 8D, AC, 5D, TH, 8H, 7S]
2025-01-04 23:00:43,587 - Active Player: 2
2025-01-04 23:00:43,587 - STATE LOG: END
2025-01-04 23:00:44,431 - STATE LOG: BEGIN
2025-01-04 23:00:44,431 - Noah's Hand: [AD, 3H, 6H, JC, TS, 8S]
2025-01-04 23:00:44,431 - Eve's Hand: [3D, 4S, 7D, 7H, QS, 3S]
2025-01-04 23:00:44,431 - Boss: Rank: 12 | Suit H | Attack 0 | Health 6
2025-01-04 23:00:44,431 - Tavern: [2S, 6C, 7C, 5H, 4H, 3C]
2025-01-04 23:00:44,431 - Castle: [KS, KH, KC, KD, QD, QC]
2025-01-04 23:00:44,431 - Discard: [9D, 4C, JD, 8C, TD, 4D, JH, 9C, JS, 9S, 2H, 6S, 2C, 5C, TC, 8D, AC, 5D, TH, 8H, 7S]
2025-01-04 23:00:44,431 - Active Player: 1
2025-01-04 23:00:44,431 - STATE LOG: END
2025-01-04 23:00:45,274 - STATE LOG: BEGIN
2025-01-04 23:00:45,274 - Noah's Hand: [AD, 3H, 6H, JC, 8S, TS]
2025-01-04 23:00:45,274 - Eve's Hand: [3D, 4S, 7D, 7H, QS, 3S]
2025-01-04 23:00:45,274 - Boss: Rank: 12 | Suit H | Attack 0 | Health 6
2025-01-04 23:00:45,274 - Tavern: [2S, 6C, 7C, 5H, 4H, 3C]
2025-01-04 23:00:45,274 - Castle: [KS, KH, KC, KD, QD, QC]
2025-01-04 23:00:45,274 - Discard: [9D, 4C, JD, 8C, TD, 4D, JH, 9C, JS, 9S, 2H, 6S, 2C, 5C, TC, 8D, AC, 5D, TH, 8H, 7S]
2025-01-04 23:00:45,274 - Active Player: 2
2025-01-04 23:00:45,274 - STATE LOG: END
2025-01-04 23:00:46,092 - STATE LOG: BEGIN
2025-01-04 23:00:46,093 - Noah's Hand: [AD, 3H, 6H, JC, 8S, TS, 4H]
2025-01-04 23:00:46,093 - Eve's Hand: [3S, 4S, 7D, 7H, QS, 3C, 5H]
2025-01-04 23:00:46,093 - Boss: Rank: 12 | Suit H | Attack 0 | Health 3
2025-01-04 23:00:46,093 - Tavern: [2S, 6C, 7C]
2025-01-04 23:00:46,093 - Castle: [KS, KH, KC, KD, QD, QC]
2025-01-04 23:00:46,093 - Discard: [9D, 4C, JD, 8C, TD, 4D, JH, 9C, JS, 9S, 2H, 6S, 2C, 5C, TC, 8D, AC, 5D, TH, 8H, 7S]
2025-01-04 23:00:46,093 - Active Player: 1
2025-01-04 23:00:46,093 - STATE LOG: END
2025-01-04 23:00:46,933 - STATE LOG: BEGIN
2025-01-04 23:00:46,933 - Noah's Hand: [AD, 3H, 6H, JC, 8S, TS]
2025-01-04 23:00:46,933 - Eve's Hand: [3S, 4S, 7D, 7H, QS, 3C, 5H]
2025-01-04 23:00:46,934 - Boss: Rank: 12 | Suit C | Attack 15 | Health 30
2025-01-04 23:00:46,934 - Tavern: [2S, 6C, 7C]
2025-01-04 23:00:46,934 - Castle: [KS, KH, KC, KD, QD]
2025-01-04 23:00:46,934 - Discard: [9D, 4C, JD, 8C, TD, 4D, JH, 9C, JS, 9S, 2H, 6S, 2C, 5C, TC, 8D, AC, 5D, TH, 8H, 7S, AS, 9H, AH, 5S, 4H, 6D, 2D, 3D, QH]
2025-01-04 23:00:46,934 - Active Player: 1
2025-01-04 23:00:46,934 - STATE LOG: END
2025-01-04 23:00:47,691 - STATE LOG: BEGIN
2025-01-04 23:00:47,691 - Noah's Hand: [3H, 6H, 8S, 7C, 6C, 2S]
2025-01-04 23:00:47,691 - Eve's Hand: [3S, 4S, 7D, 7H, QS, 3C, 5H]
2025-01-04 23:00:47,691 - Boss: Rank: 12 | Suit C | Attack 4 | Health 19
2025-01-04 23:00:47,691 - Tavern: []
2025-01-04 23:00:47,691 - Castle: [KS, KH, KC, KD, QD]
2025-01-04 23:00:47,691 - Discard: [9D, 4C, JD, 8C, TD, 4D, JH, 9C, JS, 9S, 2H, 6S, 2C, 5C, TC, 8D, AC, 5D, TH, 8H, 7S, AS, 9H, AH, 5S, 4H, 6D, 2D, 3D, QH, JC]
2025-01-04 23:00:47,691 - Active Player: 2
2025-01-04 23:00:47,691 - STATE LOG: END
2025-01-04 23:00:48,481 - STATE LOG: BEGIN
2025-01-04 23:00:48,481 - Noah's Hand: [3H, 6H, 8S, 7C, 6C, 2S]
2025-01-04 23:00:48,481 - Eve's Hand: [3C, 3S, 5H, 7D, 7H, QS]
2025-01-04 23:00:48,481 - Boss: Rank: 12 | Suit C | Attack 0 | Health 15
2025-01-04 23:00:48,481 - Tavern: []
2025-01-04 23:00:48,481 - Castle: [KS, KH, KC, KD, QD]
2025-01-04 23:00:48,481 - Discard: [9D, 4C, JD, 8C, TD, 4D, JH, 9C, JS, 9S, 2H, 6S, 2C, 5C, TC, 8D, AC, 5D, TH, 8H, 7S, AS, 9H, AH, 5S, 4H, 6D, 2D, 3D, QH, JC]
2025-01-04 23:00:48,481 - Active Player: 1
2025-01-04 23:00:48,481 - STATE LOG: END
2025-01-04 23:00:49,270 - STATE LOG: BEGIN
2025-01-04 23:00:49,270 - Noah's Hand: [2S, 3H, 6C, 6H, 7C, 8S]
2025-01-04 23:00:49,270 - Eve's Hand: [3C, 3S, 5H, 7D, 7H, QS]
2025-01-04 23:00:49,270 - Boss: Rank: 12 | Suit C | Attack 0 | Health 15
2025-01-04 23:00:49,270 - Tavern: []
2025-01-04 23:00:49,270 - Castle: [KS, KH, KC, KD, QD]
2025-01-04 23:00:49,270 - Discard: [9D, 4C, JD, 8C, TD, 4D, JH, 9C, JS, 9S, 2H, 6S, 2C, 5C, TC, 8D, AC, 5D, TH, 8H, 7S, AS, 9H, AH, 5S, 4H, 6D, 2D, 3D, QH, JC]
2025-01-04 23:00:49,270 - Active Player: 2
2025-01-04 23:00:49,270 - STATE LOG: END
2025-01-04 23:00:50,060 - STATE LOG: BEGIN
2025-01-04 23:00:50,061 - Noah's Hand: [2S, 3H, 6C, 6H, 7C, 8S]
2025-01-04 23:00:50,061 - Eve's Hand: [3C, 3S, 7D, 7H, QS]
2025-01-04 23:00:50,061 - Boss: Rank: 12 | Suit C | Attack 0 | Health 10
2025-01-04 23:00:50,061 - Tavern: [TC, 6D, JS, 9D, 8D]
2025-01-04 23:00:50,061 - Castle: [KS, KH, KC, KD, QD]
2025-01-04 23:00:50,061 - Discard: [4D, AH, TH, 2D, 6S, 5S, QH, 5C, 3D, 8H, 9S, 9H, 4H, 7S, AS, 5D, 2H, JH, 8C, AC, JC, TD, 9C, 4C, JD, 2C]
2025-01-04 23:00:50,061 - Active Player: 1
2025-01-04 23:00:50,061 - STATE LOG: END
2025-01-04 23:00:50,814 - STATE LOG: BEGIN
2025-01-04 23:00:50,814 - Noah's Hand: [2S, 3H, 6C, 6H, 7C, 8S]
2025-01-04 23:00:50,814 - Eve's Hand: [3C, 3S, 7D, 7H, QS]
2025-01-04 23:00:50,814 - Boss: Rank: 12 | Suit C | Attack 0 | Health 10
2025-01-04 23:00:50,815 - Tavern: [TC, 6D, JS, 9D, 8D]
2025-01-04 23:00:50,815 - Castle: [KS, KH, KC, KD, QD]
2025-01-04 23:00:50,815 - Discard: [4D, AH, TH, 2D, 6S, 5S, QH, 5C, 3D, 8H, 9S, 9H, 4H, 7S, AS, 5D, 2H, JH, 8C, AC, JC, TD, 9C, 4C, JD, 2C]
2025-01-04 23:00:50,815 - Active Player: 2
2025-01-04 23:00:50,815 - STATE LOG: END
2025-01-04 23:00:51,189 - STATE LOG: BEGIN
2025-01-04 23:00:51,189 - Noah's Hand: [2S, 3H, 6C, 6H, 7C, 8S, 9D]
2025-01-04 23:00:51,189 - Eve's Hand: [3C, 3S, 7H, QS, 8D, JS, 6D]
2025-01-04 23:00:51,189 - Boss: Rank: 12 | Suit C | Attack 0 | Health 3
2025-01-04 23:00:51,189 - Tavern: [TC]
2025-01-04 23:00:51,189 - Castle: [KS, KH, KC, KD, QD]
2025-01-04 23:00:51,189 - Discard: [4D, AH, TH, 2D, 6S, 5S, QH, 5C, 3D, 8H, 9S, 9H, 4H, 7S, AS, 5D, 2H, JH, 8C, AC, JC, TD, 9C, 4C, JD, 2C]
2025-01-04 23:00:51,189 - Active Player: 1
2025-01-04 23:00:51,189 - STATE LOG: END
2025-01-04 23:00:51,986 - STATE LOG: BEGIN
2025-01-04 23:00:51,986 - Noah's Hand: [3H, 6C, 6H, 7C, 8S, 9D]
2025-01-04 23:00:51,986 - Eve's Hand: [3C, 3S, 7H, QS, 8D, JS, 6D]
2025-01-04 23:00:51,986 - Boss: Rank: 12 | Suit C | Attack 0 | Health 1
2025-01-04 23:00:51,986 - Tavern: [TC]
2025-01-04 23:00:51,986 - Castle: [KS, KH, KC, KD, QD]
2025-01-04 23:00:51,986 - Discard: [4D, AH, TH, 2D, 6S, 5S, QH, 5C, 3D, 8H, 9S, 9H, 4H, 7S, AS, 5D, 2H, JH, 8C, AC, JC, TD, 9C, 4C, JD, 2C]
2025-01-04 23:00:51,986 - Active Player: 2
2025-01-04 23:00:51,986 - STATE LOG: END
2025-01-04 23:00:52,779 - STATE LOG: BEGIN
2025-01-04 23:00:52,779 - Noah's Hand: [3H, 6C, 6H, 7C, 8S, 9D]
2025-01-04 23:00:52,779 - Eve's Hand: [3C, 3S, 6D, 8D, JS, QS]
2025-01-04 23:00:52,779 - Boss: Rank: 12 | Suit D | Attack 15 | Health 30
2025-01-04 23:00:52,779 - Tavern: [AC, 2C, AH, 4C, 8C, 4H, 9S, TC]
2025-01-04 23:00:52,779 - Castle: [KS, KH, KC, KD]
2025-01-04 23:00:52,779 - Discard: [9H, 2H, 7S, 2D, JD, QH, AS, JC, 6S, TH, JH, 9C, TD, 5C, 4D, 3D, 8H, 5D, 5S, AD, TS, 2S, 4S, 5H, 7D, 7H, QC]
2025-01-04 23:00:52,779 - Active Player: 2
2025-01-04 23:00:52,779 - STATE LOG: END
2025-01-04 23:00:53,268 - STATE LOG: BEGIN
2025-01-04 23:00:53,268 - Noah's Hand: [3H, 6C, 6H, 7C, 8S, 9D]
2025-01-04 23:00:53,268 - Eve's Hand: [3C, 6D, 8D]
2025-01-04 23:00:53,268 - Boss: Rank: 12 | Suit D | Attack 4 | Health 19
2025-01-04 23:00:53,268 - Tavern: [AC, 2C, AH, 4C, 8C, 4H, 9S, TC]
2025-01-04 23:00:53,268 - Castle: [KS, KH, KC, KD]
2025-01-04 23:00:53,268 - Discard: [9H, 2H, 7S, 2D, JD, QH, AS, JC, 6S, TH, JH, 9C, TD, 5C, 4D, 3D, 8H, 5D, 5S, AD, TS, 2S, 4S, 5H, 7D, 7H, QC, 3S, QS]
2025-01-04 23:00:53,268 - Active Player: 1
2025-01-04 23:00:53,268 - STATE LOG: END
2025-01-04 23:00:53,457 - STATE LOG: BEGIN
2025-01-04 23:00:53,457 - Noah's Hand: [3H, 6C, 6H, 7C, 9D]
2025-01-04 23:00:53,457 - Eve's Hand: [3C, 6D, 8D]
2025-01-04 23:00:53,457 - Boss: Rank: 12 | Suit D | Attack 0 | Health 11
2025-01-04 23:00:53,457 - Tavern: [AC, 2C, AH, 4C, 8C, 4H, 9S, TC]
2025-01-04 23:00:53,457 - Castle: [KS, KH, KC, KD]
2025-01-04 23:00:53,457 - Discard: [9H, 2H, 7S, 2D, JD, QH, AS, JC, 6S, TH, JH, 9C, TD, 5C, 4D, 3D, 8H, 5D, 5S, AD, TS, 2S, 4S, 5H, 7D, 7H, QC, 3S, QS]
2025-01-04 23:00:53,457 - Active Player: 2
2025-01-04 23:00:53,457 - STATE LOG: END
2025-01-04 23:00:53,700 - STATE LOG: BEGIN
2025-01-04 23:00:53,700 - Noah's Hand: [3H, 6C, 6H, 7C, 9D]
2025-01-04 23:00:53,700 - Eve's Hand: [3C, 6D, 8D]
2025-01-04 23:00:53,700 - Boss: Rank: 12 | Suit D | Attack 0 | Health 11
2025-01-04 23:00:53,700 - Tavern: [AC, 2C, AH, 4C, 8C, 4H, 9S, TC]
2025-01-04 23:00:53,700 - Castle: [KS, KH, KC, KD]
2025-01-04 23:00:53,700 - Discard: [9H, 2H, 7S, 2D, JD, QH, AS, JC, 6S, TH, JH, 9C, TD, 5C, 4D, 3D, 8H, 5D, 5S, AD, TS, 2S, 4S, 5H, 7D, 7H, QC, 3S, QS]
2025-01-04 23:00:53,700 - Active Player: 1
2025-01-04 23:00:53,700 - STATE LOG: END
2025-01-04 23:00:53,793 - STATE LOG: BEGIN
2025-01-04 23:00:53,793 - Noah's Hand: [6C, 6H, 7C, 9D]
2025-01-04 23:00:53,793 - Eve's Hand: [3C, 6D, 8D]
2025-01-04 23:00:53,793 - Boss: Rank: 12 | Suit D | Attack 0 | Health 8
2025-01-04 23:00:53,793 - Tavern: [TD, 2S, QS, AC, 2C, AH, 4C, 8C, 4H, 9S, TC]
2025-01-04 23:00:53,793 - Castle: [KS, KH, KC, KD]
2025-01-04 23:00:53,793 - Discard: [TH, 7H, QC, 4S, 5S, AD, 3S, 7D, 3D, JH, TS, 4D, JD, 5C, 2H, 8H, JC, 5D, 5H, 9H, 2D, 7S, 6S, QH, AS, 9C]
2025-01-04 23:00:53,793 - Active Player: 2
2025-01-04 23:00:53,793 - STATE LOG: END
2025-01-04 23:00:53,928 - STATE LOG: BEGIN
2025-01-04 23:00:53,928 - Noah's Hand: [6C, 6H, 7C, 9D]
2025-01-04 23:00:53,929 - Eve's Hand: [3C, 6D, 8D]
2025-01-04 23:00:53,929 - Boss: Rank: 12 | Suit D | Attack 0 | Health 8
2025-01-04 23:00:53,929 - Tavern: [TD, 2S, QS, AC, 2C, AH, 4C, 8C, 4H, 9S, TC]
2025-01-04 23:00:53,929 - Castle: [KS, KH, KC, KD]
2025-01-04 23:00:53,929 - Discard: [TH, 7H, QC, 4S, 5S, AD, 3S, 7D, 3D, JH, TS, 4D, JD, 5C, 2H, 8H, JC, 5D, 5H, 9H, 2D, 7S, 6S, QH, AS, 9C]
2025-01-04 23:00:53,929 - Active Player: 1
2025-01-04 23:00:53,929 - STATE LOG: END
2025-01-04 23:00:53,975 - STATE LOG: BEGIN
2025-01-04 23:00:53,975 - Noah's Hand: [6C, 7C, 9D]
2025-01-04 23:00:53,975 - Eve's Hand: [3C, 6D, 8D]
2025-01-04 23:00:53,975 - Boss: Rank: 12 | Suit D | Attack 0 | Health 2
2025-01-04 23:00:53,975 - Tavern: [2H, 4D, AS, 3D, 6S, 5S, TD, 2S, QS, AC, 2C, AH, 4C, 8C, 4H, 9S, TC]
2025-01-04 23:00:53,975 - Castle: [KS, KH, KC, KD]
2025-01-04 23:00:53,975 - Discard: [9C, 5C, QC, JD, 5H, 3S, 7D, 4S, AD, 5D, 8H, TH, 2D, 7H, 7S, QH, JH, JC, 9H, TS]
2025-01-04 23:00:53,975 - Active Player: 2
2025-01-04 23:00:53,975 - STATE LOG: END
2025-01-04 23:00:54,009 - STATE LOG: BEGIN
2025-01-04 23:00:54,009 - Noah's Hand: [6C, 7C, 9D]
2025-01-04 23:00:54,009 - Eve's Hand: [3C, 6D, 8D]
2025-01-04 23:00:54,009 - Boss: Rank: 12 | Suit D | Attack 0 | Health 2
2025-01-04 23:00:54,009 - Tavern: [2H, 4D, AS, 3D, 6S, 5S, TD, 2S, QS, AC, 2C, AH, 4C, 8C, 4H, 9S, TC]
2025-01-04 23:00:54,009 - Castle: [KS, KH, KC, KD]
2025-01-04 23:00:54,009 - Discard: [9C, 5C, QC, JD, 5H, 3S, 7D, 4S, AD, 5D, 8H, TH, 2D, 7H, 7S, QH, JH, JC, 9H, TS]
2025-01-04 23:00:54,009 - Active Player: 1
2025-01-04 23:00:54,009 - STATE LOG: END
2025-01-04 23:00:54,027 - STATE LOG: BEGIN
2025-01-04 23:00:54,027 - Noah's Hand: [6C, 9D]
2025-01-04 23:00:54,027 - Eve's Hand: [3C, 6D, 8D]
2025-01-04 23:00:54,027 - Boss: Rank: 13 | Suit D | Attack 20 | Health 40
2025-01-04 23:00:54,027 - Tavern: [2H, 4D, AS, 3D, 6S, 5S, TD, 2S, QS, AC, 2C, AH, 4C, 8C, 4H, 9S, TC]
2025-01-04 23:00:54,027 - Castle: [KS, KH, KC]
2025-01-04 23:00:54,027 - Discard: [9C, 5C, QC, JD, 5H, 3S, 7D, 4S, AD, 5D, 8H, TH, 2D, 7H, 7S, QH, JH, JC, 9H, TS, 8S, 3H, 6H, 7C, JS, QD]
2025-01-04 23:00:54,027 - Active Player: 1
2025-01-04 23:00:54,027 - STATE LOG: END
2025-01-04 23:00:54,031 - STATE LOG: BEGIN
2025-01-04 23:00:54,031 - Noah's Hand: [9D]
2025-01-04 23:00:54,031 - Eve's Hand: [3C, 6D, 8D]
2025-01-04 23:00:54,031 - Boss: Rank: 13 | Suit D | Attack 20 | Health 28
2025-01-04 23:00:54,031 - Tavern: [2H, 4D, AS, 3D, 6S, 5S, TD, 2S, QS, AC, 2C, AH, 4C, 8C, 4H, 9S, TC]
2025-01-04 23:00:54,032 - Castle: [KS, KH, KC]
2025-01-04 23:00:54,032 - Discard: [9C, 5C, QC, JD, 5H, 3S, 7D, 4S, AD, 5D, 8H, TH, 2D, 7H, 7S, QH, JH, JC, 9H, TS, 8S, 3H, 6H, 7C, JS, QD]
2025-01-04 23:00:54,032 - Active Player: 2
2025-01-04 23:00:54,032 - STATE LOG: END
