2025-01-04 13:58:21,273 - I log states! :D
2025-01-04 13:58:21,273 - STATE LOG: BEGIN
2025-01-04 13:58:21,273 - Noah's Hand: [TC, 3S, 9H, 9D, 8H, 2H, 5C]
2025-01-04 13:58:21,274 - EVe's Hand: [TS, AC, 8S, 4C, 3D, 2S, 3H]
2025-01-04 13:58:21,274 - Boss: Rank: 11 | Suit C | Attack 10 | Health 20
2025-01-04 13:58:21,274 - Tavern: [4H, TH, 8C, AS, 9C, 7H, 8D, 2D, 7C, 5D, 3C, 2C, 4S, 6C, 6D, AD, 4D, 9S, 5S, TD, 6H, 6S, 7S, 7D, 5H, AH]
2025-01-04 13:58:21,274 - Castle: [KC, KH, KS, KD, QD, QH, QS, QC, JH, JS, JD]
2025-01-04 13:58:21,274 - Discard: []
2025-01-04 13:58:21,274 - Active Player: 1
2025-01-04 13:58:21,274 - STATE LOG: END
2025-01-04 13:58:21,307 - STATE LOG: BEGIN
2025-01-04 13:58:21,307 - Noah's Hand: [2H, 3S, 5C, 8H, 9D, 9H]
2025-01-04 13:58:21,307 - EVe's Hand: [TS, AC, 8S, 4C, 3D, 2S, 3H]
2025-01-04 13:58:21,307 - Boss: Rank: 11 | Suit C | Attack 10 | Health 20
2025-01-04 13:58:21,307 - Tavern: [4H, TH, 8C, AS, 9C, 7H, 8D, 2D, 7C, 5D, 3C, 2C, 4S, 6C, 6D, AD, 4D, 9S, 5S, TD, 6H, 6S, 7S, 7D, 5H, AH]
2025-01-04 13:58:21,307 - Castle: [KC, KH, KS, KD, QD, QH, QS, QC, JH, JS, JD]
2025-01-04 13:58:21,307 - Discard: [TC]
2025-01-04 13:58:21,307 - Active Player: 2
2025-01-04 13:58:21,307 - STATE LOG: END
2025-01-04 13:58:21,323 - STATE LOG: BEGIN
2025-01-04 13:58:21,323 - Noah's Hand: [2H, 3S, 5C, 8H, 9D, 9H]
2025-01-04 13:58:21,323 - EVe's Hand: [AC, 2S, 3D, 4C, 8S]
2025-01-04 13:58:21,323 - Boss: Rank: 11 | Suit C | Attack 10 | Health 17
2025-01-04 13:58:21,323 - Tavern: [TC, 4H, TH, 8C, AS, 9C, 7H, 8D, 2D, 7C, 5D, 3C, 2C, 4S, 6C, 6D, AD, 4D, 9S, 5S, TD, 6H, 6S, 7S, 7D, 5H, AH]
2025-01-04 13:58:21,323 - Castle: [KC, KH, KS, KD, QD, QH, QS, QC, JH, JS, JD]
2025-01-04 13:58:21,323 - Discard: [TS]
2025-01-04 13:58:21,323 - Active Player: 1
2025-01-04 13:58:21,323 - STATE LOG: END
2025-01-04 13:58:21,337 - STATE LOG: BEGIN
2025-01-04 13:58:21,337 - Noah's Hand: [2H, 3S, 5C, 8H]
2025-01-04 13:58:21,337 - EVe's Hand: [AC, 2S, 3D, 4C, 8S, 5H, 7S]
2025-01-04 13:58:21,337 - Boss: Rank: 11 | Suit C | Attack 10 | Health 8
2025-01-04 13:58:21,337 - Tavern: [TC, 4H, TH, 8C, AS, 9C, 7H, 8D, 2D, 7C, 5D, 3C, 2C, 4S, 6C, 6D, AD, 4D, 9S, 5S, TD, 6H, 6S]
2025-01-04 13:58:21,337 - Castle: [KC, KH, KS, KD, QD, QH, QS, QC, JH, JS, JD]
2025-01-04 13:58:21,337 - Discard: [TS, 7D, AH, 9H]
2025-01-04 13:58:21,337 - Active Player: 2
2025-01-04 13:58:21,337 - STATE LOG: END
2025-01-04 13:58:21,348 - STATE LOG: BEGIN
2025-01-04 13:58:21,348 - Noah's Hand: [2H, 3S, 5C, 8H, 6H, TD]
2025-01-04 13:58:21,348 - EVe's Hand: [AC, 2S, 4C, 5H, 7S]
2025-01-04 13:58:21,348 - Boss: Rank: 11 | Suit C | Attack 10 | Health 5
2025-01-04 13:58:21,348 - Tavern: [TC, 4H, TH, 8C, AS, 9C, 7H, 8D, 2D, 7C, 5D, 3C, 2C, 4S, 6C, 6D, AD, 4D, 9S, 5S]
2025-01-04 13:58:21,348 - Castle: [KC, KH, KS, KD, QD, QH, QS, QC, JH, JS, JD]
2025-01-04 13:58:21,348 - Discard: [TS, 7D, AH, 9H, 6S, 8S]
2025-01-04 13:58:21,348 - Active Player: 1
2025-01-04 13:58:21,348 - STATE LOG: END
2025-01-04 13:58:21,361 - STATE LOG: BEGIN
2025-01-04 13:58:21,361 - Noah's Hand: [2H, 3S, 5C, 6H, 8H, 5S, 4D]
2025-01-04 13:58:21,362 - EVe's Hand: [AC, 2S, 4C, 5H, 7S, 9S, AD]
2025-01-04 13:58:21,362 - Boss: Rank: 11 | Suit D | Attack 10 | Health 20
2025-01-04 13:58:21,362 - Tavern: [TC, 4H, TH, 8C, AS, 9C, 7H, 8D, 2D, 7C, 5D, 3C, 2C, 4S, 6C, 6D]
2025-01-04 13:58:21,362 - Castle: [KC, KH, KS, KD, QD, QH, QS, QC, JH, JS]
2025-01-04 13:58:21,362 - Discard: [TS, 7D, AH, 9H, 6S, 8S, 9D, TD, 3H, 3D, JC]
2025-01-04 13:58:21,362 - Active Player: 1
2025-01-04 13:58:21,362 - STATE LOG: END
2025-01-04 13:58:21,378 - STATE LOG: BEGIN
2025-01-04 13:58:21,378 - Noah's Hand: [2H, 3S, 4D, 5C, 6H]
2025-01-04 13:58:21,378 - EVe's Hand: [AC, 2S, 4C, 5H, 7S, 9S, AD]
2025-01-04 13:58:21,379 - Boss: Rank: 11 | Suit D | Attack 5 | Health 15
2025-01-04 13:58:21,379 - Tavern: [TC, 4H, TH, 8C, AS, 9C, 7H, 8D, 2D, 7C, 5D, 3C, 2C, 4S, 6C, 6D]
2025-01-04 13:58:21,379 - Castle: [KC, KH, KS, KD, QD, QH, QS, QC, JH, JS]
2025-01-04 13:58:21,379 - Discard: [TS, 7D, AH, 9H, 6S, 8S, 9D, TD, 3H, 3D, JC, 8H]
2025-01-04 13:58:21,379 - Active Player: 2
2025-01-04 13:58:21,379 - STATE LOG: END
2025-01-04 13:58:21,393 - STATE LOG: BEGIN
2025-01-04 13:58:21,393 - Noah's Hand: [2H, 3S, 4D, 5C, 6H]
2025-01-04 13:58:21,393 - EVe's Hand: [AD, 2S, 5H, 7S]
2025-01-04 13:58:21,393 - Boss: Rank: 11 | Suit D | Attack 5 | Health 5
2025-01-04 13:58:21,393 - Tavern: [TC, 4H, TH, 8C, AS, 9C, 7H, 8D, 2D, 7C, 5D, 3C, 2C, 4S, 6C, 6D]
2025-01-04 13:58:21,393 - Castle: [KC, KH, KS, KD, QD, QH, QS, QC, JH, JS]
2025-01-04 13:58:21,393 - Discard: [TS, 7D, AH, 9H, 6S, 8S, 9D, TD, 3H, 3D, JC, 8H, 9S]
2025-01-04 13:58:21,393 - Active Player: 1
2025-01-04 13:58:21,393 - STATE LOG: END
2025-01-04 13:58:21,403 - STATE LOG: BEGIN
2025-01-04 13:58:21,403 - Noah's Hand: [2H, 3S, 4D, 5C]
2025-01-04 13:58:21,403 - EVe's Hand: [AD, 2S, 5H, 7S]
2025-01-04 13:58:21,403 - Boss: Rank: 11 | Suit D | Attack 5 | Health 5
2025-01-04 13:58:21,403 - Tavern: [TC, 4H, TH, 8C, AS, 9C, 7H, 8D, 2D, 7C, 5D, 3C, 2C, 4S, 6C, 6D]
2025-01-04 13:58:21,403 - Castle: [KC, KH, KS, KD, QD, QH, QS, QC, JH, JS]
2025-01-04 13:58:21,403 - Discard: [TS, 7D, AH, 9H, 6S, 8S, 9D, TD, 3H, 3D, JC, 8H, 9S, 6H]
2025-01-04 13:58:21,403 - Active Player: 2
2025-01-04 13:58:21,403 - STATE LOG: END
2025-01-04 13:58:21,413 - STATE LOG: BEGIN
2025-01-04 13:58:21,413 - Noah's Hand: [2H, 3S, 4D, 5C]
2025-01-04 13:58:21,413 - EVe's Hand: [5H]
2025-01-04 13:58:21,413 - Boss: Rank: 11 | Suit D | Attack 2 | Health 2
2025-01-04 13:58:21,413 - Tavern: [TC, 4H, TH, 8C, AS, 9C, 7H, 8D, 2D, 7C, 5D, 3C, 2C, 4S, 6C, 6D]
2025-01-04 13:58:21,413 - Castle: [KC, KH, KS, KD, QD, QH, QS, QC, JH, JS]
2025-01-04 13:58:21,413 - Discard: [TS, 7D, AH, 9H, 6S, 8S, 9D, TD, 3H, 3D, JC, 8H, 9S, 6H, 7S]
2025-01-04 13:58:21,413 - Active Player: 1
2025-01-04 13:58:21,413 - STATE LOG: END
2025-01-04 13:58:21,423 - STATE LOG: BEGIN
2025-01-04 13:58:21,423 - Noah's Hand: [3S, 4D, 5C]
2025-01-04 13:58:21,423 - EVe's Hand: [5H]
2025-01-04 13:58:21,423 - Boss: Rank: 11 | Suit S | Attack 10 | Health 20
2025-01-04 13:58:21,423 - Tavern: [3H, TD, TC, 4H, TH, 8C, AS, 9C, 7H, 8D, 2D, 7C, 5D, 3C, 2C, 4S, 6C, 6D]
2025-01-04 13:58:21,423 - Castle: [KC, KH, KS, KD, QD, QH, QS, QC, JH]
2025-01-04 13:58:21,423 - Discard: [7D, TS, 8S, 9H, 6H, 8H, 3D, 7S, 6S, 9D, 9S, AH, JC, 5S, 2H, AC, 4C, AD, 2S]
2025-01-04 13:58:21,423 - Active Player: 1
2025-01-04 13:58:21,423 - STATE LOG: END
2025-01-04 13:58:21,431 - STATE LOG: BEGIN
2025-01-04 13:58:21,431 - Noah's Hand: [3S, 5C]
2025-01-04 13:58:21,431 - EVe's Hand: [5H, 6D, 4S]
2025-01-04 13:58:21,431 - Boss: Rank: 11 | Suit S | Attack 10 | Health 16
2025-01-04 13:58:21,431 - Tavern: [3H, TD, TC, 4H, TH, 8C, AS, 9C, 7H, 8D, 2D, 7C, 5D, 3C, 2C]
2025-01-04 13:58:21,431 - Castle: [KC, KH, KS, KD, QD, QH, QS, QC, JH]
2025-01-04 13:58:21,431 - Discard: [7D, TS, 8S, 9H, 6H, 8H, 3D, 7S, 6S, 9D, 9S, AH, JC, 5S, 2H, AC, 4C, AD, 2S, 6C, JD]
2025-01-04 13:58:21,431 - Active Player: 2
2025-01-04 13:58:21,431 - STATE LOG: END
2025-01-04 13:58:21,442 - STATE LOG: BEGIN
2025-01-04 13:58:21,443 - Noah's Hand: [3S, 5C, 3C, 7C, 8D]
2025-01-04 13:58:21,443 - EVe's Hand: [4S]
2025-01-04 13:58:21,443 - Boss: Rank: 11 | Suit S | Attack 10 | Health 10
2025-01-04 13:58:21,443 - Tavern: [3H, TD, TC, 4H, TH, 8C, AS, 9C, 7H]
2025-01-04 13:58:21,443 - Castle: [KC, KH, KS, KD, QD, QH, QS, QC, JH]
2025-01-04 13:58:21,443 - Discard: [7D, TS, 8S, 9H, 6H, 8H, 3D, 7S, 6S, 9D, 9S, AH, JC, 5S, 2H, AC, 4C, AD, 2S, 6C, JD, 2D, 5D, 2C, 5H]
2025-01-04 13:58:21,443 - Active Player: 1
2025-01-04 13:58:21,443 - STATE LOG: END
2025-01-04 13:58:21,455 - STATE LOG: BEGIN
2025-01-04 13:58:21,455 - Noah's Hand: [3C, 3S, 5C, 7C, 7H, AS]
2025-01-04 13:58:21,455 - EVe's Hand: [4S, 9C, 8C, 4H, TC, TD]
2025-01-04 13:58:21,455 - Boss: Rank: 11 | Suit S | Attack 10 | Health 2
2025-01-04 13:58:21,455 - Tavern: [3H]
2025-01-04 13:58:21,455 - Castle: [KC, KH, KS, KD, QD, QH, QS, QC, JH]
2025-01-04 13:58:21,455 - Discard: [7D, TS, 8S, 9H, 6H, 8H, 3D, 7S, 6S, 9D, 9S, AH, JC, 5S, 2H, AC, 4C, AD, 2S, 6C, JD, 2D, 5D, 2C, 5H, TH]
2025-01-04 13:58:21,455 - Active Player: 2
2025-01-04 13:58:21,455 - STATE LOG: END
2025-01-04 13:58:21,524 - STATE LOG: BEGIN
2025-01-04 13:58:21,524 - Noah's Hand: [3C, 3S, 5C, 7C, 7H, AS]
2025-01-04 13:58:21,525 - EVe's Hand: [4H, 4S, 8C, 9C, TC]
2025-01-04 13:58:21,525 - Boss: Rank: 11 | Suit S | Attack 10 | Health 2
2025-01-04 13:58:21,525 - Tavern: [3H]
2025-01-04 13:58:21,525 - Castle: [KC, KH, KS, KD, QD, QH, QS, QC, JH]
2025-01-04 13:58:21,525 - Discard: [7D, TS, 8S, 9H, 6H, 8H, 3D, 7S, 6S, 9D, 9S, AH, JC, 5S, 2H, AC, 4C, AD, 2S, 6C, JD, 2D, 5D, 2C, 5H, TH, TD]
2025-01-04 13:58:21,525 - Active Player: 1
2025-01-04 13:58:21,525 - STATE LOG: END
2025-01-04 13:58:21,542 - STATE LOG: BEGIN
2025-01-04 13:58:21,542 - Noah's Hand: [AS, 3S, 5C, 7C, 7H]
2025-01-04 13:58:21,542 - EVe's Hand: [4H, 4S, 8C, 9C, TC]
2025-01-04 13:58:21,542 - Boss: Rank: 11 | Suit H | Attack 10 | Health 20
2025-01-04 13:58:21,542 - Tavern: [3H]
2025-01-04 13:58:21,542 - Castle: [KC, KH, KS, KD, QD, QH, QS, QC]
2025-01-04 13:58:21,542 - Discard: [7D, TS, 8S, 9H, 6H, 8H, 3D, 7S, 6S, 9D, 9S, AH, JC, 5S, 2H, AC, 4C, AD, 2S, 6C, JD, 2D, 5D, 2C, 5H, TH, TD, 4D, 8D, 3C, 6D, JS]
2025-01-04 13:58:21,542 - Active Player: 1
2025-01-04 13:58:21,542 - STATE LOG: END
2025-01-04 13:58:21,557 - STATE LOG: BEGIN
2025-01-04 13:58:21,557 - Noah's Hand: [3S, 5C]
2025-01-04 13:58:21,557 - EVe's Hand: [4H, 4S, 8C, 9C, TC]
2025-01-04 13:58:21,557 - Boss: Rank: 11 | Suit H | Attack 2 | Health 4
2025-01-04 13:58:21,557 - Tavern: [3H]
2025-01-04 13:58:21,557 - Castle: [KC, KH, KS, KD, QD, QH, QS, QC]
2025-01-04 13:58:21,557 - Discard: [7D, TS, 8S, 9H, 6H, 8H, 3D, 7S, 6S, 9D, 9S, AH, JC, 5S, 2H, AC, 4C, AD, 2S, 6C, JD, 2D, 5D, 2C, 5H, TH, TD, 4D, 8D, 3C, 6D, JS, 7H]
2025-01-04 13:58:21,557 - Active Player: 2
2025-01-04 13:58:21,557 - STATE LOG: END
2025-01-04 13:58:21,569 - STATE LOG: BEGIN
2025-01-04 13:58:21,569 - Noah's Hand: [3S, 5C]
2025-01-04 13:58:21,569 - EVe's Hand: [4H, 4S, 8C, 9C]
2025-01-04 13:58:21,569 - Boss: Rank: 11 | Suit H | Attack 2 | Health 4
2025-01-04 13:58:21,569 - Tavern: [3H]
2025-01-04 13:58:21,569 - Castle: [KC, KH, KS, KD, QD, QH, QS, QC]
2025-01-04 13:58:21,569 - Discard: [7D, TS, 8S, 9H, 6H, 8H, 3D, 7S, 6S, 9D, 9S, AH, JC, 5S, 2H, AC, 4C, AD, 2S, 6C, JD, 2D, 5D, 2C, 5H, TH, TD, 4D, 8D, 3C, 6D, JS, 7H, TC]
2025-01-04 13:58:21,569 - Active Player: 1
2025-01-04 13:58:21,569 - STATE LOG: END
2025-01-04 13:58:21,580 - STATE LOG: BEGIN
2025-01-04 13:58:21,580 - Noah's Hand: [5C]
2025-01-04 13:58:21,580 - EVe's Hand: [4H, 4S, 8C, 9C]
2025-01-04 13:58:21,580 - Boss: Rank: 11 | Suit H | Attack 0 | Health 1
2025-01-04 13:58:21,580 - Tavern: [3H]
2025-01-04 13:58:21,580 - Castle: [KC, KH, KS, KD, QD, QH, QS, QC]
2025-01-04 13:58:21,580 - Discard: [7D, TS, 8S, 9H, 6H, 8H, 3D, 7S, 6S, 9D, 9S, AH, JC, 5S, 2H, AC, 4C, AD, 2S, 6C, JD, 2D, 5D, 2C, 5H, TH, TD, 4D, 8D, 3C, 6D, JS, 7H, TC]
2025-01-04 13:58:21,580 - Active Player: 2
2025-01-04 13:58:21,580 - STATE LOG: END
2025-01-04 13:58:21,591 - STATE LOG: BEGIN
2025-01-04 13:58:21,591 - Noah's Hand: [5C]
2025-01-04 13:58:21,591 - EVe's Hand: [4H, 4S, 8C, 9C]
2025-01-04 13:58:21,591 - Boss: Rank: 11 | Suit H | Attack 0 | Health 1
2025-01-04 13:58:21,591 - Tavern: [3H]
2025-01-04 13:58:21,591 - Castle: [KC, KH, KS, KD, QD, QH, QS, QC]
2025-01-04 13:58:21,591 - Discard: [7D, TS, 8S, 9H, 6H, 8H, 3D, 7S, 6S, 9D, 9S, AH, JC, 5S, 2H, AC, 4C, AD, 2S, 6C, JD, 2D, 5D, 2C, 5H, TH, TD, 4D, 8D, 3C, 6D, JS, 7H, TC]
2025-01-04 13:58:21,591 - Active Player: 1
2025-01-04 13:58:21,591 - STATE LOG: END
2025-01-04 13:58:21,593 - STATE LOG: BEGIN
2025-01-04 13:58:21,594 - Noah's Hand: []
2025-01-04 13:58:21,594 - EVe's Hand: [4H, 4S, 8C, 9C]
2025-01-04 13:58:21,594 - Boss: Rank: 12 | Suit C | Attack 15 | Health 30
2025-01-04 13:58:21,594 - Tavern: [3H]
2025-01-04 13:58:21,594 - Castle: [KC, KH, KS, KD, QD, QH, QS]
2025-01-04 13:58:21,594 - Discard: [7D, TS, 8S, 9H, 6H, 8H, 3D, 7S, 6S, 9D, 9S, AH, JC, 5S, 2H, AC, 4C, AD, 2S, 6C, JD, 2D, 5D, 2C, 5H, TH, TD, 4D, 8D, 3C, 6D, JS, 7H, TC, AS, 7C, 3S, 5C, JH]
2025-01-04 13:58:21,594 - Active Player: 1
2025-01-04 13:58:21,594 - STATE LOG: END
2025-01-04 13:58:21,595 - STATE LOG: BEGIN
2025-01-04 13:58:21,595 - Noah's Hand: []
2025-01-04 13:58:21,595 - EVe's Hand: [4H, 4S, 8C, 9C]
2025-01-04 13:58:21,595 - Boss: Rank: 12 | Suit C | Attack 15 | Health 30
2025-01-04 13:58:21,595 - Tavern: [3H]
2025-01-04 13:58:21,595 - Castle: [KC, KH, KS, KD, QD, QH, QS]
2025-01-04 13:58:21,595 - Discard: [7D, TS, 8S, 9H, 6H, 8H, 3D, 7S, 6S, 9D, 9S, AH, JC, 5S, 2H, AC, 4C, AD, 2S, 6C, JD, 2D, 5D, 2C, 5H, TH, TD, 4D, 8D, 3C, 6D, JS, 7H, TC, AS, 7C, 3S, 5C, JH]
2025-01-04 13:58:21,595 - Active Player: 2
2025-01-04 13:58:21,595 - STATE LOG: END
