2025-01-04 22:55:48,512 - I log states! :D
2025-01-04 22:55:48,512 - STATE LOG: BEGIN
2025-01-04 22:55:48,512 - Noah's Hand: [5D, 8C, TD, 5S, 3S, 7D, 6C]
2025-01-04 22:55:48,512 - Eve's Hand: [8H, 9C, AD, 5H, 8D, AS, 9D]
2025-01-04 22:55:48,512 - Boss: Rank: 11 | Suit D | Attack 10 | Health 20
2025-01-04 22:55:48,512 - Tavern: [4C, 2C, 5C, 2D, 3D, AH, 8S, TC, 3H, 4S, 6D, 6S, 2H, 9H, 7C, 7S, AC, 4H, 4D, 6H, 9S, 7H, TS, 2S, TH, 3C]
2025-01-04 22:55:48,512 - Castle: [KC, KH, KD, KS, QC, QD, QH, QS, JH, JC, JS]
2025-01-04 22:55:48,512 - Discard: []
2025-01-04 22:55:48,512 - Active Player: 1
2025-01-04 22:55:48,512 - STATE LOG: END
2025-01-04 22:55:48,557 - STATE LOG: BEGIN
2025-01-04 22:55:48,557 - Noah's Hand: [5D, 7D, TD]
2025-01-04 22:55:48,557 - Eve's Hand: [8H, 9C, AD, 5H, 8D, AS, 9D]
2025-01-04 22:55:48,557 - Boss: Rank: 11 | Suit D | Attack 10 | Health 4
2025-01-04 22:55:48,557 - Tavern: [4C, 2C, 5C, 2D, 3D, AH, 8S, TC, 3H, 4S, 6D, 6S, 2H, 9H, 7C, 7S, AC, 4H, 4D, 6H, 9S, 7H, TS, 2S, TH, 3C]
2025-01-04 22:55:48,557 - Castle: [KC, KH, KD, KS, QC, QD, QH, QS, JH, JC, JS]
2025-01-04 22:55:48,557 - Discard: [3S, 5S, 6C]
2025-01-04 22:55:48,557 - Active Player: 2
2025-01-04 22:55:48,557 - STATE LOG: END
2025-01-04 22:55:48,588 - STATE LOG: BEGIN
2025-01-04 22:55:48,588 - Noah's Hand: [5D, 7D, TD]
2025-01-04 22:55:48,588 - Eve's Hand: [AD, AS, 5H, 8H, 9C, 9D]
2025-01-04 22:55:48,588 - Boss: Rank: 11 | Suit S | Attack 10 | Health 20
2025-01-04 22:55:48,588 - Tavern: [4C, 2C, 5C, 2D, 3D, AH, 8S, TC, 3H, 4S, 6D, 6S, 2H, 9H, 7C, 7S, AC, 4H, 4D, 6H, 9S, 7H, TS, 2S, TH, 3C]
2025-01-04 22:55:48,588 - Castle: [KC, KH, KD, KS, QC, QD, QH, QS, JH, JC]
2025-01-04 22:55:48,588 - Discard: [3S, 5S, 6C, 8C, 8D, JD]
2025-01-04 22:55:48,588 - Active Player: 2
2025-01-04 22:55:48,588 - STATE LOG: END
2025-01-04 22:55:48,617 - STATE LOG: BEGIN
2025-01-04 22:55:48,618 - Noah's Hand: [5D, 7D, TD, TH, TS, 9S, 6H]
2025-01-04 22:55:48,618 - Eve's Hand: [AS, 9C, 9D, 3C, 2S]
2025-01-04 22:55:48,618 - Boss: Rank: 11 | Suit S | Attack 10 | Health 11
2025-01-04 22:55:48,618 - Tavern: [8D, JD, 3S, 5S, 6C, 8C, 4C, 2C, 5C, 2D, 3D, AH, 8S, TC, 3H, 4S, 6D, 6S, 2H, 9H, 7C, 7S, AC, 4H, 4D]
2025-01-04 22:55:48,618 - Castle: [KC, KH, KD, KS, QC, QD, QH, QS, JH, JC]
2025-01-04 22:55:48,618 - Discard: [7H, 5H]
2025-01-04 22:55:48,618 - Active Player: 1
2025-01-04 22:55:48,618 - STATE LOG: END
2025-01-04 22:55:48,651 - STATE LOG: BEGIN
2025-01-04 22:55:48,651 - Noah's Hand: [6H, 7D, 9S, TD, TS, 4D]
2025-01-04 22:55:48,651 - Eve's Hand: [AS, 9C, 9D, 3C, 2S, 4H, AC]
2025-01-04 22:55:48,651 - Boss: Rank: 11 | Suit S | Attack 10 | Health 6
2025-01-04 22:55:48,651 - Tavern: [8D, JD, 3S, 5S, 6C, 8C, 4C, 2C, 5C, 2D, 3D, AH, 8S, TC, 3H, 4S, 6D, 6S, 2H, 9H, 7C, 7S]
2025-01-04 22:55:48,651 - Castle: [KC, KH, KD, KS, QC, QD, QH, QS, JH, JC]
2025-01-04 22:55:48,651 - Discard: [7H, 5H, TH]
2025-01-04 22:55:48,651 - Active Player: 2
2025-01-04 22:55:48,651 - STATE LOG: END
2025-01-04 22:55:48,678 - STATE LOG: BEGIN
2025-01-04 22:55:48,678 - Noah's Hand: [6H, 7D, 9S, TD, TS, 4D]
2025-01-04 22:55:48,678 - Eve's Hand: [2S, 3C, 9D]
2025-01-04 22:55:48,678 - Boss: Rank: 11 | Suit S | Attack 10 | Health 4
2025-01-04 22:55:48,678 - Tavern: [8D, JD, 3S, 5S, 6C, 8C, 4C, 2C, 5C, 2D, 3D, AH, 8S, TC, 3H, 4S, 6D, 6S, 2H, 9H, 7C, 7S]
2025-01-04 22:55:48,678 - Castle: [KC, KH, KD, KS, QC, QD, QH, QS, JH, JC]
2025-01-04 22:55:48,678 - Discard: [7H, 5H, TH, 4H, AS, 9C]
2025-01-04 22:55:48,678 - Active Player: 1
2025-01-04 22:55:48,678 - STATE LOG: END
2025-01-04 22:55:48,706 - STATE LOG: BEGIN
2025-01-04 22:55:48,706 - Noah's Hand: [4D, 6H, 9S, TD, TS, 7S, 9H]
2025-01-04 22:55:48,706 - Eve's Hand: [2S, 3C, 9D, 7C, 2H, 6S, 6D]
2025-01-04 22:55:48,706 - Boss: Rank: 11 | Suit C | Attack 10 | Health 20
2025-01-04 22:55:48,706 - Tavern: [8D, JD, 3S, 5S, 6C, 8C, 4C, 2C, 5C, 2D, 3D, AH, 8S, TC, 3H, 4S]
2025-01-04 22:55:48,706 - Castle: [KC, KH, KD, KS, QC, QD, QH, QS, JH]
2025-01-04 22:55:48,706 - Discard: [7H, 5H, TH, 4H, AS, 9C, 5D, 7D, AD, 8H, AC, JS]
2025-01-04 22:55:48,706 - Active Player: 1
2025-01-04 22:55:48,706 - STATE LOG: END
2025-01-04 22:55:48,738 - STATE LOG: BEGIN
2025-01-04 22:55:48,738 - Noah's Hand: [4D, 6H, 7S, 9H, 9S, TD]
2025-01-04 22:55:48,738 - Eve's Hand: [2S, 3C, 9D, 7C, 2H, 6S, 6D]
2025-01-04 22:55:48,738 - Boss: Rank: 11 | Suit C | Attack 0 | Health 10
2025-01-04 22:55:48,738 - Tavern: [8D, JD, 3S, 5S, 6C, 8C, 4C, 2C, 5C, 2D, 3D, AH, 8S, TC, 3H, 4S]
2025-01-04 22:55:48,738 - Castle: [KC, KH, KD, KS, QC, QD, QH, QS, JH]
2025-01-04 22:55:48,738 - Discard: [7H, 5H, TH, 4H, AS, 9C, 5D, 7D, AD, 8H, AC, JS]
2025-01-04 22:55:48,738 - Active Player: 2
2025-01-04 22:55:48,738 - STATE LOG: END
2025-01-04 22:55:48,792 - STATE LOG: BEGIN
2025-01-04 22:55:48,792 - Noah's Hand: [4D, 6H, 7S, 9H, 9S, TD]
2025-01-04 22:55:48,792 - Eve's Hand: [2H, 2S, 6D, 6S, 7C, 9D]
2025-01-04 22:55:48,792 - Boss: Rank: 11 | Suit C | Attack 0 | Health 7
2025-01-04 22:55:48,792 - Tavern: [8D, JD, 3S, 5S, 6C, 8C, 4C, 2C, 5C, 2D, 3D, AH, 8S, TC, 3H, 4S]
2025-01-04 22:55:48,792 - Castle: [KC, KH, KD, KS, QC, QD, QH, QS, JH]
2025-01-04 22:55:48,792 - Discard: [7H, 5H, TH, 4H, AS, 9C, 5D, 7D, AD, 8H, AC, JS]
2025-01-04 22:55:48,792 - Active Player: 1
2025-01-04 22:55:48,792 - STATE LOG: END
2025-01-04 22:55:48,824 - STATE LOG: BEGIN
2025-01-04 22:55:48,824 - Noah's Hand: [4D, 6H, 9H, 9S, TD]
2025-01-04 22:55:48,824 - Eve's Hand: [2H, 2S, 6D, 6S, 7C, 9D]
2025-01-04 22:55:48,824 - Boss: Rank: 11 | Suit H | Attack 10 | Health 20
2025-01-04 22:55:48,824 - Tavern: [8D, JD, 3S, 5S, 6C, 8C, 4C, 2C, 5C, 2D, 3D, AH, 8S, TC, 3H, 4S]
2025-01-04 22:55:48,824 - Castle: [KC, KH, KD, KS, QC, QD, QH, QS]
2025-01-04 22:55:48,824 - Discard: [7H, 5H, TH, 4H, AS, 9C, 5D, 7D, AD, 8H, AC, JS, TS, 7S, 3C]
2025-01-04 22:55:48,824 - Active Player: 1
2025-01-04 22:55:48,824 - STATE LOG: END
2025-01-04 22:55:48,849 - STATE LOG: BEGIN
2025-01-04 22:55:48,849 - Noah's Hand: [4D, 9H, TD]
2025-01-04 22:55:48,849 - Eve's Hand: [2H, 2S, 6D, 6S, 7C, 9D]
2025-01-04 22:55:48,849 - Boss: Rank: 11 | Suit H | Attack 1 | Health 11
2025-01-04 22:55:48,849 - Tavern: [8D, JD, 3S, 5S, 6C, 8C, 4C, 2C, 5C, 2D, 3D, AH, 8S, TC, 3H, 4S]
2025-01-04 22:55:48,849 - Castle: [KC, KH, KD, KS, QC, QD, QH, QS]
2025-01-04 22:55:48,849 - Discard: [7H, 5H, TH, 4H, AS, 9C, 5D, 7D, AD, 8H, AC, JS, TS, 7S, 3C, 6H]
2025-01-04 22:55:48,849 - Active Player: 2
2025-01-04 22:55:48,849 - STATE LOG: END
2025-01-04 22:55:48,874 - STATE LOG: BEGIN
2025-01-04 22:55:48,875 - Noah's Hand: [4D, 9H, TD]
2025-01-04 22:55:48,875 - Eve's Hand: [2H, 6D, 6S, 7C, 9D]
2025-01-04 22:55:48,875 - Boss: Rank: 11 | Suit H | Attack 1 | Health 11
2025-01-04 22:55:48,875 - Tavern: [8D, JD, 3S, 5S, 6C, 8C, 4C, 2C, 5C, 2D, 3D, AH, 8S, TC, 3H, 4S]
2025-01-04 22:55:48,875 - Castle: [KC, KH, KD, KS, QC, QD, QH, QS]
2025-01-04 22:55:48,875 - Discard: [7H, 5H, TH, 4H, AS, 9C, 5D, 7D, AD, 8H, AC, JS, TS, 7S, 3C, 6H, 2S]
2025-01-04 22:55:48,875 - Active Player: 1
2025-01-04 22:55:48,875 - STATE LOG: END
2025-01-04 22:55:48,900 - STATE LOG: BEGIN
2025-01-04 22:55:48,900 - Noah's Hand: [4D, 9H, JC, 3H, AH, 3D]
2025-01-04 22:55:48,900 - Eve's Hand: [2H, 6D, 6S, 7C, 9D, 4S, TC]
2025-01-04 22:55:48,900 - Boss: Rank: 11 | Suit H | Attack 1 | Health 1
2025-01-04 22:55:48,900 - Tavern: [8D, JD, 3S, 5S, 6C, 8C, 4C, 2C, 5C, 2D]
2025-01-04 22:55:48,900 - Castle: [KC, KH, KD, KS, QC, QD, QH, QS]
2025-01-04 22:55:48,900 - Discard: [7H, 5H, TH, 4H, AS, 9C, 5D, 7D, AD, 8H, AC, JS, TS, 7S, 3C, 6H, 2S, 8S]
2025-01-04 22:55:48,900 - Active Player: 2
2025-01-04 22:55:48,900 - STATE LOG: END
2025-01-04 22:55:48,926 - STATE LOG: BEGIN
2025-01-04 22:55:48,926 - Noah's Hand: [4D, 9H, JC, 3H, AH, 3D, 5C]
2025-01-04 22:55:48,926 - Eve's Hand: [2H, 4S, 6S, 7C, 9D, TC, 2D]
2025-01-04 22:55:48,926 - Boss: Rank: 12 | Suit S | Attack 15 | Health 30
2025-01-04 22:55:48,926 - Tavern: [8D, JD, 3S, 5S, 6C, 8C, 4C, 2C]
2025-01-04 22:55:48,926 - Castle: [KC, KH, KD, KS, QC, QD, QH]
2025-01-04 22:55:48,926 - Discard: [7H, 5H, TH, 4H, AS, 9C, 5D, 7D, AD, 8H, AC, JS, TS, 7S, 3C, 6H, 2S, 8S, 9S, TD, 6D, JH]
2025-01-04 22:55:48,926 - Active Player: 2
2025-01-04 22:55:48,926 - STATE LOG: END
2025-01-04 22:55:48,955 - STATE LOG: BEGIN
2025-01-04 22:55:48,955 - Noah's Hand: [4D, 9H, JC, 3H, AH, 3D, 5C]
2025-01-04 22:55:48,955 - Eve's Hand: [2D, 2H, 4S, 6S, 9D]
2025-01-04 22:55:48,955 - Boss: Rank: 12 | Suit S | Attack 15 | Health 30
2025-01-04 22:55:48,955 - Tavern: [8D, JD, 3S, 5S, 6C, 8C, 4C, 2C]
2025-01-04 22:55:48,955 - Castle: [KC, KH, KD, KS, QC, QD, QH]
2025-01-04 22:55:48,955 - Discard: [7H, 5H, TH, 4H, AS, 9C, 5D, 7D, AD, 8H, AC, JS, TS, 7S, 3C, 6H, 2S, 8S, 9S, TD, 6D, JH, TC, 7C]
2025-01-04 22:55:48,955 - Active Player: 1
2025-01-04 22:55:48,955 - STATE LOG: END
2025-01-04 22:55:48,981 - STATE LOG: BEGIN
2025-01-04 22:55:48,981 - Noah's Hand: [3H, 4D, 9H, JC]
2025-01-04 22:55:48,981 - Eve's Hand: [2D, 2H, 4S, 6S, 9D, 4C, 6C]
2025-01-04 22:55:48,981 - Boss: Rank: 12 | Suit S | Attack 15 | Health 26
2025-01-04 22:55:48,981 - Tavern: [6H, 8S, AD, 3C, 8D, JD, 3S, 5S]
2025-01-04 22:55:48,981 - Castle: [KC, KH, KD, KS, QC, QD, QH]
2025-01-04 22:55:48,981 - Discard: [TC, 5H, TH, 7D, 7H, 7C, 4H, 2S, 9C, JS, 5D, 6D, 8H, JH, TD, TS, 9S, AS, AC, 7S, 5C, 2C, 8C]
2025-01-04 22:55:48,981 - Active Player: 2
2025-01-04 22:55:48,981 - STATE LOG: END
2025-01-04 22:55:49,005 - STATE LOG: BEGIN
2025-01-04 22:55:49,005 - Noah's Hand: [3H, 4D, 9H, JC]
2025-01-04 22:55:49,005 - Eve's Hand: [2D, 2H, 9D]
2025-01-04 22:55:49,005 - Boss: Rank: 12 | Suit S | Attack 15 | Health 22
2025-01-04 22:55:49,005 - Tavern: [6H, 8S, AD, 3C, 8D, JD, 3S, 5S]
2025-01-04 22:55:49,005 - Castle: [KC, KH, KD, KS, QC, QD, QH]
2025-01-04 22:55:49,005 - Discard: [TC, 5H, TH, 7D, 7H, 7C, 4H, 2S, 9C, JS, 5D, 6D, 8H, JH, TD, TS, 9S, AS, AC, 7S, 5C, 2C, 8C, 6C, 6S, 4C]
2025-01-04 22:55:49,005 - Active Player: 1
2025-01-04 22:55:49,005 - STATE LOG: END
2025-01-04 22:55:49,013 - STATE LOG: BEGIN
2025-01-04 22:55:49,013 - Noah's Hand: [4D]
2025-01-04 22:55:49,013 - Eve's Hand: [2D, 2H, 9D]
2025-01-04 22:55:49,014 - Boss: Rank: 12 | Suit S | Attack 15 | Health 19
2025-01-04 22:55:49,014 - Tavern: [5C, 2C, TC, 6H, 8S, AD, 3C, 8D, JD, 3S, 5S]
2025-01-04 22:55:49,014 - Castle: [KC, KH, KD, KS, QC, QD, QH]
2025-01-04 22:55:49,014 - Discard: [TS, TD, 8H, TH, 9C, 4C, 6C, 7C, JH, 4H, 8C, 6D, 6S, 7S, AC, 9S, JS, 7H, 5H, AS, 5D, 7D, 2S, 9H, JC]
2025-01-04 22:55:49,014 - Active Player: 2
2025-01-04 22:55:49,014 - STATE LOG: END
2025-01-04 22:55:49,019 - STATE LOG: BEGIN
2025-01-04 22:55:49,019 - Noah's Hand: [4D, 3S, 8D, AD, 6H]
2025-01-04 22:55:49,019 - Eve's Hand: [2D, JD, TC]
2025-01-04 22:55:49,019 - Boss: Rank: 12 | Suit S | Attack 15 | Health 10
2025-01-04 22:55:49,019 - Tavern: [5C, 2C]
2025-01-04 22:55:49,019 - Castle: [KC, KH, KD, KS, QC, QD, QH]
2025-01-04 22:55:49,019 - Discard: [TS, TD, 8H, TH, 9C, 4C, 6C, 7C, JH, 4H, 8C, 6D, 6S, 7S, AC, 9S, JS, 7H, 5H, AS, 5D, 7D, 2S, 9H, JC, 2H, 3C, 5S, 8S]
2025-01-04 22:55:49,019 - Active Player: 1
2025-01-04 22:55:49,019 - STATE LOG: END
2025-01-04 22:55:49,031 - STATE LOG: BEGIN
2025-01-04 22:55:49,031 - Noah's Hand: [3S, 4D, 8D, 2C, 5S]
2025-01-04 22:55:49,031 - Eve's Hand: [2D, JD, TC, 5C, 9C, 8H]
2025-01-04 22:55:49,031 - Boss: Rank: 12 | Suit S | Attack 15 | Health 3
2025-01-04 22:55:49,031 - Tavern: [2S, AC]
2025-01-04 22:55:49,031 - Castle: [KC, KH, KD, KS, QC, QD, QH]
2025-01-04 22:55:49,031 - Discard: [8S, 2H, TD, 6S, AS, JC, JS, 4C, 5D, 4H, 3C, 9H, 7S, JH, 6C, 5H, 8C, 7D, TS, 7C, 9S, 6D, 7H, TH]
2025-01-04 22:55:49,031 - Active Player: 2
2025-01-04 22:55:49,031 - STATE LOG: END
2025-01-04 22:55:49,057 - STATE LOG: BEGIN
2025-01-04 22:55:49,057 - Noah's Hand: [3S, 4D, 8D, 2C, 5S]
2025-01-04 22:55:49,057 - Eve's Hand: [2D, 5C, 9C, TC, JD]
2025-01-04 22:55:49,057 - Boss: Rank: 12 | Suit H | Attack 15 | Health 30
2025-01-04 22:55:49,057 - Tavern: [7S, 2H, 4H, 8S, 5H, TS, JC, 9S, 2S, AC]
2025-01-04 22:55:49,057 - Castle: [KC, KH, KD, KS, QC, QD]
2025-01-04 22:55:49,057 - Discard: [6C, JS, TH, TD, 4C, 3C, 7H, 8C, AS, 7D, 9H, 5D, 6D, JH, 6S, 7C, AH, 3D, 3H, AD, 6H, 4S, 9D, 8H, QS]
2025-01-04 22:55:49,057 - Active Player: 2
2025-01-04 22:55:49,057 - STATE LOG: END
2025-01-04 22:55:49,083 - STATE LOG: BEGIN
2025-01-04 22:55:49,083 - Noah's Hand: [3S, 4D, 8D, 2C, 5S, 2S, JC]
2025-01-04 22:55:49,083 - Eve's Hand: [2D, 5C, AC, 9S, TS]
2025-01-04 22:55:49,083 - Boss: Rank: 12 | Suit H | Attack 15 | Health 19
2025-01-04 22:55:49,083 - Tavern: [7S, 2H, 4H, 8S, 5H]
2025-01-04 22:55:49,083 - Castle: [KC, KH, KD, KS, QC, QD]
2025-01-04 22:55:49,083 - Discard: [6C, JS, TH, TD, 4C, 3C, 7H, 8C, AS, 7D, 9H, 5D, 6D, JH, 6S, 7C, AH, 3D, 3H, AD, 6H, 4S, 9D, 8H, QS, 9C, TC]
2025-01-04 22:55:49,083 - Active Player: 1
2025-01-04 22:55:49,083 - STATE LOG: END
2025-01-04 22:55:49,129 - STATE LOG: BEGIN
2025-01-04 22:55:49,129 - Noah's Hand: [2C, 4D, JC]
2025-01-04 22:55:49,129 - Eve's Hand: [2D, 5C, AC, 9S, TS, 8S, 4H]
2025-01-04 22:55:49,129 - Boss: Rank: 12 | Suit H | Attack 15 | Health 11
2025-01-04 22:55:49,129 - Tavern: [7S, 2H]
2025-01-04 22:55:49,129 - Castle: [KC, KH, KD, KS, QC, QD]
2025-01-04 22:55:49,129 - Discard: [6C, JS, TH, TD, 4C, 3C, 7H, 8C, AS, 7D, 9H, 5D, 6D, JH, 6S, 7C, AH, 3D, 3H, AD, 6H, 4S, 9D, 8H, QS, 9C, TC, 2S, 5S, 5H, 3S]
2025-01-04 22:55:49,129 - Active Player: 2
2025-01-04 22:55:49,129 - STATE LOG: END
2025-01-04 22:55:49,154 - STATE LOG: BEGIN
2025-01-04 22:55:49,154 - Noah's Hand: [2C, 4D, JC, 7S]
2025-01-04 22:55:49,154 - Eve's Hand: [8S, 9S, 2H]
2025-01-04 22:55:49,154 - Boss: Rank: 12 | Suit H | Attack 15 | Health 5
2025-01-04 22:55:49,154 - Tavern: []
2025-01-04 22:55:49,154 - Castle: [KC, KH, KD, KS, QC, QD]
2025-01-04 22:55:49,154 - Discard: [6C, JS, TH, TD, 4C, 3C, 7H, 8C, AS, 7D, 9H, 5D, 6D, JH, 6S, 7C, AH, 3D, 3H, AD, 6H, 4S, 9D, 8H, QS, 9C, TC, 2S, 5S, 5H, 3S, 4H, TS, 5C]
2025-01-04 22:55:49,154 - Active Player: 1
2025-01-04 22:55:49,154 - STATE LOG: END
2025-01-04 22:55:49,175 - STATE LOG: BEGIN
2025-01-04 22:55:49,175 - Noah's Hand: [2C, 4D]
2025-01-04 22:55:49,175 - Eve's Hand: [8S, 9S, 2H]
2025-01-04 22:55:49,175 - Boss: Rank: 12 | Suit H | Attack 15 | Health 5
2025-01-04 22:55:49,175 - Tavern: []
2025-01-04 22:55:49,175 - Castle: [KC, KH, KD, KS, QC, QD]
2025-01-04 22:55:49,175 - Discard: [6C, JS, TH, TD, 4C, 3C, 7H, 8C, AS, 7D, 9H, 5D, 6D, JH, 6S, 7C, AH, 3D, 3H, AD, 6H, 4S, 9D, 8H, QS, 9C, TC, 2S, 5S, 5H, 3S, 4H, TS, 5C, 7S, JC]
2025-01-04 22:55:49,175 - Active Player: 2
2025-01-04 22:55:49,175 - STATE LOG: END
2025-01-04 22:55:49,184 - STATE LOG: BEGIN
2025-01-04 22:55:49,184 - Noah's Hand: [2C, 4D]
2025-01-04 22:55:49,184 - Eve's Hand: [2H, 9S]
2025-01-04 22:55:49,184 - Boss: Rank: 12 | Suit D | Attack 15 | Health 30
2025-01-04 22:55:49,184 - Tavern: []
2025-01-04 22:55:49,184 - Castle: [KC, KH, KD, KS, QC]
2025-01-04 22:55:49,184 - Discard: [6C, JS, TH, TD, 4C, 3C, 7H, 8C, AS, 7D, 9H, 5D, 6D, JH, 6S, 7C, AH, 3D, 3H, AD, 6H, 4S, 9D, 8H, QS, 9C, TC, 2S, 5S, 5H, 3S, 4H, TS, 5C, 7S, JC, 8D, JD, AC, 2D, 8S, QH]
2025-01-04 22:55:49,184 - Active Player: 2
2025-01-04 22:55:49,184 - STATE LOG: END
2025-01-04 22:55:49,188 - STATE LOG: BEGIN
2025-01-04 22:55:49,188 - Noah's Hand: [2C, 4D]
2025-01-04 22:55:49,188 - Eve's Hand: [2H]
2025-01-04 22:55:49,188 - Boss: Rank: 12 | Suit D | Attack 6 | Health 21
2025-01-04 22:55:49,188 - Tavern: []
2025-01-04 22:55:49,188 - Castle: [KC, KH, KD, KS, QC]
2025-01-04 22:55:49,188 - Discard: [6C, JS, TH, TD, 4C, 3C, 7H, 8C, AS, 7D, 9H, 5D, 6D, JH, 6S, 7C, AH, 3D, 3H, AD, 6H, 4S, 9D, 8H, QS, 9C, TC, 2S, 5S, 5H, 3S, 4H, TS, 5C, 7S, JC, 8D, JD, AC, 2D, 8S, QH]
2025-01-04 22:55:49,188 - Active Player: 1
2025-01-04 22:55:49,188 - STATE LOG: END
