2025-01-04 20:33:29,374 - I log states! :D
2025-01-04 20:33:29,374 - STATE LOG: BEGIN
2025-01-04 20:33:29,374 - Noah's Hand: [7D, 3S, TS, 9C, 6S, 9H, 9S]
2025-01-04 20:33:29,374 - Eve's Hand: [7H, 2D, 8C, 8D, 3C, AC, 7S]
2025-01-04 20:33:29,374 - Boss: Rank: 11 | Suit H | Attack 10 | Health 20
2025-01-04 20:33:29,374 - Tavern: [4C, AD, 9D, AH, 5C, 5H, 2H, 2C, 6C, 4D, 7C, TC, 8S, 4S, TH, 5S, 6H, TD, 2S, 8H, 5D, 6D, 3H, AS, 3D, 4H]
2025-01-04 20:33:29,374 - Castle: [KC, KH, KD, KS, QH, QS, QC, QD, JS, JD, JC]
2025-01-04 20:33:29,374 - Discard: []
2025-01-04 20:33:29,375 - Active Player: 1
2025-01-04 20:33:29,375 - STATE LOG: END
2025-01-04 20:33:30,929 - STATE LOG: BEGIN
2025-01-04 20:33:30,929 - Noah's Hand: [3S, 6S, 7D, 9C, 9H, 9S]
2025-01-04 20:33:30,929 - Eve's Hand: [7H, 2D, 8C, 8D, 3C, AC, 7S]
2025-01-04 20:33:30,929 - Boss: Rank: 11 | Suit H | Attack 0 | Health 10
2025-01-04 20:33:30,929 - Tavern: [4C, AD, 9D, AH, 5C, 5H, 2H, 2C, 6C, 4D, 7C, TC, 8S, 4S, TH, 5S, 6H, TD, 2S, 8H, 5D, 6D, 3H, AS, 3D, 4H]
2025-01-04 20:33:30,929 - Castle: [KC, KH, KD, KS, QH, QS, QC, QD, JS, JD, JC]
2025-01-04 20:33:30,929 - Discard: []
2025-01-04 20:33:30,929 - Active Player: 2
2025-01-04 20:33:30,929 - STATE LOG: END
2025-01-04 20:33:31,111 - STATE LOG: BEGIN
2025-01-04 20:33:31,111 - Noah's Hand: [3S, 6S, 7D, 9C, 9H, 9S, 3D]
2025-01-04 20:33:31,112 - Eve's Hand: [2D, 3C, 7H, 7S, 8C, 4H, AS]
2025-01-04 20:33:31,112 - Boss: Rank: 11 | Suit C | Attack 10 | Health 20
2025-01-04 20:33:31,112 - Tavern: [4C, AD, 9D, AH, 5C, 5H, 2H, 2C, 6C, 4D, 7C, TC, 8S, 4S, TH, 5S, 6H, TD, 2S, 8H, 5D, 6D, 3H]
2025-01-04 20:33:31,112 - Castle: [KC, KH, KD, KS, QH, QS, QC, QD, JS, JD]
2025-01-04 20:33:31,112 - Discard: [TS, AC, 8D, JH]
2025-01-04 20:33:31,112 - Active Player: 2
2025-01-04 20:33:31,112 - STATE LOG: END
2025-01-04 20:33:32,474 - STATE LOG: BEGIN
2025-01-04 20:33:32,474 - Noah's Hand: [3S, 6S, 7D, 9C, 9H, 9S, 3D]
2025-01-04 20:33:32,474 - Eve's Hand: [AS, 3C, 7H, 8C, 3H]
2025-01-04 20:33:32,474 - Boss: Rank: 11 | Suit C | Attack 10 | Health 18
2025-01-04 20:33:32,474 - Tavern: [4C, AD, 9D, AH, 5C, 5H, 2H, 2C, 6C, 4D, 7C, TC, 8S, 4S, TH, 5S, 6H, TD, 2S, 8H, 5D, 6D]
2025-01-04 20:33:32,474 - Castle: [KC, KH, KD, KS, QH, QS, QC, QD, JS, JD]
2025-01-04 20:33:32,474 - Discard: [TS, AC, 8D, JH, 4H, 7S]
2025-01-04 20:33:32,474 - Active Player: 1
2025-01-04 20:33:32,474 - STATE LOG: END
2025-01-04 20:33:33,640 - STATE LOG: BEGIN
2025-01-04 20:33:33,640 - Noah's Hand: [7D, 9C, 9H, 9S, 6D, 8H]
2025-01-04 20:33:33,640 - Eve's Hand: [AS, 3C, 7H, 8C, 3H, 5D, 2S]
2025-01-04 20:33:33,640 - Boss: Rank: 11 | Suit C | Attack 4 | Health 12
2025-01-04 20:33:33,640 - Tavern: [4C, AD, 9D, AH, 5C, 5H, 2H, 2C, 6C, 4D, 7C, TC, 8S, 4S, TH, 5S, 6H, TD]
2025-01-04 20:33:33,640 - Castle: [KC, KH, KD, KS, QH, QS, QC, QD, JS, JD]
2025-01-04 20:33:33,640 - Discard: [TS, AC, 8D, JH, 4H, 7S, 6S]
2025-01-04 20:33:33,640 - Active Player: 2
2025-01-04 20:33:33,640 - STATE LOG: END
2025-01-04 20:33:34,905 - STATE LOG: BEGIN
2025-01-04 20:33:34,905 - Noah's Hand: [7D, 9C, 9H, 9S, 6D, 8H, 6H]
2025-01-04 20:33:34,905 - Eve's Hand: [2S, 3C, 3H, 7H, 8C, TD, 5S]
2025-01-04 20:33:34,905 - Boss: Rank: 11 | Suit C | Attack 0 | Health 6
2025-01-04 20:33:34,905 - Tavern: [4C, AD, 9D, AH, 5C, 5H, 2H, 2C, 6C, 4D, 7C, TC, 8S, 4S, TH]
2025-01-04 20:33:34,905 - Castle: [KC, KH, KD, KS, QH, QS, QC, QD, JS, JD]
2025-01-04 20:33:34,905 - Discard: [TS, AC, 8D, JH, 4H, 7S, 6S]
2025-01-04 20:33:34,905 - Active Player: 1
2025-01-04 20:33:34,905 - STATE LOG: END
2025-01-04 20:33:36,158 - STATE LOG: BEGIN
2025-01-04 20:33:36,158 - Noah's Hand: [6H, 7D, 8H, 9C, 9H, 9S, TH]
2025-01-04 20:33:36,158 - Eve's Hand: [2S, 3C, 3H, 7H, 8C, TD, 5S]
2025-01-04 20:33:36,158 - Boss: Rank: 11 | Suit D | Attack 10 | Health 20
2025-01-04 20:33:36,158 - Tavern: [4C, AD, 9D, AH, 5C, 5H, 2H, 2C, 6C, 4D, 7C, TC, 8S, 4S]
2025-01-04 20:33:36,158 - Castle: [KC, KH, KD, KS, QH, QS, QC, QD, JS]
2025-01-04 20:33:36,158 - Discard: [TS, AC, 8D, JH, 4H, 7S, 6S, 3D, 3S, 6D, 2D, AS, 5D]
2025-01-04 20:33:36,158 - Active Player: 1
2025-01-04 20:33:36,158 - STATE LOG: END
2025-01-04 20:33:37,391 - STATE LOG: BEGIN
2025-01-04 20:33:37,391 - Noah's Hand: [6H, 7D, 9C, 9H, TH]
2025-01-04 20:33:37,392 - Eve's Hand: [2S, 3C, 3H, 7H, 8C, TD, 5S]
2025-01-04 20:33:37,392 - Boss: Rank: 11 | Suit D | Attack 1 | Health 11
2025-01-04 20:33:37,392 - Tavern: [4C, AD, 9D, AH, 5C, 5H, 2H, 2C, 6C, 4D, 7C, TC, 8S, 4S]
2025-01-04 20:33:37,392 - Castle: [KC, KH, KD, KS, QH, QS, QC, QD, JS]
2025-01-04 20:33:37,392 - Discard: [TS, AC, 8D, JH, 4H, 7S, 6S, 3D, 3S, 6D, 2D, AS, 5D, 8H]
2025-01-04 20:33:37,392 - Active Player: 2
2025-01-04 20:33:37,392 - STATE LOG: END
2025-01-04 20:33:38,676 - STATE LOG: BEGIN
2025-01-04 20:33:38,677 - Noah's Hand: [6H, 7D, 9C, 9H, TH]
2025-01-04 20:33:38,677 - Eve's Hand: [3C, 3H, 5S, 7H, 8C, TD]
2025-01-04 20:33:38,677 - Boss: Rank: 11 | Suit D | Attack 0 | Health 9
2025-01-04 20:33:38,677 - Tavern: [4C, AD, 9D, AH, 5C, 5H, 2H, 2C, 6C, 4D, 7C, TC, 8S, 4S]
2025-01-04 20:33:38,677 - Castle: [KC, KH, KD, KS, QH, QS, QC, QD, JS]
2025-01-04 20:33:38,677 - Discard: [TS, AC, 8D, JH, 4H, 7S, 6S, 3D, 3S, 6D, 2D, AS, 5D, 8H]
2025-01-04 20:33:38,677 - Active Player: 1
2025-01-04 20:33:38,677 - STATE LOG: END
2025-01-04 20:33:39,946 - STATE LOG: BEGIN
2025-01-04 20:33:39,947 - Noah's Hand: [7D, 9C, 9H, TH]
2025-01-04 20:33:39,947 - Eve's Hand: [3C, 3H, 5S, 7H, 8C, TD]
2025-01-04 20:33:39,947 - Boss: Rank: 11 | Suit D | Attack 0 | Health 3
2025-01-04 20:33:39,947 - Tavern: [6S, 8H, 4H, 3S, 6D, AC, 4C, AD, 9D, AH, 5C, 5H, 2H, 2C, 6C, 4D, 7C, TC, 8S, 4S]
2025-01-04 20:33:39,947 - Castle: [KC, KH, KD, KS, QH, QS, QC, QD, JS]
2025-01-04 20:33:39,947 - Discard: [8D, AS, 7S, JH, 3D, 5D, 2D, TS]
2025-01-04 20:33:39,947 - Active Player: 2
2025-01-04 20:33:39,947 - STATE LOG: END
2025-01-04 20:33:41,206 - STATE LOG: BEGIN
2025-01-04 20:33:41,206 - Noah's Hand: [7D, 9C, 9H, TH]
2025-01-04 20:33:41,206 - Eve's Hand: [3C, 5S, 7H, 8C, TD]
2025-01-04 20:33:41,206 - Boss: Rank: 11 | Suit S | Attack 10 | Health 20
2025-01-04 20:33:41,206 - Tavern: [7S, 3D, 5D, 6S, 8H, 4H, 3S, 6D, AC, 4C, AD, 9D, AH, 5C, 5H, 2H, 2C, 6C, 4D, 7C, TC, 8S, 4S]
2025-01-04 20:33:41,206 - Castle: [KC, KH, KD, KS, QH, QS, QC, QD]
2025-01-04 20:33:41,206 - Discard: [AS, JH, 2D, 8D, TS, 9S, 6H, 2S, 3H]
2025-01-04 20:33:41,206 - Active Player: 2
2025-01-04 20:33:41,206 - STATE LOG: END
2025-01-04 20:33:41,770 - STATE LOG: BEGIN
2025-01-04 20:33:41,770 - Noah's Hand: [7D, 9C, 9H, TH]
2025-01-04 20:33:41,770 - Eve's Hand: [5S, 8C, TD]
2025-01-04 20:33:41,770 - Boss: Rank: 11 | Suit S | Attack 10 | Health 20
2025-01-04 20:33:41,770 - Tavern: [7S, 3D, 5D, 6S, 8H, 4H, 3S, 6D, AC, 4C, AD, 9D, AH, 5C, 5H, 2H, 2C, 6C, 4D, 7C, TC, 8S, 4S]
2025-01-04 20:33:41,770 - Castle: [KC, KH, KD, KS, QH, QS, QC, QD]
2025-01-04 20:33:41,770 - Discard: [AS, JH, 2D, 8D, TS, 9S, 6H, 2S, 3H, 7H, 3C]
2025-01-04 20:33:41,770 - Active Player: 1
2025-01-04 20:33:41,770 - STATE LOG: END
2025-01-04 20:33:42,092 - STATE LOG: BEGIN
2025-01-04 20:33:42,092 - Noah's Hand: [9C, 9H, JD, TC, 4D]
2025-01-04 20:33:42,092 - Eve's Hand: [5S, 8C, TD, JC, 8S, 7C]
2025-01-04 20:33:42,092 - Boss: Rank: 11 | Suit S | Attack 10 | Health 13
2025-01-04 20:33:42,092 - Tavern: [7S, 3D, 5D, 6S, 8H, 4H, 3S, 6D, AC, 4C, AD, 9D, AH, 5C, 5H, 2H, 2C, 6C]
2025-01-04 20:33:42,092 - Castle: [KC, KH, KD, KS, QH, QS, QC, QD]
2025-01-04 20:33:42,092 - Discard: [AS, JH, 2D, 8D, TS, 9S, 6H, 2S, 3H, 7H, 3C, 4S, TH]
2025-01-04 20:33:42,092 - Active Player: 2
2025-01-04 20:33:42,092 - STATE LOG: END
2025-01-04 20:33:43,278 - STATE LOG: BEGIN
2025-01-04 20:33:43,278 - Noah's Hand: [9C, 9H, JD, TC, 4D]
2025-01-04 20:33:43,278 - Eve's Hand: [5S, 7C, 8C, 8S, TD]
2025-01-04 20:33:43,278 - Boss: Rank: 11 | Suit S | Attack 10 | Health 13
2025-01-04 20:33:43,278 - Tavern: [7S, 3D, 5D, 6S, 8H, 4H, 3S, 6D, AC, 4C, AD, 9D, AH, 5C, 5H, 2H, 2C, 6C]
2025-01-04 20:33:43,278 - Castle: [KC, KH, KD, KS, QH, QS, QC, QD]
2025-01-04 20:33:43,278 - Discard: [AS, JH, 2D, 8D, TS, 9S, 6H, 2S, 3H, 7H, 3C, 4S, TH, JC]
2025-01-04 20:33:43,278 - Active Player: 1
2025-01-04 20:33:43,278 - STATE LOG: END
2025-01-04 20:33:44,018 - STATE LOG: BEGIN
2025-01-04 20:33:44,018 - Noah's Hand: [9C, TC, JD, 2H]
2025-01-04 20:33:44,018 - Eve's Hand: [5S, 7C, 8C, 8S, TD, 2C, 5H]
2025-01-04 20:33:44,018 - Boss: Rank: 11 | Suit S | Attack 10 | Health 9
2025-01-04 20:33:44,018 - Tavern: [7S, 3D, 5D, 6S, 8H, 4H, 3S, 6D, AC, 4C, AD, 9D, AH, 5C]
2025-01-04 20:33:44,018 - Castle: [KC, KH, KD, KS, QH, QS, QC, QD]
2025-01-04 20:33:44,018 - Discard: [AS, JH, 2D, 8D, TS, 9S, 6H, 2S, 3H, 7H, 3C, 4S, TH, JC, 9H, 6C]
2025-01-04 20:33:44,018 - Active Player: 2
2025-01-04 20:33:44,018 - STATE LOG: END
2025-01-04 20:33:44,097 - STATE LOG: BEGIN
2025-01-04 20:33:44,097 - Noah's Hand: [9C, TC, JD, 2H, AH, 9D, AD]
2025-01-04 20:33:44,097 - Eve's Hand: [2C, 5H, 5S, 7C, 8C, 8S, 5C]
2025-01-04 20:33:44,097 - Boss: Rank: 12 | Suit D | Attack 15 | Health 30
2025-01-04 20:33:44,097 - Tavern: [7S, 3D, 5D, 6S, 8H, 4H, 3S, 6D, AC, 4C]
2025-01-04 20:33:44,097 - Castle: [KC, KH, KD, KS, QH, QS, QC]
2025-01-04 20:33:44,097 - Discard: [AS, JH, 2D, 8D, TS, 9S, 6H, 2S, 3H, 7H, 3C, 4S, TH, JC, 9H, 6C, 7D, 4D, TD, JS]
2025-01-04 20:33:44,097 - Active Player: 2
2025-01-04 20:33:44,097 - STATE LOG: END
2025-01-04 20:33:45,481 - STATE LOG: BEGIN
2025-01-04 20:33:45,481 - Noah's Hand: [9C, TC, JD, 2H, AH, 9D, AD]
2025-01-04 20:33:45,481 - Eve's Hand: [2C, 5C, 5S, 8C]
2025-01-04 20:33:45,481 - Boss: Rank: 12 | Suit D | Attack 7 | Health 22
2025-01-04 20:33:45,481 - Tavern: [7S, 3D, 5D, 6S, 8H, 4H, 3S, 6D, AC, 4C]
2025-01-04 20:33:45,481 - Castle: [KC, KH, KD, KS, QH, QS, QC]
2025-01-04 20:33:45,481 - Discard: [AS, JH, 2D, 8D, TS, 9S, 6H, 2S, 3H, 7H, 3C, 4S, TH, JC, 9H, 6C, 7D, 4D, TD, JS, 5H, 7C]
2025-01-04 20:33:45,481 - Active Player: 1
2025-01-04 20:33:45,481 - STATE LOG: END
2025-01-04 20:33:46,713 - STATE LOG: BEGIN
2025-01-04 20:33:46,713 - Noah's Hand: [AD, 2H, 9C, 9D, JD]
2025-01-04 20:33:46,713 - Eve's Hand: [2C, 5C, 5S, 8C]
2025-01-04 20:33:46,713 - Boss: Rank: 12 | Suit C | Attack 15 | Health 30
2025-01-04 20:33:46,713 - Tavern: [5H, TD, 2D, JC, 7C, AS, 6H, 7H, 4D, 3C, 2S, 7S, 3D, 5D, 6S, 8H, 4H, 3S, 6D, AC, 4C]
2025-01-04 20:33:46,713 - Castle: [KC, KH, KD, KS, QH, QS]
2025-01-04 20:33:46,713 - Discard: [3H, JH, TS, 9S, 7D, 9H, 4S, 8D, JS, TH, 6C, AH, TC, 8S]
2025-01-04 20:33:46,713 - Active Player: 1
2025-01-04 20:33:46,713 - STATE LOG: END
2025-01-04 20:33:47,280 - STATE LOG: BEGIN
2025-01-04 20:33:47,281 - Noah's Hand: [AD, JD, QD]
2025-01-04 20:33:47,281 - Eve's Hand: [2C, 5C, 5S, 8C, 4C, 6D, 4H]
2025-01-04 20:33:47,281 - Boss: Rank: 12 | Suit C | Attack 15 | Health 21
2025-01-04 20:33:47,281 - Tavern: [5H, TD, 2D, JC, 7C, AS, 6H, 7H, 4D, 3C, 2S, 7S, 3D, 5D, 6S, 8H]
2025-01-04 20:33:47,281 - Castle: [KC, KH, KD, KS, QH, QS]
2025-01-04 20:33:47,281 - Discard: [3H, JH, TS, 9S, 7D, 9H, 4S, 8D, JS, TH, 6C, AH, TC, 8S, 2H, AC, 9C, 3S]
2025-01-04 20:33:47,281 - Active Player: 2
2025-01-04 20:33:47,281 - STATE LOG: END
2025-01-04 20:33:48,887 - STATE LOG: BEGIN
2025-01-04 20:33:48,887 - Noah's Hand: [AD, JD, QD]
2025-01-04 20:33:48,887 - Eve's Hand: [5C, 6D]
2025-01-04 20:33:48,887 - Boss: Rank: 12 | Suit C | Attack 15 | Health 13
2025-01-04 20:33:48,887 - Tavern: [AH, 3S, 4S, 3H, TS, TC, 8D, JH, 5H, TD, 2D, JC, 7C, AS, 6H, 7H, 4D, 3C, 2S, 7S, 3D, 5D, 6S, 8H]
2025-01-04 20:33:48,887 - Castle: [KC, KH, KD, KS, QH, QS]
2025-01-04 20:33:48,887 - Discard: [8S, AC, TH, 2H, 6C, 9C, JS, 9S, 7D, 9H, 2C, 5S, 8C]
2025-01-04 20:33:48,887 - Active Player: 1
2025-01-04 20:33:48,887 - STATE LOG: END
2025-01-04 20:33:49,519 - STATE LOG: BEGIN
2025-01-04 20:33:49,519 - Noah's Hand: [AD, QD, 5D, 7S, 3C]
2025-01-04 20:33:49,519 - Eve's Hand: [5C, 6D, 6S, 3D, 2S, 4D, 6H]
2025-01-04 20:33:49,519 - Boss: Rank: 12 | Suit C | Attack 15 | Health 2
2025-01-04 20:33:49,519 - Tavern: [AH, 3S, 4S, 3H, TS, TC, 8D, JH, 5H, TD, 2D, JC, 7C, AS]
2025-01-04 20:33:49,519 - Castle: [KC, KH, KD, KS, QH, QS]
2025-01-04 20:33:49,519 - Discard: [8S, AC, TH, 2H, 6C, 9C, JS, 9S, 7D, 9H, 2C, 5S, 8C, 8H, 7H]
2025-01-04 20:33:49,519 - Active Player: 2
2025-01-04 20:33:49,519 - STATE LOG: END
2025-01-04 20:33:51,282 - STATE LOG: BEGIN
2025-01-04 20:33:51,282 - Noah's Hand: [AD, QD, 5D, 7S, 3C, 7C, JC]
2025-01-04 20:33:51,283 - Eve's Hand: [2S, 3D, 5C, 6D, 6H, 6S, AS]
2025-01-04 20:33:51,283 - Boss: Rank: 12 | Suit S | Attack 15 | Health 30
2025-01-04 20:33:51,283 - Tavern: [AH, 3S, 4S, 3H, TS, TC, 8D, JH, 5H, TD, 2D]
2025-01-04 20:33:51,283 - Castle: [KC, KH, KD, KS, QH]
2025-01-04 20:33:51,283 - Discard: [8S, AC, TH, 2H, 6C, 9C, JS, 9S, 7D, 9H, 2C, 5S, 8C, 8H, 7H, 9D, JD, 4C, 4H, 4D, QC]
2025-01-04 20:33:51,283 - Active Player: 2
2025-01-04 20:33:51,283 - STATE LOG: END
2025-01-04 20:33:53,106 - STATE LOG: BEGIN
2025-01-04 20:33:53,106 - Noah's Hand: [AD, QD, 5D, 7S, 3C, 7C, JC]
2025-01-04 20:33:53,106 - Eve's Hand: [3D]
2025-01-04 20:33:53,106 - Boss: Rank: 12 | Suit S | Attack 15 | Health 24
2025-01-04 20:33:53,106 - Tavern: [JD, 4H, QC, 2C, 6C, TH, AH, 3S, 4S, 3H, TS, TC, 8D, JH, 5H, TD, 2D]
2025-01-04 20:33:53,106 - Castle: [KC, KH, KD, KS, QH]
2025-01-04 20:33:53,106 - Discard: [4D, 5S, 9D, 8C, 4C, 9C, 9H, JS, 7D, 7H, AC, 8H, 8S, 9S, 2H, 5C, 2S, 6S, AS, 6D]
2025-01-04 20:33:53,106 - Active Player: 1
2025-01-04 20:33:53,106 - STATE LOG: END
2025-01-04 20:33:53,564 - STATE LOG: BEGIN
2025-01-04 20:33:53,564 - Noah's Hand: [3C, 5D, 7S, 2D, 5H]
2025-01-04 20:33:53,564 - Eve's Hand: [3D, TD, JH, 8D, TC, TS, 3H]
2025-01-04 20:33:53,564 - Boss: Rank: 12 | Suit S | Attack 15 | Health 11
2025-01-04 20:33:53,564 - Tavern: [JD, 4H, QC, 2C, 6C, TH, AH, 3S, 4S]
2025-01-04 20:33:53,564 - Castle: [KC, KH, KD, KS, QH]
2025-01-04 20:33:53,564 - Discard: [4D, 5S, 9D, 8C, 4C, 9C, 9H, JS, 7D, 7H, AC, 8H, 8S, 9S, 2H, 5C, 2S, 6S, AS, 6D, JC, 7C]
2025-01-04 20:33:53,564 - Active Player: 2
2025-01-04 20:33:53,564 - STATE LOG: END
2025-01-04 20:33:55,186 - STATE LOG: BEGIN
2025-01-04 20:33:55,186 - Noah's Hand: [3C, 5D, 7S, 2D, 5H]
2025-01-04 20:33:55,186 - Eve's Hand: [3D, 3H, 8D, TC, TD, TS]
2025-01-04 20:33:55,186 - Boss: Rank: 12 | Suit H | Attack 15 | Health 30
2025-01-04 20:33:55,186 - Tavern: [8H, 8C, AC, 2S, 9C, 7C, JC, 8S, 5S, AS, JS, JD, 4H, QC, 2C, 6C, TH, AH, 3S, 4S]
2025-01-04 20:33:55,186 - Castle: [KC, KH, KD, KS]
2025-01-04 20:33:55,186 - Discard: [7D, 7H, 9D, 4D, 5C, 4C, 6D, 9H, 9S, 2H, 6S, AD, QD, 6H, JH]
2025-01-04 20:33:55,186 - Active Player: 2
2025-01-04 20:33:55,186 - STATE LOG: END
2025-01-04 20:33:56,990 - STATE LOG: BEGIN
2025-01-04 20:33:56,990 - Noah's Hand: [3C, 5D, 7S, 2D, 5H]
2025-01-04 20:33:56,990 - Eve's Hand: [3D, 8D, TD]
2025-01-04 20:33:56,990 - Boss: Rank: 12 | Suit H | Attack 5 | Health 20
2025-01-04 20:33:56,990 - Tavern: [8H, 8C, AC, 2S, 9C, 7C, JC, 8S, 5S, AS, JS, JD, 4H, QC, 2C, 6C, TH, AH, 3S, 4S]
2025-01-04 20:33:56,990 - Castle: [KC, KH, KD, KS]
2025-01-04 20:33:56,990 - Discard: [7D, 7H, 9D, 4D, 5C, 4C, 6D, 9H, 9S, 2H, 6S, AD, QD, 6H, JH, 3H, TC]
2025-01-04 20:33:56,990 - Active Player: 1
2025-01-04 20:33:56,990 - STATE LOG: END
2025-01-04 20:33:58,875 - STATE LOG: BEGIN
2025-01-04 20:33:58,875 - Noah's Hand: [2D, 3C, 5H, 7S, 3S, TH]
2025-01-04 20:33:58,875 - Eve's Hand: [3D, 8D, TD, 4S, AH]
2025-01-04 20:33:58,875 - Boss: Rank: 12 | Suit H | Attack 5 | Health 15
2025-01-04 20:33:58,875 - Tavern: [8H, 8C, AC, 2S, 9C, 7C, JC, 8S, 5S, AS, JS, JD, 4H, QC, 2C, 6C]
2025-01-04 20:33:58,875 - Castle: [KC, KH, KD, KS]
2025-01-04 20:33:58,875 - Discard: [7D, 7H, 9D, 4D, 5C, 4C, 6D, 9H, 9S, 2H, 6S, AD, QD, 6H, JH, 3H, TC, QS]
2025-01-04 20:33:58,875 - Active Player: 2
2025-01-04 20:33:58,875 - STATE LOG: END
2025-01-04 20:34:00,730 - STATE LOG: BEGIN
2025-01-04 20:34:00,730 - Noah's Hand: [2D, 3C, 5H, 7S, 3S, TH]
2025-01-04 20:34:00,730 - Eve's Hand: [3D, 8D, TD]
2025-01-04 20:34:00,730 - Boss: Rank: 12 | Suit H | Attack 5 | Health 15
2025-01-04 20:34:00,730 - Tavern: [8H, 8C, AC, 2S, 9C, 7C, JC, 8S, 5S, AS, JS, JD, 4H, QC, 2C, 6C]
2025-01-04 20:34:00,730 - Castle: [KC, KH, KD, KS]
2025-01-04 20:34:00,730 - Discard: [7D, 7H, 9D, 4D, 5C, 4C, 6D, 9H, 9S, 2H, 6S, AD, QD, 6H, JH, 3H, TC, QS, AH, 4S]
2025-01-04 20:34:00,730 - Active Player: 1
2025-01-04 20:34:00,730 - STATE LOG: END
2025-01-04 20:34:02,390 - STATE LOG: BEGIN
2025-01-04 20:34:02,390 - Noah's Hand: [2D, 3C, 7S, TH]
2025-01-04 20:34:02,390 - Eve's Hand: [3D, 8D, TD]
2025-01-04 20:34:02,390 - Boss: Rank: 12 | Suit H | Attack 2 | Health 12
2025-01-04 20:34:02,390 - Tavern: [8H, 8C, AC, 2S, 9C, 7C, JC, 8S, 5S, AS, JS, JD, 4H, QC, 2C, 6C]
2025-01-04 20:34:02,390 - Castle: [KC, KH, KD, KS]
2025-01-04 20:34:02,390 - Discard: [7D, 7H, 9D, 4D, 5C, 4C, 6D, 9H, 9S, 2H, 6S, AD, QD, 6H, JH, 3H, TC, QS, AH, 4S, 5H]
2025-01-04 20:34:02,390 - Active Player: 2
2025-01-04 20:34:02,390 - STATE LOG: END
2025-01-04 20:34:03,973 - STATE LOG: BEGIN
2025-01-04 20:34:03,973 - Noah's Hand: [2D, 3C, 7S, TH, 2C]
2025-01-04 20:34:03,973 - Eve's Hand: [8D, TD, QC]
2025-01-04 20:34:03,973 - Boss: Rank: 12 | Suit H | Attack 2 | Health 9
2025-01-04 20:34:03,973 - Tavern: [8H, 8C, AC, 2S, 9C, 7C, JC, 8S, 5S, AS, JS, JD, 4H]
2025-01-04 20:34:03,973 - Castle: [KC, KH, KD, KS]
2025-01-04 20:34:03,973 - Discard: [7D, 7H, 9D, 4D, 5C, 4C, 6D, 9H, 9S, 2H, 6S, AD, QD, 6H, JH, 3H, TC, QS, AH, 4S, 5H, 6C]
2025-01-04 20:34:03,973 - Active Player: 1
2025-01-04 20:34:03,973 - STATE LOG: END
2025-01-04 20:34:04,028 - STATE LOG: BEGIN
2025-01-04 20:34:04,028 - Noah's Hand: [2C, 3C, 7S, 4H]
2025-01-04 20:34:04,028 - Eve's Hand: [8D, TD, QC, JD]
2025-01-04 20:34:04,028 - Boss: Rank: 12 | Suit H | Attack 2 | Health 7
2025-01-04 20:34:04,028 - Tavern: [8H, 8C, AC, 2S, 9C, 7C, JC, 8S, 5S, AS, JS]
2025-01-04 20:34:04,028 - Castle: [KC, KH, KD, KS]
2025-01-04 20:34:04,028 - Discard: [7D, 7H, 9D, 4D, 5C, 4C, 6D, 9H, 9S, 2H, 6S, AD, QD, 6H, JH, 3H, TC, QS, AH, 4S, 5H, 6C, TH]
2025-01-04 20:34:04,028 - Active Player: 2
2025-01-04 20:34:04,028 - STATE LOG: END
2025-01-04 20:34:05,490 - STATE LOG: BEGIN
2025-01-04 20:34:05,490 - Noah's Hand: [2C, 3C, 7S, 4H]
2025-01-04 20:34:05,490 - Eve's Hand: [8D, TD, JD]
2025-01-04 20:34:05,490 - Boss: Rank: 12 | Suit H | Attack 2 | Health 7
2025-01-04 20:34:05,490 - Tavern: [8H, 8C, AC, 2S, 9C, 7C, JC, 8S, 5S, AS, JS]
2025-01-04 20:34:05,490 - Castle: [KC, KH, KD, KS]
2025-01-04 20:34:05,490 - Discard: [7D, 7H, 9D, 4D, 5C, 4C, 6D, 9H, 9S, 2H, 6S, AD, QD, 6H, JH, 3H, TC, QS, AH, 4S, 5H, 6C, TH, QC]
2025-01-04 20:34:05,491 - Active Player: 1
2025-01-04 20:34:05,491 - STATE LOG: END
2025-01-04 20:34:05,949 - STATE LOG: BEGIN
2025-01-04 20:34:05,949 - Noah's Hand: [3C, 4H]
2025-01-04 20:34:05,949 - Eve's Hand: [8D, TD, JD]
2025-01-04 20:34:05,949 - Boss: Rank: 12 | Suit H | Attack 2 | Health 3
2025-01-04 20:34:05,949 - Tavern: [8H, 8C, AC, 2S, 9C, 7C, JC, 8S, 5S, AS, JS]
2025-01-04 20:34:05,949 - Castle: [KC, KH, KD, KS]
2025-01-04 20:34:05,949 - Discard: [7D, 7H, 9D, 4D, 5C, 4C, 6D, 9H, 9S, 2H, 6S, AD, QD, 6H, JH, 3H, TC, QS, AH, 4S, 5H, 6C, TH, QC, 7S]
2025-01-04 20:34:05,949 - Active Player: 2
2025-01-04 20:34:05,949 - STATE LOG: END
2025-01-04 20:34:06,512 - STATE LOG: BEGIN
2025-01-04 20:34:06,512 - Noah's Hand: [3C, 4H, AS, 8S, 7C, 2S, 8C]
2025-01-04 20:34:06,512 - Eve's Hand: [8D, TD, JS, 5S, JC, 9C, AC]
2025-01-04 20:34:06,512 - Boss: Rank: 13 | Suit S | Attack 20 | Health 40
2025-01-04 20:34:06,512 - Tavern: [8H]
2025-01-04 20:34:06,512 - Castle: [KC, KH, KD]
2025-01-04 20:34:06,512 - Discard: [7D, 7H, 9D, 4D, 5C, 4C, 6D, 9H, 9S, 2H, 6S, AD, QD, 6H, JH, 3H, TC, QS, AH, 4S, 5H, 6C, TH, QC, 7S, 5D, 3S, 2D, 2C, TS, 3D, JD, QH]
2025-01-04 20:34:06,512 - Active Player: 2
2025-01-04 20:34:06,512 - STATE LOG: END
2025-01-04 20:34:07,932 - STATE LOG: BEGIN
2025-01-04 20:34:07,933 - Noah's Hand: [3C, 4H, AS, 8S, 7C, 2S, 8C]
2025-01-04 20:34:07,933 - Eve's Hand: [8D, 9C, JS]
2025-01-04 20:34:07,933 - Boss: Rank: 13 | Suit S | Attack 20 | Health 18
2025-01-04 20:34:07,933 - Tavern: []
2025-01-04 20:34:07,933 - Castle: [KC, KH, KD]
2025-01-04 20:34:07,933 - Discard: [7D, 7H, 9D, 4D, 5C, 4C, 6D, 9H, 9S, 2H, 6S, AD, QD, 6H, JH, 3H, TC, QS, AH, 4S, 5H, 6C, TH, QC, 7S, 5D, 3S, 2D, 2C, TS, 3D, JD, QH, 8H, 5S, JC]
2025-01-04 20:34:07,933 - Active Player: 1
2025-01-04 20:34:07,933 - STATE LOG: END
2025-01-04 20:34:08,123 - STATE LOG: BEGIN
2025-01-04 20:34:08,123 - Noah's Hand: [8C]
2025-01-04 20:34:08,123 - Eve's Hand: [8D, 9C, JS]
2025-01-04 20:34:08,123 - Boss: Rank: 13 | Suit S | Attack 20 | Health 15
2025-01-04 20:34:08,123 - Tavern: []
2025-01-04 20:34:08,123 - Castle: [KC, KH, KD]
2025-01-04 20:34:08,123 - Discard: [7D, 7H, 9D, 4D, 5C, 4C, 6D, 9H, 9S, 2H, 6S, AD, QD, 6H, JH, 3H, TC, QS, AH, 4S, 5H, 6C, TH, QC, 7S, 5D, 3S, 2D, 2C, TS, 3D, JD, QH, 8H, 5S, JC, 8S, 7C, 4H, 3C]
2025-01-04 20:34:08,123 - Active Player: 2
2025-01-04 20:34:08,123 - STATE LOG: END
2025-01-04 20:34:08,135 - STATE LOG: BEGIN
2025-01-04 20:34:08,135 - Noah's Hand: [8C]
2025-01-04 20:34:08,135 - Eve's Hand: [8D, JS]
2025-01-04 20:34:08,135 - Boss: Rank: 13 | Suit D | Attack 20 | Health 40
2025-01-04 20:34:08,135 - Tavern: []
2025-01-04 20:34:08,135 - Castle: [KC, KH]
2025-01-04 20:34:08,135 - Discard: [7D, 7H, 9D, 4D, 5C, 4C, 6D, 9H, 9S, 2H, 6S, AD, QD, 6H, JH, 3H, TC, QS, AH, 4S, 5H, 6C, TH, QC, 7S, 5D, 3S, 2D, 2C, TS, 3D, JD, QH, 8H, 5S, JC, 8S, 7C, 4H, 3C, AS, 2S, AC, TD, 9C, KS]
2025-01-04 20:34:08,135 - Active Player: 2
2025-01-04 20:34:08,135 - STATE LOG: END
2025-01-04 20:34:08,140 - STATE LOG: BEGIN
2025-01-04 20:34:08,140 - Noah's Hand: [8C]
2025-01-04 20:34:08,140 - Eve's Hand: [8D]
2025-01-04 20:34:08,140 - Boss: Rank: 13 | Suit D | Attack 9 | Health 29
2025-01-04 20:34:08,140 - Tavern: []
2025-01-04 20:34:08,140 - Castle: [KC, KH]
2025-01-04 20:34:08,140 - Discard: [7D, 7H, 9D, 4D, 5C, 4C, 6D, 9H, 9S, 2H, 6S, AD, QD, 6H, JH, 3H, TC, QS, AH, 4S, 5H, 6C, TH, QC, 7S, 5D, 3S, 2D, 2C, TS, 3D, JD, QH, 8H, 5S, JC, 8S, 7C, 4H, 3C, AS, 2S, AC, TD, 9C, KS]
2025-01-04 20:34:08,140 - Active Player: 1
2025-01-04 20:34:08,140 - STATE LOG: END
