2025-01-04 22:45:04,845 - I log states! :D
2025-01-04 22:45:04,845 - STATE LOG: BEGIN
2025-01-04 22:45:04,845 - Noah's Hand: [AS, TD, 8C, 5S, 6C, 5H, 8S]
2025-01-04 22:45:04,845 - Eve's Hand: [9D, 8H, 6D, 8D, 9H, 7C, 9C]
2025-01-04 22:45:04,845 - Boss: Rank: 11 | Suit S | Attack 10 | Health 20
2025-01-04 22:45:04,845 - Tavern: [3C, 3H, TH, 5D, 2H, 2D, 4H, 4C, 3D, 4D, 7S, 6H, 4S, AC, 7H, TC, 2S, 5C, TS, 2C, AD, AH, 9S, 6S, 3S, 7D]
2025-01-04 22:45:04,845 - Castle: [KS, KC, KD, KH, QS, QH, QC, QD, JC, JD, JH]
2025-01-04 22:45:04,845 - Discard: []
2025-01-04 22:45:04,845 - Active Player: 1
2025-01-04 22:45:04,845 - STATE LOG: END
2025-01-04 22:45:05,647 - STATE LOG: BEGIN
2025-01-04 22:45:05,647 - Noah's Hand: [AS, 5S, 8S, TD]
2025-01-04 22:45:05,647 - Eve's Hand: [9D, 8H, 6D, 8D, 9H, 7C, 9C]
2025-01-04 22:45:05,647 - Boss: Rank: 11 | Suit S | Attack 10 | Health 8
2025-01-04 22:45:05,647 - Tavern: [3C, 3H, TH, 5D, 2H, 2D, 4H, 4C, 3D, 4D, 7S, 6H, 4S, AC, 7H, TC, 2S, 5C, TS, 2C, AD, AH, 9S, 6S, 3S, 7D]
2025-01-04 22:45:05,647 - Castle: [KS, KC, KD, KH, QS, QH, QC, QD, JC, JD, JH]
2025-01-04 22:45:05,647 - Discard: [5H, 8C]
2025-01-04 22:45:05,647 - Active Player: 2
2025-01-04 22:45:05,647 - STATE LOG: END
2025-01-04 22:45:06,517 - STATE LOG: BEGIN
2025-01-04 22:45:06,517 - Noah's Hand: [AS, 5S, 8S, TD, 3S, 6S, 9S]
2025-01-04 22:45:06,517 - Eve's Hand: [6D, 7C, 8H, 9C, 9D, 9H, 7D]
2025-01-04 22:45:06,517 - Boss: Rank: 11 | Suit H | Attack 10 | Health 20
2025-01-04 22:45:06,517 - Tavern: [3C, 3H, TH, 5D, 2H, 2D, 4H, 4C, 3D, 4D, 7S, 6H, 4S, AC, 7H, TC, 2S, 5C, TS, 2C, AD, AH]
2025-01-04 22:45:06,517 - Castle: [KS, KC, KD, KH, QS, QH, QC, QD, JC, JD]
2025-01-04 22:45:06,517 - Discard: [5H, 8C, 6C, 8D]
2025-01-04 22:45:06,517 - Active Player: 2
2025-01-04 22:45:06,517 - STATE LOG: END
2025-01-04 22:45:07,288 - STATE LOG: BEGIN
2025-01-04 22:45:07,289 - Noah's Hand: [AS, 5S, 8S, TD, 3S, 6S, 9S]
2025-01-04 22:45:07,289 - Eve's Hand: [6D, 7C, 7D, 9C, 9D]
2025-01-04 22:45:07,289 - Boss: Rank: 11 | Suit H | Attack 10 | Health 20
2025-01-04 22:45:07,289 - Tavern: [3C, 3H, TH, 5D, 2H, 2D, 4H, 4C, 3D, 4D, 7S, 6H, 4S, AC, 7H, TC, 2S, 5C, TS, 2C, AD, AH]
2025-01-04 22:45:07,289 - Castle: [KS, KC, KD, KH, QS, QH, QC, QD, JC, JD]
2025-01-04 22:45:07,289 - Discard: [5H, 8C, 6C, 8D, 8H, 9H]
2025-01-04 22:45:07,289 - Active Player: 1
2025-01-04 22:45:07,289 - STATE LOG: END
2025-01-04 22:45:08,160 - STATE LOG: BEGIN
2025-01-04 22:45:08,160 - Noah's Hand: [3S, 5S, 6S, 8S, TD]
2025-01-04 22:45:08,160 - Eve's Hand: [6D, 7C, 7D, 9C, 9D]
2025-01-04 22:45:08,160 - Boss: Rank: 11 | Suit H | Attack 9 | Health 19
2025-01-04 22:45:08,160 - Tavern: [3C, 3H, TH, 5D, 2H, 2D, 4H, 4C, 3D, 4D, 7S, 6H, 4S, AC, 7H, TC, 2S, 5C, TS, 2C, AD, AH]
2025-01-04 22:45:08,160 - Castle: [KS, KC, KD, KH, QS, QH, QC, QD, JC, JD]
2025-01-04 22:45:08,160 - Discard: [5H, 8C, 6C, 8D, 8H, 9H, 9S]
2025-01-04 22:45:08,160 - Active Player: 2
2025-01-04 22:45:08,160 - STATE LOG: END
2025-01-04 22:45:08,960 - STATE LOG: BEGIN
2025-01-04 22:45:08,961 - Noah's Hand: [3S, 5S, 6S, 8S, TD, AH, 2C]
2025-01-04 22:45:08,961 - Eve's Hand: [7C, 7D, 9C, 9D, JS, AD]
2025-01-04 22:45:08,961 - Boss: Rank: 11 | Suit H | Attack 9 | Health 13
2025-01-04 22:45:08,961 - Tavern: [3C, 3H, TH, 5D, 2H, 2D, 4H, 4C, 3D, 4D, 7S, 6H, 4S, AC, 7H, TC, 2S, 5C]
2025-01-04 22:45:08,961 - Castle: [KS, KC, KD, KH, QS, QH, QC, QD, JC, JD]
2025-01-04 22:45:08,961 - Discard: [5H, 8C, 6C, 8D, 8H, 9H, 9S, TS]
2025-01-04 22:45:08,961 - Active Player: 1
2025-01-04 22:45:08,961 - STATE LOG: END
2025-01-04 22:45:09,780 - STATE LOG: BEGIN
2025-01-04 22:45:09,780 - Noah's Hand: [2C, 5S, 6S, TD]
2025-01-04 22:45:09,780 - Eve's Hand: [7C, 7D, 9C, 9D, JS, AD]
2025-01-04 22:45:09,780 - Boss: Rank: 11 | Suit H | Attack 6 | Health 10
2025-01-04 22:45:09,780 - Tavern: [3C, 3H, TH, 5D, 2H, 2D, 4H, 4C, 3D, 4D, 7S, 6H, 4S, AC, 7H, TC, 2S, 5C]
2025-01-04 22:45:09,780 - Castle: [KS, KC, KD, KH, QS, QH, QC, QD, JC, JD]
2025-01-04 22:45:09,780 - Discard: [5H, 8C, 6C, 8D, 8H, 9H, 9S, TS, AH, 8S]
2025-01-04 22:45:09,780 - Active Player: 2
2025-01-04 22:45:09,780 - STATE LOG: END
2025-01-04 22:45:10,491 - STATE LOG: BEGIN
2025-01-04 22:45:10,491 - Noah's Hand: [2C, 5S, 6S, TD, 2S, 7H, 4S]
2025-01-04 22:45:10,491 - Eve's Hand: [7C, 7D, 9D, JS, 5C, TC, AC]
2025-01-04 22:45:10,491 - Boss: Rank: 11 | Suit D | Attack 10 | Health 20
2025-01-04 22:45:10,491 - Tavern: [3C, 3H, TH, 5D, 2H, 2D, 4H, 4C, 3D, 4D, 7S, 6H]
2025-01-04 22:45:10,491 - Castle: [KS, KC, KD, KH, QS, QH, QC, QD, JC]
2025-01-04 22:45:10,491 - Discard: [5H, 8C, 6C, 8D, 8H, 9H, 9S, TS, AH, 8S, AS, 3S, 6D, AD, 9C, JH]
2025-01-04 22:45:10,491 - Active Player: 2
2025-01-04 22:45:10,491 - STATE LOG: END
2025-01-04 22:45:11,257 - STATE LOG: BEGIN
2025-01-04 22:45:11,257 - Noah's Hand: [2C, 5S, 6S, TD, 2S, 7H, 4S]
2025-01-04 22:45:11,257 - Eve's Hand: [AC, 5C, 7C, 7D, 9D, TC]
2025-01-04 22:45:11,257 - Boss: Rank: 11 | Suit D | Attack 0 | Health 9
2025-01-04 22:45:11,257 - Tavern: [3C, 3H, TH, 5D, 2H, 2D, 4H, 4C, 3D, 4D, 7S, 6H]
2025-01-04 22:45:11,257 - Castle: [KS, KC, KD, KH, QS, QH, QC, QD, JC]
2025-01-04 22:45:11,257 - Discard: [5H, 8C, 6C, 8D, 8H, 9H, 9S, TS, AH, 8S, AS, 3S, 6D, AD, 9C, JH]
2025-01-04 22:45:11,257 - Active Player: 1
2025-01-04 22:45:11,257 - STATE LOG: END
2025-01-04 22:45:12,077 - STATE LOG: BEGIN
2025-01-04 22:45:12,077 - Noah's Hand: [2C, 2S, 4S, 5S, 6S, TD]
2025-01-04 22:45:12,077 - Eve's Hand: [AC, 5C, 7C, 7D, 9D, TC]
2025-01-04 22:45:12,077 - Boss: Rank: 11 | Suit D | Attack 0 | Health 2
2025-01-04 22:45:12,077 - Tavern: [6D, 3S, 8D, JH, 8S, 5H, AS, 3C, 3H, TH, 5D, 2H, 2D, 4H, 4C, 3D, 4D, 7S, 6H]
2025-01-04 22:45:12,077 - Castle: [KS, KC, KD, KH, QS, QH, QC, QD, JC]
2025-01-04 22:45:12,077 - Discard: [AD, 6C, 9S, 8C, 9C, 8H, 9H, AH, TS]
2025-01-04 22:45:12,077 - Active Player: 2
2025-01-04 22:45:12,077 - STATE LOG: END
2025-01-04 22:45:12,935 - STATE LOG: BEGIN
2025-01-04 22:45:12,935 - Noah's Hand: [2C, 2S, 4S, 5S, 6S, TD]
2025-01-04 22:45:12,935 - Eve's Hand: [5C, 7C, 7D, 9D, TC]
2025-01-04 22:45:12,935 - Boss: Rank: 11 | Suit C | Attack 10 | Health 20
2025-01-04 22:45:12,935 - Tavern: [6D, 3S, 8D, JH, 8S, 5H, AS, 3C, 3H, TH, 5D, 2H, 2D, 4H, 4C, 3D, 4D, 7S, 6H]
2025-01-04 22:45:12,935 - Castle: [KS, KC, KD, KH, QS, QH, QC, QD]
2025-01-04 22:45:12,935 - Discard: [AD, 6C, 9S, 8C, 9C, 8H, 9H, AH, TS, 7H, JS, AC]
2025-01-04 22:45:12,935 - Active Player: 2
2025-01-04 22:45:12,935 - STATE LOG: END
2025-01-04 22:45:13,741 - STATE LOG: BEGIN
2025-01-04 22:45:13,741 - Noah's Hand: [2C, 2S, 4S, 5S, 6S, TD]
2025-01-04 22:45:13,741 - Eve's Hand: [5C, 7C, 7D, 9D]
2025-01-04 22:45:13,741 - Boss: Rank: 11 | Suit C | Attack 10 | Health 20
2025-01-04 22:45:13,741 - Tavern: [6D, 3S, 8D, JH, 8S, 5H, AS, 3C, 3H, TH, 5D, 2H, 2D, 4H, 4C, 3D, 4D, 7S, 6H]
2025-01-04 22:45:13,741 - Castle: [KS, KC, KD, KH, QS, QH, QC, QD]
2025-01-04 22:45:13,741 - Discard: [AD, 6C, 9S, 8C, 9C, 8H, 9H, AH, TS, 7H, JS, AC, TC]
2025-01-04 22:45:13,741 - Active Player: 1
2025-01-04 22:45:13,741 - STATE LOG: END
2025-01-04 22:45:14,598 - STATE LOG: BEGIN
2025-01-04 22:45:14,598 - Noah's Hand: [4S, TD]
2025-01-04 22:45:14,598 - Eve's Hand: [5C, 7C, 7D, 9D]
2025-01-04 22:45:14,598 - Boss: Rank: 11 | Suit C | Attack 6 | Health 16
2025-01-04 22:45:14,598 - Tavern: [6D, 3S, 8D, JH, 8S, 5H, AS, 3C, 3H, TH, 5D, 2H, 2D, 4H, 4C, 3D, 4D, 7S, 6H]
2025-01-04 22:45:14,598 - Castle: [KS, KC, KD, KH, QS, QH, QC, QD]
2025-01-04 22:45:14,598 - Discard: [AD, 6C, 9S, 8C, 9C, 8H, 9H, AH, TS, 7H, JS, AC, TC, 5S, 6S]
2025-01-04 22:45:14,598 - Active Player: 2
2025-01-04 22:45:14,598 - STATE LOG: END
2025-01-04 22:45:14,823 - STATE LOG: BEGIN
2025-01-04 22:45:14,823 - Noah's Hand: [4S, TD, 6H, 4D, 4C, 2D, 2H]
2025-01-04 22:45:14,823 - Eve's Hand: [5C, 7C, 7D, JD, 3D, 4H]
2025-01-04 22:45:14,823 - Boss: Rank: 11 | Suit C | Attack 6 | Health 7
2025-01-04 22:45:14,823 - Tavern: [6D, 3S, 8D, JH, 8S, 5H, AS, 3C, 3H, TH, 5D]
2025-01-04 22:45:14,823 - Castle: [KS, KC, KD, KH, QS, QH, QC, QD]
2025-01-04 22:45:14,823 - Discard: [AD, 6C, 9S, 8C, 9C, 8H, 9H, AH, TS, 7H, JS, AC, TC, 5S, 6S, 7S]
2025-01-04 22:45:14,823 - Active Player: 1
2025-01-04 22:45:14,823 - STATE LOG: END
2025-01-04 22:45:15,511 - STATE LOG: BEGIN
2025-01-04 22:45:15,511 - Noah's Hand: [2D, 4D, 4S, TD]
2025-01-04 22:45:15,511 - Eve's Hand: [5C, 7C, 7D, JD, 3D, 4H]
2025-01-04 22:45:15,511 - Boss: Rank: 11 | Suit C | Attack 6 | Health 5
2025-01-04 22:45:15,511 - Tavern: [7H, TS, 6D, 3S, 8D, JH, 8S, 5H, AS, 3C, 3H, TH, 5D]
2025-01-04 22:45:15,511 - Castle: [KS, KC, KD, KH, QS, QH, QC, QD]
2025-01-04 22:45:15,511 - Discard: [8H, 8C, 6S, AD, JS, TC, 9C, 5S, 9H, AC, 9S, 6C, AH, 7S, 4C, 6H]
2025-01-04 22:45:15,511 - Active Player: 2
2025-01-04 22:45:15,511 - STATE LOG: END
2025-01-04 22:45:16,094 - STATE LOG: BEGIN
2025-01-04 22:45:16,094 - Noah's Hand: [2D, 4D, 4S, TD]
2025-01-04 22:45:16,094 - Eve's Hand: [3D, 4H, 5C, 7D, JD]
2025-01-04 22:45:16,094 - Boss: Rank: 11 | Suit C | Attack 6 | Health 5
2025-01-04 22:45:16,094 - Tavern: [7H, TS, 6D, 3S, 8D, JH, 8S, 5H, AS, 3C, 3H, TH, 5D]
2025-01-04 22:45:16,094 - Castle: [KS, KC, KD, KH, QS, QH, QC, QD]
2025-01-04 22:45:16,094 - Discard: [8H, 8C, 6S, AD, JS, TC, 9C, 5S, 9H, AC, 9S, 6C, AH, 7S, 4C, 6H, 7C]
2025-01-04 22:45:16,094 - Active Player: 1
2025-01-04 22:45:16,094 - STATE LOG: END
2025-01-04 22:45:16,753 - STATE LOG: BEGIN
2025-01-04 22:45:16,753 - Noah's Hand: [2D, TD, 5D]
2025-01-04 22:45:16,753 - Eve's Hand: [3D, 4H, 5C, 7D, JD, TH, 3C]
2025-01-04 22:45:16,753 - Boss: Rank: 11 | Suit C | Attack 6 | Health 1
2025-01-04 22:45:16,753 - Tavern: [7H, TS, 6D, 3S, 8D, JH, 8S, 5H, AS]
2025-01-04 22:45:16,753 - Castle: [KS, KC, KD, KH, QS, QH, QC, QD]
2025-01-04 22:45:16,754 - Discard: [8H, 8C, 6S, AD, JS, TC, 9C, 5S, 9H, AC, 9S, 6C, AH, 7S, 4C, 6H, 7C, 4S, 3H]
2025-01-04 22:45:16,754 - Active Player: 2
2025-01-04 22:45:16,754 - STATE LOG: END
2025-01-04 22:45:17,330 - STATE LOG: BEGIN
2025-01-04 22:45:17,330 - Noah's Hand: [2D, TD, 5D, 5H, JH, 8D, 3S]
2025-01-04 22:45:17,330 - Eve's Hand: [4H, 5C, 7D, TH, JD, AS, 8S]
2025-01-04 22:45:17,330 - Boss: Rank: 12 | Suit D | Attack 15 | Health 30
2025-01-04 22:45:17,330 - Tavern: [7H, TS, 6D]
2025-01-04 22:45:17,330 - Castle: [KS, KC, KD, KH, QS, QH, QC]
2025-01-04 22:45:17,330 - Discard: [8H, 8C, 6S, AD, JS, TC, 9C, 5S, 9H, AC, 9S, 6C, AH, 7S, 4C, 6H, 7C, 4S, 3H, 2C, 2S, 2H, 4D, 9D, 3C, 3D, JC]
2025-01-04 22:45:17,330 - Active Player: 2
2025-01-04 22:45:17,330 - STATE LOG: END
2025-01-04 22:45:17,926 - STATE LOG: BEGIN
2025-01-04 22:45:17,926 - Noah's Hand: [2D, TD, 5D, 5H, JH, 8D, 3S]
2025-01-04 22:45:17,926 - Eve's Hand: [5C, 7D, 8S, TH]
2025-01-04 22:45:17,926 - Boss: Rank: 12 | Suit D | Attack 3 | Health 18
2025-01-04 22:45:17,926 - Tavern: [7H, TS, 6D]
2025-01-04 22:45:17,926 - Castle: [KS, KC, KD, KH, QS, QH, QC]
2025-01-04 22:45:17,926 - Discard: [8H, 8C, 6S, AD, JS, TC, 9C, 5S, 9H, AC, 9S, 6C, AH, 7S, 4C, 6H, 7C, 4S, 3H, 2C, 2S, 2H, 4D, 9D, 3C, 3D, JC, 4H]
2025-01-04 22:45:17,926 - Active Player: 1
2025-01-04 22:45:17,926 - STATE LOG: END
2025-01-04 22:45:18,681 - STATE LOG: BEGIN
2025-01-04 22:45:18,681 - Noah's Hand: [2D, 5D, 5H, 8D, TD, JH]
2025-01-04 22:45:18,681 - Eve's Hand: [5C, 7D, 8S, TH]
2025-01-04 22:45:18,681 - Boss: Rank: 12 | Suit D | Attack 0 | Health 15
2025-01-04 22:45:18,681 - Tavern: [7H, TS, 6D]
2025-01-04 22:45:18,681 - Castle: [KS, KC, KD, KH, QS, QH, QC]
2025-01-04 22:45:18,681 - Discard: [8H, 8C, 6S, AD, JS, TC, 9C, 5S, 9H, AC, 9S, 6C, AH, 7S, 4C, 6H, 7C, 4S, 3H, 2C, 2S, 2H, 4D, 9D, 3C, 3D, JC, 4H]
2025-01-04 22:45:18,681 - Active Player: 2
2025-01-04 22:45:18,681 - STATE LOG: END
2025-01-04 22:45:19,386 - STATE LOG: BEGIN
2025-01-04 22:45:19,386 - Noah's Hand: [2D, 5D, 5H, 8D, TD, JH]
2025-01-04 22:45:19,386 - Eve's Hand: [5C, 7D, 8S]
2025-01-04 22:45:19,386 - Boss: Rank: 12 | Suit D | Attack 0 | Health 5
2025-01-04 22:45:19,386 - Tavern: [AH, 4H, 4S, 8H, 9S, 6S, 7S, AC, 9D, 8C, 7H, TS, 6D]
2025-01-04 22:45:19,386 - Castle: [KS, KC, KD, KH, QS, QH, QC]
2025-01-04 22:45:19,386 - Discard: [2S, 3C, 3H, 3D, 7C, 6H, TC, 4D, 6C, 5S, 2C, 9H, JS, 2H, 9C, 4C, JC, AD]
2025-01-04 22:45:19,386 - Active Player: 1
2025-01-04 22:45:19,386 - STATE LOG: END
2025-01-04 22:45:20,177 - STATE LOG: BEGIN
2025-01-04 22:45:20,177 - Noah's Hand: [2D, 5D, 5H, 8D, JH]
2025-01-04 22:45:20,177 - Eve's Hand: [5C, 7D, 8S]
2025-01-04 22:45:20,177 - Boss: Rank: 12 | Suit C | Attack 15 | Health 30
2025-01-04 22:45:20,177 - Tavern: [AH, 4H, 4S, 8H, 9S, 6S, 7S, AC, 9D, 8C, 7H, TS, 6D]
2025-01-04 22:45:20,177 - Castle: [KS, KC, KD, KH, QS, QH]
2025-01-04 22:45:20,177 - Discard: [2S, 3C, 3H, 3D, 7C, 6H, TC, 4D, 6C, 5S, 2C, 9H, JS, 2H, 9C, 4C, JC, AD, 3S, TD, AS, JD, TH, QD]
2025-01-04 22:45:20,177 - Active Player: 1
2025-01-04 22:45:20,177 - STATE LOG: END
2025-01-04 22:45:20,564 - STATE LOG: BEGIN
2025-01-04 22:45:20,564 - Noah's Hand: [2D, 8D, 6D, 9D]
2025-01-04 22:45:20,564 - Eve's Hand: [5C, 7D, 8S, TS, 8C, AC, 6S]
2025-01-04 22:45:20,564 - Boss: Rank: 12 | Suit C | Attack 15 | Health 20
2025-01-04 22:45:20,564 - Tavern: [3C, 2H, JC, 2C, AD, 6H, 9C, 4D, 7C, TC, AH, 4H, 4S, 8H, 9S]
2025-01-04 22:45:20,564 - Castle: [KS, KC, KD, KH, QS, QH]
2025-01-04 22:45:20,564 - Discard: [9H, AS, 4C, 5S, 3S, 3D, 2S, 6C, TH, TD, JS, JD, QD, 3H, 7H, 7S, JH]
2025-01-04 22:45:20,564 - Active Player: 2
2025-01-04 22:45:20,564 - STATE LOG: END
2025-01-04 22:45:21,452 - STATE LOG: BEGIN
2025-01-04 22:45:21,452 - Noah's Hand: [2D, 8D, 6D, 9D]
2025-01-04 22:45:21,452 - Eve's Hand: [5C, 6S, 7D, 8C]
2025-01-04 22:45:21,452 - Boss: Rank: 12 | Suit C | Attack 6 | Health 11
2025-01-04 22:45:21,452 - Tavern: [3C, 2H, JC, 2C, AD, 6H, 9C, 4D, 7C, TC, AH, 4H, 4S, 8H, 9S]
2025-01-04 22:45:21,452 - Castle: [KS, KC, KD, KH, QS, QH]
2025-01-04 22:45:21,452 - Discard: [9H, AS, 4C, 5S, 3S, 3D, 2S, 6C, TH, TD, JS, JD, QD, 3H, 7H, 7S, JH, TS]
2025-01-04 22:45:21,452 - Active Player: 1
2025-01-04 22:45:21,452 - STATE LOG: END
2025-01-04 22:45:22,335 - STATE LOG: BEGIN
2025-01-04 22:45:22,335 - Noah's Hand: [2D, 8D, 9D, 4S, AH]
2025-01-04 22:45:22,335 - Eve's Hand: [5C, 6S, 7D, 8C, 8H, 4H, TC]
2025-01-04 22:45:22,335 - Boss: Rank: 12 | Suit C | Attack 6 | Health 5
2025-01-04 22:45:22,335 - Tavern: [3C, 2H, JC, 2C, AD, 6H, 9C, 4D, 7C]
2025-01-04 22:45:22,335 - Castle: [KS, KC, KD, KH, QS, QH]
2025-01-04 22:45:22,335 - Discard: [9H, AS, 4C, 5S, 3S, 3D, 2S, 6C, TH, TD, JS, JD, QD, 3H, 7H, 7S, JH, TS, 9S]
2025-01-04 22:45:22,335 - Active Player: 2
2025-01-04 22:45:22,335 - STATE LOG: END
2025-01-04 22:45:23,220 - STATE LOG: BEGIN
2025-01-04 22:45:23,220 - Noah's Hand: [2D, 8D, 9D, 4S, AH]
2025-01-04 22:45:23,220 - Eve's Hand: [5C, 6S, 7D, 8H, TC]
2025-01-04 22:45:23,220 - Boss: Rank: 12 | Suit C | Attack 6 | Health 1
2025-01-04 22:45:23,220 - Tavern: [TH, JD, QD, TS, 3C, 2H, JC, 2C, AD, 6H, 9C, 4D, 7C]
2025-01-04 22:45:23,220 - Castle: [KS, KC, KD, KH, QS, QH]
2025-01-04 22:45:23,220 - Discard: [TD, AS, JH, 7S, 4C, 6C, 3D, 9S, 3H, 3S, JS, 7H, 5S, 9H, 2S, 8C]
2025-01-04 22:45:23,220 - Active Player: 1
2025-01-04 22:45:23,220 - STATE LOG: END
2025-01-04 22:45:24,113 - STATE LOG: BEGIN
2025-01-04 22:45:24,113 - Noah's Hand: [2D, 4S, 8D, 7C, 9C, AD, 2C]
2025-01-04 22:45:24,113 - Eve's Hand: [5C, 6S, 7D, 8H, TC, 4D, 6H]
2025-01-04 22:45:24,113 - Boss: Rank: 12 | Suit H | Attack 15 | Health 30
2025-01-04 22:45:24,113 - Tavern: [6C, TD, 8C, 7S, 9S, AS, 7H, 3H, 4C, 5S, TH, JD, QD, TS, 3C, 2H, JC]
2025-01-04 22:45:24,113 - Castle: [KS, KC, KD, KH, QS]
2025-01-04 22:45:24,113 - Discard: [JS, 3D, 3S, 9H, 2S, JH, 5D, 5H, 6D, AH, 9D, AC, 8S, 4H, QC]
2025-01-04 22:45:24,113 - Active Player: 1
2025-01-04 22:45:24,113 - STATE LOG: END
2025-01-04 22:45:24,328 - STATE LOG: BEGIN
2025-01-04 22:45:24,328 - Noah's Hand: [2D, 8D, 9C, 2H]
2025-01-04 22:45:24,328 - Eve's Hand: [5C, 6S, 7D, 8H, TC, 4D, 6H]
2025-01-04 22:45:24,328 - Boss: Rank: 12 | Suit H | Attack 15 | Health 14
2025-01-04 22:45:24,328 - Tavern: [6C, TD, 8C, 7S, 9S, AS, 7H, 3H, 4C, 5S, TH, JD, QD, TS, 3C]
2025-01-04 22:45:24,328 - Castle: [KS, KC, KD, KH, QS]
2025-01-04 22:45:24,328 - Discard: [JS, 3D, 3S, 9H, 2S, JH, 5D, 5H, 6D, AH, 9D, AC, 8S, 4H, QC, 2C, 4S, JC]
2025-01-04 22:45:24,328 - Active Player: 2
2025-01-04 22:45:24,328 - STATE LOG: END
2025-01-04 22:45:25,150 - STATE LOG: BEGIN
2025-01-04 22:45:25,150 - Noah's Hand: [2D, 8D, 9C, 2H, TS, QD, JD]
2025-01-04 22:45:25,150 - Eve's Hand: [6S, 7D, TC, 3C]
2025-01-04 22:45:25,150 - Boss: Rank: 12 | Suit H | Attack 15 | Health 10
2025-01-04 22:45:25,150 - Tavern: [6C, TD, 8C, 7S, 9S, AS, 7H, 3H, 4C, 5S, TH]
2025-01-04 22:45:25,150 - Castle: [KS, KC, KD, KH, QS]
2025-01-04 22:45:25,150 - Discard: [JS, 3D, 3S, 9H, 2S, JH, 5D, 5H, 6D, AH, 9D, AC, 8S, 4H, QC, 2C, 4S, JC, 6H, 5C, 8H]
2025-01-04 22:45:25,150 - Active Player: 1
2025-01-04 22:45:25,150 - STATE LOG: END
2025-01-04 22:45:26,035 - STATE LOG: BEGIN
2025-01-04 22:45:26,035 - Noah's Hand: [2D, 2H, 8D, 9C, JD, QD]
2025-01-04 22:45:26,035 - Eve's Hand: [6S, 7D, TC, 3C]
2025-01-04 22:45:26,035 - Boss: Rank: 12 | Suit S | Attack 15 | Health 30
2025-01-04 22:45:26,035 - Tavern: [6C, TD, 8C, 7S, 9S, AS, 7H, 3H, 4C, 5S, TH]
2025-01-04 22:45:26,035 - Castle: [KS, KC, KD, KH]
2025-01-04 22:45:26,035 - Discard: [JS, 3D, 3S, 9H, 2S, JH, 5D, 5H, 6D, AH, 9D, AC, 8S, 4H, QC, 2C, 4S, JC, 6H, 5C, 8H, AD, 7C, TS, 4D]
2025-01-04 22:45:26,035 - Active Player: 1
2025-01-04 22:45:26,035 - STATE LOG: END
2025-01-04 22:45:26,842 - STATE LOG: BEGIN
2025-01-04 22:45:26,842 - Noah's Hand: [2D, 2H, 9C, JD, QD]
2025-01-04 22:45:26,842 - Eve's Hand: [6S, 7D, TC, 3C, TH, 4C, 3H]
2025-01-04 22:45:26,842 - Boss: Rank: 12 | Suit S | Attack 15 | Health 22
2025-01-04 22:45:26,842 - Tavern: [6C, TD, 8C, 7S, 9S, AS, 7H]
2025-01-04 22:45:26,842 - Castle: [KS, KC, KD, KH]
2025-01-04 22:45:26,842 - Discard: [JS, 3D, 3S, 9H, 2S, JH, 5D, 5H, 6D, AH, 9D, AC, 8S, 4H, QC, 2C, 4S, JC, 6H, 5C, 8H, AD, 7C, TS, 4D, QH, 5S]
2025-01-04 22:45:26,842 - Active Player: 2
2025-01-04 22:45:26,842 - STATE LOG: END
2025-01-04 22:45:27,816 - STATE LOG: BEGIN
2025-01-04 22:45:27,816 - Noah's Hand: [2D, 2H, 9C, JD, QD]
2025-01-04 22:45:27,816 - Eve's Hand: [3C, 4C, 7D]
2025-01-04 22:45:27,816 - Boss: Rank: 12 | Suit S | Attack 15 | Health 12
2025-01-04 22:45:27,816 - Tavern: [AC, 5C, 7C, 9H, AD, 5S, JH, JC, QH, 3S, 6C, TD, 8C, 7S, 9S, AS, 7H]
2025-01-04 22:45:27,816 - Castle: [KS, KC, KD, KH]
2025-01-04 22:45:27,816 - Discard: [8H, 6H, QC, 2C, JS, 8S, 9D, 5D, 4H, 4S, 5H, 4D, 3D, 2S, AH, 6D, TS, 3H, TC, 6S]
2025-01-04 22:45:27,816 - Active Player: 1
2025-01-04 22:45:27,816 - STATE LOG: END
2025-01-04 22:45:28,294 - STATE LOG: BEGIN
2025-01-04 22:45:28,294 - Noah's Hand: [2D, 2H, 9C, JD, 7H, 9S, 8C]
2025-01-04 22:45:28,294 - Eve's Hand: [3C, 4C, 7D, AS, 7S, TD, 6C]
2025-01-04 22:45:28,294 - Boss: Rank: 13 | Suit H | Attack 20 | Health 40
2025-01-04 22:45:28,294 - Tavern: [AC, 5C, 7C, 9H, AD, 5S, JH, JC, QH, 3S]
2025-01-04 22:45:28,294 - Castle: [KS, KC, KD]
2025-01-04 22:45:28,294 - Discard: [8H, 6H, QC, 2C, JS, 8S, 9D, 5D, 4H, 4S, 5H, 4D, 3D, 2S, AH, 6D, TS, 3H, TC, 6S, 8D, QD, TH]
2025-01-04 22:45:28,294 - Active Player: 1
2025-01-04 22:45:28,294 - STATE LOG: END
2025-01-04 22:45:29,197 - STATE LOG: BEGIN
2025-01-04 22:45:29,197 - Noah's Hand: [2D, 9C, JD]
2025-01-04 22:45:29,197 - Eve's Hand: [3C, 4C, 7D, AS, 7S, TD, 6C]
2025-01-04 22:45:29,197 - Boss: Rank: 13 | Suit H | Attack 11 | Health 31
2025-01-04 22:45:29,197 - Tavern: [AC, 5C, 7C, 9H, AD, 5S, JH, JC, QH, 3S]
2025-01-04 22:45:29,197 - Castle: [KS, KC, KD]
2025-01-04 22:45:29,197 - Discard: [8H, 6H, QC, 2C, JS, 8S, 9D, 5D, 4H, 4S, 5H, 4D, 3D, 2S, AH, 6D, TS, 3H, TC, 6S, 8D, QD, TH, 2H, 8C, 7H]
2025-01-04 22:45:29,197 - Active Player: 2
2025-01-04 22:45:29,197 - STATE LOG: END
2025-01-04 22:45:30,135 - STATE LOG: BEGIN
2025-01-04 22:45:30,135 - Noah's Hand: [2D, 9C, JD, 3S, JC, JH, 5S]
2025-01-04 22:45:30,135 - Eve's Hand: [3C, 4C, 6C, 7D, 7S, QS, QH]
2025-01-04 22:45:30,135 - Boss: Rank: 13 | Suit H | Attack 0 | Health 20
2025-01-04 22:45:30,135 - Tavern: [AC, 5C, 7C, 9H, AD]
2025-01-04 22:45:30,135 - Castle: [KS, KC, KD]
2025-01-04 22:45:30,135 - Discard: [8H, 6H, QC, 2C, JS, 8S, 9D, 5D, 4H, 4S, 5H, 4D, 3D, 2S, AH, 6D, TS, 3H, TC, 6S, 8D, QD, TH, 2H, 8C, 7H]
2025-01-04 22:45:30,135 - Active Player: 1
2025-01-04 22:45:30,135 - STATE LOG: END
2025-01-04 22:45:31,114 - STATE LOG: BEGIN
2025-01-04 22:45:31,115 - Noah's Hand: [2D, 3S, 9C, JC, JD, JH, 5S]
2025-01-04 22:45:31,115 - Eve's Hand: [3C, 4C, 6C, 7D, 7S, QS, QH]
2025-01-04 22:45:31,115 - Boss: Rank: 13 | Suit H | Attack 0 | Health 20
2025-01-04 22:45:31,115 - Tavern: [AC, 5C, 7C, 9H, AD]
2025-01-04 22:45:31,115 - Castle: [KS, KC, KD]
2025-01-04 22:45:31,115 - Discard: [8H, 6H, QC, 2C, JS, 8S, 9D, 5D, 4H, 4S, 5H, 4D, 3D, 2S, AH, 6D, TS, 3H, TC, 6S, 8D, QD, TH, 2H, 8C, 7H]
2025-01-04 22:45:31,115 - Active Player: 2
2025-01-04 22:45:31,115 - STATE LOG: END
2025-01-04 22:45:32,077 - STATE LOG: BEGIN
2025-01-04 22:45:32,078 - Noah's Hand: [2D, 3S, 9C, JC, JD, JH, 5S]
2025-01-04 22:45:32,078 - Eve's Hand: [3C, 4C, 6C, 7S, QH, QS, AD]
2025-01-04 22:45:32,078 - Boss: Rank: 13 | Suit H | Attack 0 | Health 13
2025-01-04 22:45:32,078 - Tavern: [AC, 5C, 7C, 9H]
2025-01-04 22:45:32,078 - Castle: [KS, KC, KD]
2025-01-04 22:45:32,078 - Discard: [8H, 6H, QC, 2C, JS, 8S, 9D, 5D, 4H, 4S, 5H, 4D, 3D, 2S, AH, 6D, TS, 3H, TC, 6S, 8D, QD, TH, 2H, 8C, 7H]
2025-01-04 22:45:32,078 - Active Player: 1
2025-01-04 22:45:32,078 - STATE LOG: END
2025-01-04 22:45:33,049 - STATE LOG: BEGIN
2025-01-04 22:45:33,049 - Noah's Hand: [2D, 3S, 9C, JC, JD, JH, 5S]
2025-01-04 22:45:33,049 - Eve's Hand: [3C, 4C, 6C, 7S, QH, QS, AD]
2025-01-04 22:45:33,049 - Boss: Rank: 13 | Suit H | Attack 0 | Health 13
2025-01-04 22:45:33,049 - Tavern: [AC, 5C, 7C, 9H]
2025-01-04 22:45:33,049 - Castle: [KS, KC, KD]
2025-01-04 22:45:33,049 - Discard: [8H, 6H, QC, 2C, JS, 8S, 9D, 5D, 4H, 4S, 5H, 4D, 3D, 2S, AH, 6D, TS, 3H, TC, 6S, 8D, QD, TH, 2H, 8C, 7H]
2025-01-04 22:45:33,049 - Active Player: 2
2025-01-04 22:45:33,049 - STATE LOG: END
2025-01-04 22:45:34,029 - STATE LOG: BEGIN
2025-01-04 22:45:34,029 - Noah's Hand: [2D, 3S, 9C, JC, JD, JH, 5S]
2025-01-04 22:45:34,029 - Eve's Hand: [3C, 4C, 6C, 7S, QH, QS, 9H]
2025-01-04 22:45:34,029 - Boss: Rank: 13 | Suit H | Attack 0 | Health 12
2025-01-04 22:45:34,029 - Tavern: [AC, 5C, 7C]
2025-01-04 22:45:34,029 - Castle: [KS, KC, KD]
2025-01-04 22:45:34,029 - Discard: [8H, 6H, QC, 2C, JS, 8S, 9D, 5D, 4H, 4S, 5H, 4D, 3D, 2S, AH, 6D, TS, 3H, TC, 6S, 8D, QD, TH, 2H, 8C, 7H]
2025-01-04 22:45:34,029 - Active Player: 1
2025-01-04 22:45:34,029 - STATE LOG: END
2025-01-04 22:45:34,990 - STATE LOG: BEGIN
2025-01-04 22:45:34,990 - Noah's Hand: [3S, 9C, JC, JD, JH, 5S, 7C]
2025-01-04 22:45:34,990 - Eve's Hand: [3C, 4C, 6C, 7S, QH, QS, 9H]
2025-01-04 22:45:34,990 - Boss: Rank: 13 | Suit H | Attack 0 | Health 10
2025-01-04 22:45:34,990 - Tavern: [AC, 5C]
2025-01-04 22:45:34,990 - Castle: [KS, KC, KD]
2025-01-04 22:45:34,990 - Discard: [8H, 6H, QC, 2C, JS, 8S, 9D, 5D, 4H, 4S, 5H, 4D, 3D, 2S, AH, 6D, TS, 3H, TC, 6S, 8D, QD, TH, 2H, 8C, 7H]
2025-01-04 22:45:34,990 - Active Player: 2
2025-01-04 22:45:34,990 - STATE LOG: END
2025-01-04 22:45:35,884 - STATE LOG: BEGIN
2025-01-04 22:45:35,884 - Noah's Hand: [3S, 9C, JC, JD, JH, 5S, 7C]
2025-01-04 22:45:35,885 - Eve's Hand: [3C, 6C, 7S, 9H, QH, QS]
2025-01-04 22:45:35,885 - Boss: Rank: 13 | Suit H | Attack 0 | Health 2
2025-01-04 22:45:35,885 - Tavern: [AC, 5C]
2025-01-04 22:45:35,885 - Castle: [KS, KC, KD]
2025-01-04 22:45:35,885 - Discard: [8H, 6H, QC, 2C, JS, 8S, 9D, 5D, 4H, 4S, 5H, 4D, 3D, 2S, AH, 6D, TS, 3H, TC, 6S, 8D, QD, TH, 2H, 8C, 7H]
2025-01-04 22:45:35,885 - Active Player: 1
2025-01-04 22:45:35,885 - STATE LOG: END
2025-01-04 22:45:36,752 - STATE LOG: BEGIN
2025-01-04 22:45:36,752 - Noah's Hand: [9C, JC, JD, JH, 5S, 7C]
2025-01-04 22:45:36,752 - Eve's Hand: [3C, 6C, 7S, 9H, QH, QS]
2025-01-04 22:45:36,752 - Boss: Rank: 13 | Suit D | Attack 20 | Health 40
2025-01-04 22:45:36,752 - Tavern: [AC, 5C]
2025-01-04 22:45:36,752 - Castle: [KS, KC]
2025-01-04 22:45:36,752 - Discard: [8H, 6H, QC, 2C, JS, 8S, 9D, 5D, 4H, 4S, 5H, 4D, 3D, 2S, AH, 6D, TS, 3H, TC, 6S, 8D, QD, TH, 2H, 8C, 7H, 9S, 2D, 3S, AS, TD, 7D, AD, 4C, KH]
2025-01-04 22:45:36,752 - Active Player: 1
2025-01-04 22:45:36,752 - STATE LOG: END
2025-01-04 22:45:37,239 - STATE LOG: BEGIN
2025-01-04 22:45:37,239 - Noah's Hand: [JD, 5S, 7C]
2025-01-04 22:45:37,239 - Eve's Hand: [3C, 6C, 7S, 9H, QH, QS]
2025-01-04 22:45:37,239 - Boss: Rank: 13 | Suit D | Attack 20 | Health 18
2025-01-04 22:45:37,240 - Tavern: [AC, 5C]
2025-01-04 22:45:37,240 - Castle: [KS, KC]
2025-01-04 22:45:37,240 - Discard: [8H, 6H, QC, 2C, JS, 8S, 9D, 5D, 4H, 4S, 5H, 4D, 3D, 2S, AH, 6D, TS, 3H, TC, 6S, 8D, QD, TH, 2H, 8C, 7H, 9S, 2D, 3S, AS, TD, 7D, AD, 4C, KH, JH, 9C]
2025-01-04 22:45:37,240 - Active Player: 2
2025-01-04 22:45:37,240 - STATE LOG: END
2025-01-04 22:45:37,388 - STATE LOG: BEGIN
2025-01-04 22:45:37,388 - Noah's Hand: [JD, 5S, 7C]
2025-01-04 22:45:37,388 - Eve's Hand: [3C, 6C, 7S, QH]
2025-01-04 22:45:37,388 - Boss: Rank: 13 | Suit D | Attack 8 | Health 6
2025-01-04 22:45:37,388 - Tavern: [AC, 5C]
2025-01-04 22:45:37,388 - Castle: [KS, KC]
2025-01-04 22:45:37,388 - Discard: [8H, 6H, QC, 2C, JS, 8S, 9D, 5D, 4H, 4S, 5H, 4D, 3D, 2S, AH, 6D, TS, 3H, TC, 6S, 8D, QD, TH, 2H, 8C, 7H, 9S, 2D, 3S, AS, TD, 7D, AD, 4C, KH, JH, 9C, 9H]
2025-01-04 22:45:37,388 - Active Player: 1
2025-01-04 22:45:37,388 - STATE LOG: END
2025-01-04 22:45:37,468 - STATE LOG: BEGIN
2025-01-04 22:45:37,468 - Noah's Hand: [JD]
2025-01-04 22:45:37,468 - Eve's Hand: [3C, 6C, 7S, QH]
2025-01-04 22:45:37,468 - Boss: Rank: 13 | Suit D | Attack 3 | Health 1
2025-01-04 22:45:37,468 - Tavern: [AC, 5C]
2025-01-04 22:45:37,468 - Castle: [KS, KC]
2025-01-04 22:45:37,468 - Discard: [8H, 6H, QC, 2C, JS, 8S, 9D, 5D, 4H, 4S, 5H, 4D, 3D, 2S, AH, 6D, TS, 3H, TC, 6S, 8D, QD, TH, 2H, 8C, 7H, 9S, 2D, 3S, AS, TD, 7D, AD, 4C, KH, JH, 9C, 9H, 7C]
2025-01-04 22:45:37,468 - Active Player: 2
2025-01-04 22:45:37,468 - STATE LOG: END
2025-01-04 22:45:37,508 - STATE LOG: BEGIN
2025-01-04 22:45:37,508 - Noah's Hand: [JD]
2025-01-04 22:45:37,508 - Eve's Hand: [3C, 6C, 7S]
2025-01-04 22:45:37,508 - Boss: Rank: 13 | Suit D | Attack 3 | Health 1
2025-01-04 22:45:37,508 - Tavern: [AC, 5C]
2025-01-04 22:45:37,508 - Castle: [KS, KC]
2025-01-04 22:45:37,508 - Discard: [8H, 6H, QC, 2C, JS, 8S, 9D, 5D, 4H, 4S, 5H, 4D, 3D, 2S, AH, 6D, TS, 3H, TC, 6S, 8D, QD, TH, 2H, 8C, 7H, 9S, 2D, 3S, AS, TD, 7D, AD, 4C, KH, JH, 9C, 9H, 7C, QH]
2025-01-04 22:45:37,508 - Active Player: 1
2025-01-04 22:45:37,508 - STATE LOG: END
2025-01-04 22:45:37,512 - STATE LOG: BEGIN
2025-01-04 22:45:37,512 - Noah's Hand: []
2025-01-04 22:45:37,512 - Eve's Hand: [3C, 6C, 7S]
2025-01-04 22:45:37,512 - Boss: Rank: 13 | Suit C | Attack 20 | Health 40
2025-01-04 22:45:37,512 - Tavern: [AC, 5C]
2025-01-04 22:45:37,512 - Castle: [KS]
2025-01-04 22:45:37,512 - Discard: [8H, 6H, QC, 2C, JS, 8S, 9D, 5D, 4H, 4S, 5H, 4D, 3D, 2S, AH, 6D, TS, 3H, TC, 6S, 8D, QD, TH, 2H, 8C, 7H, 9S, 2D, 3S, AS, TD, 7D, AD, 4C, KH, JH, 9C, 9H, 7C, QH, JC, 5S, JD, QS, KD]
2025-01-04 22:45:37,512 - Active Player: 1
2025-01-04 22:45:37,512 - STATE LOG: END
2025-01-04 22:45:37,514 - STATE LOG: BEGIN
2025-01-04 22:45:37,514 - Noah's Hand: []
2025-01-04 22:45:37,514 - Eve's Hand: [3C, 6C, 7S]
2025-01-04 22:45:37,514 - Boss: Rank: 13 | Suit C | Attack 20 | Health 40
2025-01-04 22:45:37,514 - Tavern: [AC, 5C]
2025-01-04 22:45:37,514 - Castle: [KS]
2025-01-04 22:45:37,514 - Discard: [8H, 6H, QC, 2C, JS, 8S, 9D, 5D, 4H, 4S, 5H, 4D, 3D, 2S, AH, 6D, TS, 3H, TC, 6S, 8D, QD, TH, 2H, 8C, 7H, 9S, 2D, 3S, AS, TD, 7D, AD, 4C, KH, JH, 9C, 9H, 7C, QH, JC, 5S, JD, QS, KD]
2025-01-04 22:45:37,514 - Active Player: 2
2025-01-04 22:45:37,514 - STATE LOG: END
