2025-01-04 22:50:37,131 - I log states! :D
2025-01-04 22:50:37,131 - STATE LOG: BEGIN
2025-01-04 22:50:37,131 - Noah's Hand: [4C, 6D, 9C, TH, 8D, 6C, 7C]
2025-01-04 22:50:37,131 - Eve's Hand: [2C, 2S, TD, 9H, 9S, AH, 8S]
2025-01-04 22:50:37,131 - Boss: Rank: 11 | Suit S | Attack 10 | Health 20
2025-01-04 22:50:37,131 - Tavern: [2H, 7S, 5C, 3C, 2D, 7H, 6H, 4S, 6S, 3S, AC, 8C, TC, 8H, 5D, 3H, 5H, 9D, AD, 5S, 3D, 4H, TS, 7D, AS, 4D]
2025-01-04 22:50:37,131 - Castle: [KD, KC, KS, KH, QD, QS, QC, QH, JC, JD, JH]
2025-01-04 22:50:37,131 - Discard: []
2025-01-04 22:50:37,132 - Active Player: 1
2025-01-04 22:50:37,132 - STATE LOG: END
2025-01-04 22:50:37,197 - STATE LOG: BEGIN
2025-01-04 22:50:37,197 - Noah's Hand: [4C, 6C, 7C, 8D, 4D]
2025-01-04 22:50:37,197 - Eve's Hand: [2C, 2S, TD, 9H, 9S, AH, 8S]
2025-01-04 22:50:37,197 - Boss: Rank: 11 | Suit S | Attack 10 | Health 14
2025-01-04 22:50:37,197 - Tavern: [2H, 7S, 5C, 3C, 2D, 7H, 6H, 4S, 6S, 3S, AC, 8C, TC, 8H, 5D, 3H, 5H, 9D, AD, 5S, 3D, 4H, TS, 7D, AS]
2025-01-04 22:50:37,197 - Castle: [KD, KC, KS, KH, QD, QS, QC, QH, JC, JD, JH]
2025-01-04 22:50:37,197 - Discard: [9C, TH]
2025-01-04 22:50:37,197 - Active Player: 2
2025-01-04 22:50:37,197 - STATE LOG: END
2025-01-04 22:50:37,237 - STATE LOG: BEGIN
2025-01-04 22:50:37,237 - Noah's Hand: [4C, 6C, 7C, 8D, 4D]
2025-01-04 22:50:37,237 - Eve's Hand: [2S, 9S, TD]
2025-01-04 22:50:37,237 - Boss: Rank: 11 | Suit S | Attack 10 | Health 5
2025-01-04 22:50:37,237 - Tavern: [TH, 9C, 2H, 7S, 5C, 3C, 2D, 7H, 6H, 4S, 6S, 3S, AC, 8C, TC, 8H, 5D, 3H, 5H, 9D, AD, 5S, 3D, 4H, TS, 7D, AS]
2025-01-04 22:50:37,237 - Castle: [KD, KC, KS, KH, QD, QS, QC, QH, JC, JD, JH]
2025-01-04 22:50:37,237 - Discard: [9H, 2C]
2025-01-04 22:50:37,237 - Active Player: 1
2025-01-04 22:50:37,237 - STATE LOG: END
2025-01-04 22:50:37,267 - STATE LOG: BEGIN
2025-01-04 22:50:37,267 - Noah's Hand: [6C, 7C, 8D, AS, TS, 3D, AD]
2025-01-04 22:50:37,267 - Eve's Hand: [2S, 9S, TD, 7D, 4H, 5S, 9D]
2025-01-04 22:50:37,267 - Boss: Rank: 11 | Suit H | Attack 10 | Health 20
2025-01-04 22:50:37,267 - Tavern: [TH, 9C, 2H, 7S, 5C, 3C, 2D, 7H, 6H, 4S, 6S, 3S, AC, 8C, TC, 8H, 5D, 3H, 5H]
2025-01-04 22:50:37,267 - Castle: [KD, KC, KS, KH, QD, QS, QC, QH, JC, JD]
2025-01-04 22:50:37,267 - Discard: [9H, 2C, 6D, 4C, 4D, AH, 8S, JS]
2025-01-04 22:50:37,267 - Active Player: 1
2025-01-04 22:50:37,267 - STATE LOG: END
2025-01-04 22:50:37,304 - STATE LOG: BEGIN
2025-01-04 22:50:37,304 - Noah's Hand: [AS, 3D, 6C, 7C, 8D, 5H, 3H]
2025-01-04 22:50:37,304 - Eve's Hand: [2S, 9S, TD, 7D, 4H, 5S, 9D]
2025-01-04 22:50:37,304 - Boss: Rank: 11 | Suit H | Attack 0 | Health 9
2025-01-04 22:50:37,304 - Tavern: [TH, 9C, 2H, 7S, 5C, 3C, 2D, 7H, 6H, 4S, 6S, 3S, AC, 8C, TC, 8H, 5D]
2025-01-04 22:50:37,304 - Castle: [KD, KC, KS, KH, QD, QS, QC, QH, JC, JD]
2025-01-04 22:50:37,304 - Discard: [9H, 2C, 6D, 4C, 4D, AH, 8S, JS]
2025-01-04 22:50:37,304 - Active Player: 2
2025-01-04 22:50:37,304 - STATE LOG: END
2025-01-04 22:50:37,334 - STATE LOG: BEGIN
2025-01-04 22:50:37,334 - Noah's Hand: [AS, 3D, 6C, 7C, 8D, 5H, 3H]
2025-01-04 22:50:37,334 - Eve's Hand: [2S, 4H, 5S, 7D, 9D, 9S, 5D]
2025-01-04 22:50:37,334 - Boss: Rank: 11 | Suit D | Attack 10 | Health 20
2025-01-04 22:50:37,334 - Tavern: [TH, 9C, 2H, 7S, 5C, 3C, 2D, 7H, 6H, 4S, 6S, 3S, AC, 8C, TC, 8H]
2025-01-04 22:50:37,334 - Castle: [KD, KC, KS, KH, QD, QS, QC, QH, JC]
2025-01-04 22:50:37,334 - Discard: [9H, 2C, 6D, 4C, 4D, AH, 8S, JS, AD, TS, TD, JH]
2025-01-04 22:50:37,334 - Active Player: 2
2025-01-04 22:50:37,334 - STATE LOG: END
2025-01-04 22:50:37,366 - STATE LOG: BEGIN
2025-01-04 22:50:37,366 - Noah's Hand: [AS, 3D, 6C, 7C, 8D, 5H, 3H]
2025-01-04 22:50:37,366 - Eve's Hand: [4H, 5D, 5S, 7D, 9D]
2025-01-04 22:50:37,367 - Boss: Rank: 11 | Suit D | Attack 1 | Health 11
2025-01-04 22:50:37,367 - Tavern: [TH, 9C, 2H, 7S, 5C, 3C, 2D, 7H, 6H, 4S, 6S, 3S, AC, 8C, TC, 8H]
2025-01-04 22:50:37,367 - Castle: [KD, KC, KS, KH, QD, QS, QC, QH, JC]
2025-01-04 22:50:37,367 - Discard: [9H, 2C, 6D, 4C, 4D, AH, 8S, JS, AD, TS, TD, JH, 2S]
2025-01-04 22:50:37,367 - Active Player: 1
2025-01-04 22:50:37,367 - STATE LOG: END
2025-01-04 22:50:37,403 - STATE LOG: BEGIN
2025-01-04 22:50:37,403 - Noah's Hand: [3D, 3H, 5H, 7C, 8D]
2025-01-04 22:50:37,403 - Eve's Hand: [4H, 5D, 5S, 7D, 9D]
2025-01-04 22:50:37,403 - Boss: Rank: 11 | Suit C | Attack 10 | Health 20
2025-01-04 22:50:37,403 - Tavern: [TH, 9C, 2H, 7S, 5C, 3C, 2D, 7H, 6H, 4S, 6S, 3S, AC, 8C, TC, 8H]
2025-01-04 22:50:37,403 - Castle: [KD, KC, KS, KH, QD, QS, QC, QH]
2025-01-04 22:50:37,403 - Discard: [9H, 2C, 6D, 4C, 4D, AH, 8S, JS, AD, TS, TD, JH, 2S, AS, 6C, 9S, JD]
2025-01-04 22:50:37,403 - Active Player: 1
2025-01-04 22:50:37,403 - STATE LOG: END
2025-01-04 22:50:37,462 - STATE LOG: BEGIN
2025-01-04 22:50:37,462 - Noah's Hand: [3D, 5H, 8H, 8C, 3S]
2025-01-04 22:50:37,462 - Eve's Hand: [4H, 5D, 5S, 7D, 9D, TC, AC]
2025-01-04 22:50:37,462 - Boss: Rank: 11 | Suit C | Attack 10 | Health 12
2025-01-04 22:50:37,462 - Tavern: [TH, 9C, 2H, 7S, 5C, 3C, 2D, 7H, 6H, 4S, 6S]
2025-01-04 22:50:37,462 - Castle: [KD, KC, KS, KH, QD, QS, QC, QH]
2025-01-04 22:50:37,462 - Discard: [9H, 2C, 6D, 4C, 4D, AH, 8S, JS, AD, TS, TD, JH, 2S, AS, 6C, 9S, JD, 3H, 7C]
2025-01-04 22:50:37,462 - Active Player: 2
2025-01-04 22:50:37,462 - STATE LOG: END
2025-01-04 22:50:37,498 - STATE LOG: BEGIN
2025-01-04 22:50:37,498 - Noah's Hand: [3D, 5H, 8H, 8C, 3S]
2025-01-04 22:50:37,498 - Eve's Hand: [5D, 7D, 9D, TC]
2025-01-04 22:50:37,498 - Boss: Rank: 11 | Suit C | Attack 5 | Health 7
2025-01-04 22:50:37,498 - Tavern: [TH, 9C, 2H, 7S, 5C, 3C, 2D, 7H, 6H, 4S, 6S]
2025-01-04 22:50:37,498 - Castle: [KD, KC, KS, KH, QD, QS, QC, QH]
2025-01-04 22:50:37,498 - Discard: [9H, 2C, 6D, 4C, 4D, AH, 8S, JS, AD, TS, TD, JH, 2S, AS, 6C, 9S, JD, 3H, 7C, AC, 4H]
2025-01-04 22:50:37,498 - Active Player: 1
2025-01-04 22:50:37,498 - STATE LOG: END
2025-01-04 22:50:37,523 - STATE LOG: BEGIN
2025-01-04 22:50:37,523 - Noah's Hand: [3D, 5H, 8C]
2025-01-04 22:50:37,523 - Eve's Hand: [5D, 7D, 9D, TC]
2025-01-04 22:50:37,523 - Boss: Rank: 11 | Suit C | Attack 2 | Health 4
2025-01-04 22:50:37,523 - Tavern: [TH, 9C, 2H, 7S, 5C, 3C, 2D, 7H, 6H, 4S, 6S]
2025-01-04 22:50:37,523 - Castle: [KD, KC, KS, KH, QD, QS, QC, QH]
2025-01-04 22:50:37,523 - Discard: [9H, 2C, 6D, 4C, 4D, AH, 8S, JS, AD, TS, TD, JH, 2S, AS, 6C, 9S, JD, 3H, 7C, AC, 4H, 8H]
2025-01-04 22:50:37,523 - Active Player: 2
2025-01-04 22:50:37,523 - STATE LOG: END
2025-01-04 22:50:37,547 - STATE LOG: BEGIN
2025-01-04 22:50:37,548 - Noah's Hand: [3D, 5H, 8C, 4S, 7H, 3C]
2025-01-04 22:50:37,548 - Eve's Hand: [5D, 9D, TC, 6S, 6H, 2D, 5C]
2025-01-04 22:50:37,548 - Boss: Rank: 12 | Suit H | Attack 15 | Health 30
2025-01-04 22:50:37,548 - Tavern: [TH, 9C, 2H, 7S]
2025-01-04 22:50:37,548 - Castle: [KD, KC, KS, KH, QD, QS, QC]
2025-01-04 22:50:37,548 - Discard: [9H, 2C, 6D, 4C, 4D, AH, 8S, JS, AD, TS, TD, JH, 2S, AS, 6C, 9S, JD, 3H, 7C, AC, 4H, 8H, 8D, 3S, 5S, 7D, JC]
2025-01-04 22:50:37,548 - Active Player: 2
2025-01-04 22:50:37,548 - STATE LOG: END
2025-01-04 22:50:37,573 - STATE LOG: BEGIN
2025-01-04 22:50:37,573 - Noah's Hand: [3D, 5H, 8C, 4S, 7H, 3C, 2H]
2025-01-04 22:50:37,573 - Eve's Hand: [5D, 6H, 9D, 7S]
2025-01-04 22:50:37,573 - Boss: Rank: 12 | Suit H | Attack 15 | Health 28
2025-01-04 22:50:37,573 - Tavern: [TH, 9C]
2025-01-04 22:50:37,573 - Castle: [KD, KC, KS, KH, QD, QS, QC]
2025-01-04 22:50:37,573 - Discard: [9H, 2C, 6D, 4C, 4D, AH, 8S, JS, AD, TS, TD, JH, 2S, AS, 6C, 9S, JD, 3H, 7C, AC, 4H, 8H, 8D, 3S, 5S, 7D, JC, 5C, 6S, TC]
2025-01-04 22:50:37,573 - Active Player: 1
2025-01-04 22:50:37,573 - STATE LOG: END
2025-01-04 22:50:37,594 - STATE LOG: BEGIN
2025-01-04 22:50:37,594 - Noah's Hand: [2H, 3C, 3D, 8C]
2025-01-04 22:50:37,594 - Eve's Hand: [5D, 6H, 9D, 7S]
2025-01-04 22:50:37,594 - Boss: Rank: 12 | Suit H | Attack 11 | Health 24
2025-01-04 22:50:37,594 - Tavern: [TH, 9C]
2025-01-04 22:50:37,595 - Castle: [KD, KC, KS, KH, QD, QS, QC]
2025-01-04 22:50:37,595 - Discard: [9H, 2C, 6D, 4C, 4D, AH, 8S, JS, AD, TS, TD, JH, 2S, AS, 6C, 9S, JD, 3H, 7C, AC, 4H, 8H, 8D, 3S, 5S, 7D, JC, 5C, 6S, TC, 7H, 5H]
2025-01-04 22:50:37,595 - Active Player: 2
2025-01-04 22:50:37,595 - STATE LOG: END
2025-01-04 22:50:37,613 - STATE LOG: BEGIN
2025-01-04 22:50:37,613 - Noah's Hand: [2H, 3C, 3D, 8C, TH]
2025-01-04 22:50:37,613 - Eve's Hand: [5D, 6H]
2025-01-04 22:50:37,613 - Boss: Rank: 12 | Suit H | Attack 11 | Health 15
2025-01-04 22:50:37,613 - Tavern: []
2025-01-04 22:50:37,613 - Castle: [KD, KC, KS, KH, QD, QS, QC]
2025-01-04 22:50:37,613 - Discard: [9H, 2C, 6D, 4C, 4D, AH, 8S, JS, AD, TS, TD, JH, 2S, AS, 6C, 9S, JD, 3H, 7C, AC, 4H, 8H, 8D, 3S, 5S, 7D, JC, 5C, 6S, TC, 7H, 5H, 9C, 7S]
2025-01-04 22:50:37,613 - Active Player: 1
2025-01-04 22:50:37,613 - STATE LOG: END
2025-01-04 22:50:37,633 - STATE LOG: BEGIN
2025-01-04 22:50:37,633 - Noah's Hand: [2H, 3C, 3D, TH]
2025-01-04 22:50:37,633 - Eve's Hand: [5D, 6H]
2025-01-04 22:50:37,633 - Boss: Rank: 12 | Suit C | Attack 15 | Health 30
2025-01-04 22:50:37,633 - Tavern: []
2025-01-04 22:50:37,633 - Castle: [KD, KC, KS, KH, QD, QS]
2025-01-04 22:50:37,633 - Discard: [9H, 2C, 6D, 4C, 4D, AH, 8S, JS, AD, TS, TD, JH, 2S, AS, 6C, 9S, JD, 3H, 7C, AC, 4H, 8H, 8D, 3S, 5S, 7D, JC, 5C, 6S, TC, 7H, 5H, 9C, 7S, 4S, 8C, 2D, 9D, QH]
2025-01-04 22:50:37,633 - Active Player: 1
2025-01-04 22:50:37,633 - STATE LOG: END
2025-01-04 22:50:37,642 - STATE LOG: BEGIN
2025-01-04 22:50:37,642 - Noah's Hand: [3D]
2025-01-04 22:50:37,642 - Eve's Hand: [5D, 6H]
2025-01-04 22:50:37,642 - Boss: Rank: 12 | Suit C | Attack 15 | Health 30
2025-01-04 22:50:37,642 - Tavern: []
2025-01-04 22:50:37,642 - Castle: [KD, KC, KS, KH, QD, QS]
2025-01-04 22:50:37,642 - Discard: [9H, 2C, 6D, 4C, 4D, AH, 8S, JS, AD, TS, TD, JH, 2S, AS, 6C, 9S, JD, 3H, 7C, AC, 4H, 8H, 8D, 3S, 5S, 7D, JC, 5C, 6S, TC, 7H, 5H, 9C, 7S, 4S, 8C, 2D, 9D, QH, 3C, TH, 2H]
2025-01-04 22:50:37,642 - Active Player: 2
2025-01-04 22:50:37,642 - STATE LOG: END
2025-01-04 22:50:37,644 - STATE LOG: BEGIN
2025-01-04 22:50:37,644 - Noah's Hand: [3D]
2025-01-04 22:50:37,644 - Eve's Hand: [6H]
2025-01-04 22:50:37,644 - Boss: Rank: 12 | Suit C | Attack 15 | Health 25
2025-01-04 22:50:37,644 - Tavern: []
2025-01-04 22:50:37,644 - Castle: [KD, KC, KS, KH, QD, QS]
2025-01-04 22:50:37,644 - Discard: [9H, 2C, 6D, 4C, 4D, AH, 8S, JS, AD, TS, TD, JH, 2S, AS, 6C, 9S, JD, 3H, 7C, AC, 4H, 8H, 8D, 3S, 5S, 7D, JC, 5C, 6S, TC, 7H, 5H, 9C, 7S, 4S, 8C, 2D, 9D, QH, 3C, TH, 2H]
2025-01-04 22:50:37,644 - Active Player: 1
2025-01-04 22:50:37,644 - STATE LOG: END
