2025-01-04 14:07:24,184 - I log states! :D
2025-01-04 14:07:24,184 - STATE LOG: BEGIN
2025-01-04 14:07:24,184 - Noah's Hand: [3C, 6H, 8D, AS, 6S, 8C, 4C]
2025-01-04 14:07:24,184 - Eve's Hand: [5C, 2D, 4H, AC, 7C, 5D, AD]
2025-01-04 14:07:24,184 - Boss: Rank: 11 | Suit D | Attack 10 | Health 20
2025-01-04 14:07:24,184 - Tavern: [3D, 6D, 3S, AH, 9H, 5H, 9S, 7D, 7S, 6C, TS, 2C, 4S, 8S, 9D, 2S, 7H, 4D, TD, 2H, 3H, 8H, 5S, TC, 9C, TH]
2025-01-04 14:07:24,184 - Castle: [KH, KD, KS, KC, QS, QC, QD, QH, JS, JH, JC]
2025-01-04 14:07:24,184 - Discard: []
2025-01-04 14:07:24,184 - Active Player: 1
2025-01-04 14:07:24,184 - STATE LOG: END
2025-01-04 14:07:34,193 - STATE LOG: BEGIN
2025-01-04 14:07:34,193 - Noah's Hand: [3C, 4C, 6H, 6S]
2025-01-04 14:07:34,193 - Eve's Hand: [5C, 2D, 4H, AC, 7C, 5D, AD]
2025-01-04 14:07:34,193 - Boss: Rank: 11 | Suit D | Attack 1 | Health 2
2025-01-04 14:07:34,193 - Tavern: [3D, 6D, 3S, AH, 9H, 5H, 9S, 7D, 7S, 6C, TS, 2C, 4S, 8S, 9D, 2S, 7H, 4D, TD, 2H, 3H, 8H, 5S, TC, 9C, TH]
2025-01-04 14:07:34,193 - Castle: [KH, KD, KS, KC, QS, QC, QD, QH, JS, JH, JC]
2025-01-04 14:07:34,193 - Discard: [8D]
2025-01-04 14:07:34,193 - Active Player: 2
2025-01-04 14:07:34,193 - STATE LOG: END
2025-01-04 14:07:38,984 - STATE LOG: BEGIN
2025-01-04 14:07:38,984 - Noah's Hand: [3C, 4C, 6H, 6S]
2025-01-04 14:07:38,984 - Eve's Hand: [AD, 2D, 4H, 5C, 5D, 7C]
2025-01-04 14:07:38,984 - Boss: Rank: 11 | Suit C | Attack 10 | Health 20
2025-01-04 14:07:38,984 - Tavern: [3D, 6D, 3S, AH, 9H, 5H, 9S, 7D, 7S, 6C, TS, 2C, 4S, 8S, 9D, 2S, 7H, 4D, TD, 2H, 3H, 8H, 5S, TC, 9C, TH]
2025-01-04 14:07:38,984 - Castle: [KH, KD, KS, KC, QS, QC, QD, QH, JS, JH]
2025-01-04 14:07:38,984 - Discard: [8D, AS, 8C, AC]
2025-01-04 14:07:38,984 - Active Player: 2
2025-01-04 14:07:38,984 - STATE LOG: END
2025-01-04 14:07:45,191 - STATE LOG: BEGIN
2025-01-04 14:07:45,192 - Noah's Hand: [3C, 4C, 6H, 6S, TH, TC, 8H]
2025-01-04 14:07:45,192 - Eve's Hand: [AD, 2D, 4H, 7C, JD]
2025-01-04 14:07:45,192 - Boss: Rank: 11 | Suit C | Attack 10 | Health 10
2025-01-04 14:07:45,192 - Tavern: [3D, 6D, 3S, AH, 9H, 5H, 9S, 7D, 7S, 6C, TS, 2C, 4S, 8S, 9D, 2S, 7H, 4D, TD, 2H, 3H]
2025-01-04 14:07:45,192 - Castle: [KH, KD, KS, KC, QS, QC, QD, QH, JS, JH]
2025-01-04 14:07:45,192 - Discard: [8D, AS, 8C, AC, 5S, 9C]
2025-01-04 14:07:45,192 - Active Player: 1
2025-01-04 14:07:45,192 - STATE LOG: END
2025-01-04 14:07:55,285 - STATE LOG: BEGIN
2025-01-04 14:07:55,286 - Noah's Hand: [3C, 4C, 6S, 8H, TC]
2025-01-04 14:07:55,286 - Eve's Hand: [AD, 2D, 4H, 7C, JD]
2025-01-04 14:07:55,286 - Boss: Rank: 11 | Suit C | Attack 10 | Health 4
2025-01-04 14:07:55,286 - Tavern: [AC, 5S, AS, 8D, 9C, 8C, 3D, 6D, 3S, AH, 9H, 5H, 9S, 7D, 7S, 6C, TS, 2C, 4S, 8S, 9D, 2S, 7H, 4D, TD, 2H, 3H]
2025-01-04 14:07:55,286 - Castle: [KH, KD, KS, KC, QS, QC, QD, QH, JS, JH]
2025-01-04 14:07:55,286 - Discard: [TH]
2025-01-04 14:07:55,286 - Active Player: 2
2025-01-04 14:07:55,286 - STATE LOG: END
2025-01-04 14:08:05,286 - STATE LOG: BEGIN
2025-01-04 14:08:05,287 - Noah's Hand: [3C, 4C, 6S, 8H, TC, 2H, 4D]
2025-01-04 14:08:05,287 - Eve's Hand: [AD, 2D, 4H, 7C, 3H, TD, 7H]
2025-01-04 14:08:05,287 - Boss: Rank: 11 | Suit H | Attack 10 | Health 20
2025-01-04 14:08:05,287 - Tavern: [AC, 5S, AS, 8D, 9C, 8C, 3D, 6D, 3S, AH, 9H, 5H, 9S, 7D, 7S, 6C, TS, 2C, 4S, 8S, 9D, 2S]
2025-01-04 14:08:05,287 - Castle: [KH, KD, KS, KC, QS, QC, QD, QH, JS]
2025-01-04 14:08:05,287 - Discard: [TH, 6H, 5C, 5D, JD, JC]
2025-01-04 14:08:05,287 - Active Player: 2
2025-01-04 14:08:05,287 - STATE LOG: END
2025-01-04 14:08:15,289 - STATE LOG: BEGIN
2025-01-04 14:08:15,289 - Noah's Hand: [3C, 4C, 6S, 8H, TC, 2H, 4D]
2025-01-04 14:08:15,289 - Eve's Hand: [AD, 2D, 3H, 4H, 7C, 7H]
2025-01-04 14:08:15,290 - Boss: Rank: 11 | Suit H | Attack 10 | Health 20
2025-01-04 14:08:15,290 - Tavern: [AC, 5S, AS, 8D, 9C, 8C, 3D, 6D, 3S, AH, 9H, 5H, 9S, 7D, 7S, 6C, TS, 2C, 4S, 8S, 9D, 2S]
2025-01-04 14:08:15,290 - Castle: [KH, KD, KS, KC, QS, QC, QD, QH, JS]
2025-01-04 14:08:15,290 - Discard: [TH, 6H, 5C, 5D, JD, JC, TD]
2025-01-04 14:08:15,290 - Active Player: 1
2025-01-04 14:08:15,290 - STATE LOG: END
2025-01-04 14:08:25,291 - STATE LOG: BEGIN
2025-01-04 14:08:25,291 - Noah's Hand: [2H, 3C, 4C, 4D, 8H]
2025-01-04 14:08:25,291 - Eve's Hand: [AD, 2D, 3H, 4H, 7C, 7H]
2025-01-04 14:08:25,291 - Boss: Rank: 11 | Suit H | Attack 4 | Health 14
2025-01-04 14:08:25,292 - Tavern: [AC, 5S, AS, 8D, 9C, 8C, 3D, 6D, 3S, AH, 9H, 5H, 9S, 7D, 7S, 6C, TS, 2C, 4S, 8S, 9D, 2S]
2025-01-04 14:08:25,292 - Castle: [KH, KD, KS, KC, QS, QC, QD, QH, JS]
2025-01-04 14:08:25,292 - Discard: [TH, 6H, 5C, 5D, JD, JC, TD, TC]
2025-01-04 14:08:25,292 - Active Player: 2
2025-01-04 14:08:25,292 - STATE LOG: END
2025-01-04 14:08:25,486 - STATE LOG: BEGIN
2025-01-04 14:08:25,486 - Noah's Hand: [2H, 3C, 4C, 4D, 8H, 9D]
2025-01-04 14:08:25,486 - Eve's Hand: [AD, 3H, 4H, 7C]
2025-01-04 14:08:25,486 - Boss: Rank: 11 | Suit H | Attack 4 | Health 12
2025-01-04 14:08:25,486 - Tavern: [AC, 5S, AS, 8D, 9C, 8C, 3D, 6D, 3S, AH, 9H, 5H, 9S, 7D, 7S, 6C, TS, 2C, 4S, 8S]
2025-01-04 14:08:25,486 - Castle: [KH, KD, KS, KC, QS, QC, QD, QH, JS]
2025-01-04 14:08:25,486 - Discard: [TH, 6H, 5C, 5D, JD, JC, TD, TC, 2S, 7H]
2025-01-04 14:08:25,486 - Active Player: 1
2025-01-04 14:08:25,486 - STATE LOG: END
2025-01-04 14:08:35,487 - STATE LOG: BEGIN
2025-01-04 14:08:35,487 - Noah's Hand: [2H, 3C, 4C, 4D, 8H]
2025-01-04 14:08:35,487 - Eve's Hand: [AD, 3H, 4H, 7C, 4S, TS, 6C]
2025-01-04 14:08:35,487 - Boss: Rank: 11 | Suit H | Attack 4 | Health 3
2025-01-04 14:08:35,487 - Tavern: [AC, 5S, AS, 8D, 9C, 8C, 3D, 6D, 3S, AH, 9H, 5H, 9S, 7D, 7S]
2025-01-04 14:08:35,487 - Castle: [KH, KD, KS, KC, QS, QC, QD, QH, JS]
2025-01-04 14:08:35,487 - Discard: [TH, 6H, 5C, 5D, JD, JC, TD, TC, 2S, 7H, 2C, 8S]
2025-01-04 14:08:35,487 - Active Player: 2
2025-01-04 14:08:35,487 - STATE LOG: END
2025-01-04 14:08:45,488 - STATE LOG: BEGIN
2025-01-04 14:08:45,488 - Noah's Hand: [2H, 3C, 4C, 4D, 8H]
2025-01-04 14:08:45,489 - Eve's Hand: [AD, 3H, 4H, 4S, 6C, 7C]
2025-01-04 14:08:45,489 - Boss: Rank: 11 | Suit H | Attack 4 | Health 3
2025-01-04 14:08:45,489 - Tavern: [AC, 5S, AS, 8D, 9C, 8C, 3D, 6D, 3S, AH, 9H, 5H, 9S, 7D, 7S]
2025-01-04 14:08:45,489 - Castle: [KH, KD, KS, KC, QS, QC, QD, QH, JS]
2025-01-04 14:08:45,489 - Discard: [TH, 6H, 5C, 5D, JD, JC, TD, TC, 2S, 7H, 2C, 8S, TS]
2025-01-04 14:08:45,489 - Active Player: 1
2025-01-04 14:08:45,489 - STATE LOG: END
2025-01-04 14:08:52,090 - STATE LOG: BEGIN
2025-01-04 14:08:52,091 - Noah's Hand: [3C, 4C, 4D]
2025-01-04 14:08:52,091 - Eve's Hand: [AD, 3H, 4H, 4S, 6C, 7C]
2025-01-04 14:08:52,091 - Boss: Rank: 11 | Suit H | Attack 4 | Health 1
2025-01-04 14:08:52,091 - Tavern: [AC, 5S, AS, 8D, 9C, 8C, 3D, 6D, 3S, AH, 9H, 5H, 9S, 7D, 7S]
2025-01-04 14:08:52,091 - Castle: [KH, KD, KS, KC, QS, QC, QD, QH, JS]
2025-01-04 14:08:52,091 - Discard: [TH, 6H, 5C, 5D, JD, JC, TD, TC, 2S, 7H, 2C, 8S, TS, 8H]
2025-01-04 14:08:52,091 - Active Player: 2
2025-01-04 14:08:52,091 - STATE LOG: END
2025-01-04 14:09:02,093 - STATE LOG: BEGIN
2025-01-04 14:09:02,094 - Noah's Hand: [3C, 4C, 4D]
2025-01-04 14:09:02,094 - Eve's Hand: [AD, 3H, 4H, 4S, 6C]
2025-01-04 14:09:02,094 - Boss: Rank: 11 | Suit H | Attack 4 | Health 1
2025-01-04 14:09:02,094 - Tavern: [AC, 5S, AS, 8D, 9C, 8C, 3D, 6D, 3S, AH, 9H, 5H, 9S, 7D, 7S]
2025-01-04 14:09:02,094 - Castle: [KH, KD, KS, KC, QS, QC, QD, QH, JS]
2025-01-04 14:09:02,094 - Discard: [TH, 6H, 5C, 5D, JD, JC, TD, TC, 2S, 7H, 2C, 8S, TS, 8H, 7C]
2025-01-04 14:09:02,094 - Active Player: 1
2025-01-04 14:09:02,094 - STATE LOG: END
2025-01-04 14:09:05,524 - STATE LOG: BEGIN
2025-01-04 14:09:05,524 - Noah's Hand: [3C, 7S, 9S, 9H, AH, 3S, 6D]
2025-01-04 14:09:05,524 - Eve's Hand: [AD, 3H, 4H, 4S, 6C, 7D, 5H]
2025-01-04 14:09:05,524 - Boss: Rank: 11 | Suit S | Attack 10 | Health 20
2025-01-04 14:09:05,524 - Tavern: [AC, 5S, AS, 8D, 9C, 8C, 3D]
2025-01-04 14:09:05,524 - Castle: [KH, KD, KS, KC, QS, QC, QD, QH]
2025-01-04 14:09:05,524 - Discard: [TH, 6H, 5C, 5D, JD, JC, TD, TC, 2S, 7H, 2C, 8S, TS, 8H, 7C, 6S, 9D, 2H, 4C, 4D, 2D, JH]
2025-01-04 14:09:05,524 - Active Player: 1
2025-01-04 14:09:05,524 - STATE LOG: END
2025-01-04 14:09:15,526 - STATE LOG: BEGIN
2025-01-04 14:09:15,527 - Noah's Hand: [AH, 3C, 3S, 6D, 7S]
2025-01-04 14:09:15,527 - Eve's Hand: [AD, 3H, 4H, 4S, 6C, 7D, 5H]
2025-01-04 14:09:15,527 - Boss: Rank: 11 | Suit S | Attack 10 | Health 20
2025-01-04 14:09:15,527 - Tavern: [AC, 5S, AS, 8D, 9C, 8C, 3D]
2025-01-04 14:09:15,527 - Castle: [KH, KD, KS, KC, QS, QC, QD, QH]
2025-01-04 14:09:15,527 - Discard: [TH, 6H, 5C, 5D, JD, JC, TD, TC, 2S, 7H, 2C, 8S, TS, 8H, 7C, 6S, 9D, 2H, 4C, 4D, 2D, JH, 9S, 9H]
2025-01-04 14:09:15,527 - Active Player: 2
2025-01-04 14:09:15,527 - STATE LOG: END
2025-01-04 14:09:23,876 - STATE LOG: BEGIN
2025-01-04 14:09:23,876 - Noah's Hand: [AH, 3C, 3S, 6D, 7S, 8C, 8D]
2025-01-04 14:09:23,877 - Eve's Hand: [3H, 4S, 5H, 6C, 7D]
2025-01-04 14:09:23,877 - Boss: Rank: 11 | Suit S | Attack 10 | Health 15
2025-01-04 14:09:23,877 - Tavern: [TS, TD, 8H, 7H, 2C, AC, 5S, AS]
2025-01-04 14:09:23,877 - Castle: [KH, KD, KS, KC, QS, QC, QD, QH]
2025-01-04 14:09:23,877 - Discard: [6H, 4C, 9H, JH, 2H, 7C, 4D, TH, TC, 5D, 9S, 5C, 6S, 9D, JD, JC, 2D, 8S, 2S, 9C, 3D]
2025-01-04 14:09:23,877 - Active Player: 1
2025-01-04 14:09:23,877 - STATE LOG: END
2025-01-04 14:09:28,367 - STATE LOG: BEGIN
2025-01-04 14:09:28,367 - Noah's Hand: [3S, 6D, 7S]
2025-01-04 14:09:28,367 - Eve's Hand: [3H, 4S, 5H, 6C, 7D]
2025-01-04 14:09:28,367 - Boss: Rank: 11 | Suit S | Attack 10 | Health 7
2025-01-04 14:09:28,367 - Tavern: [7C, 2H, TC, 6H, TS, TD, 8H, 7H, 2C, AC, 5S, AS]
2025-01-04 14:09:28,367 - Castle: [KH, KD, KS, KC, QS, QC, QD, QH]
2025-01-04 14:09:28,367 - Discard: [4C, JH, 9H, 5D, 9C, 8S, 6S, JD, 2S, 9S, 3D, 2D, 5C, 4D, 9D, TH, JC, 8D, 8C]
2025-01-04 14:09:28,367 - Active Player: 2
2025-01-04 14:09:28,367 - STATE LOG: END
2025-01-04 14:09:29,188 - STATE LOG: BEGIN
2025-01-04 14:09:29,188 - Noah's Hand: [3S, 6D, 7S, 5S, 2C, 8H, TD]
2025-01-04 14:09:29,189 - Eve's Hand: [3H, 4S, 5H, 6C, AS, AC, 7H]
2025-01-04 14:09:29,189 - Boss: Rank: 12 | Suit H | Attack 15 | Health 30
2025-01-04 14:09:29,189 - Tavern: [7C, 2H, TC, 6H, TS]
2025-01-04 14:09:29,189 - Castle: [KH, KD, KS, KC, QS, QC, QD]
2025-01-04 14:09:29,189 - Discard: [4C, JH, 9H, 5D, 9C, 8S, 6S, JD, 2S, 9S, 3D, 2D, 5C, 4D, 9D, TH, JC, 8D, 8C, AH, 3C, AD, 4H, 7D]
2025-01-04 14:09:29,189 - Active Player: 2
2025-01-04 14:09:29,189 - STATE LOG: END
2025-01-04 14:09:29,462 - STATE LOG: BEGIN
2025-01-04 14:09:29,462 - Noah's Hand: [3S, 6D, 7S, 5S, 2C, 8H, TD]
2025-01-04 14:09:29,462 - Eve's Hand: [AC, 3H, 4S]
2025-01-04 14:09:29,462 - Boss: Rank: 12 | Suit H | Attack 7 | Health 22
2025-01-04 14:09:29,462 - Tavern: [7C, 2H, TC, 6H, TS]
2025-01-04 14:09:29,462 - Castle: [KH, KD, KS, KC, QS, QC, QD]
2025-01-04 14:09:29,462 - Discard: [4C, JH, 9H, 5D, 9C, 8S, 6S, JD, 2S, 9S, 3D, 2D, 5C, 4D, 9D, TH, JC, 8D, 8C, AH, 3C, AD, 4H, 7D, 6C, 5H]
2025-01-04 14:09:29,462 - Active Player: 1
2025-01-04 14:09:29,462 - STATE LOG: END
2025-01-04 14:09:31,793 - STATE LOG: BEGIN
2025-01-04 14:09:31,794 - Noah's Hand: [2C, 3S, 5S, 6D, 8H, TD]
2025-01-04 14:09:31,794 - Eve's Hand: [AC, 3H, 4S]
2025-01-04 14:09:31,794 - Boss: Rank: 12 | Suit H | Attack 0 | Health 15
2025-01-04 14:09:31,794 - Tavern: [7C, 2H, TC, 6H, TS]
2025-01-04 14:09:31,794 - Castle: [KH, KD, KS, KC, QS, QC, QD]
2025-01-04 14:09:31,794 - Discard: [4C, JH, 9H, 5D, 9C, 8S, 6S, JD, 2S, 9S, 3D, 2D, 5C, 4D, 9D, TH, JC, 8D, 8C, AH, 3C, AD, 4H, 7D, 6C, 5H]
2025-01-04 14:09:31,794 - Active Player: 2
2025-01-04 14:09:31,794 - STATE LOG: END
2025-01-04 14:09:34,222 - STATE LOG: BEGIN
2025-01-04 14:09:34,222 - Noah's Hand: [2C, 3S, 5S, 6D, 8H, TD]
2025-01-04 14:09:34,222 - Eve's Hand: [4S]
2025-01-04 14:09:34,222 - Boss: Rank: 12 | Suit H | Attack 0 | Health 7
2025-01-04 14:09:34,222 - Tavern: [7C, 2H, TC, 6H, TS]
2025-01-04 14:09:34,222 - Castle: [KH, KD, KS, KC, QS, QC, QD]
2025-01-04 14:09:34,222 - Discard: [4C, JH, 9H, 5D, 9C, 8S, 6S, JD, 2S, 9S, 3D, 2D, 5C, 4D, 9D, TH, JC, 8D, 8C, AH, 3C, AD, 4H, 7D, 6C, 5H]
2025-01-04 14:09:34,222 - Active Player: 1
2025-01-04 14:09:34,222 - STATE LOG: END
2025-01-04 14:09:35,344 - STATE LOG: BEGIN
2025-01-04 14:09:35,344 - Noah's Hand: [2C, 3S, 5S, 6D, 8H, TD]
2025-01-04 14:09:35,344 - Eve's Hand: [4S]
2025-01-04 14:09:35,344 - Boss: Rank: 12 | Suit H | Attack 0 | Health 7
2025-01-04 14:09:35,344 - Tavern: [7C, 2H, TC, 6H, TS]
2025-01-04 14:09:35,344 - Castle: [KH, KD, KS, KC, QS, QC, QD]
2025-01-04 14:09:35,344 - Discard: [4C, JH, 9H, 5D, 9C, 8S, 6S, JD, 2S, 9S, 3D, 2D, 5C, 4D, 9D, TH, JC, 8D, 8C, AH, 3C, AD, 4H, 7D, 6C, 5H]
2025-01-04 14:09:35,344 - Active Player: 2
2025-01-04 14:09:35,344 - STATE LOG: END
2025-01-04 14:09:35,347 - STATE LOG: BEGIN
2025-01-04 14:09:35,347 - Noah's Hand: [2C, 3S, 5S, 6D, 8H, TD]
2025-01-04 14:09:35,347 - Eve's Hand: []
2025-01-04 14:09:35,347 - Boss: Rank: 12 | Suit H | Attack 0 | Health 3
2025-01-04 14:09:35,347 - Tavern: [7C, 2H, TC, 6H, TS]
2025-01-04 14:09:35,347 - Castle: [KH, KD, KS, KC, QS, QC, QD]
2025-01-04 14:09:35,347 - Discard: [4C, JH, 9H, 5D, 9C, 8S, 6S, JD, 2S, 9S, 3D, 2D, 5C, 4D, 9D, TH, JC, 8D, 8C, AH, 3C, AD, 4H, 7D, 6C, 5H]
2025-01-04 14:09:35,347 - Active Player: 1
2025-01-04 14:09:35,347 - STATE LOG: END
2025-01-04 14:09:35,368 - STATE LOG: BEGIN
2025-01-04 14:09:35,368 - Noah's Hand: [2C, 3S, 5S, 8H, TD, JS, 6H]
2025-01-04 14:09:35,368 - Eve's Hand: [TS, TC, 2H, 7C]
2025-01-04 14:09:35,368 - Boss: Rank: 12 | Suit D | Attack 15 | Health 30
2025-01-04 14:09:35,368 - Tavern: []
2025-01-04 14:09:35,368 - Castle: [KH, KD, KS, KC, QS, QC]
2025-01-04 14:09:35,368 - Discard: [4C, JH, 9H, 5D, 9C, 8S, 6S, JD, 2S, 9S, 3D, 2D, 5C, 4D, 9D, TH, JC, 8D, 8C, AH, 3C, AD, 4H, 7D, 6C, 5H, 7S, 6D, AS, 7H, AC, 3H, 4S, QH]
2025-01-04 14:09:35,368 - Active Player: 1
2025-01-04 14:09:35,368 - STATE LOG: END
2025-01-04 14:09:36,511 - STATE LOG: BEGIN
2025-01-04 14:09:36,511 - Noah's Hand: [2C, 3S, 5S, 6H, 8H]
2025-01-04 14:09:36,511 - Eve's Hand: [TS, TC, 2H, 7C]
2025-01-04 14:09:36,512 - Boss: Rank: 12 | Suit D | Attack 4 | Health 19
2025-01-04 14:09:36,512 - Tavern: []
2025-01-04 14:09:36,512 - Castle: [KH, KD, KS, KC, QS, QC]
2025-01-04 14:09:36,512 - Discard: [4C, JH, 9H, 5D, 9C, 8S, 6S, JD, 2S, 9S, 3D, 2D, 5C, 4D, 9D, TH, JC, 8D, 8C, AH, 3C, AD, 4H, 7D, 6C, 5H, 7S, 6D, AS, 7H, AC, 3H, 4S, QH, TD]
2025-01-04 14:09:36,512 - Active Player: 2
2025-01-04 14:09:36,512 - STATE LOG: END
2025-01-04 14:09:37,324 - STATE LOG: BEGIN
2025-01-04 14:09:37,324 - Noah's Hand: [2C, 3S, 5S, 6H, 8H]
2025-01-04 14:09:37,324 - Eve's Hand: [2H, 7C, TC]
2025-01-04 14:09:37,324 - Boss: Rank: 12 | Suit D | Attack 4 | Health 19
2025-01-04 14:09:37,324 - Tavern: []
2025-01-04 14:09:37,324 - Castle: [KH, KD, KS, KC, QS, QC]
2025-01-04 14:09:37,324 - Discard: [4C, JH, 9H, 5D, 9C, 8S, 6S, JD, 2S, 9S, 3D, 2D, 5C, 4D, 9D, TH, JC, 8D, 8C, AH, 3C, AD, 4H, 7D, 6C, 5H, 7S, 6D, AS, 7H, AC, 3H, 4S, QH, TD, TS]
2025-01-04 14:09:37,324 - Active Player: 1
2025-01-04 14:09:37,324 - STATE LOG: END
2025-01-04 14:09:37,878 - STATE LOG: BEGIN
2025-01-04 14:09:37,878 - Noah's Hand: [2C, 3S, 6H, 8H]
2025-01-04 14:09:37,878 - Eve's Hand: [2H, 7C, TC]
2025-01-04 14:09:37,878 - Boss: Rank: 12 | Suit D | Attack 0 | Health 14
2025-01-04 14:09:37,878 - Tavern: []
2025-01-04 14:09:37,878 - Castle: [KH, KD, KS, KC, QS, QC]
2025-01-04 14:09:37,878 - Discard: [4C, JH, 9H, 5D, 9C, 8S, 6S, JD, 2S, 9S, 3D, 2D, 5C, 4D, 9D, TH, JC, 8D, 8C, AH, 3C, AD, 4H, 7D, 6C, 5H, 7S, 6D, AS, 7H, AC, 3H, 4S, QH, TD, TS]
2025-01-04 14:09:37,878 - Active Player: 2
2025-01-04 14:09:37,878 - STATE LOG: END
2025-01-04 14:09:38,294 - STATE LOG: BEGIN
2025-01-04 14:09:38,294 - Noah's Hand: [2C, 3S, 6H, 8H]
2025-01-04 14:09:38,294 - Eve's Hand: [2H, 7C, TC]
2025-01-04 14:09:38,294 - Boss: Rank: 12 | Suit D | Attack 0 | Health 14
2025-01-04 14:09:38,294 - Tavern: []
2025-01-04 14:09:38,294 - Castle: [KH, KD, KS, KC, QS, QC]
2025-01-04 14:09:38,294 - Discard: [4C, JH, 9H, 5D, 9C, 8S, 6S, JD, 2S, 9S, 3D, 2D, 5C, 4D, 9D, TH, JC, 8D, 8C, AH, 3C, AD, 4H, 7D, 6C, 5H, 7S, 6D, AS, 7H, AC, 3H, 4S, QH, TD, TS]
2025-01-04 14:09:38,294 - Active Player: 1
2025-01-04 14:09:38,294 - STATE LOG: END
2025-01-04 14:09:38,870 - STATE LOG: BEGIN
2025-01-04 14:09:38,870 - Noah's Hand: [2C, 6H, 8H]
2025-01-04 14:09:38,870 - Eve's Hand: [2H, 7C, TC]
2025-01-04 14:09:38,870 - Boss: Rank: 12 | Suit D | Attack 0 | Health 11
2025-01-04 14:09:38,870 - Tavern: []
2025-01-04 14:09:38,870 - Castle: [KH, KD, KS, KC, QS, QC]
2025-01-04 14:09:38,870 - Discard: [4C, JH, 9H, 5D, 9C, 8S, 6S, JD, 2S, 9S, 3D, 2D, 5C, 4D, 9D, TH, JC, 8D, 8C, AH, 3C, AD, 4H, 7D, 6C, 5H, 7S, 6D, AS, 7H, AC, 3H, 4S, QH, TD, TS]
2025-01-04 14:09:38,870 - Active Player: 2
2025-01-04 14:09:38,870 - STATE LOG: END
2025-01-04 14:09:39,104 - STATE LOG: BEGIN
2025-01-04 14:09:39,104 - Noah's Hand: [2C, 6H, 8H]
2025-01-04 14:09:39,104 - Eve's Hand: [2H, 7C, TC]
2025-01-04 14:09:39,104 - Boss: Rank: 12 | Suit D | Attack 0 | Health 11
2025-01-04 14:09:39,104 - Tavern: []
2025-01-04 14:09:39,104 - Castle: [KH, KD, KS, KC, QS, QC]
2025-01-04 14:09:39,104 - Discard: [4C, JH, 9H, 5D, 9C, 8S, 6S, JD, 2S, 9S, 3D, 2D, 5C, 4D, 9D, TH, JC, 8D, 8C, AH, 3C, AD, 4H, 7D, 6C, 5H, 7S, 6D, AS, 7H, AC, 3H, 4S, QH, TD, TS]
2025-01-04 14:09:39,104 - Active Player: 1
2025-01-04 14:09:39,104 - STATE LOG: END
2025-01-04 14:09:39,283 - STATE LOG: BEGIN
2025-01-04 14:09:39,283 - Noah's Hand: [2C, 8H]
2025-01-04 14:09:39,283 - Eve's Hand: [2H, 7C, TC]
2025-01-04 14:09:39,283 - Boss: Rank: 12 | Suit D | Attack 0 | Health 5
2025-01-04 14:09:39,283 - Tavern: [3D, 8C, AC, 5H, 6S, 2D]
2025-01-04 14:09:39,283 - Castle: [KH, KD, KS, KC, QS, QC]
2025-01-04 14:09:39,283 - Discard: [4H, JD, AS, 6D, TH, 9C, 4D, 4S, 3C, 4C, 9D, 7D, 9H, 9S, 5D, AH, QH, 7S, JH, 3H, AD, 7H, TS, 8D, 5C, 6C, JC, 8S, 2S, TD]
2025-01-04 14:09:39,283 - Active Player: 2
2025-01-04 14:09:39,283 - STATE LOG: END
2025-01-04 14:09:39,339 - STATE LOG: BEGIN
2025-01-04 14:09:39,339 - Noah's Hand: [2C, 8H]
2025-01-04 14:09:39,339 - Eve's Hand: [2H, 7C, TC]
2025-01-04 14:09:39,339 - Boss: Rank: 12 | Suit D | Attack 0 | Health 5
2025-01-04 14:09:39,339 - Tavern: [3D, 8C, AC, 5H, 6S, 2D]
2025-01-04 14:09:39,339 - Castle: [KH, KD, KS, KC, QS, QC]
2025-01-04 14:09:39,339 - Discard: [4H, JD, AS, 6D, TH, 9C, 4D, 4S, 3C, 4C, 9D, 7D, 9H, 9S, 5D, AH, QH, 7S, JH, 3H, AD, 7H, TS, 8D, 5C, 6C, JC, 8S, 2S, TD]
2025-01-04 14:09:39,339 - Active Player: 1
2025-01-04 14:09:39,339 - STATE LOG: END
2025-01-04 14:09:39,367 - STATE LOG: BEGIN
2025-01-04 14:09:39,367 - Noah's Hand: [8H]
2025-01-04 14:09:39,367 - Eve's Hand: [2H, 7C, TC]
2025-01-04 14:09:39,367 - Boss: Rank: 12 | Suit D | Attack 0 | Health 1
2025-01-04 14:09:39,367 - Tavern: [3D, 8C, AC, 5H, 6S, 2D]
2025-01-04 14:09:39,367 - Castle: [KH, KD, KS, KC, QS, QC]
2025-01-04 14:09:39,367 - Discard: [4H, JD, AS, 6D, TH, 9C, 4D, 4S, 3C, 4C, 9D, 7D, 9H, 9S, 5D, AH, QH, 7S, JH, 3H, AD, 7H, TS, 8D, 5C, 6C, JC, 8S, 2S, TD]
2025-01-04 14:09:39,367 - Active Player: 2
2025-01-04 14:09:39,367 - STATE LOG: END
2025-01-04 14:09:39,389 - STATE LOG: BEGIN
2025-01-04 14:09:39,390 - Noah's Hand: [8H]
2025-01-04 14:09:39,390 - Eve's Hand: [2H, 7C, TC]
2025-01-04 14:09:39,390 - Boss: Rank: 12 | Suit D | Attack 0 | Health 1
2025-01-04 14:09:39,390 - Tavern: [3D, 8C, AC, 5H, 6S, 2D]
2025-01-04 14:09:39,390 - Castle: [KH, KD, KS, KC, QS, QC]
2025-01-04 14:09:39,390 - Discard: [4H, JD, AS, 6D, TH, 9C, 4D, 4S, 3C, 4C, 9D, 7D, 9H, 9S, 5D, AH, QH, 7S, JH, 3H, AD, 7H, TS, 8D, 5C, 6C, JC, 8S, 2S, TD]
2025-01-04 14:09:39,390 - Active Player: 1
2025-01-04 14:09:39,390 - STATE LOG: END
2025-01-04 14:09:39,395 - STATE LOG: BEGIN
2025-01-04 14:09:39,395 - Noah's Hand: []
2025-01-04 14:09:39,395 - Eve's Hand: [2H, 7C, TC]
2025-01-04 14:09:39,395 - Boss: Rank: 12 | Suit C | Attack 15 | Health 30
2025-01-04 14:09:39,395 - Tavern: [JH, 7H, 2S, JD, QH, 9H, 3C, TH, 3D, 8C, AC, 5H, 6S, 2D]
2025-01-04 14:09:39,395 - Castle: [KH, KD, KS, KC, QS]
2025-01-04 14:09:39,395 - Discard: [5D, TD, 9S, 3H, AD, 4H, 4S, 7D, 4C, AH, 4D, AS, 8D, JC, 8S, 7S, TS, 9C, 9D, 6C, 5C, 6D, JS, 5S, 3S, 6H, 2C, 8H, QD]
2025-01-04 14:09:39,395 - Active Player: 1
2025-01-04 14:09:39,395 - STATE LOG: END
2025-01-04 14:09:39,428 - STATE LOG: BEGIN
2025-01-04 14:09:39,428 - Noah's Hand: []
2025-01-04 14:09:39,428 - Eve's Hand: [2H, 7C, TC]
2025-01-04 14:09:39,428 - Boss: Rank: 12 | Suit C | Attack 15 | Health 30
2025-01-04 14:09:39,429 - Tavern: [JH, 7H, 2S, JD, QH, 9H, 3C, TH, 3D, 8C, AC, 5H, 6S, 2D]
2025-01-04 14:09:39,429 - Castle: [KH, KD, KS, KC, QS]
2025-01-04 14:09:39,429 - Discard: [5D, TD, 9S, 3H, AD, 4H, 4S, 7D, 4C, AH, 4D, AS, 8D, JC, 8S, 7S, TS, 9C, 9D, 6C, 5C, 6D, JS, 5S, 3S, 6H, 2C, 8H, QD]
2025-01-04 14:09:39,429 - Active Player: 2
2025-01-04 14:09:39,429 - STATE LOG: END
