2025-01-04 22:46:38,115 - I log states! :D
2025-01-04 22:46:38,115 - STATE LOG: BEGIN
2025-01-04 22:46:38,115 - Noah's Hand: [3D, AD, 7C, 5D, 8H, 3C, 9H]
2025-01-04 22:46:38,115 - Eve's Hand: [6C, 2H, 8C, 2S, 4S, 8D, 7H]
2025-01-04 22:46:38,115 - Boss: Rank: 11 | Suit D | Attack 10 | Health 20
2025-01-04 22:46:38,115 - Tavern: [6H, TD, 9S, 7D, 7S, 4C, 4H, TS, 3H, 2D, AH, AC, TC, 9C, 8S, 3S, 5C, TH, 9D, 6S, 4D, 5S, AS, 5H, 6D, 2C]
2025-01-04 22:46:38,115 - Castle: [KC, KS, KH, KD, QH, QS, QD, QC, JC, JS, JH]
2025-01-04 22:46:38,115 - Discard: []
2025-01-04 22:46:38,115 - Active Player: 1
2025-01-04 22:46:38,115 - STATE LOG: END
2025-01-04 22:46:38,755 - STATE LOG: BEGIN
2025-01-04 22:46:38,755 - Noah's Hand: [3C, 3D, 5D]
2025-01-04 22:46:38,755 - Eve's Hand: [6C, 2H, 8C, 2S, 4S, 8D, 7H]
2025-01-04 22:46:38,755 - Boss: Rank: 11 | Suit D | Attack 10 | Health 4
2025-01-04 22:46:38,755 - Tavern: [6H, TD, 9S, 7D, 7S, 4C, 4H, TS, 3H, 2D, AH, AC, TC, 9C, 8S, 3S, 5C, TH, 9D, 6S, 4D, 5S, AS, 5H, 6D, 2C]
2025-01-04 22:46:38,755 - Castle: [KC, KS, KH, KD, QH, QS, QD, QC, JC, JS, JH]
2025-01-04 22:46:38,755 - Discard: [8H, 9H]
2025-01-04 22:46:38,755 - Active Player: 2
2025-01-04 22:46:38,755 - STATE LOG: END
2025-01-04 22:46:39,337 - STATE LOG: BEGIN
2025-01-04 22:46:39,337 - Noah's Hand: [3C, 3D, 5D]
2025-01-04 22:46:39,337 - Eve's Hand: [2H, 2S, 6C, 7H, 8C, 8D]
2025-01-04 22:46:39,337 - Boss: Rank: 11 | Suit H | Attack 10 | Health 20
2025-01-04 22:46:39,337 - Tavern: [6H, TD, 9S, 7D, 7S, 4C, 4H, TS, 3H, 2D, AH, AC, TC, 9C, 8S, 3S, 5C, TH, 9D, 6S, 4D, 5S, AS, 5H, 6D, 2C]
2025-01-04 22:46:39,338 - Castle: [KC, KS, KH, KD, QH, QS, QD, QC, JC, JS]
2025-01-04 22:46:39,338 - Discard: [8H, 9H, AD, 7C, 4S]
2025-01-04 22:46:39,338 - Active Player: 2
2025-01-04 22:46:39,338 - STATE LOG: END
2025-01-04 22:46:40,030 - STATE LOG: BEGIN
2025-01-04 22:46:40,030 - Noah's Hand: [3C, 3D, 5D, 2C, 5H, AS, 5S]
2025-01-04 22:46:40,030 - Eve's Hand: [2H, 2S, 8C, JD, 6D]
2025-01-04 22:46:40,030 - Boss: Rank: 11 | Suit H | Attack 10 | Health 12
2025-01-04 22:46:40,030 - Tavern: [6H, TD, 9S, 7D, 7S, 4C, 4H, TS, 3H, 2D, AH, AC, TC, 9C, 8S, 3S, 5C, TH, 9D, 6S, 4D]
2025-01-04 22:46:40,030 - Castle: [KC, KS, KH, KD, QH, QS, QD, QC, JC, JS]
2025-01-04 22:46:40,030 - Discard: [8H, 9H, AD, 7C, 4S, 7H, 6C]
2025-01-04 22:46:40,030 - Active Player: 1
2025-01-04 22:46:40,030 - STATE LOG: END
2025-01-04 22:46:40,957 - STATE LOG: BEGIN
2025-01-04 22:46:40,957 - Noah's Hand: [2C, 3C, 3D, 5D]
2025-01-04 22:46:40,957 - Eve's Hand: [2H, 2S, 8C, JD, 6D]
2025-01-04 22:46:40,957 - Boss: Rank: 11 | Suit H | Attack 4 | Health 6
2025-01-04 22:46:40,957 - Tavern: [6H, TD, 9S, 7D, 7S, 4C, 4H, TS, 3H, 2D, AH, AC, TC, 9C, 8S, 3S, 5C, TH, 9D, 6S, 4D]
2025-01-04 22:46:40,957 - Castle: [KC, KS, KH, KD, QH, QS, QD, QC, JC, JS]
2025-01-04 22:46:40,957 - Discard: [8H, 9H, AD, 7C, 4S, 7H, 6C, 5H]
2025-01-04 22:46:40,957 - Active Player: 2
2025-01-04 22:46:40,957 - STATE LOG: END
2025-01-04 22:46:41,843 - STATE LOG: BEGIN
2025-01-04 22:46:41,843 - Noah's Hand: [2C, 3C, 3D, 5D, 6S, TH, 3S]
2025-01-04 22:46:41,843 - Eve's Hand: [2H, 2S, 8C, JD, 4D, 9D, 5C]
2025-01-04 22:46:41,843 - Boss: Rank: 11 | Suit S | Attack 10 | Health 20
2025-01-04 22:46:41,843 - Tavern: [6H, TD, 9S, 7D, 7S, 4C, 4H, TS, 3H, 2D, AH, AC, TC, 9C, 8S]
2025-01-04 22:46:41,844 - Castle: [KC, KS, KH, KD, QH, QS, QD, QC, JC]
2025-01-04 22:46:41,844 - Discard: [8H, 9H, AD, 7C, 4S, 7H, 6C, 5H, AS, 5S, 8D, 6D]
2025-01-04 22:46:41,844 - Active Player: 2
2025-01-04 22:46:41,844 - STATE LOG: END
2025-01-04 22:46:42,764 - STATE LOG: BEGIN
2025-01-04 22:46:42,764 - Noah's Hand: [2C, 3C, 3D, 5D, 6S, TH, 3S]
2025-01-04 22:46:42,764 - Eve's Hand: [2S, 4D, 9D, JD]
2025-01-04 22:46:42,764 - Boss: Rank: 11 | Suit S | Attack 10 | Health 18
2025-01-04 22:46:42,764 - Tavern: [8D, AS, 6H, TD, 9S, 7D, 7S, 4C, 4H, TS, 3H, 2D, AH, AC, TC, 9C, 8S]
2025-01-04 22:46:42,764 - Castle: [KC, KS, KH, KD, QH, QS, QD, QC, JC]
2025-01-04 22:46:42,764 - Discard: [6C, AD, 5S, 9H, 4S, 5H, 6D, 8H, 7C, 7H, 8C, 5C]
2025-01-04 22:46:42,764 - Active Player: 1
2025-01-04 22:46:42,764 - STATE LOG: END
2025-01-04 22:46:43,785 - STATE LOG: BEGIN
2025-01-04 22:46:43,785 - Noah's Hand: [2C, 3D, 5D]
2025-01-04 22:46:43,785 - Eve's Hand: [2S, 4D, 9D, JD]
2025-01-04 22:46:43,786 - Boss: Rank: 11 | Suit S | Attack 10 | Health 12
2025-01-04 22:46:43,786 - Tavern: [8D, AS, 6H, TD, 9S, 7D, 7S, 4C, 4H, TS, 3H, 2D, AH, AC, TC, 9C, 8S]
2025-01-04 22:46:43,786 - Castle: [KC, KS, KH, KD, QH, QS, QD, QC, JC]
2025-01-04 22:46:43,786 - Discard: [6C, AD, 5S, 9H, 4S, 5H, 6D, 8H, 7C, 7H, 8C, 5C, 3C, 3S, TH]
2025-01-04 22:46:43,786 - Active Player: 2
2025-01-04 22:46:43,786 - STATE LOG: END
2025-01-04 22:46:44,323 - STATE LOG: BEGIN
2025-01-04 22:46:44,323 - Noah's Hand: [2C, 3D, 5D, 8S, TC, AH, 3H]
2025-01-04 22:46:44,323 - Eve's Hand: [2S, 4D, JD, 9C, AC, 2D]
2025-01-04 22:46:44,323 - Boss: Rank: 11 | Suit S | Attack 10 | Health 3
2025-01-04 22:46:44,323 - Tavern: [8D, AS, 6H, TD, 9S, 7D, 7S, 4C, 4H, TS]
2025-01-04 22:46:44,323 - Castle: [KC, KS, KH, KD, QH, QS, QD, QC, JC]
2025-01-04 22:46:44,323 - Discard: [6C, AD, 5S, 9H, 4S, 5H, 6D, 8H, 7C, 7H, 8C, 5C, 3C, 3S, TH, JH]
2025-01-04 22:46:44,323 - Active Player: 1
2025-01-04 22:46:44,323 - STATE LOG: END
2025-01-04 22:46:45,354 - STATE LOG: BEGIN
2025-01-04 22:46:45,354 - Noah's Hand: [AH, 2C, 5D, 8S, TC, TS, 4C]
2025-01-04 22:46:45,354 - Eve's Hand: [2S, 4D, JD, 9C, AC, 2D, 4H]
2025-01-04 22:46:45,354 - Boss: Rank: 11 | Suit C | Attack 10 | Health 20
2025-01-04 22:46:45,354 - Tavern: [6C, 4S, 7C, AD, 5H, JH, 8D, AS, 6H, TD, 9S, 7D, 7S]
2025-01-04 22:46:45,354 - Castle: [KC, KS, KH, KD, QH, QS, QD, QC]
2025-01-04 22:46:45,354 - Discard: [6D, 3C, 5S, 8C, 9H, 3S, 8H, 7H, TH, 5C, 6S, 3D, 3H, 2H, 9D, JS]
2025-01-04 22:46:45,354 - Active Player: 1
2025-01-04 22:46:45,354 - STATE LOG: END
2025-01-04 22:46:46,348 - STATE LOG: BEGIN
2025-01-04 22:46:46,348 - Noah's Hand: [AH, 2C, 4C, 5D, TS]
2025-01-04 22:46:46,348 - Eve's Hand: [2S, 4D, JD, 9C, AC, 2D, 4H]
2025-01-04 22:46:46,348 - Boss: Rank: 11 | Suit C | Attack 2 | Health 12
2025-01-04 22:46:46,348 - Tavern: [6C, 4S, 7C, AD, 5H, JH, 8D, AS, 6H, TD, 9S, 7D, 7S]
2025-01-04 22:46:46,348 - Castle: [KC, KS, KH, KD, QH, QS, QD, QC]
2025-01-04 22:46:46,348 - Discard: [6D, 3C, 5S, 8C, 9H, 3S, 8H, 7H, TH, 5C, 6S, 3D, 3H, 2H, 9D, JS, TC]
2025-01-04 22:46:46,348 - Active Player: 2
2025-01-04 22:46:46,348 - STATE LOG: END
2025-01-04 22:46:47,346 - STATE LOG: BEGIN
2025-01-04 22:46:47,346 - Noah's Hand: [AH, 2C, 4C, 5D, TS]
2025-01-04 22:46:47,346 - Eve's Hand: [AC, 2D, 4D, 4H, 9C, JD]
2025-01-04 22:46:47,346 - Boss: Rank: 11 | Suit C | Attack 0 | Health 10
2025-01-04 22:46:47,346 - Tavern: [6C, 4S, 7C, AD, 5H, JH, 8D, AS, 6H, TD, 9S, 7D, 7S]
2025-01-04 22:46:47,346 - Castle: [KC, KS, KH, KD, QH, QS, QD, QC]
2025-01-04 22:46:47,346 - Discard: [6D, 3C, 5S, 8C, 9H, 3S, 8H, 7H, TH, 5C, 6S, 3D, 3H, 2H, 9D, JS, TC]
2025-01-04 22:46:47,346 - Active Player: 1
2025-01-04 22:46:47,346 - STATE LOG: END
2025-01-04 22:46:48,273 - STATE LOG: BEGIN
2025-01-04 22:46:48,273 - Noah's Hand: [AH, 4C, 5D, TS]
2025-01-04 22:46:48,273 - Eve's Hand: [AC, 2D, 4D, 4H, 9C, JD]
2025-01-04 22:46:48,273 - Boss: Rank: 11 | Suit C | Attack 0 | Health 8
2025-01-04 22:46:48,273 - Tavern: [6C, 4S, 7C, AD, 5H, JH, 8D, AS, 6H, TD, 9S, 7D, 7S]
2025-01-04 22:46:48,273 - Castle: [KC, KS, KH, KD, QH, QS, QD, QC]
2025-01-04 22:46:48,273 - Discard: [6D, 3C, 5S, 8C, 9H, 3S, 8H, 7H, TH, 5C, 6S, 3D, 3H, 2H, 9D, JS, TC]
2025-01-04 22:46:48,273 - Active Player: 2
2025-01-04 22:46:48,273 - STATE LOG: END
2025-01-04 22:46:49,201 - STATE LOG: BEGIN
2025-01-04 22:46:49,202 - Noah's Hand: [AH, 4C, 5D, TS, 7D]
2025-01-04 22:46:49,202 - Eve's Hand: [4D, 4H, 9C, JD, 7S, 9S]
2025-01-04 22:46:49,202 - Boss: Rank: 11 | Suit C | Attack 0 | Health 5
2025-01-04 22:46:49,202 - Tavern: [6C, 4S, 7C, AD, 5H, JH, 8D, AS, 6H, TD]
2025-01-04 22:46:49,202 - Castle: [KC, KS, KH, KD, QH, QS, QD, QC]
2025-01-04 22:46:49,202 - Discard: [6D, 3C, 5S, 8C, 9H, 3S, 8H, 7H, TH, 5C, 6S, 3D, 3H, 2H, 9D, JS, TC]
2025-01-04 22:46:49,202 - Active Player: 1
2025-01-04 22:46:49,202 - STATE LOG: END
2025-01-04 22:46:50,067 - STATE LOG: BEGIN
2025-01-04 22:46:50,067 - Noah's Hand: [AH, 4C, 5D, 7D, TS]
2025-01-04 22:46:50,067 - Eve's Hand: [4D, 4H, 9C, JD, 7S, 9S]
2025-01-04 22:46:50,067 - Boss: Rank: 11 | Suit C | Attack 0 | Health 5
2025-01-04 22:46:50,067 - Tavern: [6C, 4S, 7C, AD, 5H, JH, 8D, AS, 6H, TD]
2025-01-04 22:46:50,067 - Castle: [KC, KS, KH, KD, QH, QS, QD, QC]
2025-01-04 22:46:50,067 - Discard: [6D, 3C, 5S, 8C, 9H, 3S, 8H, 7H, TH, 5C, 6S, 3D, 3H, 2H, 9D, JS, TC]
2025-01-04 22:46:50,067 - Active Player: 2
2025-01-04 22:46:50,067 - STATE LOG: END
2025-01-04 22:46:50,964 - STATE LOG: BEGIN
2025-01-04 22:46:50,964 - Noah's Hand: [AH, 4C, 5D, 7D, TS, 6H, 8D]
2025-01-04 22:46:50,964 - Eve's Hand: [4H, 7S, 9C, 9S, JD, TD, AS]
2025-01-04 22:46:50,964 - Boss: Rank: 11 | Suit C | Attack 0 | Health 1
2025-01-04 22:46:50,964 - Tavern: [6C, 4S, 7C, AD, 5H, JH]
2025-01-04 22:46:50,964 - Castle: [KC, KS, KH, KD, QH, QS, QD, QC]
2025-01-04 22:46:50,964 - Discard: [6D, 3C, 5S, 8C, 9H, 3S, 8H, 7H, TH, 5C, 6S, 3D, 3H, 2H, 9D, JS, TC]
2025-01-04 22:46:50,964 - Active Player: 1
2025-01-04 22:46:50,964 - STATE LOG: END
2025-01-04 22:46:51,882 - STATE LOG: BEGIN
2025-01-04 22:46:51,882 - Noah's Hand: [4C, 5D, 6H, 8D, TS, JH, 5H]
2025-01-04 22:46:51,882 - Eve's Hand: [4H, 7S, 9C, 9S, JD, TD, AS]
2025-01-04 22:46:51,882 - Boss: Rank: 12 | Suit C | Attack 15 | Health 30
2025-01-04 22:46:51,882 - Tavern: [3C, 2H, 3H, 6S, 9H, 9D, 3D, TH, 6C, 4S, 7C, AD]
2025-01-04 22:46:51,882 - Castle: [KC, KS, KH, KD, QH, QS, QD]
2025-01-04 22:46:51,882 - Discard: [8C, 8H, 3S, TC, 7H, 5S, JS, 5C, 6D, 8S, 2C, AH, 7D, 2S, AC, 2D, 4D, JC]
2025-01-04 22:46:51,882 - Active Player: 1
2025-01-04 22:46:51,882 - STATE LOG: END
2025-01-04 22:46:52,713 - STATE LOG: BEGIN
2025-01-04 22:46:52,713 - Noah's Hand: [5D, 5H, 8D, TS]
2025-01-04 22:46:52,713 - Eve's Hand: [4H, 7S, 9C, 9S, JD, TD, AS]
2025-01-04 22:46:52,713 - Boss: Rank: 12 | Suit C | Attack 15 | Health 30
2025-01-04 22:46:52,713 - Tavern: [3C, 2H, 3H, 6S, 9H, 9D, 3D, TH, 6C, 4S, 7C, AD]
2025-01-04 22:46:52,713 - Castle: [KC, KS, KH, KD, QH, QS, QD]
2025-01-04 22:46:52,713 - Discard: [8C, 8H, 3S, TC, 7H, 5S, JS, 5C, 6D, 8S, 2C, AH, 7D, 2S, AC, 2D, 4D, JC, 4C, 6H, JH]
2025-01-04 22:46:52,713 - Active Player: 2
2025-01-04 22:46:52,713 - STATE LOG: END
2025-01-04 22:46:53,598 - STATE LOG: BEGIN
2025-01-04 22:46:53,598 - Noah's Hand: [5D, 5H, 8D, TS, 7C, 6C, TH]
2025-01-04 22:46:53,598 - Eve's Hand: [4H, 7S, 9S, JD, AD, 4S]
2025-01-04 22:46:53,598 - Boss: Rank: 12 | Suit C | Attack 4 | Health 19
2025-01-04 22:46:53,598 - Tavern: [3C, 2H, 3H, 6S, 9H, 9D, 3D]
2025-01-04 22:46:53,598 - Castle: [KC, KS, KH, KD, QH, QS, QD]
2025-01-04 22:46:53,598 - Discard: [8C, 8H, 3S, TC, 7H, 5S, JS, 5C, 6D, 8S, 2C, AH, 7D, 2S, AC, 2D, 4D, JC, 4C, 6H, JH, 9C]
2025-01-04 22:46:53,598 - Active Player: 1
2025-01-04 22:46:53,598 - STATE LOG: END
2025-01-04 22:46:54,450 - STATE LOG: BEGIN
2025-01-04 22:46:54,450 - Noah's Hand: [5D, 5H, 6C, 7C, 8D, TH]
2025-01-04 22:46:54,450 - Eve's Hand: [4H, 7S, 9S, JD, AD, 4S]
2025-01-04 22:46:54,450 - Boss: Rank: 12 | Suit C | Attack 4 | Health 19
2025-01-04 22:46:54,450 - Tavern: [3C, 2H, 3H, 6S, 9H, 9D, 3D]
2025-01-04 22:46:54,450 - Castle: [KC, KS, KH, KD, QH, QS, QD]
2025-01-04 22:46:54,450 - Discard: [8C, 8H, 3S, TC, 7H, 5S, JS, 5C, 6D, 8S, 2C, AH, 7D, 2S, AC, 2D, 4D, JC, 4C, 6H, JH, 9C, TS]
2025-01-04 22:46:54,450 - Active Player: 2
2025-01-04 22:46:54,450 - STATE LOG: END
2025-01-04 22:46:55,310 - STATE LOG: BEGIN
2025-01-04 22:46:55,310 - Noah's Hand: [5D, 5H, 6C, 7C, 8D, TH]
2025-01-04 22:46:55,310 - Eve's Hand: [AD, 4H, 4S, 9S, JD]
2025-01-04 22:46:55,310 - Boss: Rank: 12 | Suit C | Attack 0 | Health 12
2025-01-04 22:46:55,310 - Tavern: [3C, 2H, 3H, 6S, 9H, 9D, 3D]
2025-01-04 22:46:55,310 - Castle: [KC, KS, KH, KD, QH, QS, QD]
2025-01-04 22:46:55,310 - Discard: [8C, 8H, 3S, TC, 7H, 5S, JS, 5C, 6D, 8S, 2C, AH, 7D, 2S, AC, 2D, 4D, JC, 4C, 6H, JH, 9C, TS]
2025-01-04 22:46:55,310 - Active Player: 1
2025-01-04 22:46:55,310 - STATE LOG: END
2025-01-04 22:46:56,161 - STATE LOG: BEGIN
2025-01-04 22:46:56,161 - Noah's Hand: [5D, 5H, 6C, 7C, 8D, TH]
2025-01-04 22:46:56,162 - Eve's Hand: [AD, 4H, 4S, 9S, JD]
2025-01-04 22:46:56,162 - Boss: Rank: 12 | Suit C | Attack 0 | Health 12
2025-01-04 22:46:56,162 - Tavern: [3C, 2H, 3H, 6S, 9H, 9D, 3D]
2025-01-04 22:46:56,162 - Castle: [KC, KS, KH, KD, QH, QS, QD]
2025-01-04 22:46:56,162 - Discard: [8C, 8H, 3S, TC, 7H, 5S, JS, 5C, 6D, 8S, 2C, AH, 7D, 2S, AC, 2D, 4D, JC, 4C, 6H, JH, 9C, TS]
2025-01-04 22:46:56,162 - Active Player: 2
2025-01-04 22:46:56,162 - STATE LOG: END
2025-01-04 22:46:57,011 - STATE LOG: BEGIN
2025-01-04 22:46:57,011 - Noah's Hand: [5D, 5H, 6C, 7C, 8D, TH]
2025-01-04 22:46:57,011 - Eve's Hand: [4H, 4S, 9S, JD, 3D]
2025-01-04 22:46:57,011 - Boss: Rank: 12 | Suit C | Attack 0 | Health 11
2025-01-04 22:46:57,011 - Tavern: [3C, 2H, 3H, 6S, 9H, 9D]
2025-01-04 22:46:57,011 - Castle: [KC, KS, KH, KD, QH, QS, QD]
2025-01-04 22:46:57,011 - Discard: [8C, 8H, 3S, TC, 7H, 5S, JS, 5C, 6D, 8S, 2C, AH, 7D, 2S, AC, 2D, 4D, JC, 4C, 6H, JH, 9C, TS]
2025-01-04 22:46:57,011 - Active Player: 1
2025-01-04 22:46:57,011 - STATE LOG: END
2025-01-04 22:46:57,808 - STATE LOG: BEGIN
2025-01-04 22:46:57,808 - Noah's Hand: [5H, 6C, 7C, 8D, TH, 9D, 6S]
2025-01-04 22:46:57,808 - Eve's Hand: [4H, 4S, 9S, JD, 3D, 9H, 3H]
2025-01-04 22:46:57,808 - Boss: Rank: 12 | Suit C | Attack 0 | Health 6
2025-01-04 22:46:57,808 - Tavern: [3C, 2H]
2025-01-04 22:46:57,808 - Castle: [KC, KS, KH, KD, QH, QS, QD]
2025-01-04 22:46:57,808 - Discard: [8C, 8H, 3S, TC, 7H, 5S, JS, 5C, 6D, 8S, 2C, AH, 7D, 2S, AC, 2D, 4D, JC, 4C, 6H, JH, 9C, TS]
2025-01-04 22:46:57,808 - Active Player: 2
2025-01-04 22:46:57,808 - STATE LOG: END
2025-01-04 22:46:58,564 - STATE LOG: BEGIN
2025-01-04 22:46:58,564 - Noah's Hand: [5H, 6C, 7C, 8D, TH, 9D, 6S]
2025-01-04 22:46:58,564 - Eve's Hand: [3D, 3H, 4H, 4S, 9H, 9S, JD]
2025-01-04 22:46:58,564 - Boss: Rank: 12 | Suit C | Attack 0 | Health 6
2025-01-04 22:46:58,564 - Tavern: [3C, 2H]
2025-01-04 22:46:58,564 - Castle: [KC, KS, KH, KD, QH, QS, QD]
2025-01-04 22:46:58,564 - Discard: [8C, 8H, 3S, TC, 7H, 5S, JS, 5C, 6D, 8S, 2C, AH, 7D, 2S, AC, 2D, 4D, JC, 4C, 6H, JH, 9C, TS]
2025-01-04 22:46:58,564 - Active Player: 1
2025-01-04 22:46:58,564 - STATE LOG: END
2025-01-04 22:46:59,322 - STATE LOG: BEGIN
2025-01-04 22:46:59,322 - Noah's Hand: [6C, 6S, 7C, 8D, 9D, TH]
2025-01-04 22:46:59,322 - Eve's Hand: [3D, 3H, 4H, 4S, 9H, 9S, JD]
2025-01-04 22:46:59,322 - Boss: Rank: 12 | Suit C | Attack 0 | Health 1
2025-01-04 22:46:59,322 - Tavern: [8C, 4C, 7D, TC, 5C, 3C, 2H]
2025-01-04 22:46:59,322 - Castle: [KC, KS, KH, KD, QH, QS, QD]
2025-01-04 22:46:59,322 - Discard: [2S, 2D, 2C, 8S, TS, JS, 6H, AC, AH, 9C, JC, JH, 7H, 5S, 3S, 6D, 4D, 8H]
2025-01-04 22:46:59,322 - Active Player: 2
2025-01-04 22:46:59,322 - STATE LOG: END
2025-01-04 22:47:00,041 - STATE LOG: BEGIN
2025-01-04 22:47:00,041 - Noah's Hand: [6C, 6S, 7C, 8D, 9D, TH, 3C]
2025-01-04 22:47:00,041 - Eve's Hand: [4H, 4S, 9H, 9S, JD, 2H, 5C]
2025-01-04 22:47:00,041 - Boss: Rank: 12 | Suit D | Attack 15 | Health 30
2025-01-04 22:47:00,041 - Tavern: [9C, 6D, AH, 6H, AC, 5S, 8C, 4C, 7D, TC]
2025-01-04 22:47:00,041 - Castle: [KC, KS, KH, KD, QH, QS]
2025-01-04 22:47:00,041 - Discard: [3S, 2C, 4D, 8H, JC, 2S, 7H, 8S, JS, TS, JH, 2D, 5D, 5H, AS, TD, 7S, AD, 3D, 3H, QC]
2025-01-04 22:47:00,041 - Active Player: 2
2025-01-04 22:47:00,041 - STATE LOG: END
2025-01-04 22:47:00,706 - STATE LOG: BEGIN
2025-01-04 22:47:00,707 - Noah's Hand: [6C, 6S, 7C, 8D, 9D, TH, 3C]
2025-01-04 22:47:00,707 - Eve's Hand: [2H, 4H, 4S, 5C, JD]
2025-01-04 22:47:00,707 - Boss: Rank: 12 | Suit D | Attack 6 | Health 21
2025-01-04 22:47:00,707 - Tavern: [9C, 6D, AH, 6H, AC, 5S, 8C, 4C, 7D, TC]
2025-01-04 22:47:00,707 - Castle: [KC, KS, KH, KD, QH, QS]
2025-01-04 22:47:00,707 - Discard: [3S, 2C, 4D, 8H, JC, 2S, 7H, 8S, JS, TS, JH, 2D, 5D, 5H, AS, TD, 7S, AD, 3D, 3H, QC, 9H]
2025-01-04 22:47:00,707 - Active Player: 1
2025-01-04 22:47:00,707 - STATE LOG: END
2025-01-04 22:47:01,479 - STATE LOG: BEGIN
2025-01-04 22:47:01,479 - Noah's Hand: [3C, 6C, 7C, 8D, 9D, TH]
2025-01-04 22:47:01,479 - Eve's Hand: [2H, 4H, 4S, 5C, JD]
2025-01-04 22:47:01,479 - Boss: Rank: 12 | Suit D | Attack 0 | Health 15
2025-01-04 22:47:01,479 - Tavern: [9C, 6D, AH, 6H, AC, 5S, 8C, 4C, 7D, TC]
2025-01-04 22:47:01,479 - Castle: [KC, KS, KH, KD, QH, QS]
2025-01-04 22:47:01,479 - Discard: [3S, 2C, 4D, 8H, JC, 2S, 7H, 8S, JS, TS, JH, 2D, 5D, 5H, AS, TD, 7S, AD, 3D, 3H, QC, 9H]
2025-01-04 22:47:01,479 - Active Player: 2
2025-01-04 22:47:01,479 - STATE LOG: END
2025-01-04 22:47:02,321 - STATE LOG: BEGIN
2025-01-04 22:47:02,321 - Noah's Hand: [3C, 6C, 7C, 8D, 9D, TH]
2025-01-04 22:47:02,321 - Eve's Hand: [4H, 4S, 5C, JD]
2025-01-04 22:47:02,321 - Boss: Rank: 12 | Suit D | Attack 0 | Health 13
2025-01-04 22:47:02,321 - Tavern: [2D, 3S, 9C, 6D, AH, 6H, AC, 5S, 8C, 4C, 7D, TC]
2025-01-04 22:47:02,321 - Castle: [KC, KS, KH, KD, QH, QS]
2025-01-04 22:47:02,321 - Discard: [3D, QC, 3H, 7S, 4D, 2C, JC, 2S, 8H, AS, TS, 5H, JH, AD, JS, 5D, TD, 8S, 7H, 9H]
2025-01-04 22:47:02,321 - Active Player: 1
2025-01-04 22:47:02,321 - STATE LOG: END
2025-01-04 22:47:03,122 - STATE LOG: BEGIN
2025-01-04 22:47:03,122 - Noah's Hand: [3C, 6C, 7C, 8D, 9D, TH]
2025-01-04 22:47:03,122 - Eve's Hand: [4H, 4S, 5C, JD]
2025-01-04 22:47:03,122 - Boss: Rank: 12 | Suit D | Attack 0 | Health 13
2025-01-04 22:47:03,122 - Tavern: [2D, 3S, 9C, 6D, AH, 6H, AC, 5S, 8C, 4C, 7D, TC]
2025-01-04 22:47:03,122 - Castle: [KC, KS, KH, KD, QH, QS]
2025-01-04 22:47:03,122 - Discard: [3D, QC, 3H, 7S, 4D, 2C, JC, 2S, 8H, AS, TS, 5H, JH, AD, JS, 5D, TD, 8S, 7H, 9H]
2025-01-04 22:47:03,123 - Active Player: 2
2025-01-04 22:47:03,123 - STATE LOG: END
2025-01-04 22:47:04,001 - STATE LOG: BEGIN
2025-01-04 22:47:04,001 - Noah's Hand: [3C, 6C, 7C, 8D, 9D, TH]
2025-01-04 22:47:04,001 - Eve's Hand: [5C, JD]
2025-01-04 22:47:04,001 - Boss: Rank: 12 | Suit D | Attack 0 | Health 5
2025-01-04 22:47:04,001 - Tavern: [3H, QC, 9H, TD, 7H, 8S, 8H, AS, 2D, 3S, 9C, 6D, AH, 6H, AC, 5S, 8C, 4C, 7D, TC]
2025-01-04 22:47:04,001 - Castle: [KC, KS, KH, KD, QH, QS]
2025-01-04 22:47:04,001 - Discard: [AD, 5D, JS, JH, 2C, 4D, JC, 5H, 7S, TS, 2S, 3D]
2025-01-04 22:47:04,001 - Active Player: 1
2025-01-04 22:47:04,001 - STATE LOG: END
2025-01-04 22:47:04,905 - STATE LOG: BEGIN
2025-01-04 22:47:04,905 - Noah's Hand: [3C, 6C, 7C, 8D, 9D]
2025-01-04 22:47:04,905 - Eve's Hand: [5C, JD]
2025-01-04 22:47:04,905 - Boss: Rank: 12 | Suit S | Attack 15 | Health 30
2025-01-04 22:47:04,905 - Tavern: [7S, 2S, AD, JS, 3D, 5H, JH, JC, 4D, 5D, 3H, QC, 9H, TD, 7H, 8S, 8H, AS, 2D, 3S, 9C, 6D, AH, 6H, AC, 5S, 8C, 4C, 7D, TC]
2025-01-04 22:47:04,905 - Castle: [KC, KS, KH, KD, QH]
2025-01-04 22:47:04,905 - Discard: [2C, TS, 6S, TH, 9S, 2H, 4H, 4S, QD]
2025-01-04 22:47:04,905 - Active Player: 1
2025-01-04 22:47:04,905 - STATE LOG: END
2025-01-04 22:47:05,374 - STATE LOG: BEGIN
2025-01-04 22:47:05,374 - Noah's Hand: [6C, 9D, TC]
2025-01-04 22:47:05,374 - Eve's Hand: [5C, JD, 7D, 8C, AC, 6H, AH]
2025-01-04 22:47:05,374 - Boss: Rank: 12 | Suit S | Attack 15 | Health 22
2025-01-04 22:47:05,374 - Tavern: [7S, 2S, AD, JS, 3D, 5H, JH, JC, 4D, 5D, 3H, QC, 9H, TD, 7H, 8S, 8H, AS, 2D, 3S, 9C, 6D]
2025-01-04 22:47:05,374 - Castle: [KC, KS, KH, KD, QH]
2025-01-04 22:47:05,374 - Discard: [2C, TS, 6S, TH, 9S, 2H, 4H, 4S, QD, 5S, 3C, 4C, 7C]
2025-01-04 22:47:05,374 - Active Player: 2
2025-01-04 22:47:05,374 - STATE LOG: END
2025-01-04 22:47:06,325 - STATE LOG: BEGIN
2025-01-04 22:47:06,325 - Noah's Hand: [6C, 9D, TC, 9C, 2D, AS, 8H]
2025-01-04 22:47:06,325 - Eve's Hand: [8C, JD, 6D]
2025-01-04 22:47:06,325 - Boss: Rank: 12 | Suit S | Attack 15 | Health 14
2025-01-04 22:47:06,325 - Tavern: [3C, 6S, 4H, 9S, QD, 4S, 4C, TS, 7S, 2S, AD, JS, 3D, 5H, JH, JC, 4D, 5D, 3H, QC, 9H, TD, 7H, 8S]
2025-01-04 22:47:06,325 - Castle: [KC, KS, KH, KD, QH]
2025-01-04 22:47:06,325 - Discard: [5S, TH, 2H, 2C, 7C, AC, 6H, 3S, 5C]
2025-01-04 22:47:06,325 - Active Player: 1
2025-01-04 22:47:06,325 - STATE LOG: END
2025-01-04 22:47:07,318 - STATE LOG: BEGIN
2025-01-04 22:47:07,318 - Noah's Hand: [AS, 2D, 8H, 9C, 9D]
2025-01-04 22:47:07,318 - Eve's Hand: [8C, JD, 6D]
2025-01-04 22:47:07,318 - Boss: Rank: 12 | Suit S | Attack 15 | Health 14
2025-01-04 22:47:07,318 - Tavern: [3C, 6S, 4H, 9S, QD, 4S, 4C, TS, 7S, 2S, AD, JS, 3D, 5H, JH, JC, 4D, 5D, 3H, QC, 9H, TD, 7H, 8S]
2025-01-04 22:47:07,318 - Castle: [KC, KS, KH, KD, QH]
2025-01-04 22:47:07,318 - Discard: [5S, TH, 2H, 2C, 7C, AC, 6H, 3S, 5C, TC, 6C]
2025-01-04 22:47:07,318 - Active Player: 2
2025-01-04 22:47:07,318 - STATE LOG: END
2025-01-04 22:47:08,303 - STATE LOG: BEGIN
2025-01-04 22:47:08,303 - Noah's Hand: [AS, 2D, 8H, 9C, 9D, 7H, 9H]
2025-01-04 22:47:08,303 - Eve's Hand: [8C, JD, TD, 3H]
2025-01-04 22:47:08,303 - Boss: Rank: 12 | Suit S | Attack 15 | Health 8
2025-01-04 22:47:08,303 - Tavern: [3C, 6S, 4H, 9S, QD, 4S, 4C, TS, 7S, 2S, AD, JS, 3D, 5H, JH, JC, 4D, 5D]
2025-01-04 22:47:08,303 - Castle: [KC, KS, KH, KD, QH]
2025-01-04 22:47:08,303 - Discard: [5S, TH, 2H, 2C, 7C, AC, 6H, 3S, 5C, TC, 6C, QC, 8S]
2025-01-04 22:47:08,303 - Active Player: 1
2025-01-04 22:47:08,303 - STATE LOG: END
2025-01-04 22:47:09,394 - STATE LOG: BEGIN
2025-01-04 22:47:09,395 - Noah's Hand: [AS, 2D, 7H, 8H, 9C, 9D]
2025-01-04 22:47:09,395 - Eve's Hand: [8C, JD, TD, 3H]
2025-01-04 22:47:09,395 - Boss: Rank: 12 | Suit H | Attack 15 | Health 30
2025-01-04 22:47:09,395 - Tavern: [8S, TH, 2H, 2C, 3S, 6H, TC, 6C, 5S, 3C, 6S, 4H, 9S, QD, 4S, 4C, TS, 7S, 2S, AD, JS, 3D, 5H, JH, JC, 4D, 5D]
2025-01-04 22:47:09,395 - Castle: [KC, KS, KH, KD]
2025-01-04 22:47:09,395 - Discard: [5C, AC, 7C, QC, 8D, 9H, AH, 7D, 6D, QS]
2025-01-04 22:47:09,395 - Active Player: 1
2025-01-04 22:47:09,395 - STATE LOG: END
2025-01-04 22:47:10,498 - STATE LOG: BEGIN
2025-01-04 22:47:10,498 - Noah's Hand: [2D, 7H, 8H, 9C, 5D, 5H]
2025-01-04 22:47:10,498 - Eve's Hand: [8C, JD, TD, 3H, 4D, JH, 3D]
2025-01-04 22:47:10,498 - Boss: Rank: 12 | Suit H | Attack 5 | Health 20
2025-01-04 22:47:10,498 - Tavern: [8S, TH, 2H, 2C, 3S, 6H, TC, 6C, 5S, 3C, 6S, 4H, 9S, QD, 4S, 4C, TS, 7S, 2S, AD, JS]
2025-01-04 22:47:10,498 - Castle: [KC, KS, KH, KD]
2025-01-04 22:47:10,498 - Discard: [5C, AC, 7C, QC, 8D, 9H, AH, 7D, 6D, QS, JC]
2025-01-04 22:47:10,498 - Active Player: 2
2025-01-04 22:47:10,498 - STATE LOG: END
2025-01-04 22:47:11,640 - STATE LOG: BEGIN
2025-01-04 22:47:11,640 - Noah's Hand: [2D, 7H, 8H, 9C, 5D, 5H, AD]
2025-01-04 22:47:11,640 - Eve's Hand: [3D, 3H, TD, JD, JH, JS]
2025-01-04 22:47:11,640 - Boss: Rank: 12 | Suit H | Attack 5 | Health 16
2025-01-04 22:47:11,640 - Tavern: [8S, TH, 2H, 2C, 3S, 6H, TC, 6C, 5S, 3C, 6S, 4H, 9S, QD, 4S, 4C, TS, 7S, 2S]
2025-01-04 22:47:11,640 - Castle: [KC, KS, KH, KD]
2025-01-04 22:47:11,640 - Discard: [5C, AC, 7C, QC, 8D, 9H, AH, 7D, 6D, QS, JC, 8C]
2025-01-04 22:47:11,640 - Active Player: 1
2025-01-04 22:47:11,640 - STATE LOG: END
2025-01-04 22:47:12,705 - STATE LOG: BEGIN
2025-01-04 22:47:12,706 - Noah's Hand: [2D, 5D, 5H, 7H, 9C, 2S]
2025-01-04 22:47:12,706 - Eve's Hand: [3D, 3H, TD, JD, JH, JS]
2025-01-04 22:47:12,706 - Boss: Rank: 12 | Suit H | Attack 5 | Health 15
2025-01-04 22:47:12,706 - Tavern: [8S, TH, 2H, 2C, 3S, 6H, TC, 6C, 5S, 3C, 6S, 4H, 9S, QD, 4S, 4C, TS, 7S]
2025-01-04 22:47:12,706 - Castle: [KC, KS, KH, KD]
2025-01-04 22:47:12,706 - Discard: [5C, AC, 7C, QC, 8D, 9H, AH, 7D, 6D, QS, JC, 8C, 8H]
2025-01-04 22:47:12,706 - Active Player: 2
2025-01-04 22:47:12,706 - STATE LOG: END
2025-01-04 22:47:13,768 - STATE LOG: BEGIN
2025-01-04 22:47:13,768 - Noah's Hand: [2D, 5D, 5H, 7H, 9C, 2S]
2025-01-04 22:47:13,768 - Eve's Hand: [3D, 3H, TD, JD, JH]
2025-01-04 22:47:13,768 - Boss: Rank: 12 | Suit H | Attack 5 | Health 15
2025-01-04 22:47:13,768 - Tavern: [8S, TH, 2H, 2C, 3S, 6H, TC, 6C, 5S, 3C, 6S, 4H, 9S, QD, 4S, 4C, TS, 7S]
2025-01-04 22:47:13,768 - Castle: [KC, KS, KH, KD]
2025-01-04 22:47:13,768 - Discard: [5C, AC, 7C, QC, 8D, 9H, AH, 7D, 6D, QS, JC, 8C, 8H, JS]
2025-01-04 22:47:13,768 - Active Player: 1
2025-01-04 22:47:13,768 - STATE LOG: END
2025-01-04 22:47:14,538 - STATE LOG: BEGIN
2025-01-04 22:47:14,538 - Noah's Hand: [5D, 7H, 9C, 7S]
2025-01-04 22:47:14,538 - Eve's Hand: [3D, 3H, TD, JD, JH, TS]
2025-01-04 22:47:14,538 - Boss: Rank: 12 | Suit H | Attack 5 | Health 13
2025-01-04 22:47:14,538 - Tavern: [8S, TH, 2H, 2C, 3S, 6H, TC, 6C, 5S, 3C, 6S, 4H, 9S, QD, 4S, 4C]
2025-01-04 22:47:14,538 - Castle: [KC, KS, KH, KD]
2025-01-04 22:47:14,538 - Discard: [5C, AC, 7C, QC, 8D, 9H, AH, 7D, 6D, QS, JC, 8C, 8H, JS, 2S, 5H]
2025-01-04 22:47:14,538 - Active Player: 2
2025-01-04 22:47:14,538 - STATE LOG: END
2025-01-04 22:47:15,401 - STATE LOG: BEGIN
2025-01-04 22:47:15,401 - Noah's Hand: [5D, 7H, 9C, 7S, 4S]
2025-01-04 22:47:15,401 - Eve's Hand: [TD, JD, JH, 4C, QD]
2025-01-04 22:47:15,401 - Boss: Rank: 12 | Suit H | Attack 5 | Health 10
2025-01-04 22:47:15,401 - Tavern: [8S, TH, 2H, 2C, 3S, 6H, TC, 6C, 5S, 3C, 6S, 4H, 9S]
2025-01-04 22:47:15,401 - Castle: [KC, KS, KH, KD]
2025-01-04 22:47:15,402 - Discard: [5C, AC, 7C, QC, 8D, 9H, AH, 7D, 6D, QS, JC, 8C, 8H, JS, 2S, 5H, 3H, TS]
2025-01-04 22:47:15,402 - Active Player: 1
2025-01-04 22:47:15,402 - STATE LOG: END
2025-01-04 22:47:16,025 - STATE LOG: BEGIN
2025-01-04 22:47:16,026 - Noah's Hand: [5D, 9C]
2025-01-04 22:47:16,026 - Eve's Hand: [TD, JD, JH, 4C, QD]
2025-01-04 22:47:16,026 - Boss: Rank: 12 | Suit H | Attack 5 | Health 3
2025-01-04 22:47:16,026 - Tavern: [8S, TH, 2H, 2C, 3S, 6H, TC, 6C, 5S, 3C, 6S, 4H, 9S]
2025-01-04 22:47:16,026 - Castle: [KC, KS, KH, KD]
2025-01-04 22:47:16,026 - Discard: [5C, AC, 7C, QC, 8D, 9H, AH, 7D, 6D, QS, JC, 8C, 8H, JS, 2S, 5H, 3H, TS, 4S, 7S]
2025-01-04 22:47:16,026 - Active Player: 2
2025-01-04 22:47:16,026 - STATE LOG: END
2025-01-04 22:47:16,327 - STATE LOG: BEGIN
2025-01-04 22:47:16,327 - Noah's Hand: [5D, 9C, 4H, 3C, 6C, TC, 6H]
2025-01-04 22:47:16,327 - Eve's Hand: [4C, TD, JH, QD, 9S, 6S, 5S]
2025-01-04 22:47:16,327 - Boss: Rank: 13 | Suit D | Attack 20 | Health 40
2025-01-04 22:47:16,327 - Tavern: [8S, TH, 2H, 2C, 3S]
2025-01-04 22:47:16,327 - Castle: [KC, KS, KH]
2025-01-04 22:47:16,327 - Discard: [5C, AC, 7C, QC, 8D, 9H, AH, 7D, 6D, QS, JC, 8C, 8H, JS, 2S, 5H, 3H, TS, 4S, 7S, AS, 9D, AD, 2D, 7H, 4D, 3D, JD, QH]
2025-01-04 22:47:16,327 - Active Player: 2
2025-01-04 22:47:16,327 - STATE LOG: END
2025-01-04 22:47:17,002 - STATE LOG: BEGIN
2025-01-04 22:47:17,002 - Noah's Hand: [5D, 9C, 4H, 3C, 6C, TC, 6H]
2025-01-04 22:47:17,002 - Eve's Hand: [TD, JH, QD]
2025-01-04 22:47:17,002 - Boss: Rank: 13 | Suit D | Attack 11 | Health 31
2025-01-04 22:47:17,002 - Tavern: [8S, TH, 2H, 2C, 3S]
2025-01-04 22:47:17,002 - Castle: [KC, KS, KH]
2025-01-04 22:47:17,002 - Discard: [5C, AC, 7C, QC, 8D, 9H, AH, 7D, 6D, QS, JC, 8C, 8H, JS, 2S, 5H, 3H, TS, 4S, 7S, AS, 9D, AD, 2D, 7H, 4D, 3D, JD, QH, 5S, 4C, 6S]
2025-01-04 22:47:17,002 - Active Player: 1
2025-01-04 22:47:17,002 - STATE LOG: END
2025-01-04 22:47:17,431 - STATE LOG: BEGIN
2025-01-04 22:47:17,431 - Noah's Hand: [3C, 5D, 6H]
2025-01-04 22:47:17,431 - Eve's Hand: [TD, JH, QD]
2025-01-04 22:47:17,431 - Boss: Rank: 13 | Suit D | Attack 11 | Health 11
2025-01-04 22:47:17,431 - Tavern: [8S, TH, 2H, 2C, 3S]
2025-01-04 22:47:17,431 - Castle: [KC, KS, KH]
2025-01-04 22:47:17,431 - Discard: [5C, AC, 7C, QC, 8D, 9H, AH, 7D, 6D, QS, JC, 8C, 8H, JS, 2S, 5H, 3H, TS, 4S, 7S, AS, 9D, AD, 2D, 7H, 4D, 3D, JD, QH, 5S, 4C, 6S, 4H, 6C, 9C]
2025-01-04 22:47:17,431 - Active Player: 2
2025-01-04 22:47:17,431 - STATE LOG: END
2025-01-04 22:47:17,519 - STATE LOG: BEGIN
2025-01-04 22:47:17,519 - Noah's Hand: [3C, 5D, 6H]
2025-01-04 22:47:17,519 - Eve's Hand: [TD, QD]
2025-01-04 22:47:17,519 - Boss: Rank: 13 | Suit H | Attack 20 | Health 40
2025-01-04 22:47:17,519 - Tavern: [5S, AS, 6C, 8H, AC, 3D, 2D, 2S, 9C, AH, 8C, 8S, TH, 2H, 2C, 3S]
2025-01-04 22:47:17,519 - Castle: [KC, KS]
2025-01-04 22:47:17,519 - Discard: [JC, 6D, JD, 4C, 7H, 5H, TS, 4H, 4D, JS, 6S, 7C, 3H, 9D, 7S, QS, QH, 5C, QC, 4S, 9H, 8D, AD, 7D, TC, 9S, JH]
2025-01-04 22:47:17,519 - Active Player: 2
2025-01-04 22:47:17,519 - STATE LOG: END
2025-01-04 22:47:17,760 - STATE LOG: BEGIN
2025-01-04 22:47:17,760 - Noah's Hand: [3C, 5D, 6H, 3S, 2H, 8S, AH]
2025-01-04 22:47:17,760 - Eve's Hand: [TD, KD, 2C, 9C]
2025-01-04 22:47:17,760 - Boss: Rank: 13 | Suit H | Attack 20 | Health 28
2025-01-04 22:47:17,760 - Tavern: [5S, AS, 6C, 8H, AC, 3D, 2D]
2025-01-04 22:47:17,760 - Castle: [KC, KS]
2025-01-04 22:47:17,760 - Discard: [JC, 6D, JD, 4C, 7H, 5H, TS, 4H, 4D, JS, 6S, 7C, 3H, 9D, 7S, QS, QH, 5C, QC, 4S, 9H, 8D, AD, 7D, TC, 9S, JH, TH, 2S, 8C]
2025-01-04 22:47:17,760 - Active Player: 1
2025-01-04 22:47:17,760 - STATE LOG: END
2025-01-04 22:47:18,263 - STATE LOG: BEGIN
2025-01-04 22:47:18,263 - Noah's Hand: [3C, 5D]
2025-01-04 22:47:18,263 - Eve's Hand: [TD, KD, 2C, 9C]
2025-01-04 22:47:18,263 - Boss: Rank: 13 | Suit H | Attack 11 | Health 19
2025-01-04 22:47:18,263 - Tavern: [5S, AS, 6C, 8H, AC, 3D, 2D]
2025-01-04 22:47:18,263 - Castle: [KC, KS]
2025-01-04 22:47:18,263 - Discard: [JC, 6D, JD, 4C, 7H, 5H, TS, 4H, 4D, JS, 6S, 7C, 3H, 9D, 7S, QS, QH, 5C, QC, 4S, 9H, 8D, AD, 7D, TC, 9S, JH, TH, 2S, 8C, 2H, 3S, 6H]
2025-01-04 22:47:18,263 - Active Player: 2
2025-01-04 22:47:18,263 - STATE LOG: END
2025-01-04 22:47:18,457 - STATE LOG: BEGIN
2025-01-04 22:47:18,457 - Noah's Hand: [3C, 5D]
2025-01-04 22:47:18,457 - Eve's Hand: [TD]
2025-01-04 22:47:18,457 - Boss: Rank: 13 | Suit H | Attack 11 | Health 15
2025-01-04 22:47:18,457 - Tavern: [5S, AS, 6C, 8H, AC, 3D, 2D]
2025-01-04 22:47:18,457 - Castle: [KC, KS]
2025-01-04 22:47:18,457 - Discard: [JC, 6D, JD, 4C, 7H, 5H, TS, 4H, 4D, JS, 6S, 7C, 3H, 9D, 7S, QS, QH, 5C, QC, 4S, 9H, 8D, AD, 7D, TC, 9S, JH, TH, 2S, 8C, 2H, 3S, 6H, 9C, KD]
2025-01-04 22:47:18,457 - Active Player: 1
2025-01-04 22:47:18,457 - STATE LOG: END
2025-01-04 22:47:18,462 - STATE LOG: BEGIN
2025-01-04 22:47:18,462 - Noah's Hand: []
2025-01-04 22:47:18,462 - Eve's Hand: [TD, 3D, 8H]
2025-01-04 22:47:18,463 - Boss: Rank: 13 | Suit H | Attack 11 | Health 10
2025-01-04 22:47:18,463 - Tavern: [5S, AS]
2025-01-04 22:47:18,463 - Castle: [KC, KS]
2025-01-04 22:47:18,463 - Discard: [JC, 6D, JD, 4C, 7H, 5H, TS, 4H, 4D, JS, 6S, 7C, 3H, 9D, 7S, QS, QH, 5C, QC, 4S, 9H, 8D, AD, 7D, TC, 9S, JH, TH, 2S, 8C, 2H, 3S, 6H, 9C, KD, AC, 3C, 6C, 2D]
2025-01-04 22:47:18,463 - Active Player: 2
2025-01-04 22:47:18,463 - STATE LOG: END
