2025-01-04 15:58:16,186 - I log states! :D
2025-01-04 15:58:16,186 - STATE LOG: BEGIN
2025-01-04 15:58:16,186 - Noah's Hand: [TC, 7C, 2S, TH, 9S, AD, 8C]
2025-01-04 15:58:16,186 - Eve's Hand: [9H, 3D, 6D, 4H, 7H, 9C, 5C]
2025-01-04 15:58:16,186 - Boss: Rank: 11 | Suit S | Attack 10 | Health 20
2025-01-04 15:58:16,186 - Tavern: [4C, 5S, AC, 2H, 5D, 7S, 4D, AH, AS, TS, 3S, 6H, 6S, 2D, 3C, 5H, 7D, 6C, 8H, 2C, TD, 8D, 9D, 4S, 8S, 3H]
2025-01-04 15:58:16,186 - Castle: [KD, KC, KS, KH, QC, QS, QD, QH, JH, JD, JC]
2025-01-04 15:58:16,186 - Discard: []
2025-01-04 15:58:16,186 - Active Player: 1
2025-01-04 15:58:16,186 - STATE LOG: END
2025-01-04 15:58:16,273 - STATE LOG: BEGIN
2025-01-04 15:58:16,273 - Noah's Hand: [2S, 7C, 8C, 9S, TC]
2025-01-04 15:58:16,273 - Eve's Hand: [9H, 3D, 6D, 4H, 7H, 9C, 5C]
2025-01-04 15:58:16,273 - Boss: Rank: 11 | Suit S | Attack 10 | Health 9
2025-01-04 15:58:16,273 - Tavern: [4C, 5S, AC, 2H, 5D, 7S, 4D, AH, AS, TS, 3S, 6H, 6S, 2D, 3C, 5H, 7D, 6C, 8H, 2C, TD, 8D, 9D, 4S]
2025-01-04 15:58:16,273 - Castle: [KD, KC, KS, KH, QC, QS, QD, QH, JH, JD, JC]
2025-01-04 15:58:16,273 - Discard: [8S, 3H]
2025-01-04 15:58:16,273 - Active Player: 2
2025-01-04 15:58:16,273 - STATE LOG: END
2025-01-04 15:58:16,324 - STATE LOG: BEGIN
2025-01-04 15:58:16,324 - Noah's Hand: [2S, 7C, 8C, 9S, TC, 9D, 8D]
2025-01-04 15:58:16,324 - Eve's Hand: [4H, 5C, 6D, 7H, 9C]
2025-01-04 15:58:16,324 - Boss: Rank: 11 | Suit S | Attack 10 | Health 6
2025-01-04 15:58:16,324 - Tavern: [4C, 5S, AC, 2H, 5D, 7S, 4D, AH, AS, TS, 3S, 6H, 6S, 2D, 3C, 5H, 7D, 6C, 8H, 2C, TD]
2025-01-04 15:58:16,324 - Castle: [KD, KC, KS, KH, QC, QS, QD, QH, JH, JD, JC]
2025-01-04 15:58:16,324 - Discard: [8S, 3H, 4S, 9H]
2025-01-04 15:58:16,324 - Active Player: 1
2025-01-04 15:58:16,324 - STATE LOG: END
2025-01-04 15:58:16,377 - STATE LOG: BEGIN
2025-01-04 15:58:16,377 - Noah's Hand: [2S, 8C, 8D, 9D, 9S, TC]
2025-01-04 15:58:16,377 - Eve's Hand: [4H, 5C, 6D, 7H, 9C]
2025-01-04 15:58:16,377 - Boss: Rank: 11 | Suit C | Attack 10 | Health 20
2025-01-04 15:58:16,377 - Tavern: [4C, 5S, AC, 2H, 5D, 7S, 4D, AH, AS, TS, 3S, 6H, 6S, 2D, 3C, 5H, 7D, 6C, 8H, 2C, TD]
2025-01-04 15:58:16,377 - Castle: [KD, KC, KS, KH, QC, QS, QD, QH, JH, JD]
2025-01-04 15:58:16,377 - Discard: [8S, 3H, 4S, 9H, AD, TH, 7C, 3D, JS]
2025-01-04 15:58:16,377 - Active Player: 1
2025-01-04 15:58:16,377 - STATE LOG: END
2025-01-04 15:58:16,457 - STATE LOG: BEGIN
2025-01-04 15:58:16,457 - Noah's Hand: [2S, 8C, 9D, 9S, TC]
2025-01-04 15:58:16,457 - Eve's Hand: [4H, 5C, 6D, 7H, 9C, 2C, 6C]
2025-01-04 15:58:16,457 - Boss: Rank: 11 | Suit C | Attack 10 | Health 12
2025-01-04 15:58:16,457 - Tavern: [4C, 5S, AC, 2H, 5D, 7S, 4D, AH, AS, TS, 3S, 6H, 6S, 2D, 3C, 5H, 7D]
2025-01-04 15:58:16,457 - Castle: [KD, KC, KS, KH, QC, QS, QD, QH, JH, JD]
2025-01-04 15:58:16,457 - Discard: [8S, 3H, 4S, 9H, AD, TH, 7C, 3D, JS, 8H, TD]
2025-01-04 15:58:16,457 - Active Player: 2
2025-01-04 15:58:16,457 - STATE LOG: END
2025-01-04 15:58:16,514 - STATE LOG: BEGIN
2025-01-04 15:58:16,514 - Noah's Hand: [2S, 8C, 9D, 9S, TC]
2025-01-04 15:58:16,514 - Eve's Hand: [2C, 4H, 5C, 6C]
2025-01-04 15:58:16,514 - Boss: Rank: 11 | Suit C | Attack 10 | Health 5
2025-01-04 15:58:16,514 - Tavern: [TH, 9H, 8H, 3H, 3D, 8S, TD, 4C, 5S, AC, 2H, 5D, 7S, 4D, AH, AS, TS, 3S, 6H, 6S, 2D, 3C, 5H, 7D]
2025-01-04 15:58:16,514 - Castle: [KD, KC, KS, KH, QC, QS, QD, QH, JH, JD]
2025-01-04 15:58:16,514 - Discard: [JS, 7C, 4S, AD, 9C, 6D]
2025-01-04 15:58:16,514 - Active Player: 1
2025-01-04 15:58:16,514 - STATE LOG: END
2025-01-04 15:58:16,560 - STATE LOG: BEGIN
2025-01-04 15:58:16,560 - Noah's Hand: [2S, 8C, 9S, TC, 7D, 3C, 6S]
2025-01-04 15:58:16,560 - Eve's Hand: [2C, 4H, 5C, 6C, 5H, 2D, 6H]
2025-01-04 15:58:16,560 - Boss: Rank: 11 | Suit D | Attack 10 | Health 20
2025-01-04 15:58:16,560 - Tavern: [TH, 9H, 8H, 3H, 3D, 8S, TD, 4C, 5S, AC, 2H, 5D, 7S, 4D, AH, AS, TS, 3S]
2025-01-04 15:58:16,560 - Castle: [KD, KC, KS, KH, QC, QS, QD, QH, JH]
2025-01-04 15:58:16,560 - Discard: [JS, 7C, 4S, AD, 9C, 6D, 8D, 9D, 7H, JC]
2025-01-04 15:58:16,560 - Active Player: 1
2025-01-04 15:58:16,560 - STATE LOG: END
2025-01-04 15:58:16,621 - STATE LOG: BEGIN
2025-01-04 15:58:16,621 - Noah's Hand: [2S, 3C, 6S, 7D, 8C]
2025-01-04 15:58:16,621 - Eve's Hand: [2C, 4H, 5C, 6C, 5H, 2D, 6H]
2025-01-04 15:58:16,621 - Boss: Rank: 11 | Suit D | Attack 1 | Health 11
2025-01-04 15:58:16,621 - Tavern: [TH, 9H, 8H, 3H, 3D, 8S, TD, 4C, 5S, AC, 2H, 5D, 7S, 4D, AH, AS, TS, 3S]
2025-01-04 15:58:16,621 - Castle: [KD, KC, KS, KH, QC, QS, QD, QH, JH]
2025-01-04 15:58:16,621 - Discard: [JS, 7C, 4S, AD, 9C, 6D, 8D, 9D, 7H, JC, TC]
2025-01-04 15:58:16,621 - Active Player: 2
2025-01-04 15:58:16,621 - STATE LOG: END
2025-01-04 15:58:16,682 - STATE LOG: BEGIN
2025-01-04 15:58:16,682 - Noah's Hand: [2S, 3C, 6S, 7D, 8C]
2025-01-04 15:58:16,682 - Eve's Hand: [2C, 2D, 4H, 5C, 5H, 6C]
2025-01-04 15:58:16,682 - Boss: Rank: 11 | Suit D | Attack 1 | Health 11
2025-01-04 15:58:16,682 - Tavern: [TH, 9H, 8H, 3H, 3D, 8S, TD, 4C, 5S, AC, 2H, 5D, 7S, 4D, AH, AS, TS, 3S]
2025-01-04 15:58:16,682 - Castle: [KD, KC, KS, KH, QC, QS, QD, QH, JH]
2025-01-04 15:58:16,682 - Discard: [JS, 7C, 4S, AD, 9C, 6D, 8D, 9D, 7H, JC, TC, 6H]
2025-01-04 15:58:16,682 - Active Player: 1
2025-01-04 15:58:16,682 - STATE LOG: END
2025-01-04 15:58:16,739 - STATE LOG: BEGIN
2025-01-04 15:58:16,739 - Noah's Hand: [3C, 6S, 7D, 8C]
2025-01-04 15:58:16,739 - Eve's Hand: [2C, 2D, 4H, 5C, 5H, 6C]
2025-01-04 15:58:16,739 - Boss: Rank: 11 | Suit D | Attack 0 | Health 9
2025-01-04 15:58:16,739 - Tavern: [TH, 9H, 8H, 3H, 3D, 8S, TD, 4C, 5S, AC, 2H, 5D, 7S, 4D, AH, AS, TS, 3S]
2025-01-04 15:58:16,739 - Castle: [KD, KC, KS, KH, QC, QS, QD, QH, JH]
2025-01-04 15:58:16,739 - Discard: [JS, 7C, 4S, AD, 9C, 6D, 8D, 9D, 7H, JC, TC, 6H]
2025-01-04 15:58:16,739 - Active Player: 2
2025-01-04 15:58:16,739 - STATE LOG: END
2025-01-04 15:58:16,817 - STATE LOG: BEGIN
2025-01-04 15:58:16,817 - Noah's Hand: [3C, 6S, 7D, 8C]
2025-01-04 15:58:16,817 - Eve's Hand: [2C, 2D, 4H, 5C, 5H, 6C]
2025-01-04 15:58:16,817 - Boss: Rank: 11 | Suit D | Attack 0 | Health 9
2025-01-04 15:58:16,817 - Tavern: [TH, 9H, 8H, 3H, 3D, 8S, TD, 4C, 5S, AC, 2H, 5D, 7S, 4D, AH, AS, TS, 3S]
2025-01-04 15:58:16,817 - Castle: [KD, KC, KS, KH, QC, QS, QD, QH, JH]
2025-01-04 15:58:16,818 - Discard: [JS, 7C, 4S, AD, 9C, 6D, 8D, 9D, 7H, JC, TC, 6H]
2025-01-04 15:58:16,818 - Active Player: 1
2025-01-04 15:58:16,818 - STATE LOG: END
2025-01-04 15:58:16,867 - STATE LOG: BEGIN
2025-01-04 15:58:16,867 - Noah's Hand: [6S, 7D, 8C]
2025-01-04 15:58:16,867 - Eve's Hand: [2C, 2D, 4H, 5C, 5H, 6C]
2025-01-04 15:58:16,867 - Boss: Rank: 11 | Suit D | Attack 0 | Health 3
2025-01-04 15:58:16,867 - Tavern: [TH, 9H, 8H, 3H, 3D, 8S, TD, 4C, 5S, AC, 2H, 5D, 7S, 4D, AH, AS, TS, 3S]
2025-01-04 15:58:16,867 - Castle: [KD, KC, KS, KH, QC, QS, QD, QH, JH]
2025-01-04 15:58:16,867 - Discard: [JS, 7C, 4S, AD, 9C, 6D, 8D, 9D, 7H, JC, TC, 6H]
2025-01-04 15:58:16,867 - Active Player: 2
2025-01-04 15:58:16,868 - STATE LOG: END
2025-01-04 15:58:16,921 - STATE LOG: BEGIN
2025-01-04 15:58:16,921 - Noah's Hand: [6S, 7D, 8C]
2025-01-04 15:58:16,921 - Eve's Hand: [2C, 4H, 5C, 5H, 6C]
2025-01-04 15:58:16,921 - Boss: Rank: 11 | Suit D | Attack 0 | Health 1
2025-01-04 15:58:16,921 - Tavern: [TH, 9H, 8H, 3H, 3D, 8S, TD, 4C, 5S, AC, 2H, 5D, 7S, 4D, AH, AS, TS, 3S]
2025-01-04 15:58:16,921 - Castle: [KD, KC, KS, KH, QC, QS, QD, QH, JH]
2025-01-04 15:58:16,921 - Discard: [JS, 7C, 4S, AD, 9C, 6D, 8D, 9D, 7H, JC, TC, 6H]
2025-01-04 15:58:16,921 - Active Player: 1
2025-01-04 15:58:16,921 - STATE LOG: END
2025-01-04 15:58:16,941 - STATE LOG: BEGIN
2025-01-04 15:58:16,941 - Noah's Hand: [6S, 7D]
2025-01-04 15:58:16,941 - Eve's Hand: [2C, 4H, 5C, 5H, 6C]
2025-01-04 15:58:16,941 - Boss: Rank: 11 | Suit H | Attack 10 | Health 20
2025-01-04 15:58:16,941 - Tavern: [TH, 9H, 8H, 3H, 3D, 8S, TD, 4C, 5S, AC, 2H, 5D, 7S, 4D, AH, AS, TS, 3S]
2025-01-04 15:58:16,941 - Castle: [KD, KC, KS, KH, QC, QS, QD, QH]
2025-01-04 15:58:16,941 - Discard: [JS, 7C, 4S, AD, 9C, 6D, 8D, 9D, 7H, JC, TC, 6H, 9S, 2S, 3C, 8C, 2D, JD]
2025-01-04 15:58:16,941 - Active Player: 1
2025-01-04 15:58:16,941 - STATE LOG: END
2025-01-04 15:58:16,944 - STATE LOG: BEGIN
2025-01-04 15:58:16,944 - Noah's Hand: [6S, 3S, AS, 4D]
2025-01-04 15:58:16,944 - Eve's Hand: [2C, 4H, 5C, 5H, 6C, TS, AH]
2025-01-04 15:58:16,944 - Boss: Rank: 11 | Suit H | Attack 10 | Health 13
2025-01-04 15:58:16,945 - Tavern: [TH, 9H, 8H, 3H, 3D, 8S, TD, 4C, 5S, AC, 2H]
2025-01-04 15:58:16,945 - Castle: [KD, KC, KS, KH, QC, QS, QD, QH]
2025-01-04 15:58:16,945 - Discard: [JS, 7C, 4S, AD, 9C, 6D, 8D, 9D, 7H, JC, TC, 6H, 9S, 2S, 3C, 8C, 2D, JD, 5D, 7S]
2025-01-04 15:58:16,945 - Active Player: 2
2025-01-04 15:58:16,945 - STATE LOG: END
2025-01-04 15:58:17,005 - STATE LOG: BEGIN
2025-01-04 15:58:17,005 - Noah's Hand: [6S, 3S, AS, 4D]
2025-01-04 15:58:17,005 - Eve's Hand: [2C, 5C, 5H, 6C]
2025-01-04 15:58:17,005 - Boss: Rank: 11 | Suit H | Attack 10 | Health 8
2025-01-04 15:58:17,005 - Tavern: [TH, 9H, 8H, 3H, 3D, 8S, TD, 4C, 5S, AC, 2H]
2025-01-04 15:58:17,005 - Castle: [KD, KC, KS, KH, QC, QS, QD, QH]
2025-01-04 15:58:17,005 - Discard: [JS, 7C, 4S, AD, 9C, 6D, 8D, 9D, 7H, JC, TC, 6H, 9S, 2S, 3C, 8C, 2D, JD, 5D, 7S, TS]
2025-01-04 15:58:17,005 - Active Player: 1
2025-01-04 15:58:17,005 - STATE LOG: END
2025-01-04 15:58:17,076 - STATE LOG: BEGIN
2025-01-04 15:58:17,076 - Noah's Hand: [4D]
2025-01-04 15:58:17,076 - Eve's Hand: [2C, 5C, 5H, 6C]
2025-01-04 15:58:17,076 - Boss: Rank: 11 | Suit H | Attack 6 | Health 4
2025-01-04 15:58:17,076 - Tavern: [TH, 9H, 8H, 3H, 3D, 8S, TD, 4C, 5S, AC, 2H]
2025-01-04 15:58:17,076 - Castle: [KD, KC, KS, KH, QC, QS, QD, QH]
2025-01-04 15:58:17,076 - Discard: [JS, 7C, 4S, AD, 9C, 6D, 8D, 9D, 7H, JC, TC, 6H, 9S, 2S, 3C, 8C, 2D, JD, 5D, 7S, TS, 6S]
2025-01-04 15:58:17,076 - Active Player: 2
2025-01-04 15:58:17,076 - STATE LOG: END
2025-01-04 15:58:17,103 - STATE LOG: BEGIN
2025-01-04 15:58:17,103 - Noah's Hand: [4D]
2025-01-04 15:58:17,103 - Eve's Hand: [2C, 5C, 5H]
2025-01-04 15:58:17,103 - Boss: Rank: 11 | Suit H | Attack 6 | Health 4
2025-01-04 15:58:17,103 - Tavern: [TH, 9H, 8H, 3H, 3D, 8S, TD, 4C, 5S, AC, 2H]
2025-01-04 15:58:17,103 - Castle: [KD, KC, KS, KH, QC, QS, QD, QH]
2025-01-04 15:58:17,103 - Discard: [JS, 7C, 4S, AD, 9C, 6D, 8D, 9D, 7H, JC, TC, 6H, 9S, 2S, 3C, 8C, 2D, JD, 5D, 7S, TS, 6S, 6C]
2025-01-04 15:58:17,103 - Active Player: 1
2025-01-04 15:58:17,103 - STATE LOG: END
2025-01-04 15:58:17,107 - STATE LOG: BEGIN
2025-01-04 15:58:17,107 - Noah's Hand: [2H, 5S]
2025-01-04 15:58:17,107 - Eve's Hand: [2C, 5C, 5H, AC, 4C]
2025-01-04 15:58:17,107 - Boss: Rank: 12 | Suit H | Attack 15 | Health 30
2025-01-04 15:58:17,107 - Tavern: [TH, 9H, 8H, 3H, 3D, 8S, TD]
2025-01-04 15:58:17,107 - Castle: [KD, KC, KS, KH, QC, QS, QD]
2025-01-04 15:58:17,107 - Discard: [JS, 7C, 4S, AD, 9C, 6D, 8D, 9D, 7H, JC, TC, 6H, 9S, 2S, 3C, 8C, 2D, JD, 5D, 7S, TS, 6S, 6C, 7D, AS, 3S, 4D, AH, 4H]
2025-01-04 15:58:17,107 - Active Player: 1
2025-01-04 15:58:17,107 - STATE LOG: END
2025-01-04 15:58:17,110 - STATE LOG: BEGIN
2025-01-04 15:58:17,110 - Noah's Hand: [5S]
2025-01-04 15:58:17,110 - Eve's Hand: [2C, 5C, 5H, AC, 4C]
2025-01-04 15:58:17,110 - Boss: Rank: 12 | Suit H | Attack 15 | Health 28
2025-01-04 15:58:17,110 - Tavern: [TH, 9H, 8H, 3H, 3D, 8S, TD]
2025-01-04 15:58:17,110 - Castle: [KD, KC, KS, KH, QC, QS, QD]
2025-01-04 15:58:17,110 - Discard: [JS, 7C, 4S, AD, 9C, 6D, 8D, 9D, 7H, JC, TC, 6H, 9S, 2S, 3C, 8C, 2D, JD, 5D, 7S, TS, 6S, 6C, 7D, AS, 3S, 4D, AH, 4H]
2025-01-04 15:58:17,110 - Active Player: 2
2025-01-04 15:58:17,110 - STATE LOG: END
