2025-01-04 22:57:20,343 - I log states! :D
2025-01-04 22:57:20,343 - STATE LOG: BEGIN
2025-01-04 22:57:20,343 - Noah's Hand: [5C, 6S, 8H, 2S, TC, AH, 2D]
2025-01-04 22:57:20,343 - Eve's Hand: [3S, 6H, 9S, TH, 8S, 3D, 9H]
2025-01-04 22:57:20,343 - Boss: Rank: 11 | Suit S | Attack 10 | Health 20
2025-01-04 22:57:20,343 - Tavern: [4S, 4H, 6D, 7D, 9D, 6C, 7S, 5H, AS, 2C, TS, AD, 8D, 7C, AC, 3H, 9C, 2H, 7H, TD, 8C, 5D, 4D, 4C, 3C, 5S]
2025-01-04 22:57:20,343 - Castle: [KD, KS, KC, KH, QS, QH, QD, QC, JD, JH, JC]
2025-01-04 22:57:20,343 - Discard: []
2025-01-04 22:57:20,343 - Active Player: 1
2025-01-04 22:57:20,343 - STATE LOG: END
2025-01-04 22:57:20,897 - STATE LOG: BEGIN
2025-01-04 22:57:20,897 - Noah's Hand: [AH, 2D, 2S, 5C, 6S, 8H]
2025-01-04 22:57:20,897 - Eve's Hand: [3S, 6H, 9S, TH, 8S, 3D, 9H]
2025-01-04 22:57:20,897 - Boss: Rank: 11 | Suit C | Attack 10 | Health 20
2025-01-04 22:57:20,897 - Tavern: [4S, 4H, 6D, 7D, 9D, 6C, 7S, 5H, AS, 2C, TS, AD, 8D, 7C, AC, 3H, 9C, 2H, 7H, TD, 8C, 5D, 4D, 4C, 3C, 5S]
2025-01-04 22:57:20,897 - Castle: [KD, KS, KC, KH, QS, QH, QD, QC, JD, JH]
2025-01-04 22:57:20,897 - Discard: [TC]
2025-01-04 22:57:20,897 - Active Player: 1
2025-01-04 22:57:20,897 - STATE LOG: END
2025-01-04 22:57:21,391 - STATE LOG: BEGIN
2025-01-04 22:57:21,391 - Noah's Hand: [AH, 5C, 6S, 8H, 5S, 3C]
2025-01-04 22:57:21,391 - Eve's Hand: [3S, 6H, 9S, TH, 8S, 3D, 9H]
2025-01-04 22:57:21,391 - Boss: Rank: 11 | Suit C | Attack 6 | Health 16
2025-01-04 22:57:21,392 - Tavern: [4S, 4H, 6D, 7D, 9D, 6C, 7S, 5H, AS, 2C, TS, AD, 8D, 7C, AC, 3H, 9C, 2H, 7H, TD, 8C, 5D, 4D, 4C]
2025-01-04 22:57:21,392 - Castle: [KD, KS, KC, KH, QS, QH, QD, QC, JD, JH]
2025-01-04 22:57:21,392 - Discard: [TC, JS]
2025-01-04 22:57:21,392 - Active Player: 2
2025-01-04 22:57:21,392 - STATE LOG: END
2025-01-04 22:57:21,935 - STATE LOG: BEGIN
2025-01-04 22:57:21,935 - Noah's Hand: [AH, 5C, 6S, 8H, 5S, 3C, 4D]
2025-01-04 22:57:21,935 - Eve's Hand: [6H, 8S, 9H, 9S, TH, 4C, 5D]
2025-01-04 22:57:21,935 - Boss: Rank: 11 | Suit C | Attack 0 | Health 10
2025-01-04 22:57:21,935 - Tavern: [4S, 4H, 6D, 7D, 9D, 6C, 7S, 5H, AS, 2C, TS, AD, 8D, 7C, AC, 3H, 9C, 2H, 7H, TD, 8C]
2025-01-04 22:57:21,935 - Castle: [KD, KS, KC, KH, QS, QH, QD, QC, JD, JH]
2025-01-04 22:57:21,935 - Discard: [TC, JS]
2025-01-04 22:57:21,935 - Active Player: 1
2025-01-04 22:57:21,935 - STATE LOG: END
2025-01-04 22:57:22,563 - STATE LOG: BEGIN
2025-01-04 22:57:22,563 - Noah's Hand: [AH, 3C, 5C, 5S, 6S, 8H, 8C]
2025-01-04 22:57:22,563 - Eve's Hand: [6H, 8S, 9H, 9S, TH, 4C, 5D]
2025-01-04 22:57:22,563 - Boss: Rank: 11 | Suit C | Attack 0 | Health 6
2025-01-04 22:57:22,563 - Tavern: [4S, 4H, 6D, 7D, 9D, 6C, 7S, 5H, AS, 2C, TS, AD, 8D, 7C, AC, 3H, 9C, 2H, 7H, TD]
2025-01-04 22:57:22,563 - Castle: [KD, KS, KC, KH, QS, QH, QD, QC, JD, JH]
2025-01-04 22:57:22,563 - Discard: [TC, JS]
2025-01-04 22:57:22,563 - Active Player: 2
2025-01-04 22:57:22,563 - STATE LOG: END
2025-01-04 22:57:23,170 - STATE LOG: BEGIN
2025-01-04 22:57:23,170 - Noah's Hand: [AH, 3C, 5C, 5S, 6S, 8H, 8C]
2025-01-04 22:57:23,170 - Eve's Hand: [4C, 5D, 6H, 8S, 9H, 9S, TH]
2025-01-04 22:57:23,170 - Boss: Rank: 11 | Suit C | Attack 0 | Health 6
2025-01-04 22:57:23,170 - Tavern: [4S, 4H, 6D, 7D, 9D, 6C, 7S, 5H, AS, 2C, TS, AD, 8D, 7C, AC, 3H, 9C, 2H, 7H, TD]
2025-01-04 22:57:23,170 - Castle: [KD, KS, KC, KH, QS, QH, QD, QC, JD, JH]
2025-01-04 22:57:23,170 - Discard: [TC, JS]
2025-01-04 22:57:23,170 - Active Player: 1
2025-01-04 22:57:23,170 - STATE LOG: END
2025-01-04 22:57:23,727 - STATE LOG: BEGIN
2025-01-04 22:57:23,727 - Noah's Hand: [AH, 3C, 5S, 6S, 8C, 8H]
2025-01-04 22:57:23,727 - Eve's Hand: [4C, 5D, 6H, 8S, 9H, 9S, TH]
2025-01-04 22:57:23,727 - Boss: Rank: 11 | Suit C | Attack 0 | Health 1
2025-01-04 22:57:23,727 - Tavern: [4S, 4H, 6D, 7D, 9D, 6C, 7S, 5H, AS, 2C, TS, AD, 8D, 7C, AC, 3H, 9C, 2H, 7H, TD]
2025-01-04 22:57:23,727 - Castle: [KD, KS, KC, KH, QS, QH, QD, QC, JD, JH]
2025-01-04 22:57:23,727 - Discard: [TC, JS]
2025-01-04 22:57:23,727 - Active Player: 2
2025-01-04 22:57:23,727 - STATE LOG: END
2025-01-04 22:57:24,300 - STATE LOG: BEGIN
2025-01-04 22:57:24,300 - Noah's Hand: [AH, 3C, 5S, 6S, 8C, 8H, 7H]
2025-01-04 22:57:24,300 - Eve's Hand: [4C, 6H, 8S, 9H, 9S, TH, TD]
2025-01-04 22:57:24,300 - Boss: Rank: 11 | Suit H | Attack 10 | Health 20
2025-01-04 22:57:24,300 - Tavern: [4S, 4H, 6D, 7D, 9D, 6C, 7S, 5H, AS, 2C, TS, AD, 8D, 7C, AC, 3H, 9C, 2H]
2025-01-04 22:57:24,300 - Castle: [KD, KS, KC, KH, QS, QH, QD, QC, JD]
2025-01-04 22:57:24,300 - Discard: [TC, JS, 2D, 2S, 4D, 5C, 3D, 3S, 5D, JC]
2025-01-04 22:57:24,300 - Active Player: 2
2025-01-04 22:57:24,300 - STATE LOG: END
2025-01-04 22:57:24,860 - STATE LOG: BEGIN
2025-01-04 22:57:24,860 - Noah's Hand: [AH, 3C, 5S, 6S, 8C, 8H, 7H]
2025-01-04 22:57:24,860 - Eve's Hand: [6H, 9H, 9S, TD, TH]
2025-01-04 22:57:24,860 - Boss: Rank: 11 | Suit H | Attack 2 | Health 12
2025-01-04 22:57:24,860 - Tavern: [4S, 4H, 6D, 7D, 9D, 6C, 7S, 5H, AS, 2C, TS, AD, 8D, 7C, AC, 3H, 9C, 2H]
2025-01-04 22:57:24,860 - Castle: [KD, KS, KC, KH, QS, QH, QD, QC, JD]
2025-01-04 22:57:24,860 - Discard: [TC, JS, 2D, 2S, 4D, 5C, 3D, 3S, 5D, JC, 4C]
2025-01-04 22:57:24,860 - Active Player: 1
2025-01-04 22:57:24,860 - STATE LOG: END
2025-01-04 22:57:25,411 - STATE LOG: BEGIN
2025-01-04 22:57:25,411 - Noah's Hand: [3C, 5S, 7H, 8C, 8H]
2025-01-04 22:57:25,411 - Eve's Hand: [6H, 9H, 9S, TD, TH]
2025-01-04 22:57:25,411 - Boss: Rank: 11 | Suit H | Attack 0 | Health 5
2025-01-04 22:57:25,411 - Tavern: [4S, 4H, 6D, 7D, 9D, 6C, 7S, 5H, AS, 2C, TS, AD, 8D, 7C, AC, 3H, 9C, 2H]
2025-01-04 22:57:25,411 - Castle: [KD, KS, KC, KH, QS, QH, QD, QC, JD]
2025-01-04 22:57:25,411 - Discard: [TC, JS, 2D, 2S, 4D, 5C, 3D, 3S, 5D, JC, 4C]
2025-01-04 22:57:25,411 - Active Player: 2
2025-01-04 22:57:25,411 - STATE LOG: END
2025-01-04 22:57:25,903 - STATE LOG: BEGIN
2025-01-04 22:57:25,903 - Noah's Hand: [3C, 5S, 7H, 8C, 8H]
2025-01-04 22:57:25,903 - Eve's Hand: [6H, 9H, 9S, TD, TH]
2025-01-04 22:57:25,903 - Boss: Rank: 11 | Suit H | Attack 0 | Health 5
2025-01-04 22:57:25,903 - Tavern: [4S, 4H, 6D, 7D, 9D, 6C, 7S, 5H, AS, 2C, TS, AD, 8D, 7C, AC, 3H, 9C, 2H]
2025-01-04 22:57:25,903 - Castle: [KD, KS, KC, KH, QS, QH, QD, QC, JD]
2025-01-04 22:57:25,903 - Discard: [TC, JS, 2D, 2S, 4D, 5C, 3D, 3S, 5D, JC, 4C]
2025-01-04 22:57:25,903 - Active Player: 1
2025-01-04 22:57:25,903 - STATE LOG: END
2025-01-04 22:57:26,221 - STATE LOG: BEGIN
2025-01-04 22:57:26,221 - Noah's Hand: [5S, 7H, 8C, 8H]
2025-01-04 22:57:26,221 - Eve's Hand: [6H, 9H, 9S, TD, TH]
2025-01-04 22:57:26,222 - Boss: Rank: 11 | Suit D | Attack 10 | Health 20
2025-01-04 22:57:26,222 - Tavern: [4S, 4H, 6D, 7D, 9D, 6C, 7S, 5H, AS, 2C, TS, AD, 8D, 7C, AC, 3H, 9C, 2H]
2025-01-04 22:57:26,222 - Castle: [KD, KS, KC, KH, QS, QH, QD, QC]
2025-01-04 22:57:26,222 - Discard: [TC, JS, 2D, 2S, 4D, 5C, 3D, 3S, 5D, JC, 4C, AH, 6S, 3C, 8S, JH]
2025-01-04 22:57:26,222 - Active Player: 1
2025-01-04 22:57:26,222 - STATE LOG: END
2025-01-04 22:57:26,374 - STATE LOG: BEGIN
2025-01-04 22:57:26,374 - Noah's Hand: [8C, 8H]
2025-01-04 22:57:26,374 - Eve's Hand: [6H, 9H, 9S, TD, TH]
2025-01-04 22:57:26,374 - Boss: Rank: 11 | Suit D | Attack 5 | Health 15
2025-01-04 22:57:26,374 - Tavern: [4S, 4H, 6D, 7D, 9D, 6C, 7S, 5H, AS, 2C, TS, AD, 8D, 7C, AC, 3H, 9C, 2H]
2025-01-04 22:57:26,374 - Castle: [KD, KS, KC, KH, QS, QH, QD, QC]
2025-01-04 22:57:26,374 - Discard: [TC, JS, 2D, 2S, 4D, 5C, 3D, 3S, 5D, JC, 4C, AH, 6S, 3C, 8S, JH, 7H]
2025-01-04 22:57:26,374 - Active Player: 2
2025-01-04 22:57:26,374 - STATE LOG: END
2025-01-04 22:57:26,436 - STATE LOG: BEGIN
2025-01-04 22:57:26,436 - Noah's Hand: [8C, 8H]
2025-01-04 22:57:26,436 - Eve's Hand: [6H, 9S, TD]
2025-01-04 22:57:26,436 - Boss: Rank: 11 | Suit D | Attack 5 | Health 6
2025-01-04 22:57:26,436 - Tavern: [3S, AH, 3C, 6S, JS, 3D, 4D, JH, 2S, 4S, 4H, 6D, 7D, 9D, 6C, 7S, 5H, AS, 2C, TS, AD, 8D, 7C, AC, 3H, 9C, 2H]
2025-01-04 22:57:26,436 - Castle: [KD, KS, KC, KH, QS, QH, QD, QC]
2025-01-04 22:57:26,436 - Discard: [4C, JC, 5C, TC, 8S, 7H, 2D, 5D, TH]
2025-01-04 22:57:26,436 - Active Player: 1
2025-01-04 22:57:26,436 - STATE LOG: END
2025-01-04 22:57:26,455 - STATE LOG: BEGIN
2025-01-04 22:57:26,455 - Noah's Hand: [8H]
2025-01-04 22:57:26,455 - Eve's Hand: [6H, 9S, TD]
2025-01-04 22:57:26,455 - Boss: Rank: 11 | Suit D | Attack 5 | Health 6
2025-01-04 22:57:26,455 - Tavern: [3S, AH, 3C, 6S, JS, 3D, 4D, JH, 2S, 4S, 4H, 6D, 7D, 9D, 6C, 7S, 5H, AS, 2C, TS, AD, 8D, 7C, AC, 3H, 9C, 2H]
2025-01-04 22:57:26,455 - Castle: [KD, KS, KC, KH, QS, QH, QD, QC]
2025-01-04 22:57:26,455 - Discard: [4C, JC, 5C, TC, 8S, 7H, 2D, 5D, TH, 8C]
2025-01-04 22:57:26,455 - Active Player: 2
2025-01-04 22:57:26,455 - STATE LOG: END
2025-01-04 22:57:26,492 - STATE LOG: BEGIN
2025-01-04 22:57:26,492 - Noah's Hand: [8H]
2025-01-04 22:57:26,492 - Eve's Hand: [6H, TD]
2025-01-04 22:57:26,492 - Boss: Rank: 12 | Suit C | Attack 15 | Health 30
2025-01-04 22:57:26,492 - Tavern: [3S, AH, 3C, 6S, JS, 3D, 4D, JH, 2S, 4S, 4H, 6D, 7D, 9D, 6C, 7S, 5H, AS, 2C, TS, AD, 8D, 7C, AC, 3H, 9C, 2H]
2025-01-04 22:57:26,492 - Castle: [KD, KS, KC, KH, QS, QH, QD]
2025-01-04 22:57:26,492 - Discard: [4C, JC, 5C, TC, 8S, 7H, 2D, 5D, TH, 8C, 5S, 9H, 9S, JD]
2025-01-04 22:57:26,492 - Active Player: 2
2025-01-04 22:57:26,492 - STATE LOG: END
2025-01-04 22:57:26,529 - STATE LOG: BEGIN
2025-01-04 22:57:26,529 - Noah's Hand: [8H, 9C, AC, 8D, TS, AS]
2025-01-04 22:57:26,529 - Eve's Hand: [2H, AD, 2C]
2025-01-04 22:57:26,529 - Boss: Rank: 12 | Suit C | Attack 15 | Health 20
2025-01-04 22:57:26,529 - Tavern: [3S, AH, 3C, 6S, JS, 3D, 4D, JH, 2S, 4S, 4H, 6D, 7D, 9D, 6C, 7S, 5H]
2025-01-04 22:57:26,529 - Castle: [KD, KS, KC, KH, QS, QH, QD]
2025-01-04 22:57:26,529 - Discard: [4C, JC, 5C, TC, 8S, 7H, 2D, 5D, TH, 8C, 5S, 9H, 9S, JD, 6H, 3H, 7C]
2025-01-04 22:57:26,529 - Active Player: 1
2025-01-04 22:57:26,529 - STATE LOG: END
2025-01-04 22:57:26,707 - STATE LOG: BEGIN
2025-01-04 22:57:26,707 - Noah's Hand: [AC, 8H, 9C, 5H, 6C, 7D]
2025-01-04 22:57:26,707 - Eve's Hand: [2H, AD, 2C, 7S, 9D, 6D, 4H]
2025-01-04 22:57:26,707 - Boss: Rank: 12 | Suit C | Attack 6 | Health 11
2025-01-04 22:57:26,707 - Tavern: [3S, AH, 3C, 6S, JS, 3D, 4D, JH, 2S, 4S]
2025-01-04 22:57:26,707 - Castle: [KD, KS, KC, KH, QS, QH, QD]
2025-01-04 22:57:26,707 - Discard: [4C, JC, 5C, TC, 8S, 7H, 2D, 5D, TH, 8C, 5S, 9H, 9S, JD, 6H, 3H, 7C, TS]
2025-01-04 22:57:26,707 - Active Player: 2
2025-01-04 22:57:26,707 - STATE LOG: END
2025-01-04 22:57:27,520 - STATE LOG: BEGIN
2025-01-04 22:57:27,520 - Noah's Hand: [AC, 8H, 9C, 5H, 6C, 7D]
2025-01-04 22:57:27,520 - Eve's Hand: [AD, 4H, 6D, 9D]
2025-01-04 22:57:27,520 - Boss: Rank: 12 | Suit C | Attack 6 | Health 11
2025-01-04 22:57:27,520 - Tavern: [3S, AH, 3C, 6S, JS, 3D, 4D, JH, 2S, 4S]
2025-01-04 22:57:27,520 - Castle: [KD, KS, KC, KH, QS, QH, QD]
2025-01-04 22:57:27,520 - Discard: [4C, JC, 5C, TC, 8S, 7H, 2D, 5D, TH, 8C, 5S, 9H, 9S, JD, 6H, 3H, 7C, TS, 2C, 2H, 7S]
2025-01-04 22:57:27,520 - Active Player: 1
2025-01-04 22:57:27,520 - STATE LOG: END
2025-01-04 22:57:28,210 - STATE LOG: BEGIN
2025-01-04 22:57:28,210 - Noah's Hand: [AC, 6C, 7D, 8H]
2025-01-04 22:57:28,210 - Eve's Hand: [AD, 4H, 6D, 9D]
2025-01-04 22:57:28,210 - Boss: Rank: 12 | Suit C | Attack 6 | Health 6
2025-01-04 22:57:28,210 - Tavern: [7H, 4C, JC, 5C, 3H, 3S, AH, 3C, 6S, JS, 3D, 4D, JH, 2S, 4S]
2025-01-04 22:57:28,210 - Castle: [KD, KS, KC, KH, QS, QH, QD]
2025-01-04 22:57:28,210 - Discard: [6H, TC, 8S, TS, 9S, 2H, 2C, 9H, 5S, 7C, TH, JD, 7S, 5D, 2D, 8C, 9C]
2025-01-04 22:57:28,210 - Active Player: 2
2025-01-04 22:57:28,210 - STATE LOG: END
2025-01-04 22:57:28,789 - STATE LOG: BEGIN
2025-01-04 22:57:28,789 - Noah's Hand: [AC, 6C, 7D, 8H, 2S, 4D, JS]
2025-01-04 22:57:28,789 - Eve's Hand: [4H, 6D, 4S, JH, 3D, 6S, 3C]
2025-01-04 22:57:28,789 - Boss: Rank: 12 | Suit D | Attack 15 | Health 30
2025-01-04 22:57:28,789 - Tavern: [7H, 4C, JC, 5C, 3H, 3S, AH]
2025-01-04 22:57:28,789 - Castle: [KD, KS, KC, KH, QS, QH]
2025-01-04 22:57:28,789 - Discard: [6H, TC, 8S, TS, 9S, 2H, 2C, 9H, 5S, 7C, TH, JD, 7S, 5D, 2D, 8C, 9C, AS, 8D, 5H, TD, AD, 9D, QC]
2025-01-04 22:57:28,789 - Active Player: 2
2025-01-04 22:57:28,789 - STATE LOG: END
2025-01-04 22:57:29,380 - STATE LOG: BEGIN
2025-01-04 22:57:29,380 - Noah's Hand: [AC, 6C, 7D, 8H, 2S, 4D, JS]
2025-01-04 22:57:29,380 - Eve's Hand: [3D, 6D, JH]
2025-01-04 22:57:29,380 - Boss: Rank: 12 | Suit D | Attack 7 | Health 22
2025-01-04 22:57:29,380 - Tavern: [AS, AD, 8S, 2C, 2D, 7S, QC, TH, 7H, 4C, JC, 5C, 3H, 3S, AH]
2025-01-04 22:57:29,380 - Castle: [KD, KS, KC, KH, QS, QH]
2025-01-04 22:57:29,380 - Discard: [7C, 5D, 2H, TD, 8C, 8D, 5S, TC, 9H, 9S, 5H, 6H, 9C, 9D, JD, TS, 3C, 6S]
2025-01-04 22:57:29,380 - Active Player: 1
2025-01-04 22:57:29,380 - STATE LOG: END
2025-01-04 22:57:29,792 - STATE LOG: BEGIN
2025-01-04 22:57:29,792 - Noah's Hand: [AC, 2S, 4D, 6C, 7D, 8H]
2025-01-04 22:57:29,792 - Eve's Hand: [3D, 6D, JH]
2025-01-04 22:57:29,792 - Boss: Rank: 12 | Suit D | Attack 0 | Health 11
2025-01-04 22:57:29,792 - Tavern: [AS, AD, 8S, 2C, 2D, 7S, QC, TH, 7H, 4C, JC, 5C, 3H, 3S, AH]
2025-01-04 22:57:29,792 - Castle: [KD, KS, KC, KH, QS, QH]
2025-01-04 22:57:29,792 - Discard: [7C, 5D, 2H, TD, 8C, 8D, 5S, TC, 9H, 9S, 5H, 6H, 9C, 9D, JD, TS, 3C, 6S]
2025-01-04 22:57:29,792 - Active Player: 2
2025-01-04 22:57:29,792 - STATE LOG: END
2025-01-04 22:57:30,205 - STATE LOG: BEGIN
2025-01-04 22:57:30,205 - Noah's Hand: [AC, 2S, 4D, 6C, 7D, 8H]
2025-01-04 22:57:30,205 - Eve's Hand: [3D, 6D]
2025-01-04 22:57:30,205 - Boss: Rank: 12 | Suit H | Attack 15 | Health 30
2025-01-04 22:57:30,205 - Tavern: [TS, 9C, 7C, JD, TD, 6H, 9D, 9H, 5H, 5S, 9S, AS, AD, 8S, 2C, 2D, 7S, QC, TH, 7H, 4C, JC, 5C, 3H, 3S, AH]
2025-01-04 22:57:30,205 - Castle: [KD, KS, KC, KH, QS]
2025-01-04 22:57:30,205 - Discard: [8C, 5D, TC, 6S, 8D, 2H, 3C, JS, 4H, 4S, JH]
2025-01-04 22:57:30,205 - Active Player: 2
2025-01-04 22:57:30,205 - STATE LOG: END
2025-01-04 22:57:30,325 - STATE LOG: BEGIN
2025-01-04 22:57:30,325 - Noah's Hand: [AC, 2S, 4D, 6C, 7D, 8H, AH]
2025-01-04 22:57:30,325 - Eve's Hand: [3D, QD, 5C]
2025-01-04 22:57:30,325 - Boss: Rank: 12 | Suit H | Attack 15 | Health 24
2025-01-04 22:57:30,325 - Tavern: [TS, 9C, 7C, JD, TD, 6H, 9D, 9H, 5H, 5S, 9S, AS, AD, 8S, 2C, 2D, 7S, QC, TH, 7H, 4C]
2025-01-04 22:57:30,325 - Castle: [KD, KS, KC, KH, QS]
2025-01-04 22:57:30,325 - Discard: [8C, 5D, TC, 6S, 8D, 2H, 3C, JS, 4H, 4S, JH, JC, 3S, 3H]
2025-01-04 22:57:30,325 - Active Player: 1
2025-01-04 22:57:30,325 - STATE LOG: END
2025-01-04 22:57:30,629 - STATE LOG: BEGIN
2025-01-04 22:57:30,629 - Noah's Hand: [4D, 7D]
2025-01-04 22:57:30,629 - Eve's Hand: [3D, QD, 5C]
2025-01-04 22:57:30,629 - Boss: Rank: 12 | Suit H | Attack 12 | Health 18
2025-01-04 22:57:30,629 - Tavern: [TS, 9C, 7C, JD, TD, 6H, 9D, 9H, 5H, 5S, 9S, AS, AD, 8S, 2C, 2D, 7S, QC, TH, 7H, 4C]
2025-01-04 22:57:30,629 - Castle: [KD, KS, KC, KH, QS]
2025-01-04 22:57:30,629 - Discard: [8C, 5D, TC, 6S, 8D, 2H, 3C, JS, 4H, 4S, JH, JC, 3S, 3H, 8H, AH, 6C]
2025-01-04 22:57:30,629 - Active Player: 2
2025-01-04 22:57:30,629 - STATE LOG: END
2025-01-04 22:57:30,870 - STATE LOG: BEGIN
2025-01-04 22:57:30,870 - Noah's Hand: [4D, 7D, 7H, QC, 2D, 8S, AS]
2025-01-04 22:57:30,870 - Eve's Hand: [3D, 5C, 4C, 7S, AD]
2025-01-04 22:57:30,870 - Boss: Rank: 12 | Suit H | Attack 12 | Health 6
2025-01-04 22:57:30,870 - Tavern: [TS, 9C, 7C, JD, TD, 6H, 9D, 9H, 5H, 5S, 9S]
2025-01-04 22:57:30,870 - Castle: [KD, KS, KC, KH, QS]
2025-01-04 22:57:30,870 - Discard: [8C, 5D, TC, 6S, 8D, 2H, 3C, JS, 4H, 4S, JH, JC, 3S, 3H, 8H, AH, 6C, TH, 2C]
2025-01-04 22:57:30,870 - Active Player: 1
2025-01-04 22:57:30,870 - STATE LOG: END
2025-01-04 22:57:31,675 - STATE LOG: BEGIN
2025-01-04 22:57:31,675 - Noah's Hand: [7D, 7H, 2D, 8S, 9S, 5H]
2025-01-04 22:57:31,675 - Eve's Hand: [3D, 5C, 4C, 7S, AD, 5S, 9H]
2025-01-04 22:57:31,675 - Boss: Rank: 12 | Suit H | Attack 7 | Health 1
2025-01-04 22:57:31,675 - Tavern: [TS, 9C, 7C, JD, TD, 6H, 9D]
2025-01-04 22:57:31,675 - Castle: [KD, KS, KC, KH, QS]
2025-01-04 22:57:31,675 - Discard: [8C, 5D, TC, 6S, 8D, 2H, 3C, JS, 4H, 4S, JH, JC, 3S, 3H, 8H, AH, 6C, TH, 2C, QC]
2025-01-04 22:57:31,675 - Active Player: 2
2025-01-04 22:57:31,675 - STATE LOG: END
2025-01-04 22:57:32,501 - STATE LOG: BEGIN
2025-01-04 22:57:32,501 - Noah's Hand: [7D, 7H, 2D, 8S, 9S, 5H]
2025-01-04 22:57:32,501 - Eve's Hand: [AD, 3D, 4C, 5S, 7S, 9H]
2025-01-04 22:57:32,501 - Boss: Rank: 12 | Suit S | Attack 15 | Health 30
2025-01-04 22:57:32,501 - Tavern: [TS, 9C, 7C, JD, TD, 6H, 9D]
2025-01-04 22:57:32,501 - Castle: [KD, KS, KC, KH]
2025-01-04 22:57:32,501 - Discard: [8C, 5D, TC, 6S, 8D, 2H, 3C, JS, 4H, 4S, JH, JC, 3S, 3H, 8H, AH, 6C, TH, 2C, QC, AC, 2S, AS, 4D, 6D, QD, 5C, QH]
2025-01-04 22:57:32,501 - Active Player: 2
2025-01-04 22:57:32,501 - STATE LOG: END
2025-01-04 22:57:33,234 - STATE LOG: BEGIN
2025-01-04 22:57:33,234 - Noah's Hand: [7D, 7H, 2D, 8S, 9S, 5H, 6H]
2025-01-04 22:57:33,234 - Eve's Hand: [3D, 9D, TD, JD]
2025-01-04 22:57:33,234 - Boss: Rank: 12 | Suit S | Attack 15 | Health 20
2025-01-04 22:57:33,234 - Tavern: [AH, 5D, 4D, 5C, 6S, JC, 8C, 6C, JS, TH, TS, 9C, 7C]
2025-01-04 22:57:33,234 - Castle: [KD, KS, KC, KH]
2025-01-04 22:57:33,234 - Discard: [6D, 2C, JH, AC, 4S, AS, 3C, 8H, 2S, 8D, QC, QH, 3H, QD, 2H, 3S, 4H, TC, 5S, 7S, 4C]
2025-01-04 22:57:33,234 - Active Player: 1
2025-01-04 22:57:33,234 - STATE LOG: END
2025-01-04 22:57:34,074 - STATE LOG: BEGIN
2025-01-04 22:57:34,074 - Noah's Hand: [6H, 7D, 7H, 9S]
2025-01-04 22:57:34,074 - Eve's Hand: [3D, 9D, TD, JD, 9C]
2025-01-04 22:57:34,074 - Boss: Rank: 12 | Suit S | Attack 15 | Health 18
2025-01-04 22:57:34,074 - Tavern: [AH, 5D, 4D, 5C, 6S, JC, 8C, 6C, JS, TH, TS]
2025-01-04 22:57:34,074 - Castle: [KD, KS, KC, KH]
2025-01-04 22:57:34,074 - Discard: [6D, 2C, JH, AC, 4S, AS, 3C, 8H, 2S, 8D, QC, QH, 3H, QD, 2H, 3S, 4H, TC, 5S, 7S, 4C, 8S, 5H, 7C]
2025-01-04 22:57:34,074 - Active Player: 2
2025-01-04 22:57:34,074 - STATE LOG: END
2025-01-04 22:57:34,850 - STATE LOG: BEGIN
2025-01-04 22:57:34,850 - Noah's Hand: [6H, 7D, 7H, 9S]
2025-01-04 22:57:34,850 - Eve's Hand: [3D, 9D, TD, JD]
2025-01-04 22:57:34,850 - Boss: Rank: 13 | Suit H | Attack 20 | Health 40
2025-01-04 22:57:34,850 - Tavern: [AH, 5D, 4D, 5C, 6S, JC, 8C, 6C, JS, TH, TS]
2025-01-04 22:57:34,850 - Castle: [KD, KS, KC]
2025-01-04 22:57:34,850 - Discard: [6D, 2C, JH, AC, 4S, AS, 3C, 8H, 2S, 8D, QC, QH, 3H, QD, 2H, 3S, 4H, TC, 5S, 7S, 4C, 8S, 5H, 7C, 2D, AD, 9H, 9C]
2025-01-04 22:57:34,850 - Active Player: 2
2025-01-04 22:57:34,850 - STATE LOG: END
2025-01-04 22:57:35,480 - STATE LOG: BEGIN
2025-01-04 22:57:35,480 - Noah's Hand: [6H, 7D, 7H, 9S, TS, JS, 8C]
2025-01-04 22:57:35,480 - Eve's Hand: [3D, 9D, TD, TH]
2025-01-04 22:57:35,480 - Boss: Rank: 13 | Suit H | Attack 20 | Health 29
2025-01-04 22:57:35,480 - Tavern: [AH, 5D, 4D, 5C, 6S]
2025-01-04 22:57:35,480 - Castle: [KD, KS, KC]
2025-01-04 22:57:35,480 - Discard: [6D, 2C, JH, AC, 4S, AS, 3C, 8H, 2S, 8D, QC, QH, 3H, QD, 2H, 3S, 4H, TC, 5S, 7S, 4C, 8S, 5H, 7C, 2D, AD, 9H, 9C, JC, 6C, QS]
2025-01-04 22:57:35,480 - Active Player: 1
2025-01-04 22:57:35,480 - STATE LOG: END
2025-01-04 22:57:35,971 - STATE LOG: BEGIN
2025-01-04 22:57:35,971 - Noah's Hand: [6H, 7D, 7H, 8C, TS]
2025-01-04 22:57:35,971 - Eve's Hand: [3D, 9D, TD, TH]
2025-01-04 22:57:35,971 - Boss: Rank: 13 | Suit H | Attack 9 | Health 18
2025-01-04 22:57:35,971 - Tavern: [AH, 5D, 4D, 5C, 6S]
2025-01-04 22:57:35,971 - Castle: [KD, KS, KC]
2025-01-04 22:57:35,971 - Discard: [6D, 2C, JH, AC, 4S, AS, 3C, 8H, 2S, 8D, QC, QH, 3H, QD, 2H, 3S, 4H, TC, 5S, 7S, 4C, 8S, 5H, 7C, 2D, AD, 9H, 9C, JC, 6C, QS, 9S]
2025-01-04 22:57:35,972 - Active Player: 2
2025-01-04 22:57:35,972 - STATE LOG: END
2025-01-04 22:57:36,739 - STATE LOG: BEGIN
2025-01-04 22:57:36,739 - Noah's Hand: [6H, 7D, 7H, 8C, TS]
2025-01-04 22:57:36,739 - Eve's Hand: [3D, 9D, TD]
2025-01-04 22:57:36,739 - Boss: Rank: 13 | Suit H | Attack 9 | Health 18
2025-01-04 22:57:36,739 - Tavern: [AH, 5D, 4D, 5C, 6S]
2025-01-04 22:57:36,739 - Castle: [KD, KS, KC]
2025-01-04 22:57:36,739 - Discard: [6D, 2C, JH, AC, 4S, AS, 3C, 8H, 2S, 8D, QC, QH, 3H, QD, 2H, 3S, 4H, TC, 5S, 7S, 4C, 8S, 5H, 7C, 2D, AD, 9H, 9C, JC, 6C, QS, 9S, TH]
2025-01-04 22:57:36,739 - Active Player: 1
2025-01-04 22:57:36,739 - STATE LOG: END
2025-01-04 22:57:37,250 - STATE LOG: BEGIN
2025-01-04 22:57:37,250 - Noah's Hand: [6H, 7D, 7H, 8C]
2025-01-04 22:57:37,250 - Eve's Hand: [3D, 9D, TD]
2025-01-04 22:57:37,250 - Boss: Rank: 13 | Suit H | Attack 0 | Health 8
2025-01-04 22:57:37,250 - Tavern: [AH, 5D, 4D, 5C, 6S]
2025-01-04 22:57:37,250 - Castle: [KD, KS, KC]
2025-01-04 22:57:37,250 - Discard: [6D, 2C, JH, AC, 4S, AS, 3C, 8H, 2S, 8D, QC, QH, 3H, QD, 2H, 3S, 4H, TC, 5S, 7S, 4C, 8S, 5H, 7C, 2D, AD, 9H, 9C, JC, 6C, QS, 9S, TH]
2025-01-04 22:57:37,250 - Active Player: 2
2025-01-04 22:57:37,250 - STATE LOG: END
2025-01-04 22:57:37,451 - STATE LOG: BEGIN
2025-01-04 22:57:37,451 - Noah's Hand: [6H, 7D, 7H, 8C]
2025-01-04 22:57:37,451 - Eve's Hand: [3D, 9D, TD]
2025-01-04 22:57:37,451 - Boss: Rank: 13 | Suit H | Attack 0 | Health 8
2025-01-04 22:57:37,451 - Tavern: [AH, 5D, 4D, 5C, 6S]
2025-01-04 22:57:37,451 - Castle: [KD, KS, KC]
2025-01-04 22:57:37,451 - Discard: [6D, 2C, JH, AC, 4S, AS, 3C, 8H, 2S, 8D, QC, QH, 3H, QD, 2H, 3S, 4H, TC, 5S, 7S, 4C, 8S, 5H, 7C, 2D, AD, 9H, 9C, JC, 6C, QS, 9S, TH]
2025-01-04 22:57:37,451 - Active Player: 1
2025-01-04 22:57:37,451 - STATE LOG: END
2025-01-04 22:57:37,635 - STATE LOG: BEGIN
2025-01-04 22:57:37,635 - Noah's Hand: [6H, 7D, 8C]
2025-01-04 22:57:37,635 - Eve's Hand: [3D, 9D, TD]
2025-01-04 22:57:37,635 - Boss: Rank: 13 | Suit H | Attack 0 | Health 1
2025-01-04 22:57:37,635 - Tavern: [AH, 5D, 4D, 5C, 6S]
2025-01-04 22:57:37,635 - Castle: [KD, KS, KC]
2025-01-04 22:57:37,635 - Discard: [6D, 2C, JH, AC, 4S, AS, 3C, 8H, 2S, 8D, QC, QH, 3H, QD, 2H, 3S, 4H, TC, 5S, 7S, 4C, 8S, 5H, 7C, 2D, AD, 9H, 9C, JC, 6C, QS, 9S, TH]
2025-01-04 22:57:37,635 - Active Player: 2
2025-01-04 22:57:37,635 - STATE LOG: END
2025-01-04 22:57:37,791 - STATE LOG: BEGIN
2025-01-04 22:57:37,791 - Noah's Hand: [6H, 7D, 8C]
2025-01-04 22:57:37,791 - Eve's Hand: [3D, 9D, TD]
2025-01-04 22:57:37,791 - Boss: Rank: 13 | Suit H | Attack 0 | Health 1
2025-01-04 22:57:37,791 - Tavern: [AH, 5D, 4D, 5C, 6S]
2025-01-04 22:57:37,791 - Castle: [KD, KS, KC]
2025-01-04 22:57:37,791 - Discard: [6D, 2C, JH, AC, 4S, AS, 3C, 8H, 2S, 8D, QC, QH, 3H, QD, 2H, 3S, 4H, TC, 5S, 7S, 4C, 8S, 5H, 7C, 2D, AD, 9H, 9C, JC, 6C, QS, 9S, TH]
2025-01-04 22:57:37,791 - Active Player: 1
2025-01-04 22:57:37,791 - STATE LOG: END
2025-01-04 22:57:37,829 - STATE LOG: BEGIN
2025-01-04 22:57:37,829 - Noah's Hand: [6H, 8C, 6S, 4D, AH]
2025-01-04 22:57:37,829 - Eve's Hand: [3D, 9D, TD, 5C, 5D]
2025-01-04 22:57:37,829 - Boss: Rank: 13 | Suit C | Attack 20 | Health 40
2025-01-04 22:57:37,829 - Tavern: []
2025-01-04 22:57:37,829 - Castle: [KD, KS]
2025-01-04 22:57:37,829 - Discard: [6D, 2C, JH, AC, 4S, AS, 3C, 8H, 2S, 8D, QC, QH, 3H, QD, 2H, 3S, 4H, TC, 5S, 7S, 4C, 8S, 5H, 7C, 2D, AD, 9H, 9C, JC, 6C, QS, 9S, TH, JS, TS, 7H, 7D, JD, KH]
2025-01-04 22:57:37,829 - Active Player: 1
2025-01-04 22:57:37,829 - STATE LOG: END
2025-01-04 22:57:37,894 - STATE LOG: BEGIN
2025-01-04 22:57:37,894 - Noah's Hand: [4D]
2025-01-04 22:57:37,894 - Eve's Hand: [3D, 9D, TD, 5C, 5D]
2025-01-04 22:57:37,894 - Boss: Rank: 13 | Suit C | Attack 13 | Health 33
2025-01-04 22:57:37,894 - Tavern: [AC, 3S, JH, 8S, QS, 7S, KH]
2025-01-04 22:57:37,894 - Castle: [KD, KS]
2025-01-04 22:57:37,894 - Discard: [6C, 2H, 9H, 4C, 7D, 9C, AD, JS, 4H, 6D, 8D, 4S, TS, QD, AS, TC, 5H, 3H, 8H, 2D, JC, 7H, 2S, 7C, TH, 9S, 5S, 3C, 2C, JD, QH, QC, 8C, 6H]
2025-01-04 22:57:37,894 - Active Player: 2
2025-01-04 22:57:37,894 - STATE LOG: END
2025-01-04 22:57:38,063 - STATE LOG: BEGIN
2025-01-04 22:57:38,063 - Noah's Hand: [4D, 7S, 8S, 3S, AC]
2025-01-04 22:57:38,063 - Eve's Hand: [3D, 5D, 9D, KH, QS]
2025-01-04 22:57:38,063 - Boss: Rank: 13 | Suit C | Attack 13 | Health 23
2025-01-04 22:57:38,063 - Tavern: []
2025-01-04 22:57:38,063 - Castle: [KD, KS]
2025-01-04 22:57:38,063 - Discard: [6C, 2H, 9H, 4C, 7D, 9C, AD, JS, 4H, 6D, 8D, 4S, TS, QD, AS, TC, 5H, 3H, 8H, 2D, JC, 7H, 2S, 7C, TH, 9S, 5S, 3C, 2C, JD, QH, QC, 8C, 6H, JH, 5C]
2025-01-04 22:57:38,063 - Active Player: 1
2025-01-04 22:57:38,063 - STATE LOG: END
2025-01-04 22:57:38,322 - STATE LOG: BEGIN
2025-01-04 22:57:38,322 - Noah's Hand: [4D]
2025-01-04 22:57:38,322 - Eve's Hand: [3D, 5D, 9D, KH, QS]
2025-01-04 22:57:38,322 - Boss: Rank: 13 | Suit C | Attack 10 | Health 20
2025-01-04 22:57:38,322 - Tavern: []
2025-01-04 22:57:38,322 - Castle: [KD, KS]
2025-01-04 22:57:38,322 - Discard: [6C, 2H, 9H, 4C, 7D, 9C, AD, JS, 4H, 6D, 8D, 4S, TS, QD, AS, TC, 5H, 3H, 8H, 2D, JC, 7H, 2S, 7C, TH, 9S, 5S, 3C, 2C, JD, QH, QC, 8C, 6H, JH, 5C, AC, 8S, 7S]
2025-01-04 22:57:38,322 - Active Player: 2
2025-01-04 22:57:38,322 - STATE LOG: END
2025-01-04 22:57:38,389 - STATE LOG: BEGIN
2025-01-04 22:57:38,389 - Noah's Hand: [4D]
2025-01-04 22:57:38,389 - Eve's Hand: [3D, 5D, 9D, KH]
2025-01-04 22:57:38,389 - Boss: Rank: 13 | Suit C | Attack 0 | Health 8
2025-01-04 22:57:38,389 - Tavern: []
2025-01-04 22:57:38,389 - Castle: [KD, KS]
2025-01-04 22:57:38,389 - Discard: [6C, 2H, 9H, 4C, 7D, 9C, AD, JS, 4H, 6D, 8D, 4S, TS, QD, AS, TC, 5H, 3H, 8H, 2D, JC, 7H, 2S, 7C, TH, 9S, 5S, 3C, 2C, JD, QH, QC, 8C, 6H, JH, 5C, AC, 8S, 7S]
2025-01-04 22:57:38,389 - Active Player: 1
2025-01-04 22:57:38,389 - STATE LOG: END
2025-01-04 22:57:38,478 - STATE LOG: BEGIN
2025-01-04 22:57:38,478 - Noah's Hand: [4D]
2025-01-04 22:57:38,478 - Eve's Hand: [3D, 5D, 9D, KH]
2025-01-04 22:57:38,478 - Boss: Rank: 13 | Suit C | Attack 0 | Health 8
2025-01-04 22:57:38,478 - Tavern: []
2025-01-04 22:57:38,479 - Castle: [KD, KS]
2025-01-04 22:57:38,479 - Discard: [6C, 2H, 9H, 4C, 7D, 9C, AD, JS, 4H, 6D, 8D, 4S, TS, QD, AS, TC, 5H, 3H, 8H, 2D, JC, 7H, 2S, 7C, TH, 9S, 5S, 3C, 2C, JD, QH, QC, 8C, 6H, JH, 5C, AC, 8S, 7S]
2025-01-04 22:57:38,479 - Active Player: 2
2025-01-04 22:57:38,479 - STATE LOG: END
2025-01-04 22:57:38,528 - STATE LOG: BEGIN
2025-01-04 22:57:38,528 - Noah's Hand: [4D]
2025-01-04 22:57:38,528 - Eve's Hand: [3D, 5D, 9D]
2025-01-04 22:57:38,528 - Boss: Rank: 13 | Suit S | Attack 20 | Health 40
2025-01-04 22:57:38,528 - Tavern: [AC, 3C, QC, 9C, 5S, JD, 2H, 6H, 8H, 8C, QD, JC, 5C]
2025-01-04 22:57:38,528 - Castle: [KD]
2025-01-04 22:57:38,528 - Discard: [TS, TC, AD, JH, QH, 6D, 2D, 4H, 5H, 8S, 7S, 7H, 7D, 2S, AS, TH, 9S, 9H, 2C, 6C, JS, 3H, 7C, 4S, 8D, 4C, AH, 6S, 3S, TD, QS, KH, KC]
2025-01-04 22:57:38,528 - Active Player: 2
2025-01-04 22:57:38,528 - STATE LOG: END
2025-01-04 22:57:38,553 - STATE LOG: BEGIN
2025-01-04 22:57:38,554 - Noah's Hand: [4D, JC, 8C, 6H, JD]
2025-01-04 22:57:38,554 - Eve's Hand: [3D, 5D, QD]
2025-01-04 22:57:38,554 - Boss: Rank: 13 | Suit S | Attack 20 | Health 31
2025-01-04 22:57:38,554 - Tavern: [AC, 3C, QC, 9C]
2025-01-04 22:57:38,554 - Castle: [KD]
2025-01-04 22:57:38,554 - Discard: [TS, TC, AD, JH, QH, 6D, 2D, 4H, 5H, 8S, 7S, 7H, 7D, 2S, AS, TH, 9S, 9H, 2C, 6C, JS, 3H, 7C, 4S, 8D, 4C, AH, 6S, 3S, TD, QS, KH, KC, 2H, 8H, 5C, 5S]
2025-01-04 22:57:38,554 - Active Player: 1
2025-01-04 22:57:38,554 - STATE LOG: END
2025-01-04 22:57:38,673 - STATE LOG: BEGIN
2025-01-04 22:57:38,673 - Noah's Hand: [4D, 8C]
2025-01-04 22:57:38,673 - Eve's Hand: [3D, 5D, QD, QC, AC]
2025-01-04 22:57:38,673 - Boss: Rank: 13 | Suit S | Attack 20 | Health 20
2025-01-04 22:57:38,673 - Tavern: []
2025-01-04 22:57:38,673 - Castle: [KD]
2025-01-04 22:57:38,673 - Discard: [TS, TC, AD, JH, QH, 6D, 2D, 4H, 5H, 8S, 7S, 7H, 7D, 2S, AS, TH, 9S, 9H, 2C, 6C, JS, 3H, 7C, 4S, 8D, 4C, AH, 6S, 3S, TD, QS, KH, KC, 2H, 8H, 5C, 5S, 3C, 6H, 9C, JC]
2025-01-04 22:57:38,673 - Active Player: 2
2025-01-04 22:57:38,673 - STATE LOG: END
2025-01-04 22:57:38,731 - STATE LOG: BEGIN
2025-01-04 22:57:38,731 - Noah's Hand: [4D, 8C]
2025-01-04 22:57:38,731 - Eve's Hand: [3D]
2025-01-04 22:57:38,731 - Boss: Rank: 13 | Suit S | Attack 20 | Health 15
2025-01-04 22:57:38,731 - Tavern: []
2025-01-04 22:57:38,731 - Castle: [KD]
2025-01-04 22:57:38,731 - Discard: [TS, TC, AD, JH, QH, 6D, 2D, 4H, 5H, 8S, 7S, 7H, 7D, 2S, AS, TH, 9S, 9H, 2C, 6C, JS, 3H, 7C, 4S, 8D, 4C, AH, 6S, 3S, TD, QS, KH, KC, 2H, 8H, 5C, 5S, 3C, 6H, 9C, JC, QC, AC, QD]
2025-01-04 22:57:38,731 - Active Player: 1
2025-01-04 22:57:38,731 - STATE LOG: END
2025-01-04 22:57:38,740 - STATE LOG: BEGIN
2025-01-04 22:57:38,740 - Noah's Hand: [4D]
2025-01-04 22:57:38,740 - Eve's Hand: [3D]
2025-01-04 22:57:38,740 - Boss: Rank: 13 | Suit D | Attack 20 | Health 40
2025-01-04 22:57:38,740 - Tavern: []
2025-01-04 22:57:38,740 - Castle: []
2025-01-04 22:57:38,740 - Discard: [TS, TC, AD, JH, QH, 6D, 2D, 4H, 5H, 8S, 7S, 7H, 7D, 2S, AS, TH, 9S, 9H, 2C, 6C, JS, 3H, 7C, 4S, 8D, 4C, AH, 6S, 3S, TD, QS, KH, KC, 2H, 8H, 5C, 5S, 3C, 6H, 9C, JC, QC, AC, QD, JD, 8C, 9D, 5D, KS]
2025-01-04 22:57:38,740 - Active Player: 1
2025-01-04 22:57:38,740 - STATE LOG: END
2025-01-04 22:57:38,744 - STATE LOG: BEGIN
2025-01-04 22:57:38,744 - Noah's Hand: []
2025-01-04 22:57:38,744 - Eve's Hand: [3D]
2025-01-04 22:57:38,744 - Boss: Rank: 13 | Suit D | Attack 20 | Health 36
2025-01-04 22:57:38,744 - Tavern: []
2025-01-04 22:57:38,744 - Castle: []
2025-01-04 22:57:38,744 - Discard: [TS, TC, AD, JH, QH, 6D, 2D, 4H, 5H, 8S, 7S, 7H, 7D, 2S, AS, TH, 9S, 9H, 2C, 6C, JS, 3H, 7C, 4S, 8D, 4C, AH, 6S, 3S, TD, QS, KH, KC, 2H, 8H, 5C, 5S, 3C, 6H, 9C, JC, QC, AC, QD, JD, 8C, 9D, 5D, KS]
2025-01-04 22:57:38,744 - Active Player: 2
2025-01-04 22:57:38,744 - STATE LOG: END
