2025-01-04 22:56:45,830 - I log states! :D
2025-01-04 22:56:45,830 - STATE LOG: BEGIN
2025-01-04 22:56:45,830 - Noah's Hand: [3S, 9H, 5S, 8S, 7D, 7C, 2D]
2025-01-04 22:56:45,830 - Eve's Hand: [8D, 6D, 6C, 8C, AD, 4C, AH]
2025-01-04 22:56:45,830 - Boss: Rank: 11 | Suit S | Attack 10 | Health 20
2025-01-04 22:56:45,830 - Tavern: [7S, 6H, TC, 9D, TH, 8H, 3H, 4H, 7H, 2S, 9C, AS, 4D, 5H, TS, AC, 5C, 3D, TD, 4S, 3C, 9S, 5D, 2C, 6S, 2H]
2025-01-04 22:56:45,830 - Castle: [KC, KS, KH, KD, QH, QD, QC, QS, JD, JH, JC]
2025-01-04 22:56:45,830 - Discard: []
2025-01-04 22:56:45,830 - Active Player: 1
2025-01-04 22:56:45,830 - STATE LOG: END
2025-01-04 22:56:46,501 - STATE LOG: BEGIN
2025-01-04 22:56:46,502 - Noah's Hand: [2D, 3S, 5S, 7C, 7D]
2025-01-04 22:56:46,502 - Eve's Hand: [8D, 6D, 6C, 8C, AD, 4C, AH]
2025-01-04 22:56:46,502 - Boss: Rank: 11 | Suit S | Attack 10 | Health 20
2025-01-04 22:56:46,502 - Tavern: [7S, 6H, TC, 9D, TH, 8H, 3H, 4H, 7H, 2S, 9C, AS, 4D, 5H, TS, AC, 5C, 3D, TD, 4S, 3C, 9S, 5D, 2C, 6S, 2H]
2025-01-04 22:56:46,502 - Castle: [KC, KS, KH, KD, QH, QD, QC, QS, JD, JH, JC]
2025-01-04 22:56:46,502 - Discard: [8S, 9H]
2025-01-04 22:56:46,502 - Active Player: 2
2025-01-04 22:56:46,502 - STATE LOG: END
2025-01-04 22:56:47,165 - STATE LOG: BEGIN
2025-01-04 22:56:47,165 - Noah's Hand: [2D, 3S, 5S, 7C, 7D, 6S, 5D]
2025-01-04 22:56:47,165 - Eve's Hand: [AD, 8C, 8D, 2H, 2C]
2025-01-04 22:56:47,165 - Boss: Rank: 11 | Suit S | Attack 10 | Health 13
2025-01-04 22:56:47,165 - Tavern: [8S, 9H, 7S, 6H, TC, 9D, TH, 8H, 3H, 4H, 7H, 2S, 9C, AS, 4D, 5H, TS, AC, 5C, 3D, TD, 4S, 3C, 9S]
2025-01-04 22:56:47,165 - Castle: [KC, KS, KH, KD, QH, QD, QC, QS, JD, JH, JC]
2025-01-04 22:56:47,165 - Discard: [6C, 4C]
2025-01-04 22:56:47,165 - Active Player: 1
2025-01-04 22:56:47,165 - STATE LOG: END
2025-01-04 22:56:47,819 - STATE LOG: BEGIN
2025-01-04 22:56:47,819 - Noah's Hand: [2D, 3S, 5D, 6S, 7D]
2025-01-04 22:56:47,819 - Eve's Hand: [AD, 8C, 8D, 2H, 2C]
2025-01-04 22:56:47,819 - Boss: Rank: 11 | Suit S | Attack 10 | Health 13
2025-01-04 22:56:47,819 - Tavern: [8S, 9H, 7S, 6H, TC, 9D, TH, 8H, 3H, 4H, 7H, 2S, 9C, AS, 4D, 5H, TS, AC, 5C, 3D, TD, 4S, 3C, 9S]
2025-01-04 22:56:47,819 - Castle: [KC, KS, KH, KD, QH, QD, QC, QS, JD, JH, JC]
2025-01-04 22:56:47,819 - Discard: [6C, 4C, 7C, 5S]
2025-01-04 22:56:47,819 - Active Player: 2
2025-01-04 22:56:47,819 - STATE LOG: END
2025-01-04 22:56:48,277 - STATE LOG: BEGIN
2025-01-04 22:56:48,278 - Noah's Hand: [2D, 3S, 5D, 6S, 7D, 3C, TD]
2025-01-04 22:56:48,278 - Eve's Hand: [2C, 2H, 8D, 9S, 4S, 3D, 5C]
2025-01-04 22:56:48,278 - Boss: Rank: 11 | Suit C | Attack 10 | Health 20
2025-01-04 22:56:48,278 - Tavern: [8S, 9H, 7S, 6H, TC, 9D, TH, 8H, 3H, 4H, 7H, 2S, 9C, AS, 4D, 5H, TS, AC]
2025-01-04 22:56:48,278 - Castle: [KC, KS, KH, KD, QH, QD, QC, QS, JD, JH]
2025-01-04 22:56:48,278 - Discard: [6C, 4C, 7C, 5S, AH, 6D, AD, 8C, JS]
2025-01-04 22:56:48,278 - Active Player: 2
2025-01-04 22:56:48,278 - STATE LOG: END
2025-01-04 22:56:48,913 - STATE LOG: BEGIN
2025-01-04 22:56:48,913 - Noah's Hand: [2D, 3S, 5D, 6S, 7D, 3C, TD]
2025-01-04 22:56:48,913 - Eve's Hand: [2C, 2H, 3D, 8D]
2025-01-04 22:56:48,913 - Boss: Rank: 11 | Suit C | Attack 10 | Health 20
2025-01-04 22:56:48,913 - Tavern: [8S, 9H, 7S, 6H, TC, 9D, TH, 8H, 3H, 4H, 7H, 2S, 9C, AS, 4D, 5H, TS, AC]
2025-01-04 22:56:48,913 - Castle: [KC, KS, KH, KD, QH, QD, QC, QS, JD, JH]
2025-01-04 22:56:48,913 - Discard: [6C, 4C, 7C, 5S, AH, 6D, AD, 8C, JS, 5C, 4S, 9S]
2025-01-04 22:56:48,913 - Active Player: 1
2025-01-04 22:56:48,913 - STATE LOG: END
2025-01-04 22:56:49,491 - STATE LOG: BEGIN
2025-01-04 22:56:49,491 - Noah's Hand: [2D, 5D, 7D, TD]
2025-01-04 22:56:49,491 - Eve's Hand: [2C, 2H, 3D, 8D]
2025-01-04 22:56:49,491 - Boss: Rank: 11 | Suit C | Attack 4 | Health 14
2025-01-04 22:56:49,491 - Tavern: [8S, 9H, 7S, 6H, TC, 9D, TH, 8H, 3H, 4H, 7H, 2S, 9C, AS, 4D, 5H, TS, AC]
2025-01-04 22:56:49,491 - Castle: [KC, KS, KH, KD, QH, QD, QC, QS, JD, JH]
2025-01-04 22:56:49,491 - Discard: [6C, 4C, 7C, 5S, AH, 6D, AD, 8C, JS, 5C, 4S, 9S, 3C, 3S]
2025-01-04 22:56:49,491 - Active Player: 2
2025-01-04 22:56:49,491 - STATE LOG: END
2025-01-04 22:56:50,122 - STATE LOG: BEGIN
2025-01-04 22:56:50,122 - Noah's Hand: [2D, 5D, 7D, TD]
2025-01-04 22:56:50,122 - Eve's Hand: [3D, 8D]
2025-01-04 22:56:50,122 - Boss: Rank: 11 | Suit C | Attack 4 | Health 14
2025-01-04 22:56:50,122 - Tavern: [8S, 9H, 7S, 6H, TC, 9D, TH, 8H, 3H, 4H, 7H, 2S, 9C, AS, 4D, 5H, TS, AC]
2025-01-04 22:56:50,122 - Castle: [KC, KS, KH, KD, QH, QD, QC, QS, JD, JH]
2025-01-04 22:56:50,122 - Discard: [6C, 4C, 7C, 5S, AH, 6D, AD, 8C, JS, 5C, 4S, 9S, 3C, 3S, 2H, 2C]
2025-01-04 22:56:50,122 - Active Player: 1
2025-01-04 22:56:50,122 - STATE LOG: END
2025-01-04 22:56:50,768 - STATE LOG: BEGIN
2025-01-04 22:56:50,768 - Noah's Hand: [2D, 5D, 7D, AC, AS]
2025-01-04 22:56:50,768 - Eve's Hand: [3D, 8D, TS, 4D, 9C, 7H, 4H]
2025-01-04 22:56:50,768 - Boss: Rank: 11 | Suit C | Attack 4 | Health 4
2025-01-04 22:56:50,768 - Tavern: [8S, 9H, 7S, 6H, TC, 9D, TH, 8H, 3H]
2025-01-04 22:56:50,768 - Castle: [KC, KS, KH, KD, QH, QD, QC, QS, JD, JH]
2025-01-04 22:56:50,768 - Discard: [6C, 4C, 7C, 5S, AH, 6D, AD, 8C, JS, 5C, 4S, 9S, 3C, 3S, 2H, 2C, 2S, 5H]
2025-01-04 22:56:50,768 - Active Player: 2
2025-01-04 22:56:50,768 - STATE LOG: END
2025-01-04 22:56:51,462 - STATE LOG: BEGIN
2025-01-04 22:56:51,462 - Noah's Hand: [2D, 5D, 7D, AC, AS]
2025-01-04 22:56:51,462 - Eve's Hand: [3D, 4D, 4H, 8D, 9C, TS]
2025-01-04 22:56:51,462 - Boss: Rank: 11 | Suit H | Attack 10 | Health 20
2025-01-04 22:56:51,462 - Tavern: [7C, 3C, 2S, 8C, 6C, 3S, 5C, 8S, 9H, 7S, 6H, TC, 9D, TH, 8H, 3H]
2025-01-04 22:56:51,462 - Castle: [KC, KS, KH, KD, QH, QD, QC, QS, JD]
2025-01-04 22:56:51,462 - Discard: [AH, 5S, AD, 9S, 6D, JS, 2H, 2C, 4S, 4C, 5H, 6S, TD, 7H, JC]
2025-01-04 22:56:51,462 - Active Player: 2
2025-01-04 22:56:51,462 - STATE LOG: END
2025-01-04 22:56:52,134 - STATE LOG: BEGIN
2025-01-04 22:56:52,134 - Noah's Hand: [2D, 5D, 7D, AC, AS]
2025-01-04 22:56:52,134 - Eve's Hand: [3D, 4D, 4H, 8D, 9C]
2025-01-04 22:56:52,134 - Boss: Rank: 11 | Suit H | Attack 0 | Health 10
2025-01-04 22:56:52,134 - Tavern: [7C, 3C, 2S, 8C, 6C, 3S, 5C, 8S, 9H, 7S, 6H, TC, 9D, TH, 8H, 3H]
2025-01-04 22:56:52,134 - Castle: [KC, KS, KH, KD, QH, QD, QC, QS, JD]
2025-01-04 22:56:52,134 - Discard: [AH, 5S, AD, 9S, 6D, JS, 2H, 2C, 4S, 4C, 5H, 6S, TD, 7H, JC]
2025-01-04 22:56:52,134 - Active Player: 1
2025-01-04 22:56:52,134 - STATE LOG: END
2025-01-04 22:56:52,820 - STATE LOG: BEGIN
2025-01-04 22:56:52,820 - Noah's Hand: [AC, 2D, 5D, 7D]
2025-01-04 22:56:52,820 - Eve's Hand: [3D, 4D, 4H, 8D, 9C]
2025-01-04 22:56:52,820 - Boss: Rank: 11 | Suit H | Attack 0 | Health 9
2025-01-04 22:56:52,820 - Tavern: [7C, 3C, 2S, 8C, 6C, 3S, 5C, 8S, 9H, 7S, 6H, TC, 9D, TH, 8H, 3H]
2025-01-04 22:56:52,820 - Castle: [KC, KS, KH, KD, QH, QD, QC, QS, JD]
2025-01-04 22:56:52,820 - Discard: [AH, 5S, AD, 9S, 6D, JS, 2H, 2C, 4S, 4C, 5H, 6S, TD, 7H, JC]
2025-01-04 22:56:52,820 - Active Player: 2
2025-01-04 22:56:52,820 - STATE LOG: END
2025-01-04 22:56:53,521 - STATE LOG: BEGIN
2025-01-04 22:56:53,521 - Noah's Hand: [AC, 2D, 5D, 7D]
2025-01-04 22:56:53,521 - Eve's Hand: [3D, 4D, 4H, 8D, 9C]
2025-01-04 22:56:53,521 - Boss: Rank: 11 | Suit H | Attack 0 | Health 9
2025-01-04 22:56:53,521 - Tavern: [7C, 3C, 2S, 8C, 6C, 3S, 5C, 8S, 9H, 7S, 6H, TC, 9D, TH, 8H, 3H]
2025-01-04 22:56:53,521 - Castle: [KC, KS, KH, KD, QH, QD, QC, QS, JD]
2025-01-04 22:56:53,521 - Discard: [AH, 5S, AD, 9S, 6D, JS, 2H, 2C, 4S, 4C, 5H, 6S, TD, 7H, JC]
2025-01-04 22:56:53,521 - Active Player: 1
2025-01-04 22:56:53,521 - STATE LOG: END
2025-01-04 22:56:54,188 - STATE LOG: BEGIN
2025-01-04 22:56:54,188 - Noah's Hand: [AC, 2D, 7D, 3H, TH, TC]
2025-01-04 22:56:54,188 - Eve's Hand: [3D, 4D, 4H, 8D, 9C, 8H, 9D]
2025-01-04 22:56:54,188 - Boss: Rank: 11 | Suit H | Attack 0 | Health 4
2025-01-04 22:56:54,188 - Tavern: [7C, 3C, 2S, 8C, 6C, 3S, 5C, 8S, 9H, 7S, 6H]
2025-01-04 22:56:54,188 - Castle: [KC, KS, KH, KD, QH, QD, QC, QS, JD]
2025-01-04 22:56:54,188 - Discard: [AH, 5S, AD, 9S, 6D, JS, 2H, 2C, 4S, 4C, 5H, 6S, TD, 7H, JC]
2025-01-04 22:56:54,188 - Active Player: 2
2025-01-04 22:56:54,188 - STATE LOG: END
2025-01-04 22:56:54,813 - STATE LOG: BEGIN
2025-01-04 22:56:54,813 - Noah's Hand: [AC, 2D, 7D, 3H, TH, TC, 7S]
2025-01-04 22:56:54,813 - Eve's Hand: [4D, 4H, 8D, 8H, 9C, 9D, 6H]
2025-01-04 22:56:54,813 - Boss: Rank: 11 | Suit H | Attack 0 | Health 1
2025-01-04 22:56:54,813 - Tavern: [7C, 3C, 2S, 8C, 6C, 3S, 5C, 8S, 9H]
2025-01-04 22:56:54,813 - Castle: [KC, KS, KH, KD, QH, QD, QC, QS, JD]
2025-01-04 22:56:54,813 - Discard: [AH, 5S, AD, 9S, 6D, JS, 2H, 2C, 4S, 4C, 5H, 6S, TD, 7H, JC]
2025-01-04 22:56:54,813 - Active Player: 1
2025-01-04 22:56:54,813 - STATE LOG: END
2025-01-04 22:56:55,462 - STATE LOG: BEGIN
2025-01-04 22:56:55,462 - Noah's Hand: [AC, 3H, 7D, 7S, TC, TH, 9H]
2025-01-04 22:56:55,462 - Eve's Hand: [4D, 4H, 8D, 8H, 9C, 9D, 6H]
2025-01-04 22:56:55,462 - Boss: Rank: 11 | Suit D | Attack 10 | Health 20
2025-01-04 22:56:55,462 - Tavern: [7C, 3C, 2S, 8C, 6C, 3S, 5C, 8S]
2025-01-04 22:56:55,462 - Castle: [KC, KS, KH, KD, QH, QD, QC, QS]
2025-01-04 22:56:55,462 - Discard: [AH, 5S, AD, 9S, 6D, JS, 2H, 2C, 4S, 4C, 5H, 6S, TD, 7H, JC, AS, 5D, 2D, TS, 3D, JH]
2025-01-04 22:56:55,462 - Active Player: 1
2025-01-04 22:56:55,462 - STATE LOG: END
2025-01-04 22:56:56,093 - STATE LOG: BEGIN
2025-01-04 22:56:56,093 - Noah's Hand: [3H, 7D, 7S, 9H, TC]
2025-01-04 22:56:56,093 - Eve's Hand: [4D, 4H, 8D, 8H, 9C, 9D, 6H]
2025-01-04 22:56:56,093 - Boss: Rank: 12 | Suit S | Attack 15 | Health 30
2025-01-04 22:56:56,093 - Tavern: [5D, 2H, 5H, AD, 4S, AS, AH, 6S, JS, JC, TD, 7C, 3C, 2S, 8C, 6C, 3S, 5C, 8S]
2025-01-04 22:56:56,093 - Castle: [KC, KS, KH, KD, QH, QD, QC]
2025-01-04 22:56:56,093 - Discard: [9S, 6D, TS, 4C, 2C, JH, 2D, 5S, 7H, 3D, AC, TH, JD]
2025-01-04 22:56:56,093 - Active Player: 1
2025-01-04 22:56:56,093 - STATE LOG: END
2025-01-04 22:56:56,573 - STATE LOG: BEGIN
2025-01-04 22:56:56,573 - Noah's Hand: [7D, 7S]
2025-01-04 22:56:56,573 - Eve's Hand: [4D, 4H, 8D, 8H, 9C, 9D, 6H]
2025-01-04 22:56:56,573 - Boss: Rank: 12 | Suit S | Attack 15 | Health 27
2025-01-04 22:56:56,573 - Tavern: [5S, TS, 6D, 5D, 2H, 5H, AD, 4S, AS, AH, 6S, JS, JC, TD, 7C, 3C, 2S, 8C, 6C, 3S, 5C, 8S]
2025-01-04 22:56:56,573 - Castle: [KC, KS, KH, KD, QH, QD, QC]
2025-01-04 22:56:56,573 - Discard: [9S, JD, 2C, 3D, TH, 4C, 2D, JH, 7H, AC, 9H, TC]
2025-01-04 22:56:56,573 - Active Player: 2
2025-01-04 22:56:56,573 - STATE LOG: END
2025-01-04 22:56:56,778 - STATE LOG: BEGIN
2025-01-04 22:56:56,778 - Noah's Hand: [7D, 7S, 5C, 3S, 6C, 8C, 2S]
2025-01-04 22:56:56,778 - Eve's Hand: [4D, 4H, 6H, 9D, 8S]
2025-01-04 22:56:56,778 - Boss: Rank: 12 | Suit S | Attack 15 | Health 19
2025-01-04 22:56:56,778 - Tavern: [5S, TS, 6D, 5D, 2H, 5H, AD, 4S, AS, AH, 6S, JS, JC, TD, 7C, 3C]
2025-01-04 22:56:56,778 - Castle: [KC, KS, KH, KD, QH, QD, QC]
2025-01-04 22:56:56,778 - Discard: [9S, JD, 2C, 3D, TH, 4C, 2D, JH, 7H, AC, 9H, TC, 8H, 9C]
2025-01-04 22:56:56,778 - Active Player: 1
2025-01-04 22:56:56,778 - STATE LOG: END
2025-01-04 22:56:57,420 - STATE LOG: BEGIN
2025-01-04 22:56:57,420 - Noah's Hand: [7D, 7S]
2025-01-04 22:56:57,420 - Eve's Hand: [4D, 4H, 6H, 9D, 8S]
2025-01-04 22:56:57,420 - Boss: Rank: 12 | Suit S | Attack 15 | Health 16
2025-01-04 22:56:57,420 - Tavern: [5S, TS, 6D, 5D, 2H, 5H, AD, 4S, AS, AH, 6S, JS, JC, TD, 7C, 3C]
2025-01-04 22:56:57,420 - Castle: [KC, KS, KH, KD, QH, QD, QC]
2025-01-04 22:56:57,420 - Discard: [9S, JD, 2C, 3D, TH, 4C, 2D, JH, 7H, AC, 9H, TC, 8H, 9C, 2S, 6C, 5C, 8C]
2025-01-04 22:56:57,420 - Active Player: 2
2025-01-04 22:56:57,420 - STATE LOG: END
2025-01-04 22:56:57,615 - STATE LOG: BEGIN
2025-01-04 22:56:57,615 - Noah's Hand: [7D, 7S, 7C, JC]
2025-01-04 22:56:57,615 - Eve's Hand: [9D, TD]
2025-01-04 22:56:57,615 - Boss: Rank: 12 | Suit S | Attack 15 | Health 12
2025-01-04 22:56:57,615 - Tavern: [5S, TS, 6D, 5D, 2H, 5H, AD, 4S, AS, AH, 6S, JS]
2025-01-04 22:56:57,615 - Castle: [KC, KS, KH, KD, QH, QD, QC]
2025-01-04 22:56:57,615 - Discard: [9S, JD, 2C, 3D, TH, 4C, 2D, JH, 7H, AC, 9H, TC, 8H, 9C, 2S, 6C, 5C, 8C, 3C, 6H, 4H, 8S]
2025-01-04 22:56:57,615 - Active Player: 1
2025-01-04 22:56:57,615 - STATE LOG: END
2025-01-04 22:56:57,902 - STATE LOG: BEGIN
2025-01-04 22:56:57,902 - Noah's Hand: [7D, 7S]
2025-01-04 22:56:57,902 - Eve's Hand: [9D, TD]
2025-01-04 22:56:57,902 - Boss: Rank: 12 | Suit S | Attack 15 | Health 12
2025-01-04 22:56:57,902 - Tavern: [5S, TS, 6D, 5D, 2H, 5H, AD, 4S, AS, AH, 6S, JS]
2025-01-04 22:56:57,902 - Castle: [KC, KS, KH, KD, QH, QD, QC]
2025-01-04 22:56:57,902 - Discard: [9S, JD, 2C, 3D, TH, 4C, 2D, JH, 7H, AC, 9H, TC, 8H, 9C, 2S, 6C, 5C, 8C, 3C, 6H, 4H, 8S, 7C, JC]
2025-01-04 22:56:57,902 - Active Player: 2
2025-01-04 22:56:57,902 - STATE LOG: END
2025-01-04 22:56:58,536 - STATE LOG: BEGIN
2025-01-04 22:56:58,536 - Noah's Hand: [7D, 7S, 6S, AS, AD, 2H, 6D]
2025-01-04 22:56:58,536 - Eve's Hand: [9D, 5H, 5D]
2025-01-04 22:56:58,536 - Boss: Rank: 12 | Suit S | Attack 15 | Health 2
2025-01-04 22:56:58,536 - Tavern: [5S, TS]
2025-01-04 22:56:58,536 - Castle: [KC, KS, KH, KD, QH, QD, QC]
2025-01-04 22:56:58,536 - Discard: [9S, JD, 2C, 3D, TH, 4C, 2D, JH, 7H, AC, 9H, TC, 8H, 9C, 2S, 6C, 5C, 8C, 3C, 6H, 4H, 8S, 7C, JC, JS, AH, 4S]
2025-01-04 22:56:58,536 - Active Player: 1
2025-01-04 22:56:58,536 - STATE LOG: END
2025-01-04 22:56:59,221 - STATE LOG: BEGIN
2025-01-04 22:56:59,221 - Noah's Hand: [AS, 6D, 6S, 7D, 7S, TS, 7H]
2025-01-04 22:56:59,221 - Eve's Hand: [9D, 5H, 5D, 5S]
2025-01-04 22:56:59,221 - Boss: Rank: 12 | Suit C | Attack 15 | Health 30
2025-01-04 22:56:59,221 - Tavern: [3D, 4S]
2025-01-04 22:56:59,221 - Castle: [KC, KS, KH, KD, QH, QD]
2025-01-04 22:56:59,221 - Discard: [5C, 8C, 2S, JS, AC, JH, 2D, 9H, JD, AH, 4H, 8H, TH, 2C, 6C, JC, TC, 4C, 3C, 6H, 7C, 9C, 9S, 8S, 3H, 3S, AD, 2H, 8D, 4D, TD, QS]
2025-01-04 22:56:59,221 - Active Player: 1
2025-01-04 22:56:59,221 - STATE LOG: END
2025-01-04 22:56:59,919 - STATE LOG: BEGIN
2025-01-04 22:56:59,919 - Noah's Hand: [6D, 7D, TS]
2025-01-04 22:56:59,919 - Eve's Hand: [9D, 5H, 5D, 5S]
2025-01-04 22:56:59,919 - Boss: Rank: 12 | Suit C | Attack 7 | Health 22
2025-01-04 22:56:59,919 - Tavern: [8C, AD, QS, 9H, 7C, 2S, 8D, JD, 3D, 4S]
2025-01-04 22:56:59,919 - Castle: [KC, KS, KH, KD, QH, QD]
2025-01-04 22:56:59,919 - Discard: [3S, 9C, TH, TD, JC, 2D, AH, 3H, 6C, 6H, JS, 4H, 9S, TC, 8S, JH, AC, 4C, 5C, 4D, 8H, 3C, 2C, 2H, 6S, 7S]
2025-01-04 22:56:59,919 - Active Player: 2
2025-01-04 22:56:59,919 - STATE LOG: END
2025-01-04 22:57:00,671 - STATE LOG: BEGIN
2025-01-04 22:57:00,671 - Noah's Hand: [6D, 7D, TS, 3D, 8D, 7C, QS]
2025-01-04 22:57:00,671 - Eve's Hand: [5H, 9D, 4S, JD, 2S, 9H, AD]
2025-01-04 22:57:00,671 - Boss: Rank: 12 | Suit C | Attack 0 | Health 12
2025-01-04 22:57:00,671 - Tavern: [8C]
2025-01-04 22:57:00,671 - Castle: [KC, KS, KH, KD, QH, QD]
2025-01-04 22:57:00,671 - Discard: [3S, 9C, TH, TD, JC, 2D, AH, 3H, 6C, 6H, JS, 4H, 9S, TC, 8S, JH, AC, 4C, 5C, 4D, 8H, 3C, 2C, 2H, 6S, 7S]
2025-01-04 22:57:00,671 - Active Player: 1
2025-01-04 22:57:00,671 - STATE LOG: END
2025-01-04 22:57:01,451 - STATE LOG: BEGIN
2025-01-04 22:57:01,451 - Noah's Hand: [3D, 6D, 7C, 7D, 8D, TS, QS]
2025-01-04 22:57:01,451 - Eve's Hand: [5H, 9D, 4S, JD, 2S, 9H, AD]
2025-01-04 22:57:01,451 - Boss: Rank: 12 | Suit C | Attack 0 | Health 12
2025-01-04 22:57:01,451 - Tavern: [8C]
2025-01-04 22:57:01,451 - Castle: [KC, KS, KH, KD, QH, QD]
2025-01-04 22:57:01,451 - Discard: [3S, 9C, TH, TD, JC, 2D, AH, 3H, 6C, 6H, JS, 4H, 9S, TC, 8S, JH, AC, 4C, 5C, 4D, 8H, 3C, 2C, 2H, 6S, 7S]
2025-01-04 22:57:01,451 - Active Player: 2
2025-01-04 22:57:01,451 - STATE LOG: END
2025-01-04 22:57:02,244 - STATE LOG: BEGIN
2025-01-04 22:57:02,244 - Noah's Hand: [3D, 6D, 7C, 7D, 8D, TS, QS]
2025-01-04 22:57:02,244 - Eve's Hand: [2S, 4S, 9D, JD, 9H, 8C, AC]
2025-01-04 22:57:02,244 - Boss: Rank: 12 | Suit C | Attack 0 | Health 6
2025-01-04 22:57:02,244 - Tavern: [3S, 5C, 8H, JC, TC]
2025-01-04 22:57:02,244 - Castle: [KC, KS, KH, KD, QH, QD]
2025-01-04 22:57:02,244 - Discard: [9C, JS, 6S, JH, 8S, AH, 7S, 2H, TD, 6H, 2D, 3C, TH, 3H, 4D, 6C, 4C, 9S, 2C, 4H]
2025-01-04 22:57:02,244 - Active Player: 1
2025-01-04 22:57:02,244 - STATE LOG: END
2025-01-04 22:57:03,017 - STATE LOG: BEGIN
2025-01-04 22:57:03,017 - Noah's Hand: [3D, 7C, 7D, 8D, TS, QS, TC]
2025-01-04 22:57:03,017 - Eve's Hand: [2S, 4S, 9D, JD, 9H, 8C, AC]
2025-01-04 22:57:03,017 - Boss: Rank: 12 | Suit D | Attack 15 | Health 30
2025-01-04 22:57:03,017 - Tavern: [3S, 5C, 8H, JC]
2025-01-04 22:57:03,017 - Castle: [KC, KS, KH, KD, QH]
2025-01-04 22:57:03,017 - Discard: [9C, JS, 6S, JH, 8S, AH, 7S, 2H, TD, 6H, 2D, 3C, TH, 3H, 4D, 6C, 4C, 9S, 2C, 4H, AS, 7H, 6D, 5D, 5S, AD, 5H]
2025-01-04 22:57:03,017 - Active Player: 1
2025-01-04 22:57:03,017 - STATE LOG: END
2025-01-04 22:57:03,785 - STATE LOG: BEGIN
2025-01-04 22:57:03,785 - Noah's Hand: [3D, 7C, 7D, 8D, TC]
2025-01-04 22:57:03,785 - Eve's Hand: [2S, 4S, 9D, JD, 9H, 8C, AC]
2025-01-04 22:57:03,785 - Boss: Rank: 12 | Suit D | Attack 3 | Health 18
2025-01-04 22:57:03,785 - Tavern: [3S, 5C, 8H, JC]
2025-01-04 22:57:03,785 - Castle: [KC, KS, KH, KD, QH]
2025-01-04 22:57:03,785 - Discard: [9C, JS, 6S, JH, 8S, AH, 7S, 2H, TD, 6H, 2D, 3C, TH, 3H, 4D, 6C, 4C, 9S, 2C, 4H, AS, 7H, 6D, 5D, 5S, AD, 5H, TS]
2025-01-04 22:57:03,785 - Active Player: 2
2025-01-04 22:57:03,785 - STATE LOG: END
2025-01-04 22:57:04,550 - STATE LOG: BEGIN
2025-01-04 22:57:04,550 - Noah's Hand: [3D, 7C, 7D, 8D, TC]
2025-01-04 22:57:04,550 - Eve's Hand: [AC, 4S, 9D, JD, 9H]
2025-01-04 22:57:04,550 - Boss: Rank: 12 | Suit D | Attack 1 | Health 16
2025-01-04 22:57:04,550 - Tavern: [3S, 5C, 8H, JC]
2025-01-04 22:57:04,550 - Castle: [KC, KS, KH, KD, QH]
2025-01-04 22:57:04,550 - Discard: [9C, JS, 6S, JH, 8S, AH, 7S, 2H, TD, 6H, 2D, 3C, TH, 3H, 4D, 6C, 4C, 9S, 2C, 4H, AS, 7H, 6D, 5D, 5S, AD, 5H, TS, 8C]
2025-01-04 22:57:04,550 - Active Player: 1
2025-01-04 22:57:04,550 - STATE LOG: END
2025-01-04 22:57:05,145 - STATE LOG: BEGIN
2025-01-04 22:57:05,145 - Noah's Hand: [3D, 7D, 8D, TC]
2025-01-04 22:57:05,145 - Eve's Hand: [AC, 4S, 9D, JD, 9H]
2025-01-04 22:57:05,145 - Boss: Rank: 12 | Suit D | Attack 1 | Health 16
2025-01-04 22:57:05,145 - Tavern: [3S, 5C, 8H, JC]
2025-01-04 22:57:05,145 - Castle: [KC, KS, KH, KD, QH]
2025-01-04 22:57:05,145 - Discard: [9C, JS, 6S, JH, 8S, AH, 7S, 2H, TD, 6H, 2D, 3C, TH, 3H, 4D, 6C, 4C, 9S, 2C, 4H, AS, 7H, 6D, 5D, 5S, AD, 5H, TS, 8C, 7C]
2025-01-04 22:57:05,145 - Active Player: 2
2025-01-04 22:57:05,145 - STATE LOG: END
2025-01-04 22:57:05,524 - STATE LOG: BEGIN
2025-01-04 22:57:05,524 - Noah's Hand: [3D, 7D, 8D, TC]
2025-01-04 22:57:05,524 - Eve's Hand: [4S, 9D, JD]
2025-01-04 22:57:05,524 - Boss: Rank: 12 | Suit H | Attack 15 | Health 30
2025-01-04 22:57:05,524 - Tavern: [8C, 5H, 7C, 6C, 4H, 9C, 2D, 9S, 3C, AH, 3S, 5C, 8H, JC]
2025-01-04 22:57:05,524 - Castle: [KC, KS, KH, KD]
2025-01-04 22:57:05,524 - Discard: [2H, 7S, 7H, JS, TS, TD, JH, 6H, AS, 5D, AD, 8S, 2C, 6S, 5S, TH, 3H, 4C, 6D, 4D, QS, 2S, AC, 9H, QD]
2025-01-04 22:57:05,524 - Active Player: 2
2025-01-04 22:57:05,524 - STATE LOG: END
2025-01-04 22:57:05,718 - STATE LOG: BEGIN
2025-01-04 22:57:05,718 - Noah's Hand: [3D, 7D, 8D, TC, JC, 5C, AH]
2025-01-04 22:57:05,719 - Eve's Hand: [4S, 9D, QC, 3S, 3C]
2025-01-04 22:57:05,719 - Boss: Rank: 12 | Suit H | Attack 15 | Health 19
2025-01-04 22:57:05,719 - Tavern: [8C, 5H, 7C, 6C, 4H, 9C, 2D]
2025-01-04 22:57:05,719 - Castle: [KC, KS, KH, KD]
2025-01-04 22:57:05,719 - Discard: [2H, 7S, 7H, JS, TS, TD, JH, 6H, AS, 5D, AD, 8S, 2C, 6S, 5S, TH, 3H, 4C, 6D, 4D, QS, 2S, AC, 9H, QD, 9S, 8H]
2025-01-04 22:57:05,719 - Active Player: 1
2025-01-04 22:57:05,719 - STATE LOG: END
2025-01-04 22:57:06,477 - STATE LOG: BEGIN
2025-01-04 22:57:06,477 - Noah's Hand: [5C, 7D, 8D, 2D, 4H]
2025-01-04 22:57:06,477 - Eve's Hand: [4S, 9D, QC, 3S, 3C, 9C, 6C]
2025-01-04 22:57:06,477 - Boss: Rank: 12 | Suit H | Attack 15 | Health 15
2025-01-04 22:57:06,477 - Tavern: [8C, 5H, 7C]
2025-01-04 22:57:06,477 - Castle: [KC, KS, KH, KD]
2025-01-04 22:57:06,477 - Discard: [2H, 7S, 7H, JS, TS, TD, JH, 6H, AS, 5D, AD, 8S, 2C, 6S, 5S, TH, 3H, 4C, 6D, 4D, QS, 2S, AC, 9H, QD, 9S, 8H, TC, JC]
2025-01-04 22:57:06,477 - Active Player: 2
2025-01-04 22:57:06,477 - STATE LOG: END
2025-01-04 22:57:07,111 - STATE LOG: BEGIN
2025-01-04 22:57:07,111 - Noah's Hand: [5C, 7D, 8D, 2D, 4H]
2025-01-04 22:57:07,111 - Eve's Hand: [3C, 4S, 6C, 9D]
2025-01-04 22:57:07,111 - Boss: Rank: 12 | Suit H | Attack 15 | Health 15
2025-01-04 22:57:07,111 - Tavern: [8C, 5H, 7C]
2025-01-04 22:57:07,111 - Castle: [KC, KS, KH, KD]
2025-01-04 22:57:07,111 - Discard: [2H, 7S, 7H, JS, TS, TD, JH, 6H, AS, 5D, AD, 8S, 2C, 6S, 5S, TH, 3H, 4C, 6D, 4D, QS, 2S, AC, 9H, QD, 9S, 8H, TC, JC, 3S, 9C, QC]
2025-01-04 22:57:07,111 - Active Player: 1
2025-01-04 22:57:07,111 - STATE LOG: END
2025-01-04 22:57:07,234 - STATE LOG: BEGIN
2025-01-04 22:57:07,234 - Noah's Hand: [2D, 4H, 7D]
2025-01-04 22:57:07,234 - Eve's Hand: [3C, 4S, 6C, 9D, 5H]
2025-01-04 22:57:07,234 - Boss: Rank: 12 | Suit H | Attack 15 | Health 7
2025-01-04 22:57:07,234 - Tavern: []
2025-01-04 22:57:07,234 - Castle: [KC, KS, KH, KD]
2025-01-04 22:57:07,234 - Discard: [2H, 7S, 7H, JS, TS, TD, JH, 6H, AS, 5D, AD, 8S, 2C, 6S, 5S, TH, 3H, 4C, 6D, 4D, QS, 2S, AC, 9H, QD, 9S, 8H, TC, JC, 3S, 9C, QC, 8C, 5C, 7C]
2025-01-04 22:57:07,234 - Active Player: 2
2025-01-04 22:57:07,234 - STATE LOG: END
2025-01-04 22:57:07,292 - STATE LOG: BEGIN
2025-01-04 22:57:07,292 - Noah's Hand: [2D, 4H, 7D]
2025-01-04 22:57:07,292 - Eve's Hand: [9D]
2025-01-04 22:57:07,292 - Boss: Rank: 12 | Suit H | Attack 11 | Health 3
2025-01-04 22:57:07,292 - Tavern: []
2025-01-04 22:57:07,292 - Castle: [KC, KS, KH, KD]
2025-01-04 22:57:07,292 - Discard: [2H, 7S, 7H, JS, TS, TD, JH, 6H, AS, 5D, AD, 8S, 2C, 6S, 5S, TH, 3H, 4C, 6D, 4D, QS, 2S, AC, 9H, QD, 9S, 8H, TC, JC, 3S, 9C, QC, 8C, 5C, 7C, 6C, 3C, 5H]
2025-01-04 22:57:07,292 - Active Player: 1
2025-01-04 22:57:07,292 - STATE LOG: END
2025-01-04 22:57:07,308 - STATE LOG: BEGIN
2025-01-04 22:57:07,309 - Noah's Hand: []
2025-01-04 22:57:07,309 - Eve's Hand: [9D]
2025-01-04 22:57:07,309 - Boss: Rank: 12 | Suit H | Attack 11 | Health 3
2025-01-04 22:57:07,309 - Tavern: []
2025-01-04 22:57:07,309 - Castle: [KC, KS, KH, KD]
2025-01-04 22:57:07,309 - Discard: [2H, 7S, 7H, JS, TS, TD, JH, 6H, AS, 5D, AD, 8S, 2C, 6S, 5S, TH, 3H, 4C, 6D, 4D, QS, 2S, AC, 9H, QD, 9S, 8H, TC, JC, 3S, 9C, QC, 8C, 5C, 7C, 6C, 3C, 5H, 4H, 2D, 7D]
2025-01-04 22:57:07,309 - Active Player: 2
2025-01-04 22:57:07,309 - STATE LOG: END
