2025-01-04 01:48:02,714 - I log states! :D
2025-01-04 01:48:02,714 - STATE LOG: BEGIN
2025-01-04 01:48:02,715 - Noah's Hand: [8C, 6H, 9H, 5C, 8S, 2H, 2S]
2025-01-04 01:48:02,715 - Eve's Hand: [3H, 5H, 9S, 5S, AC, 6S, TD]
2025-01-04 01:48:02,715 - Boss: Rank: 11 | Suit C | Attack 10 | Health 20
2025-01-04 01:48:02,715 - Tavern: [AS, AD, 3S, 2D, TS, 6D, 6C, 5D, 4S, 3D, 4D, 2C, TC, TH, 7S, 7H, 4C, 7D, 8D, 7C, 3C, 8H, 4H, 9C, 9D, AH]
2025-01-04 01:48:02,715 - Castle: [KD, KS, KH, KC, QC, QH, QS, QD, JD, JS, JH]
2025-01-04 01:48:02,715 - Discard: []
2025-01-04 01:48:02,715 - Active Player: 1
2025-01-04 01:48:02,715 - STATE LOG: END
2025-01-04 01:48:12,785 - STATE LOG: BEGIN
2025-01-04 01:48:12,785 - Noah's Hand: [2H, 5C, 6H, 8C, 8S]
2025-01-04 01:48:12,786 - Eve's Hand: [3H, 5H, 9S, 5S, AC, 6S, TD]
2025-01-04 01:48:12,786 - Boss: Rank: 11 | Suit C | Attack 8 | Health 18
2025-01-04 01:48:12,786 - Tavern: [AS, AD, 3S, 2D, TS, 6D, 6C, 5D, 4S, 3D, 4D, 2C, TC, TH, 7S, 7H, 4C, 7D, 8D, 7C, 3C, 8H, 4H, 9C, 9D, AH]
2025-01-04 01:48:12,786 - Castle: [KD, KS, KH, KC, QC, QH, QS, QD, JD, JS, JH]
2025-01-04 01:48:12,786 - Discard: [9H]
2025-01-04 01:48:12,786 - Active Player: 2
2025-01-04 01:48:12,786 - STATE LOG: END
2025-01-04 01:48:22,806 - STATE LOG: BEGIN
2025-01-04 01:48:22,816 - Noah's Hand: [2H, 5C, 6H, 8C, 8S]
2025-01-04 01:48:22,816 - Eve's Hand: [AC, 3H, 5H, 5S, 6S, TD]
2025-01-04 01:48:22,816 - Boss: Rank: 11 | Suit C | Attack 0 | Health 9
2025-01-04 01:48:22,816 - Tavern: [AS, AD, 3S, 2D, TS, 6D, 6C, 5D, 4S, 3D, 4D, 2C, TC, TH, 7S, 7H, 4C, 7D, 8D, 7C, 3C, 8H, 4H, 9C, 9D, AH]
2025-01-04 01:48:22,816 - Castle: [KD, KS, KH, KC, QC, QH, QS, QD, JD, JS, JH]
2025-01-04 01:48:22,816 - Discard: [9H]
2025-01-04 01:48:22,816 - Active Player: 1
2025-01-04 01:48:22,816 - STATE LOG: END
2025-01-04 01:48:32,826 - STATE LOG: BEGIN
2025-01-04 01:48:32,830 - Noah's Hand: [2H, 5C, 6H, 8C, 8S]
2025-01-04 01:48:32,830 - Eve's Hand: [AC, 3H, 5H, 5S, 6S, TD]
2025-01-04 01:48:32,830 - Boss: Rank: 11 | Suit C | Attack 0 | Health 9
2025-01-04 01:48:32,831 - Tavern: [AS, AD, 3S, 2D, TS, 6D, 6C, 5D, 4S, 3D, 4D, 2C, TC, TH, 7S, 7H, 4C, 7D, 8D, 7C, 3C, 8H, 4H, 9C, 9D, AH]
2025-01-04 01:48:32,831 - Castle: [KD, KS, KH, KC, QC, QH, QS, QD, JD, JS, JH]
2025-01-04 01:48:32,831 - Discard: [9H]
2025-01-04 01:48:32,831 - Active Player: 2
2025-01-04 01:48:32,831 - STATE LOG: END
2025-01-04 01:48:42,836 - STATE LOG: BEGIN
2025-01-04 01:48:42,837 - Noah's Hand: [2H, 5C, 6H, 8C, 8S]
2025-01-04 01:48:42,837 - Eve's Hand: [AC, 5H, 5S, 6S, TD]
2025-01-04 01:48:42,837 - Boss: Rank: 11 | Suit C | Attack 0 | Health 6
2025-01-04 01:48:42,837 - Tavern: [9H, AS, AD, 3S, 2D, TS, 6D, 6C, 5D, 4S, 3D, 4D, 2C, TC, TH, 7S, 7H, 4C, 7D, 8D, 7C, 3C, 8H, 4H, 9C, 9D, AH]
2025-01-04 01:48:42,837 - Castle: [KD, KS, KH, KC, QC, QH, QS, QD, JD, JS, JH]
2025-01-04 01:48:42,838 - Discard: []
2025-01-04 01:48:42,838 - Active Player: 1
2025-01-04 01:48:42,839 - STATE LOG: END
2025-01-04 01:48:47,796 - STATE LOG: BEGIN
2025-01-04 01:48:47,797 - Noah's Hand: [2H, 5C, 6H, 8C, 8S]
2025-01-04 01:48:47,797 - Eve's Hand: [AC, 5H, 5S, 6S, TD]
2025-01-04 01:48:47,797 - Boss: Rank: 11 | Suit C | Attack 0 | Health 6
2025-01-04 01:48:47,797 - Tavern: [9H, AS, AD, 3S, 2D, TS, 6D, 6C, 5D, 4S, 3D, 4D, 2C, TC, TH, 7S, 7H, 4C, 7D, 8D, 7C, 3C, 8H, 4H, 9C, 9D, AH]
2025-01-04 01:48:47,797 - Castle: [KD, KS, KH, KC, QC, QH, QS, QD, JD, JS, JH]
2025-01-04 01:48:47,797 - Discard: []
2025-01-04 01:48:47,797 - Active Player: 2
2025-01-04 01:48:47,797 - STATE LOG: END
2025-01-04 01:48:51,256 - STATE LOG: BEGIN
2025-01-04 01:48:51,257 - Noah's Hand: [2H, 5C, 6H, 8C, 8S]
2025-01-04 01:48:51,257 - Eve's Hand: [AC, 5S, 6S, TD]
2025-01-04 01:48:51,257 - Boss: Rank: 11 | Suit C | Attack 0 | Health 1
2025-01-04 01:48:51,257 - Tavern: [9H, AS, AD, 3S, 2D, TS, 6D, 6C, 5D, 4S, 3D, 4D, 2C, TC, TH, 7S, 7H, 4C, 7D, 8D, 7C, 3C, 8H, 4H, 9C, 9D, AH]
2025-01-04 01:48:51,257 - Castle: [KD, KS, KH, KC, QC, QH, QS, QD, JD, JS, JH]
2025-01-04 01:48:51,257 - Discard: []
2025-01-04 01:48:51,257 - Active Player: 1
2025-01-04 01:48:51,257 - STATE LOG: END
2025-01-04 01:48:53,842 - STATE LOG: BEGIN
2025-01-04 01:48:53,842 - Noah's Hand: [5C, 6H, 8C, 8S]
2025-01-04 01:48:53,842 - Eve's Hand: [AC, 5S, 6S, TD]
2025-01-04 01:48:53,842 - Boss: Rank: 11 | Suit H | Attack 10 | Health 20
2025-01-04 01:48:53,842 - Tavern: [9H, AS, AD, 3S, 2D, TS, 6D, 6C, 5D, 4S, 3D, 4D, 2C, TC, TH, 7S, 7H, 4C, 7D, 8D, 7C, 3C, 8H, 4H, 9C, 9D, AH]
2025-01-04 01:48:53,842 - Castle: [KD, KS, KH, KC, QC, QH, QS, QD, JD, JS]
2025-01-04 01:48:53,842 - Discard: [2S, 2H, 9S, 3H, 5H, JC]
2025-01-04 01:48:53,842 - Active Player: 1
2025-01-04 01:48:53,842 - STATE LOG: END
2025-01-04 01:48:55,247 - STATE LOG: BEGIN
2025-01-04 01:48:55,247 - Noah's Hand: [5C, 6H]
2025-01-04 01:48:55,247 - Eve's Hand: [AC, 5S, 6S, TD]
2025-01-04 01:48:55,247 - Boss: Rank: 11 | Suit H | Attack 2 | Health 12
2025-01-04 01:48:55,247 - Tavern: [9H, AS, AD, 3S, 2D, TS, 6D, 6C, 5D, 4S, 3D, 4D, 2C, TC, TH, 7S, 7H, 4C, 7D, 8D, 7C, 3C, 8H, 4H, 9C, 9D, AH]
2025-01-04 01:48:55,247 - Castle: [KD, KS, KH, KC, QC, QH, QS, QD, JD, JS]
2025-01-04 01:48:55,247 - Discard: [2S, 2H, 9S, 3H, 5H, JC, 8C]
2025-01-04 01:48:55,247 - Active Player: 2
2025-01-04 01:48:55,247 - STATE LOG: END
2025-01-04 01:48:56,514 - STATE LOG: BEGIN
2025-01-04 01:48:56,514 - Noah's Hand: [5C, 6H, 9D, 4H, 3C, 8D, 7D]
2025-01-04 01:48:56,514 - Eve's Hand: [AC, 5S, 6S, AH, 9C, 8H]
2025-01-04 01:48:56,514 - Boss: Rank: 11 | Suit H | Attack 2 | Health 2
2025-01-04 01:48:56,514 - Tavern: [9H, AS, AD, 3S, 2D, TS, 6D, 6C, 5D, 4S, 3D, 4D, 2C, TC, TH, 7S, 7H, 4C]
2025-01-04 01:48:56,514 - Castle: [KD, KS, KH, KC, QC, QH, QS, QD, JD, JS]
2025-01-04 01:48:56,514 - Discard: [2S, 2H, 9S, 3H, 5H, JC, 8C, 7C]
2025-01-04 01:48:56,514 - Active Player: 1
2025-01-04 01:48:56,514 - STATE LOG: END
2025-01-04 01:49:06,515 - STATE LOG: BEGIN
2025-01-04 01:49:06,516 - Noah's Hand: [3C, 4H, 5C, 7D, 8D, 9D]
2025-01-04 01:49:06,516 - Eve's Hand: [AC, 5S, 6S, AH, 9C, 8H]
2025-01-04 01:49:06,516 - Boss: Rank: 11 | Suit S | Attack 10 | Health 20
2025-01-04 01:49:06,516 - Tavern: [9H, AS, AD, 3S, 2D, TS, 6D, 6C, 5D, 4S, 3D, 4D, 2C, TC, TH, 7S, 7H, 4C]
2025-01-04 01:49:06,516 - Castle: [KD, KS, KH, KC, QC, QH, QS, QD, JD]
2025-01-04 01:49:06,516 - Discard: [2S, 2H, 9S, 3H, 5H, JC, 8C, 7C, 8S, 6H, TD, JH]
2025-01-04 01:49:06,516 - Active Player: 1
2025-01-04 01:49:06,516 - STATE LOG: END
2025-01-04 01:49:06,622 - STATE LOG: BEGIN
2025-01-04 01:49:06,622 - Noah's Hand: [3C, 4H, 5C, 8D, 9D]
2025-01-04 01:49:06,622 - Eve's Hand: [AC, 5S, 6S, AH, 9C, 8H, 7H]
2025-01-04 01:49:06,622 - Boss: Rank: 11 | Suit S | Attack 10 | Health 13
2025-01-04 01:49:06,622 - Tavern: [9H, AS, AD, 3S, 2D, TS, 6D, 6C, 5D, 4S, 3D, 4D, 2C, TC, TH]
2025-01-04 01:49:06,622 - Castle: [KD, KS, KH, KC, QC, QH, QS, QD, JD]
2025-01-04 01:49:06,622 - Discard: [2S, 2H, 9S, 3H, 5H, JC, 8C, 7C, 8S, 6H, TD, JH, 7S, 4C]
2025-01-04 01:49:06,622 - Active Player: 2
2025-01-04 01:49:06,622 - STATE LOG: END
2025-01-04 01:49:13,602 - STATE LOG: BEGIN
2025-01-04 01:49:13,603 - Noah's Hand: [3C, 4H, 5C, 8D, 9D]
2025-01-04 01:49:13,603 - Eve's Hand: [AC, AH, 5S, 6S, 7H]
2025-01-04 01:49:13,603 - Boss: Rank: 11 | Suit S | Attack 10 | Health 13
2025-01-04 01:49:13,603 - Tavern: [9H, AS, AD, 3S, 2D, TS, 6D, 6C, 5D, 4S, 3D, 4D, 2C, TC, TH]
2025-01-04 01:49:13,603 - Castle: [KD, KS, KH, KC, QC, QH, QS, QD, JD]
2025-01-04 01:49:13,603 - Discard: [2S, 2H, 9S, 3H, 5H, JC, 8C, 7C, 8S, 6H, TD, JH, 7S, 4C, 9C, 8H]
2025-01-04 01:49:13,603 - Active Player: 1
2025-01-04 01:49:13,603 - STATE LOG: END
2025-01-04 01:49:15,139 - STATE LOG: BEGIN
2025-01-04 01:49:15,140 - Noah's Hand: [3C, 4H, 5C, 8D]
2025-01-04 01:49:15,140 - Eve's Hand: [AC, AH, 5S, 6S, 7H, TC, 4D]
2025-01-04 01:49:15,140 - Boss: Rank: 11 | Suit S | Attack 10 | Health 4
2025-01-04 01:49:15,140 - Tavern: [9H, AS, AD, 3S, 2D, TS, 6D, 6C, 5D, 4S]
2025-01-04 01:49:15,140 - Castle: [KD, KS, KH, KC, QC, QH, QS, QD, JD]
2025-01-04 01:49:15,140 - Discard: [2S, 2H, 9S, 3H, 5H, JC, 8C, 7C, 8S, 6H, TD, JH, 7S, 4C, 9C, 8H, 3D, 2C, TH]
2025-01-04 01:49:15,140 - Active Player: 2
2025-01-04 01:49:15,140 - STATE LOG: END
2025-01-04 01:49:22,947 - STATE LOG: BEGIN
2025-01-04 01:49:22,950 - Noah's Hand: [3C, 4H, 5C, 8D]
2025-01-04 01:49:22,951 - Eve's Hand: [AC, 4D, 5S, 6S, 7H]
2025-01-04 01:49:22,951 - Boss: Rank: 11 | Suit S | Attack 10 | Health 3
2025-01-04 01:49:22,951 - Tavern: [3D, 9H, AS, AD, 3S, 2D, TS, 6D, 6C, 5D, 4S]
2025-01-04 01:49:22,951 - Castle: [KD, KS, KH, KC, QC, QH, QS, QD, JD]
2025-01-04 01:49:22,953 - Discard: [JH, 8C, TD, 2C, 7C, 7S, 8S, JC, 4C, TH, 3H, 5H, 9C, 2S, 8H, 6H, 9S, 2H, TC]
2025-01-04 01:49:22,953 - Active Player: 1
2025-01-04 01:49:22,953 - STATE LOG: END
2025-01-04 01:49:23,981 - STATE LOG: BEGIN
2025-01-04 01:49:23,983 - Noah's Hand: [3C, 4H, 5C, 4S, 6C, TS, 2D]
2025-01-04 01:49:23,983 - Eve's Hand: [AC, 4D, 5S, 6S, 7H, 5D, 6D]
2025-01-04 01:49:23,983 - Boss: Rank: 11 | Suit D | Attack 10 | Health 20
2025-01-04 01:49:23,983 - Tavern: [3D, 9H, AS, AD, 3S]
2025-01-04 01:49:23,983 - Castle: [KD, KS, KH, KC, QC, QH, QS, QD]
2025-01-04 01:49:23,984 - Discard: [JH, 8C, TD, 2C, 7C, 7S, 8S, JC, 4C, TH, 3H, 5H, 9C, 2S, 8H, 6H, 9S, 2H, TC, 7D, 9D, 8D, AH, JS]
2025-01-04 01:49:23,984 - Active Player: 1
2025-01-04 01:49:23,984 - STATE LOG: END
2025-01-04 01:49:34,010 - STATE LOG: BEGIN
2025-01-04 01:49:34,028 - Noah's Hand: [2D, 3C, 4H, 4S, 5C, 6C]
2025-01-04 01:49:34,028 - Eve's Hand: [AC, 4D, 5S, 6S, 7H, 5D, 6D]
2025-01-04 01:49:34,028 - Boss: Rank: 11 | Suit D | Attack 0 | Health 10
2025-01-04 01:49:34,028 - Tavern: [3D, 9H, AS, AD, 3S]
2025-01-04 01:49:34,028 - Castle: [KD, KS, KH, KC, QC, QH, QS, QD]
2025-01-04 01:49:34,028 - Discard: [JH, 8C, TD, 2C, 7C, 7S, 8S, JC, 4C, TH, 3H, 5H, 9C, 2S, 8H, 6H, 9S, 2H, TC, 7D, 9D, 8D, AH, JS]
2025-01-04 01:49:34,028 - Active Player: 2
2025-01-04 01:49:34,030 - STATE LOG: END
2025-01-04 01:49:39,262 - STATE LOG: BEGIN
2025-01-04 01:49:39,263 - Noah's Hand: [2D, 3C, 4H, 4S, 5C, 6C]
2025-01-04 01:49:39,263 - Eve's Hand: [AC, 5D, 5S, 6D, 6S, 7H]
2025-01-04 01:49:39,263 - Boss: Rank: 11 | Suit D | Attack 0 | Health 6
2025-01-04 01:49:39,263 - Tavern: [3D, 9H, AS, AD, 3S]
2025-01-04 01:49:39,263 - Castle: [KD, KS, KH, KC, QC, QH, QS, QD]
2025-01-04 01:49:39,263 - Discard: [JH, 8C, TD, 2C, 7C, 7S, 8S, JC, 4C, TH, 3H, 5H, 9C, 2S, 8H, 6H, 9S, 2H, TC, 7D, 9D, 8D, AH, JS]
2025-01-04 01:49:39,263 - Active Player: 1
2025-01-04 01:49:39,263 - STATE LOG: END
2025-01-04 01:49:41,889 - STATE LOG: BEGIN
2025-01-04 01:49:41,889 - Noah's Hand: [2D, 3C, 4H, 4S, 5C, 6C]
2025-01-04 01:49:41,889 - Eve's Hand: [AC, 5D, 5S, 6D, 6S, 7H]
2025-01-04 01:49:41,889 - Boss: Rank: 11 | Suit D | Attack 0 | Health 6
2025-01-04 01:49:41,889 - Tavern: [3D, 9H, AS, AD, 3S]
2025-01-04 01:49:41,889 - Castle: [KD, KS, KH, KC, QC, QH, QS, QD]
2025-01-04 01:49:41,889 - Discard: [JH, 8C, TD, 2C, 7C, 7S, 8S, JC, 4C, TH, 3H, 5H, 9C, 2S, 8H, 6H, 9S, 2H, TC, 7D, 9D, 8D, AH, JS]
2025-01-04 01:49:41,889 - Active Player: 2
2025-01-04 01:49:41,889 - STATE LOG: END
2025-01-04 01:49:42,757 - STATE LOG: BEGIN
2025-01-04 01:49:42,757 - Noah's Hand: [2D, 3C, 4H, 4S, 5C, 6C]
2025-01-04 01:49:42,757 - Eve's Hand: [AC, 5D, 5S, 6S, 7H]
2025-01-04 01:49:42,757 - Boss: Rank: 12 | Suit D | Attack 15 | Health 30
2025-01-04 01:49:42,757 - Tavern: [3D, 9H, AS, AD, 3S]
2025-01-04 01:49:42,757 - Castle: [KD, KS, KH, KC, QC, QH, QS]
2025-01-04 01:49:42,757 - Discard: [JH, 8C, TD, 2C, 7C, 7S, 8S, JC, 4C, TH, 3H, 5H, 9C, 2S, 8H, 6H, 9S, 2H, TC, 7D, 9D, 8D, AH, JS, TS, 4D, 6D]
2025-01-04 01:49:42,757 - Active Player: 2
2025-01-04 01:49:42,757 - STATE LOG: END
2025-01-04 01:49:43,270 - STATE LOG: BEGIN
2025-01-04 01:49:43,270 - Noah's Hand: [2D, 3C, 4H, 4S, 5C, 6C]
2025-01-04 01:49:43,270 - Eve's Hand: [AC, 6S]
2025-01-04 01:49:43,270 - Boss: Rank: 12 | Suit D | Attack 5 | Health 20
2025-01-04 01:49:43,270 - Tavern: [3D, 9H, AS, AD, 3S]
2025-01-04 01:49:43,270 - Castle: [KD, KS, KH, KC, QC, QH, QS]
2025-01-04 01:49:43,270 - Discard: [JH, 8C, TD, 2C, 7C, 7S, 8S, JC, 4C, TH, 3H, 5H, 9C, 2S, 8H, 6H, 9S, 2H, TC, 7D, 9D, 8D, AH, JS, TS, 4D, 6D, 7H]
2025-01-04 01:49:43,270 - Active Player: 1
2025-01-04 01:49:43,270 - STATE LOG: END
2025-01-04 01:49:44,021 - STATE LOG: BEGIN
2025-01-04 01:49:44,021 - Noah's Hand: [2D, 3C, 4H, 4S, 5C]
2025-01-04 01:49:44,021 - Eve's Hand: [AC, 6S]
2025-01-04 01:49:44,021 - Boss: Rank: 12 | Suit D | Attack 5 | Health 20
2025-01-04 01:49:44,021 - Tavern: [3D, 9H, AS, AD, 3S]
2025-01-04 01:49:44,021 - Castle: [KD, KS, KH, KC, QC, QH, QS]
2025-01-04 01:49:44,021 - Discard: [JH, 8C, TD, 2C, 7C, 7S, 8S, JC, 4C, TH, 3H, 5H, 9C, 2S, 8H, 6H, 9S, 2H, TC, 7D, 9D, 8D, AH, JS, TS, 4D, 6D, 7H, 6C]
2025-01-04 01:49:44,021 - Active Player: 2
2025-01-04 01:49:44,021 - STATE LOG: END
2025-01-04 01:49:44,275 - STATE LOG: BEGIN
2025-01-04 01:49:44,275 - Noah's Hand: [2D, 3C, 4H, 4S, 5C]
2025-01-04 01:49:44,275 - Eve's Hand: [AC]
2025-01-04 01:49:44,275 - Boss: Rank: 12 | Suit D | Attack 0 | Health 14
2025-01-04 01:49:44,275 - Tavern: [3D, 9H, AS, AD, 3S]
2025-01-04 01:49:44,275 - Castle: [KD, KS, KH, KC, QC, QH, QS]
2025-01-04 01:49:44,275 - Discard: [JH, 8C, TD, 2C, 7C, 7S, 8S, JC, 4C, TH, 3H, 5H, 9C, 2S, 8H, 6H, 9S, 2H, TC, 7D, 9D, 8D, AH, JS, TS, 4D, 6D, 7H, 6C]
2025-01-04 01:49:44,275 - Active Player: 1
2025-01-04 01:49:44,275 - STATE LOG: END
2025-01-04 01:49:44,848 - STATE LOG: BEGIN
2025-01-04 01:49:44,848 - Noah's Hand: [2D, 3C, 4H, 4S, 5C]
2025-01-04 01:49:44,848 - Eve's Hand: [AC]
2025-01-04 01:49:44,848 - Boss: Rank: 12 | Suit D | Attack 0 | Health 14
2025-01-04 01:49:44,848 - Tavern: [3D, 9H, AS, AD, 3S]
2025-01-04 01:49:44,848 - Castle: [KD, KS, KH, KC, QC, QH, QS]
2025-01-04 01:49:44,848 - Discard: [JH, 8C, TD, 2C, 7C, 7S, 8S, JC, 4C, TH, 3H, 5H, 9C, 2S, 8H, 6H, 9S, 2H, TC, 7D, 9D, 8D, AH, JS, TS, 4D, 6D, 7H, 6C]
2025-01-04 01:49:44,848 - Active Player: 2
2025-01-04 01:49:44,848 - STATE LOG: END
2025-01-04 01:49:44,869 - STATE LOG: BEGIN
2025-01-04 01:49:44,869 - Noah's Hand: [2D, 3C, 4H, 4S, 5C]
2025-01-04 01:49:44,869 - Eve's Hand: []
2025-01-04 01:49:44,869 - Boss: Rank: 12 | Suit D | Attack 0 | Health 12
2025-01-04 01:49:44,869 - Tavern: [3D, 9H, AS, AD, 3S]
2025-01-04 01:49:44,869 - Castle: [KD, KS, KH, KC, QC, QH, QS]
2025-01-04 01:49:44,869 - Discard: [JH, 8C, TD, 2C, 7C, 7S, 8S, JC, 4C, TH, 3H, 5H, 9C, 2S, 8H, 6H, 9S, 2H, TC, 7D, 9D, 8D, AH, JS, TS, 4D, 6D, 7H, 6C]
2025-01-04 01:49:44,869 - Active Player: 1
2025-01-04 01:49:44,869 - STATE LOG: END
2025-01-04 01:49:44,887 - STATE LOG: BEGIN
2025-01-04 01:49:44,887 - Noah's Hand: [2D, 3C, 5C]
2025-01-04 01:49:44,887 - Eve's Hand: []
2025-01-04 01:49:44,887 - Boss: Rank: 12 | Suit D | Attack 0 | Health 4
2025-01-04 01:49:44,887 - Tavern: [7C, JH, 9C, 8S, 7S, 4C, 8H, 5H, 3D, 9H, AS, AD, 3S]
2025-01-04 01:49:44,887 - Castle: [KD, KS, KH, KC, QC, QH, QS]
2025-01-04 01:49:44,887 - Discard: [8D, 6C, AH, 7H, TD, 2H, 9D, TC, JC, 9S, 6H, 2C, 6D, JS, 2S, TH, 4D, 7D, 3H, 8C, TS]
2025-01-04 01:49:44,887 - Active Player: 2
2025-01-04 01:49:44,887 - STATE LOG: END
2025-01-04 01:49:44,910 - STATE LOG: BEGIN
2025-01-04 01:49:44,910 - Noah's Hand: [2D, 3C, 5C]
2025-01-04 01:49:44,910 - Eve's Hand: []
2025-01-04 01:49:44,910 - Boss: Rank: 12 | Suit D | Attack 0 | Health 4
2025-01-04 01:49:44,910 - Tavern: [7C, JH, 9C, 8S, 7S, 4C, 8H, 5H, 3D, 9H, AS, AD, 3S]
2025-01-04 01:49:44,911 - Castle: [KD, KS, KH, KC, QC, QH, QS]
2025-01-04 01:49:44,911 - Discard: [8D, 6C, AH, 7H, TD, 2H, 9D, TC, JC, 9S, 6H, 2C, 6D, JS, 2S, TH, 4D, 7D, 3H, 8C, TS]
2025-01-04 01:49:44,911 - Active Player: 1
2025-01-04 01:49:44,911 - STATE LOG: END
2025-01-04 01:49:44,933 - STATE LOG: BEGIN
2025-01-04 01:49:44,933 - Noah's Hand: [3C, 5C]
2025-01-04 01:49:44,933 - Eve's Hand: []
2025-01-04 01:49:44,933 - Boss: Rank: 12 | Suit D | Attack 0 | Health 2
2025-01-04 01:49:44,933 - Tavern: [7C, JH, 9C, 8S, 7S, 4C, 8H, 5H, 3D, 9H, AS, AD, 3S]
2025-01-04 01:49:44,933 - Castle: [KD, KS, KH, KC, QC, QH, QS]
2025-01-04 01:49:44,933 - Discard: [8D, 6C, AH, 7H, TD, 2H, 9D, TC, JC, 9S, 6H, 2C, 6D, JS, 2S, TH, 4D, 7D, 3H, 8C, TS]
2025-01-04 01:49:44,933 - Active Player: 2
2025-01-04 01:49:44,933 - STATE LOG: END
2025-01-04 01:49:44,945 - STATE LOG: BEGIN
2025-01-04 01:49:44,945 - Noah's Hand: [3C, 5C]
2025-01-04 01:49:44,945 - Eve's Hand: []
2025-01-04 01:49:44,945 - Boss: Rank: 12 | Suit D | Attack 0 | Health 2
2025-01-04 01:49:44,945 - Tavern: [7C, JH, 9C, 8S, 7S, 4C, 8H, 5H, 3D, 9H, AS, AD, 3S]
2025-01-04 01:49:44,945 - Castle: [KD, KS, KH, KC, QC, QH, QS]
2025-01-04 01:49:44,945 - Discard: [8D, 6C, AH, 7H, TD, 2H, 9D, TC, JC, 9S, 6H, 2C, 6D, JS, 2S, TH, 4D, 7D, 3H, 8C, TS]
2025-01-04 01:49:44,945 - Active Player: 1
2025-01-04 01:49:44,945 - STATE LOG: END
2025-01-04 01:49:44,955 - STATE LOG: BEGIN
2025-01-04 01:49:44,955 - Noah's Hand: [3C]
2025-01-04 01:49:44,955 - Eve's Hand: []
2025-01-04 01:49:44,955 - Boss: Rank: 12 | Suit S | Attack 15 | Health 30
2025-01-04 01:49:44,955 - Tavern: [7C, JH, 9C, 8S, 7S, 4C, 8H, 5H, 3D, 9H, AS, AD, 3S]
2025-01-04 01:49:44,955 - Castle: [KD, KS, KH, KC, QC, QH]
2025-01-04 01:49:44,955 - Discard: [8D, 6C, AH, 7H, TD, 2H, 9D, TC, JC, 9S, 6H, 2C, 6D, JS, 2S, TH, 4D, 7D, 3H, 8C, TS, 4H, 4S, 2D, 5C, 5D, 5S, 6S, AC, QD]
2025-01-04 01:49:44,955 - Active Player: 1
2025-01-04 01:49:44,955 - STATE LOG: END
2025-01-04 01:49:44,959 - STATE LOG: BEGIN
2025-01-04 01:49:44,959 - Noah's Hand: []
2025-01-04 01:49:44,959 - Eve's Hand: []
2025-01-04 01:49:44,959 - Boss: Rank: 12 | Suit S | Attack 15 | Health 24
2025-01-04 01:49:44,959 - Tavern: [7C, JH, 9C, 8S, 7S, 4C, 8H, 5H, 3D, 9H, AS, AD, 3S]
2025-01-04 01:49:44,959 - Castle: [KD, KS, KH, KC, QC, QH]
2025-01-04 01:49:44,959 - Discard: [8D, 6C, AH, 7H, TD, 2H, 9D, TC, JC, 9S, 6H, 2C, 6D, JS, 2S, TH, 4D, 7D, 3H, 8C, TS, 4H, 4S, 2D, 5C, 5D, 5S, 6S, AC, QD]
2025-01-04 01:49:44,959 - Active Player: 2
2025-01-04 01:49:44,959 - STATE LOG: END
