2025-01-04 13:59:14,809 - I log states! :D
2025-01-04 13:59:14,809 - STATE LOG: BEGIN
2025-01-04 13:59:14,809 - Noah's Hand: [9S, 7C, 9D, 9C, 6C, 8S, 2C]
2025-01-04 13:59:14,809 - Eve's Hand: [3H, TH, AD, TS, 7H, 3D, 6H]
2025-01-04 13:59:14,809 - Boss: Rank: 11 | Suit H | Attack 10 | Health 20
2025-01-04 13:59:14,809 - Tavern: [TC, 2H, 9H, 8D, 5H, 5S, AC, 7D, 5D, 8C, AS, 3C, 7S, 2S, 5C, 4D, TD, AH, 6D, 3S, 4H, 4S, 2D, 4C, 8H, 6S]
2025-01-04 13:59:14,809 - Castle: [KH, KS, KD, KC, QC, QD, QH, QS, JS, JC, JD]
2025-01-04 13:59:14,809 - Discard: []
2025-01-04 13:59:14,809 - Active Player: 1
2025-01-04 13:59:14,809 - STATE LOG: END
2025-01-04 13:59:14,842 - STATE LOG: BEGIN
2025-01-04 13:59:14,842 - Noah's Hand: [2C, 6C, 8S, 9C]
2025-01-04 13:59:14,842 - Eve's Hand: [3H, TH, AD, TS, 7H, 3D, 6H]
2025-01-04 13:59:14,842 - Boss: Rank: 11 | Suit H | Attack 10 | Health 6
2025-01-04 13:59:14,842 - Tavern: [TC, 2H, 9H, 8D, 5H, 5S, AC, 7D, 5D, 8C, AS, 3C, 7S, 2S, 5C, 4D, TD, AH, 6D, 3S, 4H, 4S, 2D, 4C, 8H, 6S]
2025-01-04 13:59:14,842 - Castle: [KH, KS, KD, KC, QC, QD, QH, QS, JS, JC, JD]
2025-01-04 13:59:14,842 - Discard: [9S, 9D]
2025-01-04 13:59:14,842 - Active Player: 2
2025-01-04 13:59:14,842 - STATE LOG: END
2025-01-04 13:59:14,859 - STATE LOG: BEGIN
2025-01-04 13:59:14,859 - Noah's Hand: [2C, 6C, 8S, 9C, 8H, 2D]
2025-01-04 13:59:14,859 - Eve's Hand: [3H, 6H, 7H, TH, TS]
2025-01-04 13:59:14,859 - Boss: Rank: 11 | Suit H | Attack 10 | Health 2
2025-01-04 13:59:14,859 - Tavern: [TC, 2H, 9H, 8D, 5H, 5S, AC, 7D, 5D, 8C, AS, 3C, 7S, 2S, 5C, 4D, TD, AH, 6D, 3S, 4H, 4S]
2025-01-04 13:59:14,859 - Castle: [KH, KS, KD, KC, QC, QD, QH, QS, JS, JC, JD]
2025-01-04 13:59:14,859 - Discard: [9S, 9D, 4C, 6S]
2025-01-04 13:59:14,859 - Active Player: 1
2025-01-04 13:59:14,859 - STATE LOG: END
2025-01-04 13:59:14,871 - STATE LOG: BEGIN
2025-01-04 13:59:14,871 - Noah's Hand: [6C, 8H, 8S, 9C, 4S, 3S]
2025-01-04 13:59:14,871 - Eve's Hand: [3H, 6H, 7H, TH, TS, 4H, 6D]
2025-01-04 13:59:14,871 - Boss: Rank: 11 | Suit D | Attack 10 | Health 20
2025-01-04 13:59:14,871 - Tavern: [TC, 2H, 9H, 8D, 5H, 5S, AC, 7D, 5D, 8C, AS, 3C, 7S, 2S, 5C, 4D, TD, AH]
2025-01-04 13:59:14,871 - Castle: [KH, KS, KD, KC, QC, QD, QH, QS, JS, JC]
2025-01-04 13:59:14,871 - Discard: [9S, 9D, 4C, 6S, 7C, 2C, 2D, AD, 3D, JH]
2025-01-04 13:59:14,871 - Active Player: 1
2025-01-04 13:59:14,871 - STATE LOG: END
2025-01-04 13:59:14,882 - STATE LOG: BEGIN
2025-01-04 13:59:14,882 - Noah's Hand: [3S, 6C, 8H, 8S]
2025-01-04 13:59:14,882 - Eve's Hand: [3H, 6H, 7H, TH, TS, 4H, 6D]
2025-01-04 13:59:14,882 - Boss: Rank: 11 | Suit D | Attack 6 | Health 16
2025-01-04 13:59:14,882 - Tavern: [TC, 2H, 9H, 8D, 5H, 5S, AC, 7D, 5D, 8C, AS, 3C, 7S, 2S, 5C, 4D, TD, AH]
2025-01-04 13:59:14,882 - Castle: [KH, KS, KD, KC, QC, QD, QH, QS, JS, JC]
2025-01-04 13:59:14,882 - Discard: [9S, 9D, 4C, 6S, 7C, 2C, 2D, AD, 3D, JH, 9C]
2025-01-04 13:59:14,882 - Active Player: 2
2025-01-04 13:59:14,882 - STATE LOG: END
2025-01-04 13:59:14,893 - STATE LOG: BEGIN
2025-01-04 13:59:14,893 - Noah's Hand: [3S, 6C, 8H, 8S]
2025-01-04 13:59:14,893 - Eve's Hand: [3H, 4H, 6D, 6H, 7H]
2025-01-04 13:59:14,893 - Boss: Rank: 11 | Suit D | Attack 6 | Health 6
2025-01-04 13:59:14,893 - Tavern: [7C, 2D, JH, 4C, 9S, 2C, 6S, AD, 3D, 9D, TC, 2H, 9H, 8D, 5H, 5S, AC, 7D, 5D, 8C, AS, 3C, 7S, 2S, 5C, 4D, TD, AH]
2025-01-04 13:59:14,893 - Castle: [KH, KS, KD, KC, QC, QD, QH, QS, JS, JC]
2025-01-04 13:59:14,893 - Discard: [9C, TS]
2025-01-04 13:59:14,893 - Active Player: 1
2025-01-04 13:59:14,893 - STATE LOG: END
2025-01-04 13:59:14,903 - STATE LOG: BEGIN
2025-01-04 13:59:14,903 - Noah's Hand: [6C, 8H]
2025-01-04 13:59:14,903 - Eve's Hand: [3H, 4H, 6D, 6H, 7H]
2025-01-04 13:59:14,903 - Boss: Rank: 11 | Suit D | Attack 3 | Health 3
2025-01-04 13:59:14,903 - Tavern: [7C, 2D, JH, 4C, 9S, 2C, 6S, AD, 3D, 9D, TC, 2H, 9H, 8D, 5H, 5S, AC, 7D, 5D, 8C, AS, 3C, 7S, 2S, 5C, 4D, TD, AH]
2025-01-04 13:59:14,903 - Castle: [KH, KS, KD, KC, QC, QD, QH, QS, JS, JC]
2025-01-04 13:59:14,903 - Discard: [9C, TS, 8S]
2025-01-04 13:59:14,903 - Active Player: 2
2025-01-04 13:59:14,903 - STATE LOG: END
2025-01-04 13:59:14,911 - STATE LOG: BEGIN
2025-01-04 13:59:14,911 - Noah's Hand: [6C, 8H]
2025-01-04 13:59:14,911 - Eve's Hand: [3H, 4H, 6D, 6H]
2025-01-04 13:59:14,911 - Boss: Rank: 11 | Suit D | Attack 3 | Health 3
2025-01-04 13:59:14,911 - Tavern: [7C, 2D, JH, 4C, 9S, 2C, 6S, AD, 3D, 9D, TC, 2H, 9H, 8D, 5H, 5S, AC, 7D, 5D, 8C, AS, 3C, 7S, 2S, 5C, 4D, TD, AH]
2025-01-04 13:59:14,911 - Castle: [KH, KS, KD, KC, QC, QD, QH, QS, JS, JC]
2025-01-04 13:59:14,911 - Discard: [9C, TS, 8S, 7H]
2025-01-04 13:59:14,911 - Active Player: 1
2025-01-04 13:59:14,911 - STATE LOG: END
2025-01-04 13:59:14,916 - STATE LOG: BEGIN
2025-01-04 13:59:14,916 - Noah's Hand: [8H]
2025-01-04 13:59:14,916 - Eve's Hand: [3H, 4H, 6D, 6H]
2025-01-04 13:59:14,916 - Boss: Rank: 11 | Suit C | Attack 10 | Health 20
2025-01-04 13:59:14,916 - Tavern: [7C, 2D, JH, 4C, 9S, 2C, 6S, AD, 3D, 9D, TC, 2H, 9H, 8D, 5H, 5S, AC, 7D, 5D, 8C, AS, 3C, 7S, 2S, 5C, 4D, TD, AH]
2025-01-04 13:59:14,916 - Castle: [KH, KS, KD, KC, QC, QD, QH, QS, JS]
2025-01-04 13:59:14,916 - Discard: [9C, TS, 8S, 7H, 4S, 3S, 6C, TH, JD]
2025-01-04 13:59:14,916 - Active Player: 1
2025-01-04 13:59:14,916 - STATE LOG: END
2025-01-04 13:59:14,918 - STATE LOG: BEGIN
2025-01-04 13:59:14,918 - Noah's Hand: [8H]
2025-01-04 13:59:14,918 - Eve's Hand: [3H, 4H, 6D, 6H]
2025-01-04 13:59:14,918 - Boss: Rank: 11 | Suit C | Attack 10 | Health 20
2025-01-04 13:59:14,918 - Tavern: [7C, 2D, JH, 4C, 9S, 2C, 6S, AD, 3D, 9D, TC, 2H, 9H, 8D, 5H, 5S, AC, 7D, 5D, 8C, AS, 3C, 7S, 2S, 5C, 4D, TD, AH]
2025-01-04 13:59:14,918 - Castle: [KH, KS, KD, KC, QC, QD, QH, QS, JS]
2025-01-04 13:59:14,918 - Discard: [9C, TS, 8S, 7H, 4S, 3S, 6C, TH, JD]
2025-01-04 13:59:14,918 - Active Player: 2
2025-01-04 13:59:14,918 - STATE LOG: END
