2025-01-04 22:56:11,573 - I log states! :D
2025-01-04 22:56:11,573 - STATE LOG: BEGIN
2025-01-04 22:56:11,573 - Noah's Hand: [4D, 7S, 3H, AH, AS, TC, 4C]
2025-01-04 22:56:11,574 - Eve's Hand: [8C, 5C, AD, 2S, 3D, 7D, 5S]
2025-01-04 22:56:11,574 - Boss: Rank: 11 | Suit C | Attack 10 | Health 20
2025-01-04 22:56:11,574 - Tavern: [7C, 6C, AC, 5D, 2C, 9H, 8H, 4S, 4H, 6S, 8S, TS, 6H, 7H, 6D, 2D, 8D, 9C, 3C, 5H, TH, 9S, 3S, 2H, 9D, TD]
2025-01-04 22:56:11,574 - Castle: [KC, KD, KH, KS, QC, QD, QH, QS, JH, JD, JS]
2025-01-04 22:56:11,574 - Discard: []
2025-01-04 22:56:11,574 - Active Player: 1
2025-01-04 22:56:11,574 - STATE LOG: END
2025-01-04 22:56:11,622 - STATE LOG: BEGIN
2025-01-04 22:56:11,622 - Noah's Hand: [4C, 4D, TC]
2025-01-04 22:56:11,622 - Eve's Hand: [8C, 5C, AD, 2S, 3D, 7D, 5S]
2025-01-04 22:56:11,622 - Boss: Rank: 11 | Suit C | Attack 10 | Health 19
2025-01-04 22:56:11,622 - Tavern: [7C, 6C, AC, 5D, 2C, 9H, 8H, 4S, 4H, 6S, 8S, TS, 6H, 7H, 6D, 2D, 8D, 9C, 3C, 5H, TH, 9S, 3S, 2H, 9D, TD]
2025-01-04 22:56:11,622 - Castle: [KC, KD, KH, KS, QC, QD, QH, QS, JH, JD, JS]
2025-01-04 22:56:11,622 - Discard: [7S, AS, 3H]
2025-01-04 22:56:11,622 - Active Player: 2
2025-01-04 22:56:11,622 - STATE LOG: END
2025-01-04 22:56:11,647 - STATE LOG: BEGIN
2025-01-04 22:56:11,647 - Noah's Hand: [4C, 4D, TC]
2025-01-04 22:56:11,647 - Eve's Hand: [AD, 2S, 3D, 7D, 8C]
2025-01-04 22:56:11,647 - Boss: Rank: 11 | Suit C | Attack 0 | Health 9
2025-01-04 22:56:11,647 - Tavern: [7C, 6C, AC, 5D, 2C, 9H, 8H, 4S, 4H, 6S, 8S, TS, 6H, 7H, 6D, 2D, 8D, 9C, 3C, 5H, TH, 9S, 3S, 2H, 9D, TD]
2025-01-04 22:56:11,647 - Castle: [KC, KD, KH, KS, QC, QD, QH, QS, JH, JD, JS]
2025-01-04 22:56:11,647 - Discard: [7S, AS, 3H]
2025-01-04 22:56:11,647 - Active Player: 1
2025-01-04 22:56:11,647 - STATE LOG: END
2025-01-04 22:56:11,673 - STATE LOG: BEGIN
2025-01-04 22:56:11,673 - Noah's Hand: [4C, TC, TD, 2H]
2025-01-04 22:56:11,673 - Eve's Hand: [AD, 2S, 3D, 7D, 8C, 9D, 3S]
2025-01-04 22:56:11,673 - Boss: Rank: 11 | Suit C | Attack 0 | Health 5
2025-01-04 22:56:11,673 - Tavern: [7C, 6C, AC, 5D, 2C, 9H, 8H, 4S, 4H, 6S, 8S, TS, 6H, 7H, 6D, 2D, 8D, 9C, 3C, 5H, TH, 9S]
2025-01-04 22:56:11,673 - Castle: [KC, KD, KH, KS, QC, QD, QH, QS, JH, JD, JS]
2025-01-04 22:56:11,673 - Discard: [7S, AS, 3H]
2025-01-04 22:56:11,673 - Active Player: 2
2025-01-04 22:56:11,673 - STATE LOG: END
2025-01-04 22:56:11,698 - STATE LOG: BEGIN
2025-01-04 22:56:11,699 - Noah's Hand: [4C, TC, TD, 2H, TH, 3C, 9C]
2025-01-04 22:56:11,699 - Eve's Hand: [AD, 2S, 7D, 8C, 9D, 9S, 5H]
2025-01-04 22:56:11,699 - Boss: Rank: 11 | Suit S | Attack 10 | Health 20
2025-01-04 22:56:11,699 - Tavern: [7C, 6C, AC, 5D, 2C, 9H, 8H, 4S, 4H, 6S, 8S, TS, 6H, 7H, 6D, 2D, 8D]
2025-01-04 22:56:11,699 - Castle: [KC, KD, KH, KS, QC, QD, QH, QS, JH, JD]
2025-01-04 22:56:11,699 - Discard: [7S, AS, 3H, AH, 4D, 5C, 5S, 3D, 3S, JC]
2025-01-04 22:56:11,699 - Active Player: 2
2025-01-04 22:56:11,699 - STATE LOG: END
2025-01-04 22:56:11,723 - STATE LOG: BEGIN
2025-01-04 22:56:11,723 - Noah's Hand: [4C, TC, TD, 2H, TH, 3C, 9C]
2025-01-04 22:56:11,723 - Eve's Hand: [AD, 2S, 7D, 9D]
2025-01-04 22:56:11,723 - Boss: Rank: 11 | Suit S | Attack 10 | Health 11
2025-01-04 22:56:11,723 - Tavern: [7C, 6C, AC, 5D, 2C, 9H, 8H, 4S, 4H, 6S, 8S, TS, 6H, 7H, 6D, 2D, 8D]
2025-01-04 22:56:11,723 - Castle: [KC, KD, KH, KS, QC, QD, QH, QS, JH, JD]
2025-01-04 22:56:11,723 - Discard: [7S, AS, 3H, AH, 4D, 5C, 5S, 3D, 3S, JC, 8C, 5H]
2025-01-04 22:56:11,723 - Active Player: 1
2025-01-04 22:56:11,723 - STATE LOG: END
2025-01-04 22:56:11,745 - STATE LOG: BEGIN
2025-01-04 22:56:11,745 - Noah's Hand: [TC, TD, TH]
2025-01-04 22:56:11,745 - Eve's Hand: [AD, 2S, 7D, 9D]
2025-01-04 22:56:11,745 - Boss: Rank: 11 | Suit S | Attack 10 | Health 5
2025-01-04 22:56:11,745 - Tavern: [7C, 6C, AC, 5D, 2C, 9H, 8H, 4S, 4H, 6S, 8S, TS, 6H, 7H, 6D, 2D, 8D]
2025-01-04 22:56:11,745 - Castle: [KC, KD, KH, KS, QC, QD, QH, QS, JH, JD]
2025-01-04 22:56:11,745 - Discard: [7S, AS, 3H, AH, 4D, 5C, 5S, 3D, 3S, JC, 8C, 5H, 4C, 2H, 9C]
2025-01-04 22:56:11,745 - Active Player: 2
2025-01-04 22:56:11,745 - STATE LOG: END
2025-01-04 22:56:11,768 - STATE LOG: BEGIN
2025-01-04 22:56:11,768 - Noah's Hand: [TC, TD, TH, 2D, 7H, TS, 6S]
2025-01-04 22:56:11,768 - Eve's Hand: [2S, 9D, 8D, 6D, 6H, 8S]
2025-01-04 22:56:11,768 - Boss: Rank: 11 | Suit D | Attack 10 | Health 20
2025-01-04 22:56:11,768 - Tavern: [7C, 6C, AC, 5D, 2C, 9H, 8H, 4S, 4H]
2025-01-04 22:56:11,768 - Castle: [KC, KD, KH, KS, QC, QD, QH, QS, JH]
2025-01-04 22:56:11,768 - Discard: [7S, AS, 3H, AH, 4D, 5C, 5S, 3D, 3S, JC, 8C, 5H, 4C, 2H, 9C, 3C, 9S, AD, 7D, JS]
2025-01-04 22:56:11,768 - Active Player: 2
2025-01-04 22:56:11,768 - STATE LOG: END
2025-01-04 22:56:11,811 - STATE LOG: BEGIN
2025-01-04 22:56:11,811 - Noah's Hand: [TC, TD, TH, 2D, 7H, TS, 6S]
2025-01-04 22:56:11,811 - Eve's Hand: [6D, 6H, 8D, 9D]
2025-01-04 22:56:11,811 - Boss: Rank: 11 | Suit D | Attack 2 | Health 12
2025-01-04 22:56:11,811 - Tavern: [7C, 6C, AC, 5D, 2C, 9H, 8H, 4S, 4H]
2025-01-04 22:56:11,811 - Castle: [KC, KD, KH, KS, QC, QD, QH, QS, JH]
2025-01-04 22:56:11,811 - Discard: [7S, AS, 3H, AH, 4D, 5C, 5S, 3D, 3S, JC, 8C, 5H, 4C, 2H, 9C, 3C, 9S, AD, 7D, JS, 2S]
2025-01-04 22:56:11,811 - Active Player: 1
2025-01-04 22:56:11,811 - STATE LOG: END
2025-01-04 22:56:11,834 - STATE LOG: BEGIN
2025-01-04 22:56:11,834 - Noah's Hand: [2D, 6S, TD, TH, TS]
2025-01-04 22:56:11,834 - Eve's Hand: [6D, 6H, 8D, 9D]
2025-01-04 22:56:11,834 - Boss: Rank: 11 | Suit D | Attack 2 | Health 5
2025-01-04 22:56:11,834 - Tavern: [2H, 9C, 7S, 7D, 4D, 9S, 5C, 7C, 6C, AC, 5D, 2C, 9H, 8H, 4S, 4H]
2025-01-04 22:56:11,835 - Castle: [KC, KD, KH, KS, QC, QD, QH, QS, JH]
2025-01-04 22:56:11,835 - Discard: [4C, AH, 5S, 5H, 3C, JS, JC, 2S, 3D, AD, AS, 8C, 3S, 3H, TC]
2025-01-04 22:56:11,835 - Active Player: 2
2025-01-04 22:56:11,835 - STATE LOG: END
2025-01-04 22:56:11,856 - STATE LOG: BEGIN
2025-01-04 22:56:11,856 - Noah's Hand: [2D, 6S, TD, TH, TS]
2025-01-04 22:56:11,856 - Eve's Hand: [6D, 6H, 9D]
2025-01-04 22:56:11,856 - Boss: Rank: 11 | Suit H | Attack 10 | Health 20
2025-01-04 22:56:11,856 - Tavern: [2H, 9C, 7S, 7D, 4D, 9S, 5C, 7C, 6C, AC, 5D, 2C, 9H, 8H, 4S, 4H]
2025-01-04 22:56:11,856 - Castle: [KC, KD, KH, KS, QC, QD, QH, QS]
2025-01-04 22:56:11,856 - Discard: [4C, AH, 5S, 5H, 3C, JS, JC, 2S, 3D, AD, AS, 8C, 3S, 3H, TC, 7H, 8S, 8D, JD]
2025-01-04 22:56:11,856 - Active Player: 2
2025-01-04 22:56:11,856 - STATE LOG: END
2025-01-04 22:56:11,867 - STATE LOG: BEGIN
2025-01-04 22:56:11,868 - Noah's Hand: [2D, 6S, TD, TH, TS, 4S, 9H]
2025-01-04 22:56:11,868 - Eve's Hand: [9D, 4H, 5D]
2025-01-04 22:56:11,868 - Boss: Rank: 11 | Suit H | Attack 10 | Health 14
2025-01-04 22:56:11,868 - Tavern: [2H, 9C, 7S, 7D, 4D, 9S, 5C, 7C, 6C, AC]
2025-01-04 22:56:11,868 - Castle: [KC, KD, KH, KS, QC, QD, QH, QS]
2025-01-04 22:56:11,868 - Discard: [4C, AH, 5S, 5H, 3C, JS, JC, 2S, 3D, AD, AS, 8C, 3S, 3H, TC, 7H, 8S, 8D, JD, 2C, 6H, 8H]
2025-01-04 22:56:11,868 - Active Player: 1
2025-01-04 22:56:11,868 - STATE LOG: END
2025-01-04 22:56:11,892 - STATE LOG: BEGIN
2025-01-04 22:56:11,892 - Noah's Hand: [2D, 4S, 9H, TD, TS]
2025-01-04 22:56:11,892 - Eve's Hand: [9D, 4H, 5D]
2025-01-04 22:56:11,892 - Boss: Rank: 11 | Suit H | Attack 4 | Health 8
2025-01-04 22:56:11,892 - Tavern: [2H, 9C, 7S, 7D, 4D, 9S, 5C, 7C, 6C, AC]
2025-01-04 22:56:11,892 - Castle: [KC, KD, KH, KS, QC, QD, QH, QS]
2025-01-04 22:56:11,892 - Discard: [4C, AH, 5S, 5H, 3C, JS, JC, 2S, 3D, AD, AS, 8C, 3S, 3H, TC, 7H, 8S, 8D, JD, 2C, 6H, 8H, TH]
2025-01-04 22:56:11,892 - Active Player: 2
2025-01-04 22:56:11,892 - STATE LOG: END
2025-01-04 22:56:11,916 - STATE LOG: BEGIN
2025-01-04 22:56:11,916 - Noah's Hand: [2D, 4S, 9H, TD, TS]
2025-01-04 22:56:11,916 - Eve's Hand: [5D, 9D]
2025-01-04 22:56:11,916 - Boss: Rank: 11 | Suit H | Attack 4 | Health 8
2025-01-04 22:56:11,916 - Tavern: [2H, 9C, 7S, 7D, 4D, 9S, 5C, 7C, 6C, AC]
2025-01-04 22:56:11,916 - Castle: [KC, KD, KH, KS, QC, QD, QH, QS]
2025-01-04 22:56:11,916 - Discard: [4C, AH, 5S, 5H, 3C, JS, JC, 2S, 3D, AD, AS, 8C, 3S, 3H, TC, 7H, 8S, 8D, JD, 2C, 6H, 8H, TH, 4H]
2025-01-04 22:56:11,916 - Active Player: 1
2025-01-04 22:56:11,916 - STATE LOG: END
2025-01-04 22:56:11,939 - STATE LOG: BEGIN
2025-01-04 22:56:11,939 - Noah's Hand: [2D, 9H, TD, TS]
2025-01-04 22:56:11,939 - Eve's Hand: [5D, 9D]
2025-01-04 22:56:11,939 - Boss: Rank: 11 | Suit H | Attack 0 | Health 4
2025-01-04 22:56:11,939 - Tavern: [2H, 9C, 7S, 7D, 4D, 9S, 5C, 7C, 6C, AC]
2025-01-04 22:56:11,939 - Castle: [KC, KD, KH, KS, QC, QD, QH, QS]
2025-01-04 22:56:11,939 - Discard: [4C, AH, 5S, 5H, 3C, JS, JC, 2S, 3D, AD, AS, 8C, 3S, 3H, TC, 7H, 8S, 8D, JD, 2C, 6H, 8H, TH, 4H]
2025-01-04 22:56:11,939 - Active Player: 2
2025-01-04 22:56:11,939 - STATE LOG: END
2025-01-04 22:56:11,962 - STATE LOG: BEGIN
2025-01-04 22:56:11,962 - Noah's Hand: [2D, 9H, TD, TS, 6C, 5C, 4D]
2025-01-04 22:56:11,962 - Eve's Hand: [5D, AC, 7C, 9S, 7D, 7S, 9C]
2025-01-04 22:56:11,963 - Boss: Rank: 12 | Suit S | Attack 15 | Health 30
2025-01-04 22:56:11,963 - Tavern: [2H]
2025-01-04 22:56:11,963 - Castle: [KC, KD, KH, KS, QC, QD, QH]
2025-01-04 22:56:11,963 - Discard: [4C, AH, 5S, 5H, 3C, JS, JC, 2S, 3D, AD, AS, 8C, 3S, 3H, TC, 7H, 8S, 8D, JD, 2C, 6H, 8H, TH, 4H, 6S, 4S, 6D, 9D, JH]
2025-01-04 22:56:11,963 - Active Player: 2
2025-01-04 22:56:11,963 - STATE LOG: END
2025-01-04 22:56:11,987 - STATE LOG: BEGIN
2025-01-04 22:56:11,987 - Noah's Hand: [2D, 9H, TD, TS, 6C, 5C, 4D]
2025-01-04 22:56:11,987 - Eve's Hand: [5D, 7D]
2025-01-04 22:56:11,987 - Boss: Rank: 12 | Suit S | Attack 15 | Health 10
2025-01-04 22:56:11,987 - Tavern: [2H]
2025-01-04 22:56:11,987 - Castle: [KC, KD, KH, KS, QC, QD, QH]
2025-01-04 22:56:11,987 - Discard: [4C, AH, 5S, 5H, 3C, JS, JC, 2S, 3D, AD, AS, 8C, 3S, 3H, TC, 7H, 8S, 8D, JD, 2C, 6H, 8H, TH, 4H, 6S, 4S, 6D, 9D, JH, 7S, 7C, 9S]
2025-01-04 22:56:11,987 - Active Player: 1
2025-01-04 22:56:11,987 - STATE LOG: END
2025-01-04 22:56:12,007 - STATE LOG: BEGIN
2025-01-04 22:56:12,007 - Noah's Hand: [2D, 4D, TD]
2025-01-04 22:56:12,007 - Eve's Hand: [5D, 7D]
2025-01-04 22:56:12,007 - Boss: Rank: 12 | Suit S | Attack 15 | Health 1
2025-01-04 22:56:12,007 - Tavern: [8D, 8S, 9S, 2S, 9D, TC, JD, AD, 3H, 2H]
2025-01-04 22:56:12,007 - Castle: [KC, KD, KH, KS, QC, QD, QH]
2025-01-04 22:56:12,007 - Discard: [4H, 3D, 7H, JS, 3C, 2C, AS, 7C, 4C, 5S, 8C, 7S, 5H, 4S, 3S, JH, 6D, TH, 8H, AH, 6H, JC, 6S, 6C, 5C, TS]
2025-01-04 22:56:12,007 - Active Player: 2
2025-01-04 22:56:12,007 - STATE LOG: END
2025-01-04 22:56:12,017 - STATE LOG: BEGIN
2025-01-04 22:56:12,017 - Noah's Hand: [2D, 4D, TD, 3H, JD, 9D]
2025-01-04 22:56:12,017 - Eve's Hand: [5D, 2H, AD, TC, 2S]
2025-01-04 22:56:12,017 - Boss: Rank: 12 | Suit H | Attack 15 | Health 30
2025-01-04 22:56:12,017 - Tavern: [8D, 8S, 9S]
2025-01-04 22:56:12,017 - Castle: [KC, KD, KH, KS, QC, QD]
2025-01-04 22:56:12,017 - Discard: [4H, 3D, 7H, JS, 3C, 2C, AS, 7C, 4C, 5S, 8C, 7S, 5H, 4S, 3S, JH, 6D, TH, 8H, AH, 6H, JC, 6S, 6C, 5C, TS, 9H, AC, 9C, 7D, QS]
2025-01-04 22:56:12,017 - Active Player: 2
2025-01-04 22:56:12,017 - STATE LOG: END
2025-01-04 22:56:12,042 - STATE LOG: BEGIN
2025-01-04 22:56:12,042 - Noah's Hand: [2D, 4D, TD, 3H, JD, 9D, 8S]
2025-01-04 22:56:12,042 - Eve's Hand: [8D]
2025-01-04 22:56:12,042 - Boss: Rank: 12 | Suit H | Attack 15 | Health 8
2025-01-04 22:56:12,042 - Tavern: []
2025-01-04 22:56:12,042 - Castle: [KC, KD, KH, KS, QC, QD]
2025-01-04 22:56:12,042 - Discard: [4H, 3D, 7H, JS, 3C, 2C, AS, 7C, 4C, 5S, 8C, 7S, 5H, 4S, 3S, JH, 6D, TH, 8H, AH, 6H, JC, 6S, 6C, 5C, TS, 9H, AC, 9C, 7D, QS, 2S, 9S, 2H, 5D]
2025-01-04 22:56:12,042 - Active Player: 1
2025-01-04 22:56:12,042 - STATE LOG: END
2025-01-04 22:56:12,063 - STATE LOG: BEGIN
2025-01-04 22:56:12,063 - Noah's Hand: [2D, 4D, 9D, JD]
2025-01-04 22:56:12,063 - Eve's Hand: [8D]
2025-01-04 22:56:12,063 - Boss: Rank: 12 | Suit H | Attack 15 | Health 5
2025-01-04 22:56:12,063 - Tavern: []
2025-01-04 22:56:12,063 - Castle: [KC, KD, KH, KS, QC, QD]
2025-01-04 22:56:12,063 - Discard: [4H, 3D, 7H, JS, 3C, 2C, AS, 7C, 4C, 5S, 8C, 7S, 5H, 4S, 3S, JH, 6D, TH, 8H, AH, 6H, JC, 6S, 6C, 5C, TS, 9H, AC, 9C, 7D, QS, 2S, 9S, 2H, 5D, 8S, TD]
2025-01-04 22:56:12,063 - Active Player: 2
2025-01-04 22:56:12,063 - STATE LOG: END
2025-01-04 22:56:12,067 - STATE LOG: BEGIN
2025-01-04 22:56:12,067 - Noah's Hand: [2D, 4D, 9D, JD]
2025-01-04 22:56:12,067 - Eve's Hand: []
2025-01-04 22:56:12,067 - Boss: Rank: 12 | Suit D | Attack 15 | Health 30
2025-01-04 22:56:12,067 - Tavern: []
2025-01-04 22:56:12,067 - Castle: [KC, KD, KH, KS, QC]
2025-01-04 22:56:12,067 - Discard: [4H, 3D, 7H, JS, 3C, 2C, AS, 7C, 4C, 5S, 8C, 7S, 5H, 4S, 3S, JH, 6D, TH, 8H, AH, 6H, JC, 6S, 6C, 5C, TS, 9H, AC, 9C, 7D, QS, 2S, 9S, 2H, 5D, 8S, TD, 3H, AD, TC, 8D, QH]
2025-01-04 22:56:12,067 - Active Player: 2
2025-01-04 22:56:12,067 - STATE LOG: END
2025-01-04 22:56:12,068 - STATE LOG: BEGIN
2025-01-04 22:56:12,068 - Noah's Hand: [2D, 4D, 9D, JD]
2025-01-04 22:56:12,068 - Eve's Hand: []
2025-01-04 22:56:12,068 - Boss: Rank: 12 | Suit D | Attack 15 | Health 30
2025-01-04 22:56:12,068 - Tavern: []
2025-01-04 22:56:12,068 - Castle: [KC, KD, KH, KS, QC]
2025-01-04 22:56:12,068 - Discard: [4H, 3D, 7H, JS, 3C, 2C, AS, 7C, 4C, 5S, 8C, 7S, 5H, 4S, 3S, JH, 6D, TH, 8H, AH, 6H, JC, 6S, 6C, 5C, TS, 9H, AC, 9C, 7D, QS, 2S, 9S, 2H, 5D, 8S, TD, 3H, AD, TC, 8D, QH]
2025-01-04 22:56:12,068 - Active Player: 1
2025-01-04 22:56:12,068 - STATE LOG: END
