2025-01-04 19:39:55,535 - I log states! :D
2025-01-04 19:39:55,535 - STATE LOG: BEGIN
2025-01-04 19:39:55,536 - Noah's Hand: [9D, 8D, 2C, 5D, 8C, TC, 4H]
2025-01-04 19:39:55,536 - Eve's Hand: [TH, TS, AC, 6D, 9H, 4S, 3H]
2025-01-04 19:39:55,536 - Boss: Rank: 11 | Suit H | Attack 10 | Health 20
2025-01-04 19:39:55,536 - Tavern: [6H, 4D, AS, TD, 3S, 7C, 5H, 5C, 3D, 7S, 2S, 8H, 2H, 5S, 6C, AD, 9C, 3C, 6S, 9S, 2D, 7D, 8S, AH, 7H, 4C]
2025-01-04 19:39:55,536 - Castle: [KC, KH, KS, KD, QH, QS, QC, QD, JC, JD, JS]
2025-01-04 19:39:55,536 - Discard: []
2025-01-04 19:39:55,536 - Active Player: 1
2025-01-04 19:39:55,536 - STATE LOG: END
2025-01-04 19:39:57,099 - STATE LOG: BEGIN
2025-01-04 19:39:57,099 - Noah's Hand: [4H, 5D, 8C, 8D, 9D]
2025-01-04 19:39:57,099 - Eve's Hand: [TH, TS, AC, 6D, 9H, 4S, 3H]
2025-01-04 19:39:57,099 - Boss: Rank: 11 | Suit H | Attack 10 | Health 16
2025-01-04 19:39:57,099 - Tavern: [6H, 4D, AS, TD, 3S, 7C, 5H, 5C, 3D, 7S, 2S, 8H, 2H, 5S, 6C, AD, 9C, 3C, 6S, 9S, 2D, 7D, 8S, AH, 7H, 4C]
2025-01-04 19:39:57,099 - Castle: [KC, KH, KS, KD, QH, QS, QC, QD, JC, JD, JS]
2025-01-04 19:39:57,099 - Discard: [TC]
2025-01-04 19:39:57,099 - Active Player: 2
2025-01-04 19:39:57,099 - STATE LOG: END
2025-01-04 19:39:58,516 - STATE LOG: BEGIN
2025-01-04 19:39:58,516 - Noah's Hand: [4H, 5D, 8C, 8D, 9D]
2025-01-04 19:39:58,516 - Eve's Hand: [3H, 6D, 9H, TH]
2025-01-04 19:39:58,516 - Boss: Rank: 11 | Suit H | Attack 5 | Health 6
2025-01-04 19:39:58,516 - Tavern: [6H, 4D, AS, TD, 3S, 7C, 5H, 5C, 3D, 7S, 2S, 8H, 2H, 5S, 6C, AD, 9C, 3C, 6S, 9S, 2D, 7D, 8S, AH, 7H, 4C]
2025-01-04 19:39:58,516 - Castle: [KC, KH, KS, KD, QH, QS, QC, QD, JC, JD, JS]
2025-01-04 19:39:58,516 - Discard: [TC, TS]
2025-01-04 19:39:58,516 - Active Player: 1
2025-01-04 19:39:58,516 - STATE LOG: END
2025-01-04 19:39:59,710 - STATE LOG: BEGIN
2025-01-04 19:39:59,710 - Noah's Hand: [4H, 5D, 8C, 8D, 4C, AH, 7D]
2025-01-04 19:39:59,710 - Eve's Hand: [3H, 6D, 9H, TH, 7H, 8S, 2D]
2025-01-04 19:39:59,710 - Boss: Rank: 11 | Suit S | Attack 10 | Health 20
2025-01-04 19:39:59,710 - Tavern: [6H, 4D, AS, TD, 3S, 7C, 5H, 5C, 3D, 7S, 2S, 8H, 2H, 5S, 6C, AD, 9C, 3C, 6S, 9S]
2025-01-04 19:39:59,710 - Castle: [KC, KH, KS, KD, QH, QS, QC, QD, JC, JD]
2025-01-04 19:39:59,710 - Discard: [TC, TS, 2C, 9D, AC, 4S, JH]
2025-01-04 19:39:59,710 - Active Player: 1
2025-01-04 19:39:59,710 - STATE LOG: END
2025-01-04 19:40:01,023 - STATE LOG: BEGIN
2025-01-04 19:40:01,023 - Noah's Hand: [AH, 4C, 4H, 5D, 7D]
2025-01-04 19:40:01,023 - Eve's Hand: [3H, 6D, 9H, TH, 7H, 8S, 2D]
2025-01-04 19:40:01,023 - Boss: Rank: 11 | Suit S | Attack 10 | Health 20
2025-01-04 19:40:01,023 - Tavern: [6H, 4D, AS, TD, 3S, 7C, 5H, 5C, 3D, 7S, 2S, 8H, 2H, 5S, 6C, AD, 9C, 3C, 6S, 9S]
2025-01-04 19:40:01,023 - Castle: [KC, KH, KS, KD, QH, QS, QC, QD, JC, JD]
2025-01-04 19:40:01,023 - Discard: [TC, TS, 2C, 9D, AC, 4S, JH, 8D, 8C]
2025-01-04 19:40:01,023 - Active Player: 2
2025-01-04 19:40:01,023 - STATE LOG: END
2025-01-04 19:40:02,180 - STATE LOG: BEGIN
2025-01-04 19:40:02,180 - Noah's Hand: [AH, 4C, 4H, 5D, 7D, 6S, 3C]
2025-01-04 19:40:02,180 - Eve's Hand: [2D, 3H, 7H, 8S, 9H]
2025-01-04 19:40:02,180 - Boss: Rank: 11 | Suit S | Attack 10 | Health 14
2025-01-04 19:40:02,180 - Tavern: [6H, 4D, AS, TD, 3S, 7C, 5H, 5C, 3D, 7S, 2S, 8H, 2H, 5S, 6C, AD, 9C]
2025-01-04 19:40:02,180 - Castle: [KC, KH, KS, KD, QH, QS, QC, QD, JC, JD]
2025-01-04 19:40:02,180 - Discard: [TC, TS, 2C, 9D, AC, 4S, JH, 8D, 8C, 9S, TH]
2025-01-04 19:40:02,180 - Active Player: 1
2025-01-04 19:40:02,180 - STATE LOG: END
2025-01-04 19:40:03,337 - STATE LOG: BEGIN
2025-01-04 19:40:03,337 - Noah's Hand: [3C, 4C, 4H, 5D, 6S]
2025-01-04 19:40:03,337 - Eve's Hand: [2D, 3H, 7H, 8S, 9H, AD, 5S]
2025-01-04 19:40:03,337 - Boss: Rank: 11 | Suit S | Attack 10 | Health 6
2025-01-04 19:40:03,337 - Tavern: [8C, 9S, TS, 4S, JH, TC, TH, 2C, 6H, 4D, AS, TD, 3S, 7C, 5H, 5C, 3D, 7S, 2S, 8H, 2H]
2025-01-04 19:40:03,337 - Castle: [KC, KH, KS, KD, QH, QS, QC, QD, JC, JD]
2025-01-04 19:40:03,337 - Discard: [AC, 8D, 9D, 6C, 9C]
2025-01-04 19:40:03,337 - Active Player: 2
2025-01-04 19:40:03,337 - STATE LOG: END
2025-01-04 19:40:04,569 - STATE LOG: BEGIN
2025-01-04 19:40:04,569 - Noah's Hand: [3C, 4C, 4H, 5D, 6S, 8H, 7S]
2025-01-04 19:40:04,570 - Eve's Hand: [2D, 5S, 7H, 8S]
2025-01-04 19:40:04,570 - Boss: Rank: 11 | Suit S | Attack 10 | Health 2
2025-01-04 19:40:04,570 - Tavern: [AC, 6C, 9D, 9C, 8C, 9S, TS, 4S, JH, TC, TH, 2C, 6H, 4D, AS, TD, 3S, 7C, 5H, 5C, 3D]
2025-01-04 19:40:04,570 - Castle: [KC, KH, KS, KD, QH, QS, QC, QD, JC, JD]
2025-01-04 19:40:04,570 - Discard: [8D, 2S, 2H, 9H]
2025-01-04 19:40:04,570 - Active Player: 1
2025-01-04 19:40:04,570 - STATE LOG: END
2025-01-04 19:40:05,636 - STATE LOG: BEGIN
2025-01-04 19:40:05,636 - Noah's Hand: [3C, 4C, 4H, 6S, 7S, 8H, 3D]
2025-01-04 19:40:05,636 - Eve's Hand: [2D, 5S, 7H, 8S, 5C, 5H, 7C]
2025-01-04 19:40:05,636 - Boss: Rank: 11 | Suit D | Attack 10 | Health 20
2025-01-04 19:40:05,636 - Tavern: [AC, 6C, 9D, 9C, 8C, 9S, TS, 4S, JH, TC, TH, 2C, 6H, 4D, AS, TD, 3S]
2025-01-04 19:40:05,636 - Castle: [KC, KH, KS, KD, QH, QS, QC, QD, JC]
2025-01-04 19:40:05,636 - Discard: [8D, 2S, 2H, 9H, AH, 7D, 5D, 6D, AD, 3H, JS]
2025-01-04 19:40:05,636 - Active Player: 1
2025-01-04 19:40:05,636 - STATE LOG: END
2025-01-04 19:40:06,884 - STATE LOG: BEGIN
2025-01-04 19:40:06,884 - Noah's Hand: [3C, 3D, 4C, 4H, 7S]
2025-01-04 19:40:06,884 - Eve's Hand: [2D, 5S, 7H, 8S, 5C, 5H, 7C]
2025-01-04 19:40:06,884 - Boss: Rank: 11 | Suit D | Attack 4 | Health 14
2025-01-04 19:40:06,884 - Tavern: [AC, 6C, 9D, 9C, 8C, 9S, TS, 4S, JH, TC, TH, 2C, 6H, 4D, AS, TD, 3S]
2025-01-04 19:40:06,884 - Castle: [KC, KH, KS, KD, QH, QS, QC, QD, JC]
2025-01-04 19:40:06,884 - Discard: [8D, 2S, 2H, 9H, AH, 7D, 5D, 6D, AD, 3H, JS, 8H]
2025-01-04 19:40:06,885 - Active Player: 2
2025-01-04 19:40:06,885 - STATE LOG: END
2025-01-04 19:40:08,203 - STATE LOG: BEGIN
2025-01-04 19:40:08,203 - Noah's Hand: [3C, 3D, 4C, 4H, 7S]
2025-01-04 19:40:08,203 - Eve's Hand: [2D, 5C, 5H, 5S, 7C, 7H]
2025-01-04 19:40:08,203 - Boss: Rank: 11 | Suit D | Attack 4 | Health 14
2025-01-04 19:40:08,203 - Tavern: [AC, 6C, 9D, 9C, 8C, 9S, TS, 4S, JH, TC, TH, 2C, 6H, 4D, AS, TD, 3S]
2025-01-04 19:40:08,203 - Castle: [KC, KH, KS, KD, QH, QS, QC, QD, JC]
2025-01-04 19:40:08,203 - Discard: [8D, 2S, 2H, 9H, AH, 7D, 5D, 6D, AD, 3H, JS, 8H, 8S]
2025-01-04 19:40:08,203 - Active Player: 1
2025-01-04 19:40:08,203 - STATE LOG: END
2025-01-04 19:40:09,378 - STATE LOG: BEGIN
2025-01-04 19:40:09,378 - Noah's Hand: [3C, 3D, 4C, 4H]
2025-01-04 19:40:09,378 - Eve's Hand: [2D, 5C, 5H, 5S, 7C, 7H]
2025-01-04 19:40:09,378 - Boss: Rank: 11 | Suit D | Attack 0 | Health 7
2025-01-04 19:40:09,378 - Tavern: [AC, 6C, 9D, 9C, 8C, 9S, TS, 4S, JH, TC, TH, 2C, 6H, 4D, AS, TD, 3S]
2025-01-04 19:40:09,378 - Castle: [KC, KH, KS, KD, QH, QS, QC, QD, JC]
2025-01-04 19:40:09,378 - Discard: [8D, 2S, 2H, 9H, AH, 7D, 5D, 6D, AD, 3H, JS, 8H, 8S]
2025-01-04 19:40:09,378 - Active Player: 2
2025-01-04 19:40:09,378 - STATE LOG: END
2025-01-04 19:40:10,539 - STATE LOG: BEGIN
2025-01-04 19:40:10,539 - Noah's Hand: [3C, 3D, 4C, 4H]
2025-01-04 19:40:10,539 - Eve's Hand: [2D, 5C, 5H, 5S, 7C, 7H]
2025-01-04 19:40:10,539 - Boss: Rank: 11 | Suit D | Attack 0 | Health 7
2025-01-04 19:40:10,539 - Tavern: [AC, 6C, 9D, 9C, 8C, 9S, TS, 4S, JH, TC, TH, 2C, 6H, 4D, AS, TD, 3S]
2025-01-04 19:40:10,539 - Castle: [KC, KH, KS, KD, QH, QS, QC, QD, JC]
2025-01-04 19:40:10,539 - Discard: [8D, 2S, 2H, 9H, AH, 7D, 5D, 6D, AD, 3H, JS, 8H, 8S]
2025-01-04 19:40:10,539 - Active Player: 1
2025-01-04 19:40:10,539 - STATE LOG: END
2025-01-04 19:40:10,863 - STATE LOG: BEGIN
2025-01-04 19:40:10,863 - Noah's Hand: [3C, 3D, 4C]
2025-01-04 19:40:10,863 - Eve's Hand: [2D, 5C, 5H, 5S, 7C, 7H]
2025-01-04 19:40:10,863 - Boss: Rank: 11 | Suit D | Attack 0 | Health 3
2025-01-04 19:40:10,863 - Tavern: [8S, AH, JS, AD, AC, 6C, 9D, 9C, 8C, 9S, TS, 4S, JH, TC, TH, 2C, 6H, 4D, AS, TD, 3S]
2025-01-04 19:40:10,863 - Castle: [KC, KH, KS, KD, QH, QS, QC, QD, JC]
2025-01-04 19:40:10,863 - Discard: [8D, 8H, 3H, 2H, 7D, 5D, 9H, 6D, 2S]
2025-01-04 19:40:10,863 - Active Player: 2
2025-01-04 19:40:10,863 - STATE LOG: END
2025-01-04 19:40:10,939 - STATE LOG: BEGIN
2025-01-04 19:40:10,939 - Noah's Hand: [3C, 3D, 4C]
2025-01-04 19:40:10,939 - Eve's Hand: [2D, 5C, 5H, 5S, 7C]
2025-01-04 19:40:10,939 - Boss: Rank: 11 | Suit C | Attack 10 | Health 20
2025-01-04 19:40:10,939 - Tavern: [5D, 6D, 3H, 2S, 8D, 8H, 9H, 8S, AH, JS, AD, AC, 6C, 9D, 9C, 8C, 9S, TS, 4S, JH, TC, TH, 2C, 6H, 4D, AS, TD, 3S]
2025-01-04 19:40:10,939 - Castle: [KC, KH, KS, KD, QH, QS, QC, QD]
2025-01-04 19:40:10,939 - Discard: [7D, 2H, 6S, 7S, 4H, 7H, JD]
2025-01-04 19:40:10,939 - Active Player: 2
2025-01-04 19:40:10,939 - STATE LOG: END
2025-01-04 19:40:11,307 - STATE LOG: BEGIN
2025-01-04 19:40:11,307 - Noah's Hand: [3C, 3D, 4C]
2025-01-04 19:40:11,307 - Eve's Hand: [2D, 5H, 7C]
2025-01-04 19:40:11,307 - Boss: Rank: 11 | Suit C | Attack 0 | Health 10
2025-01-04 19:40:11,307 - Tavern: [5D, 6D, 3H, 2S, 8D, 8H, 9H, 8S, AH, JS, AD, AC, 6C, 9D, 9C, 8C, 9S, TS, 4S, JH, TC, TH, 2C, 6H, 4D, AS, TD, 3S]
2025-01-04 19:40:11,307 - Castle: [KC, KH, KS, KD, QH, QS, QC, QD]
2025-01-04 19:40:11,307 - Discard: [7D, 2H, 6S, 7S, 4H, 7H, JD]
2025-01-04 19:40:11,307 - Active Player: 1
2025-01-04 19:40:11,307 - STATE LOG: END
2025-01-04 19:40:12,066 - STATE LOG: BEGIN
2025-01-04 19:40:12,066 - Noah's Hand: [3C, 4C, 3S, AS]
2025-01-04 19:40:12,066 - Eve's Hand: [2D, 5H, 7C, TD]
2025-01-04 19:40:12,066 - Boss: Rank: 11 | Suit C | Attack 0 | Health 7
2025-01-04 19:40:12,066 - Tavern: [5D, 6D, 3H, 2S, 8D, 8H, 9H, 8S, AH, JS, AD, AC, 6C, 9D, 9C, 8C, 9S, TS, 4S, JH, TC, TH, 2C, 6H, 4D]
2025-01-04 19:40:12,066 - Castle: [KC, KH, KS, KD, QH, QS, QC, QD]
2025-01-04 19:40:12,066 - Discard: [7D, 2H, 6S, 7S, 4H, 7H, JD]
2025-01-04 19:40:12,066 - Active Player: 2
2025-01-04 19:40:12,066 - STATE LOG: END
2025-01-04 19:40:12,511 - STATE LOG: BEGIN
2025-01-04 19:40:12,511 - Noah's Hand: [3C, 4C, 3S, AS]
2025-01-04 19:40:12,511 - Eve's Hand: [2D, 5H, 7C, TD]
2025-01-04 19:40:12,511 - Boss: Rank: 11 | Suit C | Attack 0 | Health 7
2025-01-04 19:40:12,511 - Tavern: [5D, 6D, 3H, 2S, 8D, 8H, 9H, 8S, AH, JS, AD, AC, 6C, 9D, 9C, 8C, 9S, TS, 4S, JH, TC, TH, 2C, 6H, 4D]
2025-01-04 19:40:12,511 - Castle: [KC, KH, KS, KD, QH, QS, QC, QD]
2025-01-04 19:40:12,511 - Discard: [7D, 2H, 6S, 7S, 4H, 7H, JD]
2025-01-04 19:40:12,511 - Active Player: 1
2025-01-04 19:40:12,511 - STATE LOG: END
2025-01-04 19:40:13,206 - STATE LOG: BEGIN
2025-01-04 19:40:13,206 - Noah's Hand: [3C, 3S, 4C]
2025-01-04 19:40:13,206 - Eve's Hand: [2D, 5H, 7C, TD]
2025-01-04 19:40:13,206 - Boss: Rank: 11 | Suit C | Attack 0 | Health 6
2025-01-04 19:40:13,206 - Tavern: [5D, 6D, 3H, 2S, 8D, 8H, 9H, 8S, AH, JS, AD, AC, 6C, 9D, 9C, 8C, 9S, TS, 4S, JH, TC, TH, 2C, 6H, 4D]
2025-01-04 19:40:13,206 - Castle: [KC, KH, KS, KD, QH, QS, QC, QD]
2025-01-04 19:40:13,206 - Discard: [7D, 2H, 6S, 7S, 4H, 7H, JD]
2025-01-04 19:40:13,206 - Active Player: 2
2025-01-04 19:40:13,206 - STATE LOG: END
2025-01-04 19:40:13,505 - STATE LOG: BEGIN
2025-01-04 19:40:13,505 - Noah's Hand: [3C, 3S, 4C]
2025-01-04 19:40:13,505 - Eve's Hand: [2D, 5H, 7C, TD]
2025-01-04 19:40:13,505 - Boss: Rank: 11 | Suit C | Attack 0 | Health 6
2025-01-04 19:40:13,505 - Tavern: [5D, 6D, 3H, 2S, 8D, 8H, 9H, 8S, AH, JS, AD, AC, 6C, 9D, 9C, 8C, 9S, TS, 4S, JH, TC, TH, 2C, 6H, 4D]
2025-01-04 19:40:13,505 - Castle: [KC, KH, KS, KD, QH, QS, QC, QD]
2025-01-04 19:40:13,505 - Discard: [7D, 2H, 6S, 7S, 4H, 7H, JD]
2025-01-04 19:40:13,505 - Active Player: 1
2025-01-04 19:40:13,505 - STATE LOG: END
2025-01-04 19:40:13,740 - STATE LOG: BEGIN
2025-01-04 19:40:13,740 - Noah's Hand: [3S, 4C]
2025-01-04 19:40:13,740 - Eve's Hand: [2D, 5H, 7C, TD]
2025-01-04 19:40:13,740 - Boss: Rank: 11 | Suit C | Attack 0 | Health 3
2025-01-04 19:40:13,740 - Tavern: [5D, 6D, 3H, 2S, 8D, 8H, 9H, 8S, AH, JS, AD, AC, 6C, 9D, 9C, 8C, 9S, TS, 4S, JH, TC, TH, 2C, 6H, 4D]
2025-01-04 19:40:13,740 - Castle: [KC, KH, KS, KD, QH, QS, QC, QD]
2025-01-04 19:40:13,740 - Discard: [7D, 2H, 6S, 7S, 4H, 7H, JD]
2025-01-04 19:40:13,740 - Active Player: 2
2025-01-04 19:40:13,740 - STATE LOG: END
2025-01-04 19:40:13,841 - STATE LOG: BEGIN
2025-01-04 19:40:13,841 - Noah's Hand: [3S, 4C, 6H, TH, JH, TS, 9S]
2025-01-04 19:40:13,841 - Eve's Hand: [2D, 5H, 7C, 4D, 2C, TC, 4S]
2025-01-04 19:40:13,841 - Boss: Rank: 12 | Suit D | Attack 15 | Health 30
2025-01-04 19:40:13,841 - Tavern: [5D, 6D, 3H, 2S, 8D, 8H, 9H, 8S, AH, JS, AD, AC, 6C, 9D, 9C, 8C]
2025-01-04 19:40:13,841 - Castle: [KC, KH, KS, KD, QH, QS, QC]
2025-01-04 19:40:13,841 - Discard: [7D, 2H, 6S, 7S, 4H, 7H, JD, 3D, AS, 3C, 5C, 5S, TD, JC]
2025-01-04 19:40:13,841 - Active Player: 2
2025-01-04 19:40:13,841 - STATE LOG: END
2025-01-04 19:40:14,743 - STATE LOG: BEGIN
2025-01-04 19:40:14,743 - Noah's Hand: [3S, 4C, 6H, TH, JH, TS, 9S]
2025-01-04 19:40:14,743 - Eve's Hand: [2C, 2D, 5H, 7C]
2025-01-04 19:40:14,743 - Boss: Rank: 12 | Suit D | Attack 7 | Health 22
2025-01-04 19:40:14,743 - Tavern: [5D, 6D, 3H, 2S, 8D, 8H, 9H, 8S, AH, JS, AD, AC, 6C, 9D, 9C, 8C]
2025-01-04 19:40:14,743 - Castle: [KC, KH, KS, KD, QH, QS, QC]
2025-01-04 19:40:14,743 - Discard: [7D, 2H, 6S, 7S, 4H, 7H, JD, 3D, AS, 3C, 5C, 5S, TD, JC, TC]
2025-01-04 19:40:14,743 - Active Player: 1
2025-01-04 19:40:14,743 - STATE LOG: END
2025-01-04 19:40:16,006 - STATE LOG: BEGIN
2025-01-04 19:40:16,006 - Noah's Hand: [3S, 4C, 6H, 9S, TH, JH]
2025-01-04 19:40:16,006 - Eve's Hand: [2C, 2D, 5H, 7C]
2025-01-04 19:40:16,006 - Boss: Rank: 12 | Suit D | Attack 0 | Health 12
2025-01-04 19:40:16,006 - Tavern: [5D, 6D, 3H, 2S, 8D, 8H, 9H, 8S, AH, JS, AD, AC, 6C, 9D, 9C, 8C]
2025-01-04 19:40:16,006 - Castle: [KC, KH, KS, KD, QH, QS, QC]
2025-01-04 19:40:16,006 - Discard: [7D, 2H, 6S, 7S, 4H, 7H, JD, 3D, AS, 3C, 5C, 5S, TD, JC, TC]
2025-01-04 19:40:16,006 - Active Player: 2
2025-01-04 19:40:16,006 - STATE LOG: END
2025-01-04 19:40:16,876 - STATE LOG: BEGIN
2025-01-04 19:40:16,876 - Noah's Hand: [3S, 4C, 6H, 9S, TH, JH]
2025-01-04 19:40:16,876 - Eve's Hand: [2C, 2D, 5H, 7C]
2025-01-04 19:40:16,876 - Boss: Rank: 12 | Suit D | Attack 0 | Health 12
2025-01-04 19:40:16,876 - Tavern: [5D, 6D, 3H, 2S, 8D, 8H, 9H, 8S, AH, JS, AD, AC, 6C, 9D, 9C, 8C]
2025-01-04 19:40:16,877 - Castle: [KC, KH, KS, KD, QH, QS, QC]
2025-01-04 19:40:16,877 - Discard: [7D, 2H, 6S, 7S, 4H, 7H, JD, 3D, AS, 3C, 5C, 5S, TD, JC, TC]
2025-01-04 19:40:16,877 - Active Player: 1
2025-01-04 19:40:16,877 - STATE LOG: END
2025-01-04 19:40:17,338 - STATE LOG: BEGIN
2025-01-04 19:40:17,338 - Noah's Hand: [4C, 6H, 9S, TH, JH]
2025-01-04 19:40:17,338 - Eve's Hand: [2C, 2D, 5H, 7C]
2025-01-04 19:40:17,338 - Boss: Rank: 12 | Suit D | Attack 0 | Health 9
2025-01-04 19:40:17,338 - Tavern: [5D, 6D, 3H, 2S, 8D, 8H, 9H, 8S, AH, JS, AD, AC, 6C, 9D, 9C, 8C]
2025-01-04 19:40:17,338 - Castle: [KC, KH, KS, KD, QH, QS, QC]
2025-01-04 19:40:17,338 - Discard: [7D, 2H, 6S, 7S, 4H, 7H, JD, 3D, AS, 3C, 5C, 5S, TD, JC, TC]
2025-01-04 19:40:17,338 - Active Player: 2
2025-01-04 19:40:17,338 - STATE LOG: END
2025-01-04 19:40:18,047 - STATE LOG: BEGIN
2025-01-04 19:40:18,047 - Noah's Hand: [4C, 6H, 9S, TH, JH]
2025-01-04 19:40:18,047 - Eve's Hand: [2C, 2D, 7C]
2025-01-04 19:40:18,047 - Boss: Rank: 12 | Suit D | Attack 0 | Health 4
2025-01-04 19:40:18,047 - Tavern: [7D, 7H, AS, JC, TC, 5D, 6D, 3H, 2S, 8D, 8H, 9H, 8S, AH, JS, AD, AC, 6C, 9D, 9C, 8C]
2025-01-04 19:40:18,047 - Castle: [KC, KH, KS, KD, QH, QS, QC]
2025-01-04 19:40:18,047 - Discard: [5S, 3C, 3D, TD, 2H, 5C, JD, 4H, 6S, 7S]
2025-01-04 19:40:18,047 - Active Player: 1
2025-01-04 19:40:18,047 - STATE LOG: END
2025-01-04 19:40:18,083 - STATE LOG: BEGIN
2025-01-04 19:40:18,083 - Noah's Hand: [4C, 6H, 9S, JH]
2025-01-04 19:40:18,083 - Eve's Hand: [2C, 2D, 7C]
2025-01-04 19:40:18,083 - Boss: Rank: 12 | Suit C | Attack 15 | Health 30
2025-01-04 19:40:18,083 - Tavern: [TD, 6S, 7S, 5S, 2H, 5C, 3C, JD, 3D, 4H, 7D, 7H, AS, JC, TC, 5D, 6D, 3H, 2S, 8D, 8H, 9H, 8S, AH, JS, AD, AC, 6C, 9D, 9C, 8C]
2025-01-04 19:40:18,083 - Castle: [KC, KH, KS, KD, QH, QS]
2025-01-04 19:40:18,083 - Discard: [TS, 3S, TH, 4D, 4S, 5H, QD]
2025-01-04 19:40:18,083 - Active Player: 1
2025-01-04 19:40:18,083 - STATE LOG: END
2025-01-04 19:40:18,224 - STATE LOG: BEGIN
2025-01-04 19:40:18,224 - Noah's Hand: [4C, 6H]
2025-01-04 19:40:18,224 - Eve's Hand: [2C, 2D, 7C]
2025-01-04 19:40:18,224 - Boss: Rank: 12 | Suit C | Attack 6 | Health 21
2025-01-04 19:40:18,224 - Tavern: [TD, 6S, 7S, 5S, 2H, 5C, 3C, JD, 3D, 4H, 7D, 7H, AS, JC, TC, 5D, 6D, 3H, 2S, 8D, 8H, 9H, 8S, AH, JS, AD, AC, 6C, 9D, 9C, 8C]
2025-01-04 19:40:18,224 - Castle: [KC, KH, KS, KD, QH, QS]
2025-01-04 19:40:18,224 - Discard: [TS, 3S, TH, 4D, 4S, 5H, QD, JH]
2025-01-04 19:40:18,224 - Active Player: 2
2025-01-04 19:40:18,224 - STATE LOG: END
2025-01-04 19:40:18,285 - STATE LOG: BEGIN
2025-01-04 19:40:18,285 - Noah's Hand: [4C, 6H]
2025-01-04 19:40:18,285 - Eve's Hand: [2C, 2D]
2025-01-04 19:40:18,285 - Boss: Rank: 12 | Suit C | Attack 6 | Health 14
2025-01-04 19:40:18,285 - Tavern: [TD, 6S, 7S, 5S, 2H, 5C, 3C, JD, 3D, 4H, 7D, 7H, AS, JC, TC, 5D, 6D, 3H, 2S, 8D, 8H, 9H, 8S, AH, JS, AD, AC, 6C, 9D, 9C, 8C]
2025-01-04 19:40:18,285 - Castle: [KC, KH, KS, KD, QH, QS]
2025-01-04 19:40:18,285 - Discard: [TS, 3S, TH, 4D, 4S, 5H, QD, JH]
2025-01-04 19:40:18,285 - Active Player: 1
2025-01-04 19:40:18,285 - STATE LOG: END
