2025-01-04 01:25:12,001 - I log states! :D
2025-01-04 01:25:12,002 - STATE LOG: BEGIN
2025-01-04 01:25:12,004 - Noah's Hand: [2D, TD, 7C, TH, 3H, 4C, 3D]
2025-01-04 01:25:12,004 - Eve's Hand: [8D, 8S, 6H, 2H, 7S, 2C, 5C]
2025-01-04 01:25:12,004 - Boss: Rank: 11 | Suit C | Attack 10 | Health 20
2025-01-04 01:25:12,004 - Tavern: [5D, 6S, 9C, AH, 6C, 4H, AC, 6D, 9D, 8C, 5S, 4D, 4S, 7H, AD, 7D, 8H, AS, 9H, 5H, TC, 2S, 3C, TS, 3S, 9S]
2025-01-04 01:25:12,004 - Castle: [KD, KC, KS, KH, QS, QC, QH, QD, JD, JH, JS]
2025-01-04 01:25:12,005 - Discard: []
2025-01-04 01:25:12,005 - Active Player: 1
2025-01-04 01:25:12,005 - STATE LOG: END
2025-01-04 01:25:22,090 - STATE LOG: BEGIN
2025-01-04 01:25:22,091 - Noah's Hand: [2D, 3D, 3H, 4C, 7C, TD]
2025-01-04 01:25:22,091 - Eve's Hand: [8D, 8S, 6H, 2H, 7S, 2C, 5C]
2025-01-04 01:25:22,091 - Boss: Rank: 11 | Suit C | Attack 10 | Health 20
2025-01-04 01:25:22,091 - Tavern: [5D, 6S, 9C, AH, 6C, 4H, AC, 6D, 9D, 8C, 5S, 4D, 4S, 7H, AD, 7D, 8H, AS, 9H, 5H, TC, 2S, 3C, TS, 3S, 9S]
2025-01-04 01:25:22,091 - Castle: [KD, KC, KS, KH, QS, QC, QH, QD, JD, JH, JS]
2025-01-04 01:25:22,091 - Discard: [TH]
2025-01-04 01:25:22,091 - Active Player: 2
2025-01-04 01:25:22,091 - STATE LOG: END
2025-01-04 01:25:32,093 - STATE LOG: BEGIN
2025-01-04 01:25:32,094 - Noah's Hand: [2D, 3D, 3H, 4C, 7C, TD]
2025-01-04 01:25:32,094 - Eve's Hand: [2C, 2H, 5C, 6H, 8D]
2025-01-04 01:25:32,094 - Boss: Rank: 11 | Suit C | Attack 3 | Health 13
2025-01-04 01:25:32,094 - Tavern: [5D, 6S, 9C, AH, 6C, 4H, AC, 6D, 9D, 8C, 5S, 4D, 4S, 7H, AD, 7D, 8H, AS, 9H, 5H, TC, 2S, 3C, TS, 3S, 9S]
2025-01-04 01:25:32,094 - Castle: [KD, KC, KS, KH, QS, QC, QH, QD, JD, JH, JS]
2025-01-04 01:25:32,094 - Discard: [TH, 8S]
2025-01-04 01:25:32,094 - Active Player: 1
2025-01-04 01:25:32,094 - STATE LOG: END
2025-01-04 01:25:41,783 - STATE LOG: BEGIN
2025-01-04 01:25:41,783 - Noah's Hand: [3D, 3H, 4C, 7C, TD]
2025-01-04 01:25:41,792 - Eve's Hand: [2C, 2H, 5C, 6H, 8D, 3S]
2025-01-04 01:25:41,792 - Boss: Rank: 11 | Suit C | Attack 3 | Health 11
2025-01-04 01:25:41,792 - Tavern: [5D, 6S, 9C, AH, 6C, 4H, AC, 6D, 9D, 8C, 5S, 4D, 4S, 7H, AD, 7D, 8H, AS, 9H, 5H, TC, 2S, 3C, TS]
2025-01-04 01:25:41,792 - Castle: [KD, KC, KS, KH, QS, QC, QH, QD, JD, JH, JS]
2025-01-04 01:25:41,792 - Discard: [TH, 8S, 9S]
2025-01-04 01:25:41,792 - Active Player: 2
2025-01-04 01:25:41,792 - STATE LOG: END
2025-01-04 01:25:49,774 - STATE LOG: BEGIN
2025-01-04 01:25:49,775 - Noah's Hand: [3D, 3H, 4C, 7C, TD]
2025-01-04 01:25:49,775 - Eve's Hand: [2C, 2H, 5C, 6H, 8D]
2025-01-04 01:25:49,775 - Boss: Rank: 11 | Suit C | Attack 0 | Health 8
2025-01-04 01:25:49,775 - Tavern: [5D, 6S, 9C, AH, 6C, 4H, AC, 6D, 9D, 8C, 5S, 4D, 4S, 7H, AD, 7D, 8H, AS, 9H, 5H, TC, 2S, 3C, TS]
2025-01-04 01:25:49,775 - Castle: [KD, KC, KS, KH, QS, QC, QH, QD, JD, JH, JS]
2025-01-04 01:25:49,775 - Discard: [TH, 8S, 9S]
2025-01-04 01:25:49,775 - Active Player: 1
2025-01-04 01:25:49,775 - STATE LOG: END
2025-01-04 01:25:59,780 - STATE LOG: BEGIN
2025-01-04 01:25:59,789 - Noah's Hand: [3D, 4C, 7C, TD]
2025-01-04 01:25:59,789 - Eve's Hand: [2C, 2H, 5C, 6H, 8D]
2025-01-04 01:25:59,789 - Boss: Rank: 11 | Suit C | Attack 0 | Health 5
2025-01-04 01:25:59,789 - Tavern: [TH, 9S, 8S, 5D, 6S, 9C, AH, 6C, 4H, AC, 6D, 9D, 8C, 5S, 4D, 4S, 7H, AD, 7D, 8H, AS, 9H, 5H, TC, 2S, 3C, TS]
2025-01-04 01:25:59,789 - Castle: [KD, KC, KS, KH, QS, QC, QH, QD, JD, JH, JS]
2025-01-04 01:25:59,789 - Discard: []
2025-01-04 01:25:59,789 - Active Player: 2
2025-01-04 01:25:59,789 - STATE LOG: END
2025-01-04 01:26:10,167 - STATE LOG: BEGIN
2025-01-04 01:26:10,170 - Noah's Hand: [3D, 4C, 7C, TD, 3C, TC, 9H]
2025-01-04 01:26:10,171 - Eve's Hand: [2C, 2H, 5C, 6H, TS, 2S, 5H]
2025-01-04 01:26:10,171 - Boss: Rank: 11 | Suit S | Attack 10 | Health 20
2025-01-04 01:26:10,171 - Tavern: [TH, 9S, 8S, 5D, 6S, 9C, AH, 6C, 4H, AC, 6D, 9D, 8C, 5S, 4D, 4S, 7H, AD, 7D, 8H, AS]
2025-01-04 01:26:10,171 - Castle: [KD, KC, KS, KH, QS, QC, QH, QD, JD, JH]
2025-01-04 01:26:10,171 - Discard: [2D, 3H, 7S, 3S, 8D, JC]
2025-01-04 01:26:10,171 - Active Player: 2
2025-01-04 01:26:10,171 - STATE LOG: END
2025-01-04 01:26:20,700 - STATE LOG: BEGIN
2025-01-04 01:26:21,100 - Noah's Hand: [3D, 4C, 7C, TD, 3C, TC, 9H]
2025-01-04 01:26:21,124 - Eve's Hand: [2C, 2H, 2S, 5C, 5H, 6H]
2025-01-04 01:26:21,124 - Boss: Rank: 11 | Suit S | Attack 10 | Health 20
2025-01-04 01:26:21,124 - Tavern: [TH, 9S, 8S, 5D, 6S, 9C, AH, 6C, 4H, AC, 6D, 9D, 8C, 5S, 4D, 4S, 7H, AD, 7D, 8H, AS]
2025-01-04 01:26:21,124 - Castle: [KD, KC, KS, KH, QS, QC, QH, QD, JD, JH]
2025-01-04 01:26:21,124 - Discard: [2D, 3H, 7S, 3S, 8D, JC, TS]
2025-01-04 01:26:21,124 - Active Player: 1
2025-01-04 01:26:21,124 - STATE LOG: END
2025-01-04 01:26:31,138 - STATE LOG: BEGIN
2025-01-04 01:26:31,150 - Noah's Hand: [3C, 3D, 4C, 7C, 9H]
2025-01-04 01:26:31,151 - Eve's Hand: [2C, 2H, 2S, 5C, 5H, 6H, 8H]
2025-01-04 01:26:31,151 - Boss: Rank: 11 | Suit S | Attack 10 | Health 10
2025-01-04 01:26:31,151 - Tavern: [TH, 9S, 8S, 5D, 6S, 9C, AH, 6C, 4H, AC, 6D, 9D, 8C, 5S, 4D, 4S, 7H, AD, 7D]
2025-01-04 01:26:31,152 - Castle: [KD, KC, KS, KH, QS, QC, QH, QD, JD, JH]
2025-01-04 01:26:31,152 - Discard: [2D, 3H, 7S, 3S, 8D, JC, TS, AS, TC]
2025-01-04 01:26:31,152 - Active Player: 2
2025-01-04 01:26:31,152 - STATE LOG: END
2025-01-04 01:26:41,155 - STATE LOG: BEGIN
2025-01-04 01:26:41,156 - Noah's Hand: [3C, 3D, 4C, 7C, 9H]
2025-01-04 01:26:41,156 - Eve's Hand: [2C, 2H, 2S, 5C]
2025-01-04 01:26:41,156 - Boss: Rank: 11 | Suit S | Attack 10 | Health 5
2025-01-04 01:26:41,156 - Tavern: [3S, TC, 8D, 7S, AS, TH, 9S, 8S, 5D, 6S, 9C, AH, 6C, 4H, AC, 6D, 9D, 8C, 5S, 4D, 4S, 7H, AD, 7D]
2025-01-04 01:26:41,156 - Castle: [KD, KC, KS, KH, QS, QC, QH, QD, JD, JH]
2025-01-04 01:26:41,156 - Discard: [2D, TS, 3H, JC, 8H, 6H]
2025-01-04 01:26:41,156 - Active Player: 1
2025-01-04 01:26:41,156 - STATE LOG: END
2025-01-04 01:26:43,373 - STATE LOG: BEGIN
2025-01-04 01:26:43,373 - Noah's Hand: [4C, 7C, 9H, 7D, 7H, 4D]
2025-01-04 01:26:43,373 - Eve's Hand: [2C, 2H, 2S, 5C, AD, 4S, 5S]
2025-01-04 01:26:43,373 - Boss: Rank: 11 | Suit H | Attack 10 | Health 20
2025-01-04 01:26:43,373 - Tavern: [3S, TC, 8D, 7S, AS, TH, 9S, 8S, 5D, 6S, 9C, AH, 6C, 4H, AC, 6D, 9D, 8C]
2025-01-04 01:26:43,373 - Castle: [KD, KC, KS, KH, QS, QC, QH, QD, JD]
2025-01-04 01:26:43,373 - Discard: [2D, TS, 3H, JC, 8H, 6H, TD, 3C, 3D, 5H, JS]
2025-01-04 01:26:43,373 - Active Player: 1
2025-01-04 01:26:43,373 - STATE LOG: END
2025-01-04 01:26:53,374 - STATE LOG: BEGIN
2025-01-04 01:26:53,375 - Noah's Hand: [4C, 4D, 7C, 7D]
2025-01-04 01:26:53,375 - Eve's Hand: [2C, 2H, 2S, 5C, AD, 4S, 5S]
2025-01-04 01:26:53,375 - Boss: Rank: 11 | Suit H | Attack 10 | Health 20
2025-01-04 01:26:53,375 - Tavern: [3S, TC, 8D, 7S, AS, TH, 9S, 8S, 5D, 6S, 9C, AH, 6C, 4H, AC, 6D, 9D, 8C]
2025-01-04 01:26:53,375 - Castle: [KD, KC, KS, KH, QS, QC, QH, QD, JD]
2025-01-04 01:26:53,375 - Discard: [2D, TS, 3H, JC, 8H, 6H, TD, 3C, 3D, 5H, JS, 9H, 7H]
2025-01-04 01:26:53,375 - Active Player: 2
2025-01-04 01:26:53,375 - STATE LOG: END
2025-01-04 01:27:01,990 - STATE LOG: BEGIN
2025-01-04 01:27:01,990 - Noah's Hand: [4C, 4D, 7C, 7D, 9D, AC, 4H]
2025-01-04 01:27:01,990 - Eve's Hand: [2C, 2H, 2S, 4S, 5C, 8C]
2025-01-04 01:27:01,990 - Boss: Rank: 11 | Suit H | Attack 4 | Health 14
2025-01-04 01:27:01,990 - Tavern: [3S, TC, 8D, 7S, AS, TH, 9S, 8S, 5D, 6S, 9C, AH, 6C]
2025-01-04 01:27:01,990 - Castle: [KD, KC, KS, KH, QS, QC, QH, QD, JD]
2025-01-04 01:27:01,990 - Discard: [2D, TS, 3H, JC, 8H, 6H, TD, 3C, 3D, 5H, JS, 9H, 7H, 6D]
2025-01-04 01:27:01,990 - Active Player: 1
2025-01-04 01:27:01,990 - STATE LOG: END
2025-01-04 01:27:11,991 - STATE LOG: BEGIN
2025-01-04 01:27:11,993 - Noah's Hand: [AC, 4C, 4D, 4H, 7C, 7D]
2025-01-04 01:27:11,993 - Eve's Hand: [2C, 2H, 2S, 4S, 5C, 8C]
2025-01-04 01:27:11,993 - Boss: Rank: 11 | Suit H | Attack 4 | Health 14
2025-01-04 01:27:11,993 - Tavern: [3S, TC, 8D, 7S, AS, TH, 9S, 8S, 5D, 6S, 9C, AH, 6C]
2025-01-04 01:27:11,993 - Castle: [KD, KC, KS, KH, QS, QC, QH, QD, JD]
2025-01-04 01:27:11,993 - Discard: [2D, TS, 3H, JC, 8H, 6H, TD, 3C, 3D, 5H, JS, 9H, 7H, 6D, 9D]
2025-01-04 01:27:11,993 - Active Player: 2
2025-01-04 01:27:11,993 - STATE LOG: END
2025-01-04 01:27:21,995 - STATE LOG: BEGIN
2025-01-04 01:27:21,995 - Noah's Hand: [AC, 4C, 4D, 4H, 7C, 7D]
2025-01-04 01:27:21,995 - Eve's Hand: [2C, 2H, 2S, 5C, 8C]
2025-01-04 01:27:21,996 - Boss: Rank: 11 | Suit H | Attack 0 | Health 10
2025-01-04 01:27:21,996 - Tavern: [3S, TC, 8D, 7S, AS, TH, 9S, 8S, 5D, 6S, 9C, AH, 6C]
2025-01-04 01:27:21,996 - Castle: [KD, KC, KS, KH, QS, QC, QH, QD, JD]
2025-01-04 01:27:21,996 - Discard: [2D, TS, 3H, JC, 8H, 6H, TD, 3C, 3D, 5H, JS, 9H, 7H, 6D, 9D]
2025-01-04 01:27:21,996 - Active Player: 1
2025-01-04 01:27:21,996 - STATE LOG: END
2025-01-04 01:27:30,550 - STATE LOG: BEGIN
2025-01-04 01:27:30,555 - Noah's Hand: [AC, 4C, 4H, 7C, 7D, 6C, 9C]
2025-01-04 01:27:30,555 - Eve's Hand: [2C, 2H, 2S, 5C, 8C, AH, 6S]
2025-01-04 01:27:30,555 - Boss: Rank: 11 | Suit H | Attack 0 | Health 6
2025-01-04 01:27:30,555 - Tavern: [3S, TC, 8D, 7S, AS, TH, 9S, 8S, 5D]
2025-01-04 01:27:30,555 - Castle: [KD, KC, KS, KH, QS, QC, QH, QD, JD]
2025-01-04 01:27:30,555 - Discard: [2D, TS, 3H, JC, 8H, 6H, TD, 3C, 3D, 5H, JS, 9H, 7H, 6D, 9D]
2025-01-04 01:27:30,555 - Active Player: 2
2025-01-04 01:27:30,555 - STATE LOG: END
2025-01-04 01:27:40,556 - STATE LOG: BEGIN
2025-01-04 01:27:40,557 - Noah's Hand: [AC, 4C, 4H, 7C, 7D, 6C, 9C]
2025-01-04 01:27:40,557 - Eve's Hand: [2C, 2H, 2S, 5C, 6S, 8C]
2025-01-04 01:27:40,557 - Boss: Rank: 11 | Suit H | Attack 0 | Health 5
2025-01-04 01:27:40,557 - Tavern: [3S, TC, 8D, 7S, AS, TH, 9S, 8S, 5D]
2025-01-04 01:27:40,557 - Castle: [KD, KC, KS, KH, QS, QC, QH, QD, JD]
2025-01-04 01:27:40,557 - Discard: [2D, TS, 3H, JC, 8H, 6H, TD, 3C, 3D, 5H, JS, 9H, 7H, 6D, 9D]
2025-01-04 01:27:40,557 - Active Player: 1
2025-01-04 01:27:40,557 - STATE LOG: END
2025-01-04 01:27:50,559 - STATE LOG: BEGIN
2025-01-04 01:27:50,559 - Noah's Hand: [AC, 4C, 4H, 7C, 7D, 9C]
2025-01-04 01:27:50,559 - Eve's Hand: [2C, 2H, 2S, 5C, 6S, 8C]
2025-01-04 01:27:50,559 - Boss: Rank: 11 | Suit D | Attack 10 | Health 20
2025-01-04 01:27:50,559 - Tavern: [3S, TC, 8D, 7S, AS, TH, 9S, 8S, 5D]
2025-01-04 01:27:50,559 - Castle: [KD, KC, KS, KH, QS, QC, QH, QD]
2025-01-04 01:27:50,559 - Discard: [2D, TS, 3H, JC, 8H, 6H, TD, 3C, 3D, 5H, JS, 9H, 7H, 6D, 9D, 4D, 6C, AD, 5S, 4S, AH, JH]
2025-01-04 01:27:50,559 - Active Player: 1
2025-01-04 01:27:50,559 - STATE LOG: END
2025-01-04 01:27:55,051 - STATE LOG: BEGIN
2025-01-04 01:27:55,052 - Noah's Hand: [4H, 7C]
2025-01-04 01:27:55,052 - Eve's Hand: [2C, 2H, 2S, 5C, 6S, 8C]
2025-01-04 01:27:55,052 - Boss: Rank: 11 | Suit D | Attack 10 | Health 10
2025-01-04 01:27:55,052 - Tavern: [3S, TC, 8D, 7S, AS, TH, 9S, 8S, 5D]
2025-01-04 01:27:55,052 - Castle: [KD, KC, KS, KH, QS, QC, QH, QD]
2025-01-04 01:27:55,052 - Discard: [2D, TS, 3H, JC, 8H, 6H, TD, 3C, 3D, 5H, JS, 9H, 7H, 6D, 9D, 4D, 6C, AD, 5S, 4S, AH, JH, 9C, 7D]
2025-01-04 01:27:55,052 - Active Player: 2
2025-01-04 01:27:55,052 - STATE LOG: END
2025-01-04 01:27:55,245 - STATE LOG: BEGIN
2025-01-04 01:27:55,245 - Noah's Hand: [4H, 7C]
2025-01-04 01:27:55,245 - Eve's Hand: [2C, 2S, 5C]
2025-01-04 01:27:55,245 - Boss: Rank: 11 | Suit D | Attack 10 | Health 8
2025-01-04 01:27:55,245 - Tavern: [3D, 6D, 3S, TC, 8D, 7S, AS, TH, 9S, 8S, 5D]
2025-01-04 01:27:55,245 - Castle: [KD, KC, KS, KH, QS, QC, QH, QD]
2025-01-04 01:27:55,245 - Discard: [JH, 8H, 5H, 9D, 6H, JS, 2D, 4D, 3C, 3H, 6C, TS, 7D, 9C, TD, AH, 7H, 5S, JC, 4S, AD, 9H, 8C, 6S]
2025-01-04 01:27:55,245 - Active Player: 1
2025-01-04 01:27:55,245 - STATE LOG: END
2025-01-04 01:27:55,253 - STATE LOG: BEGIN
2025-01-04 01:27:55,253 - Noah's Hand: [7C]
2025-01-04 01:27:55,253 - Eve's Hand: [2C, 2S, 5C]
2025-01-04 01:27:55,253 - Boss: Rank: 11 | Suit D | Attack 10 | Health 4
2025-01-04 01:27:55,253 - Tavern: [TS, 4D, 5H, 9D, 3D, 6D, 3S, TC, 8D, 7S, AS, TH, 9S, 8S, 5D]
2025-01-04 01:27:55,253 - Castle: [KD, KC, KS, KH, QS, QC, QH, QD]
2025-01-04 01:27:55,253 - Discard: [6S, 7D, 9H, 7H, 6H, 8C, 4S, JH, 3H, 3C, 5S, AH, 2D, AD, JC, 9C, JS, 8H, 6C, TD]
2025-01-04 01:27:55,253 - Active Player: 2
2025-01-04 01:27:55,253 - STATE LOG: END
