2025-01-04 22:23:05,728 - I log states! :D
2025-01-04 22:23:05,728 - STATE LOG: BEGIN
2025-01-04 22:23:05,728 - Noah's Hand: [5C, 6H, 5H, 7S, TD, 2H, TC]
2025-01-04 22:23:05,728 - Eve's Hand: [2S, 6D, 8H, TS, AS, 9S, 8C]
2025-01-04 22:23:05,728 - Boss: Rank: 11 | Suit D | Attack 10 | Health 20
2025-01-04 22:23:05,728 - Tavern: [9C, AH, 7H, 5D, 4H, 8S, 6C, 7C, 5S, TH, 2D, 4S, 3S, 7D, 8D, 4C, 4D, AC, 3H, 3C, 3D, 9D, 2C, 6S, 9H, AD]
2025-01-04 22:23:05,728 - Castle: [KD, KS, KH, KC, QD, QS, QC, QH, JH, JC, JS]
2025-01-04 22:23:05,728 - Discard: []
2025-01-04 22:23:05,728 - Active Player: 1
2025-01-04 22:23:05,728 - STATE LOG: END
2025-01-04 22:23:15,733 - STATE LOG: BEGIN
2025-01-04 22:23:15,733 - Noah's Hand: [2H, 6H, 7S, TC, TD]
2025-01-04 22:23:15,733 - Eve's Hand: [2S, 6D, 8H, TS, AS, 9S, 8C]
2025-01-04 22:23:15,733 - Boss: Rank: 11 | Suit S | Attack 10 | Health 20
2025-01-04 22:23:15,733 - Tavern: [9C, AH, 7H, 5D, 4H, 8S, 6C, 7C, 5S, TH, 2D, 4S, 3S, 7D, 8D, 4C, 4D, AC, 3H, 3C, 3D, 9D, 2C, 6S, 9H, AD]
2025-01-04 22:23:15,733 - Castle: [KD, KS, KH, KC, QD, QS, QC, QH, JH, JC]
2025-01-04 22:23:15,733 - Discard: [5C, 5H]
2025-01-04 22:23:15,733 - Active Player: 1
2025-01-04 22:23:15,733 - STATE LOG: END
2025-01-04 22:23:24,577 - STATE LOG: BEGIN
2025-01-04 22:23:24,577 - Noah's Hand: [7S, TD]
2025-01-04 22:23:24,578 - Eve's Hand: [2S, 6D, 8H, TS, AS, 9S, 8C]
2025-01-04 22:23:24,578 - Boss: Rank: 11 | Suit S | Attack 10 | Health 20
2025-01-04 22:23:24,578 - Tavern: [9C, AH, 7H, 5D, 4H, 8S, 6C, 7C, 5S, TH, 2D, 4S, 3S, 7D, 8D, 4C, 4D, AC, 3H, 3C, 3D, 9D, 2C, 6S, 9H, AD]
2025-01-04 22:23:24,578 - Castle: [KD, KS, KH, KC, QD, QS, QC, QH, JH, JC]
2025-01-04 22:23:24,578 - Discard: [5C, 5H, 6H, 2H, TC]
2025-01-04 22:23:24,578 - Active Player: 2
2025-01-04 22:23:24,578 - STATE LOG: END
2025-01-04 22:23:27,078 - STATE LOG: BEGIN
2025-01-04 22:23:27,078 - Noah's Hand: [7S, TD]
2025-01-04 22:23:27,078 - Eve's Hand: [2S, 6D, 8H]
2025-01-04 22:23:27,078 - Boss: Rank: 11 | Suit S | Attack 10 | Health 10
2025-01-04 22:23:27,078 - Tavern: [9C, AH, 7H, 5D, 4H, 8S, 6C, 7C, 5S, TH, 2D, 4S, 3S, 7D, 8D, 4C, 4D, AC, 3H, 3C, 3D, 9D, 2C, 6S, 9H, AD]
2025-01-04 22:23:27,078 - Castle: [KD, KS, KH, KC, QD, QS, QC, QH, JH, JC]
2025-01-04 22:23:27,078 - Discard: [5C, 5H, 6H, 2H, TC, 8C, TS]
2025-01-04 22:23:27,078 - Active Player: 1
2025-01-04 22:23:27,078 - STATE LOG: END
2025-01-04 22:23:28,248 - STATE LOG: BEGIN
2025-01-04 22:23:28,248 - Noah's Hand: [7S, JD, 9H, 2C, 3D, 3H, AC]
2025-01-04 22:23:28,248 - Eve's Hand: [2S, 6D, 8H, AD, 6S, 9D, 3C]
2025-01-04 22:23:28,248 - Boss: Rank: 11 | Suit C | Attack 10 | Health 20
2025-01-04 22:23:28,248 - Tavern: [9C, AH, 7H, 5D, 4H, 8S, 6C, 7C, 5S, TH, 2D, 4S, 3S, 7D, 8D, 4C, 4D]
2025-01-04 22:23:28,248 - Castle: [KD, KS, KH, KC, QD, QS, QC, QH, JH]
2025-01-04 22:23:28,248 - Discard: [5C, 5H, 6H, 2H, TC, 8C, TS, TD, AS, 9S]
2025-01-04 22:23:28,248 - Active Player: 1
2025-01-04 22:23:28,248 - STATE LOG: END
2025-01-04 22:23:38,250 - STATE LOG: BEGIN
2025-01-04 22:23:38,251 - Noah's Hand: [2C, 3D, 9H, JD]
2025-01-04 22:23:38,251 - Eve's Hand: [2S, 6D, 8H, AD, 6S, 9D, 3C]
2025-01-04 22:23:38,251 - Boss: Rank: 11 | Suit C | Attack 3 | Health 13
2025-01-04 22:23:38,251 - Tavern: [9C, AH, 7H, 5D, 4H, 8S, 6C, 7C, 5S, TH, 2D, 4S, 3S, 7D, 8D, 4C, 4D]
2025-01-04 22:23:38,251 - Castle: [KD, KS, KH, KC, QD, QS, QC, QH, JH]
2025-01-04 22:23:38,251 - Discard: [5C, 5H, 6H, 2H, TC, 8C, TS, TD, AS, 9S, AC, 3H]
2025-01-04 22:23:38,251 - Active Player: 2
2025-01-04 22:23:38,251 - STATE LOG: END
2025-01-04 22:23:48,252 - STATE LOG: BEGIN
2025-01-04 22:23:48,253 - Noah's Hand: [2C, 3D, 9H, JD]
2025-01-04 22:23:48,253 - Eve's Hand: [AD, 2S, 3C, 6D, 6S, 9D]
2025-01-04 22:23:48,253 - Boss: Rank: 11 | Suit C | Attack 3 | Health 13
2025-01-04 22:23:48,253 - Tavern: [9C, AH, 7H, 5D, 4H, 8S, 6C, 7C, 5S, TH, 2D, 4S, 3S, 7D, 8D, 4C, 4D]
2025-01-04 22:23:48,253 - Castle: [KD, KS, KH, KC, QD, QS, QC, QH, JH]
2025-01-04 22:23:48,253 - Discard: [5C, 5H, 6H, 2H, TC, 8C, TS, TD, AS, 9S, AC, 3H, 8H]
2025-01-04 22:23:48,253 - Active Player: 1
2025-01-04 22:23:48,253 - STATE LOG: END
2025-01-04 22:23:58,253 - STATE LOG: BEGIN
2025-01-04 22:23:58,254 - Noah's Hand: [2C, 9H, JD, 4C]
2025-01-04 22:23:58,254 - Eve's Hand: [AD, 2S, 3C, 6D, 6S, 9D, 4D]
2025-01-04 22:23:58,254 - Boss: Rank: 11 | Suit C | Attack 3 | Health 10
2025-01-04 22:23:58,254 - Tavern: [9C, AH, 7H, 5D, 4H, 8S, 6C, 7C, 5S, TH, 2D, 4S, 3S, 7D, 8D]
2025-01-04 22:23:58,254 - Castle: [KD, KS, KH, KC, QD, QS, QC, QH, JH]
2025-01-04 22:23:58,254 - Discard: [5C, 5H, 6H, 2H, TC, 8C, TS, TD, AS, 9S, AC, 3H, 8H, JS]
2025-01-04 22:23:58,254 - Active Player: 2
2025-01-04 22:23:58,254 - STATE LOG: END
2025-01-04 22:24:08,255 - STATE LOG: BEGIN
2025-01-04 22:24:08,255 - Noah's Hand: [2C, 9H, JD, 4C, 7D]
2025-01-04 22:24:08,255 - Eve's Hand: [3C, 4D, 6D, 6S, 9D, 8D, 3S]
2025-01-04 22:24:08,255 - Boss: Rank: 11 | Suit C | Attack 0 | Health 7
2025-01-04 22:24:08,255 - Tavern: [9C, AH, 7H, 5D, 4H, 8S, 6C, 7C, 5S, TH, 2D, 4S]
2025-01-04 22:24:08,255 - Castle: [KD, KS, KH, KC, QD, QS, QC, QH, JH]
2025-01-04 22:24:08,255 - Discard: [5C, 5H, 6H, 2H, TC, 8C, TS, TD, AS, 9S, AC, 3H, 8H, JS]
2025-01-04 22:24:08,255 - Active Player: 1
2025-01-04 22:24:08,255 - STATE LOG: END
2025-01-04 22:24:18,256 - STATE LOG: BEGIN
2025-01-04 22:24:18,257 - Noah's Hand: [2C, 4C, 7D, 9H, JD]
2025-01-04 22:24:18,257 - Eve's Hand: [3C, 4D, 6D, 6S, 9D, 8D, 3S]
2025-01-04 22:24:18,257 - Boss: Rank: 11 | Suit C | Attack 0 | Health 7
2025-01-04 22:24:18,257 - Tavern: [9C, AH, 7H, 5D, 4H, 8S, 6C, 7C, 5S, TH, 2D, 4S]
2025-01-04 22:24:18,257 - Castle: [KD, KS, KH, KC, QD, QS, QC, QH, JH]
2025-01-04 22:24:18,257 - Discard: [5C, 5H, 6H, 2H, TC, 8C, TS, TD, AS, 9S, AC, 3H, 8H, JS]
2025-01-04 22:24:18,257 - Active Player: 2
2025-01-04 22:24:18,257 - STATE LOG: END
2025-01-04 22:24:28,259 - STATE LOG: BEGIN
2025-01-04 22:24:28,260 - Noah's Hand: [2C, 4C, 7D, 9H, JD, 2D, TH]
2025-01-04 22:24:28,260 - Eve's Hand: [3C, 3S, 4D, 6S, 8D, 9D, 4S]
2025-01-04 22:24:28,260 - Boss: Rank: 11 | Suit C | Attack 0 | Health 1
2025-01-04 22:24:28,260 - Tavern: [9C, AH, 7H, 5D, 4H, 8S, 6C, 7C, 5S]
2025-01-04 22:24:28,260 - Castle: [KD, KS, KH, KC, QD, QS, QC, QH, JH]
2025-01-04 22:24:28,260 - Discard: [5C, 5H, 6H, 2H, TC, 8C, TS, TD, AS, 9S, AC, 3H, 8H, JS]
2025-01-04 22:24:28,260 - Active Player: 1
2025-01-04 22:24:28,260 - STATE LOG: END
2025-01-04 22:24:38,262 - STATE LOG: BEGIN
2025-01-04 22:24:38,263 - Noah's Hand: [2C, 2D, 4C, 7D, 9H, TH, JD]
2025-01-04 22:24:38,263 - Eve's Hand: [3C, 3S, 4D, 6S, 8D, 9D, 4S]
2025-01-04 22:24:38,263 - Boss: Rank: 11 | Suit C | Attack 0 | Health 1
2025-01-04 22:24:38,263 - Tavern: [9C, AH, 7H, 5D, 4H, 8S, 6C, 7C, 5S]
2025-01-04 22:24:38,263 - Castle: [KD, KS, KH, KC, QD, QS, QC, QH, JH]
2025-01-04 22:24:38,263 - Discard: [5C, 5H, 6H, 2H, TC, 8C, TS, TD, AS, 9S, AC, 3H, 8H, JS]
2025-01-04 22:24:38,263 - Active Player: 2
2025-01-04 22:24:38,263 - STATE LOG: END
2025-01-04 22:24:48,264 - STATE LOG: BEGIN
2025-01-04 22:24:48,265 - Noah's Hand: [2C, 2D, 4C, 7D, 9H, TH, JD]
2025-01-04 22:24:48,265 - Eve's Hand: [3C, 3S, 4D, 4S, 6S, 8D, 5S]
2025-01-04 22:24:48,265 - Boss: Rank: 11 | Suit H | Attack 10 | Health 20
2025-01-04 22:24:48,265 - Tavern: [9C, AH, 7H, 5D, 4H, 8S, 6C, 7C]
2025-01-04 22:24:48,265 - Castle: [KD, KS, KH, KC, QD, QS, QC, QH]
2025-01-04 22:24:48,265 - Discard: [5C, 5H, 6H, 2H, TC, 8C, TS, TD, AS, 9S, AC, 3H, 8H, JS, 7S, 3D, AD, 2S, 6D, 9D, JC]
2025-01-04 22:24:48,265 - Active Player: 2
2025-01-04 22:24:48,265 - STATE LOG: END
2025-01-04 22:24:58,267 - STATE LOG: BEGIN
2025-01-04 22:24:58,267 - Noah's Hand: [2C, 2D, 4C, 7D, 9H, TH, JD]
2025-01-04 22:24:58,267 - Eve's Hand: [3C, 3S, 4D, 5S, 8D]
2025-01-04 22:24:58,267 - Boss: Rank: 11 | Suit H | Attack 4 | Health 14
2025-01-04 22:24:58,267 - Tavern: [9C, AH, 7H, 5D, 4H, 8S, 6C, 7C]
2025-01-04 22:24:58,267 - Castle: [KD, KS, KH, KC, QD, QS, QC, QH]
2025-01-04 22:24:58,267 - Discard: [5C, 5H, 6H, 2H, TC, 8C, TS, TD, AS, 9S, AC, 3H, 8H, JS, 7S, 3D, AD, 2S, 6D, 9D, JC, 4S]
2025-01-04 22:24:58,267 - Active Player: 1
2025-01-04 22:24:58,267 - STATE LOG: END
2025-01-04 22:25:08,269 - STATE LOG: BEGIN
2025-01-04 22:25:08,270 - Noah's Hand: [2C, 7D, 9H, TH, JD, 7C]
2025-01-04 22:25:08,270 - Eve's Hand: [3C, 3S, 4D, 5S, 8D, 6C]
2025-01-04 22:25:08,270 - Boss: Rank: 11 | Suit H | Attack 4 | Health 12
2025-01-04 22:25:08,270 - Tavern: [9C, AH, 7H, 5D, 4H, 8S]
2025-01-04 22:25:08,270 - Castle: [KD, KS, KH, KC, QD, QS, QC, QH]
2025-01-04 22:25:08,270 - Discard: [5C, 5H, 6H, 2H, TC, 8C, TS, TD, AS, 9S, AC, 3H, 8H, JS, 7S, 3D, AD, 2S, 6D, 9D, JC, 4S, 4C]
2025-01-04 22:25:08,270 - Active Player: 2
2025-01-04 22:25:08,270 - STATE LOG: END
2025-01-04 22:25:18,271 - STATE LOG: BEGIN
2025-01-04 22:25:18,272 - Noah's Hand: [2C, 7D, 9H, TH, JD, 7C]
2025-01-04 22:25:18,272 - Eve's Hand: [3C, 3S, 4D, 5S, 8D]
2025-01-04 22:25:18,272 - Boss: Rank: 12 | Suit H | Attack 15 | Health 30
2025-01-04 22:25:18,272 - Tavern: [9C, AH, 7H, 5D, 4H, 8S]
2025-01-04 22:25:18,272 - Castle: [KD, KS, KH, KC, QD, QS, QC]
2025-01-04 22:25:18,272 - Discard: [5C, 5H, 6H, 2H, TC, 8C, TS, TD, AS, 9S, AC, 3H, 8H, JS, 7S, 3D, AD, 2S, 6D, 9D, JC, 4S, 4C, 2D, 6S, 6C]
2025-01-04 22:25:18,272 - Active Player: 2
2025-01-04 22:25:18,272 - STATE LOG: END
2025-01-04 22:25:20,461 - STATE LOG: BEGIN
2025-01-04 22:25:20,462 - Noah's Hand: [2C, 7D, 9H, TH, JD, 7C]
2025-01-04 22:25:20,462 - Eve's Hand: [8D]
2025-01-04 22:25:20,462 - Boss: Rank: 12 | Suit H | Attack 9 | Health 18
2025-01-04 22:25:20,462 - Tavern: [9C, AH, 7H, 5D, 4H, 8S]
2025-01-04 22:25:20,462 - Castle: [KD, KS, KH, KC, QD, QS, QC]
2025-01-04 22:25:20,462 - Discard: [5C, 5H, 6H, 2H, TC, 8C, TS, TD, AS, 9S, AC, 3H, 8H, JS, 7S, 3D, AD, 2S, 6D, 9D, JC, 4S, 4C, 2D, 6S, 6C, 5S, 4D]
2025-01-04 22:25:20,462 - Active Player: 1
2025-01-04 22:25:20,462 - STATE LOG: END
2025-01-04 22:25:23,373 - STATE LOG: BEGIN
2025-01-04 22:25:23,373 - Noah's Hand: [2C, 7D, TH, JD]
2025-01-04 22:25:23,373 - Eve's Hand: [8D]
2025-01-04 22:25:23,373 - Boss: Rank: 12 | Suit H | Attack 9 | Health 4
2025-01-04 22:25:23,373 - Tavern: [9C, AH, 7H, 5D, 4H, 8S]
2025-01-04 22:25:23,373 - Castle: [KD, KS, KH, KC, QD, QS, QC]
2025-01-04 22:25:23,373 - Discard: [5C, 5H, 6H, 2H, TC, 8C, TS, TD, AS, 9S, AC, 3H, 8H, JS, 7S, 3D, AD, 2S, 6D, 9D, JC, 4S, 4C, 2D, 6S, 6C, 5S, 4D, 9H]
2025-01-04 22:25:23,373 - Active Player: 2
2025-01-04 22:25:23,373 - STATE LOG: END
2025-01-04 22:25:23,868 - STATE LOG: BEGIN
2025-01-04 22:25:23,868 - Noah's Hand: [2C, 7D, TH, JD, 8S, 5D, AH]
2025-01-04 22:25:23,868 - Eve's Hand: [JH, 4H, 7H, 9C]
2025-01-04 22:25:23,868 - Boss: Rank: 12 | Suit C | Attack 15 | Health 30
2025-01-04 22:25:23,868 - Tavern: []
2025-01-04 22:25:23,868 - Castle: [KD, KS, KH, KC, QD, QS]
2025-01-04 22:25:23,868 - Discard: [5C, 5H, 6H, 2H, TC, 8C, TS, TD, AS, 9S, AC, 3H, 8H, JS, 7S, 3D, AD, 2S, 6D, 9D, JC, 4S, 4C, 2D, 6S, 6C, 5S, 4D, 9H, 7C, 3C, 3S, 8D, QH]
2025-01-04 22:25:23,868 - Active Player: 2
2025-01-04 22:25:23,868 - STATE LOG: END
2025-01-04 22:25:25,012 - STATE LOG: BEGIN
2025-01-04 22:25:25,012 - Noah's Hand: [2C, 7D, TH, JD, 8S, 5D, AH]
2025-01-04 22:25:25,012 - Eve's Hand: [4H]
2025-01-04 22:25:25,012 - Boss: Rank: 12 | Suit C | Attack 15 | Health 19
2025-01-04 22:25:25,012 - Tavern: [TC, JS, 7S, TS, 6D, 5S, 2D, 8D, 9S, AC, 9D]
2025-01-04 22:25:25,012 - Castle: [KD, KS, KH, KC, QD, QS]
2025-01-04 22:25:25,012 - Discard: [3C, QH, 5C, 6S, 4D, 3S, 6H, 9H, 3H, 2S, 6C, AS, 3D, 8C, 7C, AD, 5H, JC, 4C, 2H, 4S, TD, 8H, 9C, 7H]
2025-01-04 22:25:25,012 - Active Player: 1
2025-01-04 22:25:25,012 - STATE LOG: END
2025-01-04 22:25:26,156 - STATE LOG: BEGIN
2025-01-04 22:25:26,156 - Noah's Hand: [5D, 7D, TH, 9D]
2025-01-04 22:25:26,156 - Eve's Hand: [4H, AC, 8D, 2D, 5S, 6D, TS]
2025-01-04 22:25:26,156 - Boss: Rank: 12 | Suit C | Attack 15 | Health 7
2025-01-04 22:25:26,156 - Tavern: [2H, 3H, 8C, 4C, 9C, 7H, 6C, 5C, 6H, 5H, 6S, AD, TC, JS, 7S]
2025-01-04 22:25:26,156 - Castle: [KD, KS, KH, KC, QD, QS]
2025-01-04 22:25:26,156 - Discard: [4D, 7C, 4S, JC, AS, 9H, 3D, 3C, 2S, 8H, 3S, QH, TD, 8S, 2C, 9S]
2025-01-04 22:25:26,156 - Active Player: 2
2025-01-04 22:25:26,156 - STATE LOG: END
2025-01-04 22:25:36,157 - STATE LOG: BEGIN
2025-01-04 22:25:36,158 - Noah's Hand: [5D, 7D, TH, 9D]
2025-01-04 22:25:36,158 - Eve's Hand: [2D, 6D, 8D]
2025-01-04 22:25:36,158 - Boss: Rank: 12 | Suit C | Attack 15 | Health 2
2025-01-04 22:25:36,158 - Tavern: [4D, 2S, 2C, 3D, AS, 2H, 3H, 8C, 4C, 9C, 7H, 6C, 5C, 6H, 5H, 6S, AD, TC, JS, 7S]
2025-01-04 22:25:36,158 - Castle: [KD, KS, KH, KC, QD, QS]
2025-01-04 22:25:36,158 - Discard: [7C, 8S, 3C, 3S, QH, 9S, 8H, 9H, 4S, JC, TD, TS, 5S]
2025-01-04 22:25:36,158 - Active Player: 1
2025-01-04 22:25:36,158 - STATE LOG: END
2025-01-04 22:25:46,209 - STATE LOG: BEGIN
2025-01-04 22:25:46,209 - Noah's Hand: [7D, 9D]
2025-01-04 22:25:46,209 - Eve's Hand: [2D, 6D, 8D]
2025-01-04 22:25:46,209 - Boss: Rank: 12 | Suit C | Attack 15 | Health 2
2025-01-04 22:25:46,209 - Tavern: [4D, 2S, 2C, 3D, AS, 2H, 3H, 8C, 4C, 9C, 7H, 6C, 5C, 6H, 5H, 6S, AD, TC, JS, 7S]
2025-01-04 22:25:46,209 - Castle: [KD, KS, KH, KC, QD, QS]
2025-01-04 22:25:46,209 - Discard: [7C, 8S, 3C, 3S, QH, 9S, 8H, 9H, 4S, JC, TD, TS, 5S, TH, 5D]
2025-01-04 22:25:46,209 - Active Player: 2
2025-01-04 22:25:46,209 - STATE LOG: END
2025-01-04 22:25:53,792 - STATE LOG: BEGIN
2025-01-04 22:25:53,792 - Noah's Hand: [7D, 9D, JS, AD, 5H, 5C]
2025-01-04 22:25:53,792 - Eve's Hand: [2D, 6D, 7S, TC, 6S, 6H]
2025-01-04 22:25:53,792 - Boss: Rank: 12 | Suit S | Attack 15 | Health 30
2025-01-04 22:25:53,792 - Tavern: [4D, 2S, 2C, 3D, AS, 2H, 3H, 8C, 4C, 9C, 7H, 6C]
2025-01-04 22:25:53,792 - Castle: [KD, KS, KH, KC, QD]
2025-01-04 22:25:53,792 - Discard: [7C, 8S, 3C, 3S, QH, 9S, 8H, 9H, 4S, JC, TD, TS, 5S, TH, 5D, AH, JD, JH, AC, 4H, 8D, QC]
2025-01-04 22:25:53,792 - Active Player: 2
2025-01-04 22:25:53,792 - STATE LOG: END
2025-01-04 22:26:01,001 - STATE LOG: BEGIN
2025-01-04 22:26:01,002 - Noah's Hand: [7D, 9D, JS, AD, 5H, 5C]
2025-01-04 22:26:01,002 - Eve's Hand: [2D, 6D]
2025-01-04 22:26:01,002 - Boss: Rank: 12 | Suit S | Attack 15 | Health 24
2025-01-04 22:26:01,002 - Tavern: [9H, 8D, 4H, 9S, TH, TD, 4D, 2S, 2C, 3D, AS, 2H, 3H, 8C, 4C, 9C, 7H, 6C]
2025-01-04 22:26:01,002 - Castle: [KD, KS, KH, KC, QD]
2025-01-04 22:26:01,002 - Discard: [5S, AC, 5D, 3S, TS, 7C, 3C, 4S, QH, 8S, QC, JH, 8H, AH, JD, JC, 7S, 6S, TC]
2025-01-04 22:26:01,002 - Active Player: 1
2025-01-04 22:26:01,002 - STATE LOG: END
2025-01-04 22:26:04,339 - STATE LOG: BEGIN
2025-01-04 22:26:04,339 - Noah's Hand: [AD, 5H, 9D, JS]
2025-01-04 22:26:04,339 - Eve's Hand: [2D, 6D, 7H, 4C, 8C, 3H, 2H]
2025-01-04 22:26:04,339 - Boss: Rank: 12 | Suit S | Attack 15 | Health 17
2025-01-04 22:26:04,339 - Tavern: [9H, 8D, 4H, 9S, TH, TD, 4D, 2S, 2C, 3D, AS]
2025-01-04 22:26:04,339 - Castle: [KD, KS, KH, KC, QD]
2025-01-04 22:26:04,339 - Discard: [5S, AC, 5D, 3S, TS, 7C, 3C, 4S, QH, 8S, QC, JH, 8H, AH, JD, JC, 7S, 6S, TC, 9C, 5C, 6C]
2025-01-04 22:26:04,339 - Active Player: 2
2025-01-04 22:26:04,339 - STATE LOG: END
2025-01-04 22:26:08,487 - STATE LOG: BEGIN
2025-01-04 22:26:08,487 - Noah's Hand: [AD, 5H, 9D, JS, 3D, 2S]
2025-01-04 22:26:08,487 - Eve's Hand: [3H, 6D, AS, 2C]
2025-01-04 22:26:08,487 - Boss: Rank: 12 | Suit S | Attack 15 | Health 13
2025-01-04 22:26:08,487 - Tavern: [4S, JC, QH, 3C, 9H, 8D, 4H, 9S, TH, TD, 4D]
2025-01-04 22:26:08,487 - Castle: [KD, KS, KH, KC, QD]
2025-01-04 22:26:08,487 - Discard: [TS, 5S, TC, 3S, 5D, 9C, 6S, 7S, 5C, 8S, 8H, 7C, QC, JD, JH, AC, 6C, AH, 8C, 4C, 7H]
2025-01-04 22:26:08,487 - Active Player: 1
2025-01-04 22:26:08,487 - STATE LOG: END
2025-01-04 22:26:12,088 - STATE LOG: BEGIN
2025-01-04 22:26:12,089 - Noah's Hand: [3D, 9D, 4D, TH]
2025-01-04 22:26:12,089 - Eve's Hand: [3H, 6D, AS, 2C, TD, 9S, 8D]
2025-01-04 22:26:12,089 - Boss: Rank: 12 | Suit S | Attack 15 | Health 7
2025-01-04 22:26:12,089 - Tavern: [6S, 7S, JD, 5C, 5D, 5S, 4S, JC, QH, 3C, 9H]
2025-01-04 22:26:12,089 - Castle: [KD, KS, KH, KC, QD]
2025-01-04 22:26:12,089 - Discard: [AC, 8C, 8H, TC, JH, 9C, AH, 7H, 4C, 8S, 7C, QC, TS, 6C, 3S, 4H, 2S, JS]
2025-01-04 22:26:12,089 - Active Player: 2
2025-01-04 22:26:12,089 - STATE LOG: END
2025-01-04 22:26:17,379 - STATE LOG: BEGIN
2025-01-04 22:26:17,379 - Noah's Hand: [3D, 9D, 4D, TH]
2025-01-04 22:26:17,379 - Eve's Hand: [6D, 8D, TD]
2025-01-04 22:26:17,379 - Boss: Rank: 12 | Suit S | Attack 15 | Health 7
2025-01-04 22:26:17,379 - Tavern: [6S, 7S, JD, 5C, 5D, 5S, 4S, JC, QH, 3C, 9H]
2025-01-04 22:26:17,379 - Castle: [KD, KS, KH, KC, QD]
2025-01-04 22:26:17,379 - Discard: [AC, 8C, 8H, TC, JH, 9C, AH, 7H, 4C, 8S, 7C, QC, TS, 6C, 3S, 4H, 2S, JS, 9S, AS, 3H, 2C]
2025-01-04 22:26:17,379 - Active Player: 1
2025-01-04 22:26:17,379 - STATE LOG: END
2025-01-04 22:26:19,618 - STATE LOG: BEGIN
2025-01-04 22:26:19,618 - Noah's Hand: [4D, 9D, QH]
2025-01-04 22:26:19,618 - Eve's Hand: [6D, 8D, TD, 3C]
2025-01-04 22:26:19,618 - Boss: Rank: 12 | Suit S | Attack 15 | Health 4
2025-01-04 22:26:19,618 - Tavern: [6S, 7S, JD, 5C, 5D, 5S, 4S, JC]
2025-01-04 22:26:19,618 - Castle: [KD, KS, KH, KC, QD]
2025-01-04 22:26:19,618 - Discard: [AC, 8C, 8H, TC, JH, 9C, AH, 7H, 4C, 8S, 7C, QC, TS, 6C, 3S, 4H, 2S, JS, 9S, AS, 3H, 2C, TH, 9H]
2025-01-04 22:26:19,618 - Active Player: 2
2025-01-04 22:26:19,618 - STATE LOG: END
2025-01-04 22:26:22,221 - STATE LOG: BEGIN
2025-01-04 22:26:22,221 - Noah's Hand: [4D, 9D, QH, 4S, 5D, JD, 6S]
2025-01-04 22:26:22,221 - Eve's Hand: [3C, 6D, 8D, JC, 5S, 5C, 7S]
2025-01-04 22:26:22,221 - Boss: Rank: 12 | Suit D | Attack 15 | Health 30
2025-01-04 22:26:22,221 - Tavern: []
2025-01-04 22:26:22,221 - Castle: [KD, KS, KH, KC]
2025-01-04 22:26:22,221 - Discard: [AC, 8C, 8H, TC, JH, 9C, AH, 7H, 4C, 8S, 7C, QC, TS, 6C, 3S, 4H, 2S, JS, 9S, AS, 3H, 2C, TH, 9H, 7D, AD, 5H, 3D, 6H, 2D, 2H, TD, QS]
2025-01-04 22:26:22,221 - Active Player: 2
2025-01-04 22:26:22,221 - STATE LOG: END
2025-01-04 22:26:25,378 - STATE LOG: BEGIN
2025-01-04 22:26:25,378 - Noah's Hand: [4D, 9D, QH, 4S, 5D, JD, 6S]
2025-01-04 22:26:25,378 - Eve's Hand: [3C, 6D, 8D, 5S]
2025-01-04 22:26:25,378 - Boss: Rank: 12 | Suit D | Attack 8 | Health 23
2025-01-04 22:26:25,378 - Tavern: []
2025-01-04 22:26:25,378 - Castle: [KD, KS, KH, KC]
2025-01-04 22:26:25,378 - Discard: [AC, 8C, 8H, TC, JH, 9C, AH, 7H, 4C, 8S, 7C, QC, TS, 6C, 3S, 4H, 2S, JS, 9S, AS, 3H, 2C, TH, 9H, 7D, AD, 5H, 3D, 6H, 2D, 2H, TD, QS, 5C, JC]
2025-01-04 22:26:25,378 - Active Player: 1
2025-01-04 22:26:25,378 - STATE LOG: END
2025-01-04 22:26:28,689 - STATE LOG: BEGIN
2025-01-04 22:26:28,689 - Noah's Hand: [4D, 9D, 5D, JD]
2025-01-04 22:26:28,689 - Eve's Hand: [3C, 6D, 8D, 5S]
2025-01-04 22:26:28,689 - Boss: Rank: 12 | Suit D | Attack 8 | Health 11
2025-01-04 22:26:28,689 - Tavern: [TS, AS, 4C, 2S, QS, AD, 5C, 5H, TD, QC, 9H, 6C]
2025-01-04 22:26:28,689 - Castle: [KD, KS, KH, KC]
2025-01-04 22:26:28,689 - Discard: [8C, 9C, TH, 2H, 2D, 4H, 6H, 9S, 2C, 7C, 7D, 3H, 3D, JC, JS, JH, TC, 8H, AH, AC, 8S, 3S, 7H, 4S, 6S]
2025-01-04 22:26:28,689 - Active Player: 2
2025-01-04 22:26:28,689 - STATE LOG: END
2025-01-04 22:26:30,454 - STATE LOG: BEGIN
2025-01-04 22:26:30,454 - Noah's Hand: [4D, 9D, 5D, JD]
2025-01-04 22:26:30,454 - Eve's Hand: [8D]
2025-01-04 22:26:30,454 - Boss: Rank: 12 | Suit D | Attack 8 | Health 5
2025-01-04 22:26:30,454 - Tavern: [TS, AS, 4C, 2S, QS, AD, 5C, 5H, TD, QC, 9H, 6C]
2025-01-04 22:26:30,454 - Castle: [KD, KS, KH, KC]
2025-01-04 22:26:30,454 - Discard: [8C, 9C, TH, 2H, 2D, 4H, 6H, 9S, 2C, 7C, 7D, 3H, 3D, JC, JS, JH, TC, 8H, AH, AC, 8S, 3S, 7H, 4S, 6S, 3C, 5S]
2025-01-04 22:26:30,454 - Active Player: 1
2025-01-04 22:26:30,454 - STATE LOG: END
2025-01-04 22:26:31,234 - STATE LOG: BEGIN
2025-01-04 22:26:31,234 - Noah's Hand: [4D, 5D, JD]
2025-01-04 22:26:31,234 - Eve's Hand: [8D]
2025-01-04 22:26:31,234 - Boss: Rank: 12 | Suit D | Attack 8 | Health 5
2025-01-04 22:26:31,234 - Tavern: [TS, AS, 4C, 2S, QS, AD, 5C, 5H, TD, QC, 9H, 6C]
2025-01-04 22:26:31,234 - Castle: [KD, KS, KH, KC]
2025-01-04 22:26:31,234 - Discard: [8C, 9C, TH, 2H, 2D, 4H, 6H, 9S, 2C, 7C, 7D, 3H, 3D, JC, JS, JH, TC, 8H, AH, AC, 8S, 3S, 7H, 4S, 6S, 3C, 5S, 9D]
2025-01-04 22:26:31,234 - Active Player: 2
2025-01-04 22:26:31,234 - STATE LOG: END
2025-01-04 22:26:31,239 - STATE LOG: BEGIN
2025-01-04 22:26:31,239 - Noah's Hand: [4D, 5D, JD]
2025-01-04 22:26:31,239 - Eve's Hand: []
2025-01-04 22:26:31,239 - Boss: Rank: 13 | Suit C | Attack 20 | Health 40
2025-01-04 22:26:31,239 - Tavern: [TS, AS, 4C, 2S, QS, AD, 5C, 5H, TD, QC, 9H, 6C]
2025-01-04 22:26:31,239 - Castle: [KD, KS, KH]
2025-01-04 22:26:31,239 - Discard: [8C, 9C, TH, 2H, 2D, 4H, 6H, 9S, 2C, 7C, 7D, 3H, 3D, JC, JS, JH, TC, 8H, AH, AC, 8S, 3S, 7H, 4S, 6S, 3C, 5S, 9D, QH, 7S, 6D, 8D, QD]
2025-01-04 22:26:31,239 - Active Player: 2
2025-01-04 22:26:31,239 - STATE LOG: END
2025-01-04 22:26:31,242 - STATE LOG: BEGIN
2025-01-04 22:26:31,242 - Noah's Hand: [4D, 5D, JD]
2025-01-04 22:26:31,242 - Eve's Hand: []
2025-01-04 22:26:31,242 - Boss: Rank: 13 | Suit C | Attack 20 | Health 40
2025-01-04 22:26:31,242 - Tavern: [TS, AS, 4C, 2S, QS, AD, 5C, 5H, TD, QC, 9H, 6C]
2025-01-04 22:26:31,242 - Castle: [KD, KS, KH]
2025-01-04 22:26:31,242 - Discard: [8C, 9C, TH, 2H, 2D, 4H, 6H, 9S, 2C, 7C, 7D, 3H, 3D, JC, JS, JH, TC, 8H, AH, AC, 8S, 3S, 7H, 4S, 6S, 3C, 5S, 9D, QH, 7S, 6D, 8D, QD]
2025-01-04 22:26:31,242 - Active Player: 1
2025-01-04 22:26:31,242 - STATE LOG: END
