2025-01-04 14:04:39,969 - I log states! :D
2025-01-04 14:04:39,969 - STATE LOG: BEGIN
2025-01-04 14:04:39,969 - Noah's Hand: [5C, 5S, 3S, 9D, AC, 9H, 3H]
2025-01-04 14:04:39,969 - Eve's Hand: [3C, 2H, 6D, 4C, 6C, 4D, 8C]
2025-01-04 14:04:39,969 - Boss: Rank: 11 | Suit S | Attack 10 | Health 20
2025-01-04 14:04:39,969 - Tavern: [9C, 2S, AD, TD, 7C, 9S, 8D, 4S, 3D, AH, 7S, 2C, 4H, 2D, 5H, TS, TC, 7H, 6H, 8S, 5D, 7D, TH, 6S, 8H, AS]
2025-01-04 14:04:39,969 - Castle: [KD, KC, KH, KS, QS, QH, QD, QC, JH, JC, JD]
2025-01-04 14:04:39,969 - Discard: []
2025-01-04 14:04:39,970 - Active Player: 1
2025-01-04 14:04:39,970 - STATE LOG: END
2025-01-04 14:04:40,002 - STATE LOG: BEGIN
2025-01-04 14:04:40,003 - Noah's Hand: [3H, 3S, 5S]
2025-01-04 14:04:40,003 - Eve's Hand: [3C, 2H, 6D, 4C, 6C, 4D, 8C]
2025-01-04 14:04:40,003 - Boss: Rank: 11 | Suit S | Attack 10 | Health 8
2025-01-04 14:04:40,003 - Tavern: [9C, 2S, AD, TD, 7C, 9S, 8D, 4S, 3D, AH, 7S, 2C, 4H, 2D, 5H, TS, TC, 7H, 6H, 8S, 5D, 7D, TH, 6S, 8H, AS]
2025-01-04 14:04:40,003 - Castle: [KD, KC, KH, KS, QS, QH, QD, QC, JH, JC, JD]
2025-01-04 14:04:40,003 - Discard: [9H, 9D]
2025-01-04 14:04:40,003 - Active Player: 2
2025-01-04 14:04:40,003 - STATE LOG: END
2025-01-04 14:04:40,017 - STATE LOG: BEGIN
2025-01-04 14:04:40,017 - Noah's Hand: [3H, 3S, 5S, 8H, TH, 7D, 5D]
2025-01-04 14:04:40,017 - Eve's Hand: [2H, 3C, 6C, 6D, 8C, AS, 6S]
2025-01-04 14:04:40,017 - Boss: Rank: 11 | Suit D | Attack 10 | Health 20
2025-01-04 14:04:40,017 - Tavern: [9C, 2S, AD, TD, 7C, 9S, 8D, 4S, 3D, AH, 7S, 2C, 4H, 2D, 5H, TS, TC, 7H, 6H, 8S]
2025-01-04 14:04:40,017 - Castle: [KD, KC, KH, KS, QS, QH, QD, QC, JH, JC]
2025-01-04 14:04:40,017 - Discard: [9H, 9D, AC, 5C, 4C, 4D, JS]
2025-01-04 14:04:40,017 - Active Player: 2
2025-01-04 14:04:40,017 - STATE LOG: END
2025-01-04 14:04:40,034 - STATE LOG: BEGIN
2025-01-04 14:04:40,034 - Noah's Hand: [3H, 3S, 5S, 8H, TH, 7D, 5D]
2025-01-04 14:04:40,034 - Eve's Hand: [2H, 6C, 6D, 6S]
2025-01-04 14:04:40,034 - Boss: Rank: 11 | Suit D | Attack 6 | Health 12
2025-01-04 14:04:40,034 - Tavern: [9C, 2S, AD, TD, 7C, 9S, 8D, 4S, 3D, AH, 7S, 2C, 4H, 2D, 5H, TS, TC, 7H, 6H, 8S]
2025-01-04 14:04:40,034 - Castle: [KD, KC, KH, KS, QS, QH, QD, QC, JH, JC]
2025-01-04 14:04:40,034 - Discard: [9H, 9D, AC, 5C, 4C, 4D, JS, 8C]
2025-01-04 14:04:40,034 - Active Player: 1
2025-01-04 14:04:40,034 - STATE LOG: END
2025-01-04 14:04:40,047 - STATE LOG: BEGIN
2025-01-04 14:04:40,047 - Noah's Hand: [3H, 3S, 5D, 5S, 7D]
2025-01-04 14:04:40,047 - Eve's Hand: [2H, 6C, 6D, 6S]
2025-01-04 14:04:40,047 - Boss: Rank: 11 | Suit D | Attack 6 | Health 2
2025-01-04 14:04:40,047 - Tavern: [4D, JS, 4C, AC, 9H, 8C, 9D, 5C, 9C, 2S, AD, TD, 7C, 9S, 8D, 4S, 3D, AH, 7S, 2C, 4H, 2D, 5H, TS, TC, 7H, 6H, 8S]
2025-01-04 14:04:40,047 - Castle: [KD, KC, KH, KS, QS, QH, QD, QC, JH, JC]
2025-01-04 14:04:40,047 - Discard: [8H]
2025-01-04 14:04:40,047 - Active Player: 2
2025-01-04 14:04:40,047 - STATE LOG: END
2025-01-04 14:04:40,060 - STATE LOG: BEGIN
2025-01-04 14:04:40,060 - Noah's Hand: [3H, 3S, 5D, 5S, 7D]
2025-01-04 14:04:40,060 - Eve's Hand: [2H, 6C, 6D]
2025-01-04 14:04:40,060 - Boss: Rank: 11 | Suit D | Attack 6 | Health 2
2025-01-04 14:04:40,060 - Tavern: [4D, JS, 4C, AC, 9H, 8C, 9D, 5C, 9C, 2S, AD, TD, 7C, 9S, 8D, 4S, 3D, AH, 7S, 2C, 4H, 2D, 5H, TS, TC, 7H, 6H, 8S]
2025-01-04 14:04:40,060 - Castle: [KD, KC, KH, KS, QS, QH, QD, QC, JH, JC]
2025-01-04 14:04:40,060 - Discard: [8H, 6S]
2025-01-04 14:04:40,060 - Active Player: 1
2025-01-04 14:04:40,060 - STATE LOG: END
2025-01-04 14:04:40,075 - STATE LOG: BEGIN
2025-01-04 14:04:40,075 - Noah's Hand: [3H, 5D, 5S, 7D]
2025-01-04 14:04:40,075 - Eve's Hand: [2H, 6C, 6D]
2025-01-04 14:04:40,075 - Boss: Rank: 11 | Suit C | Attack 10 | Health 20
2025-01-04 14:04:40,075 - Tavern: [4D, JS, 4C, AC, 9H, 8C, 9D, 5C, 9C, 2S, AD, TD, 7C, 9S, 8D, 4S, 3D, AH, 7S, 2C, 4H, 2D, 5H, TS, TC, 7H, 6H, 8S]
2025-01-04 14:04:40,075 - Castle: [KD, KC, KH, KS, QS, QH, QD, QC, JH]
2025-01-04 14:04:40,075 - Discard: [8H, 6S, TH, 3S, AS, 3C, JD]
2025-01-04 14:04:40,075 - Active Player: 1
2025-01-04 14:04:40,075 - STATE LOG: END
2025-01-04 14:04:40,090 - STATE LOG: BEGIN
2025-01-04 14:04:40,090 - Noah's Hand: [3H, 7D, 8S, 7H, TS, 2D, 2C]
2025-01-04 14:04:40,090 - Eve's Hand: [2H, 6C, 6D, 6H, TC, 5H, 4H]
2025-01-04 14:04:40,090 - Boss: Rank: 11 | Suit C | Attack 0 | Health 10
2025-01-04 14:04:40,090 - Tavern: [4D, JS, 4C, AC, 9H, 8C, 9D, 5C, 9C, 2S, AD, TD, 7C, 9S, 8D, 4S, 3D, AH, 7S]
2025-01-04 14:04:40,090 - Castle: [KD, KC, KH, KS, QS, QH, QD, QC, JH]
2025-01-04 14:04:40,090 - Discard: [8H, 6S, TH, 3S, AS, 3C, JD]
2025-01-04 14:04:40,090 - Active Player: 2
2025-01-04 14:04:40,090 - STATE LOG: END
2025-01-04 14:04:40,108 - STATE LOG: BEGIN
2025-01-04 14:04:40,108 - Noah's Hand: [3H, 7D, 8S, 7H, TS, 2D, 2C]
2025-01-04 14:04:40,108 - Eve's Hand: [2H, 4H, 5H, 6C, 6D, 6H, TC]
2025-01-04 14:04:40,108 - Boss: Rank: 11 | Suit C | Attack 0 | Health 10
2025-01-04 14:04:40,108 - Tavern: [4D, JS, 4C, AC, 9H, 8C, 9D, 5C, 9C, 2S, AD, TD, 7C, 9S, 8D, 4S, 3D, AH, 7S]
2025-01-04 14:04:40,108 - Castle: [KD, KC, KH, KS, QS, QH, QD, QC, JH]
2025-01-04 14:04:40,108 - Discard: [8H, 6S, TH, 3S, AS, 3C, JD]
2025-01-04 14:04:40,108 - Active Player: 1
2025-01-04 14:04:40,108 - STATE LOG: END
2025-01-04 14:04:40,126 - STATE LOG: BEGIN
2025-01-04 14:04:40,126 - Noah's Hand: [2C, 3H, 7D, 7H, 8S, TS, 7S]
2025-01-04 14:04:40,126 - Eve's Hand: [2H, 4H, 5H, 6C, 6D, 6H, TC]
2025-01-04 14:04:40,126 - Boss: Rank: 11 | Suit C | Attack 0 | Health 8
2025-01-04 14:04:40,126 - Tavern: [4D, JS, 4C, AC, 9H, 8C, 9D, 5C, 9C, 2S, AD, TD, 7C, 9S, 8D, 4S, 3D, AH]
2025-01-04 14:04:40,126 - Castle: [KD, KC, KH, KS, QS, QH, QD, QC, JH]
2025-01-04 14:04:40,126 - Discard: [8H, 6S, TH, 3S, AS, 3C, JD]
2025-01-04 14:04:40,126 - Active Player: 2
2025-01-04 14:04:40,126 - STATE LOG: END
2025-01-04 14:04:40,142 - STATE LOG: BEGIN
2025-01-04 14:04:40,143 - Noah's Hand: [2C, 3H, 7D, 7H, 8S, TS, 7S]
2025-01-04 14:04:40,143 - Eve's Hand: [2H, 4H, 6C, 6D, 6H, TC]
2025-01-04 14:04:40,143 - Boss: Rank: 11 | Suit C | Attack 0 | Health 3
2025-01-04 14:04:40,143 - Tavern: [6S, JD, 8H, 3C, TH, 4D, JS, 4C, AC, 9H, 8C, 9D, 5C, 9C, 2S, AD, TD, 7C, 9S, 8D, 4S, 3D, AH]
2025-01-04 14:04:40,143 - Castle: [KD, KC, KH, KS, QS, QH, QD, QC, JH]
2025-01-04 14:04:40,143 - Discard: [3S, AS]
2025-01-04 14:04:40,143 - Active Player: 1
2025-01-04 14:04:40,143 - STATE LOG: END
2025-01-04 14:04:40,158 - STATE LOG: BEGIN
2025-01-04 14:04:40,158 - Noah's Hand: [2C, 3H, 7D, 7H, 7S, 8S, TS]
2025-01-04 14:04:40,158 - Eve's Hand: [2H, 4H, 6C, 6D, 6H, TC]
2025-01-04 14:04:40,158 - Boss: Rank: 11 | Suit C | Attack 0 | Health 3
2025-01-04 14:04:40,158 - Tavern: [6S, JD, 8H, 3C, TH, 4D, JS, 4C, AC, 9H, 8C, 9D, 5C, 9C, 2S, AD, TD, 7C, 9S, 8D, 4S, 3D, AH]
2025-01-04 14:04:40,158 - Castle: [KD, KC, KH, KS, QS, QH, QD, QC, JH]
2025-01-04 14:04:40,158 - Discard: [3S, AS]
2025-01-04 14:04:40,158 - Active Player: 2
2025-01-04 14:04:40,158 - STATE LOG: END
2025-01-04 14:04:40,174 - STATE LOG: BEGIN
2025-01-04 14:04:40,174 - Noah's Hand: [2C, 3H, 7D, 7H, 7S, 8S, TS]
2025-01-04 14:04:40,174 - Eve's Hand: [2H, 4H, 6C, 6D, 6H]
2025-01-04 14:04:40,174 - Boss: Rank: 11 | Suit H | Attack 10 | Health 20
2025-01-04 14:04:40,174 - Tavern: [6S, JD, 8H, 3C, TH, 4D, JS, 4C, AC, 9H, 8C, 9D, 5C, 9C, 2S, AD, TD, 7C, 9S, 8D, 4S, 3D, AH]
2025-01-04 14:04:40,174 - Castle: [KD, KC, KH, KS, QS, QH, QD, QC]
2025-01-04 14:04:40,174 - Discard: [3S, AS, 5D, 5S, 2D, 5H, TC, JC]
2025-01-04 14:04:40,174 - Active Player: 2
2025-01-04 14:04:40,174 - STATE LOG: END
2025-01-04 14:04:40,189 - STATE LOG: BEGIN
2025-01-04 14:04:40,190 - Noah's Hand: [2C, 3H, 7D, 7H, 7S, 8S, TS]
2025-01-04 14:04:40,190 - Eve's Hand: [4H, 6C]
2025-01-04 14:04:40,190 - Boss: Rank: 11 | Suit H | Attack 10 | Health 18
2025-01-04 14:04:40,190 - Tavern: [6S, JD, 8H, 3C, TH, 4D, JS, 4C, AC, 9H, 8C, 9D, 5C, 9C, 2S, AD, TD, 7C, 9S, 8D, 4S, 3D, AH]
2025-01-04 14:04:40,190 - Castle: [KD, KC, KH, KS, QS, QH, QD, QC]
2025-01-04 14:04:40,190 - Discard: [3S, AS, 5D, 5S, 2D, 5H, TC, JC, 6H, 6D]
2025-01-04 14:04:40,190 - Active Player: 1
2025-01-04 14:04:40,190 - STATE LOG: END
2025-01-04 14:04:40,236 - STATE LOG: BEGIN
2025-01-04 14:04:40,236 - Noah's Hand: [2C, 3H, 7D, 7H, 7S, 8S]
2025-01-04 14:04:40,236 - Eve's Hand: [4H, 6C]
2025-01-04 14:04:40,236 - Boss: Rank: 11 | Suit H | Attack 0 | Health 8
2025-01-04 14:04:40,236 - Tavern: [6S, JD, 8H, 3C, TH, 4D, JS, 4C, AC, 9H, 8C, 9D, 5C, 9C, 2S, AD, TD, 7C, 9S, 8D, 4S, 3D, AH]
2025-01-04 14:04:40,236 - Castle: [KD, KC, KH, KS, QS, QH, QD, QC]
2025-01-04 14:04:40,236 - Discard: [3S, AS, 5D, 5S, 2D, 5H, TC, JC, 6H, 6D]
2025-01-04 14:04:40,236 - Active Player: 2
2025-01-04 14:04:40,236 - STATE LOG: END
2025-01-04 14:04:40,250 - STATE LOG: BEGIN
2025-01-04 14:04:40,250 - Noah's Hand: [2C, 3H, 7D, 7H, 7S, 8S]
2025-01-04 14:04:40,250 - Eve's Hand: [6C]
2025-01-04 14:04:40,250 - Boss: Rank: 11 | Suit H | Attack 0 | Health 4
2025-01-04 14:04:40,250 - Tavern: [6S, JD, 8H, 3C, TH, 4D, JS, 4C, AC, 9H, 8C, 9D, 5C, 9C, 2S, AD, TD, 7C, 9S, 8D, 4S, 3D, AH]
2025-01-04 14:04:40,250 - Castle: [KD, KC, KH, KS, QS, QH, QD, QC]
2025-01-04 14:04:40,250 - Discard: [3S, AS, 5D, 5S, 2D, 5H, TC, JC, 6H, 6D]
2025-01-04 14:04:40,250 - Active Player: 1
2025-01-04 14:04:40,250 - STATE LOG: END
2025-01-04 14:04:40,262 - STATE LOG: BEGIN
2025-01-04 14:04:40,262 - Noah's Hand: [2C, 7D, 7H, 7S, 8S]
2025-01-04 14:04:40,262 - Eve's Hand: [6C]
2025-01-04 14:04:40,262 - Boss: Rank: 11 | Suit H | Attack 0 | Health 1
2025-01-04 14:04:40,262 - Tavern: [6S, JD, 8H, 3C, TH, 4D, JS, 4C, AC, 9H, 8C, 9D, 5C, 9C, 2S, AD, TD, 7C, 9S, 8D, 4S, 3D, AH]
2025-01-04 14:04:40,262 - Castle: [KD, KC, KH, KS, QS, QH, QD, QC]
2025-01-04 14:04:40,262 - Discard: [3S, AS, 5D, 5S, 2D, 5H, TC, JC, 6H, 6D]
2025-01-04 14:04:40,262 - Active Player: 2
2025-01-04 14:04:40,262 - STATE LOG: END
2025-01-04 14:04:40,273 - STATE LOG: BEGIN
2025-01-04 14:04:40,273 - Noah's Hand: [2C, 7D, 7H, 7S, 8S]
2025-01-04 14:04:40,273 - Eve's Hand: [6C]
2025-01-04 14:04:40,273 - Boss: Rank: 11 | Suit H | Attack 0 | Health 1
2025-01-04 14:04:40,273 - Tavern: [6S, JD, 8H, 3C, TH, 4D, JS, 4C, AC, 9H, 8C, 9D, 5C, 9C, 2S, AD, TD, 7C, 9S, 8D, 4S, 3D, AH]
2025-01-04 14:04:40,273 - Castle: [KD, KC, KH, KS, QS, QH, QD, QC]
2025-01-04 14:04:40,273 - Discard: [3S, AS, 5D, 5S, 2D, 5H, TC, JC, 6H, 6D]
2025-01-04 14:04:40,273 - Active Player: 1
2025-01-04 14:04:40,273 - STATE LOG: END
2025-01-04 14:04:40,288 - STATE LOG: BEGIN
2025-01-04 14:04:40,288 - Noah's Hand: [2C, 7H, 7S, 8S, AH, 4S, 9S]
2025-01-04 14:04:40,288 - Eve's Hand: [6C, 3D, 8D, 7C, TD]
2025-01-04 14:04:40,288 - Boss: Rank: 12 | Suit C | Attack 15 | Health 30
2025-01-04 14:04:40,288 - Tavern: [6S, JD, 8H, 3C, TH, 4D, JS, 4C, AC, 9H, 8C, 9D, 5C, 9C, 2S, AD]
2025-01-04 14:04:40,288 - Castle: [KD, KC, KH, KS, QS, QH, QD]
2025-01-04 14:04:40,288 - Discard: [3S, AS, 5D, 5S, 2D, 5H, TC, JC, 6H, 6D, TS, 3H, 7D, 2H, 4H, JH]
2025-01-04 14:04:40,288 - Active Player: 1
2025-01-04 14:04:40,288 - STATE LOG: END
2025-01-04 14:04:40,304 - STATE LOG: BEGIN
2025-01-04 14:04:40,304 - Noah's Hand: [2C, 4S, 7H, 8S]
2025-01-04 14:04:40,304 - Eve's Hand: [6C, 3D, 8D, 7C, TD]
2025-01-04 14:04:40,304 - Boss: Rank: 12 | Suit C | Attack 7 | Health 22
2025-01-04 14:04:40,304 - Tavern: [TS, 4H, 5H, AS, 7D, 3H, JH, 3S, 6S, JD, 8H, 3C, TH, 4D, JS, 4C, AC, 9H, 8C, 9D, 5C, 9C, 2S, AD]
2025-01-04 14:04:40,304 - Castle: [KD, KC, KH, KS, QS, QH, QD]
2025-01-04 14:04:40,304 - Discard: [5D, JC, 6D, 5S, 6H, 2D, TC, 2H, 9S]
2025-01-04 14:04:40,304 - Active Player: 2
2025-01-04 14:04:40,304 - STATE LOG: END
2025-01-04 14:04:40,317 - STATE LOG: BEGIN
2025-01-04 14:04:40,317 - Noah's Hand: [2C, 4S, 7H, 8S]
2025-01-04 14:04:40,317 - Eve's Hand: [3D, 7C, 8D]
2025-01-04 14:04:40,317 - Boss: Rank: 12 | Suit C | Attack 7 | Health 16
2025-01-04 14:04:40,317 - Tavern: [TS, 4H, 5H, AS, 7D, 3H, JH, 3S, 6S, JD, 8H, 3C, TH, 4D, JS, 4C, AC, 9H, 8C, 9D, 5C, 9C, 2S, AD]
2025-01-04 14:04:40,317 - Castle: [KD, KC, KH, KS, QS, QH, QD]
2025-01-04 14:04:40,317 - Discard: [5D, JC, 6D, 5S, 6H, 2D, TC, 2H, 9S, TD]
2025-01-04 14:04:40,317 - Active Player: 1
2025-01-04 14:04:40,317 - STATE LOG: END
2025-01-04 14:04:40,329 - STATE LOG: BEGIN
2025-01-04 14:04:40,329 - Noah's Hand: [2C, 4S, 7H]
2025-01-04 14:04:40,329 - Eve's Hand: [3D, 7C, 8D]
2025-01-04 14:04:40,329 - Boss: Rank: 12 | Suit C | Attack 0 | Health 8
2025-01-04 14:04:40,329 - Tavern: [TS, 4H, 5H, AS, 7D, 3H, JH, 3S, 6S, JD, 8H, 3C, TH, 4D, JS, 4C, AC, 9H, 8C, 9D, 5C, 9C, 2S, AD]
2025-01-04 14:04:40,329 - Castle: [KD, KC, KH, KS, QS, QH, QD]
2025-01-04 14:04:40,329 - Discard: [5D, JC, 6D, 5S, 6H, 2D, TC, 2H, 9S, TD]
2025-01-04 14:04:40,329 - Active Player: 2
2025-01-04 14:04:40,329 - STATE LOG: END
2025-01-04 14:04:40,342 - STATE LOG: BEGIN
2025-01-04 14:04:40,342 - Noah's Hand: [2C, 4S, 7H]
2025-01-04 14:04:40,342 - Eve's Hand: [3D, 7C, 8D]
2025-01-04 14:04:40,342 - Boss: Rank: 12 | Suit C | Attack 0 | Health 8
2025-01-04 14:04:40,342 - Tavern: [TS, 4H, 5H, AS, 7D, 3H, JH, 3S, 6S, JD, 8H, 3C, TH, 4D, JS, 4C, AC, 9H, 8C, 9D, 5C, 9C, 2S, AD]
2025-01-04 14:04:40,342 - Castle: [KD, KC, KH, KS, QS, QH, QD]
2025-01-04 14:04:40,342 - Discard: [5D, JC, 6D, 5S, 6H, 2D, TC, 2H, 9S, TD]
2025-01-04 14:04:40,342 - Active Player: 1
2025-01-04 14:04:40,342 - STATE LOG: END
2025-01-04 14:04:40,355 - STATE LOG: BEGIN
2025-01-04 14:04:40,355 - Noah's Hand: [4S, 7H]
2025-01-04 14:04:40,355 - Eve's Hand: [3D, 7C, 8D]
2025-01-04 14:04:40,355 - Boss: Rank: 12 | Suit C | Attack 0 | Health 6
2025-01-04 14:04:40,355 - Tavern: [TS, 4H, 5H, AS, 7D, 3H, JH, 3S, 6S, JD, 8H, 3C, TH, 4D, JS, 4C, AC, 9H, 8C, 9D, 5C, 9C, 2S, AD]
2025-01-04 14:04:40,355 - Castle: [KD, KC, KH, KS, QS, QH, QD]
2025-01-04 14:04:40,355 - Discard: [5D, JC, 6D, 5S, 6H, 2D, TC, 2H, 9S, TD]
2025-01-04 14:04:40,355 - Active Player: 2
2025-01-04 14:04:40,355 - STATE LOG: END
2025-01-04 14:04:40,368 - STATE LOG: BEGIN
2025-01-04 14:04:40,368 - Noah's Hand: [4S, 7H, 2S]
2025-01-04 14:04:40,368 - Eve's Hand: [7C, 8D, AD, 9C]
2025-01-04 14:04:40,368 - Boss: Rank: 12 | Suit C | Attack 0 | Health 3
2025-01-04 14:04:40,368 - Tavern: [TS, 4H, 5H, AS, 7D, 3H, JH, 3S, 6S, JD, 8H, 3C, TH, 4D, JS, 4C, AC, 9H, 8C, 9D, 5C]
2025-01-04 14:04:40,368 - Castle: [KD, KC, KH, KS, QS, QH, QD]
2025-01-04 14:04:40,368 - Discard: [5D, JC, 6D, 5S, 6H, 2D, TC, 2H, 9S, TD]
2025-01-04 14:04:40,368 - Active Player: 1
2025-01-04 14:04:40,368 - STATE LOG: END
2025-01-04 14:04:40,383 - STATE LOG: BEGIN
2025-01-04 14:04:40,383 - Noah's Hand: [2S, 4S, 7H]
2025-01-04 14:04:40,383 - Eve's Hand: [7C, 8D, AD, 9C]
2025-01-04 14:04:40,383 - Boss: Rank: 12 | Suit C | Attack 0 | Health 3
2025-01-04 14:04:40,383 - Tavern: [TS, 4H, 5H, AS, 7D, 3H, JH, 3S, 6S, JD, 8H, 3C, TH, 4D, JS, 4C, AC, 9H, 8C, 9D, 5C]
2025-01-04 14:04:40,383 - Castle: [KD, KC, KH, KS, QS, QH, QD]
2025-01-04 14:04:40,383 - Discard: [5D, JC, 6D, 5S, 6H, 2D, TC, 2H, 9S, TD]
2025-01-04 14:04:40,383 - Active Player: 2
2025-01-04 14:04:40,383 - STATE LOG: END
2025-01-04 14:04:40,401 - STATE LOG: BEGIN
2025-01-04 14:04:40,401 - Noah's Hand: [2S, 4S, 7H, 9D, 9H, 4C, 4D]
2025-01-04 14:04:40,401 - Eve's Hand: [7C, 9C, 5C, 8C, AC, JS, TH]
2025-01-04 14:04:40,401 - Boss: Rank: 12 | Suit D | Attack 15 | Health 30
2025-01-04 14:04:40,401 - Tavern: [TS, 4H, 5H, AS, 7D, 3H, JH, 3S, 6S, JD, 8H, 3C]
2025-01-04 14:04:40,401 - Castle: [KD, KC, KH, KS, QS, QH]
2025-01-04 14:04:40,401 - Discard: [5D, JC, 6D, 5S, 6H, 2D, TC, 2H, 9S, TD, AH, 7S, 8S, 2C, 6C, 3D, AD, 8D, QC]
2025-01-04 14:04:40,401 - Active Player: 2
2025-01-04 14:04:40,401 - STATE LOG: END
2025-01-04 14:04:40,420 - STATE LOG: BEGIN
2025-01-04 14:04:40,420 - Noah's Hand: [2S, 4S, 7H, 9D, 9H, 4C, 4D]
2025-01-04 14:04:40,420 - Eve's Hand: [5C, 7C, 8C]
2025-01-04 14:04:40,420 - Boss: Rank: 12 | Suit D | Attack 15 | Health 8
2025-01-04 14:04:40,420 - Tavern: [6C, 2H, TD, TC, 2D, 3D, 6H, AD, JC, 5D, 8S, TS, 4H, 5H, AS, 7D, 3H, JH, 3S, 6S, JD, 8H, 3C]
2025-01-04 14:04:40,420 - Castle: [KD, KC, KH, KS, QS, QH]
2025-01-04 14:04:40,420 - Discard: [8D, QC, 9S, AH, 6D, 2C, 5S, 7S, JS, 9C]
2025-01-04 14:04:40,420 - Active Player: 1
2025-01-04 14:04:40,420 - STATE LOG: END
2025-01-04 14:04:40,438 - STATE LOG: BEGIN
2025-01-04 14:04:40,438 - Noah's Hand: [2S, 4C, 4D, 4S, 7H, 9D]
2025-01-04 14:04:40,438 - Eve's Hand: [5C, 7C, 8C]
2025-01-04 14:04:40,438 - Boss: Rank: 12 | Suit H | Attack 15 | Health 30
2025-01-04 14:04:40,438 - Tavern: [7S, QC, 5S, 9C, JS, 9S, 6D, AH, 2C, 6C, 2H, TD, TC, 2D, 3D, 6H, AD, JC, 5D, 8S, TS, 4H, 5H, AS, 7D, 3H, JH, 3S, 6S, JD, 8H, 3C]
2025-01-04 14:04:40,438 - Castle: [KD, KC, KH, KS, QS]
2025-01-04 14:04:40,438 - Discard: [8D, 9H, AC, TH, QD]
2025-01-04 14:04:40,438 - Active Player: 1
2025-01-04 14:04:40,438 - STATE LOG: END
2025-01-04 14:04:40,455 - STATE LOG: BEGIN
2025-01-04 14:04:40,455 - Noah's Hand: [2S, 4D, 7H]
2025-01-04 14:04:40,455 - Eve's Hand: [5C, 7C, 8C]
2025-01-04 14:04:40,455 - Boss: Rank: 12 | Suit H | Attack 7 | Health 14
2025-01-04 14:04:40,455 - Tavern: [7S, QC, 5S, 9C, JS, 9S, 6D, AH, 2C, 6C, 2H, TD, TC, 2D, 3D, 6H, AD, JC, 5D, 8S, TS, 4H, 5H, AS, 7D, 3H, JH, 3S, 6S, JD, 8H, 3C]
2025-01-04 14:04:40,455 - Castle: [KD, KC, KH, KS, QS]
2025-01-04 14:04:40,455 - Discard: [8D, 9H, AC, TH, QD, 9D]
2025-01-04 14:04:40,455 - Active Player: 2
2025-01-04 14:04:40,455 - STATE LOG: END
2025-01-04 14:04:40,469 - STATE LOG: BEGIN
2025-01-04 14:04:40,469 - Noah's Hand: [2S, 4D, 7H]
2025-01-04 14:04:40,469 - Eve's Hand: [7C]
2025-01-04 14:04:40,469 - Boss: Rank: 12 | Suit H | Attack 7 | Health 4
2025-01-04 14:04:40,469 - Tavern: [7S, QC, 5S, 9C, JS, 9S, 6D, AH, 2C, 6C, 2H, TD, TC, 2D, 3D, 6H, AD, JC, 5D, 8S, TS, 4H, 5H, AS, 7D, 3H, JH, 3S, 6S, JD, 8H, 3C]
2025-01-04 14:04:40,469 - Castle: [KD, KC, KH, KS, QS]
2025-01-04 14:04:40,469 - Discard: [8D, 9H, AC, TH, QD, 9D, 8C]
2025-01-04 14:04:40,469 - Active Player: 1
2025-01-04 14:04:40,469 - STATE LOG: END
2025-01-04 14:04:40,483 - STATE LOG: BEGIN
2025-01-04 14:04:40,483 - Noah's Hand: [2S, 4D]
2025-01-04 14:04:40,483 - Eve's Hand: [7C]
2025-01-04 14:04:40,483 - Boss: Rank: 12 | Suit H | Attack 7 | Health 4
2025-01-04 14:04:40,483 - Tavern: [7S, QC, 5S, 9C, JS, 9S, 6D, AH, 2C, 6C, 2H, TD, TC, 2D, 3D, 6H, AD, JC, 5D, 8S, TS, 4H, 5H, AS, 7D, 3H, JH, 3S, 6S, JD, 8H, 3C]
2025-01-04 14:04:40,483 - Castle: [KD, KC, KH, KS, QS]
2025-01-04 14:04:40,483 - Discard: [8D, 9H, AC, TH, QD, 9D, 8C, 7H]
2025-01-04 14:04:40,483 - Active Player: 2
2025-01-04 14:04:40,483 - STATE LOG: END
2025-01-04 14:04:40,485 - STATE LOG: BEGIN
2025-01-04 14:04:40,485 - Noah's Hand: [2S, 4D]
2025-01-04 14:04:40,485 - Eve's Hand: []
2025-01-04 14:04:40,485 - Boss: Rank: 12 | Suit S | Attack 15 | Health 30
2025-01-04 14:04:40,485 - Tavern: [7S, QC, 5S, 9C, JS, 9S, 6D, AH, 2C, 6C, 2H, TD, TC, 2D, 3D, 6H, AD, JC, 5D, 8S, TS, 4H, 5H, AS, 7D, 3H, JH, 3S, 6S, JD, 8H, 3C]
2025-01-04 14:04:40,485 - Castle: [KD, KC, KH, KS]
2025-01-04 14:04:40,485 - Discard: [8D, 9H, AC, TH, QD, 9D, 8C, 7H, 4C, 4S, 5C, 7C, QH]
2025-01-04 14:04:40,486 - Active Player: 2
2025-01-04 14:04:40,486 - STATE LOG: END
2025-01-04 14:04:40,487 - STATE LOG: BEGIN
2025-01-04 14:04:40,487 - Noah's Hand: [2S, 4D]
2025-01-04 14:04:40,487 - Eve's Hand: []
2025-01-04 14:04:40,487 - Boss: Rank: 12 | Suit S | Attack 15 | Health 30
2025-01-04 14:04:40,487 - Tavern: [7S, QC, 5S, 9C, JS, 9S, 6D, AH, 2C, 6C, 2H, TD, TC, 2D, 3D, 6H, AD, JC, 5D, 8S, TS, 4H, 5H, AS, 7D, 3H, JH, 3S, 6S, JD, 8H, 3C]
2025-01-04 14:04:40,487 - Castle: [KD, KC, KH, KS]
2025-01-04 14:04:40,487 - Discard: [8D, 9H, AC, TH, QD, 9D, 8C, 7H, 4C, 4S, 5C, 7C, QH]
2025-01-04 14:04:40,487 - Active Player: 1
2025-01-04 14:04:40,487 - STATE LOG: END
