2025-01-04 23:32:56,760 - I log states! :D
2025-01-04 23:32:56,760 - STATE LOG: BEGIN
2025-01-04 23:32:56,760 - Noah's Hand: [6H, 6S, TC, 6D, 5H, 9C, 5S]
2025-01-04 23:32:56,760 - Eve's Hand: [4C, 6C, TD, 4S, 9D, AH, 4H]
2025-01-04 23:32:56,760 - Boss: Rank: 11 | Suit C | Attack 10 | Health 20
2025-01-04 23:32:56,760 - Tavern: [AC, 2D, 9H, 7H, TH, TS, 5D, 3S, 5C, 2S, 3C, 3H, 8S, 7D, 8C, 2C, 3D, 8D, 2H, 9S, AD, 7S, 7C, 4D, 8H, AS]
2025-01-04 23:32:56,760 - Castle: [KC, KD, KS, KH, QD, QC, QS, QH, JH, JS, JD]
2025-01-04 23:32:56,760 - Discard: []
2025-01-04 23:32:56,761 - Active Player: 1
2025-01-04 23:32:56,761 - STATE LOG: END
2025-01-04 23:33:06,766 - STATE LOG: BEGIN
2025-01-04 23:33:06,766 - Noah's Hand: [5H, 5S, 6D, 6H, 6S, 9C]
2025-01-04 23:33:06,766 - Eve's Hand: [4C, 6C, TD, 4S, 9D, AH, 4H]
2025-01-04 23:33:06,766 - Boss: Rank: 11 | Suit C | Attack 10 | Health 20
2025-01-04 23:33:06,766 - Tavern: [AC, 2D, 9H, 7H, TH, TS, 5D, 3S, 5C, 2S, 3C, 3H, 8S, 7D, 8C, 2C, 3D, 8D, 2H, 9S, AD, 7S, 7C, 4D, 8H, AS]
2025-01-04 23:33:06,766 - Castle: [KC, KD, KS, KH, QD, QC, QS, QH, JH, JS, JD]
2025-01-04 23:33:06,766 - Discard: [TC]
2025-01-04 23:33:06,766 - Active Player: 2
2025-01-04 23:33:06,766 - STATE LOG: END
2025-01-04 23:33:16,064 - STATE LOG: BEGIN
2025-01-04 23:33:16,065 - Noah's Hand: [5H, 5S, 6D, 6H, 6S, 9C]
2025-01-04 23:33:16,065 - Eve's Hand: [4H, 9D, TD]
2025-01-04 23:33:16,065 - Boss: Rank: 11 | Suit C | Attack 5 | Health 15
2025-01-04 23:33:16,065 - Tavern: [TC, AC, 2D, 9H, 7H, TH, TS, 5D, 3S, 5C, 2S, 3C, 3H, 8S, 7D, 8C, 2C, 3D, 8D, 2H, 9S, AD, 7S, 7C, 4D, 8H, AS]
2025-01-04 23:33:16,065 - Castle: [KC, KD, KS, KH, QD, QC, QS, QH, JH, JS, JD]
2025-01-04 23:33:16,065 - Discard: [4C, 6C]
2025-01-04 23:33:16,065 - Active Player: 1
2025-01-04 23:33:16,065 - STATE LOG: END
2025-01-04 23:33:22,690 - STATE LOG: BEGIN
2025-01-04 23:33:22,690 - Noah's Hand: [5S, 6H, 6S, 9C, AS, 4D]
2025-01-04 23:33:22,690 - Eve's Hand: [4H, 9D, TD, 8H, 7C, 7S, AD]
2025-01-04 23:33:22,690 - Boss: Rank: 11 | Suit C | Attack 5 | Health 9
2025-01-04 23:33:22,690 - Tavern: [TC, AC, 2D, 9H, 7H, TH, TS, 5D, 3S, 5C, 2S, 3C, 3H, 8S, 7D, 8C, 2C, 3D, 8D, 2H, 9S]
2025-01-04 23:33:22,690 - Castle: [KC, KD, KS, KH, QD, QC, QS, QH, JH, JS, JD]
2025-01-04 23:33:22,690 - Discard: [4C, 6C, 5H]
2025-01-04 23:33:22,690 - Active Player: 2
2025-01-04 23:33:22,690 - STATE LOG: END
2025-01-04 23:33:32,691 - STATE LOG: BEGIN
2025-01-04 23:33:32,692 - Noah's Hand: [5S, 6H, 6S, 9C, AS, 4D, 2H]
2025-01-04 23:33:32,692 - Eve's Hand: [4H, 7C, 7S, 9D, TD, 9S, 8D]
2025-01-04 23:33:32,692 - Boss: Rank: 11 | Suit D | Attack 10 | Health 20
2025-01-04 23:33:32,692 - Tavern: [5H, 4C, 6C, TC, AC, 2D, 9H, 7H, TH, TS, 5D, 3S, 5C, 2S, 3C, 3H, 8S, 7D, 8C, 2C, 3D]
2025-01-04 23:33:32,692 - Castle: [KC, KD, KS, KH, QD, QC, QS, QH, JH, JS]
2025-01-04 23:33:32,692 - Discard: [6D, AH, 4S, AD, 8H]
2025-01-04 23:33:32,692 - Active Player: 2
2025-01-04 23:33:32,692 - STATE LOG: END
2025-01-04 23:33:42,694 - STATE LOG: BEGIN
2025-01-04 23:33:42,695 - Noah's Hand: [5S, 6H, 6S, 9C, AS, 4D, 2H]
2025-01-04 23:33:42,695 - Eve's Hand: [7S, 8D, 9D, TD]
2025-01-04 23:33:42,695 - Boss: Rank: 11 | Suit D | Attack 10 | Health 6
2025-01-04 23:33:42,695 - Tavern: [5H, 4C, 6C, TC, AC, 2D, 9H, 7H, TH, TS, 5D, 3S, 5C, 2S, 3C, 3H, 8S, 7D, 8C, 2C, 3D]
2025-01-04 23:33:42,695 - Castle: [KC, KD, KS, KH, QD, QC, QS, QH, JH, JS]
2025-01-04 23:33:42,695 - Discard: [6D, AH, 4S, AD, 8H, 9S, 4H]
2025-01-04 23:33:42,695 - Active Player: 1
2025-01-04 23:33:42,695 - STATE LOG: END
2025-01-04 23:33:49,267 - STATE LOG: BEGIN
2025-01-04 23:33:49,267 - Noah's Hand: [AS, 2H, 4D, 5S, 6S, 9C]
2025-01-04 23:33:49,267 - Eve's Hand: [7S, 8D, 9D, TD]
2025-01-04 23:33:49,267 - Boss: Rank: 11 | Suit S | Attack 10 | Health 20
2025-01-04 23:33:49,267 - Tavern: [4H, 4S, AH, AD, 8H, 9S, 5H, 4C, 6C, TC, AC, 2D, 9H, 7H, TH, TS, 5D, 3S, 5C, 2S, 3C, 3H, 8S, 7D, 8C, 2C, 3D]
2025-01-04 23:33:49,267 - Castle: [KC, KD, KS, KH, QD, QC, QS, QH, JH]
2025-01-04 23:33:49,267 - Discard: [6D, 6H, 7C]
2025-01-04 23:33:49,267 - Active Player: 1
2025-01-04 23:33:49,267 - STATE LOG: END
2025-01-04 23:33:53,286 - STATE LOG: BEGIN
2025-01-04 23:33:53,286 - Noah's Hand: [AS, 4D, 9C]
2025-01-04 23:33:53,286 - Eve's Hand: [7S, 8D, 9D, TD]
2025-01-04 23:33:53,286 - Boss: Rank: 11 | Suit S | Attack 10 | Health 18
2025-01-04 23:33:53,286 - Tavern: [6D, 7C, 4H, 4S, AH, AD, 8H, 9S, 5H, 4C, 6C, TC, AC, 2D, 9H, 7H, TH, TS, 5D, 3S, 5C, 2S, 3C, 3H, 8S, 7D, 8C, 2C, 3D]
2025-01-04 23:33:53,286 - Castle: [KC, KD, KS, KH, QD, QC, QS, QH, JH]
2025-01-04 23:33:53,286 - Discard: [6H, 6S, 5S]
2025-01-04 23:33:53,286 - Active Player: 2
2025-01-04 23:33:53,286 - STATE LOG: END
2025-01-04 23:33:59,862 - STATE LOG: BEGIN
2025-01-04 23:33:59,863 - Noah's Hand: [AS, 4D, 9C, JC, 2C, 7D, 3H]
2025-01-04 23:33:59,863 - Eve's Hand: [7S, 9D, TD, JD, 3D]
2025-01-04 23:33:59,863 - Boss: Rank: 11 | Suit S | Attack 10 | Health 10
2025-01-04 23:33:59,863 - Tavern: [6D, 7C, 4H, 4S, AH, AD, 8H, 9S, 5H, 4C, 6C, TC, AC, 2D, 9H, 7H, TH, TS, 5D, 3S, 5C, 2S, 3C]
2025-01-04 23:33:59,863 - Castle: [KC, KD, KS, KH, QD, QC, QS, QH, JH]
2025-01-04 23:33:59,863 - Discard: [6H, 6S, 5S, 8S, 8C]
2025-01-04 23:33:59,863 - Active Player: 1
2025-01-04 23:33:59,863 - STATE LOG: END
2025-01-04 23:34:09,867 - STATE LOG: BEGIN
2025-01-04 23:34:09,868 - Noah's Hand: [4D, 7D, 9C]
2025-01-04 23:34:09,868 - Eve's Hand: [7S, 9D, TD, JD, 3D]
2025-01-04 23:34:09,868 - Boss: Rank: 11 | Suit S | Attack 10 | Health 9
2025-01-04 23:34:09,868 - Tavern: [6D, 7C, 4H, 4S, AH, AD, 8H, 9S, 5H, 4C, 6C, TC, AC, 2D, 9H, 7H, TH, TS, 5D, 3S, 5C, 2S, 3C]
2025-01-04 23:34:09,868 - Castle: [KC, KD, KS, KH, QD, QC, QS, QH, JH]
2025-01-04 23:34:09,868 - Discard: [6H, 6S, 5S, 8S, 8C, 3H, 2C, JC]
2025-01-04 23:34:09,868 - Active Player: 2
2025-01-04 23:34:09,868 - STATE LOG: END
2025-01-04 23:34:19,869 - STATE LOG: BEGIN
2025-01-04 23:34:19,870 - Noah's Hand: [4D, 7D, 9C, 2S, 3S, TS, TH]
2025-01-04 23:34:19,870 - Eve's Hand: [3D, 7S, TD, JD, 3C, 5C, 5D]
2025-01-04 23:34:19,870 - Boss: Rank: 11 | Suit H | Attack 10 | Health 20
2025-01-04 23:34:19,870 - Tavern: [6D, 7C, 4H, 4S, AH, AD, 8H, 9S, 5H, 4C, 6C, TC, AC, 2D, 9H, 7H]
2025-01-04 23:34:19,870 - Castle: [KC, KD, KS, KH, QD, QC, QS, QH]
2025-01-04 23:34:19,870 - Discard: [6H, 6S, 5S, 8S, 8C, 3H, 2C, JC, 2H, AS, 8D, 9D]
2025-01-04 23:34:19,870 - Active Player: 2
2025-01-04 23:34:19,870 - STATE LOG: END
2025-01-04 23:34:29,871 - STATE LOG: BEGIN
2025-01-04 23:34:29,872 - Noah's Hand: [4D, 7D, 9C, 2S, 3S, TS, TH]
2025-01-04 23:34:29,872 - Eve's Hand: [3D, 5C, 5D, TD, JD]
2025-01-04 23:34:29,872 - Boss: Rank: 11 | Suit H | Attack 3 | Health 13
2025-01-04 23:34:29,872 - Tavern: [6D, 7C, 4H, 4S, AH, AD, 8H, 9S, 5H, 4C, 6C, TC, AC, 2D, 9H, 7H]
2025-01-04 23:34:29,872 - Castle: [KC, KD, KS, KH, QD, QC, QS, QH]
2025-01-04 23:34:29,872 - Discard: [6H, 6S, 5S, 8S, 8C, 3H, 2C, JC, 2H, AS, 8D, 9D, 3C]
2025-01-04 23:34:29,872 - Active Player: 1
2025-01-04 23:34:29,872 - STATE LOG: END
2025-01-04 23:34:39,873 - STATE LOG: BEGIN
2025-01-04 23:34:39,873 - Noah's Hand: [2S, 4D, 7D, 9C, TH, TS]
2025-01-04 23:34:39,873 - Eve's Hand: [3D, 5C, 5D, TD, JD]
2025-01-04 23:34:39,873 - Boss: Rank: 11 | Suit H | Attack 0 | Health 10
2025-01-04 23:34:39,873 - Tavern: [6D, 7C, 4H, 4S, AH, AD, 8H, 9S, 5H, 4C, 6C, TC, AC, 2D, 9H, 7H]
2025-01-04 23:34:39,873 - Castle: [KC, KD, KS, KH, QD, QC, QS, QH]
2025-01-04 23:34:39,873 - Discard: [6H, 6S, 5S, 8S, 8C, 3H, 2C, JC, 2H, AS, 8D, 9D, 3C]
2025-01-04 23:34:39,874 - Active Player: 2
2025-01-04 23:34:39,874 - STATE LOG: END
2025-01-04 23:34:49,875 - STATE LOG: BEGIN
2025-01-04 23:34:49,876 - Noah's Hand: [2S, 4D, 7D, 9C, TH, TS, 7H]
2025-01-04 23:34:49,876 - Eve's Hand: [5C, 5D, TD, JD, JS, 9H]
2025-01-04 23:34:49,876 - Boss: Rank: 11 | Suit H | Attack 0 | Health 7
2025-01-04 23:34:49,876 - Tavern: [6D, 7C, 4H, 4S, AH, AD, 8H, 9S, 5H, 4C, 6C, TC, AC, 2D]
2025-01-04 23:34:49,876 - Castle: [KC, KD, KS, KH, QD, QC, QS, QH]
2025-01-04 23:34:49,876 - Discard: [6H, 6S, 5S, 8S, 8C, 3H, 2C, JC, 2H, AS, 8D, 9D, 3C]
2025-01-04 23:34:49,876 - Active Player: 1
2025-01-04 23:34:49,876 - STATE LOG: END
2025-01-04 23:34:59,921 - STATE LOG: BEGIN
2025-01-04 23:34:59,922 - Noah's Hand: [4D, 7D, 7H, 9C, TH, TS]
2025-01-04 23:34:59,922 - Eve's Hand: [5C, 5D, TD, JD, JS, 9H]
2025-01-04 23:34:59,922 - Boss: Rank: 11 | Suit H | Attack 0 | Health 5
2025-01-04 23:34:59,922 - Tavern: [6D, 7C, 4H, 4S, AH, AD, 8H, 9S, 5H, 4C, 6C, TC, AC, 2D]
2025-01-04 23:34:59,922 - Castle: [KC, KD, KS, KH, QD, QC, QS, QH]
2025-01-04 23:34:59,922 - Discard: [6H, 6S, 5S, 8S, 8C, 3H, 2C, JC, 2H, AS, 8D, 9D, 3C]
2025-01-04 23:34:59,922 - Active Player: 2
2025-01-04 23:34:59,922 - STATE LOG: END
2025-01-04 23:35:09,924 - STATE LOG: BEGIN
2025-01-04 23:35:09,925 - Noah's Hand: [4D, 7D, 7H, 9C, TH, TS]
2025-01-04 23:35:09,925 - Eve's Hand: [5C, 5D, 9H, TD, JD, JS]
2025-01-04 23:35:09,925 - Boss: Rank: 11 | Suit H | Attack 0 | Health 5
2025-01-04 23:35:09,925 - Tavern: [6D, 7C, 4H, 4S, AH, AD, 8H, 9S, 5H, 4C, 6C, TC, AC, 2D]
2025-01-04 23:35:09,925 - Castle: [KC, KD, KS, KH, QD, QC, QS, QH]
2025-01-04 23:35:09,925 - Discard: [6H, 6S, 5S, 8S, 8C, 3H, 2C, JC, 2H, AS, 8D, 9D, 3C]
2025-01-04 23:35:09,925 - Active Player: 1
2025-01-04 23:35:09,925 - STATE LOG: END
2025-01-04 23:35:19,926 - STATE LOG: BEGIN
2025-01-04 23:35:19,926 - Noah's Hand: [7D, 7H, 9C, TH, TS, 2D, TC]
2025-01-04 23:35:19,927 - Eve's Hand: [5C, 5D, 9H, TD, JD, JS, AC]
2025-01-04 23:35:19,927 - Boss: Rank: 11 | Suit H | Attack 0 | Health 1
2025-01-04 23:35:19,927 - Tavern: [6D, 7C, 4H, 4S, AH, AD, 8H, 9S, 5H, 4C, 6C]
2025-01-04 23:35:19,927 - Castle: [KC, KD, KS, KH, QD, QC, QS, QH]
2025-01-04 23:35:19,927 - Discard: [6H, 6S, 5S, 8S, 8C, 3H, 2C, JC, 2H, AS, 8D, 9D, 3C]
2025-01-04 23:35:19,927 - Active Player: 2
2025-01-04 23:35:19,927 - STATE LOG: END
2025-01-04 23:35:29,928 - STATE LOG: BEGIN
2025-01-04 23:35:29,928 - Noah's Hand: [7D, 7H, 9C, TH, TS, 2D, TC]
2025-01-04 23:35:29,928 - Eve's Hand: [AC, 5C, 5D, 9H, TD, JD, JS]
2025-01-04 23:35:29,928 - Boss: Rank: 11 | Suit H | Attack 0 | Health 1
2025-01-04 23:35:29,928 - Tavern: [6D, 7C, 4H, 4S, AH, AD, 8H, 9S, 5H, 4C, 6C]
2025-01-04 23:35:29,929 - Castle: [KC, KD, KS, KH, QD, QC, QS, QH]
2025-01-04 23:35:29,929 - Discard: [6H, 6S, 5S, 8S, 8C, 3H, 2C, JC, 2H, AS, 8D, 9D, 3C]
2025-01-04 23:35:29,929 - Active Player: 1
2025-01-04 23:35:29,929 - STATE LOG: END
2025-01-04 23:35:39,930 - STATE LOG: BEGIN
2025-01-04 23:35:39,930 - Noah's Hand: [7D, 7H, 9C, TC, TH, TS, 6C]
2025-01-04 23:35:39,930 - Eve's Hand: [AC, 5C, 5D, 9H, TD, JD, JS]
2025-01-04 23:35:39,930 - Boss: Rank: 12 | Suit H | Attack 15 | Health 30
2025-01-04 23:35:39,930 - Tavern: [6D, 7C, 4H, 4S, AH, AD, 8H, 9S, 5H, 4C]
2025-01-04 23:35:39,930 - Castle: [KC, KD, KS, KH, QD, QC, QS]
2025-01-04 23:35:39,930 - Discard: [6H, 6S, 5S, 8S, 8C, 3H, 2C, JC, 2H, AS, 8D, 9D, 3C, 3S, 2S, 4D, 2D, 7S, 3D, JH]
2025-01-04 23:35:39,930 - Active Player: 1
2025-01-04 23:35:39,930 - STATE LOG: END
2025-01-04 23:35:49,932 - STATE LOG: BEGIN
2025-01-04 23:35:49,933 - Noah's Hand: [7D, 7H, 9C, TC, TH]
2025-01-04 23:35:49,933 - Eve's Hand: [AC, 5C, 5D, 9H, TD, JD, JS]
2025-01-04 23:35:49,933 - Boss: Rank: 12 | Suit H | Attack 5 | Health 20
2025-01-04 23:35:49,933 - Tavern: [6D, 7C, 4H, 4S, AH, AD, 8H, 9S, 5H, 4C]
2025-01-04 23:35:49,933 - Castle: [KC, KD, KS, KH, QD, QC, QS]
2025-01-04 23:35:49,933 - Discard: [6H, 6S, 5S, 8S, 8C, 3H, 2C, JC, 2H, AS, 8D, 9D, 3C, 3S, 2S, 4D, 2D, 7S, 3D, JH, 6C]
2025-01-04 23:35:49,933 - Active Player: 2
2025-01-04 23:35:49,933 - STATE LOG: END
2025-01-04 23:35:59,935 - STATE LOG: BEGIN
2025-01-04 23:35:59,935 - Noah's Hand: [7D, 7H, 9C, TC, TH]
2025-01-04 23:35:59,935 - Eve's Hand: [5C, 5D, TD, JD, JS]
2025-01-04 23:35:59,935 - Boss: Rank: 12 | Suit S | Attack 15 | Health 30
2025-01-04 23:35:59,935 - Tavern: [6D, 7C, 4H, 4S, AH, AD, 8H, 9S, 5H, 4C]
2025-01-04 23:35:59,935 - Castle: [KC, KD, KS, KH, QD, QC]
2025-01-04 23:35:59,935 - Discard: [6H, 6S, 5S, 8S, 8C, 3H, 2C, JC, 2H, AS, 8D, 9D, 3C, 3S, 2S, 4D, 2D, 7S, 3D, JH, 6C, TS, AC, 9H]
2025-01-04 23:35:59,935 - Active Player: 2
2025-01-04 23:35:59,935 - STATE LOG: END
2025-01-04 23:36:09,937 - STATE LOG: BEGIN
2025-01-04 23:36:09,938 - Noah's Hand: [7D, 7H, 9C, TC, TH, 4C, 9S]
2025-01-04 23:36:09,938 - Eve's Hand: [5C, 5D, TD, 5H, 8H]
2025-01-04 23:36:09,938 - Boss: Rank: 12 | Suit S | Attack 15 | Health 19
2025-01-04 23:36:09,938 - Tavern: [6D, 7C, 4H, 4S, AH, AD]
2025-01-04 23:36:09,938 - Castle: [KC, KD, KS, KH, QD, QC]
2025-01-04 23:36:09,938 - Discard: [6H, 6S, 5S, 8S, 8C, 3H, 2C, JC, 2H, AS, 8D, 9D, 3C, 3S, 2S, 4D, 2D, 7S, 3D, JH, 6C, TS, AC, 9H, QH, JS]
2025-01-04 23:36:09,938 - Active Player: 1
2025-01-04 23:36:09,938 - STATE LOG: END
2025-01-04 23:36:17,926 - STATE LOG: BEGIN
2025-01-04 23:36:17,926 - Noah's Hand: [4C, 7D, TC, TH]
2025-01-04 23:36:17,926 - Eve's Hand: [5C, 5D, TD, 5H, 8H]
2025-01-04 23:36:17,926 - Boss: Rank: 12 | Suit S | Attack 15 | Health 12
2025-01-04 23:36:17,926 - Tavern: [8D, 2D, QH, 3D, AS, 7S, 8S, 6D, 7C, 4H, 4S, AH, AD]
2025-01-04 23:36:17,926 - Castle: [KC, KD, KS, KH, QD, QC]
2025-01-04 23:36:17,926 - Discard: [4D, AC, JH, 9H, JC, TS, 9D, 2C, 3H, 2S, 2H, 6H, 6C, 6S, 5S, 3C, 8C, 3S, JS, 9C, 9S]
2025-01-04 23:36:17,926 - Active Player: 2
2025-01-04 23:36:17,926 - STATE LOG: END
2025-01-04 23:36:21,282 - STATE LOG: BEGIN
2025-01-04 23:36:21,282 - Noah's Hand: [4C, 7D, TC, TH, AH, 4H, 6D]
2025-01-04 23:36:21,282 - Eve's Hand: [8H, TD, AD, 7C]
2025-01-04 23:36:21,282 - Boss: Rank: 12 | Suit S | Attack 15 | Health 2
2025-01-04 23:36:21,282 - Tavern: [6C, TS, AC, 8C, 9D, JC, 9H, 3S, 2C, 2S, 8D, 2D, QH, 3D, AS, 7S]
2025-01-04 23:36:21,282 - Castle: [KC, KD, KS, KH, QD, QC]
2025-01-04 23:36:21,282 - Discard: [5S, 3C, 2H, 6H, JS, 3H, 4D, 9C, 6S, JH, 9S, 8S, 4S, 5C]
2025-01-04 23:36:21,282 - Active Player: 1
2025-01-04 23:36:21,282 - STATE LOG: END
2025-01-04 23:36:31,284 - STATE LOG: BEGIN
2025-01-04 23:36:31,285 - Noah's Hand: [4C, 6D, 7D]
2025-01-04 23:36:31,285 - Eve's Hand: [8H, TD, AD, 7C]
2025-01-04 23:36:31,285 - Boss: Rank: 12 | Suit S | Attack 15 | Health 1
2025-01-04 23:36:31,285 - Tavern: [JS, 6C, TS, AC, 8C, 9D, JC, 9H, 3S, 2C, 2S, 8D, 2D, QH, 3D, AS, 7S]
2025-01-04 23:36:31,285 - Castle: [KC, KD, KS, KH, QD, QC]
2025-01-04 23:36:31,285 - Discard: [5S, JH, 9C, 3C, 8S, 4S, 4D, 6S, 6H, 3H, 5C, 2H, 9S, 4H, TH, TC]
2025-01-04 23:36:31,285 - Active Player: 2
2025-01-04 23:36:31,285 - STATE LOG: END
2025-01-04 23:36:36,891 - STATE LOG: BEGIN
2025-01-04 23:36:36,891 - Noah's Hand: [4C, 6D, 7D, AS, QH, 8D, 2C]
2025-01-04 23:36:36,891 - Eve's Hand: [7C, TD, 7S, 3D, 2D, 2S, 3S]
2025-01-04 23:36:36,891 - Boss: Rank: 12 | Suit C | Attack 15 | Health 30
2025-01-04 23:36:36,891 - Tavern: [JH, TH, 4S, 5C, TC, 8S, 6H, 2H, 3H, JS, 6C, TS, AC, 8C, 9D, JC, 9H]
2025-01-04 23:36:36,891 - Castle: [KC, KD, KS, KH, QD]
2025-01-04 23:36:36,891 - Discard: [6S, 9S, 4H, 3C, 5S, 9C, 4D, 7H, AH, JD, 5D, 5H, AD, 8H, QS]
2025-01-04 23:36:36,891 - Active Player: 2
2025-01-04 23:36:36,891 - STATE LOG: END
2025-01-04 23:36:46,893 - STATE LOG: BEGIN
2025-01-04 23:36:46,893 - Noah's Hand: [4C, 6D, 7D, AS, QH, 8D, 2C]
2025-01-04 23:36:46,893 - Eve's Hand: [2D, 2S, 3D, TD]
2025-01-04 23:36:46,893 - Boss: Rank: 12 | Suit C | Attack 8 | Health 23
2025-01-04 23:36:46,893 - Tavern: [JH, TH, 4S, 5C, TC, 8S, 6H, 2H, 3H, JS, 6C, TS, AC, 8C, 9D, JC, 9H]
2025-01-04 23:36:46,893 - Castle: [KC, KD, KS, KH, QD]
2025-01-04 23:36:46,893 - Discard: [6S, 9S, 4H, 3C, 5S, 9C, 4D, 7H, AH, JD, 5D, 5H, AD, 8H, QS, 7C, 3S]
2025-01-04 23:36:46,893 - Active Player: 1
2025-01-04 23:36:46,893 - STATE LOG: END
2025-01-04 23:36:56,894 - STATE LOG: BEGIN
2025-01-04 23:36:56,896 - Noah's Hand: [AS, 2C, 4C, 6D, 7D, 8D]
2025-01-04 23:36:56,896 - Eve's Hand: [2D, 2S, 3D, TD]
2025-01-04 23:36:56,896 - Boss: Rank: 12 | Suit C | Attack 8 | Health 23
2025-01-04 23:36:56,896 - Tavern: [JH, TH, 4S, 5C, TC, 8S, 6H, 2H, 3H, JS, 6C, TS, AC, 8C, 9D, JC, 9H]
2025-01-04 23:36:56,896 - Castle: [KC, KD, KS, KH, QD]
2025-01-04 23:36:56,896 - Discard: [6S, 9S, 4H, 3C, 5S, 9C, 4D, 7H, AH, JD, 5D, 5H, AD, 8H, QS, 7C, 3S, QH]
2025-01-04 23:36:56,896 - Active Player: 2
2025-01-04 23:36:56,896 - STATE LOG: END
2025-01-04 23:37:03,071 - STATE LOG: BEGIN
2025-01-04 23:37:03,072 - Noah's Hand: [AS, 2C, 4C, 6D, 7D, 8D, JC]
2025-01-04 23:37:03,072 - Eve's Hand: [3D, TD]
2025-01-04 23:37:03,072 - Boss: Rank: 12 | Suit C | Attack 8 | Health 21
2025-01-04 23:37:03,072 - Tavern: [JH, TH, 4S, 5C, TC, 8S, 6H, 2H, 3H, JS, 6C, TS, AC, 8C, 9D]
2025-01-04 23:37:03,072 - Castle: [KC, KD, KS, KH, QD]
2025-01-04 23:37:03,072 - Discard: [6S, 9S, 4H, 3C, 5S, 9C, 4D, 7H, AH, JD, 5D, 5H, AD, 8H, QS, 7C, 3S, QH, 2S, 9H]
2025-01-04 23:37:03,072 - Active Player: 1
2025-01-04 23:37:03,072 - STATE LOG: END
2025-01-04 23:37:12,438 - STATE LOG: BEGIN
2025-01-04 23:37:12,439 - Noah's Hand: [2C, 4C, 6D, 8D, JC, 9D, AC]
2025-01-04 23:37:12,439 - Eve's Hand: [3D, TD, 8C, TS, 6C, JS, 3H]
2025-01-04 23:37:12,439 - Boss: Rank: 12 | Suit C | Attack 0 | Health 13
2025-01-04 23:37:12,439 - Tavern: [JH, TH, 4S, 5C, TC, 8S, 6H, 2H]
2025-01-04 23:37:12,439 - Castle: [KC, KD, KS, KH, QD]
2025-01-04 23:37:12,439 - Discard: [6S, 9S, 4H, 3C, 5S, 9C, 4D, 7H, AH, JD, 5D, 5H, AD, 8H, QS, 7C, 3S, QH, 2S, 9H]
2025-01-04 23:37:12,439 - Active Player: 2
2025-01-04 23:37:12,439 - STATE LOG: END
2025-01-04 23:37:22,440 - STATE LOG: BEGIN
2025-01-04 23:37:22,441 - Noah's Hand: [2C, 4C, 6D, 8D, JC, 9D, AC]
2025-01-04 23:37:22,441 - Eve's Hand: [3D, 3H, 6C, 8C, TD, TS, JS]
2025-01-04 23:37:22,441 - Boss: Rank: 12 | Suit C | Attack 0 | Health 13
2025-01-04 23:37:22,441 - Tavern: [JH, TH, 4S, 5C, TC, 8S, 6H, 2H]
2025-01-04 23:37:22,441 - Castle: [KC, KD, KS, KH, QD]
2025-01-04 23:37:22,441 - Discard: [6S, 9S, 4H, 3C, 5S, 9C, 4D, 7H, AH, JD, 5D, 5H, AD, 8H, QS, 7C, 3S, QH, 2S, 9H]
2025-01-04 23:37:22,441 - Active Player: 1
2025-01-04 23:37:22,441 - STATE LOG: END
2025-01-04 23:37:32,443 - STATE LOG: BEGIN
2025-01-04 23:37:32,443 - Noah's Hand: [2C, 4C, 6D, 8D, 9D, JC]
2025-01-04 23:37:32,443 - Eve's Hand: [3D, 3H, 6C, 8C, TD, TS, JS]
2025-01-04 23:37:32,443 - Boss: Rank: 12 | Suit C | Attack 0 | Health 12
2025-01-04 23:37:32,444 - Tavern: [JH, TH, 4S, 5C, TC, 8S, 6H, 2H]
2025-01-04 23:37:32,444 - Castle: [KC, KD, KS, KH, QD]
2025-01-04 23:37:32,444 - Discard: [6S, 9S, 4H, 3C, 5S, 9C, 4D, 7H, AH, JD, 5D, 5H, AD, 8H, QS, 7C, 3S, QH, 2S, 9H]
2025-01-04 23:37:32,444 - Active Player: 2
2025-01-04 23:37:32,444 - STATE LOG: END
2025-01-04 23:37:42,445 - STATE LOG: BEGIN
2025-01-04 23:37:42,445 - Noah's Hand: [2C, 4C, 6D, 8D, 9D, JC]
2025-01-04 23:37:42,445 - Eve's Hand: [3D, 3H, 6C, 8C, TD, TS, JS]
2025-01-04 23:37:42,446 - Boss: Rank: 12 | Suit C | Attack 0 | Health 12
2025-01-04 23:37:42,446 - Tavern: [JH, TH, 4S, 5C, TC, 8S, 6H, 2H]
2025-01-04 23:37:42,446 - Castle: [KC, KD, KS, KH, QD]
2025-01-04 23:37:42,446 - Discard: [6S, 9S, 4H, 3C, 5S, 9C, 4D, 7H, AH, JD, 5D, 5H, AD, 8H, QS, 7C, 3S, QH, 2S, 9H]
2025-01-04 23:37:42,446 - Active Player: 1
2025-01-04 23:37:42,446 - STATE LOG: END
2025-01-04 23:37:52,447 - STATE LOG: BEGIN
2025-01-04 23:37:52,447 - Noah's Hand: [4C, 6D, 8D, 9D, JC]
2025-01-04 23:37:52,448 - Eve's Hand: [3D, 3H, 6C, 8C, TD, TS, JS]
2025-01-04 23:37:52,448 - Boss: Rank: 12 | Suit C | Attack 0 | Health 10
2025-01-04 23:37:52,448 - Tavern: [JH, TH, 4S, 5C, TC, 8S, 6H, 2H]
2025-01-04 23:37:52,448 - Castle: [KC, KD, KS, KH, QD]
2025-01-04 23:37:52,448 - Discard: [6S, 9S, 4H, 3C, 5S, 9C, 4D, 7H, AH, JD, 5D, 5H, AD, 8H, QS, 7C, 3S, QH, 2S, 9H]
2025-01-04 23:37:52,448 - Active Player: 2
2025-01-04 23:37:52,448 - STATE LOG: END
2025-01-04 23:38:00,029 - STATE LOG: BEGIN
2025-01-04 23:38:00,029 - Noah's Hand: [4C, 6D, 8D, 9D, JC]
2025-01-04 23:38:00,029 - Eve's Hand: [3D, 3H, 6C, 8C, TD, TS, JS]
2025-01-04 23:38:00,029 - Boss: Rank: 12 | Suit C | Attack 0 | Health 10
2025-01-04 23:38:00,029 - Tavern: [JH, TH, 4S, 5C, TC, 8S, 6H, 2H]
2025-01-04 23:38:00,029 - Castle: [KC, KD, KS, KH, QD]
2025-01-04 23:38:00,030 - Discard: [6S, 9S, 4H, 3C, 5S, 9C, 4D, 7H, AH, JD, 5D, 5H, AD, 8H, QS, 7C, 3S, QH, 2S, 9H]
2025-01-04 23:38:00,030 - Active Player: 1
2025-01-04 23:38:00,030 - STATE LOG: END
2025-01-04 23:38:06,558 - STATE LOG: BEGIN
2025-01-04 23:38:06,559 - Noah's Hand: [4C, 8D, 9D, JC, 2H, 6H, 8S]
2025-01-04 23:38:06,559 - Eve's Hand: [3D, 3H, 6C, 8C, TD, TS, JS]
2025-01-04 23:38:06,559 - Boss: Rank: 12 | Suit C | Attack 0 | Health 4
2025-01-04 23:38:06,559 - Tavern: [JH, TH, 4S, 5C, TC]
2025-01-04 23:38:06,559 - Castle: [KC, KD, KS, KH, QD]
2025-01-04 23:38:06,559 - Discard: [6S, 9S, 4H, 3C, 5S, 9C, 4D, 7H, AH, JD, 5D, 5H, AD, 8H, QS, 7C, 3S, QH, 2S, 9H]
2025-01-04 23:38:06,559 - Active Player: 2
2025-01-04 23:38:06,559 - STATE LOG: END
2025-01-04 23:38:14,601 - STATE LOG: BEGIN
2025-01-04 23:38:14,602 - Noah's Hand: [4C, 8D, 9D, JC, 2H, 6H, 8S]
2025-01-04 23:38:14,602 - Eve's Hand: [3D, 6C, 8C, TD, TS, JS]
2025-01-04 23:38:14,602 - Boss: Rank: 12 | Suit C | Attack 0 | Health 1
2025-01-04 23:38:14,602 - Tavern: [4D, AD, 2S, JH, TH, 4S, 5C, TC]
2025-01-04 23:38:14,602 - Castle: [KC, KD, KS, KH, QD]
2025-01-04 23:38:14,602 - Discard: [AH, 7H, 9H, 9S, 5H, 8H, 9C, 3C, QS, 5S, 4H, 6S, 3S, QH, JD, 7C, 5D]
2025-01-04 23:38:14,602 - Active Player: 1
2025-01-04 23:38:14,602 - STATE LOG: END
2025-01-04 23:38:19,255 - STATE LOG: BEGIN
2025-01-04 23:38:19,255 - Noah's Hand: [2H, 4C, 6H, 8D, 8S, 9D, JC]
2025-01-04 23:38:19,255 - Eve's Hand: [3D, 6C, 8C, TD, TS, JS]
2025-01-04 23:38:19,255 - Boss: Rank: 12 | Suit C | Attack 0 | Health 1
2025-01-04 23:38:19,255 - Tavern: [4D, AD, 2S, JH, TH, 4S, 5C, TC]
2025-01-04 23:38:19,255 - Castle: [KC, KD, KS, KH, QD]
2025-01-04 23:38:19,256 - Discard: [AH, 7H, 9H, 9S, 5H, 8H, 9C, 3C, QS, 5S, 4H, 6S, 3S, QH, JD, 7C, 5D]
2025-01-04 23:38:19,256 - Active Player: 2
2025-01-04 23:38:19,256 - STATE LOG: END
2025-01-04 23:38:23,537 - STATE LOG: BEGIN
2025-01-04 23:38:23,538 - Noah's Hand: [2H, 4C, 6H, 8D, 8S, 9D, JC]
2025-01-04 23:38:23,538 - Eve's Hand: [3D, 6C, 8C, TS, JS, TC, 5C]
2025-01-04 23:38:23,538 - Boss: Rank: 12 | Suit D | Attack 15 | Health 30
2025-01-04 23:38:23,538 - Tavern: [4D, AD, 2S, JH, TH, 4S]
2025-01-04 23:38:23,538 - Castle: [KC, KD, KS, KH]
2025-01-04 23:38:23,538 - Discard: [AH, 7H, 9H, 9S, 5H, 8H, 9C, 3C, QS, 5S, 4H, 6S, 3S, QH, JD, 7C, 5D, AS, 7D, AC, 2C, 6D, 7S, 2D, 3H, TD, QC]
2025-01-04 23:38:23,538 - Active Player: 2
2025-01-04 23:38:23,538 - STATE LOG: END
2025-01-04 23:38:28,084 - STATE LOG: BEGIN
2025-01-04 23:38:28,084 - Noah's Hand: [2H, 4C, 6H, 8D, 8S, 9D, JC]
2025-01-04 23:38:28,084 - Eve's Hand: [3D, 5C, 6C, TC, TS]
2025-01-04 23:38:28,084 - Boss: Rank: 12 | Suit D | Attack 4 | Health 19
2025-01-04 23:38:28,084 - Tavern: [4D, AD, 2S, JH, TH, 4S]
2025-01-04 23:38:28,084 - Castle: [KC, KD, KS, KH]
2025-01-04 23:38:28,084 - Discard: [AH, 7H, 9H, 9S, 5H, 8H, 9C, 3C, QS, 5S, 4H, 6S, 3S, QH, JD, 7C, 5D, AS, 7D, AC, 2C, 6D, 7S, 2D, 3H, TD, QC, 8C]
2025-01-04 23:38:28,084 - Active Player: 1
2025-01-04 23:38:28,084 - STATE LOG: END
2025-01-04 23:38:32,639 - STATE LOG: BEGIN
2025-01-04 23:38:32,640 - Noah's Hand: [2H, 4C, 6H, 8D, 9D, JC]
2025-01-04 23:38:32,640 - Eve's Hand: [3D, 5C, 6C, TC, TS]
2025-01-04 23:38:32,640 - Boss: Rank: 12 | Suit D | Attack 0 | Health 11
2025-01-04 23:38:32,640 - Tavern: [4D, AD, 2S, JH, TH, 4S]
2025-01-04 23:38:32,640 - Castle: [KC, KD, KS, KH]
2025-01-04 23:38:32,640 - Discard: [AH, 7H, 9H, 9S, 5H, 8H, 9C, 3C, QS, 5S, 4H, 6S, 3S, QH, JD, 7C, 5D, AS, 7D, AC, 2C, 6D, 7S, 2D, 3H, TD, QC, 8C]
2025-01-04 23:38:32,640 - Active Player: 2
2025-01-04 23:38:32,640 - STATE LOG: END
2025-01-04 23:38:34,808 - STATE LOG: BEGIN
2025-01-04 23:38:34,808 - Noah's Hand: [2H, 4C, 6H, 8D, 9D, JC]
2025-01-04 23:38:34,808 - Eve's Hand: [3D, 5C, 6C, TC, TS]
2025-01-04 23:38:34,808 - Boss: Rank: 12 | Suit D | Attack 0 | Health 11
2025-01-04 23:38:34,808 - Tavern: [4D, AD, 2S, JH, TH, 4S]
2025-01-04 23:38:34,808 - Castle: [KC, KD, KS, KH]
2025-01-04 23:38:34,808 - Discard: [AH, 7H, 9H, 9S, 5H, 8H, 9C, 3C, QS, 5S, 4H, 6S, 3S, QH, JD, 7C, 5D, AS, 7D, AC, 2C, 6D, 7S, 2D, 3H, TD, QC, 8C]
2025-01-04 23:38:34,808 - Active Player: 1
2025-01-04 23:38:34,808 - STATE LOG: END
2025-01-04 23:38:37,076 - STATE LOG: BEGIN
2025-01-04 23:38:37,076 - Noah's Hand: [4C, 6H, 8D, 9D, JC]
2025-01-04 23:38:37,076 - Eve's Hand: [3D, 5C, 6C, TC, TS]
2025-01-04 23:38:37,076 - Boss: Rank: 12 | Suit D | Attack 0 | Health 9
2025-01-04 23:38:37,076 - Tavern: [2C, 4H, 4D, AD, 2S, JH, TH, 4S]
2025-01-04 23:38:37,076 - Castle: [KC, KD, KS, KH]
2025-01-04 23:38:37,076 - Discard: [5H, 5D, 7S, QH, 8H, 6S, TD, 9C, 7D, QS, 9H, QC, AC, 7H, 2D, JD, 8C, 3C, 6D, 9S, 3S, 3H, 7C, 5S, AH, AS]
2025-01-04 23:38:37,076 - Active Player: 2
2025-01-04 23:38:37,076 - STATE LOG: END
2025-01-04 23:38:38,549 - STATE LOG: BEGIN
2025-01-04 23:38:38,549 - Noah's Hand: [4C, 6H, 8D, 9D, JC]
2025-01-04 23:38:38,549 - Eve's Hand: [3D, 5C, 6C, TC, TS]
2025-01-04 23:38:38,549 - Boss: Rank: 12 | Suit D | Attack 0 | Health 9
2025-01-04 23:38:38,549 - Tavern: [2C, 4H, 4D, AD, 2S, JH, TH, 4S]
2025-01-04 23:38:38,549 - Castle: [KC, KD, KS, KH]
2025-01-04 23:38:38,549 - Discard: [5H, 5D, 7S, QH, 8H, 6S, TD, 9C, 7D, QS, 9H, QC, AC, 7H, 2D, JD, 8C, 3C, 6D, 9S, 3S, 3H, 7C, 5S, AH, AS]
2025-01-04 23:38:38,549 - Active Player: 1
2025-01-04 23:38:38,549 - STATE LOG: END
2025-01-04 23:38:39,989 - STATE LOG: BEGIN
2025-01-04 23:38:39,989 - Noah's Hand: [4C, 8D, 9D, JC]
2025-01-04 23:38:39,989 - Eve's Hand: [3D, 5C, 6C, TC, TS]
2025-01-04 23:38:39,989 - Boss: Rank: 12 | Suit D | Attack 0 | Health 3
2025-01-04 23:38:39,989 - Tavern: [JD, 6S, 7C, AS, 7H, 6D, 2C, 4H, 4D, AD, 2S, JH, TH, 4S]
2025-01-04 23:38:39,989 - Castle: [KC, KD, KS, KH]
2025-01-04 23:38:39,989 - Discard: [7D, TD, 3C, 5S, QC, 7S, 9S, 8H, AC, 3S, QH, 5H, 8C, 5D, 3H, 9H, AH, 9C, QS, 2D]
2025-01-04 23:38:39,989 - Active Player: 2
2025-01-04 23:38:39,989 - STATE LOG: END
2025-01-04 23:38:41,164 - STATE LOG: BEGIN
2025-01-04 23:38:41,164 - Noah's Hand: [4C, 8D, 9D, JC]
2025-01-04 23:38:41,165 - Eve's Hand: [3D, 6C, TC, TS]
2025-01-04 23:38:41,165 - Boss: Rank: 13 | Suit H | Attack 20 | Health 40
2025-01-04 23:38:41,165 - Tavern: [JD, 6S, 7C, AS, 7H, 6D, 2C, 4H, 4D, AD, 2S, JH, TH, 4S]
2025-01-04 23:38:41,165 - Castle: [KC, KD, KS]
2025-01-04 23:38:41,165 - Discard: [7D, TD, 3C, 5S, QC, 7S, 9S, 8H, AC, 3S, QH, 5H, 8C, 5D, 3H, 9H, AH, 9C, QS, 2D, 8S, 2H, 6H, JS, 5C, QD]
2025-01-04 23:38:41,165 - Active Player: 2
2025-01-04 23:38:41,165 - STATE LOG: END
2025-01-04 23:38:41,928 - STATE LOG: BEGIN
2025-01-04 23:38:41,928 - Noah's Hand: [4C, 8D, 9D, JC]
2025-01-04 23:38:41,928 - Eve's Hand: [3D]
2025-01-04 23:38:41,928 - Boss: Rank: 13 | Suit H | Attack 10 | Health 30
2025-01-04 23:38:41,928 - Tavern: [JD, 6S, 7C, AS, 7H, 6D, 2C, 4H, 4D, AD, 2S, JH, TH, 4S]
2025-01-04 23:38:41,928 - Castle: [KC, KD, KS]
2025-01-04 23:38:41,928 - Discard: [7D, TD, 3C, 5S, QC, 7S, 9S, 8H, AC, 3S, QH, 5H, 8C, 5D, 3H, 9H, AH, 9C, QS, 2D, 8S, 2H, 6H, JS, 5C, QD, 6C, TC]
2025-01-04 23:38:41,928 - Active Player: 1
2025-01-04 23:38:41,928 - STATE LOG: END
2025-01-04 23:38:43,433 - STATE LOG: BEGIN
2025-01-04 23:38:43,433 - Noah's Hand: [8D, JC, JH, AD]
2025-01-04 23:38:43,433 - Eve's Hand: [3D, TH, 2S, 4D, 2C, 6D]
2025-01-04 23:38:43,433 - Boss: Rank: 13 | Suit H | Attack 10 | Health 21
2025-01-04 23:38:43,433 - Tavern: [JD, 6S, 7C, AS, 7H]
2025-01-04 23:38:43,433 - Castle: [KC, KD, KS]
2025-01-04 23:38:43,433 - Discard: [7D, TD, 3C, 5S, QC, 7S, 9S, 8H, AC, 3S, QH, 5H, 8C, 5D, 3H, 9H, AH, 9C, QS, 2D, 8S, 2H, 6H, JS, 5C, QD, 6C, TC, 4S, 4H, 4C]
2025-01-04 23:38:43,433 - Active Player: 2
2025-01-04 23:38:43,433 - STATE LOG: END
2025-01-04 23:38:50,055 - STATE LOG: BEGIN
2025-01-04 23:38:50,056 - Noah's Hand: [8D, JC, JH, AD, AS, 6S]
2025-01-04 23:38:50,056 - Eve's Hand: [2S, 3D, 6D, TH]
2025-01-04 23:38:50,056 - Boss: Rank: 13 | Suit H | Attack 10 | Health 17
2025-01-04 23:38:50,056 - Tavern: [JD]
2025-01-04 23:38:50,056 - Castle: [KC, KD, KS]
2025-01-04 23:38:50,056 - Discard: [7D, TD, 3C, 5S, QC, 7S, 9S, 8H, AC, 3S, QH, 5H, 8C, 5D, 3H, 9H, AH, 9C, QS, 2D, 8S, 2H, 6H, JS, 5C, QD, 6C, TC, 4S, 4H, 4C, 7C, 2C, 7H]
2025-01-04 23:38:50,056 - Active Player: 1
2025-01-04 23:38:50,056 - STATE LOG: END
2025-01-04 23:38:52,777 - STATE LOG: BEGIN
2025-01-04 23:38:52,777 - Noah's Hand: [AD, 8D, JH]
2025-01-04 23:38:52,777 - Eve's Hand: [2S, 3D, 6D, TH]
2025-01-04 23:38:52,777 - Boss: Rank: 13 | Suit H | Attack 9 | Health 16
2025-01-04 23:38:52,777 - Tavern: [JD]
2025-01-04 23:38:52,777 - Castle: [KC, KD, KS]
2025-01-04 23:38:52,777 - Discard: [7D, TD, 3C, 5S, QC, 7S, 9S, 8H, AC, 3S, QH, 5H, 8C, 5D, 3H, 9H, AH, 9C, QS, 2D, 8S, 2H, 6H, JS, 5C, QD, 6C, TC, 4S, 4H, 4C, 7C, 2C, 7H, 6S, JC]
2025-01-04 23:38:52,777 - Active Player: 2
2025-01-04 23:38:52,777 - STATE LOG: END
2025-01-04 23:38:52,997 - STATE LOG: BEGIN
2025-01-04 23:38:52,997 - Noah's Hand: [AD, 8D, JH]
2025-01-04 23:38:52,997 - Eve's Hand: [2S, 6D, JD]
2025-01-04 23:38:52,997 - Boss: Rank: 13 | Suit H | Attack 9 | Health 13
2025-01-04 23:38:52,997 - Tavern: []
2025-01-04 23:38:52,997 - Castle: [KC, KD, KS]
2025-01-04 23:38:52,997 - Discard: [7D, TD, 3C, 5S, QC, 7S, 9S, 8H, AC, 3S, QH, 5H, 8C, 5D, 3H, 9H, AH, 9C, QS, 2D, 8S, 2H, 6H, JS, 5C, QD, 6C, TC, 4S, 4H, 4C, 7C, 2C, 7H, 6S, JC, TH]
2025-01-04 23:38:52,997 - Active Player: 1
2025-01-04 23:38:52,997 - STATE LOG: END
2025-01-04 23:38:53,050 - STATE LOG: BEGIN
2025-01-04 23:38:53,050 - Noah's Hand: [AD]
2025-01-04 23:38:53,050 - Eve's Hand: [2S, 6D, JD]
2025-01-04 23:38:53,050 - Boss: Rank: 13 | Suit H | Attack 9 | Health 5
2025-01-04 23:38:53,050 - Tavern: []
2025-01-04 23:38:53,050 - Castle: [KC, KD, KS]
2025-01-04 23:38:53,050 - Discard: [7D, TD, 3C, 5S, QC, 7S, 9S, 8H, AC, 3S, QH, 5H, 8C, 5D, 3H, 9H, AH, 9C, QS, 2D, 8S, 2H, 6H, JS, 5C, QD, 6C, TC, 4S, 4H, 4C, 7C, 2C, 7H, 6S, JC, TH, JH]
2025-01-04 23:38:53,050 - Active Player: 2
2025-01-04 23:38:53,050 - STATE LOG: END
2025-01-04 23:38:53,067 - STATE LOG: BEGIN
2025-01-04 23:38:53,067 - Noah's Hand: [AD]
2025-01-04 23:38:53,067 - Eve's Hand: [2S, JD]
2025-01-04 23:38:53,067 - Boss: Rank: 13 | Suit S | Attack 20 | Health 40
2025-01-04 23:38:53,067 - Tavern: []
2025-01-04 23:38:53,067 - Castle: [KC, KD]
2025-01-04 23:38:53,067 - Discard: [7D, TD, 3C, 5S, QC, 7S, 9S, 8H, AC, 3S, QH, 5H, 8C, 5D, 3H, 9H, AH, 9C, QS, 2D, 8S, 2H, 6H, JS, 5C, QD, 6C, TC, 4S, 4H, 4C, 7C, 2C, 7H, 6S, JC, TH, JH, 9D, AS, 8D, TS, 4D, 3D, 6D, KH]
2025-01-04 23:38:53,067 - Active Player: 2
2025-01-04 23:38:53,067 - STATE LOG: END
2025-01-04 23:38:53,073 - STATE LOG: BEGIN
2025-01-04 23:38:53,074 - Noah's Hand: [AD]
2025-01-04 23:38:53,074 - Eve's Hand: [JD]
2025-01-04 23:38:53,074 - Boss: Rank: 13 | Suit S | Attack 20 | Health 38
2025-01-04 23:38:53,074 - Tavern: []
2025-01-04 23:38:53,074 - Castle: [KC, KD]
2025-01-04 23:38:53,074 - Discard: [7D, TD, 3C, 5S, QC, 7S, 9S, 8H, AC, 3S, QH, 5H, 8C, 5D, 3H, 9H, AH, 9C, QS, 2D, 8S, 2H, 6H, JS, 5C, QD, 6C, TC, 4S, 4H, 4C, 7C, 2C, 7H, 6S, JC, TH, JH, 9D, AS, 8D, TS, 4D, 3D, 6D, KH]
2025-01-04 23:38:53,074 - Active Player: 1
2025-01-04 23:38:53,074 - STATE LOG: END
