2025-01-04 22:27:51,321 - I log states! :D
2025-01-04 22:27:51,321 - STATE LOG: BEGIN
2025-01-04 22:27:51,322 - Noah's Hand: [5D, 5S, AS, TH, 9C, 9S, 2S]
2025-01-04 22:27:51,322 - Eve's Hand: [8H, 3D, 8S, 4S, TS, 8D, 5H]
2025-01-04 22:27:51,322 - Boss: Rank: 11 | Suit D | Attack 10 | Health 20
2025-01-04 22:27:51,322 - Tavern: [4C, 9D, 8C, TC, 6D, 4H, 7H, 6H, 6S, 5C, TD, 2H, AC, 7D, 2C, 3H, 3S, AH, 6C, AD, 2D, 7C, 3C, 4D, 9H, 7S]
2025-01-04 22:27:51,322 - Castle: [KC, KD, KH, KS, QH, QS, QC, QD, JH, JS, JC]
2025-01-04 22:27:51,322 - Discard: []
2025-01-04 22:27:51,322 - Active Player: 1
2025-01-04 22:27:51,322 - STATE LOG: END
2025-01-04 22:28:00,071 - STATE LOG: BEGIN
2025-01-04 22:28:00,072 - Noah's Hand: [2S, 5D, 5S, 9S, TH]
2025-01-04 22:28:00,072 - Eve's Hand: [8H, 3D, 8S, 4S, TS, 8D, 5H]
2025-01-04 22:28:00,072 - Boss: Rank: 11 | Suit C | Attack 10 | Health 20
2025-01-04 22:28:00,072 - Tavern: [4C, 9D, 8C, TC, 6D, 4H, 7H, 6H, 6S, 5C, TD, 2H, AC, 7D, 2C, 3H, 3S, AH, 6C, AD, 2D, 7C, 3C, 4D, 9H, 7S]
2025-01-04 22:28:00,072 - Castle: [KC, KD, KH, KS, QH, QS, QC, QD, JH, JS]
2025-01-04 22:28:00,072 - Discard: [AS, 9C]
2025-01-04 22:28:00,072 - Active Player: 1
2025-01-04 22:28:00,072 - STATE LOG: END
2025-01-04 22:28:10,073 - STATE LOG: BEGIN
2025-01-04 22:28:10,074 - Noah's Hand: [5D, 5S, TH]
2025-01-04 22:28:10,074 - Eve's Hand: [8H, 3D, 8S, 4S, TS, 8D, 5H]
2025-01-04 22:28:10,074 - Boss: Rank: 11 | Suit C | Attack 8 | Health 18
2025-01-04 22:28:10,074 - Tavern: [4C, 9D, 8C, TC, 6D, 4H, 7H, 6H, 6S, 5C, TD, 2H, AC, 7D, 2C, 3H, 3S, AH, 6C, AD, 2D, 7C, 3C, 4D, 9H, 7S]
2025-01-04 22:28:10,074 - Castle: [KC, KD, KH, KS, QH, QS, QC, QD, JH, JS]
2025-01-04 22:28:10,074 - Discard: [AS, 9C, 9S]
2025-01-04 22:28:10,074 - Active Player: 2
2025-01-04 22:28:10,074 - STATE LOG: END
2025-01-04 22:28:20,077 - STATE LOG: BEGIN
2025-01-04 22:28:20,077 - Noah's Hand: [5D, 5S, TH]
2025-01-04 22:28:20,077 - Eve's Hand: [3D, 4S, 8D, 8H, 8S]
2025-01-04 22:28:20,077 - Boss: Rank: 11 | Suit C | Attack 8 | Health 18
2025-01-04 22:28:20,077 - Tavern: [4C, 9D, 8C, TC, 6D, 4H, 7H, 6H, 6S, 5C, TD, 2H, AC, 7D, 2C, 3H, 3S, AH, 6C, AD, 2D, 7C, 3C, 4D, 9H, 7S]
2025-01-04 22:28:20,077 - Castle: [KC, KD, KH, KS, QH, QS, QC, QD, JH, JS]
2025-01-04 22:28:20,077 - Discard: [AS, 9C, 9S, 5H, TS]
2025-01-04 22:28:20,077 - Active Player: 1
2025-01-04 22:28:20,077 - STATE LOG: END
2025-01-04 22:28:25,159 - STATE LOG: BEGIN
2025-01-04 22:28:25,159 - Noah's Hand: [TH, JD, 9H, 3C, 7C, 2D, AD]
2025-01-04 22:28:25,159 - Eve's Hand: [3D, 4S, 8D, 8H, 8S, 7S, 4D]
2025-01-04 22:28:25,159 - Boss: Rank: 11 | Suit C | Attack 0 | Health 8
2025-01-04 22:28:25,159 - Tavern: [4C, 9D, 8C, TC, 6D, 4H, 7H, 6H, 6S, 5C, TD, 2H, AC, 7D, 2C, 3H, 3S, AH, 6C]
2025-01-04 22:28:25,159 - Castle: [KC, KD, KH, KS, QH, QS, QC, QD, JH, JS]
2025-01-04 22:28:25,159 - Discard: [AS, 9C, 9S, 5H, TS]
2025-01-04 22:28:25,159 - Active Player: 2
2025-01-04 22:28:25,159 - STATE LOG: END
2025-01-04 22:28:35,161 - STATE LOG: BEGIN
2025-01-04 22:28:35,161 - Noah's Hand: [TH, JD, 9H, 3C, 7C, 2D, AD]
2025-01-04 22:28:35,161 - Eve's Hand: [3D, 4D, 7S, 8D, 8H, 8S]
2025-01-04 22:28:35,161 - Boss: Rank: 11 | Suit C | Attack 0 | Health 4
2025-01-04 22:28:35,161 - Tavern: [4C, 9D, 8C, TC, 6D, 4H, 7H, 6H, 6S, 5C, TD, 2H, AC, 7D, 2C, 3H, 3S, AH, 6C]
2025-01-04 22:28:35,161 - Castle: [KC, KD, KH, KS, QH, QS, QC, QD, JH, JS]
2025-01-04 22:28:35,161 - Discard: [AS, 9C, 9S, 5H, TS]
2025-01-04 22:28:35,161 - Active Player: 1
2025-01-04 22:28:35,161 - STATE LOG: END
2025-01-04 22:28:45,162 - STATE LOG: BEGIN
2025-01-04 22:28:45,163 - Noah's Hand: [AD, 3C, 7C, 9H, TH, JD, 6C]
2025-01-04 22:28:45,163 - Eve's Hand: [3D, 4D, 7S, 8D, 8H, 8S, AH]
2025-01-04 22:28:45,163 - Boss: Rank: 11 | Suit C | Attack 0 | Health 2
2025-01-04 22:28:45,163 - Tavern: [4C, 9D, 8C, TC, 6D, 4H, 7H, 6H, 6S, 5C, TD, 2H, AC, 7D, 2C, 3H, 3S]
2025-01-04 22:28:45,163 - Castle: [KC, KD, KH, KS, QH, QS, QC, QD, JH, JS]
2025-01-04 22:28:45,163 - Discard: [AS, 9C, 9S, 5H, TS]
2025-01-04 22:28:45,163 - Active Player: 2
2025-01-04 22:28:45,163 - STATE LOG: END
2025-01-04 22:28:55,163 - STATE LOG: BEGIN
2025-01-04 22:28:55,164 - Noah's Hand: [AD, 3C, 7C, 9H, TH, JD, 6C]
2025-01-04 22:28:55,164 - Eve's Hand: [3D, 4D, 7S, 8D, 8H, 8S]
2025-01-04 22:28:55,164 - Boss: Rank: 11 | Suit C | Attack 0 | Health 1
2025-01-04 22:28:55,164 - Tavern: [TS, 4C, 9D, 8C, TC, 6D, 4H, 7H, 6H, 6S, 5C, TD, 2H, AC, 7D, 2C, 3H, 3S]
2025-01-04 22:28:55,164 - Castle: [KC, KD, KH, KS, QH, QS, QC, QD, JH, JS]
2025-01-04 22:28:55,164 - Discard: [AS, 9S, 9C, 5H]
2025-01-04 22:28:55,164 - Active Player: 1
2025-01-04 22:28:55,164 - STATE LOG: END
2025-01-04 22:29:05,165 - STATE LOG: BEGIN
2025-01-04 22:29:05,165 - Noah's Hand: [AD, 3C, 6C, 7C, 9H, TH, JD]
2025-01-04 22:29:05,165 - Eve's Hand: [3D, 4D, 7S, 8D, 8H, 8S]
2025-01-04 22:29:05,165 - Boss: Rank: 11 | Suit C | Attack 0 | Health 1
2025-01-04 22:29:05,165 - Tavern: [TS, 4C, 9D, 8C, TC, 6D, 4H, 7H, 6H, 6S, 5C, TD, 2H, AC, 7D, 2C, 3H, 3S]
2025-01-04 22:29:05,165 - Castle: [KC, KD, KH, KS, QH, QS, QC, QD, JH, JS]
2025-01-04 22:29:05,165 - Discard: [AS, 9S, 9C, 5H]
2025-01-04 22:29:05,165 - Active Player: 2
2025-01-04 22:29:05,165 - STATE LOG: END
2025-01-04 22:29:15,167 - STATE LOG: BEGIN
2025-01-04 22:29:15,167 - Noah's Hand: [AD, 3C, 6C, 7C, 9H, TH, JD]
2025-01-04 22:29:15,167 - Eve's Hand: [3D, 7S, 8D, 8H, 8S, 3S, 3H]
2025-01-04 22:29:15,167 - Boss: Rank: 11 | Suit S | Attack 10 | Health 20
2025-01-04 22:29:15,167 - Tavern: [TS, 4C, 9D, 8C, TC, 6D, 4H, 7H, 6H, 6S, 5C, TD, 2H, AC, 7D, 2C]
2025-01-04 22:29:15,167 - Castle: [KC, KD, KH, KS, QH, QS, QC, QD, JH]
2025-01-04 22:29:15,167 - Discard: [AS, 9S, 9C, 5H, 2S, 5D, 5S, 2D, 4S, AH, 4D, JC]
2025-01-04 22:29:15,167 - Active Player: 2
2025-01-04 22:29:15,167 - STATE LOG: END
2025-01-04 22:29:25,169 - STATE LOG: BEGIN
2025-01-04 22:29:25,170 - Noah's Hand: [AD, 3C, 6C, 7C, 9H, TH, JD]
2025-01-04 22:29:25,170 - Eve's Hand: [3S, 7S, 8D, 8H, 7D]
2025-01-04 22:29:25,170 - Boss: Rank: 11 | Suit S | Attack 10 | Health 14
2025-01-04 22:29:25,170 - Tavern: [9C, 4D, 2S, 5S, 4S, 2D, TS, 4C, 9D, 8C, TC, 6D, 4H, 7H, 6H, 6S, 5C, TD, 2H, AC]
2025-01-04 22:29:25,170 - Castle: [KC, KD, KH, KS, QH, QS, QC, QD, JH]
2025-01-04 22:29:25,170 - Discard: [5D, JC, 9S, AH, AS, 5H, 8S, 2C]
2025-01-04 22:29:25,170 - Active Player: 1
2025-01-04 22:29:25,170 - STATE LOG: END
2025-01-04 22:29:35,171 - STATE LOG: BEGIN
2025-01-04 22:29:35,172 - Noah's Hand: [AD, 9H, JD]
2025-01-04 22:29:35,172 - Eve's Hand: [3S, 7S, 8D, 8H, 7D]
2025-01-04 22:29:35,172 - Boss: Rank: 11 | Suit S | Attack 10 | Health 4
2025-01-04 22:29:35,172 - Tavern: [5D, JC, AS, 9S, AH, 2C, 5H, 8S, 9C, 4D, 2S, 5S, 4S, 2D, TS, 4C, 9D, 8C, TC, 6D, 4H, 7H, 6H, 6S, 5C, TD, 2H, AC]
2025-01-04 22:29:35,172 - Castle: [KC, KD, KH, KS, QH, QS, QC, QD, JH]
2025-01-04 22:29:35,172 - Discard: [3C, 6C, 7C]
2025-01-04 22:29:35,172 - Active Player: 2
2025-01-04 22:29:35,172 - STATE LOG: END
2025-01-04 22:29:45,174 - STATE LOG: BEGIN
2025-01-04 22:29:45,175 - Noah's Hand: [AD, 9H, JD]
2025-01-04 22:29:45,175 - Eve's Hand: [7D, 8D]
2025-01-04 22:29:45,175 - Boss: Rank: 11 | Suit S | Attack 10 | Health 1
2025-01-04 22:29:45,175 - Tavern: [5D, JC, AS, 9S, AH, 2C, 5H, 8S, 9C, 4D, 2S, 5S, 4S, 2D, TS, 4C, 9D, 8C, TC, 6D, 4H, 7H, 6H, 6S, 5C, TD, 2H, AC]
2025-01-04 22:29:45,175 - Castle: [KC, KD, KH, KS, QH, QS, QC, QD, JH]
2025-01-04 22:29:45,175 - Discard: [3C, 6C, 7C, 7S, 8H]
2025-01-04 22:29:45,175 - Active Player: 1
2025-01-04 22:29:45,175 - STATE LOG: END
2025-01-04 22:29:52,425 - STATE LOG: BEGIN
2025-01-04 22:29:52,425 - Noah's Hand: [AD, 9H, AC, TD, 6S, 7H, 6D]
2025-01-04 22:29:52,425 - Eve's Hand: [7D, 8D, 2H, 5C, 6H, 4H, TC]
2025-01-04 22:29:52,426 - Boss: Rank: 11 | Suit H | Attack 10 | Health 20
2025-01-04 22:29:52,426 - Tavern: [5D, JC, AS, 9S, AH, 2C, 5H, 8S, 9C, 4D, 2S, 5S, 4S, 2D, TS, 4C, 9D, 8C]
2025-01-04 22:29:52,426 - Castle: [KC, KD, KH, KS, QH, QS, QC, QD]
2025-01-04 22:29:52,426 - Discard: [3C, 6C, 7C, 7S, 8H, TH, JD, 3D, 3H, 3S, JS]
2025-01-04 22:29:52,426 - Active Player: 1
2025-01-04 22:29:52,426 - STATE LOG: END
2025-01-04 22:30:02,426 - STATE LOG: BEGIN
2025-01-04 22:30:02,427 - Noah's Hand: [AD, 6D, 6S, 7H, TD]
2025-01-04 22:30:02,427 - Eve's Hand: [7D, 8D, 2H, 5C, 6H, 4H, TC]
2025-01-04 22:30:02,427 - Boss: Rank: 11 | Suit H | Attack 10 | Health 20
2025-01-04 22:30:02,427 - Tavern: [5D, JC, AS, 9S, AH, 2C, 5H, 8S, 9C, 4D, 2S, 5S, 4S, 2D, TS, 4C, 9D, 8C]
2025-01-04 22:30:02,427 - Castle: [KC, KD, KH, KS, QH, QS, QC, QD]
2025-01-04 22:30:02,427 - Discard: [3C, 6C, 7C, 7S, 8H, TH, JD, 3D, 3H, 3S, JS, 9H, AC]
2025-01-04 22:30:02,427 - Active Player: 2
2025-01-04 22:30:02,427 - STATE LOG: END
2025-01-04 22:30:11,455 - STATE LOG: BEGIN
2025-01-04 22:30:11,456 - Noah's Hand: [AD, 6D, 6S, 7H, TD]
2025-01-04 22:30:11,456 - Eve's Hand: [4H, 7D, 8D, TC]
2025-01-04 22:30:11,456 - Boss: Rank: 11 | Suit H | Attack 10 | Health 18
2025-01-04 22:30:11,456 - Tavern: [5D, JC, AS, 9S, AH, 2C, 5H, 8S, 9C, 4D, 2S, 5S, 4S, 2D, TS, 4C, 9D, 8C]
2025-01-04 22:30:11,456 - Castle: [KC, KD, KH, KS, QH, QS, QC, QD]
2025-01-04 22:30:11,456 - Discard: [3C, 6C, 7C, 7S, 8H, TH, JD, 3D, 3H, 3S, JS, 9H, AC, 6H, 5C]
2025-01-04 22:30:11,456 - Active Player: 1
2025-01-04 22:30:11,456 - STATE LOG: END
2025-01-04 22:30:21,457 - STATE LOG: BEGIN
2025-01-04 22:30:21,458 - Noah's Hand: [AD, TD, 8C, 4C, 2D]
2025-01-04 22:30:21,458 - Eve's Hand: [4H, 7D, 8D, TC, 9D, TS, 4S]
2025-01-04 22:30:21,458 - Boss: Rank: 11 | Suit H | Attack 10 | Health 12
2025-01-04 22:30:21,458 - Tavern: [5D, JC, AS, 9S, AH, 2C, 5H, 8S, 9C, 4D, 2S, 5S]
2025-01-04 22:30:21,458 - Castle: [KC, KD, KH, KS, QH, QS, QC, QD]
2025-01-04 22:30:21,458 - Discard: [3C, 6C, 7C, 7S, 8H, TH, JD, 3D, 3H, 3S, JS, 9H, AC, 6H, 5C, 6S, 7H]
2025-01-04 22:30:21,458 - Active Player: 2
2025-01-04 22:30:21,458 - STATE LOG: END
2025-01-04 22:30:30,983 - STATE LOG: BEGIN
2025-01-04 22:30:30,983 - Noah's Hand: [AD, TD, 8C, 4C, 2D]
2025-01-04 22:30:30,983 - Eve's Hand: [4H, 4S, 7D, 8D, 9D, TS]
2025-01-04 22:30:30,983 - Boss: Rank: 11 | Suit H | Attack 10 | Health 12
2025-01-04 22:30:30,983 - Tavern: [5D, JC, AS, 9S, AH, 2C, 5H, 8S, 9C, 4D, 2S, 5S]
2025-01-04 22:30:30,983 - Castle: [KC, KD, KH, KS, QH, QS, QC, QD]
2025-01-04 22:30:30,983 - Discard: [3C, 6C, 7C, 7S, 8H, TH, JD, 3D, 3H, 3S, JS, 9H, AC, 6H, 5C, 6S, 7H, TC]
2025-01-04 22:30:30,983 - Active Player: 1
2025-01-04 22:30:30,983 - STATE LOG: END
2025-01-04 22:30:35,396 - STATE LOG: BEGIN
2025-01-04 22:30:35,396 - Noah's Hand: [AD, TD, 5S]
2025-01-04 22:30:35,396 - Eve's Hand: [4H, 4S, 7D, 8D, 9D, TS, 2S]
2025-01-04 22:30:35,396 - Boss: Rank: 11 | Suit H | Attack 10 | Health 10
2025-01-04 22:30:35,396 - Tavern: [5D, JC, AS, 9S, AH, 2C, 5H, 8S, 9C, 4D]
2025-01-04 22:30:35,396 - Castle: [KC, KD, KH, KS, QH, QS, QC, QD]
2025-01-04 22:30:35,396 - Discard: [3C, 6C, 7C, 7S, 8H, TH, JD, 3D, 3H, 3S, JS, 9H, AC, 6H, 5C, 6S, 7H, TC, 4C, 8C]
2025-01-04 22:30:35,396 - Active Player: 2
2025-01-04 22:30:35,396 - STATE LOG: END
2025-01-04 22:30:41,689 - STATE LOG: BEGIN
2025-01-04 22:30:41,689 - Noah's Hand: [AD, TD, 5S]
2025-01-04 22:30:41,689 - Eve's Hand: [7D, 8D, 9D, TS]
2025-01-04 22:30:41,689 - Boss: Rank: 11 | Suit H | Attack 2 | Health 2
2025-01-04 22:30:41,689 - Tavern: [5D, JC, AS, 9S, AH, 2C, 5H, 8S, 9C, 4D]
2025-01-04 22:30:41,689 - Castle: [KC, KD, KH, KS, QH, QS, QC, QD]
2025-01-04 22:30:41,689 - Discard: [3C, 6C, 7C, 7S, 8H, TH, JD, 3D, 3H, 3S, JS, 9H, AC, 6H, 5C, 6S, 7H, TC, 4C, 8C, 2S]
2025-01-04 22:30:41,689 - Active Player: 1
2025-01-04 22:30:41,689 - STATE LOG: END
2025-01-04 22:30:44,208 - STATE LOG: BEGIN
2025-01-04 22:30:44,209 - Noah's Hand: [TD, 4D]
2025-01-04 22:30:44,209 - Eve's Hand: [7D, 8D, 9D, TS]
2025-01-04 22:30:44,209 - Boss: Rank: 11 | Suit H | Attack 2 | Health 1
2025-01-04 22:30:44,209 - Tavern: [5D, JC, AS, 9S, AH, 2C, 5H, 8S, 9C]
2025-01-04 22:30:44,209 - Castle: [KC, KD, KH, KS, QH, QS, QC, QD]
2025-01-04 22:30:44,209 - Discard: [3C, 6C, 7C, 7S, 8H, TH, JD, 3D, 3H, 3S, JS, 9H, AC, 6H, 5C, 6S, 7H, TC, 4C, 8C, 2S, 5S]
2025-01-04 22:30:44,209 - Active Player: 2
2025-01-04 22:30:44,209 - STATE LOG: END
2025-01-04 22:30:47,105 - STATE LOG: BEGIN
2025-01-04 22:30:47,105 - Noah's Hand: [TD, 4D, 8S, 2C, 9S, JC, 5D]
2025-01-04 22:30:47,105 - Eve's Hand: [7D, 8D, TS, 9C, 5H, AH, AS]
2025-01-04 22:30:47,105 - Boss: Rank: 12 | Suit D | Attack 15 | Health 30
2025-01-04 22:30:47,105 - Tavern: []
2025-01-04 22:30:47,105 - Castle: [KC, KD, KH, KS, QH, QS, QC]
2025-01-04 22:30:47,105 - Discard: [3C, 6C, 7C, 7S, 8H, TH, JD, 3D, 3H, 3S, JS, 9H, AC, 6H, 5C, 6S, 7H, TC, 4C, 8C, 2S, 5S, 6D, 2D, AD, 2H, 4H, 4S, 9D, JH]
2025-01-04 22:30:47,105 - Active Player: 2
2025-01-04 22:30:47,105 - STATE LOG: END
2025-01-04 22:30:50,951 - STATE LOG: BEGIN
2025-01-04 22:30:50,952 - Noah's Hand: [TD, 4D, 8S, 2C, 9S, JC, 5D]
2025-01-04 22:30:50,952 - Eve's Hand: [AS, 7D, 8D]
2025-01-04 22:30:50,952 - Boss: Rank: 12 | Suit D | Attack 15 | Health 10
2025-01-04 22:30:50,952 - Tavern: [2H, 6C, 4C, 4S, AC, 6S, TC, 2D, 3D, 4H]
2025-01-04 22:30:50,952 - Castle: [KC, KD, KH, KS, QH, QS, QC]
2025-01-04 22:30:50,952 - Discard: [JS, 9H, 5S, 3S, 2S, JD, 7C, AD, 8H, 7H, JH, 3H, 6D, 9D, 5C, 3C, TH, 7S, 6H, 8C, TS, 5H]
2025-01-04 22:30:50,952 - Active Player: 1
2025-01-04 22:30:50,952 - STATE LOG: END
2025-01-04 22:30:53,517 - STATE LOG: BEGIN
2025-01-04 22:30:53,517 - Noah's Hand: [2C, 4D, 5D, 8S, 9S, JC]
2025-01-04 22:30:53,517 - Eve's Hand: [AS, 7D, 8D]
2025-01-04 22:30:53,517 - Boss: Rank: 12 | Suit C | Attack 15 | Health 30
2025-01-04 22:30:53,517 - Tavern: [2H, 6C, 4C, 4S, AC, 6S, TC, 2D, 3D, 4H]
2025-01-04 22:30:53,517 - Castle: [KC, KD, KH, KS, QH, QS]
2025-01-04 22:30:53,517 - Discard: [JS, 9H, 5S, 3S, 2S, JD, 7C, AD, 8H, 7H, JH, 3H, 6D, 9D, 5C, 3C, TH, 7S, 6H, 8C, TS, 5H, TD, AH, 9C]
2025-01-04 22:30:53,517 - Active Player: 1
2025-01-04 22:30:53,517 - STATE LOG: END
2025-01-04 22:30:57,537 - STATE LOG: BEGIN
2025-01-04 22:30:57,538 - Noah's Hand: [2C, 4D, 5D, JC]
2025-01-04 22:30:57,538 - Eve's Hand: [AS, 7D, 8D]
2025-01-04 22:30:57,538 - Boss: Rank: 12 | Suit C | Attack 7 | Health 22
2025-01-04 22:30:57,538 - Tavern: [2H, 6C, 4C, 4S, AC, 6S, TC, 2D, 3D, 4H]
2025-01-04 22:30:57,538 - Castle: [KC, KD, KH, KS, QH, QS]
2025-01-04 22:30:57,538 - Discard: [JS, 9H, 5S, 3S, 2S, JD, 7C, AD, 8H, 7H, JH, 3H, 6D, 9D, 5C, 3C, TH, 7S, 6H, 8C, TS, 5H, TD, AH, 9C, 9S]
2025-01-04 22:30:57,538 - Active Player: 2
2025-01-04 22:30:57,538 - STATE LOG: END
2025-01-04 22:31:06,032 - STATE LOG: BEGIN
2025-01-04 22:31:06,032 - Noah's Hand: [2C, 4D, 5D, JC, 4H, 2D, 6S]
2025-01-04 22:31:06,032 - Eve's Hand: [7D, QD, 3D, TC, AC, 4S, 4C]
2025-01-04 22:31:06,032 - Boss: Rank: 12 | Suit C | Attack 0 | Health 13
2025-01-04 22:31:06,032 - Tavern: [2H, 6C]
2025-01-04 22:31:06,032 - Castle: [KC, KD, KH, KS, QH, QS]
2025-01-04 22:31:06,032 - Discard: [JS, 9H, 5S, 3S, 2S, JD, 7C, AD, 8H, 7H, JH, 3H, 6D, 9D, 5C, 3C, TH, 7S, 6H, 8C, TS, 5H, TD, AH, 9C, 9S]
2025-01-04 22:31:06,032 - Active Player: 1
2025-01-04 22:31:06,032 - STATE LOG: END
2025-01-04 22:31:16,033 - STATE LOG: BEGIN
2025-01-04 22:31:16,033 - Noah's Hand: [2C, 2D, 5D, JC, 6S, 6C, 2H]
2025-01-04 22:31:16,033 - Eve's Hand: [7D, QD, 3D, TC, AC, 4S, 4C]
2025-01-04 22:31:16,034 - Boss: Rank: 12 | Suit C | Attack 0 | Health 5
2025-01-04 22:31:16,034 - Tavern: [TS, AD, AH, 9S, 5C, 3H, JS, TH]
2025-01-04 22:31:16,034 - Castle: [KC, KD, KH, KS, QH, QS]
2025-01-04 22:31:16,034 - Discard: [8H, JD, 9H, 9D, 5S, TD, JH, 8C, 3C, 2S, 6H, 7C, 7S, 5H, 7H, 3S, 9C, 6D]
2025-01-04 22:31:16,034 - Active Player: 2
2025-01-04 22:31:16,034 - STATE LOG: END
2025-01-04 22:31:26,034 - STATE LOG: BEGIN
2025-01-04 22:31:26,035 - Noah's Hand: [2C, 2D, 5D, JC, 6S, 6C, 2H]
2025-01-04 22:31:26,035 - Eve's Hand: [AC, 3D, 4C, 4S, 7D, TC, QD]
2025-01-04 22:31:26,035 - Boss: Rank: 12 | Suit C | Attack 0 | Health 5
2025-01-04 22:31:26,035 - Tavern: [TS, AD, AH, 9S, 5C, 3H, JS, TH]
2025-01-04 22:31:26,035 - Castle: [KC, KD, KH, KS, QH, QS]
2025-01-04 22:31:26,035 - Discard: [8H, JD, 9H, 9D, 5S, TD, JH, 8C, 3C, 2S, 6H, 7C, 7S, 5H, 7H, 3S, 9C, 6D]
2025-01-04 22:31:26,035 - Active Player: 1
2025-01-04 22:31:26,035 - STATE LOG: END
2025-01-04 22:31:36,036 - STATE LOG: BEGIN
2025-01-04 22:31:36,037 - Noah's Hand: [2C, 2D, 5D, 6C, JC, 6S]
2025-01-04 22:31:36,037 - Eve's Hand: [AC, 3D, 4C, 4S, 7D, TC, QD]
2025-01-04 22:31:36,037 - Boss: Rank: 12 | Suit C | Attack 0 | Health 3
2025-01-04 22:31:36,037 - Tavern: [5S, 6D, TS, AD, AH, 9S, 5C, 3H, JS, TH]
2025-01-04 22:31:36,037 - Castle: [KC, KD, KH, KS, QH, QS]
2025-01-04 22:31:36,037 - Discard: [5H, JD, 9D, 9H, 3S, TD, 6H, 8H, 7C, 3C, 9C, 8C, 2S, JH, 7S, 7H]
2025-01-04 22:31:36,037 - Active Player: 2
2025-01-04 22:31:36,037 - STATE LOG: END
2025-01-04 22:31:46,038 - STATE LOG: BEGIN
2025-01-04 22:31:46,038 - Noah's Hand: [2C, 2D, 5D, 6C, JC, 6S, JS]
2025-01-04 22:31:46,038 - Eve's Hand: [AC, 4C, 4S, 7D, TC, QD, TH]
2025-01-04 22:31:46,038 - Boss: Rank: 12 | Suit S | Attack 15 | Health 30
2025-01-04 22:31:46,038 - Tavern: [5S, 6D, TS, AD, AH, 9S, 5C, 3H]
2025-01-04 22:31:46,038 - Castle: [KC, KD, KH, KS, QH]
2025-01-04 22:31:46,038 - Discard: [5H, JD, 9D, 9H, 3S, TD, 6H, 8H, 7C, 3C, 9C, 8C, 2S, JH, 7S, 7H, 8S, 4D, 4H, 2H, AS, 8D, 3D]
2025-01-04 22:31:46,038 - Active Player: 2
2025-01-04 22:31:46,038 - STATE LOG: END
2025-01-04 22:31:56,041 - STATE LOG: BEGIN
2025-01-04 22:31:56,041 - Noah's Hand: [2C, 2D, 5D, 6C, JC, 6S, JS]
2025-01-04 22:31:56,041 - Eve's Hand: [4S, 7D, QD]
2025-01-04 22:31:56,041 - Boss: Rank: 12 | Suit S | Attack 15 | Health 20
2025-01-04 22:31:56,042 - Tavern: [6H, 8S, 7C, 4D, 4H, 8D, 7H, 3D, AS, JH, 5S, 6D, TS, AD, AH, 9S, 5C, 3H]
2025-01-04 22:31:56,042 - Castle: [KC, KD, KH, KS, QH]
2025-01-04 22:31:56,042 - Discard: [8C, TD, 9H, 5H, 2H, 9C, 8H, 7S, 3C, 3S, JD, 2S, 9D, 4C, AC, TC]
2025-01-04 22:31:56,042 - Active Player: 1
2025-01-04 22:31:56,042 - STATE LOG: END
2025-01-04 22:32:01,140 - STATE LOG: BEGIN
2025-01-04 22:32:01,140 - Noah's Hand: [5D, JC, 6S, QC, 5C]
2025-01-04 22:32:01,140 - Eve's Hand: [4S, 7D, QD, 3H, 9S]
2025-01-04 22:32:01,140 - Boss: Rank: 12 | Suit S | Attack 15 | Health 12
2025-01-04 22:32:01,140 - Tavern: [6H, 8S, 7C, 4D, 4H, 8D, 7H, 3D, AS, JH, 5S, 6D, TS, AD, AH]
2025-01-04 22:32:01,140 - Castle: [KC, KD, KH, KS, QH]
2025-01-04 22:32:01,140 - Discard: [8C, TD, 9H, 5H, 2H, 9C, 8H, 7S, 3C, 3S, JD, 2S, 9D, 4C, AC, TC, 6C, JS]
2025-01-04 22:32:01,140 - Active Player: 2
2025-01-04 22:32:01,140 - STATE LOG: END
2025-01-04 22:32:11,141 - STATE LOG: BEGIN
2025-01-04 22:32:11,142 - Noah's Hand: [5D, JC, 6S, QC, 5C, AD, 6D]
2025-01-04 22:32:11,142 - Eve's Hand: [3H, 4S, 7D, 9S, AH, TS, 5S]
2025-01-04 22:32:11,142 - Boss: Rank: 12 | Suit H | Attack 15 | Health 30
2025-01-04 22:32:11,142 - Tavern: [6H, 8S, 7C, 4D, 4H, 8D, 7H, 3D, AS, JH]
2025-01-04 22:32:11,142 - Castle: [KC, KD, KH, KS]
2025-01-04 22:32:11,142 - Discard: [8C, TD, 9H, 5H, 2H, 9C, 8H, 7S, 3C, 3S, JD, 2S, 9D, 4C, AC, TC, 6C, JS, 2C, 2D, TH, QD]
2025-01-04 22:32:11,142 - Active Player: 2
2025-01-04 22:32:11,142 - STATE LOG: END
2025-01-04 22:32:21,144 - STATE LOG: BEGIN
2025-01-04 22:32:21,144 - Noah's Hand: [5D, JC, 6S, QC, 5C, AD, 6D]
2025-01-04 22:32:21,144 - Eve's Hand: [3H, 5S, 7D, 9S]
2025-01-04 22:32:21,144 - Boss: Rank: 12 | Suit H | Attack 4 | Health 19
2025-01-04 22:32:21,144 - Tavern: [6H, 8S, 7C, 4D, 4H, 8D, 7H, 3D, AS, JH]
2025-01-04 22:32:21,144 - Castle: [KC, KD, KH, KS]
2025-01-04 22:32:21,144 - Discard: [8C, TD, 9H, 5H, 2H, 9C, 8H, 7S, 3C, 3S, JD, 2S, 9D, 4C, AC, TC, 6C, JS, 2C, 2D, TH, QD, 4S]
2025-01-04 22:32:21,144 - Active Player: 1
2025-01-04 22:32:21,144 - STATE LOG: END
2025-01-04 22:32:31,207 - STATE LOG: BEGIN
2025-01-04 22:32:31,207 - Noah's Hand: [5C, 5D, JC, AD, 6D, QC]
2025-01-04 22:32:31,207 - Eve's Hand: [3H, 5S, 7D, 9S]
2025-01-04 22:32:31,207 - Boss: Rank: 12 | Suit H | Attack 4 | Health 19
2025-01-04 22:32:31,207 - Tavern: [6H, 8S, 7C, 4D, 4H, 8D, 7H, 3D, AS, JH]
2025-01-04 22:32:31,207 - Castle: [KC, KD, KH, KS]
2025-01-04 22:32:31,207 - Discard: [8C, TD, 9H, 5H, 2H, 9C, 8H, 7S, 3C, 3S, JD, 2S, 9D, 4C, AC, TC, 6C, JS, 2C, 2D, TH, QD, 4S, 6S]
2025-01-04 22:32:31,207 - Active Player: 2
2025-01-04 22:32:31,207 - STATE LOG: END
2025-01-04 22:32:41,270 - STATE LOG: BEGIN
2025-01-04 22:32:41,270 - Noah's Hand: [5C, 5D, JC, AD, 6D, QC]
2025-01-04 22:32:41,270 - Eve's Hand: [3H, 7D, 9S]
2025-01-04 22:32:41,270 - Boss: Rank: 12 | Suit H | Attack 0 | Health 14
2025-01-04 22:32:41,270 - Tavern: [6H, 8S, 7C, 4D, 4H, 8D, 7H, 3D, AS, JH]
2025-01-04 22:32:41,270 - Castle: [KC, KD, KH, KS]
2025-01-04 22:32:41,270 - Discard: [8C, TD, 9H, 5H, 2H, 9C, 8H, 7S, 3C, 3S, JD, 2S, 9D, 4C, AC, TC, 6C, JS, 2C, 2D, TH, QD, 4S, 6S]
2025-01-04 22:32:41,270 - Active Player: 1
2025-01-04 22:32:41,270 - STATE LOG: END
2025-01-04 22:32:51,272 - STATE LOG: BEGIN
2025-01-04 22:32:51,273 - Noah's Hand: [5C, 5D, JC, AD, 6D, QC]
2025-01-04 22:32:51,273 - Eve's Hand: [3H, 7D, 9S]
2025-01-04 22:32:51,273 - Boss: Rank: 12 | Suit H | Attack 0 | Health 14
2025-01-04 22:32:51,273 - Tavern: [6H, 8S, 7C, 4D, 4H, 8D, 7H, 3D, AS, JH]
2025-01-04 22:32:51,273 - Castle: [KC, KD, KH, KS]
2025-01-04 22:32:51,273 - Discard: [8C, TD, 9H, 5H, 2H, 9C, 8H, 7S, 3C, 3S, JD, 2S, 9D, 4C, AC, TC, 6C, JS, 2C, 2D, TH, QD, 4S, 6S]
2025-01-04 22:32:51,273 - Active Player: 2
2025-01-04 22:32:51,273 - STATE LOG: END
2025-01-04 22:33:01,275 - STATE LOG: BEGIN
2025-01-04 22:33:01,276 - Noah's Hand: [5C, 5D, JC, AD, 6D, QC, JH]
2025-01-04 22:33:01,276 - Eve's Hand: [3H, 9S, QS, AS, 3D, 7H, 8D]
2025-01-04 22:33:01,276 - Boss: Rank: 12 | Suit H | Attack 0 | Health 7
2025-01-04 22:33:01,276 - Tavern: [6H, 8S, 7C, 4D, 4H]
2025-01-04 22:33:01,276 - Castle: [KC, KD, KH, KS]
2025-01-04 22:33:01,276 - Discard: [8C, TD, 9H, 5H, 2H, 9C, 8H, 7S, 3C, 3S, JD, 2S, 9D, 4C, AC, TC, 6C, JS, 2C, 2D, TH, QD, 4S, 6S]
2025-01-04 22:33:01,276 - Active Player: 1
2025-01-04 22:33:01,276 - STATE LOG: END
2025-01-04 22:33:11,278 - STATE LOG: BEGIN
2025-01-04 22:33:11,278 - Noah's Hand: [5C, 5D, JC, AD, 6D, JH, QC]
2025-01-04 22:33:11,278 - Eve's Hand: [3H, 9S, QS, AS, 3D, 7H, 8D]
2025-01-04 22:33:11,278 - Boss: Rank: 12 | Suit H | Attack 0 | Health 7
2025-01-04 22:33:11,278 - Tavern: [6H, 8S, 7C, 4D, 4H]
2025-01-04 22:33:11,278 - Castle: [KC, KD, KH, KS]
2025-01-04 22:33:11,278 - Discard: [8C, TD, 9H, 5H, 2H, 9C, 8H, 7S, 3C, 3S, JD, 2S, 9D, 4C, AC, TC, 6C, JS, 2C, 2D, TH, QD, 4S, 6S]
2025-01-04 22:33:11,278 - Active Player: 2
2025-01-04 22:33:11,278 - STATE LOG: END
2025-01-04 22:33:21,280 - STATE LOG: BEGIN
2025-01-04 22:33:21,281 - Noah's Hand: [5C, 5D, JC, AD, 6D, JH, QC]
2025-01-04 22:33:21,281 - Eve's Hand: [3D, 3H, 7H, 8D, 9S, QS]
2025-01-04 22:33:21,281 - Boss: Rank: 12 | Suit H | Attack 0 | Health 6
2025-01-04 22:33:21,281 - Tavern: [6H, 8S, 7C, 4D, 4H]
2025-01-04 22:33:21,281 - Castle: [KC, KD, KH, KS]
2025-01-04 22:33:21,281 - Discard: [8C, TD, 9H, 5H, 2H, 9C, 8H, 7S, 3C, 3S, JD, 2S, 9D, 4C, AC, TC, 6C, JS, 2C, 2D, TH, QD, 4S, 6S]
2025-01-04 22:33:21,281 - Active Player: 1
2025-01-04 22:33:21,281 - STATE LOG: END
2025-01-04 22:33:31,282 - STATE LOG: BEGIN
2025-01-04 22:33:31,283 - Noah's Hand: [5C, 5D, JC, AD, 6D, QC, JH]
2025-01-04 22:33:31,283 - Eve's Hand: [3D, 3H, 7H, 8D, 9S, QS]
2025-01-04 22:33:31,283 - Boss: Rank: 12 | Suit H | Attack 0 | Health 6
2025-01-04 22:33:31,283 - Tavern: [6H, 8S, 7C, 4D, 4H]
2025-01-04 22:33:31,283 - Castle: [KC, KD, KH, KS]
2025-01-04 22:33:31,283 - Discard: [8C, TD, 9H, 5H, 2H, 9C, 8H, 7S, 3C, 3S, JD, 2S, 9D, 4C, AC, TC, 6C, JS, 2C, 2D, TH, QD, 4S, 6S]
2025-01-04 22:33:31,283 - Active Player: 2
2025-01-04 22:33:31,283 - STATE LOG: END
2025-01-04 22:33:41,285 - STATE LOG: BEGIN
2025-01-04 22:33:41,285 - Noah's Hand: [5C, 5D, JC, AD, 6D, QC, JH]
2025-01-04 22:33:41,285 - Eve's Hand: [3H, 7H, 8D, 9S, QS, 4H, 4D]
2025-01-04 22:33:41,285 - Boss: Rank: 12 | Suit H | Attack 0 | Health 3
2025-01-04 22:33:41,285 - Tavern: [6H, 8S, 7C]
2025-01-04 22:33:41,285 - Castle: [KC, KD, KH, KS]
2025-01-04 22:33:41,285 - Discard: [8C, TD, 9H, 5H, 2H, 9C, 8H, 7S, 3C, 3S, JD, 2S, 9D, 4C, AC, TC, 6C, JS, 2C, 2D, TH, QD, 4S, 6S]
2025-01-04 22:33:41,285 - Active Player: 1
2025-01-04 22:33:41,285 - STATE LOG: END
2025-01-04 22:33:51,287 - STATE LOG: BEGIN
2025-01-04 22:33:51,288 - Noah's Hand: [5C, 5D, JC, AD, 6D, JH, QC]
2025-01-04 22:33:51,288 - Eve's Hand: [3H, 7H, 8D, 9S, QS, 4H, 4D]
2025-01-04 22:33:51,288 - Boss: Rank: 12 | Suit H | Attack 0 | Health 3
2025-01-04 22:33:51,288 - Tavern: [6H, 8S, 7C]
2025-01-04 22:33:51,288 - Castle: [KC, KD, KH, KS]
2025-01-04 22:33:51,288 - Discard: [8C, TD, 9H, 5H, 2H, 9C, 8H, 7S, 3C, 3S, JD, 2S, 9D, 4C, AC, TC, 6C, JS, 2C, 2D, TH, QD, 4S, 6S]
2025-01-04 22:33:51,288 - Active Player: 2
2025-01-04 22:33:51,288 - STATE LOG: END
2025-01-04 22:34:01,289 - STATE LOG: BEGIN
2025-01-04 22:34:01,290 - Noah's Hand: [5C, 5D, JC, AD, 6D, JH, QC]
2025-01-04 22:34:01,290 - Eve's Hand: [4D, 4H, 7H, 8D, 9S, QS]
2025-01-04 22:34:01,290 - Boss: Rank: 13 | Suit S | Attack 20 | Health 40
2025-01-04 22:34:01,290 - Tavern: [6H, 8S, 7C]
2025-01-04 22:34:01,290 - Castle: [KC, KD, KH]
2025-01-04 22:34:01,290 - Discard: [8C, TD, 9H, 5H, 2H, 9C, 8H, 7S, 3C, 3S, JD, 2S, 9D, 4C, AC, TC, 6C, JS, 2C, 2D, TH, QD, 4S, 6S, AH, TS, 5S, 7D, AS, 3D, 3H]
2025-01-04 22:34:01,290 - Active Player: 2
2025-01-04 22:34:01,290 - STATE LOG: END
2025-01-04 22:34:11,292 - STATE LOG: BEGIN
2025-01-04 22:34:11,293 - Noah's Hand: [5C, 5D, JC, AD, 6D, JH, QC]
2025-01-04 22:34:11,293 - Eve's Hand: [4D, 4H, 8D]
2025-01-04 22:34:11,293 - Boss: Rank: 13 | Suit S | Attack 20 | Health 33
2025-01-04 22:34:11,293 - Tavern: [TH, 6C, 2D, AH, 3H, TD, 3D, 6H, 8S, 7C]
2025-01-04 22:34:11,293 - Castle: [KC, KD, KH]
2025-01-04 22:34:11,293 - Discard: [4C, AC, 7S, TS, JD, 6S, 5H, QD, 9D, 3C, 4S, 9H, 2H, 5S, 8C, 2C, AS, TC, JS, 9C, 2S, 8H, 3S, 7D, QS, 9S]
2025-01-04 22:34:11,293 - Active Player: 1
2025-01-04 22:34:11,293 - STATE LOG: END
2025-01-04 22:34:21,294 - STATE LOG: BEGIN
2025-01-04 22:34:21,294 - Noah's Hand: [5D, AD, 6D]
2025-01-04 22:34:21,294 - Eve's Hand: [4D, 4H, 8D]
2025-01-04 22:34:21,294 - Boss: Rank: 13 | Suit S | Attack 20 | Health 22
2025-01-04 22:34:21,294 - Tavern: [2S, 9S, AS, JD, 8C, 5H, QD, 3S, 8H, TC, 9C, TH, 6C, 2D, AH, 3H, TD, 3D, 6H, 8S, 7C]
2025-01-04 22:34:21,294 - Castle: [KC, KD, KH]
2025-01-04 22:34:21,294 - Discard: [9D, 4C, 7D, 4S, QS, 9H, 6S, TS, 2H, 7S, 5S, AC, JS, 2C, 3C, 5C, JC, QC]
2025-01-04 22:34:21,294 - Active Player: 2
2025-01-04 22:34:21,294 - STATE LOG: END
2025-01-04 22:34:24,408 - STATE LOG: BEGIN
2025-01-04 22:34:24,408 - Noah's Hand: [5D, AD, 6D, 7C, 6H, TD, AH]
2025-01-04 22:34:24,408 - Eve's Hand: [8D, 3D]
2025-01-04 22:34:24,408 - Boss: Rank: 13 | Suit S | Attack 20 | Health 14
2025-01-04 22:34:24,408 - Tavern: [2C, AC, QS, 3C, 7S, 4C, 5S, JC, 2S, 9S, AS, JD, 8C, 5H, QD, 3S, 8H, TC, 9C, TH, 6C, 2D]
2025-01-04 22:34:24,408 - Castle: [KC, KD, KH]
2025-01-04 22:34:24,408 - Discard: [2H, 9D, 5C, JS, 6S, 7D, TS, 4S, 9H, QC, 3H, QH, 8S]
2025-01-04 22:34:24,408 - Active Player: 1
2025-01-04 22:34:24,408 - STATE LOG: END
2025-01-04 22:34:33,148 - STATE LOG: BEGIN
2025-01-04 22:34:33,148 - Noah's Hand: [AD, 5D, TD, 2D]
2025-01-04 22:34:33,148 - Eve's Hand: [8D, 3D, 6C, 9C, TC, 8H, 3S]
2025-01-04 22:34:33,148 - Boss: Rank: 13 | Suit S | Attack 20 | Health 7
2025-01-04 22:34:33,148 - Tavern: [QC, 9H, 9D, 3H, JS, 2H, QH, 2C, AC, QS, 3C, 7S, 4C, 5S, JC, 2S, 9S, AS, JD, 8C, 5H, QD]
2025-01-04 22:34:33,148 - Castle: [KC, KD, KH]
2025-01-04 22:34:33,148 - Discard: [6S, TS, 8S, 5C, 4S, 7D, 7C, 6H, TH]
2025-01-04 22:34:33,148 - Active Player: 2
2025-01-04 22:34:33,148 - STATE LOG: END
2025-01-04 22:34:43,149 - STATE LOG: BEGIN
2025-01-04 22:34:43,150 - Noah's Hand: [AD, 5D, TD, 2D]
2025-01-04 22:34:43,150 - Eve's Hand: [3D, 3S, 6C, 8D, 9C, TC]
2025-01-04 22:34:43,150 - Boss: Rank: 13 | Suit H | Attack 20 | Health 40
2025-01-04 22:34:43,150 - Tavern: [7D, TS, 6H, 6S, TH, 4S, 8S, 7C, QC, 9H, 9D, 3H, JS, 2H, QH, 2C, AC, QS, 3C, 7S, 4C, 5S, JC, 2S, 9S, AS, JD, 8C, 5H, QD]
2025-01-04 22:34:43,150 - Castle: [KC, KD]
2025-01-04 22:34:43,150 - Discard: [5C, JH, AH, 6D, 7H, 4D, 4H, 8H, KS]
2025-01-04 22:34:43,150 - Active Player: 2
2025-01-04 22:34:43,150 - STATE LOG: END
2025-01-04 22:34:49,603 - STATE LOG: BEGIN
2025-01-04 22:34:49,603 - Noah's Hand: [AD, 5D, TD, 2D, 5H, JD, 9S]
2025-01-04 22:34:49,603 - Eve's Hand: [6C, 8D, TC, QD, AS]
2025-01-04 22:34:49,603 - Boss: Rank: 13 | Suit H | Attack 14 | Health 34
2025-01-04 22:34:49,603 - Tavern: [7D, TS, 6H, 6S, TH, 4S, 8S, 7C, QC, 9H, 9D, 3H, JS, 2H, QH, 2C, AC, QS, 3C, 7S, 4C, 5S, JC, 2S]
2025-01-04 22:34:49,603 - Castle: [KC, KD]
2025-01-04 22:34:49,603 - Discard: [5C, JH, AH, 6D, 7H, 4D, 4H, 8H, KS, 8C, 9C]
2025-01-04 22:34:49,603 - Active Player: 1
2025-01-04 22:34:49,604 - STATE LOG: END
2025-01-04 22:34:59,605 - STATE LOG: BEGIN
2025-01-04 22:34:59,605 - Noah's Hand: [2D, 5D, 5H, TD, JD, 2S]
2025-01-04 22:34:59,605 - Eve's Hand: [6C, 8D, TC, QD, AS, JC, 4C]
2025-01-04 22:34:59,605 - Boss: Rank: 13 | Suit H | Attack 4 | Health 24
2025-01-04 22:34:59,605 - Tavern: [7D, TS, 6H, 6S, TH, 4S, 8S, 7C, QC, 9H, 9D, 3H, JS, 2H, QH, 2C, AC, QS, 3C, 7S]
2025-01-04 22:34:59,605 - Castle: [KC, KD]
2025-01-04 22:34:59,605 - Discard: [5C, JH, AH, 6D, 7H, 4D, 4H, 8H, KS, 8C, 9C, 5S]
2025-01-04 22:34:59,605 - Active Player: 2
2025-01-04 22:34:59,605 - STATE LOG: END
2025-01-04 22:35:09,607 - STATE LOG: BEGIN
2025-01-04 22:35:09,607 - Noah's Hand: [2D, 5D, 5H, TD, JD, 2S]
2025-01-04 22:35:09,607 - Eve's Hand: [AS, 6C, 8D, TC, JC, QD]
2025-01-04 22:35:09,607 - Boss: Rank: 13 | Suit H | Attack 4 | Health 24
2025-01-04 22:35:09,607 - Tavern: [7D, TS, 6H, 6S, TH, 4S, 8S, 7C, QC, 9H, 9D, 3H, JS, 2H, QH, 2C, AC, QS, 3C, 7S]
2025-01-04 22:35:09,607 - Castle: [KC, KD]
2025-01-04 22:35:09,607 - Discard: [5C, JH, AH, 6D, 7H, 4D, 4H, 8H, KS, 8C, 9C, 5S, 4C]
2025-01-04 22:35:09,607 - Active Player: 1
2025-01-04 22:35:09,607 - STATE LOG: END
2025-01-04 22:35:19,609 - STATE LOG: BEGIN
2025-01-04 22:35:19,609 - Noah's Hand: [5D, 5H, TD, JD, 7S, QS, AC]
2025-01-04 22:35:19,609 - Eve's Hand: [AS, 6C, 8D, TC, JC, QD, 3C]
2025-01-04 22:35:19,609 - Boss: Rank: 13 | Suit H | Attack 0 | Health 20
2025-01-04 22:35:19,609 - Tavern: [7D, TS, 6H, 6S, TH, 4S, 8S, 7C, QC, 9H, 9D, 3H, JS, 2H, QH, 2C]
2025-01-04 22:35:19,609 - Castle: [KC, KD]
2025-01-04 22:35:19,609 - Discard: [5C, JH, AH, 6D, 7H, 4D, 4H, 8H, KS, 8C, 9C, 5S, 4C]
2025-01-04 22:35:19,609 - Active Player: 2
2025-01-04 22:35:19,609 - STATE LOG: END
2025-01-04 22:35:29,611 - STATE LOG: BEGIN
2025-01-04 22:35:29,612 - Noah's Hand: [5D, 5H, TD, JD, 7S, QS, AC]
2025-01-04 22:35:29,612 - Eve's Hand: [AS, 3C, 6C, 8D, JC, QD]
2025-01-04 22:35:29,612 - Boss: Rank: 13 | Suit D | Attack 20 | Health 40
2025-01-04 22:35:29,612 - Tavern: [7D, TS, 6H, 6S, TH, 4S, 8S, 7C, QC, 9H, 9D, 3H, JS, 2H, QH, 2C]
2025-01-04 22:35:29,612 - Castle: [KC]
2025-01-04 22:35:29,612 - Discard: [5C, JH, AH, 6D, 7H, 4D, 4H, 8H, KS, 8C, 9C, 5S, 4C, AD, 9S, 2D, 2S, 3D, 3S, TC]
2025-01-04 22:35:29,612 - Active Player: 2
2025-01-04 22:35:29,612 - STATE LOG: END
2025-01-04 22:35:32,055 - STATE LOG: BEGIN
2025-01-04 22:35:32,055 - Noah's Hand: [5D, 5H, TD, JD, 7S, QS, AC]
2025-01-04 22:35:32,055 - Eve's Hand: [8D, QD]
2025-01-04 22:35:32,055 - Boss: Rank: 13 | Suit D | Attack 8 | Health 16
2025-01-04 22:35:32,055 - Tavern: [7D, TS, 6H, 6S, TH, 4S, 8S, 7C, QC, 9H, 9D, 3H, JS, 2H, QH, 2C]
2025-01-04 22:35:32,055 - Castle: [KC]
2025-01-04 22:35:32,055 - Discard: [5C, JH, AH, 6D, 7H, 4D, 4H, 8H, KS, 8C, 9C, 5S, 4C, AD, 9S, 2D, 2S, 3D, 3S, TC, 6C, 3C]
2025-01-04 22:35:32,055 - Active Player: 1
2025-01-04 22:35:32,055 - STATE LOG: END
2025-01-04 22:35:36,201 - STATE LOG: BEGIN
2025-01-04 22:35:36,201 - Noah's Hand: [5D, 5H, TD, JD, QS]
2025-01-04 22:35:36,201 - Eve's Hand: [8D, QD]
2025-01-04 22:35:36,201 - Boss: Rank: 13 | Suit C | Attack 20 | Health 40
2025-01-04 22:35:36,201 - Tavern: [7D, TS, 6H, 6S, TH, 4S, 8S, 7C, QC, 9H, 9D, 3H, JS, 2H, QH, 2C]
2025-01-04 22:35:36,201 - Castle: []
2025-01-04 22:35:36,201 - Discard: [5C, JH, AH, 6D, 7H, 4D, 4H, 8H, KS, 8C, 9C, 5S, 4C, AD, 9S, 2D, 2S, 3D, 3S, TC, 6C, 3C, AC, 7S, AS, JC]
2025-01-04 22:35:36,201 - Active Player: 1
2025-01-04 22:35:36,201 - STATE LOG: END
2025-01-04 22:35:45,144 - STATE LOG: BEGIN
2025-01-04 22:35:45,145 - Noah's Hand: [TD, JD]
2025-01-04 22:35:45,145 - Eve's Hand: [8D, QD]
2025-01-04 22:35:45,145 - Boss: Rank: 13 | Suit C | Attack 8 | Health 28
2025-01-04 22:35:45,145 - Tavern: [7D, TS, 6H, 6S, TH, 4S, 8S, 7C, QC, 9H, 9D, 3H, JS, 2H, QH, 2C]
2025-01-04 22:35:45,145 - Castle: []
2025-01-04 22:35:45,145 - Discard: [5C, JH, AH, 6D, 7H, 4D, 4H, 8H, KS, 8C, 9C, 5S, 4C, AD, 9S, 2D, 2S, 3D, 3S, TC, 6C, 3C, AC, 7S, AS, JC, 5H, 5D]
2025-01-04 22:35:45,145 - Active Player: 2
2025-01-04 22:35:45,146 - STATE LOG: END
2025-01-04 22:35:47,393 - STATE LOG: BEGIN
2025-01-04 22:35:47,393 - Noah's Hand: [TD, JD, KH, QH, JS, 9D, QC]
2025-01-04 22:35:47,393 - Eve's Hand: [8D, KD, 9H]
2025-01-04 22:35:47,393 - Boss: Rank: 13 | Suit C | Attack 8 | Health 16
2025-01-04 22:35:47,393 - Tavern: [7D, TS, 6H, 6S, TH, 4S, 8S]
2025-01-04 22:35:47,393 - Castle: []
2025-01-04 22:35:47,393 - Discard: [5C, JH, AH, 6D, 7H, 4D, 4H, 8H, KS, 8C, 9C, 5S, 4C, AD, 9S, 2D, 2S, 3D, 3S, TC, 6C, 3C, AC, 7S, AS, JC, 5H, 5D, 2H, 3H, 2C, 7C]
2025-01-04 22:35:47,393 - Active Player: 1
2025-01-04 22:35:47,393 - STATE LOG: END
2025-01-04 22:35:47,958 - STATE LOG: BEGIN
2025-01-04 22:35:47,958 - Noah's Hand: [9D, TD, JD, QC, JS, KH]
2025-01-04 22:35:47,958 - Eve's Hand: [8D, KD, 9H]
2025-01-04 22:35:47,958 - Boss: Rank: 13 | Suit C | Attack 8 | Health 16
2025-01-04 22:35:47,958 - Tavern: [7D, TS, 6H, 6S, TH, 4S, 8S]
2025-01-04 22:35:47,958 - Castle: []
2025-01-04 22:35:47,958 - Discard: [5C, JH, AH, 6D, 7H, 4D, 4H, 8H, KS, 8C, 9C, 5S, 4C, AD, 9S, 2D, 2S, 3D, 3S, TC, 6C, 3C, AC, 7S, AS, JC, 5H, 5D, 2H, 3H, 2C, 7C, QH]
2025-01-04 22:35:47,958 - Active Player: 2
2025-01-04 22:35:47,958 - STATE LOG: END
2025-01-04 22:35:48,089 - STATE LOG: BEGIN
2025-01-04 22:35:48,089 - Noah's Hand: [9D, TD, JD, QC, JS, KH, 4S]
2025-01-04 22:35:48,089 - Eve's Hand: [KD, 8S, TH, 6S, 6H, TS]
2025-01-04 22:35:48,089 - Boss: Rank: 13 | Suit C | Attack 8 | Health 8
2025-01-04 22:35:48,089 - Tavern: [7D]
2025-01-04 22:35:48,089 - Castle: []
2025-01-04 22:35:48,089 - Discard: [5C, JH, AH, 6D, 7H, 4D, 4H, 8H, KS, 8C, 9C, 5S, 4C, AD, 9S, 2D, 2S, 3D, 3S, TC, 6C, 3C, AC, 7S, AS, JC, 5H, 5D, 2H, 3H, 2C, 7C, QH, 9H]
2025-01-04 22:35:48,089 - Active Player: 1
2025-01-04 22:35:48,089 - STATE LOG: END
2025-01-04 22:35:48,177 - STATE LOG: BEGIN
2025-01-04 22:35:48,177 - Noah's Hand: [4S, 9D, TD, JD, QC, KH]
2025-01-04 22:35:48,177 - Eve's Hand: [KD, 8S, TH, 6S, 6H, TS]
2025-01-04 22:35:48,177 - Boss: Rank: 13 | Suit C | Attack 8 | Health 8
2025-01-04 22:35:48,177 - Tavern: [7D]
2025-01-04 22:35:48,177 - Castle: []
2025-01-04 22:35:48,177 - Discard: [5C, JH, AH, 6D, 7H, 4D, 4H, 8H, KS, 8C, 9C, 5S, 4C, AD, 9S, 2D, 2S, 3D, 3S, TC, 6C, 3C, AC, 7S, AS, JC, 5H, 5D, 2H, 3H, 2C, 7C, QH, 9H, JS]
2025-01-04 22:35:48,177 - Active Player: 2
2025-01-04 22:35:48,177 - STATE LOG: END
2025-01-04 22:35:48,230 - STATE LOG: BEGIN
2025-01-04 22:35:48,230 - Noah's Hand: [4S, 9D, TD, JD, QC, KH]
2025-01-04 22:35:48,230 - Eve's Hand: [8S, TH, TS, KD]
2025-01-04 22:35:48,230 - Boss: Rank: 13 | Suit C | Attack 2 | Health 2
2025-01-04 22:35:48,230 - Tavern: [7D]
2025-01-04 22:35:48,230 - Castle: []
2025-01-04 22:35:48,230 - Discard: [5C, JH, AH, 6D, 7H, 4D, 4H, 8H, KS, 8C, 9C, 5S, 4C, AD, 9S, 2D, 2S, 3D, 3S, TC, 6C, 3C, AC, 7S, AS, JC, 5H, 5D, 2H, 3H, 2C, 7C, QH, 9H, JS, 6H]
2025-01-04 22:35:48,230 - Active Player: 1
2025-01-04 22:35:48,230 - STATE LOG: END
2025-01-04 22:35:48,253 - STATE LOG: BEGIN
2025-01-04 22:35:48,253 - Noah's Hand: [4S, 9D, TD, JD, QC]
2025-01-04 22:35:48,253 - Eve's Hand: [8S, TH, TS, KD]
2025-01-04 22:35:48,253 - Boss: Rank: 13 | Suit C | Attack 2 | Health 2
2025-01-04 22:35:48,253 - Tavern: [7D]
2025-01-04 22:35:48,253 - Castle: []
2025-01-04 22:35:48,253 - Discard: [5C, JH, AH, 6D, 7H, 4D, 4H, 8H, KS, 8C, 9C, 5S, 4C, AD, 9S, 2D, 2S, 3D, 3S, TC, 6C, 3C, AC, 7S, AS, JC, 5H, 5D, 2H, 3H, 2C, 7C, QH, 9H, JS, 6H, KH]
2025-01-04 22:35:48,253 - Active Player: 2
2025-01-04 22:35:48,253 - STATE LOG: END
2025-01-04 22:35:48,263 - STATE LOG: BEGIN
2025-01-04 22:35:48,263 - Noah's Hand: [4S, 9D, TD, JD, QC]
2025-01-04 22:35:48,263 - Eve's Hand: [8S, TH, KD]
2025-01-04 22:35:48,263 - Final Boss Defeated!
2025-01-04 22:35:48,263 - Tavern: [7D]
2025-01-04 22:35:48,263 - Castle: []
2025-01-04 22:35:48,263 - Discard: [5C, JH, AH, 6D, 7H, 4D, 4H, 8H, KS, 8C, 9C, 5S, 4C, AD, 9S, 2D, 2S, 3D, 3S, TC, 6C, 3C, AC, 7S, AS, JC, 5H, 5D, 2H, 3H, 2C, 7C, QH, 9H, JS, 6H, KH, QS, QD, 8D, 6S, TS, KC]
2025-01-04 22:35:48,263 - Active Player: 2
2025-01-04 22:35:48,263 - STATE LOG: END
