2025-01-04 19:54:16,981 - I log states! :D
2025-01-04 19:54:16,981 - STATE LOG: BEGIN
2025-01-04 19:54:16,982 - Noah's Hand: [AD, 4C, TD, 3D, TC, 9S, 7C]
2025-01-04 19:54:16,982 - Eve's Hand: [6S, 9D, 8C, 9H, AC, 6C, 2D]
2025-01-04 19:54:16,982 - Boss: Rank: 11 | Suit H | Attack 10 | Health 20
2025-01-04 19:54:16,982 - Tavern: [7D, 4H, 3S, 3H, 6H, 8D, 5H, 5C, 3C, 2S, AS, 7H, 8H, 2C, 4S, TS, 9C, AH, TH, 5S, 8S, 7S, 4D, 2H, 5D, 6D]
2025-01-04 19:54:16,982 - Castle: [KD, KH, KC, KS, QD, QH, QS, QC, JC, JD, JS]
2025-01-04 19:54:16,982 - Discard: []
2025-01-04 19:54:16,982 - Active Player: 1
2025-01-04 19:54:16,982 - STATE LOG: END
2025-01-04 19:54:21,185 - STATE LOG: BEGIN
2025-01-04 19:54:21,186 - Noah's Hand: [4C, 7C, 9S, TC, TD]
2025-01-04 19:54:21,186 - Eve's Hand: [6S, 9D, 8C, 9H, AC, 6C, 2D]
2025-01-04 19:54:21,186 - Boss: Rank: 11 | Suit H | Attack 10 | Health 16
2025-01-04 19:54:21,186 - Tavern: [7D, 4H, 3S, 3H, 6H, 8D, 5H, 5C, 3C, 2S, AS, 7H, 8H, 2C, 4S, TS, 9C, AH, TH, 5S, 8S, 7S, 4D, 2H]
2025-01-04 19:54:21,186 - Castle: [KD, KH, KC, KS, QD, QH, QS, QC, JC, JD, JS]
2025-01-04 19:54:21,186 - Discard: [5D, 6D]
2025-01-04 19:54:21,186 - Active Player: 2
2025-01-04 19:54:21,186 - STATE LOG: END
2025-01-04 19:54:24,383 - STATE LOG: BEGIN
2025-01-04 19:54:24,384 - Noah's Hand: [4C, 7C, 9S, TC, TD]
2025-01-04 19:54:24,384 - Eve's Hand: [2D, 6C, 8C, 9D]
2025-01-04 19:54:24,384 - Boss: Rank: 11 | Suit H | Attack 3 | Health 2
2025-01-04 19:54:24,384 - Tavern: [7D, 4H, 3S, 3H, 6H, 8D, 5H, 5C, 3C, 2S, AS, 7H, 8H, 2C, 4S, TS, 9C, AH, TH, 5S, 8S, 7S, 4D, 2H]
2025-01-04 19:54:24,384 - Castle: [KD, KH, KC, KS, QD, QH, QS, QC, JC, JD, JS]
2025-01-04 19:54:24,384 - Discard: [5D, 6D, 9H]
2025-01-04 19:54:24,384 - Active Player: 1
2025-01-04 19:54:24,384 - STATE LOG: END
2025-01-04 19:54:26,686 - STATE LOG: BEGIN
2025-01-04 19:54:26,686 - Noah's Hand: [4C, 9S, TC, TD]
2025-01-04 19:54:26,686 - Eve's Hand: [2D, 6C, 8C, 9D]
2025-01-04 19:54:26,686 - Boss: Rank: 11 | Suit S | Attack 10 | Health 20
2025-01-04 19:54:26,686 - Tavern: [7D, 4H, 3S, 3H, 6H, 8D, 5H, 5C, 3C, 2S, AS, 7H, 8H, 2C, 4S, TS, 9C, AH, TH, 5S, 8S, 7S, 4D, 2H]
2025-01-04 19:54:26,687 - Castle: [KD, KH, KC, KS, QD, QH, QS, QC, JC, JD]
2025-01-04 19:54:26,687 - Discard: [5D, 6D, 9H, AD, 3D, 7C, AC, 6S, JH]
2025-01-04 19:54:26,687 - Active Player: 1
2025-01-04 19:54:26,687 - STATE LOG: END
2025-01-04 19:54:30,551 - STATE LOG: BEGIN
2025-01-04 19:54:30,551 - Noah's Hand: [9S, TC]
2025-01-04 19:54:30,551 - Eve's Hand: [2D, 6C, 8C, 9D]
2025-01-04 19:54:30,551 - Boss: Rank: 11 | Suit S | Attack 10 | Health 12
2025-01-04 19:54:30,551 - Tavern: [7D, 4H, 3S, 3H, 6H, 8D, 5H, 5C, 3C, 2S, AS, 7H, 8H, 2C, 4S, TS, 9C, AH, TH, 5S, 8S, 7S, 4D, 2H]
2025-01-04 19:54:30,551 - Castle: [KD, KH, KC, KS, QD, QH, QS, QC, JC, JD]
2025-01-04 19:54:30,551 - Discard: [5D, 6D, 9H, AD, 3D, 7C, AC, 6S, JH, TD]
2025-01-04 19:54:30,552 - Active Player: 2
2025-01-04 19:54:30,552 - STATE LOG: END
2025-01-04 19:54:31,081 - STATE LOG: BEGIN
2025-01-04 19:54:31,081 - Noah's Hand: [9S, TC, 4D]
2025-01-04 19:54:31,081 - Eve's Hand: [6C, 8C]
2025-01-04 19:54:31,081 - Boss: Rank: 11 | Suit S | Attack 10 | Health 10
2025-01-04 19:54:31,081 - Tavern: [7D, 4H, 3S, 3H, 6H, 8D, 5H, 5C, 3C, 2S, AS, 7H, 8H, 2C, 4S, TS, 9C, AH, TH, 5S, 8S, 7S]
2025-01-04 19:54:31,081 - Castle: [KD, KH, KC, KS, QD, QH, QS, QC, JC, JD]
2025-01-04 19:54:31,081 - Discard: [5D, 6D, 9H, AD, 3D, 7C, AC, 6S, JH, TD, 2H, 9D]
2025-01-04 19:54:31,081 - Active Player: 1
2025-01-04 19:54:31,081 - STATE LOG: END
2025-01-04 19:54:31,365 - STATE LOG: BEGIN
2025-01-04 19:54:31,365 - Noah's Hand: [9S, TC]
2025-01-04 19:54:31,365 - Eve's Hand: [6C, 8C, 8S, TH]
2025-01-04 19:54:31,365 - Boss: Rank: 11 | Suit S | Attack 10 | Health 6
2025-01-04 19:54:31,365 - Tavern: [7D, 4H, 3S, 3H, 6H, 8D, 5H, 5C, 3C, 2S, AS, 7H, 8H, 2C, 4S, TS, 9C, AH]
2025-01-04 19:54:31,365 - Castle: [KD, KH, KC, KS, QD, QH, QS, QC, JC, JD]
2025-01-04 19:54:31,365 - Discard: [5D, 6D, 9H, AD, 3D, 7C, AC, 6S, JH, TD, 2H, 9D, 5S, 7S]
2025-01-04 19:54:31,365 - Active Player: 2
2025-01-04 19:54:31,365 - STATE LOG: END
2025-01-04 19:54:31,902 - STATE LOG: BEGIN
2025-01-04 19:54:31,902 - Noah's Hand: [9S, TC]
2025-01-04 19:54:31,902 - Eve's Hand: [6C, 8C, 8S]
2025-01-04 19:54:31,902 - Boss: Rank: 11 | Suit D | Attack 10 | Health 20
2025-01-04 19:54:31,902 - Tavern: [7S, TD, 3D, 9H, 6S, AD, 2H, 5S, JH, AC, 7D, 4H, 3S, 3H, 6H, 8D, 5H, 5C, 3C, 2S, AS, 7H, 8H, 2C, 4S, TS, 9C, AH]
2025-01-04 19:54:31,902 - Castle: [KD, KH, KC, KS, QD, QH, QS, QC, JC]
2025-01-04 19:54:31,902 - Discard: [5D, 7C, 9D, 6D, 4C, 4D, 2D, TH, JS]
2025-01-04 19:54:31,902 - Active Player: 2
2025-01-04 19:54:31,902 - STATE LOG: END
2025-01-04 19:54:31,998 - STATE LOG: BEGIN
2025-01-04 19:54:31,998 - Noah's Hand: [9S, TC]
2025-01-04 19:54:31,998 - Eve's Hand: []
2025-01-04 19:54:31,998 - Boss: Rank: 11 | Suit D | Attack 10 | Health 8
2025-01-04 19:54:31,998 - Tavern: [7S, TD, 3D, 9H, 6S, AD, 2H, 5S, JH, AC, 7D, 4H, 3S, 3H, 6H, 8D, 5H, 5C, 3C, 2S, AS, 7H, 8H, 2C, 4S, TS, 9C, AH]
2025-01-04 19:54:31,998 - Castle: [KD, KH, KC, KS, QD, QH, QS, QC, JC]
2025-01-04 19:54:31,998 - Discard: [5D, 7C, 9D, 6D, 4C, 4D, 2D, TH, JS]
2025-01-04 19:54:31,998 - Active Player: 1
2025-01-04 19:54:31,998 - STATE LOG: END
