2025-01-04 19:16:27,820 - I log states! :D
2025-01-04 19:16:27,820 - STATE LOG: BEGIN
2025-01-04 19:16:27,820 - Noah's Hand: [5S, 7C, 4C, 3S, 2D, 7D, 6S]
2025-01-04 19:16:27,820 - EVe's Hand: [7S, 7H, 6H, 6C, 2S, AS, TH]
2025-01-04 19:16:27,820 - Boss: Rank: 11 | Suit S | Attack 10 | Health 20
2025-01-04 19:16:27,820 - Tavern: [AD, 4S, TD, 9D, TS, 2H, 4D, 8H, 8S, 5C, 3D, 8D, 9S, 9C, AC, 5D, 2C, 6D, AH, 3H, TC, 5H, 4H, 8C, 3C, 9H]
2025-01-04 19:16:27,820 - Castle: [KD, KH, KS, KC, QH, QC, QS, QD, JH, JD, JC]
2025-01-04 19:16:27,821 - Discard: []
2025-01-04 19:16:27,821 - Active Player: 1
2025-01-04 19:16:27,821 - STATE LOG: END
2025-01-04 19:16:31,470 - STATE LOG: BEGIN
2025-01-04 19:16:31,470 - Noah's Hand: [3S, 4C, 5S, 6S, 7C]
2025-01-04 19:16:31,470 - EVe's Hand: [7S, 7H, 6H, 6C, 2S, AS, TH]
2025-01-04 19:16:31,470 - Boss: Rank: 11 | Suit S | Attack 10 | Health 13
2025-01-04 19:16:31,470 - Tavern: [AD, 4S, TD, 9D, TS, 2H, 4D, 8H, 8S, 5C, 3D, 8D, 9S, 9C, AC, 5D, 2C, 6D, AH, 3H, TC, 5H, 4H, 8C, 3C]
2025-01-04 19:16:31,470 - Castle: [KD, KH, KS, KC, QH, QC, QS, QD, JH, JD, JC]
2025-01-04 19:16:31,470 - Discard: [9H, 2D]
2025-01-04 19:16:31,470 - Active Player: 2
2025-01-04 19:16:31,470 - STATE LOG: END
2025-01-04 19:16:31,497 - STATE LOG: BEGIN
2025-01-04 19:16:31,497 - Noah's Hand: [3S, 4C, 5S, 6S, 7C]
2025-01-04 19:16:31,497 - EVe's Hand: [AS, 2S, 6C, 6H, 7H]
2025-01-04 19:16:31,497 - Boss: Rank: 11 | Suit S | Attack 10 | Health 6
2025-01-04 19:16:31,497 - Tavern: [AD, 4S, TD, 9D, TS, 2H, 4D, 8H, 8S, 5C, 3D, 8D, 9S, 9C, AC, 5D, 2C, 6D, AH, 3H, TC, 5H, 4H, 8C, 3C]
2025-01-04 19:16:31,497 - Castle: [KD, KH, KS, KC, QH, QC, QS, QD, JH, JD, JC]
2025-01-04 19:16:31,497 - Discard: [9H, 2D, TH]
2025-01-04 19:16:31,497 - Active Player: 1
2025-01-04 19:16:31,497 - STATE LOG: END
