2025-01-04 16:05:11,670 - I log states! :D
2025-01-04 16:05:11,670 - STATE LOG: BEGIN
2025-01-04 16:05:11,670 - Noah's Hand: [2H, 8C, 2C, 2S, 9S, TH, AC]
2025-01-04 16:05:11,670 - Eve's Hand: [2D, 3D, 8H, AH, 9D, 5S, 7C]
2025-01-04 16:05:11,670 - Boss: Rank: 11 | Suit C | Attack 10 | Health 20
2025-01-04 16:05:11,670 - Tavern: [9H, 5D, AS, TC, 5H, 3C, 9C, 3S, 7D, AD, 4H, 6S, 8D, TS, 4C, 5C, 6H, 4D, 3H, TD, 6C, 7H, 7S, 4S, 6D, 8S]
2025-01-04 16:05:11,670 - Castle: [KD, KH, KS, KC, QD, QS, QH, QC, JH, JD, JS]
2025-01-04 16:05:11,670 - Discard: []
2025-01-04 16:05:11,670 - Active Player: 1
2025-01-04 16:05:11,670 - STATE LOG: END
2025-01-04 16:05:21,674 - STATE LOG: BEGIN
2025-01-04 16:05:21,674 - Noah's Hand: [2C, 2H, 2S, 8C, TH]
2025-01-04 16:05:21,674 - Eve's Hand: [2D, 3D, 8H, AH, 9D, 5S, 7C]
2025-01-04 16:05:21,674 - Boss: Rank: 11 | Suit C | Attack 0 | Health 10
2025-01-04 16:05:21,674 - Tavern: [9H, 5D, AS, TC, 5H, 3C, 9C, 3S, 7D, AD, 4H, 6S, 8D, TS, 4C, 5C, 6H, 4D, 3H, TD, 6C, 7H, 7S, 4S, 6D, 8S]
2025-01-04 16:05:21,674 - Castle: [KD, KH, KS, KC, QD, QS, QH, QC, JH, JD, JS]
2025-01-04 16:05:21,674 - Discard: []
2025-01-04 16:05:21,674 - Active Player: 2
2025-01-04 16:05:21,674 - STATE LOG: END
2025-01-04 16:05:31,675 - STATE LOG: BEGIN
2025-01-04 16:05:31,676 - Noah's Hand: [2C, 2H, 2S, 8C, TH, 6D]
2025-01-04 16:05:31,676 - Eve's Hand: [AH, 3D, 5S, 7C, 8H, 9D, 8S]
2025-01-04 16:05:31,676 - Boss: Rank: 11 | Suit C | Attack 0 | Health 8
2025-01-04 16:05:31,676 - Tavern: [9H, 5D, AS, TC, 5H, 3C, 9C, 3S, 7D, AD, 4H, 6S, 8D, TS, 4C, 5C, 6H, 4D, 3H, TD, 6C, 7H, 7S, 4S]
2025-01-04 16:05:31,676 - Castle: [KD, KH, KS, KC, QD, QS, QH, QC, JH, JD, JS]
2025-01-04 16:05:31,676 - Discard: []
2025-01-04 16:05:31,676 - Active Player: 1
2025-01-04 16:05:31,676 - STATE LOG: END
2025-01-04 16:05:41,677 - STATE LOG: BEGIN
2025-01-04 16:05:41,677 - Noah's Hand: [2C, 2H, 2S, 6D, 8C, TH]
2025-01-04 16:05:41,677 - Eve's Hand: [AH, 3D, 5S, 7C, 8H, 9D, 8S]
2025-01-04 16:05:41,677 - Boss: Rank: 11 | Suit C | Attack 0 | Health 8
2025-01-04 16:05:41,677 - Tavern: [9H, 5D, AS, TC, 5H, 3C, 9C, 3S, 7D, AD, 4H, 6S, 8D, TS, 4C, 5C, 6H, 4D, 3H, TD, 6C, 7H, 7S, 4S]
2025-01-04 16:05:41,677 - Castle: [KD, KH, KS, KC, QD, QS, QH, QC, JH, JD, JS]
2025-01-04 16:05:41,677 - Discard: []
2025-01-04 16:05:41,677 - Active Player: 2
2025-01-04 16:05:41,677 - STATE LOG: END
2025-01-04 16:05:51,678 - STATE LOG: BEGIN
2025-01-04 16:05:51,678 - Noah's Hand: [2C, 2H, 2S, 6D, 8C, TH, 7S]
2025-01-04 16:05:51,678 - Eve's Hand: [AH, 5S, 7C, 8H, 8S, 9D, 4S]
2025-01-04 16:05:51,678 - Boss: Rank: 11 | Suit C | Attack 0 | Health 5
2025-01-04 16:05:51,678 - Tavern: [9H, 5D, AS, TC, 5H, 3C, 9C, 3S, 7D, AD, 4H, 6S, 8D, TS, 4C, 5C, 6H, 4D, 3H, TD, 6C, 7H]
2025-01-04 16:05:51,678 - Castle: [KD, KH, KS, KC, QD, QS, QH, QC, JH, JD, JS]
2025-01-04 16:05:51,678 - Discard: []
2025-01-04 16:05:51,678 - Active Player: 1
2025-01-04 16:05:51,678 - STATE LOG: END
2025-01-04 16:05:59,709 - STATE LOG: BEGIN
2025-01-04 16:05:59,710 - Noah's Hand: [2H, 2S, 6D, 7S, 8C, TH]
2025-01-04 16:05:59,710 - Eve's Hand: [AH, 5S, 7C, 8H, 8S, 9D, 4S]
2025-01-04 16:05:59,710 - Boss: Rank: 11 | Suit C | Attack 0 | Health 3
2025-01-04 16:05:59,710 - Tavern: [9H, 5D, AS, TC, 5H, 3C, 9C, 3S, 7D, AD, 4H, 6S, 8D, TS, 4C, 5C, 6H, 4D, 3H, TD, 6C, 7H]
2025-01-04 16:05:59,710 - Castle: [KD, KH, KS, KC, QD, QS, QH, QC, JH, JD, JS]
2025-01-04 16:05:59,710 - Discard: []
2025-01-04 16:05:59,710 - Active Player: 2
2025-01-04 16:05:59,710 - STATE LOG: END
2025-01-04 16:06:06,267 - STATE LOG: BEGIN
2025-01-04 16:06:06,267 - Noah's Hand: [2H, 2S, 6D, 7S, 8C, TH]
2025-01-04 16:06:06,267 - Eve's Hand: [4S, 5S, 7C, 8H, 8S, 9D]
2025-01-04 16:06:06,267 - Boss: Rank: 11 | Suit C | Attack 0 | Health 2
2025-01-04 16:06:06,267 - Tavern: [9H, 5D, AS, TC, 5H, 3C, 9C, 3S, 7D, AD, 4H, 6S, 8D, TS, 4C, 5C, 6H, 4D, 3H, TD, 6C, 7H]
2025-01-04 16:06:06,267 - Castle: [KD, KH, KS, KC, QD, QS, QH, QC, JH, JD, JS]
2025-01-04 16:06:06,267 - Discard: []
2025-01-04 16:06:06,267 - Active Player: 1
2025-01-04 16:06:06,267 - STATE LOG: END
2025-01-04 16:06:13,270 - STATE LOG: BEGIN
2025-01-04 16:06:13,270 - Noah's Hand: [2H, 2S, 7S, 8C, TH, 7H, TD]
2025-01-04 16:06:13,270 - Eve's Hand: [4S, 5S, 7C, 8H, 8S, 9D, 6C]
2025-01-04 16:06:13,270 - Boss: Rank: 11 | Suit S | Attack 10 | Health 20
2025-01-04 16:06:13,270 - Tavern: [9H, 5D, AS, TC, 5H, 3C, 9C, 3S, 7D, AD, 4H, 6S, 8D, TS, 4C, 5C, 6H, 4D, 3H]
2025-01-04 16:06:13,270 - Castle: [KD, KH, KS, KC, QD, QS, QH, QC, JH, JD]
2025-01-04 16:06:13,270 - Discard: [AC, 9S, 2C, 6D, 2D, 3D, AH, JC]
2025-01-04 16:06:13,270 - Active Player: 1
2025-01-04 16:06:13,270 - STATE LOG: END
2025-01-04 16:06:13,362 - STATE LOG: BEGIN
2025-01-04 16:06:13,362 - Noah's Hand: [2H, 2S, 7H, 7S, 8C, TD]
2025-01-04 16:06:13,362 - Eve's Hand: [4S, 5S, 7C, 8H, 8S, 9D, 6C]
2025-01-04 16:06:13,362 - Boss: Rank: 11 | Suit S | Attack 10 | Health 20
2025-01-04 16:06:13,362 - Tavern: [9H, 5D, AS, TC, 5H, 3C, 9C, 3S, 7D, AD, 4H, 6S, 8D, TS, 4C, 5C, 6H, 4D, 3H]
2025-01-04 16:06:13,362 - Castle: [KD, KH, KS, KC, QD, QS, QH, QC, JH, JD]
2025-01-04 16:06:13,362 - Discard: [AC, 9S, 2C, 6D, 2D, 3D, AH, JC, TH]
2025-01-04 16:06:13,362 - Active Player: 2
2025-01-04 16:06:13,363 - STATE LOG: END
2025-01-04 16:06:17,551 - STATE LOG: BEGIN
2025-01-04 16:06:17,551 - Noah's Hand: [2H, 2S, 7H, 7S, 8C, TD]
2025-01-04 16:06:17,551 - Eve's Hand: [4S, 5S, 6C, 7C]
2025-01-04 16:06:17,551 - Boss: Rank: 11 | Suit S | Attack 10 | Health 12
2025-01-04 16:06:17,551 - Tavern: [9H, 5D, AS, TC, 5H, 3C, 9C, 3S, 7D, AD, 4H, 6S, 8D, TS, 4C, 5C, 6H, 4D, 3H]
2025-01-04 16:06:17,551 - Castle: [KD, KH, KS, KC, QD, QS, QH, QC, JH, JD]
2025-01-04 16:06:17,551 - Discard: [AC, 9S, 2C, 6D, 2D, 3D, AH, JC, TH, 9D, 8H]
2025-01-04 16:06:17,552 - Active Player: 1
2025-01-04 16:06:17,552 - STATE LOG: END
2025-01-04 16:06:19,215 - STATE LOG: BEGIN
2025-01-04 16:06:19,215 - Noah's Hand: [2H, 2S, 7H, 7S]
2025-01-04 16:06:19,215 - Eve's Hand: [4S, 5S, 6C, 7C, 4D, 5C, 4C]
2025-01-04 16:06:19,215 - Boss: Rank: 11 | Suit S | Attack 10 | Health 2
2025-01-04 16:06:19,215 - Tavern: [9H, 5D, AS, TC, 5H, 3C, 9C, 3S, 7D, AD, 4H, 6S, 8D, TS]
2025-01-04 16:06:19,215 - Castle: [KD, KH, KS, KC, QD, QS, QH, QC, JH, JD]
2025-01-04 16:06:19,215 - Discard: [AC, 9S, 2C, 6D, 2D, 3D, AH, JC, TH, 9D, 8H, 6H, 3H, 8C]
2025-01-04 16:06:19,215 - Active Player: 2
2025-01-04 16:06:19,215 - STATE LOG: END
2025-01-04 16:06:23,261 - STATE LOG: BEGIN
2025-01-04 16:06:23,261 - Noah's Hand: [2H, 2S, 7H, 7S, 8D, 4H, AD]
2025-01-04 16:06:23,261 - Eve's Hand: [4C, 5C, 5S, 6C, 7C, TS, 6S]
2025-01-04 16:06:23,261 - Boss: Rank: 11 | Suit D | Attack 10 | Health 20
2025-01-04 16:06:23,261 - Tavern: [9H, 5D, AS, TC, 5H, 3C, 9C, 3S, 7D]
2025-01-04 16:06:23,261 - Castle: [KD, KH, KS, KC, QD, QS, QH, QC, JH]
2025-01-04 16:06:23,261 - Discard: [AC, 9S, 2C, 6D, 2D, 3D, AH, JC, TH, 9D, 8H, 6H, 3H, 8C, TD, 8S, 4D, 4S, JS]
2025-01-04 16:06:23,261 - Active Player: 2
2025-01-04 16:06:23,261 - STATE LOG: END
2025-01-04 16:06:33,263 - STATE LOG: BEGIN
2025-01-04 16:06:33,263 - Noah's Hand: [2H, 2S, 7H, 7S, 8D, 4H, AD]
2025-01-04 16:06:33,264 - Eve's Hand: [4C, 5C, 5S, 6C, 6S, 7C]
2025-01-04 16:06:33,264 - Boss: Rank: 11 | Suit D | Attack 0 | Health 10
2025-01-04 16:06:33,264 - Tavern: [9H, 5D, AS, TC, 5H, 3C, 9C, 3S, 7D]
2025-01-04 16:06:33,264 - Castle: [KD, KH, KS, KC, QD, QS, QH, QC, JH]
2025-01-04 16:06:33,264 - Discard: [AC, 9S, 2C, 6D, 2D, 3D, AH, JC, TH, 9D, 8H, 6H, 3H, 8C, TD, 8S, 4D, 4S, JS]
2025-01-04 16:06:33,264 - Active Player: 1
2025-01-04 16:06:33,264 - STATE LOG: END
2025-01-04 16:06:43,266 - STATE LOG: BEGIN
2025-01-04 16:06:43,267 - Noah's Hand: [AD, 2H, 2S, 7H, 7S, 8D]
2025-01-04 16:06:43,267 - Eve's Hand: [4C, 5C, 5S, 6C, 6S, 7C]
2025-01-04 16:06:43,267 - Boss: Rank: 11 | Suit D | Attack 0 | Health 6
2025-01-04 16:06:43,267 - Tavern: [JS, AC, 9S, 8H, 9H, 5D, AS, TC, 5H, 3C, 9C, 3S, 7D]
2025-01-04 16:06:43,267 - Castle: [KD, KH, KS, KC, QD, QS, QH, QC, JH]
2025-01-04 16:06:43,267 - Discard: [4D, 3D, TD, 9D, 8S, 6H, 6D, TH, 2D, 3H, JC, AH, 2C, 8C, 4S]
2025-01-04 16:06:43,267 - Active Player: 2
2025-01-04 16:06:43,267 - STATE LOG: END
2025-01-04 16:06:53,269 - STATE LOG: BEGIN
2025-01-04 16:06:53,270 - Noah's Hand: [AD, 2H, 2S, 7H, 7S, 8D]
2025-01-04 16:06:53,270 - Eve's Hand: [4C, 5C, 5S, 6C, 6S, 7C]
2025-01-04 16:06:53,270 - Boss: Rank: 11 | Suit D | Attack 0 | Health 6
2025-01-04 16:06:53,270 - Tavern: [JS, AC, 9S, 8H, 9H, 5D, AS, TC, 5H, 3C, 9C, 3S, 7D]
2025-01-04 16:06:53,270 - Castle: [KD, KH, KS, KC, QD, QS, QH, QC, JH]
2025-01-04 16:06:53,270 - Discard: [4D, 3D, TD, 9D, 8S, 6H, 6D, TH, 2D, 3H, JC, AH, 2C, 8C, 4S]
2025-01-04 16:06:53,270 - Active Player: 1
2025-01-04 16:06:53,270 - STATE LOG: END
2025-01-04 16:06:58,459 - STATE LOG: BEGIN
2025-01-04 16:06:58,459 - Noah's Hand: [AD, 7H, 7S, 8D]
2025-01-04 16:06:58,459 - Eve's Hand: [4C, 5C, 5S, 6C, 6S, 7C]
2025-01-04 16:06:58,459 - Boss: Rank: 11 | Suit D | Attack 0 | Health 2
2025-01-04 16:06:58,459 - Tavern: [8S, 3D, 2C, JC, JS, AC, 9S, 8H, 9H, 5D, AS, TC, 5H, 3C, 9C, 3S, 7D]
2025-01-04 16:06:58,459 - Castle: [KD, KH, KS, KC, QD, QS, QH, QC, JH]
2025-01-04 16:06:58,459 - Discard: [6H, 4D, 4S, 8C, TH, 3H, 9D, AH, 6D, TD, 2D]
2025-01-04 16:06:58,459 - Active Player: 2
2025-01-04 16:06:58,459 - STATE LOG: END
2025-01-04 16:07:06,539 - STATE LOG: BEGIN
2025-01-04 16:07:06,539 - Noah's Hand: [AD, 7H, 7S, 8D]
2025-01-04 16:07:06,540 - Eve's Hand: [4C, 5S, 6C, 6S, 7C]
2025-01-04 16:07:06,540 - Boss: Rank: 11 | Suit H | Attack 10 | Health 20
2025-01-04 16:07:06,540 - Tavern: [8S, 3D, 2C, JC, JS, AC, 9S, 8H, 9H, 5D, AS, TC, 5H, 3C, 9C, 3S, 7D]
2025-01-04 16:07:06,540 - Castle: [KD, KH, KS, KC, QD, QS, QH, QC]
2025-01-04 16:07:06,540 - Discard: [6H, 4D, 4S, 8C, TH, 3H, 9D, AH, 6D, TD, 2D, 4H, 2H, 2S, TS, 5C, JD]
2025-01-04 16:07:06,540 - Active Player: 2
2025-01-04 16:07:06,540 - STATE LOG: END
2025-01-04 16:07:11,599 - STATE LOG: BEGIN
2025-01-04 16:07:11,600 - Noah's Hand: [AD, 7H, 7S, 8D]
2025-01-04 16:07:11,600 - Eve's Hand: [4C, 5S]
2025-01-04 16:07:11,600 - Boss: Rank: 11 | Suit H | Attack 10 | Health 6
2025-01-04 16:07:11,600 - Tavern: [8S, 3D, 2C, JC, JS, AC, 9S, 8H, 9H, 5D, AS, TC, 5H, 3C, 9C, 3S, 7D]
2025-01-04 16:07:11,600 - Castle: [KD, KH, KS, KC, QD, QS, QH, QC]
2025-01-04 16:07:11,600 - Discard: [6H, 4D, 4S, 8C, TH, 3H, 9D, AH, 6D, TD, 2D, 4H, 2H, 2S, TS, 5C, JD, 6S, 6C]
2025-01-04 16:07:11,600 - Active Player: 1
2025-01-04 16:07:11,600 - STATE LOG: END
2025-01-04 16:07:15,157 - STATE LOG: BEGIN
2025-01-04 16:07:15,157 - Noah's Hand: [AD, 7H, 7S, 7D, 9C, 5H, AS]
2025-01-04 16:07:15,157 - Eve's Hand: [4C, 5S, 3S, 3C, TC, 5D]
2025-01-04 16:07:15,157 - Boss: Rank: 12 | Suit C | Attack 15 | Health 30
2025-01-04 16:07:15,157 - Tavern: [8S, 3D, 2C, JC, JS, AC, 9S, 8H, 9H]
2025-01-04 16:07:15,157 - Castle: [KD, KH, KS, KC, QD, QS, QH]
2025-01-04 16:07:15,157 - Discard: [6H, 4D, 4S, 8C, TH, 3H, 9D, AH, 6D, TD, 2D, 4H, 2H, 2S, TS, 5C, JD, 6S, 6C, 8D, 7C, JH]
2025-01-04 16:07:15,157 - Active Player: 1
2025-01-04 16:07:15,157 - STATE LOG: END
2025-01-04 16:07:25,158 - STATE LOG: BEGIN
2025-01-04 16:07:25,159 - Noah's Hand: [AD, 5H, 7H, 7S, 9C, 9H]
2025-01-04 16:07:25,159 - Eve's Hand: [4C, 5S, 3S, 3C, TC, 5D, 8H]
2025-01-04 16:07:25,159 - Boss: Rank: 12 | Suit C | Attack 7 | Health 22
2025-01-04 16:07:25,159 - Tavern: [8S, 3D, 2C, JC, JS, AC]
2025-01-04 16:07:25,159 - Castle: [KD, KH, KS, KC, QD, QS, QH]
2025-01-04 16:07:25,159 - Discard: [6H, 4D, 4S, 8C, TH, 3H, 9D, AH, 6D, TD, 2D, 4H, 2H, 2S, TS, 5C, JD, 6S, 6C, 8D, 7C, JH, 9S]
2025-01-04 16:07:25,159 - Active Player: 2
2025-01-04 16:07:25,159 - STATE LOG: END
2025-01-04 16:07:35,160 - STATE LOG: BEGIN
2025-01-04 16:07:35,160 - Noah's Hand: [AD, 5H, 7H, 7S, 9C, 9H]
2025-01-04 16:07:35,161 - Eve's Hand: [3C, 3S, 4C, 5D, 5S, 8H]
2025-01-04 16:07:35,161 - Boss: Rank: 12 | Suit C | Attack 7 | Health 22
2025-01-04 16:07:35,161 - Tavern: [8S, 3D, 2C, JC, JS, AC]
2025-01-04 16:07:35,161 - Castle: [KD, KH, KS, KC, QD, QS, QH]
2025-01-04 16:07:35,161 - Discard: [6H, 4D, 4S, 8C, TH, 3H, 9D, AH, 6D, TD, 2D, 4H, 2H, 2S, TS, 5C, JD, 6S, 6C, 8D, 7C, JH, 9S, TC]
2025-01-04 16:07:35,161 - Active Player: 1
2025-01-04 16:07:35,161 - STATE LOG: END
2025-01-04 16:07:45,161 - STATE LOG: BEGIN
2025-01-04 16:07:45,162 - Noah's Hand: [AD, 5H, 7H, 9C, 9H]
2025-01-04 16:07:45,162 - Eve's Hand: [3C, 3S, 4C, 5D, 5S, 8H]
2025-01-04 16:07:45,162 - Boss: Rank: 12 | Suit C | Attack 0 | Health 15
2025-01-04 16:07:45,162 - Tavern: [8S, 3D, 2C, JC, JS, AC]
2025-01-04 16:07:45,162 - Castle: [KD, KH, KS, KC, QD, QS, QH]
2025-01-04 16:07:45,162 - Discard: [6H, 4D, 4S, 8C, TH, 3H, 9D, AH, 6D, TD, 2D, 4H, 2H, 2S, TS, 5C, JD, 6S, 6C, 8D, 7C, JH, 9S, TC]
2025-01-04 16:07:45,162 - Active Player: 2
2025-01-04 16:07:45,162 - STATE LOG: END
2025-01-04 16:07:55,163 - STATE LOG: BEGIN
2025-01-04 16:07:55,164 - Noah's Hand: [AD, 5H, 7H, 9C, 9H]
2025-01-04 16:07:55,164 - Eve's Hand: [3C, 3S, 4C, 5D, 5S, 8H]
2025-01-04 16:07:55,164 - Boss: Rank: 12 | Suit C | Attack 0 | Health 15
2025-01-04 16:07:55,164 - Tavern: [8S, 3D, 2C, JC, JS, AC]
2025-01-04 16:07:55,164 - Castle: [KD, KH, KS, KC, QD, QS, QH]
2025-01-04 16:07:55,164 - Discard: [6H, 4D, 4S, 8C, TH, 3H, 9D, AH, 6D, TD, 2D, 4H, 2H, 2S, TS, 5C, JD, 6S, 6C, 8D, 7C, JH, 9S, TC]
2025-01-04 16:07:55,164 - Active Player: 1
2025-01-04 16:07:55,164 - STATE LOG: END
2025-01-04 16:08:05,166 - STATE LOG: BEGIN
2025-01-04 16:08:05,167 - Noah's Hand: [5H, 9C, 9H, AC, JC, 2C, 3D]
2025-01-04 16:08:05,167 - Eve's Hand: [3C, 3S, 4C, 5D, 5S, 8H, JS]
2025-01-04 16:08:05,167 - Boss: Rank: 12 | Suit C | Attack 0 | Health 7
2025-01-04 16:08:05,167 - Tavern: [AH, 4D, 4S, JD, 9D, 9S, 6H, 5C, 8S]
2025-01-04 16:08:05,167 - Castle: [KD, KH, KS, KC, QD, QS, QH]
2025-01-04 16:08:05,167 - Discard: [8C, 2H, TS, 8D, JH, 4H, TH, 6D, TD, 2S, 6S, 3H, 6C, 2D, TC, 7C]
2025-01-04 16:08:05,167 - Active Player: 2
2025-01-04 16:08:05,167 - STATE LOG: END
2025-01-04 16:08:15,169 - STATE LOG: BEGIN
2025-01-04 16:08:15,169 - Noah's Hand: [5H, 9C, 9H, AC, JC, 2C, 3D]
2025-01-04 16:08:15,170 - Eve's Hand: [3S, 4C, 5D, 5S, 8H, JS]
2025-01-04 16:08:15,170 - Boss: Rank: 12 | Suit C | Attack 0 | Health 4
2025-01-04 16:08:15,170 - Tavern: [AH, 4D, 4S, JD, 9D, 9S, 6H, 5C, 8S]
2025-01-04 16:08:15,170 - Castle: [KD, KH, KS, KC, QD, QS, QH]
2025-01-04 16:08:15,170 - Discard: [8C, 2H, TS, 8D, JH, 4H, TH, 6D, TD, 2S, 6S, 3H, 6C, 2D, TC, 7C]
2025-01-04 16:08:15,170 - Active Player: 1
2025-01-04 16:08:15,170 - STATE LOG: END
2025-01-04 16:08:25,171 - STATE LOG: BEGIN
2025-01-04 16:08:25,172 - Noah's Hand: [AC, 2C, 5H, 9C, 9H, JC, 8S]
2025-01-04 16:08:25,172 - Eve's Hand: [3S, 4C, 5D, 5S, 8H, JS, 5C]
2025-01-04 16:08:25,172 - Boss: Rank: 12 | Suit C | Attack 0 | Health 1
2025-01-04 16:08:25,172 - Tavern: [AH, 4D, 4S, JD, 9D, 9S, 6H]
2025-01-04 16:08:25,172 - Castle: [KD, KH, KS, KC, QD, QS, QH]
2025-01-04 16:08:25,172 - Discard: [8C, 2H, TS, 8D, JH, 4H, TH, 6D, TD, 2S, 6S, 3H, 6C, 2D, TC, 7C]
2025-01-04 16:08:25,172 - Active Player: 2
2025-01-04 16:08:25,172 - STATE LOG: END
2025-01-04 16:08:35,174 - STATE LOG: BEGIN
2025-01-04 16:08:35,174 - Noah's Hand: [AC, 2C, 5H, 9C, 9H, JC, 8S]
2025-01-04 16:08:35,175 - Eve's Hand: [3S, 4C, 5C, 5D, 5S, 8H, JS]
2025-01-04 16:08:35,175 - Boss: Rank: 12 | Suit C | Attack 0 | Health 1
2025-01-04 16:08:35,175 - Tavern: [AH, 4D, 4S, JD, 9D, 9S, 6H]
2025-01-04 16:08:35,175 - Castle: [KD, KH, KS, KC, QD, QS, QH]
2025-01-04 16:08:35,175 - Discard: [8C, 2H, TS, 8D, JH, 4H, TH, 6D, TD, 2S, 6S, 3H, 6C, 2D, TC, 7C]
2025-01-04 16:08:35,175 - Active Player: 1
2025-01-04 16:08:35,175 - STATE LOG: END
2025-01-04 16:08:45,176 - STATE LOG: BEGIN
2025-01-04 16:08:45,176 - Noah's Hand: [AC, 2C, 9C, 9H, JC, 8S]
2025-01-04 16:08:45,176 - Eve's Hand: [3S, 4C, 5C, 5D, 5S, 8H, JS]
2025-01-04 16:08:45,176 - Boss: Rank: 12 | Suit H | Attack 15 | Health 30
2025-01-04 16:08:45,176 - Tavern: [6S, 7C, 6D, TH, TD, AH, 4D, 4S, JD, 9D, 9S, 6H]
2025-01-04 16:08:45,176 - Castle: [KD, KH, KS, KC, QD, QS]
2025-01-04 16:08:45,176 - Discard: [2D, TC, 4H, 2S, 6C, JH, 2H, TS, 8C, 8D, 3H, AS, 7D, 7S, AD, 7H, 3D, 5H, 3C, QC]
2025-01-04 16:08:45,176 - Active Player: 1
2025-01-04 16:08:45,176 - STATE LOG: END
2025-01-04 16:08:51,528 - STATE LOG: BEGIN
2025-01-04 16:08:51,528 - Noah's Hand: [AC, 2C, 9C, 9H]
2025-01-04 16:08:51,528 - Eve's Hand: [3S, 4C, 5C, 5D, 5S, 8H, JS]
2025-01-04 16:08:51,528 - Boss: Rank: 12 | Suit H | Attack 7 | Health 22
2025-01-04 16:08:51,528 - Tavern: [6S, 7C, 6D, TH, TD, AH, 4D, 4S, JD, 9D, 9S, 6H]
2025-01-04 16:08:51,528 - Castle: [KD, KH, KS, KC, QD, QS]
2025-01-04 16:08:51,528 - Discard: [2D, TC, 4H, 2S, 6C, JH, 2H, TS, 8C, 8D, 3H, AS, 7D, 7S, AD, 7H, 3D, 5H, 3C, QC, JC]
2025-01-04 16:08:51,528 - Active Player: 2
2025-01-04 16:08:51,528 - STATE LOG: END
2025-01-04 16:08:57,768 - STATE LOG: BEGIN
2025-01-04 16:08:57,768 - Noah's Hand: [AC, 2C, 9C, 9H, 9S, 9D, JD]
2025-01-04 16:08:57,768 - Eve's Hand: [3S, 4C, 5C, 5S, 8H]
2025-01-04 16:08:57,768 - Boss: Rank: 12 | Suit H | Attack 7 | Health 17
2025-01-04 16:08:57,768 - Tavern: [6S, 7C, 6D, TH, TD, AH, 4D, 4S]
2025-01-04 16:08:57,768 - Castle: [KD, KH, KS, KC, QD, QS]
2025-01-04 16:08:57,768 - Discard: [2D, TC, 4H, 2S, 6C, JH, 2H, TS, 8C, 8D, 3H, AS, 7D, 7S, AD, 7H, 3D, 5H, 3C, QC, JC, 6H, JS]
2025-01-04 16:08:57,768 - Active Player: 1
2025-01-04 16:08:57,768 - STATE LOG: END
2025-01-04 16:09:07,722 - STATE LOG: BEGIN
2025-01-04 16:09:07,723 - Noah's Hand: [AC, 2C, 9C, 9D, 9H, JD]
2025-01-04 16:09:07,723 - Eve's Hand: [3S, 4C, 5C, 5S, 8H]
2025-01-04 16:09:07,723 - Boss: Rank: 12 | Suit H | Attack 0 | Health 8
2025-01-04 16:09:07,723 - Tavern: [6S, 7C, 6D, TH, TD, AH, 4D, 4S]
2025-01-04 16:09:07,723 - Castle: [KD, KH, KS, KC, QD, QS]
2025-01-04 16:09:07,723 - Discard: [2D, TC, 4H, 2S, 6C, JH, 2H, TS, 8C, 8D, 3H, AS, 7D, 7S, AD, 7H, 3D, 5H, 3C, QC, JC, 6H, JS]
2025-01-04 16:09:07,723 - Active Player: 2
2025-01-04 16:09:07,723 - STATE LOG: END
2025-01-04 16:09:09,920 - STATE LOG: BEGIN
2025-01-04 16:09:09,921 - Noah's Hand: [AC, 2C, 9C, 9D, 9H, JD]
2025-01-04 16:09:09,921 - Eve's Hand: [3S, 4C, 5C, 5S, 8H]
2025-01-04 16:09:09,921 - Boss: Rank: 12 | Suit H | Attack 0 | Health 8
2025-01-04 16:09:09,921 - Tavern: [6S, 7C, 6D, TH, TD, AH, 4D, 4S]
2025-01-04 16:09:09,921 - Castle: [KD, KH, KS, KC, QD, QS]
2025-01-04 16:09:09,921 - Discard: [2D, TC, 4H, 2S, 6C, JH, 2H, TS, 8C, 8D, 3H, AS, 7D, 7S, AD, 7H, 3D, 5H, 3C, QC, JC, 6H, JS]
2025-01-04 16:09:09,921 - Active Player: 1
2025-01-04 16:09:09,921 - STATE LOG: END
2025-01-04 16:09:15,773 - STATE LOG: BEGIN
2025-01-04 16:09:15,773 - Noah's Hand: [AC, 9C, 9D, 9H, JD]
2025-01-04 16:09:15,773 - Eve's Hand: [3S, 4C, 5C, 5S, 8H]
2025-01-04 16:09:15,773 - Boss: Rank: 12 | Suit H | Attack 0 | Health 4
2025-01-04 16:09:15,773 - Tavern: [6S, 7C, 6D, TH, TD, AH, 4D, 4S]
2025-01-04 16:09:15,773 - Castle: [KD, KH, KS, KC, QD, QS]
2025-01-04 16:09:15,773 - Discard: [2D, TC, 4H, 2S, 6C, JH, 2H, TS, 8C, 8D, 3H, AS, 7D, 7S, AD, 7H, 3D, 5H, 3C, QC, JC, 6H, JS]
2025-01-04 16:09:15,773 - Active Player: 2
2025-01-04 16:09:15,773 - STATE LOG: END
2025-01-04 16:09:16,936 - STATE LOG: BEGIN
2025-01-04 16:09:16,937 - Noah's Hand: [AC, 9C, 9D, 9H, JD]
2025-01-04 16:09:16,937 - Eve's Hand: [3S, 4C, 5C, 5S, 8H]
2025-01-04 16:09:16,937 - Boss: Rank: 12 | Suit H | Attack 0 | Health 4
2025-01-04 16:09:16,937 - Tavern: [6S, 7C, 6D, TH, TD, AH, 4D, 4S]
2025-01-04 16:09:16,937 - Castle: [KD, KH, KS, KC, QD, QS]
2025-01-04 16:09:16,937 - Discard: [2D, TC, 4H, 2S, 6C, JH, 2H, TS, 8C, 8D, 3H, AS, 7D, 7S, AD, 7H, 3D, 5H, 3C, QC, JC, 6H, JS]
2025-01-04 16:09:16,937 - Active Player: 1
2025-01-04 16:09:16,937 - STATE LOG: END
2025-01-04 16:09:23,294 - STATE LOG: BEGIN
2025-01-04 16:09:23,295 - Noah's Hand: [9C, 9D, 9H, 4S, AH, TH, 6D]
2025-01-04 16:09:23,295 - Eve's Hand: [3S, 4C, 5C, 5S, 8H, 4D, TD]
2025-01-04 16:09:23,295 - Boss: Rank: 12 | Suit S | Attack 15 | Health 30
2025-01-04 16:09:23,295 - Tavern: [6S, 7C]
2025-01-04 16:09:23,295 - Castle: [KD, KH, KS, KC, QD]
2025-01-04 16:09:23,295 - Discard: [2D, TC, 4H, 2S, 6C, JH, 2H, TS, 8C, 8D, 3H, AS, 7D, 7S, AD, 7H, 3D, 5H, 3C, QC, JC, 6H, JS, 8S, 9S, 2C, AC, JD, 5D, QH]
2025-01-04 16:09:23,295 - Active Player: 1
2025-01-04 16:09:23,295 - STATE LOG: END
2025-01-04 16:09:33,297 - STATE LOG: BEGIN
2025-01-04 16:09:33,298 - Noah's Hand: [4S, 6D, 9C]
2025-01-04 16:09:33,298 - Eve's Hand: [3S, 4C, 5C, 5S, 8H, 4D, TD]
2025-01-04 16:09:33,298 - Boss: Rank: 12 | Suit S | Attack 15 | Health 20
2025-01-04 16:09:33,298 - Tavern: [JH, 7H, 8C, JD, 3H, JS, 6H, 5H, QC, 3C, 6S, 7C]
2025-01-04 16:09:33,298 - Castle: [KD, KH, KS, KC, QD]
2025-01-04 16:09:33,298 - Discard: [QH, JC, 5D, 2C, 2D, 2H, 8D, AD, 8S, 2S, AS, 7S, AC, TS, 6C, 9S, 3D, TC, 4H, 7D, TH, 9D]
2025-01-04 16:09:33,298 - Active Player: 2
2025-01-04 16:09:33,298 - STATE LOG: END
2025-01-04 16:09:35,269 - STATE LOG: BEGIN
2025-01-04 16:09:35,269 - Noah's Hand: [4S, 6D, 9C, 6S, 3C, QC, 5H]
2025-01-04 16:09:35,269 - Eve's Hand: [3S, 4C, 4D, 5C, 5S]
2025-01-04 16:09:35,269 - Boss: Rank: 12 | Suit S | Attack 15 | Health 10
2025-01-04 16:09:35,269 - Tavern: [JH, 7H, 8C, JD, 3H, JS, 6H]
2025-01-04 16:09:35,269 - Castle: [KD, KH, KS, KC, QD]
2025-01-04 16:09:35,269 - Discard: [QH, JC, 5D, 2C, 2D, 2H, 8D, AD, 8S, 2S, AS, 7S, AC, TS, 6C, 9S, 3D, TC, 4H, 7D, TH, 9D, 7C, 8H]
2025-01-04 16:09:35,269 - Active Player: 1
2025-01-04 16:09:35,269 - STATE LOG: END
2025-01-04 16:09:38,169 - STATE LOG: BEGIN
2025-01-04 16:09:38,169 - Noah's Hand: [3C, 4S, 6D, 6S]
2025-01-04 16:09:38,169 - Eve's Hand: [3S, 4C, 4D, 5C, 5S]
2025-01-04 16:09:38,169 - Boss: Rank: 12 | Suit S | Attack 15 | Health 5
2025-01-04 16:09:38,169 - Tavern: [8D, 2D, 2C, 9D, 2H, JH, 7H, 8C, JD, 3H, JS, 6H]
2025-01-04 16:09:38,169 - Castle: [KD, KH, KS, KC, QD]
2025-01-04 16:09:38,169 - Discard: [8S, TS, 4H, AD, JC, TC, 9S, 8H, 7C, 7D, AS, QH, 6C, 7S, AC, TH, 2S, 3D, 5D, QC, 9C]
2025-01-04 16:09:38,169 - Active Player: 2
2025-01-04 16:09:38,169 - STATE LOG: END
2025-01-04 16:09:38,989 - STATE LOG: BEGIN
2025-01-04 16:09:38,989 - Noah's Hand: [3C, 4S, 6D, 6S, JS, JD, 7H]
2025-01-04 16:09:38,989 - Eve's Hand: [3S, 5C, 5S, 6H, 3H, 8C, JH]
2025-01-04 16:09:38,989 - Boss: Rank: 12 | Suit D | Attack 15 | Health 30
2025-01-04 16:09:38,989 - Tavern: [8D, 2D, 2C, 9D, 2H]
2025-01-04 16:09:38,989 - Castle: [KD, KH, KS, KC]
2025-01-04 16:09:38,989 - Discard: [8S, TS, 4H, AD, JC, TC, 9S, 8H, 7C, 7D, AS, QH, 6C, 7S, AC, TH, 2S, 3D, 5D, QC, 9C, AH, 9H, 5H, TD, 4C, 4D, QS]
2025-01-04 16:09:38,989 - Active Player: 2
2025-01-04 16:09:38,989 - STATE LOG: END
2025-01-04 16:09:42,641 - STATE LOG: BEGIN
2025-01-04 16:09:42,642 - Noah's Hand: [3C, 4S, 6D, 6S, JS, JD, 7H]
2025-01-04 16:09:42,642 - Eve's Hand: [3H, 3S, 5C, 6H, 8C]
2025-01-04 16:09:42,642 - Boss: Rank: 12 | Suit D | Attack 10 | Health 25
2025-01-04 16:09:42,642 - Tavern: [8D, 2D, 2C, 9D, 2H]
2025-01-04 16:09:42,642 - Castle: [KD, KH, KS, KC]
2025-01-04 16:09:42,642 - Discard: [8S, TS, 4H, AD, JC, TC, 9S, 8H, 7C, 7D, AS, QH, 6C, 7S, AC, TH, 2S, 3D, 5D, QC, 9C, AH, 9H, 5H, TD, 4C, 4D, QS, JH]
2025-01-04 16:09:42,642 - Active Player: 1
2025-01-04 16:09:42,642 - STATE LOG: END
2025-01-04 16:09:46,943 - STATE LOG: BEGIN
2025-01-04 16:09:46,943 - Noah's Hand: [3C, 6D, 6S, JD, 7H]
2025-01-04 16:09:46,943 - Eve's Hand: [3H, 3S, 5C, 6H, 8C]
2025-01-04 16:09:46,943 - Boss: Rank: 12 | Suit D | Attack 6 | Health 21
2025-01-04 16:09:46,943 - Tavern: [8D, 2D, 2C, 9D, 2H]
2025-01-04 16:09:46,943 - Castle: [KD, KH, KS, KC]
2025-01-04 16:09:46,943 - Discard: [8S, TS, 4H, AD, JC, TC, 9S, 8H, 7C, 7D, AS, QH, 6C, 7S, AC, TH, 2S, 3D, 5D, QC, 9C, AH, 9H, 5H, TD, 4C, 4D, QS, JH, JS]
2025-01-04 16:09:46,943 - Active Player: 2
2025-01-04 16:09:46,943 - STATE LOG: END
2025-01-04 16:09:50,412 - STATE LOG: BEGIN
2025-01-04 16:09:50,412 - Noah's Hand: [3C, 6D, 6S, JD, 7H]
2025-01-04 16:09:50,412 - Eve's Hand: [3H, 3S, 5C, 6H]
2025-01-04 16:09:50,412 - Boss: Rank: 12 | Suit D | Attack 6 | Health 21
2025-01-04 16:09:50,412 - Tavern: [8D, 2D, 2C, 9D, 2H]
2025-01-04 16:09:50,412 - Castle: [KD, KH, KS, KC]
2025-01-04 16:09:50,412 - Discard: [8S, TS, 4H, AD, JC, TC, 9S, 8H, 7C, 7D, AS, QH, 6C, 7S, AC, TH, 2S, 3D, 5D, QC, 9C, AH, 9H, 5H, TD, 4C, 4D, QS, JH, JS, 8C]
2025-01-04 16:09:50,412 - Active Player: 1
2025-01-04 16:09:50,412 - STATE LOG: END
2025-01-04 16:09:52,373 - STATE LOG: BEGIN
2025-01-04 16:09:52,373 - Noah's Hand: [3C, 6D, JD, 7H]
2025-01-04 16:09:52,373 - Eve's Hand: [3H, 3S, 5C, 6H]
2025-01-04 16:09:52,373 - Boss: Rank: 12 | Suit D | Attack 0 | Health 15
2025-01-04 16:09:52,373 - Tavern: [8D, 2D, 2C, 9D, 2H]
2025-01-04 16:09:52,373 - Castle: [KD, KH, KS, KC]
2025-01-04 16:09:52,373 - Discard: [8S, TS, 4H, AD, JC, TC, 9S, 8H, 7C, 7D, AS, QH, 6C, 7S, AC, TH, 2S, 3D, 5D, QC, 9C, AH, 9H, 5H, TD, 4C, 4D, QS, JH, JS, 8C]
2025-01-04 16:09:52,373 - Active Player: 2
2025-01-04 16:09:52,373 - STATE LOG: END
2025-01-04 16:09:54,450 - STATE LOG: BEGIN
2025-01-04 16:09:54,450 - Noah's Hand: [3C, 6D, JD, 7H]
2025-01-04 16:09:54,450 - Eve's Hand: [3H, 3S, 5C, 6H]
2025-01-04 16:09:54,450 - Boss: Rank: 12 | Suit D | Attack 0 | Health 15
2025-01-04 16:09:54,450 - Tavern: [8D, 2D, 2C, 9D, 2H]
2025-01-04 16:09:54,450 - Castle: [KD, KH, KS, KC]
2025-01-04 16:09:54,450 - Discard: [8S, TS, 4H, AD, JC, TC, 9S, 8H, 7C, 7D, AS, QH, 6C, 7S, AC, TH, 2S, 3D, 5D, QC, 9C, AH, 9H, 5H, TD, 4C, 4D, QS, JH, JS, 8C]
2025-01-04 16:09:54,450 - Active Player: 1
2025-01-04 16:09:54,450 - STATE LOG: END
2025-01-04 16:09:56,044 - STATE LOG: BEGIN
2025-01-04 16:09:56,044 - Noah's Hand: [3C, 6D, JD]
2025-01-04 16:09:56,044 - Eve's Hand: [3H, 3S, 5C, 6H]
2025-01-04 16:09:56,044 - Boss: Rank: 12 | Suit D | Attack 0 | Health 8
2025-01-04 16:09:56,044 - Tavern: [AD, 5D, TD, 9H, 4H, 6C, 5H, 8D, 2D, 2C, 9D, 2H]
2025-01-04 16:09:56,044 - Castle: [KD, KH, KS, KC]
2025-01-04 16:09:56,044 - Discard: [8S, JC, 7S, JS, 7D, 8C, QC, TC, QS, 3D, 9S, AS, 7C, QH, 2S, AC, 9C, 8H, AH, 4D, JH, 4C, TS, TH]
2025-01-04 16:09:56,044 - Active Player: 2
2025-01-04 16:09:56,044 - STATE LOG: END
2025-01-04 16:09:56,962 - STATE LOG: BEGIN
2025-01-04 16:09:56,962 - Noah's Hand: [3C, 6D, JD]
2025-01-04 16:09:56,962 - Eve's Hand: [3H, 3S, 5C]
2025-01-04 16:09:56,962 - Boss: Rank: 12 | Suit D | Attack 0 | Health 2
2025-01-04 16:09:56,962 - Tavern: [QC, 7D, 2S, 8C, JH, QS, AD, 5D, TD, 9H, 4H, 6C, 5H, 8D, 2D, 2C, 9D, 2H]
2025-01-04 16:09:56,962 - Castle: [KD, KH, KS, KC]
2025-01-04 16:09:56,962 - Discard: [9S, 7C, 4D, TH, 7S, 4C, JC, 3D, 8S, TC, 9C, 8H, AS, QH, AC, JS, TS, AH]
2025-01-04 16:09:56,962 - Active Player: 1
2025-01-04 16:09:56,962 - STATE LOG: END
2025-01-04 16:09:57,462 - STATE LOG: BEGIN
2025-01-04 16:09:57,462 - Noah's Hand: [6D, JD]
2025-01-04 16:09:57,462 - Eve's Hand: [3H, 3S, 5C]
2025-01-04 16:09:57,462 - Boss: Rank: 13 | Suit C | Attack 20 | Health 40
2025-01-04 16:09:57,462 - Tavern: [QC, 7D, 2S, 8C, JH, QS, AD, 5D, TD, 9H, 4H, 6C, 5H, 8D, 2D, 2C, 9D, 2H]
2025-01-04 16:09:57,462 - Castle: [KD, KH, KS]
2025-01-04 16:09:57,462 - Discard: [9S, 7C, 4D, TH, 7S, 4C, JC, 3D, 8S, TC, 9C, 8H, AS, QH, AC, JS, TS, AH, 4S, 6S, 7H, 3C, 5S, 6H, QD]
2025-01-04 16:09:57,462 - Active Player: 1
2025-01-04 16:09:57,462 - STATE LOG: END
2025-01-04 16:09:58,270 - STATE LOG: BEGIN
2025-01-04 16:09:58,270 - Noah's Hand: [6D, 2H, 2C, 8D]
2025-01-04 16:09:58,270 - Eve's Hand: [3H, 3S, 5C, 9D, 2D, 5H, 4H]
2025-01-04 16:09:58,270 - Boss: Rank: 13 | Suit C | Attack 20 | Health 29
2025-01-04 16:09:58,270 - Tavern: [QC, 7D, 2S, 8C, JH, QS, AD, 5D]
2025-01-04 16:09:58,270 - Castle: [KD, KH, KS]
2025-01-04 16:09:58,270 - Discard: [9S, 7C, 4D, TH, 7S, 4C, JC, 3D, 8S, TC, 9C, 8H, AS, QH, AC, JS, TS, AH, 4S, 6S, 7H, 3C, 5S, 6H, QD, TD, 9H, 6C]
2025-01-04 16:09:58,270 - Active Player: 2
2025-01-04 16:09:58,270 - STATE LOG: END
2025-01-04 16:09:59,981 - STATE LOG: BEGIN
2025-01-04 16:09:59,982 - Noah's Hand: [6D, 2H, 2C, 8D]
2025-01-04 16:09:59,982 - Eve's Hand: [2D, 4H, 5C]
2025-01-04 16:09:59,982 - Boss: Rank: 13 | Suit C | Attack 14 | Health 23
2025-01-04 16:09:59,982 - Tavern: [QH, 6H, AH, 8H, 6C, 4S, QC, 7D, 2S, 8C, JH, QS, AD, 5D]
2025-01-04 16:09:59,982 - Castle: [KD, KH, KS]
2025-01-04 16:09:59,982 - Discard: [TD, 3C, TS, TC, 8S, 9S, 7H, 7S, QD, 4D, AC, TH, 7C, 9C, 6S, 3D, 4C, 9H, JC, AS, 5S, JS, 9D, 5H]
2025-01-04 16:09:59,982 - Active Player: 1
2025-01-04 16:09:59,982 - STATE LOG: END
2025-01-04 16:10:01,290 - STATE LOG: BEGIN
2025-01-04 16:10:01,290 - Noah's Hand: [2C, 2H, 6D, 5D, QS]
2025-01-04 16:10:01,290 - Eve's Hand: [2D, 4H, 5C, AD, JH, 2S, QC]
2025-01-04 16:10:01,291 - Boss: Rank: 13 | Suit C | Attack 14 | Health 15
2025-01-04 16:10:01,291 - Tavern: [QH, 6H, AH, 8H, 6C, 4S]
2025-01-04 16:10:01,291 - Castle: [KD, KH, KS]
2025-01-04 16:10:01,291 - Discard: [TD, 3C, TS, TC, 8S, 9S, 7H, 7S, QD, 4D, AC, TH, 7C, 9C, 6S, 3D, 4C, 9H, JC, AS, 5S, JS, 9D, 5H, 7D, 8C]
2025-01-04 16:10:01,291 - Active Player: 2
2025-01-04 16:10:01,291 - STATE LOG: END
2025-01-04 16:10:11,292 - STATE LOG: BEGIN
2025-01-04 16:10:11,293 - Noah's Hand: [2C, 2H, 6D, 5D, QS]
2025-01-04 16:10:11,293 - Eve's Hand: [AD, 2D, 4H, 5C, JH]
2025-01-04 16:10:11,293 - Boss: Rank: 13 | Suit C | Attack 12 | Health 13
2025-01-04 16:10:11,293 - Tavern: [QH, 6H, AH, 8H, 6C, 4S]
2025-01-04 16:10:11,293 - Castle: [KD, KH, KS]
2025-01-04 16:10:11,293 - Discard: [TD, 3C, TS, TC, 8S, 9S, 7H, 7S, QD, 4D, AC, TH, 7C, 9C, 6S, 3D, 4C, 9H, JC, AS, 5S, JS, 9D, 5H, 7D, 8C, QC]
2025-01-04 16:10:11,293 - Active Player: 1
2025-01-04 16:10:11,293 - STATE LOG: END
2025-01-04 16:10:21,294 - STATE LOG: BEGIN
2025-01-04 16:10:21,294 - Noah's Hand: [2C, 2H, 5D, 6D]
2025-01-04 16:10:21,294 - Eve's Hand: [AD, 2D, 4H, 5C, JH]
2025-01-04 16:10:21,295 - Boss: Rank: 13 | Suit C | Attack 12 | Health 13
2025-01-04 16:10:21,295 - Tavern: [QH, 6H, AH, 8H, 6C, 4S]
2025-01-04 16:10:21,295 - Castle: [KD, KH, KS]
2025-01-04 16:10:21,295 - Discard: [TD, 3C, TS, TC, 8S, 9S, 7H, 7S, QD, 4D, AC, TH, 7C, 9C, 6S, 3D, 4C, 9H, JC, AS, 5S, JS, 9D, 5H, 7D, 8C, QC, QS]
2025-01-04 16:10:21,295 - Active Player: 2
2025-01-04 16:10:21,295 - STATE LOG: END
2025-01-04 16:10:25,150 - STATE LOG: BEGIN
2025-01-04 16:10:25,150 - Noah's Hand: [2C, 2H, 5D, 6D, 6C]
2025-01-04 16:10:25,150 - Eve's Hand: [AD, 4H, 5C]
2025-01-04 16:10:25,150 - Boss: Rank: 13 | Suit C | Attack 12 | Health 11
2025-01-04 16:10:25,150 - Tavern: [QH, 6H, AH, 8H]
2025-01-04 16:10:25,150 - Castle: [KD, KH, KS]
2025-01-04 16:10:25,150 - Discard: [TD, 3C, TS, TC, 8S, 9S, 7H, 7S, QD, 4D, AC, TH, 7C, 9C, 6S, 3D, 4C, 9H, JC, AS, 5S, JS, 9D, 5H, 7D, 8C, QC, QS, 4S, JH]
2025-01-04 16:10:25,150 - Active Player: 1
2025-01-04 16:10:25,150 - STATE LOG: END
2025-01-04 16:10:27,512 - STATE LOG: BEGIN
2025-01-04 16:10:27,512 - Noah's Hand: [2C, 2H, 5D]
2025-01-04 16:10:27,512 - Eve's Hand: [AD, 4H, 5C]
2025-01-04 16:10:27,512 - Boss: Rank: 13 | Suit C | Attack 12 | Health 11
2025-01-04 16:10:27,512 - Tavern: [QH, 6H, AH, 8H]
2025-01-04 16:10:27,512 - Castle: [KD, KH, KS]
2025-01-04 16:10:27,512 - Discard: [TD, 3C, TS, TC, 8S, 9S, 7H, 7S, QD, 4D, AC, TH, 7C, 9C, 6S, 3D, 4C, 9H, JC, AS, 5S, JS, 9D, 5H, 7D, 8C, QC, QS, 4S, JH, 6D, 6C]
2025-01-04 16:10:27,512 - Active Player: 2
2025-01-04 16:10:27,512 - STATE LOG: END
2025-01-04 16:10:28,092 - STATE LOG: BEGIN
2025-01-04 16:10:28,092 - Noah's Hand: [2C, 2H, 5D, AH, QH]
2025-01-04 16:10:28,092 - Eve's Hand: [5C, 8H]
2025-01-04 16:10:28,092 - Boss: Rank: 13 | Suit C | Attack 12 | Health 6
2025-01-04 16:10:28,092 - Tavern: [TD, 7C, TC, 7D]
2025-01-04 16:10:28,092 - Castle: [KD, KH, KS]
2025-01-04 16:10:28,092 - Discard: [QS, 7S, 8S, 6C, 6D, 9C, 5S, 3D, 9S, 9D, QD, 4D, 7H, 9H, 3C, 4S, TS, 4C, 8C, QC, 5H, TH, AS, AC, 6S, JS, JC, JH, 6H]
2025-01-04 16:10:28,092 - Active Player: 1
2025-01-04 16:10:28,092 - STATE LOG: END
2025-01-04 16:10:28,730 - STATE LOG: BEGIN
2025-01-04 16:10:28,730 - Noah's Hand: [AH, 2C, 2H, 5D]
2025-01-04 16:10:28,730 - Eve's Hand: [5C, 8H]
2025-01-04 16:10:28,730 - Boss: Rank: 13 | Suit C | Attack 12 | Health 6
2025-01-04 16:10:28,730 - Tavern: [TD, 7C, TC, 7D]
2025-01-04 16:10:28,730 - Castle: [KD, KH, KS]
2025-01-04 16:10:28,730 - Discard: [QS, 7S, 8S, 6C, 6D, 9C, 5S, 3D, 9S, 9D, QD, 4D, 7H, 9H, 3C, 4S, TS, 4C, 8C, QC, 5H, TH, AS, AC, 6S, JS, JC, JH, 6H, QH]
2025-01-04 16:10:28,730 - Active Player: 2
2025-01-04 16:10:28,730 - STATE LOG: END
2025-01-04 16:10:28,739 - STATE LOG: BEGIN
2025-01-04 16:10:28,739 - Noah's Hand: [AH, 2C, 2H, 5D]
2025-01-04 16:10:28,739 - Eve's Hand: [5C]
2025-01-04 16:10:28,739 - Boss: Rank: 13 | Suit S | Attack 20 | Health 40
2025-01-04 16:10:28,739 - Tavern: [JC, 4D, AC, AS, 7H, TS, QS, JH, TD, 7C, TC, 7D]
2025-01-04 16:10:28,739 - Castle: [KD, KH]
2025-01-04 16:10:28,739 - Discard: [4S, 3C, 4C, 9S, 8C, 6D, 5H, 5S, 9C, 8S, 6H, JS, 7S, TH, 6C, 9D, 3D, QH, 9H, QC, QD, 6S, JD, 8D, 3H, 3S, 2S, 2D, AD, 4H, 8H, KC]
2025-01-04 16:10:28,739 - Active Player: 2
2025-01-04 16:10:28,739 - STATE LOG: END
2025-01-04 16:10:28,744 - STATE LOG: BEGIN
2025-01-04 16:10:28,744 - Noah's Hand: [AH, 2C, 2H, 5D]
2025-01-04 16:10:28,744 - Eve's Hand: [5C]
2025-01-04 16:10:28,744 - Boss: Rank: 13 | Suit S | Attack 20 | Health 40
2025-01-04 16:10:28,744 - Tavern: [JC, 4D, AC, AS, 7H, TS, QS, JH, TD, 7C, TC, 7D]
2025-01-04 16:10:28,744 - Castle: [KD, KH]
2025-01-04 16:10:28,744 - Discard: [4S, 3C, 4C, 9S, 8C, 6D, 5H, 5S, 9C, 8S, 6H, JS, 7S, TH, 6C, 9D, 3D, QH, 9H, QC, QD, 6S, JD, 8D, 3H, 3S, 2S, 2D, AD, 4H, 8H, KC]
2025-01-04 16:10:28,744 - Active Player: 1
2025-01-04 16:10:28,744 - STATE LOG: END
