2025-01-04 22:48:34,331 - I log states! :D
2025-01-04 22:48:34,331 - STATE LOG: BEGIN
2025-01-04 22:48:34,331 - Noah's Hand: [7S, 6S, 8H, 3S, 3H, AS, 7D]
2025-01-04 22:48:34,331 - Eve's Hand: [8C, 2D, AH, TH, 9D, AC, 5C]
2025-01-04 22:48:34,332 - Boss: Rank: 11 | Suit S | Attack 10 | Health 20
2025-01-04 22:48:34,332 - Tavern: [7H, 4H, 5D, 9C, AD, 9H, 5S, 4C, 4D, 6C, 5H, 7C, TS, 6H, 2S, 3C, 9S, 2H, 2C, TC, 8D, TD, 4S, 8S, 3D, 6D]
2025-01-04 22:48:34,332 - Castle: [KH, KD, KC, KS, QD, QH, QS, QC, JC, JH, JD]
2025-01-04 22:48:34,332 - Discard: []
2025-01-04 22:48:34,332 - Active Player: 1
2025-01-04 22:48:34,332 - STATE LOG: END
2025-01-04 22:48:35,050 - STATE LOG: BEGIN
2025-01-04 22:48:35,050 - Noah's Hand: [6S, 8H, 6D, 3D]
2025-01-04 22:48:35,050 - Eve's Hand: [8C, 2D, AH, TH, 9D, AC, 5C]
2025-01-04 22:48:35,050 - Boss: Rank: 11 | Suit S | Attack 10 | Health 12
2025-01-04 22:48:35,050 - Tavern: [7H, 4H, 5D, 9C, AD, 9H, 5S, 4C, 4D, 6C, 5H, 7C, TS, 6H, 2S, 3C, 9S, 2H, 2C, TC, 8D, TD, 4S, 8S]
2025-01-04 22:48:35,050 - Castle: [KH, KD, KC, KS, QD, QH, QS, QC, JC, JH, JD]
2025-01-04 22:48:35,050 - Discard: [3S, 3H, 7S]
2025-01-04 22:48:35,050 - Active Player: 2
2025-01-04 22:48:35,050 - STATE LOG: END
2025-01-04 22:48:35,668 - STATE LOG: BEGIN
2025-01-04 22:48:35,668 - Noah's Hand: [6S, 8H, 6D, 3D, 4S]
2025-01-04 22:48:35,668 - Eve's Hand: [AH, 5C, 9D, TH, TD]
2025-01-04 22:48:35,668 - Boss: Rank: 11 | Suit S | Attack 10 | Health 6
2025-01-04 22:48:35,668 - Tavern: [7H, 4H, 5D, 9C, AD, 9H, 5S, 4C, 4D, 6C, 5H, 7C, TS, 6H, 2S, 3C, 9S, 2H, 2C, TC, 8D]
2025-01-04 22:48:35,668 - Castle: [KH, KD, KC, KS, QD, QH, QS, QC, JC, JH, JD]
2025-01-04 22:48:35,668 - Discard: [3S, 3H, 7S, 8C, 8S]
2025-01-04 22:48:35,668 - Active Player: 1
2025-01-04 22:48:35,668 - STATE LOG: END
2025-01-04 22:48:36,230 - STATE LOG: BEGIN
2025-01-04 22:48:36,231 - Noah's Hand: [6D, 8H, 8D]
2025-01-04 22:48:36,231 - Eve's Hand: [AH, 5C, 9D, TH, TD, TC]
2025-01-04 22:48:36,231 - Boss: Rank: 11 | Suit S | Attack 10 | Health 3
2025-01-04 22:48:36,231 - Tavern: [7H, 4H, 5D, 9C, AD, 9H, 5S, 4C, 4D, 6C, 5H, 7C, TS, 6H, 2S, 3C, 9S, 2H]
2025-01-04 22:48:36,231 - Castle: [KH, KD, KC, KS, QD, QH, QS, QC, JC, JH, JD]
2025-01-04 22:48:36,231 - Discard: [3S, 3H, 7S, 8C, 8S, 2C, 4S, 6S]
2025-01-04 22:48:36,231 - Active Player: 2
2025-01-04 22:48:36,231 - STATE LOG: END
2025-01-04 22:48:36,783 - STATE LOG: BEGIN
2025-01-04 22:48:36,783 - Noah's Hand: [6D, 8H, 8D, 9S, 2S, TS, 7C]
2025-01-04 22:48:36,783 - Eve's Hand: [5C, 9D, TC, TH, 2H, 3C, 6H]
2025-01-04 22:48:36,783 - Boss: Rank: 11 | Suit D | Attack 10 | Health 20
2025-01-04 22:48:36,783 - Tavern: [4S, 3H, 6S, 2C, 3S, 8C, 8S, 7S, 7H, 4H, 5D, 9C, AD, 9H, 5S, 4C, 4D, 6C, 5H]
2025-01-04 22:48:36,783 - Castle: [KH, KD, KC, KS, QD, QH, QS, QC, JC, JH]
2025-01-04 22:48:36,783 - Discard: [AS, 7D, 3D, AC, 2D, AH, TD, JS]
2025-01-04 22:48:36,783 - Active Player: 2
2025-01-04 22:48:36,784 - STATE LOG: END
2025-01-04 22:48:37,439 - STATE LOG: BEGIN
2025-01-04 22:48:37,439 - Noah's Hand: [6D, 8H, 8D, 9S, 2S, TS, 7C]
2025-01-04 22:48:37,439 - Eve's Hand: [2H, 3C, 5C, 6H, 9D, TH]
2025-01-04 22:48:37,439 - Boss: Rank: 11 | Suit H | Attack 10 | Health 20
2025-01-04 22:48:37,439 - Tavern: [4S, 3H, 6S, 2C, 3S, 8C, 8S, 7S, 7H, 4H, 5D, 9C, AD, 9H, 5S, 4C, 4D, 6C, 5H]
2025-01-04 22:48:37,439 - Castle: [KH, KD, KC, KS, QD, QH, QS, QC, JC]
2025-01-04 22:48:37,439 - Discard: [AS, 7D, 3D, AC, 2D, AH, TD, JS, TC]
2025-01-04 22:48:37,439 - Active Player: 2
2025-01-04 22:48:37,439 - STATE LOG: END
2025-01-04 22:48:38,252 - STATE LOG: BEGIN
2025-01-04 22:48:38,252 - Noah's Hand: [6D, 8H, 8D, 9S, 2S, TS, 7C]
2025-01-04 22:48:38,252 - Eve's Hand: [3C, 9D, TH]
2025-01-04 22:48:38,252 - Boss: Rank: 11 | Suit H | Attack 10 | Health 20
2025-01-04 22:48:38,252 - Tavern: [4S, 3H, 6S, 2C, 3S, 8C, 8S, 7S, 7H, 4H, 5D, 9C, AD, 9H, 5S, 4C, 4D, 6C, 5H]
2025-01-04 22:48:38,252 - Castle: [KH, KD, KC, KS, QD, QH, QS, QC, JC]
2025-01-04 22:48:38,252 - Discard: [AS, 7D, 3D, AC, 2D, AH, TD, JS, TC, 2H, 5C, 6H]
2025-01-04 22:48:38,252 - Active Player: 1
2025-01-04 22:48:38,252 - STATE LOG: END
2025-01-04 22:48:39,056 - STATE LOG: BEGIN
2025-01-04 22:48:39,056 - Noah's Hand: [2S, 6D, 7C, 9S, JD]
2025-01-04 22:48:39,056 - Eve's Hand: [3C, 9D, TH, 5H, 6C, 4D, 4C]
2025-01-04 22:48:39,056 - Boss: Rank: 11 | Suit H | Attack 10 | Health 12
2025-01-04 22:48:39,056 - Tavern: [4S, 3H, 6S, 2C, 3S, 8C, 8S, 7S, 7H, 4H, 5D, 9C, AD, 9H, 5S]
2025-01-04 22:48:39,056 - Castle: [KH, KD, KC, KS, QD, QH, QS, QC, JC]
2025-01-04 22:48:39,056 - Discard: [AS, 7D, 3D, AC, 2D, AH, TD, JS, TC, 2H, 5C, 6H, 8H, TS]
2025-01-04 22:48:39,056 - Active Player: 2
2025-01-04 22:48:39,056 - STATE LOG: END
2025-01-04 22:48:39,957 - STATE LOG: BEGIN
2025-01-04 22:48:39,957 - Noah's Hand: [2S, 6D, 7C, 9S, JD, 9H, 9C]
2025-01-04 22:48:39,957 - Eve's Hand: [3C, 5H, 6C, 9D, TH, 5S, AD]
2025-01-04 22:48:39,957 - Boss: Rank: 11 | Suit C | Attack 10 | Health 20
2025-01-04 22:48:39,957 - Tavern: [4S, 3H, 6S, 2C, 3S, 8C, 8S, 7S, 7H, 4H, 5D]
2025-01-04 22:48:39,957 - Castle: [KH, KD, KC, KS, QD, QH, QS, QC]
2025-01-04 22:48:39,957 - Discard: [AS, 7D, 3D, AC, 2D, AH, TD, JS, TC, 2H, 5C, 6H, 8H, TS, 8D, 4C, 4D, JH]
2025-01-04 22:48:39,957 - Active Player: 2
2025-01-04 22:48:39,957 - STATE LOG: END
2025-01-04 22:48:40,792 - STATE LOG: BEGIN
2025-01-04 22:48:40,792 - Noah's Hand: [2S, 6D, 7C, 9S, JD, 9H, 9C]
2025-01-04 22:48:40,792 - Eve's Hand: [AD, 3C, 6C, 9D, TH]
2025-01-04 22:48:40,792 - Boss: Rank: 11 | Suit C | Attack 0 | Health 10
2025-01-04 22:48:40,792 - Tavern: [8H, TD, 8D, JS, JH, TC, 7D, 5C, 2H, 2D, 4S, 3H, 6S, 2C, 3S, 8C, 8S, 7S, 7H, 4H, 5D]
2025-01-04 22:48:40,792 - Castle: [KH, KD, KC, KS, QD, QH, QS, QC]
2025-01-04 22:48:40,792 - Discard: [AC, AH, TS, 6H, 4D, 3D, AS, 4C]
2025-01-04 22:48:40,792 - Active Player: 1
2025-01-04 22:48:40,792 - STATE LOG: END
2025-01-04 22:48:41,567 - STATE LOG: BEGIN
2025-01-04 22:48:41,567 - Noah's Hand: [6D, 7C, 9C, 9H, 9S, JD]
2025-01-04 22:48:41,567 - Eve's Hand: [AD, 3C, 6C, 9D, TH]
2025-01-04 22:48:41,567 - Boss: Rank: 11 | Suit C | Attack 0 | Health 8
2025-01-04 22:48:41,567 - Tavern: [8H, TD, 8D, JS, JH, TC, 7D, 5C, 2H, 2D, 4S, 3H, 6S, 2C, 3S, 8C, 8S, 7S, 7H, 4H, 5D]
2025-01-04 22:48:41,567 - Castle: [KH, KD, KC, KS, QD, QH, QS, QC]
2025-01-04 22:48:41,567 - Discard: [AC, AH, TS, 6H, 4D, 3D, AS, 4C]
2025-01-04 22:48:41,567 - Active Player: 2
2025-01-04 22:48:41,567 - STATE LOG: END
2025-01-04 22:48:42,309 - STATE LOG: BEGIN
2025-01-04 22:48:42,310 - Noah's Hand: [6D, 7C, 9C, 9H, 9S, JD]
2025-01-04 22:48:42,310 - Eve's Hand: [AD, 3C, 9D, TH]
2025-01-04 22:48:42,310 - Boss: Rank: 11 | Suit C | Attack 0 | Health 2
2025-01-04 22:48:42,310 - Tavern: [8H, TD, 8D, JS, JH, TC, 7D, 5C, 2H, 2D, 4S, 3H, 6S, 2C, 3S, 8C, 8S, 7S, 7H, 4H, 5D]
2025-01-04 22:48:42,310 - Castle: [KH, KD, KC, KS, QD, QH, QS, QC]
2025-01-04 22:48:42,310 - Discard: [AC, AH, TS, 6H, 4D, 3D, AS, 4C]
2025-01-04 22:48:42,310 - Active Player: 1
2025-01-04 22:48:42,310 - STATE LOG: END
2025-01-04 22:48:43,061 - STATE LOG: BEGIN
2025-01-04 22:48:43,061 - Noah's Hand: [6D, 7C, 9C, 9H, 9S, JD]
2025-01-04 22:48:43,061 - Eve's Hand: [AD, 3C, 9D, TH]
2025-01-04 22:48:43,061 - Boss: Rank: 11 | Suit C | Attack 0 | Health 2
2025-01-04 22:48:43,061 - Tavern: [8H, TD, 8D, JS, JH, TC, 7D, 5C, 2H, 2D, 4S, 3H, 6S, 2C, 3S, 8C, 8S, 7S, 7H, 4H, 5D]
2025-01-04 22:48:43,061 - Castle: [KH, KD, KC, KS, QD, QH, QS, QC]
2025-01-04 22:48:43,061 - Discard: [AC, AH, TS, 6H, 4D, 3D, AS, 4C]
2025-01-04 22:48:43,061 - Active Player: 2
2025-01-04 22:48:43,061 - STATE LOG: END
2025-01-04 22:48:43,763 - STATE LOG: BEGIN
2025-01-04 22:48:43,763 - Noah's Hand: [6D, 7C, 9C, 9H, 9S, JD, 4H]
2025-01-04 22:48:43,763 - Eve's Hand: [AD, 3C, TH, 5D, 7H, 7S, 8S]
2025-01-04 22:48:43,763 - Boss: Rank: 12 | Suit C | Attack 15 | Health 30
2025-01-04 22:48:43,763 - Tavern: [8H, TD, 8D, JS, JH, TC, 7D, 5C, 2H, 2D, 4S, 3H, 6S, 2C, 3S, 8C]
2025-01-04 22:48:43,763 - Castle: [KH, KD, KC, KS, QD, QH, QS]
2025-01-04 22:48:43,763 - Discard: [AC, AH, TS, 6H, 4D, 3D, AS, 4C, 2S, 5H, 5S, 6C, 9D, JC]
2025-01-04 22:48:43,763 - Active Player: 2
2025-01-04 22:48:43,763 - STATE LOG: END
2025-01-04 22:48:44,517 - STATE LOG: BEGIN
2025-01-04 22:48:44,517 - Noah's Hand: [6D, 7C, 9C, 9H, 9S, JD, 4H]
2025-01-04 22:48:44,517 - Eve's Hand: [3C, 5D, 7S, TH, 8C, 3S]
2025-01-04 22:48:44,517 - Boss: Rank: 12 | Suit C | Attack 6 | Health 21
2025-01-04 22:48:44,517 - Tavern: [8H, TD, 8D, JS, JH, TC, 7D, 5C, 2H, 2D, 4S, 3H, 6S, 2C]
2025-01-04 22:48:44,517 - Castle: [KH, KD, KC, KS, QD, QH, QS]
2025-01-04 22:48:44,517 - Discard: [AC, AH, TS, 6H, 4D, 3D, AS, 4C, 2S, 5H, 5S, 6C, 9D, JC, 7H]
2025-01-04 22:48:44,517 - Active Player: 1
2025-01-04 22:48:44,517 - STATE LOG: END
2025-01-04 22:48:45,261 - STATE LOG: BEGIN
2025-01-04 22:48:45,261 - Noah's Hand: [4H, 6D, 7C, 9H, 9S, JD]
2025-01-04 22:48:45,261 - Eve's Hand: [3C, 5D, 7S, TH, 8C, 3S]
2025-01-04 22:48:45,261 - Boss: Rank: 12 | Suit C | Attack 6 | Health 21
2025-01-04 22:48:45,261 - Tavern: [8H, TD, 8D, JS, JH, TC, 7D, 5C, 2H, 2D, 4S, 3H, 6S, 2C]
2025-01-04 22:48:45,261 - Castle: [KH, KD, KC, KS, QD, QH, QS]
2025-01-04 22:48:45,261 - Discard: [AC, AH, TS, 6H, 4D, 3D, AS, 4C, 2S, 5H, 5S, 6C, 9D, JC, 7H, 9C]
2025-01-04 22:48:45,261 - Active Player: 2
2025-01-04 22:48:45,261 - STATE LOG: END
2025-01-04 22:48:45,973 - STATE LOG: BEGIN
2025-01-04 22:48:45,973 - Noah's Hand: [4H, 6D, 7C, 9H, 9S, JD]
2025-01-04 22:48:45,973 - Eve's Hand: [3S, 5D, 7S, 8C]
2025-01-04 22:48:45,973 - Boss: Rank: 12 | Suit C | Attack 6 | Health 18
2025-01-04 22:48:45,973 - Tavern: [8H, TD, 8D, JS, JH, TC, 7D, 5C, 2H, 2D, 4S, 3H, 6S, 2C]
2025-01-04 22:48:45,973 - Castle: [KH, KD, KC, KS, QD, QH, QS]
2025-01-04 22:48:45,973 - Discard: [AC, AH, TS, 6H, 4D, 3D, AS, 4C, 2S, 5H, 5S, 6C, 9D, JC, 7H, 9C, TH]
2025-01-04 22:48:45,973 - Active Player: 1
2025-01-04 22:48:45,973 - STATE LOG: END
2025-01-04 22:48:46,741 - STATE LOG: BEGIN
2025-01-04 22:48:46,741 - Noah's Hand: [4H, 9H, 9S, JD, 2C]
2025-01-04 22:48:46,741 - Eve's Hand: [3S, 5D, 7S, 8C, 6S, 4S, 2D]
2025-01-04 22:48:46,741 - Boss: Rank: 12 | Suit C | Attack 6 | Health 12
2025-01-04 22:48:46,741 - Tavern: [8H, TD, 8D, JS, JH, TC, 7D, 5C, 2H]
2025-01-04 22:48:46,741 - Castle: [KH, KD, KC, KS, QD, QH, QS]
2025-01-04 22:48:46,741 - Discard: [AC, AH, TS, 6H, 4D, 3D, AS, 4C, 2S, 5H, 5S, 6C, 9D, JC, 7H, 9C, TH, 3H, 7C]
2025-01-04 22:48:46,741 - Active Player: 2
2025-01-04 22:48:46,741 - STATE LOG: END
2025-01-04 22:48:47,495 - STATE LOG: BEGIN
2025-01-04 22:48:47,495 - Noah's Hand: [4H, 9H, 9S, JD, 2C, 5C, 7D]
2025-01-04 22:48:47,495 - Eve's Hand: [2D, 4S, 6S, 7S, 2H]
2025-01-04 22:48:47,495 - Boss: Rank: 12 | Suit C | Attack 6 | Health 7
2025-01-04 22:48:47,495 - Tavern: [8H, TD, 8D, JS, JH, TC]
2025-01-04 22:48:47,495 - Castle: [KH, KD, KC, KS, QD, QH, QS]
2025-01-04 22:48:47,495 - Discard: [AC, AH, TS, 6H, 4D, 3D, AS, 4C, 2S, 5H, 5S, 6C, 9D, JC, 7H, 9C, TH, 3H, 7C, 3S, 8C]
2025-01-04 22:48:47,495 - Active Player: 1
2025-01-04 22:48:47,495 - STATE LOG: END
2025-01-04 22:48:48,182 - STATE LOG: BEGIN
2025-01-04 22:48:48,182 - Noah's Hand: [2C, 4H, 5C, 7D, 9S, JD]
2025-01-04 22:48:48,182 - Eve's Hand: [2D, 4S, 6S, 7S, 2H]
2025-01-04 22:48:48,182 - Boss: Rank: 12 | Suit S | Attack 15 | Health 30
2025-01-04 22:48:48,182 - Tavern: [5H, 8C, 3S, AC, TH, 4C, 9D, 3D, 4D, 8H, TD, 8D, JS, JH, TC]
2025-01-04 22:48:48,182 - Castle: [KH, KD, KC, KS, QD, QH]
2025-01-04 22:48:48,182 - Discard: [2S, 9C, JC, TS, AH, 3H, 7H, 7C, 6H, AS, 6C, 5S, 6D, 9H, AD, 8S, 3C, 5D, QC]
2025-01-04 22:48:48,182 - Active Player: 1
2025-01-04 22:48:48,182 - STATE LOG: END
2025-01-04 22:48:48,771 - STATE LOG: BEGIN
2025-01-04 22:48:48,771 - Noah's Hand: [2C, 7D, 9S, JS]
2025-01-04 22:48:48,771 - Eve's Hand: [2D, 4S, 6S, 7S, 2H, JH, 8D]
2025-01-04 22:48:48,771 - Boss: Rank: 12 | Suit S | Attack 15 | Health 19
2025-01-04 22:48:48,771 - Tavern: [5H, 8C, 3S, AC, TH, 4C, 9D, 3D, 4D, 8H, TD]
2025-01-04 22:48:48,771 - Castle: [KH, KD, KC, KS, QD, QH]
2025-01-04 22:48:48,771 - Discard: [2S, 9C, JC, TS, AH, 3H, 7H, 7C, 6H, AS, 6C, 5S, 6D, 9H, AD, 8S, 3C, 5D, QC, 4H, 5C, TC]
2025-01-04 22:48:48,771 - Active Player: 2
2025-01-04 22:48:48,771 - STATE LOG: END
2025-01-04 22:48:49,354 - STATE LOG: BEGIN
2025-01-04 22:48:49,354 - Noah's Hand: [2C, 7D, 9S, JS, 8H, 3D]
2025-01-04 22:48:49,354 - Eve's Hand: [4S, 8D, TD, 4D]
2025-01-04 22:48:49,354 - Boss: Rank: 12 | Suit S | Attack 15 | Health 15
2025-01-04 22:48:49,354 - Tavern: [9H, 6D, 6C, TC, 5H, 8C, 3S, AC, TH, 4C, 9D]
2025-01-04 22:48:49,354 - Castle: [KH, KD, KC, KS, QD, QH]
2025-01-04 22:48:49,354 - Discard: [5S, 2S, 3H, QC, JC, 8S, 9C, 6H, 5D, AH, 7H, 7C, 4H, TS, AD, AS, 3C, 5C, 7S, 6S, JH]
2025-01-04 22:48:49,354 - Active Player: 1
2025-01-04 22:48:49,354 - STATE LOG: END
2025-01-04 22:48:50,150 - STATE LOG: BEGIN
2025-01-04 22:48:50,150 - Noah's Hand: [2C, 3D, 9S, JS, 9D]
2025-01-04 22:48:50,150 - Eve's Hand: [4S, 8D, TD, 4D, 4C, AC, 3S]
2025-01-04 22:48:50,150 - Boss: Rank: 12 | Suit S | Attack 15 | Health 8
2025-01-04 22:48:50,150 - Tavern: [9H, 6D, 6C, TC, 5H, 8C]
2025-01-04 22:48:50,150 - Castle: [KH, KD, KC, KS, QD, QH]
2025-01-04 22:48:50,150 - Discard: [5S, 2S, 3H, QC, JC, 8S, 9C, 6H, 5D, AH, 7H, 7C, 4H, TS, AD, AS, 3C, 5C, 7S, 6S, JH, 8H, TH]
2025-01-04 22:48:50,150 - Active Player: 2
2025-01-04 22:48:50,150 - STATE LOG: END
2025-01-04 22:48:50,917 - STATE LOG: BEGIN
2025-01-04 22:48:50,917 - Noah's Hand: [2C, 3D, 9S, JS, 9D, 5H, TC]
2025-01-04 22:48:50,917 - Eve's Hand: [AC, 3S, 4C, 4D, 4S, TD, 8C]
2025-01-04 22:48:50,917 - Boss: Rank: 12 | Suit H | Attack 15 | Health 30
2025-01-04 22:48:50,917 - Tavern: [9H, 6D, 6C]
2025-01-04 22:48:50,917 - Castle: [KH, KD, KC, KS, QD]
2025-01-04 22:48:50,917 - Discard: [5S, 2S, 3H, QC, JC, 8S, 9C, 6H, 5D, AH, 7H, 7C, 4H, TS, AD, AS, 3C, 5C, 7S, 6S, JH, 8H, TH, JD, 7D, 2D, 2H, 8D]
2025-01-04 22:48:50,917 - Active Player: 2
2025-01-04 22:48:50,917 - STATE LOG: END
2025-01-04 22:48:51,649 - STATE LOG: BEGIN
2025-01-04 22:48:51,649 - Noah's Hand: [2C, 3D, 9S, JS, 9D, 5H, TC]
2025-01-04 22:48:51,649 - Eve's Hand: [AC, 3S, 4C, TD, QS, 6C]
2025-01-04 22:48:51,649 - Boss: Rank: 12 | Suit H | Attack 7 | Health 22
2025-01-04 22:48:51,649 - Tavern: [9H, 6D]
2025-01-04 22:48:51,649 - Castle: [KH, KD, KC, KS, QD]
2025-01-04 22:48:51,649 - Discard: [5S, 2S, 3H, QC, JC, 8S, 9C, 6H, 5D, AH, 7H, 7C, 4H, TS, AD, AS, 3C, 5C, 7S, 6S, JH, 8H, TH, JD, 7D, 2D, 2H, 8D, 8C]
2025-01-04 22:48:51,649 - Active Player: 1
2025-01-04 22:48:51,649 - STATE LOG: END
2025-01-04 22:48:52,429 - STATE LOG: BEGIN
2025-01-04 22:48:52,429 - Noah's Hand: [2C, 3D, 5H, 9D, TC, JS]
2025-01-04 22:48:52,429 - Eve's Hand: [AC, 3S, 4C, TD, QS, 6C]
2025-01-04 22:48:52,429 - Boss: Rank: 12 | Suit H | Attack 0 | Health 13
2025-01-04 22:48:52,429 - Tavern: [9H, 6D]
2025-01-04 22:48:52,429 - Castle: [KH, KD, KC, KS, QD]
2025-01-04 22:48:52,429 - Discard: [5S, 2S, 3H, QC, JC, 8S, 9C, 6H, 5D, AH, 7H, 7C, 4H, TS, AD, AS, 3C, 5C, 7S, 6S, JH, 8H, TH, JD, 7D, 2D, 2H, 8D, 8C]
2025-01-04 22:48:52,429 - Active Player: 2
2025-01-04 22:48:52,429 - STATE LOG: END
2025-01-04 22:48:53,136 - STATE LOG: BEGIN
2025-01-04 22:48:53,136 - Noah's Hand: [2C, 3D, 5H, 9D, TC, JS]
2025-01-04 22:48:53,136 - Eve's Hand: [AC, 3S, 4C, 6C, TD, QS]
2025-01-04 22:48:53,136 - Boss: Rank: 12 | Suit H | Attack 0 | Health 13
2025-01-04 22:48:53,136 - Tavern: [9H, 6D]
2025-01-04 22:48:53,136 - Castle: [KH, KD, KC, KS, QD]
2025-01-04 22:48:53,136 - Discard: [5S, 2S, 3H, QC, JC, 8S, 9C, 6H, 5D, AH, 7H, 7C, 4H, TS, AD, AS, 3C, 5C, 7S, 6S, JH, 8H, TH, JD, 7D, 2D, 2H, 8D, 8C]
2025-01-04 22:48:53,136 - Active Player: 1
2025-01-04 22:48:53,136 - STATE LOG: END
2025-01-04 22:48:53,907 - STATE LOG: BEGIN
2025-01-04 22:48:53,907 - Noah's Hand: [2C, 5H, 9D, TC, JS, 6D]
2025-01-04 22:48:53,907 - Eve's Hand: [AC, 3S, 4C, 6C, TD, QS, 9H]
2025-01-04 22:48:53,907 - Boss: Rank: 12 | Suit H | Attack 0 | Health 10
2025-01-04 22:48:53,907 - Tavern: []
2025-01-04 22:48:53,907 - Castle: [KH, KD, KC, KS, QD]
2025-01-04 22:48:53,907 - Discard: [5S, 2S, 3H, QC, JC, 8S, 9C, 6H, 5D, AH, 7H, 7C, 4H, TS, AD, AS, 3C, 5C, 7S, 6S, JH, 8H, TH, JD, 7D, 2D, 2H, 8D, 8C]
2025-01-04 22:48:53,907 - Active Player: 2
2025-01-04 22:48:53,907 - STATE LOG: END
2025-01-04 22:48:54,683 - STATE LOG: BEGIN
2025-01-04 22:48:54,683 - Noah's Hand: [2C, 5H, 9D, TC, JS, 6D]
2025-01-04 22:48:54,683 - Eve's Hand: [AC, 3S, 4C, 6C, 9H, TD, QS]
2025-01-04 22:48:54,683 - Boss: Rank: 12 | Suit H | Attack 0 | Health 10
2025-01-04 22:48:54,683 - Tavern: []
2025-01-04 22:48:54,683 - Castle: [KH, KD, KC, KS, QD]
2025-01-04 22:48:54,683 - Discard: [5S, 2S, 3H, QC, JC, 8S, 9C, 6H, 5D, AH, 7H, 7C, 4H, TS, AD, AS, 3C, 5C, 7S, 6S, JH, 8H, TH, JD, 7D, 2D, 2H, 8D, 8C]
2025-01-04 22:48:54,683 - Active Player: 1
2025-01-04 22:48:54,683 - STATE LOG: END
2025-01-04 22:48:55,462 - STATE LOG: BEGIN
2025-01-04 22:48:55,462 - Noah's Hand: [2C, 6D, 9D, TC, JS]
2025-01-04 22:48:55,462 - Eve's Hand: [AC, 3S, 4C, 6C, 9H, TD, QS]
2025-01-04 22:48:55,462 - Boss: Rank: 12 | Suit H | Attack 0 | Health 5
2025-01-04 22:48:55,462 - Tavern: []
2025-01-04 22:48:55,462 - Castle: [KH, KD, KC, KS, QD]
2025-01-04 22:48:55,462 - Discard: [5S, 2S, 3H, QC, JC, 8S, 9C, 6H, 5D, AH, 7H, 7C, 4H, TS, AD, AS, 3C, 5C, 7S, 6S, JH, 8H, TH, JD, 7D, 2D, 2H, 8D, 8C]
2025-01-04 22:48:55,462 - Active Player: 2
2025-01-04 22:48:55,462 - STATE LOG: END
2025-01-04 22:48:56,228 - STATE LOG: BEGIN
2025-01-04 22:48:56,229 - Noah's Hand: [2C, 6D, 9D, TC, JS]
2025-01-04 22:48:56,229 - Eve's Hand: [3S, 4C, 6C, 9H, TD, QS]
2025-01-04 22:48:56,229 - Boss: Rank: 12 | Suit H | Attack 0 | Health 3
2025-01-04 22:48:56,229 - Tavern: []
2025-01-04 22:48:56,229 - Castle: [KH, KD, KC, KS, QD]
2025-01-04 22:48:56,229 - Discard: [5S, 2S, 3H, QC, JC, 8S, 9C, 6H, 5D, AH, 7H, 7C, 4H, TS, AD, AS, 3C, 5C, 7S, 6S, JH, 8H, TH, JD, 7D, 2D, 2H, 8D, 8C]
2025-01-04 22:48:56,229 - Active Player: 1
2025-01-04 22:48:56,229 - STATE LOG: END
2025-01-04 22:48:56,617 - STATE LOG: BEGIN
2025-01-04 22:48:56,617 - Noah's Hand: [2C, 6D, 9D, TC, JS]
2025-01-04 22:48:56,617 - Eve's Hand: [3S, 4C, 6C, 9H, TD, QS]
2025-01-04 22:48:56,617 - Boss: Rank: 12 | Suit H | Attack 0 | Health 3
2025-01-04 22:48:56,617 - Tavern: []
2025-01-04 22:48:56,617 - Castle: [KH, KD, KC, KS, QD]
2025-01-04 22:48:56,617 - Discard: [5S, 2S, 3H, QC, JC, 8S, 9C, 6H, 5D, AH, 7H, 7C, 4H, TS, AD, AS, 3C, 5C, 7S, 6S, JH, 8H, TH, JD, 7D, 2D, 2H, 8D, 8C]
2025-01-04 22:48:56,617 - Active Player: 2
2025-01-04 22:48:56,617 - STATE LOG: END
2025-01-04 22:48:57,317 - STATE LOG: BEGIN
2025-01-04 22:48:57,317 - Noah's Hand: [2C, 6D, 9D, TC, JS]
2025-01-04 22:48:57,317 - Eve's Hand: [3S, 6C, 9H, TD, QS]
2025-01-04 22:48:57,317 - Boss: Rank: 12 | Suit D | Attack 15 | Health 30
2025-01-04 22:48:57,317 - Tavern: []
2025-01-04 22:48:57,317 - Castle: [KH, KD, KC, KS]
2025-01-04 22:48:57,317 - Discard: [5S, 2S, 3H, QC, JC, 8S, 9C, 6H, 5D, AH, 7H, 7C, 4H, TS, AD, AS, 3C, 5C, 7S, 6S, JH, 8H, TH, JD, 7D, 2D, 2H, 8D, 8C, 9S, 3D, 5H, 4D, 4S, AC, 4C, QH]
2025-01-04 22:48:57,317 - Active Player: 2
2025-01-04 22:48:57,317 - STATE LOG: END
2025-01-04 22:48:57,602 - STATE LOG: BEGIN
2025-01-04 22:48:57,602 - Noah's Hand: [2C, 6D, 9D, TC, JS]
2025-01-04 22:48:57,602 - Eve's Hand: [3S, 9H, TD]
2025-01-04 22:48:57,602 - Boss: Rank: 12 | Suit D | Attack 3 | Health 18
2025-01-04 22:48:57,602 - Tavern: []
2025-01-04 22:48:57,602 - Castle: [KH, KD, KC, KS]
2025-01-04 22:48:57,602 - Discard: [5S, 2S, 3H, QC, JC, 8S, 9C, 6H, 5D, AH, 7H, 7C, 4H, TS, AD, AS, 3C, 5C, 7S, 6S, JH, 8H, TH, JD, 7D, 2D, 2H, 8D, 8C, 9S, 3D, 5H, 4D, 4S, AC, 4C, QH, 6C]
2025-01-04 22:48:57,602 - Active Player: 1
2025-01-04 22:48:57,602 - STATE LOG: END
2025-01-04 22:48:57,889 - STATE LOG: BEGIN
2025-01-04 22:48:57,889 - Noah's Hand: [6D, 9D, TC]
2025-01-04 22:48:57,890 - Eve's Hand: [3S, 9H, TD]
2025-01-04 22:48:57,890 - Boss: Rank: 12 | Suit D | Attack 3 | Health 18
2025-01-04 22:48:57,890 - Tavern: []
2025-01-04 22:48:57,890 - Castle: [KH, KD, KC, KS]
2025-01-04 22:48:57,890 - Discard: [5S, 2S, 3H, QC, JC, 8S, 9C, 6H, 5D, AH, 7H, 7C, 4H, TS, AD, AS, 3C, 5C, 7S, 6S, JH, 8H, TH, JD, 7D, 2D, 2H, 8D, 8C, 9S, 3D, 5H, 4D, 4S, AC, 4C, QH, 6C, 2C, JS]
2025-01-04 22:48:57,890 - Active Player: 2
2025-01-04 22:48:57,890 - STATE LOG: END
2025-01-04 22:48:57,995 - STATE LOG: BEGIN
2025-01-04 22:48:57,995 - Noah's Hand: [6D, 9D, TC]
2025-01-04 22:48:57,995 - Eve's Hand: [9H, TD]
2025-01-04 22:48:57,995 - Boss: Rank: 12 | Suit D | Attack 0 | Health 15
2025-01-04 22:48:57,995 - Tavern: []
2025-01-04 22:48:57,995 - Castle: [KH, KD, KC, KS]
2025-01-04 22:48:57,995 - Discard: [5S, 2S, 3H, QC, JC, 8S, 9C, 6H, 5D, AH, 7H, 7C, 4H, TS, AD, AS, 3C, 5C, 7S, 6S, JH, 8H, TH, JD, 7D, 2D, 2H, 8D, 8C, 9S, 3D, 5H, 4D, 4S, AC, 4C, QH, 6C, 2C, JS]
2025-01-04 22:48:57,995 - Active Player: 1
2025-01-04 22:48:57,995 - STATE LOG: END
2025-01-04 22:48:58,137 - STATE LOG: BEGIN
2025-01-04 22:48:58,137 - Noah's Hand: [6D, TC]
2025-01-04 22:48:58,137 - Eve's Hand: [9H, TD]
2025-01-04 22:48:58,137 - Boss: Rank: 12 | Suit D | Attack 0 | Health 6
2025-01-04 22:48:58,137 - Tavern: []
2025-01-04 22:48:58,137 - Castle: [KH, KD, KC, KS]
2025-01-04 22:48:58,137 - Discard: [5S, 2S, 3H, QC, JC, 8S, 9C, 6H, 5D, AH, 7H, 7C, 4H, TS, AD, AS, 3C, 5C, 7S, 6S, JH, 8H, TH, JD, 7D, 2D, 2H, 8D, 8C, 9S, 3D, 5H, 4D, 4S, AC, 4C, QH, 6C, 2C, JS]
2025-01-04 22:48:58,137 - Active Player: 2
2025-01-04 22:48:58,137 - STATE LOG: END
2025-01-04 22:48:58,179 - STATE LOG: BEGIN
2025-01-04 22:48:58,179 - Noah's Hand: [6D, TC]
2025-01-04 22:48:58,179 - Eve's Hand: [9H, TD]
2025-01-04 22:48:58,179 - Boss: Rank: 12 | Suit D | Attack 0 | Health 6
2025-01-04 22:48:58,179 - Tavern: []
2025-01-04 22:48:58,179 - Castle: [KH, KD, KC, KS]
2025-01-04 22:48:58,179 - Discard: [5S, 2S, 3H, QC, JC, 8S, 9C, 6H, 5D, AH, 7H, 7C, 4H, TS, AD, AS, 3C, 5C, 7S, 6S, JH, 8H, TH, JD, 7D, 2D, 2H, 8D, 8C, 9S, 3D, 5H, 4D, 4S, AC, 4C, QH, 6C, 2C, JS]
2025-01-04 22:48:58,179 - Active Player: 1
2025-01-04 22:48:58,179 - STATE LOG: END
2025-01-04 22:48:58,188 - STATE LOG: BEGIN
2025-01-04 22:48:58,188 - Noah's Hand: [6D]
2025-01-04 22:48:58,188 - Eve's Hand: [9H, TD]
2025-01-04 22:48:58,188 - Boss: Rank: 13 | Suit S | Attack 20 | Health 40
2025-01-04 22:48:58,188 - Tavern: []
2025-01-04 22:48:58,188 - Castle: [KH, KD, KC]
2025-01-04 22:48:58,188 - Discard: [5S, 2S, 3H, QC, JC, 8S, 9C, 6H, 5D, AH, 7H, 7C, 4H, TS, AD, AS, 3C, 5C, 7S, 6S, JH, 8H, TH, JD, 7D, 2D, 2H, 8D, 8C, 9S, 3D, 5H, 4D, 4S, AC, 4C, QH, 6C, 2C, JS, 9D, TC, QS, 3S, QD]
2025-01-04 22:48:58,188 - Active Player: 1
2025-01-04 22:48:58,188 - STATE LOG: END
2025-01-04 22:48:58,191 - STATE LOG: BEGIN
2025-01-04 22:48:58,191 - Noah's Hand: []
2025-01-04 22:48:58,191 - Eve's Hand: [9H, TD]
2025-01-04 22:48:58,191 - Boss: Rank: 13 | Suit S | Attack 20 | Health 34
2025-01-04 22:48:58,191 - Tavern: []
2025-01-04 22:48:58,191 - Castle: [KH, KD, KC]
2025-01-04 22:48:58,191 - Discard: [5S, 2S, 3H, QC, JC, 8S, 9C, 6H, 5D, AH, 7H, 7C, 4H, TS, AD, AS, 3C, 5C, 7S, 6S, JH, 8H, TH, JD, 7D, 2D, 2H, 8D, 8C, 9S, 3D, 5H, 4D, 4S, AC, 4C, QH, 6C, 2C, JS, 9D, TC, QS, 3S, QD]
2025-01-04 22:48:58,191 - Active Player: 2
2025-01-04 22:48:58,191 - STATE LOG: END
