2025-01-04 13:45:28,750 - I log states! :D
2025-01-04 13:45:28,750 - STATE LOG: BEGIN
2025-01-04 13:45:28,750 - Noah's Hand: [7S, 2H, 5C, 7C, TS, 8H, 9C]
2025-01-04 13:45:28,750 - Eve's Hand: [TC, 2C, 5D, 3S, 7D, TH, 4H]
2025-01-04 13:45:28,750 - Boss: Rank: 11 | Suit S | Attack 10 | Health 20
2025-01-04 13:45:28,750 - Tavern: [6H, 6D, 8C, 6S, AD, 2S, 5S, 8D, AH, 4D, 5H, 4S, 4C, 9H, 8S, 3C, 3D, AS, TD, 2D, 9D, 9S, 6C, AC, 3H, 7H]
2025-01-04 13:45:28,751 - Castle: [KH, KD, KS, KC, QH, QC, QD, QS, JH, JD, JC]
2025-01-04 13:45:28,751 - Discard: []
2025-01-04 13:45:28,751 - Active Player: 1
2025-01-04 13:45:28,751 - STATE LOG: END
2025-01-04 13:45:38,765 - STATE LOG: BEGIN
2025-01-04 13:45:38,765 - Noah's Hand: [2H, 5C, 7C, 7S, 8H, 9C]
2025-01-04 13:45:38,765 - Eve's Hand: [TC, 2C, 5D, 3S, 7D, TH, 4H]
2025-01-04 13:45:38,765 - Boss: Rank: 11 | Suit S | Attack 10 | Health 20
2025-01-04 13:45:38,765 - Tavern: [6H, 6D, 8C, 6S, AD, 2S, 5S, 8D, AH, 4D, 5H, 4S, 4C, 9H, 8S, 3C, 3D, AS, TD, 2D, 9D, 9S, 6C, AC, 3H, 7H]
2025-01-04 13:45:38,765 - Castle: [KH, KD, KS, KC, QH, QC, QD, QS, JH, JD, JC]
2025-01-04 13:45:38,765 - Discard: [TS]
2025-01-04 13:45:38,765 - Active Player: 2
2025-01-04 13:45:38,765 - STATE LOG: END
2025-01-04 13:45:42,986 - STATE LOG: BEGIN
2025-01-04 13:45:42,986 - Noah's Hand: [2H, 5C, 7C, 7S, 8H, 9C, 3H]
2025-01-04 13:45:42,986 - Eve's Hand: [2C, 3S, 4H, 7D, TC]
2025-01-04 13:45:42,986 - Boss: Rank: 11 | Suit S | Attack 10 | Health 15
2025-01-04 13:45:42,986 - Tavern: [6H, 6D, 8C, 6S, AD, 2S, 5S, 8D, AH, 4D, 5H, 4S, 4C, 9H, 8S, 3C, 3D, AS, TD, 2D, 9D, 9S, 6C, AC]
2025-01-04 13:45:42,986 - Castle: [KH, KD, KS, KC, QH, QC, QD, QS, JH, JD, JC]
2025-01-04 13:45:42,986 - Discard: [TS, 7H, TH]
2025-01-04 13:45:42,986 - Active Player: 1
2025-01-04 13:45:42,986 - STATE LOG: END
2025-01-04 13:45:45,766 - STATE LOG: BEGIN
2025-01-04 13:45:45,766 - Noah's Hand: [3H, 5C, 7C, 7S]
2025-01-04 13:45:45,766 - Eve's Hand: [2C, 3S, 4H, 7D, TC]
2025-01-04 13:45:45,766 - Boss: Rank: 11 | Suit S | Attack 10 | Health 13
2025-01-04 13:45:45,766 - Tavern: [TH, 7H, 6H, 6D, 8C, 6S, AD, 2S, 5S, 8D, AH, 4D, 5H, 4S, 4C, 9H, 8S, 3C, 3D, AS, TD, 2D, 9D, 9S, 6C, AC]
2025-01-04 13:45:45,766 - Castle: [KH, KD, KS, KC, QH, QC, QD, QS, JH, JD, JC]
2025-01-04 13:45:45,766 - Discard: [TS, 9C, 8H]
2025-01-04 13:45:45,766 - Active Player: 2
2025-01-04 13:45:45,766 - STATE LOG: END
2025-01-04 13:45:48,009 - STATE LOG: BEGIN
2025-01-04 13:45:48,009 - Noah's Hand: [3H, 5C, 7C, 7S, 6C, 9D, TD]
2025-01-04 13:45:48,009 - Eve's Hand: [2C, 3S, 4H, TC, AC]
2025-01-04 13:45:48,009 - Boss: Rank: 11 | Suit S | Attack 10 | Health 6
2025-01-04 13:45:48,009 - Tavern: [TH, 7H, 6H, 6D, 8C, 6S, AD, 2S, 5S, 8D, AH, 4D, 5H, 4S, 4C, 9H, 8S, 3C, 3D, AS]
2025-01-04 13:45:48,009 - Castle: [KH, KD, KS, KC, QH, QC, QD, QS, JH, JD, JC]
2025-01-04 13:45:48,009 - Discard: [TS, 9C, 8H, 2D, 9S]
2025-01-04 13:45:48,009 - Active Player: 1
2025-01-04 13:45:48,009 - STATE LOG: END
2025-01-04 13:45:57,069 - STATE LOG: BEGIN
2025-01-04 13:45:57,069 - Noah's Hand: [3H, 5C, 6C, 7C, 7S, 9D, AS]
2025-01-04 13:45:57,069 - Eve's Hand: [2C, 3S, 4H, TC, AC, 3D, 3C]
2025-01-04 13:45:57,069 - Boss: Rank: 11 | Suit C | Attack 10 | Health 20
2025-01-04 13:45:57,069 - Tavern: [TH, 7H, 6H, 6D, 8C, 6S, AD, 2S, 5S, 8D, AH, 4D, 5H, 4S, 4C, 9H, 8S]
2025-01-04 13:45:57,069 - Castle: [KH, KD, KS, KC, QH, QC, QD, QS, JH, JD]
2025-01-04 13:45:57,069 - Discard: [TS, 9C, 8H, 2D, 9S, 2H, TD, 5D, 7D, JS]
2025-01-04 13:45:57,070 - Active Player: 1
2025-01-04 13:45:57,070 - STATE LOG: END
2025-01-04 13:46:07,071 - STATE LOG: BEGIN
2025-01-04 13:46:07,071 - Noah's Hand: [5C, 6C, 7C, 7S]
2025-01-04 13:46:07,071 - Eve's Hand: [2C, 3S, 4H, TC, AC, 3D, 3C]
2025-01-04 13:46:07,071 - Boss: Rank: 11 | Suit C | Attack 6 | Health 16
2025-01-04 13:46:07,071 - Tavern: [JS, 2H, 7D, 8H, TH, 7H, 6H, 6D, 8C, 6S, AD, 2S, 5S, 8D, AH, 4D, 5H, 4S, 4C, 9H, 8S]
2025-01-04 13:46:07,071 - Castle: [KH, KD, KS, KC, QH, QC, QD, QS, JH, JD]
2025-01-04 13:46:07,071 - Discard: [TS, 9S, 2D, TD, 9C, 5D, 9D]
2025-01-04 13:46:07,071 - Active Player: 2
2025-01-04 13:46:07,071 - STATE LOG: END
2025-01-04 13:46:13,986 - STATE LOG: BEGIN
2025-01-04 13:46:13,986 - Noah's Hand: [5C, 6C, 7C, 7S, 9H, 4S, 5H]
2025-01-04 13:46:13,986 - Eve's Hand: [AC, 2C, 3C, 4H, TC, 8S, 4C]
2025-01-04 13:46:13,986 - Boss: Rank: 11 | Suit C | Attack 0 | Health 10
2025-01-04 13:46:13,986 - Tavern: [JS, 2H, 7D, 8H, TH, 7H, 6H, 6D, 8C, 6S, AD, 2S, 5S, 8D, AH, 4D]
2025-01-04 13:46:13,986 - Castle: [KH, KD, KS, KC, QH, QC, QD, QS, JH, JD]
2025-01-04 13:46:13,986 - Discard: [TS, 9S, 2D, TD, 9C, 5D, 9D]
2025-01-04 13:46:13,986 - Active Player: 1
2025-01-04 13:46:13,986 - STATE LOG: END
2025-01-04 13:46:23,918 - STATE LOG: BEGIN
2025-01-04 13:46:23,918 - Noah's Hand: [4S, 5C, 5H, 6C, 7C, 7S]
2025-01-04 13:46:23,918 - Eve's Hand: [AC, 2C, 3C, 4H, TC, 8S, 4C]
2025-01-04 13:46:23,918 - Boss: Rank: 11 | Suit C | Attack 0 | Health 1
2025-01-04 13:46:23,918 - Tavern: [2D, 9C, TS, 9S, TD, 9D, 5D, JS, 2H, 7D, 8H, TH, 7H, 6H, 6D, 8C, 6S, AD, 2S, 5S, 8D, AH, 4D]
2025-01-04 13:46:23,918 - Castle: [KH, KD, KS, KC, QH, QC, QD, QS, JH, JD]
2025-01-04 13:46:23,918 - Discard: []
2025-01-04 13:46:23,918 - Active Player: 2
2025-01-04 13:46:23,918 - STATE LOG: END
2025-01-04 13:46:33,424 - STATE LOG: BEGIN
2025-01-04 13:46:33,424 - Noah's Hand: [4S, 5C, 5H, 6C, 7C, 7S]
2025-01-04 13:46:33,424 - Eve's Hand: [2C, 3C, 4C, 4H, 8S, TC]
2025-01-04 13:46:33,424 - Boss: Rank: 11 | Suit D | Attack 10 | Health 20
2025-01-04 13:46:33,424 - Tavern: [2D, 9C, TS, 9S, TD, 9D, 5D, JS, 2H, 7D, 8H, TH, 7H, 6H, 6D, 8C, 6S, AD, 2S, 5S, 8D, AH, 4D]
2025-01-04 13:46:33,424 - Castle: [KH, KD, KS, KC, QH, QC, QD, QS, JH]
2025-01-04 13:46:33,424 - Discard: [AS, 3H, 9H, 3D, 3S, AC]
2025-01-04 13:46:33,424 - Active Player: 2
2025-01-04 13:46:33,424 - STATE LOG: END
2025-01-04 13:46:38,151 - STATE LOG: BEGIN
2025-01-04 13:46:38,151 - Noah's Hand: [4S, 5C, 5H, 6C, 7C, 7S]
2025-01-04 13:46:38,151 - Eve's Hand: [2C, 3C, 8S]
2025-01-04 13:46:38,151 - Boss: Rank: 11 | Suit D | Attack 10 | Health 4
2025-01-04 13:46:38,151 - Tavern: [AC, 3H, 9H, 3S, 3D, AS, 2D, 9C, TS, 9S, TD, 9D, 5D, JS, 2H, 7D, 8H, TH, 7H, 6H, 6D, 8C, 6S, AD, 2S, 5S, 8D, AH, 4D]
2025-01-04 13:46:38,151 - Castle: [KH, KD, KS, KC, QH, QC, QD, QS, JH]
2025-01-04 13:46:38,151 - Discard: [TC]
2025-01-04 13:46:38,151 - Active Player: 1
2025-01-04 13:46:38,151 - STATE LOG: END
2025-01-04 13:46:39,201 - STATE LOG: BEGIN
2025-01-04 13:46:39,201 - Noah's Hand: [4S, 5H, 6C, 7C, 7S]
2025-01-04 13:46:39,201 - Eve's Hand: [2C, 3C, 8S]
2025-01-04 13:46:39,201 - Boss: Rank: 11 | Suit H | Attack 10 | Health 20
2025-01-04 13:46:39,201 - Tavern: [AC, 3H, 9H, 3S, 3D, AS, 2D, 9C, TS, 9S, TD, 9D, 5D, JS, 2H, 7D, 8H, TH, 7H, 6H, 6D, 8C, 6S, AD, 2S, 5S, 8D, AH, 4D]
2025-01-04 13:46:39,201 - Castle: [KH, KD, KS, KC, QH, QC, QD, QS]
2025-01-04 13:46:39,201 - Discard: [TC, 5C, 4C, 4H, JD]
2025-01-04 13:46:39,201 - Active Player: 1
2025-01-04 13:46:39,201 - STATE LOG: END
2025-01-04 13:46:39,401 - STATE LOG: BEGIN
2025-01-04 13:46:39,401 - Noah's Hand: [4S, 5H, 6C]
2025-01-04 13:46:39,401 - Eve's Hand: [2C, 3C, 8S]
2025-01-04 13:46:39,401 - Boss: Rank: 11 | Suit H | Attack 3 | Health 13
2025-01-04 13:46:39,401 - Tavern: [AC, 3H, 9H, 3S, 3D, AS, 2D, 9C, TS, 9S, TD, 9D, 5D, JS, 2H, 7D, 8H, TH, 7H, 6H, 6D, 8C, 6S, AD, 2S, 5S, 8D, AH, 4D]
2025-01-04 13:46:39,401 - Castle: [KH, KD, KS, KC, QH, QC, QD, QS]
2025-01-04 13:46:39,401 - Discard: [TC, 5C, 4C, 4H, JD, 7C]
2025-01-04 13:46:39,401 - Active Player: 2
2025-01-04 13:46:39,401 - STATE LOG: END
2025-01-04 13:46:39,610 - STATE LOG: BEGIN
2025-01-04 13:46:39,610 - Noah's Hand: [4S, 5H, 6C]
2025-01-04 13:46:39,610 - Eve's Hand: [2C, 3C]
2025-01-04 13:46:39,610 - Boss: Rank: 11 | Suit H | Attack 3 | Health 13
2025-01-04 13:46:39,610 - Tavern: [AC, 3H, 9H, 3S, 3D, AS, 2D, 9C, TS, 9S, TD, 9D, 5D, JS, 2H, 7D, 8H, TH, 7H, 6H, 6D, 8C, 6S, AD, 2S, 5S, 8D, AH, 4D]
2025-01-04 13:46:39,610 - Castle: [KH, KD, KS, KC, QH, QC, QD, QS]
2025-01-04 13:46:39,610 - Discard: [TC, 5C, 4C, 4H, JD, 7C, 8S]
2025-01-04 13:46:39,610 - Active Player: 1
2025-01-04 13:46:39,610 - STATE LOG: END
2025-01-04 13:46:39,658 - STATE LOG: BEGIN
2025-01-04 13:46:39,658 - Noah's Hand: [5H, 6C]
2025-01-04 13:46:39,658 - Eve's Hand: [2C, 3C]
2025-01-04 13:46:39,658 - Boss: Rank: 11 | Suit H | Attack 0 | Health 9
2025-01-04 13:46:39,658 - Tavern: [AC, 3H, 9H, 3S, 3D, AS, 2D, 9C, TS, 9S, TD, 9D, 5D, JS, 2H, 7D, 8H, TH, 7H, 6H, 6D, 8C, 6S, AD, 2S, 5S, 8D, AH, 4D]
2025-01-04 13:46:39,658 - Castle: [KH, KD, KS, KC, QH, QC, QD, QS]
2025-01-04 13:46:39,658 - Discard: [TC, 5C, 4C, 4H, JD, 7C, 8S]
2025-01-04 13:46:39,658 - Active Player: 2
2025-01-04 13:46:39,658 - STATE LOG: END
2025-01-04 13:46:39,693 - STATE LOG: BEGIN
2025-01-04 13:46:39,693 - Noah's Hand: [5H, 6C]
2025-01-04 13:46:39,693 - Eve's Hand: [2C, 3C]
2025-01-04 13:46:39,693 - Boss: Rank: 11 | Suit H | Attack 0 | Health 9
2025-01-04 13:46:39,693 - Tavern: [AC, 3H, 9H, 3S, 3D, AS, 2D, 9C, TS, 9S, TD, 9D, 5D, JS, 2H, 7D, 8H, TH, 7H, 6H, 6D, 8C, 6S, AD, 2S, 5S, 8D, AH, 4D]
2025-01-04 13:46:39,693 - Castle: [KH, KD, KS, KC, QH, QC, QD, QS]
2025-01-04 13:46:39,693 - Discard: [TC, 5C, 4C, 4H, JD, 7C, 8S]
2025-01-04 13:46:39,693 - Active Player: 1
2025-01-04 13:46:39,693 - STATE LOG: END
2025-01-04 13:46:39,708 - STATE LOG: BEGIN
2025-01-04 13:46:39,708 - Noah's Hand: [6C]
2025-01-04 13:46:39,708 - Eve's Hand: [2C, 3C]
2025-01-04 13:46:39,708 - Boss: Rank: 11 | Suit H | Attack 0 | Health 4
2025-01-04 13:46:39,708 - Tavern: [AC, 3H, 9H, 3S, 3D, AS, 2D, 9C, TS, 9S, TD, 9D, 5D, JS, 2H, 7D, 8H, TH, 7H, 6H, 6D, 8C, 6S, AD, 2S, 5S, 8D, AH, 4D]
2025-01-04 13:46:39,708 - Castle: [KH, KD, KS, KC, QH, QC, QD, QS]
2025-01-04 13:46:39,708 - Discard: [TC, 5C, 4C, 4H, JD, 7C, 8S]
2025-01-04 13:46:39,708 - Active Player: 2
2025-01-04 13:46:39,708 - STATE LOG: END
2025-01-04 13:46:39,720 - STATE LOG: BEGIN
2025-01-04 13:46:39,720 - Noah's Hand: [6C]
2025-01-04 13:46:39,720 - Eve's Hand: [2C, 3C]
2025-01-04 13:46:39,720 - Boss: Rank: 11 | Suit H | Attack 0 | Health 4
2025-01-04 13:46:39,720 - Tavern: [AC, 3H, 9H, 3S, 3D, AS, 2D, 9C, TS, 9S, TD, 9D, 5D, JS, 2H, 7D, 8H, TH, 7H, 6H, 6D, 8C, 6S, AD, 2S, 5S, 8D, AH, 4D]
2025-01-04 13:46:39,720 - Castle: [KH, KD, KS, KC, QH, QC, QD, QS]
2025-01-04 13:46:39,720 - Discard: [TC, 5C, 4C, 4H, JD, 7C, 8S]
2025-01-04 13:46:39,720 - Active Player: 1
2025-01-04 13:46:39,720 - STATE LOG: END
2025-01-04 13:46:39,724 - STATE LOG: BEGIN
2025-01-04 13:46:39,724 - Noah's Hand: []
2025-01-04 13:46:39,724 - Eve's Hand: [2C, 3C]
2025-01-04 13:46:39,724 - Boss: Rank: 12 | Suit S | Attack 15 | Health 30
2025-01-04 13:46:39,724 - Tavern: [AC, 3H, 9H, 3S, 3D, AS, 2D, 9C, TS, 9S, TD, 9D, 5D, JS, 2H, 7D, 8H, TH, 7H, 6H, 6D, 8C, 6S, AD, 2S, 5S, 8D, AH, 4D]
2025-01-04 13:46:39,724 - Castle: [KH, KD, KS, KC, QH, QC, QD]
2025-01-04 13:46:39,724 - Discard: [TC, 5C, 4C, 4H, JD, 7C, 8S, 7S, 4S, 5H, 6C, JH]
2025-01-04 13:46:39,725 - Active Player: 1
2025-01-04 13:46:39,725 - STATE LOG: END
2025-01-04 13:46:39,727 - STATE LOG: BEGIN
2025-01-04 13:46:39,727 - Noah's Hand: []
2025-01-04 13:46:39,727 - Eve's Hand: [2C, 3C]
2025-01-04 13:46:39,727 - Boss: Rank: 12 | Suit S | Attack 15 | Health 30
2025-01-04 13:46:39,727 - Tavern: [AC, 3H, 9H, 3S, 3D, AS, 2D, 9C, TS, 9S, TD, 9D, 5D, JS, 2H, 7D, 8H, TH, 7H, 6H, 6D, 8C, 6S, AD, 2S, 5S, 8D, AH, 4D]
2025-01-04 13:46:39,727 - Castle: [KH, KD, KS, KC, QH, QC, QD]
2025-01-04 13:46:39,727 - Discard: [TC, 5C, 4C, 4H, JD, 7C, 8S, 7S, 4S, 5H, 6C, JH]
2025-01-04 13:46:39,727 - Active Player: 2
2025-01-04 13:46:39,727 - STATE LOG: END
