2025-01-04 15:31:25,515 - I log states! :D
2025-01-04 15:31:25,516 - STATE LOG: BEGIN
2025-01-04 15:31:25,516 - Noah's Hand: [9H, 4D, TS, 3H, 4H, TD, TH]
2025-01-04 15:31:25,516 - Eve's Hand: [7S, 3S, 3C, AH, 2D, 5S, 8D]
2025-01-04 15:31:25,516 - Boss: Rank: 11 | Suit C | Attack 10 | Health 20
2025-01-04 15:31:25,516 - Tavern: [2C, 5H, 8C, 9S, 2S, TC, 7H, 4S, AC, 6S, 2H, 3D, 5D, 9D, 6D, AD, 8S, 6H, 9C, AS, 5C, 8H, 4C, 6C, 7C, 7D]
2025-01-04 15:31:25,516 - Castle: [KH, KC, KS, KD, QD, QH, QS, QC, JD, JH, JS]
2025-01-04 15:31:25,516 - Discard: []
2025-01-04 15:31:25,516 - Active Player: 1
2025-01-04 15:31:25,516 - STATE LOG: END
2025-01-04 15:31:35,525 - STATE LOG: BEGIN
2025-01-04 15:31:35,526 - Noah's Hand: [3H, 4D, 4H, 9H, TD, TH]
2025-01-04 15:31:35,526 - Eve's Hand: [7S, 3S, 3C, AH, 2D, 5S, 8D]
2025-01-04 15:31:35,526 - Boss: Rank: 11 | Suit C | Attack 0 | Health 10
2025-01-04 15:31:35,526 - Tavern: [2C, 5H, 8C, 9S, 2S, TC, 7H, 4S, AC, 6S, 2H, 3D, 5D, 9D, 6D, AD, 8S, 6H, 9C, AS, 5C, 8H, 4C, 6C, 7C, 7D]
2025-01-04 15:31:35,526 - Castle: [KH, KC, KS, KD, QD, QH, QS, QC, JD, JH, JS]
2025-01-04 15:31:35,526 - Discard: []
2025-01-04 15:31:35,526 - Active Player: 2
2025-01-04 15:31:35,526 - STATE LOG: END
2025-01-04 15:31:45,527 - STATE LOG: BEGIN
2025-01-04 15:31:45,528 - Noah's Hand: [3H, 4D, 4H, 9H, TD, TH, 7C]
2025-01-04 15:31:45,528 - Eve's Hand: [AH, 3C, 3S, 5S, 7S, 8D, 7D]
2025-01-04 15:31:45,528 - Boss: Rank: 11 | Suit C | Attack 0 | Health 8
2025-01-04 15:31:45,528 - Tavern: [2C, 5H, 8C, 9S, 2S, TC, 7H, 4S, AC, 6S, 2H, 3D, 5D, 9D, 6D, AD, 8S, 6H, 9C, AS, 5C, 8H, 4C, 6C]
2025-01-04 15:31:45,528 - Castle: [KH, KC, KS, KD, QD, QH, QS, QC, JD, JH, JS]
2025-01-04 15:31:45,528 - Discard: []
2025-01-04 15:31:45,528 - Active Player: 1
2025-01-04 15:31:45,528 - STATE LOG: END
2025-01-04 15:31:55,529 - STATE LOG: BEGIN
2025-01-04 15:31:55,530 - Noah's Hand: [4D, 4H, 7C, 9H, TD, TH]
2025-01-04 15:31:55,530 - Eve's Hand: [AH, 3C, 3S, 5S, 7S, 8D, 7D]
2025-01-04 15:31:55,530 - Boss: Rank: 11 | Suit C | Attack 0 | Health 5
2025-01-04 15:31:55,530 - Tavern: [2C, 5H, 8C, 9S, 2S, TC, 7H, 4S, AC, 6S, 2H, 3D, 5D, 9D, 6D, AD, 8S, 6H, 9C, AS, 5C, 8H, 4C, 6C]
2025-01-04 15:31:55,530 - Castle: [KH, KC, KS, KD, QD, QH, QS, QC, JD, JH, JS]
2025-01-04 15:31:55,530 - Discard: []
2025-01-04 15:31:55,530 - Active Player: 2
2025-01-04 15:31:55,530 - STATE LOG: END
2025-01-04 15:32:05,533 - STATE LOG: BEGIN
2025-01-04 15:32:05,533 - Noah's Hand: [4D, 4H, 7C, 9H, TD, TH]
2025-01-04 15:32:05,533 - Eve's Hand: [AH, 3S, 5S, 7D, 7S, 8D]
2025-01-04 15:32:05,533 - Boss: Rank: 11 | Suit C | Attack 0 | Health 2
2025-01-04 15:32:05,533 - Tavern: [2C, 5H, 8C, 9S, 2S, TC, 7H, 4S, AC, 6S, 2H, 3D, 5D, 9D, 6D, AD, 8S, 6H, 9C, AS, 5C, 8H, 4C, 6C]
2025-01-04 15:32:05,533 - Castle: [KH, KC, KS, KD, QD, QH, QS, QC, JD, JH, JS]
2025-01-04 15:32:05,533 - Discard: []
2025-01-04 15:32:05,533 - Active Player: 1
2025-01-04 15:32:05,533 - STATE LOG: END
2025-01-04 15:32:15,536 - STATE LOG: BEGIN
2025-01-04 15:32:15,536 - Noah's Hand: [4D, 4H, 7C, 9H, TD, TH]
2025-01-04 15:32:15,536 - Eve's Hand: [AH, 3S, 5S, 7D, 7S, 8D]
2025-01-04 15:32:15,536 - Boss: Rank: 11 | Suit C | Attack 0 | Health 2
2025-01-04 15:32:15,536 - Tavern: [2C, 5H, 8C, 9S, 2S, TC, 7H, 4S, AC, 6S, 2H, 3D, 5D, 9D, 6D, AD, 8S, 6H, 9C, AS, 5C, 8H, 4C, 6C]
2025-01-04 15:32:15,536 - Castle: [KH, KC, KS, KD, QD, QH, QS, QC, JD, JH, JS]
2025-01-04 15:32:15,536 - Discard: []
2025-01-04 15:32:15,536 - Active Player: 2
2025-01-04 15:32:15,536 - STATE LOG: END
2025-01-04 15:32:15,693 - STATE LOG: BEGIN
2025-01-04 15:32:15,693 - Noah's Hand: [4D, 4H, 7C, 9H, TD, TH]
2025-01-04 15:32:15,693 - Eve's Hand: [AH, 3S, 7D, 7S, 8D]
2025-01-04 15:32:15,693 - Boss: Rank: 11 | Suit S | Attack 10 | Health 20
2025-01-04 15:32:15,693 - Tavern: [2C, 5H, 8C, 9S, 2S, TC, 7H, 4S, AC, 6S, 2H, 3D, 5D, 9D, 6D, AD, 8S, 6H, 9C, AS, 5C, 8H, 4C, 6C]
2025-01-04 15:32:15,693 - Castle: [KH, KC, KS, KD, QD, QH, QS, QC, JD, JH]
2025-01-04 15:32:15,693 - Discard: [TS, 3H, 2D, 3C, 5S, JC]
2025-01-04 15:32:15,693 - Active Player: 2
2025-01-04 15:32:15,693 - STATE LOG: END
2025-01-04 15:32:22,301 - STATE LOG: BEGIN
2025-01-04 15:32:22,302 - Noah's Hand: [4D, 4H, 7C, 9H, TD, TH, 4C]
2025-01-04 15:32:22,302 - Eve's Hand: [AH, 3S, 7S, 8D, 6C]
2025-01-04 15:32:22,302 - Boss: Rank: 11 | Suit S | Attack 10 | Health 13
2025-01-04 15:32:22,302 - Tavern: [2C, 5H, 8C, 9S, 2S, TC, 7H, 4S, AC, 6S, 2H, 3D, 5D, 9D, 6D, AD, 8S, 6H, 9C, AS]
2025-01-04 15:32:22,302 - Castle: [KH, KC, KS, KD, QD, QH, QS, QC, JD, JH]
2025-01-04 15:32:22,302 - Discard: [TS, 3H, 2D, 3C, 5S, JC, 5C, 8H]
2025-01-04 15:32:22,302 - Active Player: 1
2025-01-04 15:32:22,302 - STATE LOG: END
2025-01-04 15:32:22,470 - STATE LOG: BEGIN
2025-01-04 15:32:22,470 - Noah's Hand: [4C, 4D, 7C, 9H, TD]
2025-01-04 15:32:22,470 - Eve's Hand: [AH, 3S, 7S, 8D, 6C]
2025-01-04 15:32:22,470 - Boss: Rank: 11 | Suit S | Attack 10 | Health 9
2025-01-04 15:32:22,470 - Tavern: [TS, 3H, 2D, 8H, 2C, 5H, 8C, 9S, 2S, TC, 7H, 4S, AC, 6S, 2H, 3D, 5D, 9D, 6D, AD, 8S, 6H, 9C, AS]
2025-01-04 15:32:22,470 - Castle: [KH, KC, KS, KD, QD, QH, QS, QC, JD, JH]
2025-01-04 15:32:22,470 - Discard: [3C, 5C, JC, 5S, TH]
2025-01-04 15:32:22,470 - Active Player: 2
2025-01-04 15:32:22,470 - STATE LOG: END
2025-01-04 15:32:27,408 - STATE LOG: BEGIN
2025-01-04 15:32:27,409 - Noah's Hand: [4C, 4D, 7C, 9H, TD, 9C, 8S]
2025-01-04 15:32:27,409 - Eve's Hand: [3S, 6C, 7S, AS, 6H, AD, 6D]
2025-01-04 15:32:27,409 - Boss: Rank: 11 | Suit H | Attack 10 | Health 20
2025-01-04 15:32:27,409 - Tavern: [3C, TH, JC, 5C, 5S, TS, 3H, 2D, 8H, 2C, 5H, 8C, 9S, 2S, TC, 7H, 4S, AC, 6S, 2H, 3D, 5D, 9D]
2025-01-04 15:32:27,409 - Castle: [KH, KC, KS, KD, QD, QH, QS, QC, JD]
2025-01-04 15:32:27,409 - Discard: [4H, 7D, AH, 8D]
2025-01-04 15:32:27,409 - Active Player: 2
2025-01-04 15:32:27,409 - STATE LOG: END
2025-01-04 15:32:37,410 - STATE LOG: BEGIN
2025-01-04 15:32:37,411 - Noah's Hand: [4C, 4D, 7C, 9H, TD, 9C, 8S]
2025-01-04 15:32:37,411 - Eve's Hand: [AD, AS, 6C, 6D, 6H]
2025-01-04 15:32:37,411 - Boss: Rank: 11 | Suit H | Attack 7 | Health 17
2025-01-04 15:32:37,411 - Tavern: [3C, TH, JC, 5C, 5S, TS, 3H, 2D, 8H, 2C, 5H, 8C, 9S, 2S, TC, 7H, 4S, AC, 6S, 2H, 3D, 5D, 9D]
2025-01-04 15:32:37,411 - Castle: [KH, KC, KS, KD, QD, QH, QS, QC, JD]
2025-01-04 15:32:37,411 - Discard: [4H, 7D, AH, 8D, 7S]
2025-01-04 15:32:37,411 - Active Player: 1
2025-01-04 15:32:37,411 - STATE LOG: END
2025-01-04 15:32:47,412 - STATE LOG: BEGIN
2025-01-04 15:32:47,413 - Noah's Hand: [4C, 7C, 8S, 9C, 9H, TD]
2025-01-04 15:32:47,413 - Eve's Hand: [AD, AS, 6C, 6D, 6H, 9D, 5D]
2025-01-04 15:32:47,413 - Boss: Rank: 11 | Suit H | Attack 7 | Health 13
2025-01-04 15:32:47,413 - Tavern: [3C, TH, JC, 5C, 5S, TS, 3H, 2D, 8H, 2C, 5H, 8C, 9S, 2S, TC, 7H, 4S, AC, 6S, 2H, 3D]
2025-01-04 15:32:47,413 - Castle: [KH, KC, KS, KD, QD, QH, QS, QC, JD]
2025-01-04 15:32:47,413 - Discard: [4H, 7D, AH, 8D, 7S, JS]
2025-01-04 15:32:47,413 - Active Player: 2
2025-01-04 15:32:47,413 - STATE LOG: END
2025-01-04 15:32:57,414 - STATE LOG: BEGIN
2025-01-04 15:32:57,415 - Noah's Hand: [4C, 7C, 8S, 9C, 9H, TD]
2025-01-04 15:32:57,415 - Eve's Hand: [AS, 5D, 6C, 6D, 6H]
2025-01-04 15:32:57,415 - Boss: Rank: 11 | Suit H | Attack 7 | Health 12
2025-01-04 15:32:57,415 - Tavern: [3C, TH, JC, 5C, 5S, TS, 3H, 2D, 8H, 2C, 5H, 8C, 9S, 2S, TC, 7H, 4S, AC, 6S, 2H]
2025-01-04 15:32:57,415 - Castle: [KH, KC, KS, KD, QD, QH, QS, QC, JD]
2025-01-04 15:32:57,415 - Discard: [4H, 7D, AH, 8D, 7S, JS, 3D, 9D]
2025-01-04 15:32:57,415 - Active Player: 1
2025-01-04 15:32:57,415 - STATE LOG: END
2025-01-04 15:33:05,112 - STATE LOG: BEGIN
2025-01-04 15:33:05,113 - Noah's Hand: [4C, 7C, 8S, 9C, 9H]
2025-01-04 15:33:05,113 - Eve's Hand: [AS, 5D, 6C, 6D, 6H]
2025-01-04 15:33:05,113 - Boss: Rank: 11 | Suit H | Attack 7 | Health 12
2025-01-04 15:33:05,113 - Tavern: [3C, TH, JC, 5C, 5S, TS, 3H, 2D, 8H, 2C, 5H, 8C, 9S, 2S, TC, 7H, 4S, AC, 6S, 2H]
2025-01-04 15:33:05,113 - Castle: [KH, KC, KS, KD, QD, QH, QS, QC, JD]
2025-01-04 15:33:05,113 - Discard: [4H, 7D, AH, 8D, 7S, JS, 3D, 9D, TD]
2025-01-04 15:33:05,113 - Active Player: 2
2025-01-04 15:33:05,113 - STATE LOG: END
2025-01-04 15:33:08,802 - STATE LOG: BEGIN
2025-01-04 15:33:08,802 - Noah's Hand: [4C, 7C, 8S, 9C, 9H, 6S, 4S]
2025-01-04 15:33:08,802 - Eve's Hand: [AS, 5D, 6C, 6H, 2H, AC]
2025-01-04 15:33:08,802 - Boss: Rank: 11 | Suit H | Attack 7 | Health 6
2025-01-04 15:33:08,802 - Tavern: [3C, TH, JC, 5C, 5S, TS, 3H, 2D, 8H, 2C, 5H, 8C, 9S, 2S, TC]
2025-01-04 15:33:08,802 - Castle: [KH, KC, KS, KD, QD, QH, QS, QC, JD]
2025-01-04 15:33:08,803 - Discard: [4H, 7D, AH, 8D, 7S, JS, 3D, 9D, TD, 7H]
2025-01-04 15:33:08,803 - Active Player: 1
2025-01-04 15:33:08,803 - STATE LOG: END
2025-01-04 15:33:18,803 - STATE LOG: BEGIN
2025-01-04 15:33:18,803 - Noah's Hand: [4C, 4S, 6S, 7C, 8S, 9C]
2025-01-04 15:33:18,803 - Eve's Hand: [AS, 5D, 6C, 6H, 2H, AC]
2025-01-04 15:33:18,803 - Boss: Rank: 11 | Suit H | Attack 7 | Health 6
2025-01-04 15:33:18,803 - Tavern: [3C, TH, JC, 5C, 5S, TS, 3H, 2D, 8H, 2C, 5H, 8C, 9S, 2S, TC]
2025-01-04 15:33:18,803 - Castle: [KH, KC, KS, KD, QD, QH, QS, QC, JD]
2025-01-04 15:33:18,804 - Discard: [4H, 7D, AH, 8D, 7S, JS, 3D, 9D, TD, 7H, 9H]
2025-01-04 15:33:18,804 - Active Player: 2
2025-01-04 15:33:18,804 - STATE LOG: END
2025-01-04 15:33:23,492 - STATE LOG: BEGIN
2025-01-04 15:33:23,492 - Noah's Hand: [4C, 4S, 6S, 7C, 8S, 9C, 2S]
2025-01-04 15:33:23,492 - Eve's Hand: [AC, AS, 2H, 6C, 6H, TC]
2025-01-04 15:33:23,492 - Boss: Rank: 11 | Suit H | Attack 7 | Health 1
2025-01-04 15:33:23,492 - Tavern: [3C, TH, JC, 5C, 5S, TS, 3H, 2D, 8H, 2C, 5H, 8C]
2025-01-04 15:33:23,492 - Castle: [KH, KC, KS, KD, QD, QH, QS, QC, JD]
2025-01-04 15:33:23,492 - Discard: [4H, 7D, AH, 8D, 7S, JS, 3D, 9D, TD, 7H, 9H, 9S]
2025-01-04 15:33:23,492 - Active Player: 1
2025-01-04 15:33:23,492 - STATE LOG: END
2025-01-04 15:33:30,267 - STATE LOG: BEGIN
2025-01-04 15:33:30,268 - Noah's Hand: [2S, 4C, 6S, 7C, 8S, 9C]
2025-01-04 15:33:30,268 - Eve's Hand: [AC, AS, 2H, 6C, 6H, TC]
2025-01-04 15:33:30,268 - Boss: Rank: 11 | Suit D | Attack 10 | Health 20
2025-01-04 15:33:30,268 - Tavern: [3C, TH, JC, 5C, 5S, TS, 3H, 2D, 8H, 2C, 5H, 8C]
2025-01-04 15:33:30,268 - Castle: [KH, KC, KS, KD, QD, QH, QS, QC]
2025-01-04 15:33:30,268 - Discard: [4H, 7D, AH, 8D, 7S, JS, 3D, 9D, TD, 7H, 9H, 9S, 4D, 4S, 3S, AD, 6D, 5D, JH]
2025-01-04 15:33:30,268 - Active Player: 1
2025-01-04 15:33:30,268 - STATE LOG: END
2025-01-04 15:33:30,312 - STATE LOG: BEGIN
2025-01-04 15:33:30,312 - Noah's Hand: [2S, 4C, 6S, 7C]
2025-01-04 15:33:30,312 - Eve's Hand: [AC, AS, 2H, 6C, 6H, TC]
2025-01-04 15:33:30,312 - Boss: Rank: 11 | Suit D | Attack 10 | Health 20
2025-01-04 15:33:30,312 - Tavern: [3C, TH, JC, 5C, 5S, TS, 3H, 2D, 8H, 2C, 5H, 8C]
2025-01-04 15:33:30,312 - Castle: [KH, KC, KS, KD, QD, QH, QS, QC]
2025-01-04 15:33:30,312 - Discard: [4H, 7D, AH, 8D, 7S, JS, 3D, 9D, TD, 7H, 9H, 9S, 4D, 4S, 3S, AD, 6D, 5D, JH, 9C, 8S]
2025-01-04 15:33:30,312 - Active Player: 2
2025-01-04 15:33:30,312 - STATE LOG: END
2025-01-04 15:33:31,303 - STATE LOG: BEGIN
2025-01-04 15:33:31,303 - Noah's Hand: [2S, 4C, 6S, 7C]
2025-01-04 15:33:31,303 - Eve's Hand: [AC, 2H, 6C]
2025-01-04 15:33:31,303 - Boss: Rank: 11 | Suit D | Attack 3 | Health 13
2025-01-04 15:33:31,303 - Tavern: [TD, 9D, 4H, JS, AD, 9S, 4D, 3C, TH, JC, 5C, 5S, TS, 3H, 2D, 8H, 2C, 5H, 8C]
2025-01-04 15:33:31,303 - Castle: [KH, KC, KS, KD, QD, QH, QS, QC]
2025-01-04 15:33:31,303 - Discard: [4S, 9H, AH, 9C, 7H, 7S, 3S, 6D, 8D, JH, 7D, 8S, 3D, 5D, TC]
2025-01-04 15:33:31,303 - Active Player: 1
2025-01-04 15:33:31,303 - STATE LOG: END
2025-01-04 15:33:31,531 - STATE LOG: BEGIN
2025-01-04 15:33:31,531 - Noah's Hand: [2S, 4C, 7C]
2025-01-04 15:33:31,531 - Eve's Hand: [AC, 2H, 6C]
2025-01-04 15:33:31,531 - Boss: Rank: 11 | Suit D | Attack 0 | Health 7
2025-01-04 15:33:31,531 - Tavern: [TD, 9D, 4H, JS, AD, 9S, 4D, 3C, TH, JC, 5C, 5S, TS, 3H, 2D, 8H, 2C, 5H, 8C]
2025-01-04 15:33:31,531 - Castle: [KH, KC, KS, KD, QD, QH, QS, QC]
2025-01-04 15:33:31,531 - Discard: [4S, 9H, AH, 9C, 7H, 7S, 3S, 6D, 8D, JH, 7D, 8S, 3D, 5D, TC]
2025-01-04 15:33:31,531 - Active Player: 2
2025-01-04 15:33:31,531 - STATE LOG: END
2025-01-04 15:33:32,064 - STATE LOG: BEGIN
2025-01-04 15:33:32,064 - Noah's Hand: [2S, 4C, 7C]
2025-01-04 15:33:32,064 - Eve's Hand: [2H, 6C]
2025-01-04 15:33:32,064 - Boss: Rank: 11 | Suit D | Attack 0 | Health 5
2025-01-04 15:33:32,064 - Tavern: [TD, 9D, 4H, JS, AD, 9S, 4D, 3C, TH, JC, 5C, 5S, TS, 3H, 2D, 8H, 2C, 5H, 8C]
2025-01-04 15:33:32,064 - Castle: [KH, KC, KS, KD, QD, QH, QS, QC]
2025-01-04 15:33:32,064 - Discard: [4S, 9H, AH, 9C, 7H, 7S, 3S, 6D, 8D, JH, 7D, 8S, 3D, 5D, TC]
2025-01-04 15:33:32,064 - Active Player: 1
2025-01-04 15:33:32,064 - STATE LOG: END
2025-01-04 15:33:32,125 - STATE LOG: BEGIN
2025-01-04 15:33:32,125 - Noah's Hand: [2S, 4C, 7C]
2025-01-04 15:33:32,125 - Eve's Hand: [2H, 6C]
2025-01-04 15:33:32,125 - Boss: Rank: 11 | Suit D | Attack 0 | Health 5
2025-01-04 15:33:32,125 - Tavern: [TD, 9D, 4H, JS, AD, 9S, 4D, 3C, TH, JC, 5C, 5S, TS, 3H, 2D, 8H, 2C, 5H, 8C]
2025-01-04 15:33:32,125 - Castle: [KH, KC, KS, KD, QD, QH, QS, QC]
2025-01-04 15:33:32,125 - Discard: [4S, 9H, AH, 9C, 7H, 7S, 3S, 6D, 8D, JH, 7D, 8S, 3D, 5D, TC]
2025-01-04 15:33:32,125 - Active Player: 2
2025-01-04 15:33:32,125 - STATE LOG: END
2025-01-04 15:33:32,154 - STATE LOG: BEGIN
2025-01-04 15:33:32,154 - Noah's Hand: [2S, 4C, 7C]
2025-01-04 15:33:32,154 - Eve's Hand: [6C]
2025-01-04 15:33:32,155 - Boss: Rank: 11 | Suit D | Attack 0 | Health 3
2025-01-04 15:33:32,155 - Tavern: [AH, 3D, TD, 9D, 4H, JS, AD, 9S, 4D, 3C, TH, JC, 5C, 5S, TS, 3H, 2D, 8H, 2C, 5H, 8C]
2025-01-04 15:33:32,155 - Castle: [KH, KC, KS, KD, QD, QH, QS, QC]
2025-01-04 15:33:32,155 - Discard: [8D, TC, 7S, 4S, 9H, 8S, 7H, 6D, 7D, 3S, 9C, JH, 5D]
2025-01-04 15:33:32,155 - Active Player: 1
2025-01-04 15:33:32,155 - STATE LOG: END
2025-01-04 15:33:32,180 - STATE LOG: BEGIN
2025-01-04 15:33:32,180 - Noah's Hand: [2S, 4C, 7C]
2025-01-04 15:33:32,180 - Eve's Hand: [6C]
2025-01-04 15:33:32,180 - Boss: Rank: 11 | Suit D | Attack 0 | Health 3
2025-01-04 15:33:32,180 - Tavern: [AH, 3D, TD, 9D, 4H, JS, AD, 9S, 4D, 3C, TH, JC, 5C, 5S, TS, 3H, 2D, 8H, 2C, 5H, 8C]
2025-01-04 15:33:32,180 - Castle: [KH, KC, KS, KD, QD, QH, QS, QC]
2025-01-04 15:33:32,180 - Discard: [8D, TC, 7S, 4S, 9H, 8S, 7H, 6D, 7D, 3S, 9C, JH, 5D]
2025-01-04 15:33:32,180 - Active Player: 2
2025-01-04 15:33:32,180 - STATE LOG: END
2025-01-04 15:33:32,185 - STATE LOG: BEGIN
2025-01-04 15:33:32,185 - Noah's Hand: [2S, 4C, 7C]
2025-01-04 15:33:32,185 - Eve's Hand: []
2025-01-04 15:33:32,185 - Boss: Rank: 12 | Suit C | Attack 15 | Health 30
2025-01-04 15:33:32,185 - Tavern: [AH, 3D, TD, 9D, 4H, JS, AD, 9S, 4D, 3C, TH, JC, 5C, 5S, TS, 3H, 2D, 8H, 2C, 5H, 8C]
2025-01-04 15:33:32,185 - Castle: [KH, KC, KS, KD, QD, QH, QS]
2025-01-04 15:33:32,185 - Discard: [8D, TC, 7S, 4S, 9H, 8S, 7H, 6D, 7D, 3S, 9C, JH, 5D, 6S, AS, 6H, AC, 2H, 6C, JD]
2025-01-04 15:33:32,185 - Active Player: 2
2025-01-04 15:33:32,185 - STATE LOG: END
2025-01-04 15:33:32,187 - STATE LOG: BEGIN
2025-01-04 15:33:32,187 - Noah's Hand: [2S, 4C, 7C]
2025-01-04 15:33:32,187 - Eve's Hand: []
2025-01-04 15:33:32,187 - Boss: Rank: 12 | Suit C | Attack 15 | Health 30
2025-01-04 15:33:32,187 - Tavern: [AH, 3D, TD, 9D, 4H, JS, AD, 9S, 4D, 3C, TH, JC, 5C, 5S, TS, 3H, 2D, 8H, 2C, 5H, 8C]
2025-01-04 15:33:32,187 - Castle: [KH, KC, KS, KD, QD, QH, QS]
2025-01-04 15:33:32,187 - Discard: [8D, TC, 7S, 4S, 9H, 8S, 7H, 6D, 7D, 3S, 9C, JH, 5D, 6S, AS, 6H, AC, 2H, 6C, JD]
2025-01-04 15:33:32,187 - Active Player: 1
2025-01-04 15:33:32,187 - STATE LOG: END
