2025-01-04 03:32:03,987 - I log states! :D
2025-01-04 03:32:03,987 - STATE LOG: BEGIN
2025-01-04 03:32:03,987 - Noah's Hand: [7C, 6H, 3C, 9S, 5D, 6D, 7S]
2025-01-04 03:32:03,987 - Eve's Hand: [8C, 5H, AD, 2D, AS, 2H, 8D]
2025-01-04 03:32:03,987 - Boss: Rank: 11 | Suit H | Attack 10 | Health 20
2025-01-04 03:32:03,987 - Tavern: [9D, AH, 2C, 4S, AC, 3H, 9H, 5S, 4H, 6S, TC, 6C, TH, 8H, TS, 7H, 8S, TD, 2S, 4D, 4C, 7D, 9C, 3S, 3D, 5C]
2025-01-04 03:32:03,987 - Castle: [KH, KS, KC, KD, QD, QC, QH, QS, JC, JD, JS]
2025-01-04 03:32:03,988 - Discard: []
2025-01-04 03:32:03,988 - Active Player: 1
2025-01-04 03:32:03,988 - STATE LOG: END
2025-01-04 03:32:13,993 - STATE LOG: BEGIN
2025-01-04 03:32:13,994 - Noah's Hand: [3C, 5D, 6D, 6H, 7C]
2025-01-04 03:32:13,994 - Eve's Hand: [8C, 5H, AD, 2D, AS, 2H, 8D]
2025-01-04 03:32:13,994 - Boss: Rank: 11 | Suit H | Attack 3 | Health 13
2025-01-04 03:32:13,994 - Tavern: [9D, AH, 2C, 4S, AC, 3H, 9H, 5S, 4H, 6S, TC, 6C, TH, 8H, TS, 7H, 8S, TD, 2S, 4D, 4C, 7D, 9C, 3S, 3D, 5C]
2025-01-04 03:32:13,994 - Castle: [KH, KS, KC, KD, QD, QC, QH, QS, JC, JD, JS]
2025-01-04 03:32:13,994 - Discard: [9S]
2025-01-04 03:32:13,994 - Active Player: 2
2025-01-04 03:32:13,994 - STATE LOG: END
2025-01-04 03:32:23,995 - STATE LOG: BEGIN
2025-01-04 03:32:23,995 - Noah's Hand: [3C, 5D, 6D, 6H, 7C, 3D, 9C]
2025-01-04 03:32:23,995 - Eve's Hand: [AD, AS, 5H, 8C, 8D, 5C]
2025-01-04 03:32:23,995 - Boss: Rank: 11 | Suit H | Attack 3 | Health 9
2025-01-04 03:32:23,995 - Tavern: [9D, AH, 2C, 4S, AC, 3H, 9H, 5S, 4H, 6S, TC, 6C, TH, 8H, TS, 7H, 8S, TD, 2S, 4D, 4C, 7D]
2025-01-04 03:32:23,995 - Castle: [KH, KS, KC, KD, QD, QC, QH, QS, JC, JD, JS]
2025-01-04 03:32:23,995 - Discard: [9S, 3S]
2025-01-04 03:32:23,995 - Active Player: 1
2025-01-04 03:32:23,995 - STATE LOG: END
2025-01-04 03:32:34,083 - STATE LOG: BEGIN
2025-01-04 03:32:34,083 - Noah's Hand: [3C, 3D, 5D, 6H, 7C, 9C]
2025-01-04 03:32:34,083 - Eve's Hand: [AD, AS, 5H, 8C, 8D, 5C, 4C]
2025-01-04 03:32:34,083 - Boss: Rank: 11 | Suit H | Attack 3 | Health 3
2025-01-04 03:32:34,083 - Tavern: [9D, AH, 2C, 4S, AC, 3H, 9H, 5S, 4H, 6S, TC, 6C, TH, 8H, TS, 7H, 8S, TD, 2S, 4D]
2025-01-04 03:32:34,083 - Castle: [KH, KS, KC, KD, QD, QC, QH, QS, JC, JD, JS]
2025-01-04 03:32:34,083 - Discard: [9S, 3S, 7D]
2025-01-04 03:32:34,083 - Active Player: 2
2025-01-04 03:32:34,083 - STATE LOG: END
2025-01-04 03:32:44,085 - STATE LOG: BEGIN
2025-01-04 03:32:44,086 - Noah's Hand: [3C, 3D, 5D, 6H, 7C, 9C]
2025-01-04 03:32:44,086 - Eve's Hand: [AD, AS, 4C, 5C, 5H, 8C]
2025-01-04 03:32:44,086 - Boss: Rank: 11 | Suit H | Attack 3 | Health 3
2025-01-04 03:32:44,086 - Tavern: [9D, AH, 2C, 4S, AC, 3H, 9H, 5S, 4H, 6S, TC, 6C, TH, 8H, TS, 7H, 8S, TD, 2S, 4D]
2025-01-04 03:32:44,086 - Castle: [KH, KS, KC, KD, QD, QC, QH, QS, JC, JD, JS]
2025-01-04 03:32:44,086 - Discard: [9S, 3S, 7D, 8D]
2025-01-04 03:32:44,086 - Active Player: 1
2025-01-04 03:32:44,086 - STATE LOG: END
2025-01-04 03:32:54,087 - STATE LOG: BEGIN
2025-01-04 03:32:54,088 - Noah's Hand: [3C, 3D, 6H, 7C, 9C, 4D, TD]
2025-01-04 03:32:54,088 - Eve's Hand: [AD, AS, 4C, 5C, 5H, 8C, 2S]
2025-01-04 03:32:54,088 - Boss: Rank: 11 | Suit S | Attack 10 | Health 20
2025-01-04 03:32:54,088 - Tavern: [9D, AH, 2C, 4S, AC, 3H, 9H, 5S, 4H, 6S, TC, 6C, TH, 8H, TS, 7H, 8S]
2025-01-04 03:32:54,088 - Castle: [KH, KS, KC, KD, QD, QC, QH, QS, JC, JD]
2025-01-04 03:32:54,088 - Discard: [9S, 3S, 7D, 8D, 7S, 6D, 5D, 2D, 2H, JH]
2025-01-04 03:32:54,088 - Active Player: 1
2025-01-04 03:32:54,088 - STATE LOG: END
2025-01-04 03:33:04,090 - STATE LOG: BEGIN
2025-01-04 03:33:04,090 - Noah's Hand: [3C, 3D, 4D, 6H, 7C, 9C]
2025-01-04 03:33:04,091 - Eve's Hand: [AD, AS, 4C, 5C, 5H, 8C, 2S]
2025-01-04 03:33:04,091 - Boss: Rank: 11 | Suit S | Attack 10 | Health 20
2025-01-04 03:33:04,091 - Tavern: [9D, AH, 2C, 4S, AC, 3H, 9H, 5S, 4H, 6S, TC, 6C, TH, 8H, TS, 7H, 8S]
2025-01-04 03:33:04,091 - Castle: [KH, KS, KC, KD, QD, QC, QH, QS, JC, JD]
2025-01-04 03:33:04,091 - Discard: [9S, 3S, 7D, 8D, 7S, 6D, 5D, 2D, 2H, JH, TD]
2025-01-04 03:33:04,091 - Active Player: 2
2025-01-04 03:33:04,091 - STATE LOG: END
2025-01-04 03:33:12,014 - STATE LOG: BEGIN
2025-01-04 03:33:12,015 - Noah's Hand: [3C, 3D, 4D, 6H, 7C, 9C]
2025-01-04 03:33:12,015 - Eve's Hand: [AD, 2S, 4C]
2025-01-04 03:33:12,015 - Boss: Rank: 11 | Suit S | Attack 10 | Health 14
2025-01-04 03:33:12,015 - Tavern: [6D, 9S, JH, 8D, 2H, 3S, 9D, AH, 2C, 4S, AC, 3H, 9H, 5S, 4H, 6S, TC, 6C, TH, 8H, TS, 7H, 8S]
2025-01-04 03:33:12,015 - Castle: [KH, KS, KC, KD, QD, QC, QH, QS, JC, JD]
2025-01-04 03:33:12,015 - Discard: [7D, 5D, TD, 2D, 7S, 8C, 5C]
2025-01-04 03:33:12,015 - Active Player: 1
2025-01-04 03:33:12,015 - STATE LOG: END
2025-01-04 03:33:13,786 - STATE LOG: BEGIN
2025-01-04 03:33:13,786 - Noah's Hand: [3C, 3D, 6H, 7C, 9C, 8S]
2025-01-04 03:33:13,786 - Eve's Hand: [AD, 2S, 4C, 7H, 8H]
2025-01-04 03:33:13,786 - Boss: Rank: 11 | Suit S | Attack 10 | Health 10
2025-01-04 03:33:13,786 - Tavern: [6D, 9S, JH, 8D, 2H, 3S, 9D, AH, 2C, 4S, AC, 3H, 9H, 5S, 4H, 6S, TC, 6C, TH]
2025-01-04 03:33:13,786 - Castle: [KH, KS, KC, KD, QD, QC, QH, QS, JC, JD]
2025-01-04 03:33:13,786 - Discard: [7D, 5D, TD, 2D, 7S, 8C, 5C, TS]
2025-01-04 03:33:13,786 - Active Player: 2
2025-01-04 03:33:13,786 - STATE LOG: END
2025-01-04 03:33:18,114 - STATE LOG: BEGIN
2025-01-04 03:33:18,115 - Noah's Hand: [3C, 3D, 6H, 7C, 9C, 8S, 6C]
2025-01-04 03:33:18,115 - Eve's Hand: [2S, 7H, 8H, TH, TC, 6S, 4H]
2025-01-04 03:33:18,115 - Boss: Rank: 11 | Suit D | Attack 10 | Health 20
2025-01-04 03:33:18,115 - Tavern: [6D, 9S, JH, 8D, 2H, 3S, 9D, AH, 2C, 4S, AC, 3H, 9H, 5S]
2025-01-04 03:33:18,115 - Castle: [KH, KS, KC, KD, QD, QC, QH, QS, JC]
2025-01-04 03:33:18,115 - Discard: [7D, 5D, TD, 2D, 7S, 8C, 5C, TS, 4D, AS, 5H, AD, 4C]
2025-01-04 03:33:18,115 - Active Player: 2
2025-01-04 03:33:18,115 - STATE LOG: END
2025-01-04 03:33:18,203 - STATE LOG: BEGIN
2025-01-04 03:33:18,203 - Noah's Hand: [3C, 3D, 6H, 7C, 9C, 8S, 6C]
2025-01-04 03:33:18,203 - Eve's Hand: [2S, 4H, 6S, 7H, 8H, TH]
2025-01-04 03:33:18,203 - Boss: Rank: 11 | Suit C | Attack 10 | Health 20
2025-01-04 03:33:18,203 - Tavern: [6D, 9S, JH, 8D, 2H, 3S, 9D, AH, 2C, 4S, AC, 3H, 9H, 5S]
2025-01-04 03:33:18,203 - Castle: [KH, KS, KC, KD, QD, QC, QH, QS]
2025-01-04 03:33:18,203 - Discard: [7D, 5D, TD, 2D, 7S, 8C, 5C, TS, 4D, AS, 5H, AD, 4C, TC]
2025-01-04 03:33:18,203 - Active Player: 2
2025-01-04 03:33:18,203 - STATE LOG: END
2025-01-04 03:33:24,371 - STATE LOG: BEGIN
2025-01-04 03:33:24,371 - Noah's Hand: [3C, 3D, 6H, 7C, 9C, 8S, 6C]
2025-01-04 03:33:24,372 - Eve's Hand: [2S, 4H, 6S, 7H, 8H]
2025-01-04 03:33:24,372 - Boss: Rank: 11 | Suit C | Attack 10 | Health 20
2025-01-04 03:33:24,372 - Tavern: [6D, 9S, JH, 8D, 2H, 3S, 9D, AH, 2C, 4S, AC, 3H, 9H, 5S]
2025-01-04 03:33:24,372 - Castle: [KH, KS, KC, KD, QD, QC, QH, QS]
2025-01-04 03:33:24,372 - Discard: [7D, 5D, TD, 2D, 7S, 8C, 5C, TS, 4D, AS, 5H, AD, 4C, TC, TH]
2025-01-04 03:33:24,372 - Active Player: 1
2025-01-04 03:33:24,372 - STATE LOG: END
2025-01-04 03:33:27,642 - STATE LOG: BEGIN
2025-01-04 03:33:27,642 - Noah's Hand: [6C, 6H, 7C, 8S, 9C]
2025-01-04 03:33:27,642 - Eve's Hand: [2S, 4H, 6S, 7H, 8H, JS, 9H]
2025-01-04 03:33:27,642 - Boss: Rank: 11 | Suit C | Attack 10 | Health 14
2025-01-04 03:33:27,642 - Tavern: [6D, 9S, JH, 8D, 2H, 3S, 9D, AH, 2C, 4S, AC, 3H]
2025-01-04 03:33:27,642 - Castle: [KH, KS, KC, KD, QD, QC, QH, QS]
2025-01-04 03:33:27,642 - Discard: [7D, 5D, TD, 2D, 7S, 8C, 5C, TS, 4D, AS, 5H, AD, 4C, TC, TH, 5S, JD]
2025-01-04 03:33:27,642 - Active Player: 2
2025-01-04 03:33:27,642 - STATE LOG: END
2025-01-04 03:33:30,806 - STATE LOG: BEGIN
2025-01-04 03:33:30,806 - Noah's Hand: [6C, 6H, 7C, 8S, 9C]
2025-01-04 03:33:30,806 - Eve's Hand: [4H, 6S, 7H, 8H, 9H]
2025-01-04 03:33:30,806 - Boss: Rank: 11 | Suit C | Attack 8 | Health 12
2025-01-04 03:33:30,806 - Tavern: [6D, 9S, JH, 8D, 2H, 3S, 9D, AH, 2C, 4S, AC, 3H]
2025-01-04 03:33:30,806 - Castle: [KH, KS, KC, KD, QD, QC, QH, QS]
2025-01-04 03:33:30,806 - Discard: [7D, 5D, TD, 2D, 7S, 8C, 5C, TS, 4D, AS, 5H, AD, 4C, TC, TH, 5S, JD, JS]
2025-01-04 03:33:30,806 - Active Player: 1
2025-01-04 03:33:30,806 - STATE LOG: END
2025-01-04 03:33:31,917 - STATE LOG: BEGIN
2025-01-04 03:33:31,917 - Noah's Hand: [6C, 6H, 7C, 8S]
2025-01-04 03:33:31,917 - Eve's Hand: [4H, 6S, 7H, 8H, 9H]
2025-01-04 03:33:31,917 - Boss: Rank: 11 | Suit C | Attack 8 | Health 12
2025-01-04 03:33:31,917 - Tavern: [6D, 9S, JH, 8D, 2H, 3S, 9D, AH, 2C, 4S, AC, 3H]
2025-01-04 03:33:31,917 - Castle: [KH, KS, KC, KD, QD, QC, QH, QS]
2025-01-04 03:33:31,917 - Discard: [7D, 5D, TD, 2D, 7S, 8C, 5C, TS, 4D, AS, 5H, AD, 4C, TC, TH, 5S, JD, JS, 9C]
2025-01-04 03:33:31,917 - Active Player: 2
2025-01-04 03:33:31,917 - STATE LOG: END
2025-01-04 03:33:32,235 - STATE LOG: BEGIN
2025-01-04 03:33:32,235 - Noah's Hand: [6C, 6H, 7C, 8S]
2025-01-04 03:33:32,235 - Eve's Hand: [6S, 7H, 8H]
2025-01-04 03:33:32,235 - Boss: Rank: 11 | Suit C | Attack 8 | Health 8
2025-01-04 03:33:32,235 - Tavern: [8C, TH, AS, 7D, 6D, 9S, JH, 8D, 2H, 3S, 9D, AH, 2C, 4S, AC, 3H]
2025-01-04 03:33:32,235 - Castle: [KH, KS, KC, KD, QD, QC, QH, QS]
2025-01-04 03:33:32,235 - Discard: [5H, 4C, JD, 5D, TD, TC, AD, 2D, 4D, TS, JS, 7S, 5C, 5S, 9C, 9H]
2025-01-04 03:33:32,235 - Active Player: 1
2025-01-04 03:33:32,235 - STATE LOG: END
2025-01-04 03:33:32,332 - STATE LOG: BEGIN
2025-01-04 03:33:32,332 - Noah's Hand: [6C, 6H, 7C]
2025-01-04 03:33:32,332 - Eve's Hand: [6S, 7H, 8H]
2025-01-04 03:33:32,332 - Boss: Rank: 11 | Suit C | Attack 8 | Health 8
2025-01-04 03:33:32,332 - Tavern: [8C, TH, AS, 7D, 6D, 9S, JH, 8D, 2H, 3S, 9D, AH, 2C, 4S, AC, 3H]
2025-01-04 03:33:32,332 - Castle: [KH, KS, KC, KD, QD, QC, QH, QS]
2025-01-04 03:33:32,332 - Discard: [5H, 4C, JD, 5D, TD, TC, AD, 2D, 4D, TS, JS, 7S, 5C, 5S, 9C, 9H, 8S]
2025-01-04 03:33:32,332 - Active Player: 2
2025-01-04 03:33:32,332 - STATE LOG: END
2025-01-04 03:33:32,369 - STATE LOG: BEGIN
2025-01-04 03:33:32,369 - Noah's Hand: [6C, 6H, 7C]
2025-01-04 03:33:32,369 - Eve's Hand: [6S]
2025-01-04 03:33:32,369 - Boss: Rank: 11 | Suit C | Attack 8 | Health 1
2025-01-04 03:33:32,369 - Tavern: [8S, 4C, TC, 5H, JD, TS, 2D, 8C, TH, AS, 7D, 6D, 9S, JH, 8D, 2H, 3S, 9D, AH, 2C, 4S, AC, 3H]
2025-01-04 03:33:32,369 - Castle: [KH, KS, KC, KD, QD, QC, QH, QS]
2025-01-04 03:33:32,369 - Discard: [4D, 9C, 5S, AD, 5D, 9H, 5C, TD, 7S, JS, 8H]
2025-01-04 03:33:32,369 - Active Player: 1
2025-01-04 03:33:32,369 - STATE LOG: END
2025-01-04 03:33:32,386 - STATE LOG: BEGIN
2025-01-04 03:33:32,386 - Noah's Hand: [6C]
2025-01-04 03:33:32,386 - Eve's Hand: [6S]
2025-01-04 03:33:32,386 - Boss: Rank: 11 | Suit C | Attack 8 | Health 1
2025-01-04 03:33:32,386 - Tavern: [8S, 4C, TC, 5H, JD, TS, 2D, 8C, TH, AS, 7D, 6D, 9S, JH, 8D, 2H, 3S, 9D, AH, 2C, 4S, AC, 3H]
2025-01-04 03:33:32,386 - Castle: [KH, KS, KC, KD, QD, QC, QH, QS]
2025-01-04 03:33:32,386 - Discard: [4D, 9C, 5S, AD, 5D, 9H, 5C, TD, 7S, JS, 8H, 7C, 6H]
2025-01-04 03:33:32,386 - Active Player: 2
2025-01-04 03:33:32,386 - STATE LOG: END
2025-01-04 03:33:32,391 - STATE LOG: BEGIN
2025-01-04 03:33:32,391 - Noah's Hand: [6C]
2025-01-04 03:33:32,391 - Eve's Hand: []
2025-01-04 03:33:32,391 - Boss: Rank: 12 | Suit S | Attack 15 | Health 30
2025-01-04 03:33:32,391 - Tavern: [8S, 4C, TC, 5H, JD, TS, 2D, 8C, TH, AS, 7D, 6D, 9S, JH, 8D, 2H, 3S, 9D, AH, 2C, 4S, AC, 3H]
2025-01-04 03:33:32,391 - Castle: [KH, KS, KC, KD, QD, QC, QH]
2025-01-04 03:33:32,391 - Discard: [4D, 9C, 5S, AD, 5D, 9H, 5C, TD, 7S, JS, 8H, 7C, 6H, 3C, 3D, 2S, 4H, 7H, 6S, JC]
2025-01-04 03:33:32,391 - Active Player: 2
2025-01-04 03:33:32,391 - STATE LOG: END
2025-01-04 03:33:32,394 - STATE LOG: BEGIN
2025-01-04 03:33:32,394 - Noah's Hand: [6C]
2025-01-04 03:33:32,394 - Eve's Hand: []
2025-01-04 03:33:32,394 - Boss: Rank: 12 | Suit S | Attack 15 | Health 30
2025-01-04 03:33:32,394 - Tavern: [8S, 4C, TC, 5H, JD, TS, 2D, 8C, TH, AS, 7D, 6D, 9S, JH, 8D, 2H, 3S, 9D, AH, 2C, 4S, AC, 3H]
2025-01-04 03:33:32,394 - Castle: [KH, KS, KC, KD, QD, QC, QH]
2025-01-04 03:33:32,394 - Discard: [4D, 9C, 5S, AD, 5D, 9H, 5C, TD, 7S, JS, 8H, 7C, 6H, 3C, 3D, 2S, 4H, 7H, 6S, JC]
2025-01-04 03:33:32,394 - Active Player: 1
2025-01-04 03:33:32,394 - STATE LOG: END
