2025-01-04 19:57:42,254 - I log states! :D
2025-01-04 19:57:42,254 - STATE LOG: BEGIN
2025-01-04 19:57:42,254 - Noah's Hand: [3S, 5S, 4C, 2C, 3C, 5H, TH]
2025-01-04 19:57:42,254 - Eve's Hand: [8D, 4D, 8S, 9D, 8H, 3H, TS]
2025-01-04 19:57:42,254 - Boss: Rank: 11 | Suit C | Attack 10 | Health 20
2025-01-04 19:57:42,255 - Tavern: [5C, 2S, 6H, 9S, 7H, 2H, 2D, 6D, 9H, TC, 4S, 8C, 6C, 9C, AC, 7S, 7C, 6S, AD, 7D, AS, 3D, AH, 5D, 4H, TD]
2025-01-04 19:57:42,255 - Castle: [KC, KH, KD, KS, QC, QD, QH, QS, JS, JD, JH]
2025-01-04 19:57:42,255 - Discard: []
2025-01-04 19:57:42,255 - Active Player: 1
2025-01-04 19:57:42,255 - STATE LOG: END
2025-01-04 19:57:47,390 - STATE LOG: BEGIN
2025-01-04 19:57:47,391 - Noah's Hand: [2C, 3C, 3S, 4C, TH]
2025-01-04 19:57:47,391 - Eve's Hand: [8D, 4D, 8S, 9D, 8H, 3H, TS]
2025-01-04 19:57:47,391 - Boss: Rank: 11 | Suit C | Attack 0 | Health 10
2025-01-04 19:57:47,391 - Tavern: [5C, 2S, 6H, 9S, 7H, 2H, 2D, 6D, 9H, TC, 4S, 8C, 6C, 9C, AC, 7S, 7C, 6S, AD, 7D, AS, 3D, AH, 5D, 4H, TD]
2025-01-04 19:57:47,391 - Castle: [KC, KH, KD, KS, QC, QD, QH, QS, JS, JD, JH]
2025-01-04 19:57:47,391 - Discard: []
2025-01-04 19:57:47,391 - Active Player: 2
2025-01-04 19:57:47,391 - STATE LOG: END
2025-01-04 19:57:49,737 - STATE LOG: BEGIN
2025-01-04 19:57:49,738 - Noah's Hand: [2C, 3C, 3S, 4C, TH]
2025-01-04 19:57:49,738 - Eve's Hand: [3H, 4D, 8D, 8H, 9D, TS]
2025-01-04 19:57:49,738 - Boss: Rank: 11 | Suit C | Attack 0 | Health 2
2025-01-04 19:57:49,738 - Tavern: [5C, 2S, 6H, 9S, 7H, 2H, 2D, 6D, 9H, TC, 4S, 8C, 6C, 9C, AC, 7S, 7C, 6S, AD, 7D, AS, 3D, AH, 5D, 4H, TD]
2025-01-04 19:57:49,738 - Castle: [KC, KH, KD, KS, QC, QD, QH, QS, JS, JD, JH]
2025-01-04 19:57:49,738 - Discard: []
2025-01-04 19:57:49,738 - Active Player: 1
2025-01-04 19:57:49,738 - STATE LOG: END
2025-01-04 19:57:51,907 - STATE LOG: BEGIN
2025-01-04 19:57:51,907 - Noah's Hand: [2C, 3C, 3S, 4C]
2025-01-04 19:57:51,907 - Eve's Hand: [3H, 4D, 8D, 8H, 9D, TS]
2025-01-04 19:57:51,907 - Boss: Rank: 11 | Suit H | Attack 10 | Health 20
2025-01-04 19:57:51,908 - Tavern: [5C, 2S, 6H, 9S, 7H, 2H, 2D, 6D, 9H, TC, 4S, 8C, 6C, 9C, AC, 7S, 7C, 6S, AD, 7D, AS, 3D, AH, 5D, 4H, TD]
2025-01-04 19:57:51,908 - Castle: [KC, KH, KD, KS, QC, QD, QH, QS, JS, JD]
2025-01-04 19:57:51,908 - Discard: [5H, 5S, TH, 8S, JC]
2025-01-04 19:57:51,908 - Active Player: 1
2025-01-04 19:57:51,908 - STATE LOG: END
2025-01-04 19:58:03,303 - STATE LOG: BEGIN
2025-01-04 19:58:03,303 - Noah's Hand: [2C]
2025-01-04 19:58:03,303 - Eve's Hand: [3H, 4D, 8D, 8H, 9D, TS]
2025-01-04 19:58:03,303 - Boss: Rank: 11 | Suit H | Attack 4 | Health 8
2025-01-04 19:58:03,303 - Tavern: [5C, 2S, 6H, 9S, 7H, 2H, 2D, 6D, 9H, TC, 4S, 8C, 6C, 9C, AC, 7S, 7C, 6S, AD, 7D, AS, 3D, AH, 5D, 4H, TD]
2025-01-04 19:58:03,303 - Castle: [KC, KH, KD, KS, QC, QD, QH, QS, JS, JD]
2025-01-04 19:58:03,304 - Discard: [5H, 5S, TH, 8S, JC, 4C]
2025-01-04 19:58:03,304 - Active Player: 2
2025-01-04 19:58:03,304 - STATE LOG: END
2025-01-04 19:58:04,616 - STATE LOG: BEGIN
2025-01-04 19:58:04,616 - Noah's Hand: [2C, 4H, AH, 3D, AS, 7D, AD]
2025-01-04 19:58:04,616 - Eve's Hand: [3H, 4D, 8H, 9D, TS, TD, 5D]
2025-01-04 19:58:04,616 - Boss: Rank: 11 | Suit D | Attack 10 | Health 20
2025-01-04 19:58:04,616 - Tavern: [5C, 2S, 6H, 9S, 7H, 2H, 2D, 6D, 9H, TC, 4S, 8C, 6C, 9C, AC, 7S, 7C, 6S]
2025-01-04 19:58:04,616 - Castle: [KC, KH, KD, KS, QC, QD, QH, QS, JS]
2025-01-04 19:58:04,616 - Discard: [5H, 5S, TH, 8S, JC, 4C, 3C, 3S, 8D]
2025-01-04 19:58:04,616 - Active Player: 2
2025-01-04 19:58:04,616 - STATE LOG: END
2025-01-04 19:58:06,620 - STATE LOG: BEGIN
2025-01-04 19:58:06,620 - Noah's Hand: [2C, 4H, AH, 3D, AS, 7D, AD]
2025-01-04 19:58:06,620 - Eve's Hand: [3H, 4D, 5D, 8H, 9D, TD]
2025-01-04 19:58:06,620 - Boss: Rank: 11 | Suit D | Attack 0 | Health 10
2025-01-04 19:58:06,620 - Tavern: [5C, 2S, 6H, 9S, 7H, 2H, 2D, 6D, 9H, TC, 4S, 8C, 6C, 9C, AC, 7S, 7C, 6S]
2025-01-04 19:58:06,620 - Castle: [KC, KH, KD, KS, QC, QD, QH, QS, JS]
2025-01-04 19:58:06,620 - Discard: [5H, 5S, TH, 8S, JC, 4C, 3C, 3S, 8D]
2025-01-04 19:58:06,620 - Active Player: 1
2025-01-04 19:58:06,620 - STATE LOG: END
2025-01-04 19:58:08,630 - STATE LOG: BEGIN
2025-01-04 19:58:08,631 - Noah's Hand: [AD, AS, 3D, 4H, 7D]
2025-01-04 19:58:08,631 - Eve's Hand: [3H, 4D, 5D, 8H, 9D, TD]
2025-01-04 19:58:08,631 - Boss: Rank: 11 | Suit D | Attack 0 | Health 4
2025-01-04 19:58:08,631 - Tavern: [5S, 4C, TH, 5C, 2S, 6H, 9S, 7H, 2H, 2D, 6D, 9H, TC, 4S, 8C, 6C, 9C, AC, 7S, 7C, 6S]
2025-01-04 19:58:08,631 - Castle: [KC, KH, KD, KS, QC, QD, QH, QS, JS]
2025-01-04 19:58:08,631 - Discard: [8D, 8S, 5H, JC, 3C, 3S]
2025-01-04 19:58:08,631 - Active Player: 2
2025-01-04 19:58:08,631 - STATE LOG: END
2025-01-04 19:58:10,638 - STATE LOG: BEGIN
2025-01-04 19:58:10,638 - Noah's Hand: [AD, AS, 3D, 4H, 7D]
2025-01-04 19:58:10,638 - Eve's Hand: [3H, 5D, 8H, 9D, TD]
2025-01-04 19:58:10,638 - Boss: Rank: 11 | Suit S | Attack 10 | Health 20
2025-01-04 19:58:10,638 - Tavern: [5S, 4C, TH, 5C, 2S, 6H, 9S, 7H, 2H, 2D, 6D, 9H, TC, 4S, 8C, 6C, 9C, AC, 7S, 7C, 6S]
2025-01-04 19:58:10,638 - Castle: [KC, KH, KD, KS, QC, QD, QH, QS]
2025-01-04 19:58:10,638 - Discard: [8D, 8S, 5H, JC, 3C, 3S, AH, 2C, TS, 4D]
2025-01-04 19:58:10,638 - Active Player: 2
2025-01-04 19:58:10,638 - STATE LOG: END
2025-01-04 19:58:12,640 - STATE LOG: BEGIN
2025-01-04 19:58:12,641 - Noah's Hand: [AD, AS, 3D, 4H, 7D, JH, 7C]
2025-01-04 19:58:12,641 - Eve's Hand: [3H, 5D, 8H, 9D, JD]
2025-01-04 19:58:12,641 - Boss: Rank: 11 | Suit S | Attack 10 | Health 10
2025-01-04 19:58:12,641 - Tavern: [5S, 4C, TH, 5C, 2S, 6H, 9S, 7H, 2H, 2D, 6D, 9H, TC, 4S, 8C, 6C, 9C, AC]
2025-01-04 19:58:12,641 - Castle: [KC, KH, KD, KS, QC, QD, QH, QS]
2025-01-04 19:58:12,641 - Discard: [8D, 8S, 5H, JC, 3C, 3S, AH, 2C, TS, 4D, 7S, 6S]
2025-01-04 19:58:12,641 - Active Player: 1
2025-01-04 19:58:12,641 - STATE LOG: END
2025-01-04 19:58:14,649 - STATE LOG: BEGIN
2025-01-04 19:58:14,649 - Noah's Hand: [AS, 3D, 4H, 7C, 7D, AC, 6C]
2025-01-04 19:58:14,649 - Eve's Hand: [3H, 5D, 8H, 9D, JD, 9C, 8C]
2025-01-04 19:58:14,649 - Boss: Rank: 12 | Suit S | Attack 15 | Health 30
2025-01-04 19:58:14,649 - Tavern: [7S, 3S, AH, 2C, 6S, 8S, JC, 4D, 5H, 8D, 3C, TS, 5S, 4C, TH, 5C, 2S, 6H, 9S, 7H, 2H, 2D, 6D, 9H, TC, 4S]
2025-01-04 19:58:14,649 - Castle: [KC, KH, KD, KS, QC, QD, QH]
2025-01-04 19:58:14,649 - Discard: [AD, JH, TD, JS]
2025-01-04 19:58:14,650 - Active Player: 1
2025-01-04 19:58:14,650 - STATE LOG: END
2025-01-04 19:58:16,658 - STATE LOG: BEGIN
2025-01-04 19:58:16,658 - Noah's Hand: [AS, 3D, 4H, 6C]
2025-01-04 19:58:16,658 - Eve's Hand: [3H, 5D, 8H, 9D, JD, 9C, 8C]
2025-01-04 19:58:16,658 - Boss: Rank: 12 | Suit S | Attack 15 | Health 14
2025-01-04 19:58:16,658 - Tavern: [7S, 3S, AH, 2C, 6S, 8S, JC, 4D, 5H, 8D, 3C, TS, 5S, 4C, TH, 5C, 2S, 6H, 9S, 7H, 2H, 2D, 6D, 9H]
2025-01-04 19:58:16,658 - Castle: [KC, KH, KD, KS, QC, QD, QH]
2025-01-04 19:58:16,658 - Discard: [AD, JH, TD, JS, TC, 4S, 7C]
2025-01-04 19:58:16,659 - Active Player: 2
2025-01-04 19:58:16,659 - STATE LOG: END
2025-01-04 19:58:18,662 - STATE LOG: BEGIN
2025-01-04 19:58:18,662 - Noah's Hand: [AS, 3D, 4H, 6C, 6D, 2D, 2H]
2025-01-04 19:58:18,662 - Eve's Hand: [3H, 5D, 8C, 8H, 9C]
2025-01-04 19:58:18,662 - Boss: Rank: 12 | Suit S | Attack 15 | Health 3
2025-01-04 19:58:18,663 - Tavern: [7S, 3S, AH, 2C, 6S, 8S, JC, 4D, 5H, 8D, 3C, TS, 5S, 4C, TH, 5C, 2S, 6H, 9S, 7H]
2025-01-04 19:58:18,663 - Castle: [KC, KH, KD, KS, QC, QD, QH]
2025-01-04 19:58:18,663 - Discard: [AD, JH, TD, JS, TC, 4S, 7C, 9H, 9D]
2025-01-04 19:58:18,663 - Active Player: 1
2025-01-04 19:58:18,663 - STATE LOG: END
2025-01-04 19:58:19,885 - STATE LOG: BEGIN
2025-01-04 19:58:19,885 - Noah's Hand: [AS, 2D, 2H, 3D, 4H, 6C, 7H]
2025-01-04 19:58:19,885 - Eve's Hand: [3H, 5D, 8C, 8H, 9C, 9S, 6H]
2025-01-04 19:58:19,885 - Boss: Rank: 12 | Suit H | Attack 15 | Health 30
2025-01-04 19:58:19,885 - Tavern: [7S, 3S, AH, 2C, 6S, 8S, JC, 4D, 5H, 8D, 3C, TS, 5S, 4C, TH, 5C, 2S]
2025-01-04 19:58:19,885 - Castle: [KC, KH, KD, KS, QC, QD]
2025-01-04 19:58:19,885 - Discard: [AD, JH, TD, JS, TC, 4S, 7C, 9H, 9D, AC, 7D, 6D, JD, QS]
2025-01-04 19:58:19,885 - Active Player: 1
2025-01-04 19:58:19,885 - STATE LOG: END
2025-01-04 19:58:21,889 - STATE LOG: BEGIN
2025-01-04 19:58:21,890 - Noah's Hand: [AS, 2H, 3D, 4H]
2025-01-04 19:58:21,890 - Eve's Hand: [3H, 5D, 8C, 8H, 9C, 9S, 6H]
2025-01-04 19:58:21,890 - Boss: Rank: 12 | Suit H | Attack 15 | Health 28
2025-01-04 19:58:21,890 - Tavern: [7S, 3S, AH, 2C, 6S, 8S, JC, 4D, 5H, 8D, 3C, TS, 5S, 4C, TH, 5C]
2025-01-04 19:58:21,890 - Castle: [KC, KH, KD, KS, QC, QD]
2025-01-04 19:58:21,890 - Discard: [AD, JH, TD, JS, TC, 4S, 7C, 9H, 9D, AC, 7D, 6D, JD, QS, 2S, 7H, 6C]
2025-01-04 19:58:21,890 - Active Player: 2
2025-01-04 19:58:21,890 - STATE LOG: END
2025-01-04 19:58:23,893 - STATE LOG: BEGIN
2025-01-04 19:58:23,893 - Noah's Hand: [AS, 2H, 3D, 4H, TH, 4C, 5S]
2025-01-04 19:58:23,893 - Eve's Hand: [3H, 6H, 8C, 8H]
2025-01-04 19:58:23,893 - Boss: Rank: 12 | Suit H | Attack 15 | Health 23
2025-01-04 19:58:23,893 - Tavern: [7S, 3S, AH, 2C, 6S, 8S, JC, 4D, 5H, 8D, 3C, TS]
2025-01-04 19:58:23,893 - Castle: [KC, KH, KD, KS, QC, QD]
2025-01-04 19:58:23,893 - Discard: [AD, JH, TD, JS, TC, 4S, 7C, 9H, 9D, AC, 7D, 6D, JD, QS, 2S, 7H, 6C, 5C, 9S, 9C]
2025-01-04 19:58:23,893 - Active Player: 1
2025-01-04 19:58:23,893 - STATE LOG: END
2025-01-04 19:58:25,901 - STATE LOG: BEGIN
2025-01-04 19:58:25,901 - Noah's Hand: [AS, 2H, 3D, 4C, 4H]
2025-01-04 19:58:25,901 - Eve's Hand: [3H, 6H, 8C, 8H]
2025-01-04 19:58:25,901 - Boss: Rank: 12 | Suit H | Attack 10 | Health 18
2025-01-04 19:58:25,901 - Tavern: [7S, 3S, AH, 2C, 6S, 8S, JC, 4D, 5H, 8D, 3C, TS]
2025-01-04 19:58:25,901 - Castle: [KC, KH, KD, KS, QC, QD]
2025-01-04 19:58:25,901 - Discard: [AD, JH, TD, JS, TC, 4S, 7C, 9H, 9D, AC, 7D, 6D, JD, QS, 2S, 7H, 6C, 5C, 9S, 9C, TH]
2025-01-04 19:58:25,901 - Active Player: 2
2025-01-04 19:58:25,901 - STATE LOG: END
2025-01-04 19:58:27,394 - STATE LOG: BEGIN
2025-01-04 19:58:27,394 - Noah's Hand: [AS, 2H, 3D, 4C, 4H]
2025-01-04 19:58:27,394 - Eve's Hand: [3H, 6H]
2025-01-04 19:58:27,394 - Boss: Rank: 12 | Suit H | Attack 10 | Health 18
2025-01-04 19:58:27,394 - Tavern: [7S, 3S, AH, 2C, 6S, 8S, JC, 4D, 5H, 8D, 3C, TS]
2025-01-04 19:58:27,394 - Castle: [KC, KH, KD, KS, QC, QD]
2025-01-04 19:58:27,394 - Discard: [AD, JH, TD, JS, TC, 4S, 7C, 9H, 9D, AC, 7D, 6D, JD, QS, 2S, 7H, 6C, 5C, 9S, 9C, TH, 8H, 8C]
2025-01-04 19:58:27,394 - Active Player: 1
2025-01-04 19:58:27,394 - STATE LOG: END
2025-01-04 19:58:27,691 - STATE LOG: BEGIN
2025-01-04 19:58:27,691 - Noah's Hand: [2H, 4C, 4H, TS]
2025-01-04 19:58:27,691 - Eve's Hand: [3H, 6H, 3C, 5H]
2025-01-04 19:58:27,691 - Boss: Rank: 12 | Suit H | Attack 6 | Health 14
2025-01-04 19:58:27,691 - Tavern: [7S, 3S, AH, 2C, 6S, 8S, JC, 4D]
2025-01-04 19:58:27,691 - Castle: [KC, KH, KD, KS, QC, QD]
2025-01-04 19:58:27,692 - Discard: [AD, JH, TD, JS, TC, 4S, 7C, 9H, 9D, AC, 7D, 6D, JD, QS, 2S, 7H, 6C, 5C, 9S, 9C, TH, 8H, 8C, 8D]
2025-01-04 19:58:27,692 - Active Player: 2
2025-01-04 19:58:27,692 - STATE LOG: END
2025-01-04 19:58:28,787 - STATE LOG: BEGIN
2025-01-04 19:58:28,787 - Noah's Hand: [2H, 4C, 4H, TS]
2025-01-04 19:58:28,787 - Eve's Hand: [3C, 5H]
2025-01-04 19:58:28,787 - Boss: Rank: 12 | Suit H | Attack 6 | Health 11
2025-01-04 19:58:28,787 - Tavern: [7S, 3S, AH, 2C, 6S, 8S, JC, 4D]
2025-01-04 19:58:28,787 - Castle: [KC, KH, KD, KS, QC, QD]
2025-01-04 19:58:28,787 - Discard: [AD, JH, TD, JS, TC, 4S, 7C, 9H, 9D, AC, 7D, 6D, JD, QS, 2S, 7H, 6C, 5C, 9S, 9C, TH, 8H, 8C, 8D, 6H]
2025-01-04 19:58:28,787 - Active Player: 1
2025-01-04 19:58:28,787 - STATE LOG: END
2025-01-04 19:58:29,001 - STATE LOG: BEGIN
2025-01-04 19:58:29,001 - Noah's Hand: [2H, 4C, 4H]
2025-01-04 19:58:29,001 - Eve's Hand: [3C, 5H]
2025-01-04 19:58:29,001 - Boss: Rank: 12 | Suit H | Attack 6 | Health 11
2025-01-04 19:58:29,001 - Tavern: [7S, 3S, AH, 2C, 6S, 8S, JC, 4D]
2025-01-04 19:58:29,001 - Castle: [KC, KH, KD, KS, QC, QD]
2025-01-04 19:58:29,001 - Discard: [AD, JH, TD, JS, TC, 4S, 7C, 9H, 9D, AC, 7D, 6D, JD, QS, 2S, 7H, 6C, 5C, 9S, 9C, TH, 8H, 8C, 8D, 6H, TS]
2025-01-04 19:58:29,001 - Active Player: 2
2025-01-04 19:58:29,001 - STATE LOG: END
2025-01-04 19:58:29,014 - STATE LOG: BEGIN
2025-01-04 19:58:29,014 - Noah's Hand: [2H, 4C, 4H]
2025-01-04 19:58:29,014 - Eve's Hand: [3C]
2025-01-04 19:58:29,014 - Boss: Rank: 12 | Suit H | Attack 6 | Health 6
2025-01-04 19:58:29,014 - Tavern: [7S, 3S, AH, 2C, 6S, 8S, JC, 4D]
2025-01-04 19:58:29,014 - Castle: [KC, KH, KD, KS, QC, QD]
2025-01-04 19:58:29,014 - Discard: [AD, JH, TD, JS, TC, 4S, 7C, 9H, 9D, AC, 7D, 6D, JD, QS, 2S, 7H, 6C, 5C, 9S, 9C, TH, 8H, 8C, 8D, 6H, TS]
2025-01-04 19:58:29,014 - Active Player: 1
2025-01-04 19:58:29,014 - STATE LOG: END
