2025-01-04 20:33:09,311 - I log states! :D
2025-01-04 20:33:09,311 - STATE LOG: BEGIN
2025-01-04 20:33:09,312 - Noah's Hand: [9H, 4H, 5C, 5S, 3H, 8S, 8C]
2025-01-04 20:33:09,312 - Eve's Hand: [8D, TS, TD, AS, 6D, 6C, 7H]
2025-01-04 20:33:09,312 - Boss: Rank: 11 | Suit D | Attack 10 | Health 20
2025-01-04 20:33:09,312 - Tavern: [7C, 9D, 4C, AD, 3D, 5H, 6S, 4S, 5D, TH, TC, 9S, 8H, 9C, 2H, 3C, 3S, 4D, 2D, 2C, AC, 2S, 7S, AH, 7D, 6H]
2025-01-04 20:33:09,312 - Castle: [KH, KD, KC, KS, QH, QD, QC, QS, JC, JS, JH]
2025-01-04 20:33:09,312 - Discard: []
2025-01-04 20:33:09,312 - Active Player: 1
2025-01-04 20:33:09,312 - STATE LOG: END
2025-01-04 20:33:09,458 - STATE LOG: BEGIN
2025-01-04 20:33:09,458 - Noah's Hand: [5C, 5S, 9H]
2025-01-04 20:33:09,458 - Eve's Hand: [8D, TS, TD, AS, 6D, 6C, 7H]
2025-01-04 20:33:09,458 - Boss: Rank: 11 | Suit D | Attack 10 | Health 4
2025-01-04 20:33:09,458 - Tavern: [7C, 9D, 4C, AD, 3D, 5H, 6S, 4S, 5D, TH, TC, 9S, 8H, 9C, 2H, 3C, 3S, 4D, 2D, 2C, AC, 2S, 7S, AH, 7D, 6H]
2025-01-04 20:33:09,458 - Castle: [KH, KD, KC, KS, QH, QD, QC, QS, JC, JS, JH]
2025-01-04 20:33:09,459 - Discard: [4H, 3H, 8S]
2025-01-04 20:33:09,459 - Active Player: 2
2025-01-04 20:33:09,459 - STATE LOG: END
2025-01-04 20:33:09,622 - STATE LOG: BEGIN
2025-01-04 20:33:09,622 - Noah's Hand: [5C, 5S, 9H]
2025-01-04 20:33:09,622 - Eve's Hand: [AS, 6C, 6D, 7H, 8D, TD]
2025-01-04 20:33:09,622 - Boss: Rank: 11 | Suit H | Attack 10 | Health 20
2025-01-04 20:33:09,622 - Tavern: [7C, 9D, 4C, AD, 3D, 5H, 6S, 4S, 5D, TH, TC, 9S, 8H, 9C, 2H, 3C, 3S, 4D, 2D, 2C, AC, 2S, 7S, AH, 7D, 6H]
2025-01-04 20:33:09,622 - Castle: [KH, KD, KC, KS, QH, QD, QC, QS, JC, JS]
2025-01-04 20:33:09,622 - Discard: [4H, 3H, 8S, 8C, TS, JD]
2025-01-04 20:33:09,622 - Active Player: 2
2025-01-04 20:33:09,622 - STATE LOG: END
2025-01-04 20:33:09,808 - STATE LOG: BEGIN
2025-01-04 20:33:09,809 - Noah's Hand: [5C, 5S, 9H, 7D, 7S, AC, 2C]
2025-01-04 20:33:09,809 - Eve's Hand: [6C, 6D, 7H, 8D, 6H, AH, 2S]
2025-01-04 20:33:09,809 - Boss: Rank: 11 | Suit H | Attack 0 | Health 9
2025-01-04 20:33:09,809 - Tavern: [7C, 9D, 4C, AD, 3D, 5H, 6S, 4S, 5D, TH, TC, 9S, 8H, 9C, 2H, 3C, 3S, 4D, 2D]
2025-01-04 20:33:09,809 - Castle: [KH, KD, KC, KS, QH, QD, QC, QS, JC, JS]
2025-01-04 20:33:09,809 - Discard: [4H, 3H, 8S, 8C, TS, JD]
2025-01-04 20:33:09,809 - Active Player: 1
2025-01-04 20:33:09,809 - STATE LOG: END
2025-01-04 20:33:10,009 - STATE LOG: BEGIN
2025-01-04 20:33:10,009 - Noah's Hand: [5C, 5S, 7D, 7S, 9H]
2025-01-04 20:33:10,009 - Eve's Hand: [6C, 6D, 7H, 8D, 6H, AH, 2S]
2025-01-04 20:33:10,009 - Boss: Rank: 11 | Suit H | Attack 0 | Health 3
2025-01-04 20:33:10,009 - Tavern: [7C, 9D, 4C, AD, 3D, 5H, 6S, 4S, 5D, TH, TC, 9S, 8H, 9C, 2H, 3C, 3S, 4D, 2D]
2025-01-04 20:33:10,009 - Castle: [KH, KD, KC, KS, QH, QD, QC, QS, JC, JS]
2025-01-04 20:33:10,009 - Discard: [4H, 3H, 8S, 8C, TS, JD]
2025-01-04 20:33:10,009 - Active Player: 2
2025-01-04 20:33:10,009 - STATE LOG: END
2025-01-04 20:33:10,203 - STATE LOG: BEGIN
2025-01-04 20:33:10,203 - Noah's Hand: [5C, 5S, 7D, 7S, 9H, 4D, 3S]
2025-01-04 20:33:10,203 - Eve's Hand: [AH, 2S, 6C, 6D, 6H, 7H, 2D]
2025-01-04 20:33:10,203 - Boss: Rank: 11 | Suit S | Attack 10 | Health 20
2025-01-04 20:33:10,203 - Tavern: [7C, 9D, 4C, AD, 3D, 5H, 6S, 4S, 5D, TH, TC, 9S, 8H, 9C, 2H, 3C]
2025-01-04 20:33:10,203 - Castle: [KH, KD, KC, KS, QH, QD, QC, QS, JC]
2025-01-04 20:33:10,203 - Discard: [4H, 3H, 8S, 8C, TS, JD, AC, 2C, AS, TD, 8D, JH]
2025-01-04 20:33:10,203 - Active Player: 2
2025-01-04 20:33:10,203 - STATE LOG: END
2025-01-04 20:33:10,357 - STATE LOG: BEGIN
2025-01-04 20:33:10,357 - Noah's Hand: [5C, 5S, 7D, 7S, 9H, 4D, 3S]
2025-01-04 20:33:10,357 - Eve's Hand: [AH, 6C, 6D, 7H]
2025-01-04 20:33:10,357 - Boss: Rank: 11 | Suit S | Attack 10 | Health 18
2025-01-04 20:33:10,357 - Tavern: [7C, 9D, 4C, AD, 3D, 5H, 6S, 4S, 5D, TH, TC, 9S, 8H, 9C, 2H]
2025-01-04 20:33:10,357 - Castle: [KH, KD, KC, KS, QH, QD, QC, QS, JC]
2025-01-04 20:33:10,357 - Discard: [4H, 3H, 8S, 8C, TS, JD, AC, 2C, AS, TD, 8D, JH, 6H, 3C, 2S]
2025-01-04 20:33:10,357 - Active Player: 1
2025-01-04 20:33:10,357 - STATE LOG: END
2025-01-04 20:33:10,507 - STATE LOG: BEGIN
2025-01-04 20:33:10,507 - Noah's Hand: [4D, 5C, 5S, 7D]
2025-01-04 20:33:10,507 - Eve's Hand: [AH, 6C, 6D, 7H]
2025-01-04 20:33:10,507 - Boss: Rank: 11 | Suit S | Attack 10 | Health 9
2025-01-04 20:33:10,507 - Tavern: [8S, TD, 8D, 4H, 3H, 8C, AC, 2S, 6H, 7C, 9D, 4C, AD, 3D, 5H, 6S, 4S, 5D, TH, TC, 9S, 8H, 9C, 2H]
2025-01-04 20:33:10,507 - Castle: [KH, KD, KC, KS, QH, QD, QC, QS, JC]
2025-01-04 20:33:10,507 - Discard: [AS, JD, JH, 2C, TS, 3C, 7S, 3S]
2025-01-04 20:33:10,507 - Active Player: 2
2025-01-04 20:33:10,507 - STATE LOG: END
2025-01-04 20:33:10,640 - STATE LOG: BEGIN
2025-01-04 20:33:10,640 - Noah's Hand: [4D, 5C, 5S, 7D, 9C, 9S, TH]
2025-01-04 20:33:10,640 - Eve's Hand: [6C, 7H, 2H, 8H]
2025-01-04 20:33:10,640 - Boss: Rank: 11 | Suit S | Attack 10 | Health 3
2025-01-04 20:33:10,640 - Tavern: [8S, TD, 8D, 4H, 3H, 8C, AC, 2S, 6H, 7C, 9D, 4C, AD, 3D, 5H, 6S, 4S, 5D]
2025-01-04 20:33:10,640 - Castle: [KH, KD, KC, KS, QH, QD, QC, QS, JC]
2025-01-04 20:33:10,640 - Discard: [AS, JD, JH, 2C, TS, 3C, 7S, 3S, AH, TC]
2025-01-04 20:33:10,640 - Active Player: 1
2025-01-04 20:33:10,640 - STATE LOG: END
2025-01-04 20:33:10,791 - STATE LOG: BEGIN
2025-01-04 20:33:10,791 - Noah's Hand: [5C, 5S, 7D, 9C, 9S, TH, 5D]
2025-01-04 20:33:10,791 - Eve's Hand: [6C, 7H, 2H, 8H, 4S, 6S, 5H]
2025-01-04 20:33:10,791 - Boss: Rank: 11 | Suit C | Attack 10 | Health 20
2025-01-04 20:33:10,791 - Tavern: [8S, TD, 8D, 4H, 3H, 8C, AC, 2S, 6H, 7C, 9D, 4C, AD, 3D]
2025-01-04 20:33:10,791 - Castle: [KH, KD, KC, KS, QH, QD, QC, QS]
2025-01-04 20:33:10,791 - Discard: [AS, JD, JH, 2C, TS, 3C, 7S, 3S, AH, TC, 9H, 4D, 2D, 6D, JS]
2025-01-04 20:33:10,791 - Active Player: 1
2025-01-04 20:33:10,791 - STATE LOG: END
2025-01-04 20:33:10,961 - STATE LOG: BEGIN
2025-01-04 20:33:10,962 - Noah's Hand: [5C, 5D, 5S, TH, 3D]
2025-01-04 20:33:10,962 - Eve's Hand: [6C, 7H, 2H, 8H, 4S, 6S, 5H]
2025-01-04 20:33:10,962 - Boss: Rank: 11 | Suit C | Attack 10 | Health 13
2025-01-04 20:33:10,962 - Tavern: [8S, TD, 8D, 4H, 3H, 8C, AC, 2S, 6H, 7C, 9D, 4C, AD]
2025-01-04 20:33:10,962 - Castle: [KH, KD, KC, KS, QH, QD, QC, QS]
2025-01-04 20:33:10,962 - Discard: [AS, JD, JH, 2C, TS, 3C, 7S, 3S, AH, TC, 9H, 4D, 2D, 6D, JS, 9S, 9C]
2025-01-04 20:33:10,962 - Active Player: 2
2025-01-04 20:33:10,962 - STATE LOG: END
2025-01-04 20:33:11,131 - STATE LOG: BEGIN
2025-01-04 20:33:11,131 - Noah's Hand: [5C, 5D, 5S, TH, 3D]
2025-01-04 20:33:11,131 - Eve's Hand: [2H, 4S, 5H, 6C]
2025-01-04 20:33:11,131 - Boss: Rank: 11 | Suit C | Attack 10 | Health 5
2025-01-04 20:33:11,131 - Tavern: [JH, 9C, 9S, 6D, TS, AH, AS, 3S, 8S, TD, 8D, 4H, 3H, 8C, AC, 2S, 6H, 7C, 9D, 4C, AD]
2025-01-04 20:33:11,131 - Castle: [KH, KD, KC, KS, QH, QD, QC, QS]
2025-01-04 20:33:11,132 - Discard: [2D, 9H, JS, 7S, 3C, 4D, TC, JD, 2C, 6S, 7H]
2025-01-04 20:33:11,132 - Active Player: 1
2025-01-04 20:33:11,132 - STATE LOG: END
2025-01-04 20:33:11,286 - STATE LOG: BEGIN
2025-01-04 20:33:11,286 - Noah's Hand: [3D, 5S, TH, AD, 9D, 6H, AC]
2025-01-04 20:33:11,286 - Eve's Hand: [2H, 4S, 5H, 6C, 4C, 7C, 2S]
2025-01-04 20:33:11,286 - Boss: Rank: 12 | Suit S | Attack 15 | Health 30
2025-01-04 20:33:11,286 - Tavern: [JH, 9C, 9S, 6D, TS, AH, AS, 3S, 8S, TD, 8D, 4H, 3H, 8C]
2025-01-04 20:33:11,286 - Castle: [KH, KD, KC, KS, QH, QD, QC]
2025-01-04 20:33:11,286 - Discard: [2D, 9H, JS, 7S, 3C, 4D, TC, JD, 2C, 6S, 7H, 7D, 5C, 5D, 8H, JC]
2025-01-04 20:33:11,286 - Active Player: 1
2025-01-04 20:33:11,286 - STATE LOG: END
2025-01-04 20:33:11,461 - STATE LOG: BEGIN
2025-01-04 20:33:11,461 - Noah's Hand: [AD, 6H, 9D, 8C, 3H]
2025-01-04 20:33:11,461 - Eve's Hand: [2H, 4S, 5H, 6C, 4C, 7C, 2S]
2025-01-04 20:33:11,461 - Boss: Rank: 12 | Suit S | Attack 15 | Health 22
2025-01-04 20:33:11,462 - Tavern: [JH, 9C, 9S, 6D, TS, AH, AS, 3S, 8S, TD, 8D, 4H]
2025-01-04 20:33:11,462 - Castle: [KH, KD, KC, KS, QH, QD, QC]
2025-01-04 20:33:11,462 - Discard: [2D, 9H, JS, 7S, 3C, 4D, TC, JD, 2C, 6S, 7H, 7D, 5C, 5D, 8H, JC, TH, 5S]
2025-01-04 20:33:11,462 - Active Player: 2
2025-01-04 20:33:11,462 - STATE LOG: END
2025-01-04 20:33:11,603 - STATE LOG: BEGIN
2025-01-04 20:33:11,603 - Noah's Hand: [AD, 6H, 9D, 8C, 3H]
2025-01-04 20:33:11,603 - Eve's Hand: [2S]
2025-01-04 20:33:11,603 - Boss: Rank: 12 | Suit S | Attack 15 | Health 6
2025-01-04 20:33:11,603 - Tavern: [JH, 9C, 9S, 6D, TS, AH, AS, 3S, 8S, TD, 8D, 4H]
2025-01-04 20:33:11,603 - Castle: [KH, KD, KC, KS, QH, QD, QC]
2025-01-04 20:33:11,603 - Discard: [2D, 9H, JS, 7S, 3C, 4D, TC, JD, 2C, 6S, 7H, 7D, 5C, 5D, 8H, JC, TH, 5S, 6C, 5H, 2H, 7C]
2025-01-04 20:33:11,603 - Active Player: 1
2025-01-04 20:33:11,603 - STATE LOG: END
2025-01-04 20:33:11,748 - STATE LOG: BEGIN
2025-01-04 20:33:11,748 - Noah's Hand: [AD, 3H, 6H, 8C, 4H, TD, 3S]
2025-01-04 20:33:11,748 - Eve's Hand: [2S, 8D, 8S, AS, AH, TS, 6D]
2025-01-04 20:33:11,748 - Boss: Rank: 12 | Suit C | Attack 15 | Health 30
2025-01-04 20:33:11,748 - Tavern: [JH, 9C, 9S]
2025-01-04 20:33:11,748 - Castle: [KH, KD, KC, KS, QH, QD]
2025-01-04 20:33:11,748 - Discard: [2D, 9H, JS, 7S, 3C, 4D, TC, JD, 2C, 6S, 7H, 7D, 5C, 5D, 8H, JC, TH, 5S, 6C, 5H, 2H, 7C, AC, 3D, 9D, 4C, 4S, QS]
2025-01-04 20:33:11,748 - Active Player: 1
2025-01-04 20:33:11,748 - STATE LOG: END
2025-01-04 20:33:11,938 - STATE LOG: BEGIN
2025-01-04 20:33:11,938 - Noah's Hand: [AD, 6H, TD]
2025-01-04 20:33:11,938 - Eve's Hand: [2S, 8D, 8S, AS, AH, TS, 6D]
2025-01-04 20:33:11,938 - Boss: Rank: 12 | Suit C | Attack 9 | Health 24
2025-01-04 20:33:11,938 - Tavern: [6C, 2C, JD, 7H, 4S, 5C, JH, 9C, 9S]
2025-01-04 20:33:11,938 - Castle: [KH, KD, KC, KS, QH, QD]
2025-01-04 20:33:11,938 - Discard: [4C, 2D, 5S, 3D, JC, 7C, AC, 8H, 5H, 9H, 3C, TH, TC, 5D, QS, 7D, 9D, 4D, 2H, JS, 7S, 6S, 4H, 8C]
2025-01-04 20:33:11,938 - Active Player: 2
2025-01-04 20:33:11,938 - STATE LOG: END
2025-01-04 20:33:12,117 - STATE LOG: BEGIN
2025-01-04 20:33:12,117 - Noah's Hand: [AD, 6H, TD, 9C, 5C, 4S, 7H]
2025-01-04 20:33:12,117 - Eve's Hand: [AH, 2S, 6D, 8S, TS, 9S, JH]
2025-01-04 20:33:12,117 - Boss: Rank: 12 | Suit C | Attack 0 | Health 15
2025-01-04 20:33:12,117 - Tavern: [6C, 2C, JD]
2025-01-04 20:33:12,117 - Castle: [KH, KD, KC, KS, QH, QD]
2025-01-04 20:33:12,117 - Discard: [4C, 2D, 5S, 3D, JC, 7C, AC, 8H, 5H, 9H, 3C, TH, TC, 5D, QS, 7D, 9D, 4D, 2H, JS, 7S, 6S, 4H, 8C]
2025-01-04 20:33:12,117 - Active Player: 1
2025-01-04 20:33:12,117 - STATE LOG: END
2025-01-04 20:33:12,279 - STATE LOG: BEGIN
2025-01-04 20:33:12,279 - Noah's Hand: [AD, 4S, 6H, 7H, 9C, TD]
2025-01-04 20:33:12,279 - Eve's Hand: [AH, 2S, 6D, 8S, TS, 9S, JH]
2025-01-04 20:33:12,279 - Boss: Rank: 12 | Suit C | Attack 0 | Health 10
2025-01-04 20:33:12,279 - Tavern: [6C, 2C, JD]
2025-01-04 20:33:12,279 - Castle: [KH, KD, KC, KS, QH, QD]
2025-01-04 20:33:12,279 - Discard: [4C, 2D, 5S, 3D, JC, 7C, AC, 8H, 5H, 9H, 3C, TH, TC, 5D, QS, 7D, 9D, 4D, 2H, JS, 7S, 6S, 4H, 8C]
2025-01-04 20:33:12,279 - Active Player: 2
2025-01-04 20:33:12,279 - STATE LOG: END
2025-01-04 20:33:12,453 - STATE LOG: BEGIN
2025-01-04 20:33:12,453 - Noah's Hand: [AD, 4S, 6H, 7H, 9C, TD]
2025-01-04 20:33:12,453 - Eve's Hand: [2S, 6D, 8S, 9S, TS, JH]
2025-01-04 20:33:12,453 - Boss: Rank: 12 | Suit C | Attack 0 | Health 9
2025-01-04 20:33:12,453 - Tavern: [JS, 6C, 2C, JD]
2025-01-04 20:33:12,453 - Castle: [KH, KD, KC, KS, QH, QD]
2025-01-04 20:33:12,453 - Discard: [AC, 4C, TH, 7S, 3D, 3C, 2H, 8C, 4D, 9H, 4H, 6S, 2D, 9D, 8H, 5D, QS, JC, 5S, TC, 7D, 5H, 7C]
2025-01-04 20:33:12,453 - Active Player: 1
2025-01-04 20:33:12,453 - STATE LOG: END
2025-01-04 20:33:12,600 - STATE LOG: BEGIN
2025-01-04 20:33:12,600 - Noah's Hand: [AD, 4S, 6H, 7H, 9C, TD]
2025-01-04 20:33:12,600 - Eve's Hand: [2S, 6D, 8S, 9S, TS, JH]
2025-01-04 20:33:12,600 - Boss: Rank: 12 | Suit C | Attack 0 | Health 9
2025-01-04 20:33:12,600 - Tavern: [JS, 6C, 2C, JD]
2025-01-04 20:33:12,600 - Castle: [KH, KD, KC, KS, QH, QD]
2025-01-04 20:33:12,600 - Discard: [AC, 4C, TH, 7S, 3D, 3C, 2H, 8C, 4D, 9H, 4H, 6S, 2D, 9D, 8H, 5D, QS, JC, 5S, TC, 7D, 5H, 7C]
2025-01-04 20:33:12,600 - Active Player: 2
2025-01-04 20:33:12,600 - STATE LOG: END
2025-01-04 20:33:12,760 - STATE LOG: BEGIN
2025-01-04 20:33:12,760 - Noah's Hand: [AD, 4S, 6H, 7H, 9C, TD]
2025-01-04 20:33:12,761 - Eve's Hand: [6D, 8S, 9S, TS, JH]
2025-01-04 20:33:12,761 - Boss: Rank: 12 | Suit C | Attack 0 | Health 7
2025-01-04 20:33:12,761 - Tavern: [JS, 6C, 2C, JD]
2025-01-04 20:33:12,761 - Castle: [KH, KD, KC, KS, QH, QD]
2025-01-04 20:33:12,761 - Discard: [AC, 4C, TH, 7S, 3D, 3C, 2H, 8C, 4D, 9H, 4H, 6S, 2D, 9D, 8H, 5D, QS, JC, 5S, TC, 7D, 5H, 7C]
2025-01-04 20:33:12,761 - Active Player: 1
2025-01-04 20:33:12,761 - STATE LOG: END
2025-01-04 20:33:12,920 - STATE LOG: BEGIN
2025-01-04 20:33:12,920 - Noah's Hand: [6H, 7H, 9C, TD, JD, 6C]
2025-01-04 20:33:12,920 - Eve's Hand: [6D, 8S, 9S, TS, JH, 2C, JS]
2025-01-04 20:33:12,920 - Boss: Rank: 12 | Suit C | Attack 0 | Health 2
2025-01-04 20:33:12,920 - Tavern: []
2025-01-04 20:33:12,921 - Castle: [KH, KD, KC, KS, QH, QD]
2025-01-04 20:33:12,921 - Discard: [AC, 4C, TH, 7S, 3D, 3C, 2H, 8C, 4D, 9H, 4H, 6S, 2D, 9D, 8H, 5D, QS, JC, 5S, TC, 7D, 5H, 7C]
2025-01-04 20:33:12,921 - Active Player: 2
2025-01-04 20:33:12,921 - STATE LOG: END
2025-01-04 20:33:13,047 - STATE LOG: BEGIN
2025-01-04 20:33:13,047 - Noah's Hand: [6H, 7H, 9C, TD, JD, 6C]
2025-01-04 20:33:13,047 - Eve's Hand: [6D, 8S, 9S, TS, JH, JS]
2025-01-04 20:33:13,047 - Boss: Rank: 12 | Suit D | Attack 15 | Health 30
2025-01-04 20:33:13,047 - Tavern: []
2025-01-04 20:33:13,047 - Castle: [KH, KD, KC, KS, QH]
2025-01-04 20:33:13,047 - Discard: [AC, 4C, TH, 7S, 3D, 3C, 2H, 8C, 4D, 9H, 4H, 6S, 2D, 9D, 8H, 5D, QS, JC, 5S, TC, 7D, 5H, 7C, 3H, 3S, 5C, AD, 4S, AS, 8D, AH, 2S, 2C]
2025-01-04 20:33:13,047 - Active Player: 2
2025-01-04 20:33:13,047 - STATE LOG: END
2025-01-04 20:33:13,196 - STATE LOG: BEGIN
2025-01-04 20:33:13,196 - Noah's Hand: [6H, 7H, 9C, TD, JD, 6C]
2025-01-04 20:33:13,196 - Eve's Hand: [6D, 8S, 9S, JS]
2025-01-04 20:33:13,196 - Boss: Rank: 12 | Suit D | Attack 5 | Health 20
2025-01-04 20:33:13,196 - Tavern: []
2025-01-04 20:33:13,196 - Castle: [KH, KD, KC, KS, QH]
2025-01-04 20:33:13,196 - Discard: [AC, 4C, TH, 7S, 3D, 3C, 2H, 8C, 4D, 9H, 4H, 6S, 2D, 9D, 8H, 5D, QS, JC, 5S, TC, 7D, 5H, 7C, 3H, 3S, 5C, AD, 4S, AS, 8D, AH, 2S, 2C, JH]
2025-01-04 20:33:13,196 - Active Player: 1
2025-01-04 20:33:13,196 - STATE LOG: END
2025-01-04 20:33:13,345 - STATE LOG: BEGIN
2025-01-04 20:33:13,345 - Noah's Hand: [6C, 6H, 7H, TD, JD]
2025-01-04 20:33:13,345 - Eve's Hand: [6D, 8S, 9S, JS]
2025-01-04 20:33:13,345 - Boss: Rank: 12 | Suit D | Attack 5 | Health 20
2025-01-04 20:33:13,345 - Tavern: []
2025-01-04 20:33:13,345 - Castle: [KH, KD, KC, KS, QH]
2025-01-04 20:33:13,346 - Discard: [AC, 4C, TH, 7S, 3D, 3C, 2H, 8C, 4D, 9H, 4H, 6S, 2D, 9D, 8H, 5D, QS, JC, 5S, TC, 7D, 5H, 7C, 3H, 3S, 5C, AD, 4S, AS, 8D, AH, 2S, 2C, JH, 9C]
2025-01-04 20:33:13,346 - Active Player: 2
2025-01-04 20:33:13,346 - STATE LOG: END
2025-01-04 20:33:13,473 - STATE LOG: BEGIN
2025-01-04 20:33:13,473 - Noah's Hand: [6C, 6H, 7H, TD, JD]
2025-01-04 20:33:13,473 - Eve's Hand: [6D, 9S, JS]
2025-01-04 20:33:13,473 - Boss: Rank: 12 | Suit D | Attack 0 | Health 12
2025-01-04 20:33:13,473 - Tavern: []
2025-01-04 20:33:13,473 - Castle: [KH, KD, KC, KS, QH]
2025-01-04 20:33:13,473 - Discard: [AC, 4C, TH, 7S, 3D, 3C, 2H, 8C, 4D, 9H, 4H, 6S, 2D, 9D, 8H, 5D, QS, JC, 5S, TC, 7D, 5H, 7C, 3H, 3S, 5C, AD, 4S, AS, 8D, AH, 2S, 2C, JH, 9C]
2025-01-04 20:33:13,473 - Active Player: 1
2025-01-04 20:33:13,473 - STATE LOG: END
2025-01-04 20:33:13,621 - STATE LOG: BEGIN
2025-01-04 20:33:13,621 - Noah's Hand: [6C, 6H, 7H, TD, JD]
2025-01-04 20:33:13,621 - Eve's Hand: [6D, 9S, JS]
2025-01-04 20:33:13,621 - Boss: Rank: 12 | Suit D | Attack 0 | Health 12
2025-01-04 20:33:13,621 - Tavern: []
2025-01-04 20:33:13,621 - Castle: [KH, KD, KC, KS, QH]
2025-01-04 20:33:13,621 - Discard: [AC, 4C, TH, 7S, 3D, 3C, 2H, 8C, 4D, 9H, 4H, 6S, 2D, 9D, 8H, 5D, QS, JC, 5S, TC, 7D, 5H, 7C, 3H, 3S, 5C, AD, 4S, AS, 8D, AH, 2S, 2C, JH, 9C]
2025-01-04 20:33:13,621 - Active Player: 2
2025-01-04 20:33:13,621 - STATE LOG: END
2025-01-04 20:33:13,751 - STATE LOG: BEGIN
2025-01-04 20:33:13,751 - Noah's Hand: [6C, 6H, 7H, TD, JD]
2025-01-04 20:33:13,751 - Eve's Hand: [6D, JS]
2025-01-04 20:33:13,751 - Boss: Rank: 12 | Suit D | Attack 0 | Health 3
2025-01-04 20:33:13,751 - Tavern: []
2025-01-04 20:33:13,751 - Castle: [KH, KD, KC, KS, QH]
2025-01-04 20:33:13,751 - Discard: [AC, 4C, TH, 7S, 3D, 3C, 2H, 8C, 4D, 9H, 4H, 6S, 2D, 9D, 8H, 5D, QS, JC, 5S, TC, 7D, 5H, 7C, 3H, 3S, 5C, AD, 4S, AS, 8D, AH, 2S, 2C, JH, 9C]
2025-01-04 20:33:13,751 - Active Player: 1
2025-01-04 20:33:13,751 - STATE LOG: END
2025-01-04 20:33:13,884 - STATE LOG: BEGIN
2025-01-04 20:33:13,884 - Noah's Hand: [6C, 7H, TD, JD]
2025-01-04 20:33:13,884 - Eve's Hand: [6D, JS]
2025-01-04 20:33:13,884 - Boss: Rank: 12 | Suit H | Attack 15 | Health 30
2025-01-04 20:33:13,884 - Tavern: [8H, 8C, 3H, 2D, 3S, AD]
2025-01-04 20:33:13,884 - Castle: [KH, KD, KC, KS]
2025-01-04 20:33:13,884 - Discard: [3D, AH, 9H, JH, 3C, 4S, AS, 2H, JC, TH, 7S, 2C, 6S, 2S, QS, AC, 7D, 8D, 5S, TC, 5C, 4D, 9C, 4H, 5D, 5H, 7C, 4C, 9D, 6H, TS, 8S, 9S, QD]
2025-01-04 20:33:13,884 - Active Player: 1
2025-01-04 20:33:13,884 - STATE LOG: END
2025-01-04 20:33:14,029 - STATE LOG: BEGIN
2025-01-04 20:33:14,029 - Noah's Hand: [6C, 7H, TD, 3S, 8H]
2025-01-04 20:33:14,029 - Eve's Hand: [6D, JS, AD, 2D, 8C]
2025-01-04 20:33:14,029 - Boss: Rank: 12 | Suit H | Attack 15 | Health 19
2025-01-04 20:33:14,029 - Tavern: []
2025-01-04 20:33:14,029 - Castle: [KH, KD, KC, KS]
2025-01-04 20:33:14,029 - Discard: [3D, AH, 9H, JH, 3C, 4S, AS, 2H, JC, TH, 7S, 2C, 6S, 2S, QS, AC, 7D, 8D, 5S, TC, 5C, 4D, 9C, 4H, 5D, 5H, 7C, 4C, 9D, 6H, TS, 8S, 9S, QD, 3H, QC]
2025-01-04 20:33:14,029 - Active Player: 2
2025-01-04 20:33:14,029 - STATE LOG: END
2025-01-04 20:33:14,154 - STATE LOG: BEGIN
2025-01-04 20:33:14,154 - Noah's Hand: [6C, 7H, TD, 3S, 8H]
2025-01-04 20:33:14,154 - Eve's Hand: [6D]
2025-01-04 20:33:14,154 - Boss: Rank: 12 | Suit H | Attack 15 | Health 16
2025-01-04 20:33:14,154 - Tavern: []
2025-01-04 20:33:14,154 - Castle: [KH, KD, KC, KS]
2025-01-04 20:33:14,154 - Discard: [3D, AH, 9H, JH, 3C, 4S, AS, 2H, JC, TH, 7S, 2C, 6S, 2S, QS, AC, 7D, 8D, 5S, TC, 5C, 4D, 9C, 4H, 5D, 5H, 7C, 4C, 9D, 6H, TS, 8S, 9S, QD, 3H, QC, 8C, JS]
2025-01-04 20:33:14,154 - Active Player: 1
2025-01-04 20:33:14,154 - STATE LOG: END
2025-01-04 20:33:14,178 - STATE LOG: BEGIN
2025-01-04 20:33:14,178 - Noah's Hand: [3S]
2025-01-04 20:33:14,178 - Eve's Hand: [6D]
2025-01-04 20:33:14,178 - Boss: Rank: 12 | Suit H | Attack 15 | Health 6
2025-01-04 20:33:14,178 - Tavern: []
2025-01-04 20:33:14,178 - Castle: [KH, KD, KC, KS]
2025-01-04 20:33:14,178 - Discard: [3D, AH, 9H, JH, 3C, 4S, AS, 2H, JC, TH, 7S, 2C, 6S, 2S, QS, AC, 7D, 8D, 5S, TC, 5C, 4D, 9C, 4H, 5D, 5H, 7C, 4C, 9D, 6H, TS, 8S, 9S, QD, 3H, QC, 8C, JS, 6C, 7H, 8H]
2025-01-04 20:33:14,178 - Active Player: 2
2025-01-04 20:33:14,178 - STATE LOG: END
2025-01-04 20:33:14,183 - STATE LOG: BEGIN
2025-01-04 20:33:14,183 - Noah's Hand: [3S]
2025-01-04 20:33:14,183 - Eve's Hand: []
2025-01-04 20:33:14,183 - Boss: Rank: 13 | Suit S | Attack 20 | Health 40
2025-01-04 20:33:14,183 - Tavern: []
2025-01-04 20:33:14,183 - Castle: [KH, KD, KC]
2025-01-04 20:33:14,183 - Discard: [3D, AH, 9H, JH, 3C, 4S, AS, 2H, JC, TH, 7S, 2C, 6S, 2S, QS, AC, 7D, 8D, 5S, TC, 5C, 4D, 9C, 4H, 5D, 5H, 7C, 4C, 9D, 6H, TS, 8S, 9S, QD, 3H, QC, 8C, JS, 6C, 7H, 8H, JD, TD, AD, 2D, 6D]
2025-01-04 20:33:14,183 - Active Player: 2
2025-01-04 20:33:14,183 - STATE LOG: END
2025-01-04 20:33:14,184 - STATE LOG: BEGIN
2025-01-04 20:33:14,184 - Noah's Hand: [3S]
2025-01-04 20:33:14,184 - Eve's Hand: []
2025-01-04 20:33:14,184 - Boss: Rank: 13 | Suit S | Attack 20 | Health 40
2025-01-04 20:33:14,184 - Tavern: []
2025-01-04 20:33:14,184 - Castle: [KH, KD, KC]
2025-01-04 20:33:14,184 - Discard: [3D, AH, 9H, JH, 3C, 4S, AS, 2H, JC, TH, 7S, 2C, 6S, 2S, QS, AC, 7D, 8D, 5S, TC, 5C, 4D, 9C, 4H, 5D, 5H, 7C, 4C, 9D, 6H, TS, 8S, 9S, QD, 3H, QC, 8C, JS, 6C, 7H, 8H, JD, TD, AD, 2D, 6D]
2025-01-04 20:33:14,184 - Active Player: 1
2025-01-04 20:33:14,185 - STATE LOG: END
