2025-01-04 19:39:33,228 - I log states! :D
2025-01-04 19:39:33,228 - STATE LOG: BEGIN
2025-01-04 19:39:33,228 - Noah's Hand: [5D, 3C, 9S, 3S, TH, 2S, 6C]
2025-01-04 19:39:33,228 - Eve's Hand: [AS, TS, 4H, 2C, 8S, AD, 7H]
2025-01-04 19:39:33,228 - Boss: Rank: 11 | Suit S | Attack 10 | Health 20
2025-01-04 19:39:33,228 - Tavern: [6S, TD, 9H, 9C, 6D, 3D, 9D, 8D, 7D, 3H, AH, 2H, TC, 4S, 5C, 5H, 7S, 4C, 8C, 8H, 5S, 2D, 6H, 7C, AC, 4D]
2025-01-04 19:39:33,228 - Castle: [KH, KS, KC, KD, QH, QS, QD, QC, JH, JD, JC]
2025-01-04 19:39:33,228 - Discard: []
2025-01-04 19:39:33,228 - Active Player: 1
2025-01-04 19:39:33,228 - STATE LOG: END
2025-01-04 19:39:33,401 - STATE LOG: BEGIN
2025-01-04 19:39:33,401 - Noah's Hand: [2S, 5D, 6C, 9S]
2025-01-04 19:39:33,401 - Eve's Hand: [AS, TS, 4H, 2C, 8S, AD, 7H]
2025-01-04 19:39:33,401 - Boss: Rank: 11 | Suit S | Attack 10 | Health 8
2025-01-04 19:39:33,401 - Tavern: [6S, TD, 9H, 9C, 6D, 3D, 9D, 8D, 7D, 3H, AH, 2H, TC, 4S, 5C, 5H, 7S, 4C, 8C, 8H, 5S, 2D, 6H, 7C, AC, 4D]
2025-01-04 19:39:33,401 - Castle: [KH, KS, KC, KD, QH, QS, QD, QC, JH, JD, JC]
2025-01-04 19:39:33,401 - Discard: [TH]
2025-01-04 19:39:33,401 - Active Player: 2
2025-01-04 19:39:33,401 - STATE LOG: END
2025-01-04 19:39:33,579 - STATE LOG: BEGIN
2025-01-04 19:39:33,579 - Noah's Hand: [2S, 5D, 6C, 9S, AC, 6H, 2D]
2025-01-04 19:39:33,579 - Eve's Hand: [AS, 2C, 4H, 8S, TS, 4D, 7C]
2025-01-04 19:39:33,579 - Boss: Rank: 11 | Suit C | Attack 10 | Health 20
2025-01-04 19:39:33,579 - Tavern: [TH, 6S, TD, 9H, 9C, 6D, 3D, 9D, 8D, 7D, 3H, AH, 2H, TC, 4S, 5C, 5H, 7S, 4C, 8C, 8H, 5S]
2025-01-04 19:39:33,579 - Castle: [KH, KS, KC, KD, QH, QS, QD, QC, JH, JD]
2025-01-04 19:39:33,580 - Discard: [3C, 3S, AD, 7H]
2025-01-04 19:39:33,580 - Active Player: 2
2025-01-04 19:39:33,580 - STATE LOG: END
2025-01-04 19:39:33,729 - STATE LOG: BEGIN
2025-01-04 19:39:33,729 - Noah's Hand: [2S, 5D, 6C, 9S, AC, 6H, 2D]
2025-01-04 19:39:33,729 - Eve's Hand: [4D, 4H, 7C, 8S]
2025-01-04 19:39:33,730 - Boss: Rank: 11 | Suit C | Attack 7 | Health 17
2025-01-04 19:39:33,730 - Tavern: [TH, 6S, TD, 9H, 9C, 6D, 3D, 9D, 8D, 7D, 3H, AH, 2H, TC, 4S, 5C, 5H, 7S, 4C, 8C, 8H, 5S]
2025-01-04 19:39:33,730 - Castle: [KH, KS, KC, KD, QH, QS, QD, QC, JH, JD]
2025-01-04 19:39:33,730 - Discard: [3C, 3S, AD, 7H, TS]
2025-01-04 19:39:33,730 - Active Player: 1
2025-01-04 19:39:33,730 - STATE LOG: END
2025-01-04 19:39:33,874 - STATE LOG: BEGIN
2025-01-04 19:39:33,874 - Noah's Hand: [AC, 2D, 2S, 6C, 6H, 9S]
2025-01-04 19:39:33,874 - Eve's Hand: [4D, 4H, 7C, 8S, 5S, 8H, 8C]
2025-01-04 19:39:33,874 - Boss: Rank: 11 | Suit C | Attack 7 | Health 12
2025-01-04 19:39:33,874 - Tavern: [TH, 6S, TD, 9H, 9C, 6D, 3D, 9D, 8D, 7D, 3H, AH, 2H, TC, 4S, 5C, 5H, 7S, 4C]
2025-01-04 19:39:33,874 - Castle: [KH, KS, KC, KD, QH, QS, QD, QC, JH, JD]
2025-01-04 19:39:33,874 - Discard: [3C, 3S, AD, 7H, TS, JS]
2025-01-04 19:39:33,874 - Active Player: 2
2025-01-04 19:39:33,874 - STATE LOG: END
2025-01-04 19:39:34,018 - STATE LOG: BEGIN
2025-01-04 19:39:34,018 - Noah's Hand: [AC, 2D, 2S, 6C, 6H, 9S]
2025-01-04 19:39:34,018 - Eve's Hand: [4D, 4H, 5S, 7C, 8C, 8H]
2025-01-04 19:39:34,018 - Boss: Rank: 11 | Suit C | Attack 7 | Health 12
2025-01-04 19:39:34,018 - Tavern: [TH, 6S, TD, 9H, 9C, 6D, 3D, 9D, 8D, 7D, 3H, AH, 2H, TC, 4S, 5C, 5H, 7S, 4C]
2025-01-04 19:39:34,018 - Castle: [KH, KS, KC, KD, QH, QS, QD, QC, JH, JD]
2025-01-04 19:39:34,018 - Discard: [3C, 3S, AD, 7H, TS, JS, 8S]
2025-01-04 19:39:34,018 - Active Player: 1
2025-01-04 19:39:34,018 - STATE LOG: END
2025-01-04 19:39:34,171 - STATE LOG: BEGIN
2025-01-04 19:39:34,171 - Noah's Hand: [AC, 6C, 6H, 9S, 4C, 5H]
2025-01-04 19:39:34,171 - Eve's Hand: [4D, 4H, 5S, 7C, 8C, 8H, 7S]
2025-01-04 19:39:34,171 - Boss: Rank: 11 | Suit C | Attack 3 | Health 8
2025-01-04 19:39:34,171 - Tavern: [TH, 6S, TD, 9H, 9C, 6D, 3D, 9D, 8D, 7D, 3H, AH, 2H, TC, 4S]
2025-01-04 19:39:34,171 - Castle: [KH, KS, KC, KD, QH, QS, QD, QC, JH, JD]
2025-01-04 19:39:34,171 - Discard: [3C, 3S, AD, 7H, TS, JS, 8S, 5C]
2025-01-04 19:39:34,171 - Active Player: 2
2025-01-04 19:39:34,171 - STATE LOG: END
2025-01-04 19:39:34,296 - STATE LOG: BEGIN
2025-01-04 19:39:34,296 - Noah's Hand: [AC, 6C, 6H, 9S, 4C, 5H]
2025-01-04 19:39:34,296 - Eve's Hand: [4D, 4H, 5S, 7C, 7S, 8C]
2025-01-04 19:39:34,296 - Boss: Rank: 11 | Suit C | Attack 3 | Health 8
2025-01-04 19:39:34,296 - Tavern: [TH, 6S, TD, 9H, 9C, 6D, 3D, 9D, 8D, 7D, 3H, AH, 2H, TC, 4S]
2025-01-04 19:39:34,296 - Castle: [KH, KS, KC, KD, QH, QS, QD, QC, JH, JD]
2025-01-04 19:39:34,296 - Discard: [3C, 3S, AD, 7H, TS, JS, 8S, 5C, 8H]
2025-01-04 19:39:34,296 - Active Player: 1
2025-01-04 19:39:34,296 - STATE LOG: END
2025-01-04 19:39:34,439 - STATE LOG: BEGIN
2025-01-04 19:39:34,440 - Noah's Hand: [AC, 4C, 5H, 6C]
2025-01-04 19:39:34,440 - Eve's Hand: [4D, 4H, 5S, 7C, 7S, 8C]
2025-01-04 19:39:34,440 - Boss: Rank: 11 | Suit C | Attack 3 | Health 2
2025-01-04 19:39:34,440 - Tavern: [3C, 8H, TS, AD, 5C, 3S, TH, 6S, TD, 9H, 9C, 6D, 3D, 9D, 8D, 7D, 3H, AH, 2H, TC, 4S]
2025-01-04 19:39:34,440 - Castle: [KH, KS, KC, KD, QH, QS, QD, QC, JH, JD]
2025-01-04 19:39:34,440 - Discard: [JS, 7H, 8S, 9S]
2025-01-04 19:39:34,440 - Active Player: 2
2025-01-04 19:39:34,440 - STATE LOG: END
2025-01-04 19:39:34,550 - STATE LOG: BEGIN
2025-01-04 19:39:34,550 - Noah's Hand: [AC, 4C, 5H, 6C, TC, AH, 7D]
2025-01-04 19:39:34,550 - Eve's Hand: [5S, 7C, 7S, 8C, 4S, 2H, 3H]
2025-01-04 19:39:34,550 - Boss: Rank: 11 | Suit D | Attack 10 | Health 20
2025-01-04 19:39:34,550 - Tavern: [9S, JS, 7H, 8S, 3C, 8H, TS, AD, 5C, 3S, TH, 6S, TD, 9H, 9C, 6D, 3D, 9D, 8D]
2025-01-04 19:39:34,550 - Castle: [KH, KS, KC, KD, QH, QS, QD, QC, JH]
2025-01-04 19:39:34,550 - Discard: [5D, 2D, 2S, 6H, AS, 2C, 4D, 4H, JC]
2025-01-04 19:39:34,550 - Active Player: 2
2025-01-04 19:39:34,550 - STATE LOG: END
2025-01-04 19:39:34,692 - STATE LOG: BEGIN
2025-01-04 19:39:34,692 - Noah's Hand: [AC, 4C, 5H, 6C, TC, AH, 7D]
2025-01-04 19:39:34,692 - Eve's Hand: [2H, 3H, 4S, 5S, 7C]
2025-01-04 19:39:34,692 - Boss: Rank: 11 | Suit D | Attack 3 | Health 13
2025-01-04 19:39:34,692 - Tavern: [9S, JS, 7H, 8S, 3C, 8H, TS, AD, 5C, 3S, TH, 6S, TD, 9H, 9C, 6D, 3D, 9D, 8D]
2025-01-04 19:39:34,692 - Castle: [KH, KS, KC, KD, QH, QS, QD, QC, JH]
2025-01-04 19:39:34,692 - Discard: [5D, 2D, 2S, 6H, AS, 2C, 4D, 4H, JC, 8C]
2025-01-04 19:39:34,692 - Active Player: 1
2025-01-04 19:39:34,692 - STATE LOG: END
2025-01-04 19:39:34,841 - STATE LOG: BEGIN
2025-01-04 19:39:34,841 - Noah's Hand: [AC, 4C, 5H, 6C, 7D]
2025-01-04 19:39:34,841 - Eve's Hand: [2H, 3H, 4S, 5S, 7C]
2025-01-04 19:39:34,842 - Boss: Rank: 11 | Suit D | Attack 3 | Health 12
2025-01-04 19:39:34,842 - Tavern: [AS, 9S, JS, 7H, 8S, 3C, 8H, TS, AD, 5C, 3S, TH, 6S, TD, 9H, 9C, 6D, 3D, 9D, 8D]
2025-01-04 19:39:34,842 - Castle: [KH, KS, KC, KD, QH, QS, QD, QC, JH]
2025-01-04 19:39:34,842 - Discard: [6H, 4D, 2C, 2S, JC, 4H, 2D, 5D, 8C, TC]
2025-01-04 19:39:34,842 - Active Player: 2
2025-01-04 19:39:34,842 - STATE LOG: END
2025-01-04 19:39:34,955 - STATE LOG: BEGIN
2025-01-04 19:39:34,955 - Noah's Hand: [AC, 4C, 5H, 6C, 7D]
2025-01-04 19:39:34,955 - Eve's Hand: [3H, 4S, 5S]
2025-01-04 19:39:34,955 - Boss: Rank: 11 | Suit D | Attack 3 | Health 10
2025-01-04 19:39:34,955 - Tavern: [8C, 2C, AS, 9S, JS, 7H, 8S, 3C, 8H, TS, AD, 5C, 3S, TH, 6S, TD, 9H, 9C, 6D, 3D, 9D, 8D]
2025-01-04 19:39:34,955 - Castle: [KH, KS, KC, KD, QH, QS, QD, QC, JH]
2025-01-04 19:39:34,955 - Discard: [JC, 2D, 2S, 5D, 6H, TC, 4D, 4H, 7C]
2025-01-04 19:39:34,955 - Active Player: 1
2025-01-04 19:39:34,955 - STATE LOG: END
2025-01-04 19:39:35,063 - STATE LOG: BEGIN
2025-01-04 19:39:35,063 - Noah's Hand: [AC, 4C, 5H, 6C]
2025-01-04 19:39:35,063 - Eve's Hand: [3H, 4S, 5S]
2025-01-04 19:39:35,063 - Boss: Rank: 11 | Suit D | Attack 3 | Health 10
2025-01-04 19:39:35,063 - Tavern: [8C, 2C, AS, 9S, JS, 7H, 8S, 3C, 8H, TS, AD, 5C, 3S, TH, 6S, TD, 9H, 9C, 6D, 3D, 9D, 8D]
2025-01-04 19:39:35,063 - Castle: [KH, KS, KC, KD, QH, QS, QD, QC, JH]
2025-01-04 19:39:35,063 - Discard: [JC, 2D, 2S, 5D, 6H, TC, 4D, 4H, 7C, 7D]
2025-01-04 19:39:35,063 - Active Player: 2
2025-01-04 19:39:35,063 - STATE LOG: END
2025-01-04 19:39:35,165 - STATE LOG: BEGIN
2025-01-04 19:39:35,165 - Noah's Hand: [AC, 4C, 5H, 6C]
2025-01-04 19:39:35,165 - Eve's Hand: [3H, 5S]
2025-01-04 19:39:35,165 - Boss: Rank: 11 | Suit D | Attack 0 | Health 6
2025-01-04 19:39:35,165 - Tavern: [8C, 2C, AS, 9S, JS, 7H, 8S, 3C, 8H, TS, AD, 5C, 3S, TH, 6S, TD, 9H, 9C, 6D, 3D, 9D, 8D]
2025-01-04 19:39:35,165 - Castle: [KH, KS, KC, KD, QH, QS, QD, QC, JH]
2025-01-04 19:39:35,165 - Discard: [JC, 2D, 2S, 5D, 6H, TC, 4D, 4H, 7C, 7D]
2025-01-04 19:39:35,165 - Active Player: 1
2025-01-04 19:39:35,165 - STATE LOG: END
2025-01-04 19:39:35,214 - STATE LOG: BEGIN
2025-01-04 19:39:35,214 - Noah's Hand: [4C, 5H, 6C]
2025-01-04 19:39:35,214 - Eve's Hand: [3H, 5S]
2025-01-04 19:39:35,214 - Boss: Rank: 11 | Suit D | Attack 0 | Health 4
2025-01-04 19:39:35,214 - Tavern: [8C, 2C, AS, 9S, JS, 7H, 8S, 3C, 8H, TS, AD, 5C, 3S, TH, 6S, TD, 9H, 9C, 6D, 3D, 9D, 8D]
2025-01-04 19:39:35,214 - Castle: [KH, KS, KC, KD, QH, QS, QD, QC, JH]
2025-01-04 19:39:35,214 - Discard: [JC, 2D, 2S, 5D, 6H, TC, 4D, 4H, 7C, 7D]
2025-01-04 19:39:35,214 - Active Player: 2
2025-01-04 19:39:35,214 - STATE LOG: END
2025-01-04 19:39:35,234 - STATE LOG: BEGIN
2025-01-04 19:39:35,234 - Noah's Hand: [4C, 5H, 6C]
2025-01-04 19:39:35,234 - Eve's Hand: [5S]
2025-01-04 19:39:35,234 - Boss: Rank: 11 | Suit D | Attack 0 | Health 1
2025-01-04 19:39:35,234 - Tavern: [TC, 7C, 2D, 8C, 2C, AS, 9S, JS, 7H, 8S, 3C, 8H, TS, AD, 5C, 3S, TH, 6S, TD, 9H, 9C, 6D, 3D, 9D, 8D]
2025-01-04 19:39:35,234 - Castle: [KH, KS, KC, KD, QH, QS, QD, QC, JH]
2025-01-04 19:39:35,234 - Discard: [4H, 4D, 5D, 2S, 6H, 7D, JC]
2025-01-04 19:39:35,234 - Active Player: 1
2025-01-04 19:39:35,234 - STATE LOG: END
2025-01-04 19:39:35,249 - STATE LOG: BEGIN
2025-01-04 19:39:35,249 - Noah's Hand: [4C, 5H, 6C]
2025-01-04 19:39:35,249 - Eve's Hand: [5S]
2025-01-04 19:39:35,249 - Boss: Rank: 11 | Suit D | Attack 0 | Health 1
2025-01-04 19:39:35,249 - Tavern: [TC, 7C, 2D, 8C, 2C, AS, 9S, JS, 7H, 8S, 3C, 8H, TS, AD, 5C, 3S, TH, 6S, TD, 9H, 9C, 6D, 3D, 9D, 8D]
2025-01-04 19:39:35,249 - Castle: [KH, KS, KC, KD, QH, QS, QD, QC, JH]
2025-01-04 19:39:35,249 - Discard: [4H, 4D, 5D, 2S, 6H, 7D, JC]
2025-01-04 19:39:35,249 - Active Player: 2
2025-01-04 19:39:35,249 - STATE LOG: END
2025-01-04 19:39:35,252 - STATE LOG: BEGIN
2025-01-04 19:39:35,252 - Noah's Hand: [4C, 5H, 6C]
2025-01-04 19:39:35,252 - Eve's Hand: []
2025-01-04 19:39:35,252 - Boss: Rank: 11 | Suit H | Attack 10 | Health 20
2025-01-04 19:39:35,252 - Tavern: [TC, 7C, 2D, 8C, 2C, AS, 9S, JS, 7H, 8S, 3C, 8H, TS, AD, 5C, 3S, TH, 6S, TD, 9H, 9C, 6D, 3D, 9D, 8D]
2025-01-04 19:39:35,252 - Castle: [KH, KS, KC, KD, QH, QS, QD, QC]
2025-01-04 19:39:35,252 - Discard: [4H, 4D, 5D, 2S, 6H, 7D, JC, AH, AC, 7S, 2H, 4S, 3H, 5S, JD]
2025-01-04 19:39:35,252 - Active Player: 2
2025-01-04 19:39:35,252 - STATE LOG: END
2025-01-04 19:39:35,253 - STATE LOG: BEGIN
2025-01-04 19:39:35,253 - Noah's Hand: [4C, 5H, 6C]
2025-01-04 19:39:35,253 - Eve's Hand: []
2025-01-04 19:39:35,253 - Boss: Rank: 11 | Suit H | Attack 10 | Health 20
2025-01-04 19:39:35,253 - Tavern: [TC, 7C, 2D, 8C, 2C, AS, 9S, JS, 7H, 8S, 3C, 8H, TS, AD, 5C, 3S, TH, 6S, TD, 9H, 9C, 6D, 3D, 9D, 8D]
2025-01-04 19:39:35,253 - Castle: [KH, KS, KC, KD, QH, QS, QD, QC]
2025-01-04 19:39:35,253 - Discard: [4H, 4D, 5D, 2S, 6H, 7D, JC, AH, AC, 7S, 2H, 4S, 3H, 5S, JD]
2025-01-04 19:39:35,253 - Active Player: 1
2025-01-04 19:39:35,253 - STATE LOG: END
