2025-01-04 15:55:32,646 - I log states! :D
2025-01-04 15:55:32,647 - STATE LOG: BEGIN
2025-01-04 15:55:32,647 - Tim's Hand: [AC, AH, AD, 9S, 9H, 8C, 3S]
2025-01-04 15:55:32,647 - Dim's Hand: [2C, 5S, 3H, 4S, 8S, 5H, 9C]
2025-01-04 15:55:32,647 - Boss: Rank: 11 | Suit S | Attack 10 | Health 20
2025-01-04 15:55:32,647 - Tavern: [TH, 4C, 2H, 3C, 6D, 3D, 9D, TD, 2S, 7S, TC, 7C, TS, 6H, 5D, 4D, 8D, 4H, 6C, 2D, 8H, 7D, 5C, 6S, AS, 7H]
2025-01-04 15:55:32,647 - Castle: [KC, KS, KH, KD, QD, QH, QC, QS, JC, JD, JH]
2025-01-04 15:55:32,647 - Discard: []
2025-01-04 15:55:32,647 - Active Player: 1
2025-01-04 15:55:32,647 - STATE LOG: END
2025-01-04 15:55:32,726 - STATE LOG: BEGIN
2025-01-04 15:55:32,726 - Tim's Hand: [AC, AD, 3S]
2025-01-04 15:55:32,726 - Dim's Hand: [2C, 5S, 3H, 4S, 8S, 5H, 9C]
2025-01-04 15:55:32,726 - Boss: Rank: 11 | Suit S | Attack 10 | Health 10
2025-01-04 15:55:32,726 - Tavern: [TH, 4C, 2H, 3C, 6D, 3D, 9D, TD, 2S, 7S, TC, 7C, TS, 6H, 5D, 4D, 8D, 4H, 6C, 2D, 8H, 7D, 5C, 6S, AS, 7H]
2025-01-04 15:55:32,726 - Castle: [KC, KS, KH, KD, QD, QH, QC, QS, JC, JD, JH]
2025-01-04 15:55:32,726 - Discard: [9S, 8C]
2025-01-04 15:55:32,726 - Active Player: 2
2025-01-04 15:55:32,726 - STATE LOG: END
2025-01-04 15:55:32,764 - STATE LOG: BEGIN
2025-01-04 15:55:32,764 - Tim's Hand: [AC, AD, 3S]
2025-01-04 15:55:32,764 - Dim's Hand: [2C, 3H, 4S, 5H]
2025-01-04 15:55:32,764 - Boss: Rank: 11 | Suit S | Attack 10 | Health 2
2025-01-04 15:55:32,764 - Tavern: [TH, 4C, 2H, 3C, 6D, 3D, 9D, TD, 2S, 7S, TC, 7C, TS, 6H, 5D, 4D, 8D, 4H, 6C, 2D, 8H, 7D, 5C, 6S, AS, 7H]
2025-01-04 15:55:32,764 - Castle: [KC, KS, KH, KD, QD, QH, QC, QS, JC, JD, JH]
2025-01-04 15:55:32,764 - Discard: [9S, 8C, 9C, 5S]
2025-01-04 15:55:32,764 - Active Player: 1
2025-01-04 15:55:32,764 - STATE LOG: END
2025-01-04 15:55:32,776 - STATE LOG: BEGIN
2025-01-04 15:55:32,776 - Tim's Hand: [AC]
2025-01-04 15:55:32,776 - Dim's Hand: [2C, 3H, 4S, 5H]
2025-01-04 15:55:32,776 - Boss: Rank: 11 | Suit S | Attack 10 | Health 1
2025-01-04 15:55:32,776 - Tavern: [TH, 4C, 2H, 3C, 6D, 3D, 9D, TD, 2S, 7S, TC, 7C, TS, 6H, 5D, 4D, 8D, 4H, 6C, 2D, 8H, 7D, 5C, 6S, AS]
2025-01-04 15:55:32,776 - Castle: [KC, KS, KH, KD, QD, QH, QC, QS, JC, JD, JH]
2025-01-04 15:55:32,776 - Discard: [9S, 8C, 9C, 5S, 7H, 3S]
2025-01-04 15:55:32,776 - Active Player: 2
2025-01-04 15:55:32,776 - STATE LOG: END
2025-01-04 15:55:32,789 - STATE LOG: BEGIN
2025-01-04 15:55:32,789 - Tim's Hand: [AC]
2025-01-04 15:55:32,789 - Dim's Hand: [2C]
2025-01-04 15:55:32,789 - Boss: Rank: 11 | Suit S | Attack 10 | Health 1
2025-01-04 15:55:32,789 - Tavern: [TH, 4C, 2H, 3C, 6D, 3D, 9D, TD, 2S, 7S, TC, 7C, TS, 6H, 5D, 4D, 8D, 4H, 6C, 2D, 8H, 7D, 5C, 6S, AS]
2025-01-04 15:55:32,789 - Castle: [KC, KS, KH, KD, QD, QH, QC, QS, JC, JD, JH]
2025-01-04 15:55:32,789 - Discard: [9S, 8C, 9C, 5S, 7H, 3S, 5H, 4S, 3H]
2025-01-04 15:55:32,789 - Active Player: 1
2025-01-04 15:55:32,789 - STATE LOG: END
2025-01-04 15:55:32,791 - STATE LOG: BEGIN
2025-01-04 15:55:32,791 - Tim's Hand: []
2025-01-04 15:55:32,791 - Dim's Hand: [2C]
2025-01-04 15:55:32,791 - Boss: Rank: 11 | Suit H | Attack 10 | Health 20
2025-01-04 15:55:32,791 - Tavern: [TH, 4C, 2H, 3C, 6D, 3D, 9D, TD, 2S, 7S, TC, 7C, TS, 6H, 5D, 4D, 8D, 4H, 6C, 2D, 8H, 7D, 5C, 6S, AS]
2025-01-04 15:55:32,791 - Castle: [KC, KS, KH, KD, QD, QH, QC, QS, JC, JD]
2025-01-04 15:55:32,791 - Discard: [9S, 8C, 9C, 5S, 7H, 3S, 5H, 4S, 3H, AH, 9H, AD, AC, 8S, JS]
2025-01-04 15:55:32,791 - Active Player: 1
2025-01-04 15:55:32,791 - STATE LOG: END
2025-01-04 15:55:32,792 - STATE LOG: BEGIN
2025-01-04 15:55:32,792 - Tim's Hand: []
2025-01-04 15:55:32,792 - Dim's Hand: [2C]
2025-01-04 15:55:32,792 - Boss: Rank: 11 | Suit H | Attack 10 | Health 20
2025-01-04 15:55:32,792 - Tavern: [TH, 4C, 2H, 3C, 6D, 3D, 9D, TD, 2S, 7S, TC, 7C, TS, 6H, 5D, 4D, 8D, 4H, 6C, 2D, 8H, 7D, 5C, 6S, AS]
2025-01-04 15:55:32,792 - Castle: [KC, KS, KH, KD, QD, QH, QC, QS, JC, JD]
2025-01-04 15:55:32,792 - Discard: [9S, 8C, 9C, 5S, 7H, 3S, 5H, 4S, 3H, AH, 9H, AD, AC, 8S, JS]
2025-01-04 15:55:32,792 - Active Player: 2
2025-01-04 15:55:32,792 - STATE LOG: END
