2025-01-04 15:23:43,871 - I log states! :D
2025-01-04 15:23:43,871 - STATE LOG: BEGIN
2025-01-04 15:23:43,871 - Noah's Hand: [7S, TC, AH, 5S, 5C, 8C, 8D]
2025-01-04 15:23:43,871 - Eve's Hand: [AC, 2H, 3H, 7H, 8H, 9D, 7D]
2025-01-04 15:23:43,871 - Boss: Rank: 11 | Suit C | Attack 10 | Health 20
2025-01-04 15:23:43,871 - Tavern: [3C, 3S, TS, 4H, 9H, 4C, 5D, 9C, 2S, AD, 2C, 6H, 6S, TH, AS, TD, 3D, 4S, 7C, 4D, 6D, 5H, 9S, 8S, 2D, 6C]
2025-01-04 15:23:43,871 - Castle: [KD, KC, KS, KH, QC, QH, QD, QS, JD, JS, JH]
2025-01-04 15:23:43,871 - Discard: []
2025-01-04 15:23:43,871 - Active Player: 1
2025-01-04 15:23:43,871 - STATE LOG: END
2025-01-04 15:23:44,016 - STATE LOG: BEGIN
2025-01-04 15:23:44,016 - Noah's Hand: [AH, 5C, 7S, 8C, 8D]
2025-01-04 15:23:44,016 - Eve's Hand: [AC, 2H, 3H, 7H, 8H, 9D, 7D]
2025-01-04 15:23:44,016 - Boss: Rank: 11 | Suit C | Attack 5 | Health 15
2025-01-04 15:23:44,016 - Tavern: [3C, 3S, TS, 4H, 9H, 4C, 5D, 9C, 2S, AD, 2C, 6H, 6S, TH, AS, TD, 3D, 4S, 7C, 4D, 6D, 5H, 9S, 8S, 2D, 6C]
2025-01-04 15:23:44,016 - Castle: [KD, KC, KS, KH, QC, QH, QD, QS, JD, JS, JH]
2025-01-04 15:23:44,016 - Discard: [TC]
2025-01-04 15:23:44,016 - Active Player: 2
2025-01-04 15:23:44,016 - STATE LOG: END
2025-01-04 15:23:44,197 - STATE LOG: BEGIN
2025-01-04 15:23:44,198 - Noah's Hand: [AH, 5C, 7S, 8C, 8D, 2D, 9S]
2025-01-04 15:23:44,198 - Eve's Hand: [2H, 3H, 7D, 7H, 8H, 6C]
2025-01-04 15:23:44,198 - Boss: Rank: 11 | Suit C | Attack 5 | Health 5
2025-01-04 15:23:44,198 - Tavern: [3C, 3S, TS, 4H, 9H, 4C, 5D, 9C, 2S, AD, 2C, 6H, 6S, TH, AS, TD, 3D, 4S, 7C, 4D, 6D, 5H]
2025-01-04 15:23:44,198 - Castle: [KD, KC, KS, KH, QC, QH, QD, QS, JD, JS, JH]
2025-01-04 15:23:44,198 - Discard: [TC, 8S]
2025-01-04 15:23:44,198 - Active Player: 1
2025-01-04 15:23:44,198 - STATE LOG: END
2025-01-04 15:23:44,327 - STATE LOG: BEGIN
2025-01-04 15:23:44,327 - Noah's Hand: [2D, 5C, 7S, 8C, 9S, 5H, 4D]
2025-01-04 15:23:44,327 - Eve's Hand: [2H, 3H, 7D, 7H, 8H, 6C, 6D]
2025-01-04 15:23:44,327 - Boss: Rank: 11 | Suit H | Attack 10 | Health 20
2025-01-04 15:23:44,327 - Tavern: [TC, 8S, 3C, 3S, TS, 4H, 9H, 4C, 5D, 9C, 2S, AD, 2C, 6H, 6S, TH, AS, TD, 3D, 4S, 7C]
2025-01-04 15:23:44,327 - Castle: [KD, KC, KS, KH, QC, QH, QD, QS, JD, JS]
2025-01-04 15:23:44,327 - Discard: [5S, AH, 8D, AC, 9D, JC]
2025-01-04 15:23:44,327 - Active Player: 1
2025-01-04 15:23:44,327 - STATE LOG: END
2025-01-04 15:23:44,453 - STATE LOG: BEGIN
2025-01-04 15:23:44,453 - Noah's Hand: [2D, 4D, 5C, 5H, 7S]
2025-01-04 15:23:44,453 - Eve's Hand: [2H, 3H, 7D, 7H, 8H, 6C, 6D]
2025-01-04 15:23:44,453 - Boss: Rank: 11 | Suit H | Attack 10 | Health 20
2025-01-04 15:23:44,453 - Tavern: [TC, 8S, 3C, 3S, TS, 4H, 9H, 4C, 5D, 9C, 2S, AD, 2C, 6H, 6S, TH, AS, TD, 3D, 4S, 7C]
2025-01-04 15:23:44,453 - Castle: [KD, KC, KS, KH, QC, QH, QD, QS, JD, JS]
2025-01-04 15:23:44,453 - Discard: [5S, AH, 8D, AC, 9D, JC, 9S, 8C]
2025-01-04 15:23:44,453 - Active Player: 2
2025-01-04 15:23:44,454 - STATE LOG: END
2025-01-04 15:23:44,578 - STATE LOG: BEGIN
2025-01-04 15:23:44,578 - Noah's Hand: [2D, 4D, 5C, 5H, 7S, 4S, 3D]
2025-01-04 15:23:44,578 - Eve's Hand: [2H, 3H, 6C, 6D, 7H]
2025-01-04 15:23:44,578 - Boss: Rank: 11 | Suit H | Attack 10 | Health 13
2025-01-04 15:23:44,578 - Tavern: [TC, 8S, 3C, 3S, TS, 4H, 9H, 4C, 5D, 9C, 2S, AD, 2C, 6H, 6S, TH, AS, TD]
2025-01-04 15:23:44,578 - Castle: [KD, KC, KS, KH, QC, QH, QD, QS, JD, JS]
2025-01-04 15:23:44,578 - Discard: [5S, AH, 8D, AC, 9D, JC, 9S, 8C, 7C, 8H]
2025-01-04 15:23:44,578 - Active Player: 1
2025-01-04 15:23:44,578 - STATE LOG: END
2025-01-04 15:23:44,758 - STATE LOG: BEGIN
2025-01-04 15:23:44,758 - Noah's Hand: [3D, 4D, 4S, 5C, 5H, 7S]
2025-01-04 15:23:44,758 - Eve's Hand: [2H, 3H, 6C, 6D, 7H, AS]
2025-01-04 15:23:44,758 - Boss: Rank: 11 | Suit H | Attack 10 | Health 11
2025-01-04 15:23:44,758 - Tavern: [TC, 8S, 3C, 3S, TS, 4H, 9H, 4C, 5D, 9C, 2S, AD, 2C, 6H, 6S, TH]
2025-01-04 15:23:44,758 - Castle: [KD, KC, KS, KH, QC, QH, QD, QS, JD, JS]
2025-01-04 15:23:44,758 - Discard: [5S, AH, 8D, AC, 9D, JC, 9S, 8C, 7C, 8H, TD]
2025-01-04 15:23:44,758 - Active Player: 2
2025-01-04 15:23:44,758 - STATE LOG: END
2025-01-04 15:23:44,889 - STATE LOG: BEGIN
2025-01-04 15:23:44,889 - Noah's Hand: [3D, 4D, 4S, 5C, 5H, 7S]
2025-01-04 15:23:44,889 - Eve's Hand: [3H, 6C, 6D]
2025-01-04 15:23:44,889 - Boss: Rank: 11 | Suit H | Attack 7 | Health 8
2025-01-04 15:23:44,889 - Tavern: [TC, 8S, 3C, 3S, TS, 4H, 9H, 4C, 5D, 9C, 2S, AD, 2C, 6H, 6S, TH]
2025-01-04 15:23:44,889 - Castle: [KD, KC, KS, KH, QC, QH, QD, QS, JD, JS]
2025-01-04 15:23:44,889 - Discard: [5S, AH, 8D, AC, 9D, JC, 9S, 8C, 7C, 8H, TD, 7H]
2025-01-04 15:23:44,889 - Active Player: 1
2025-01-04 15:23:44,889 - STATE LOG: END
2025-01-04 15:23:45,042 - STATE LOG: BEGIN
2025-01-04 15:23:45,042 - Noah's Hand: [3D, 5C, 5H, 7S, TH, 6H, AD]
2025-01-04 15:23:45,042 - Eve's Hand: [3H, 6C, 6D, 6S, 2C, 2S, 9C]
2025-01-04 15:23:45,043 - Boss: Rank: 11 | Suit S | Attack 10 | Health 20
2025-01-04 15:23:45,043 - Tavern: [TC, 8S, 3C, 3S, TS, 4H, 9H, 4C, 5D]
2025-01-04 15:23:45,043 - Castle: [KD, KC, KS, KH, QC, QH, QD, QS, JD]
2025-01-04 15:23:45,043 - Discard: [5S, AH, 8D, AC, 9D, JC, 9S, 8C, 7C, 8H, TD, 7H, 2D, 4D, 4S, 7D, AS, 2H]
2025-01-04 15:23:45,043 - Active Player: 1
2025-01-04 15:23:45,043 - STATE LOG: END
2025-01-04 15:23:45,177 - STATE LOG: BEGIN
2025-01-04 15:23:45,177 - Noah's Hand: [AD, 3D, 5C, 5H, 6H]
2025-01-04 15:23:45,177 - Eve's Hand: [3H, 6C, 6D, 6S, 2C, 2S, 9C]
2025-01-04 15:23:45,177 - Boss: Rank: 11 | Suit S | Attack 10 | Health 13
2025-01-04 15:23:45,177 - Tavern: [TC, 8S, 3C, 3S, TS, 4H, 9H, 4C, 5D]
2025-01-04 15:23:45,177 - Castle: [KD, KC, KS, KH, QC, QH, QD, QS, JD]
2025-01-04 15:23:45,177 - Discard: [5S, AH, 8D, AC, 9D, JC, 9S, 8C, 7C, 8H, TD, 7H, 2D, 4D, 4S, 7D, AS, 2H, TH]
2025-01-04 15:23:45,177 - Active Player: 2
2025-01-04 15:23:45,177 - STATE LOG: END
2025-01-04 15:23:45,312 - STATE LOG: BEGIN
2025-01-04 15:23:45,312 - Noah's Hand: [AD, 3D, 5C, 5H, 6H, 5D, 4C]
2025-01-04 15:23:45,312 - Eve's Hand: [2C, 2S, 3H, 6C, 6S, 9C]
2025-01-04 15:23:45,312 - Boss: Rank: 11 | Suit S | Attack 10 | Health 7
2025-01-04 15:23:45,312 - Tavern: [TC, 8S, 3C, 3S, TS, 4H, 9H]
2025-01-04 15:23:45,312 - Castle: [KD, KC, KS, KH, QC, QH, QD, QS, JD]
2025-01-04 15:23:45,312 - Discard: [5S, AH, 8D, AC, 9D, JC, 9S, 8C, 7C, 8H, TD, 7H, 2D, 4D, 4S, 7D, AS, 2H, TH, JH]
2025-01-04 15:23:45,312 - Active Player: 1
2025-01-04 15:23:45,312 - STATE LOG: END
2025-01-04 15:23:45,476 - STATE LOG: BEGIN
2025-01-04 15:23:45,476 - Noah's Hand: [3D, 4C, 5C, 5D, 5H]
2025-01-04 15:23:45,476 - Eve's Hand: [2C, 2S, 3H, 6C, 6S, 9C]
2025-01-04 15:23:45,476 - Boss: Rank: 11 | Suit S | Attack 10 | Health 6
2025-01-04 15:23:45,476 - Tavern: [TC, 8S, 3C, 3S, TS, 4H]
2025-01-04 15:23:45,476 - Castle: [KD, KC, KS, KH, QC, QH, QD, QS, JD]
2025-01-04 15:23:45,476 - Discard: [5S, AH, 8D, AC, 9D, JC, 9S, 8C, 7C, 8H, TD, 7H, 2D, 4D, 4S, 7D, AS, 2H, TH, JH, 9H, 6H]
2025-01-04 15:23:45,476 - Active Player: 2
2025-01-04 15:23:45,476 - STATE LOG: END
2025-01-04 15:23:45,607 - STATE LOG: BEGIN
2025-01-04 15:23:45,607 - Noah's Hand: [3D, 4C, 5C, 5D, 5H]
2025-01-04 15:23:45,607 - Eve's Hand: [2S, 3H, 6C]
2025-01-04 15:23:45,607 - Boss: Rank: 11 | Suit S | Attack 10 | Health 2
2025-01-04 15:23:45,607 - Tavern: [TC, 8S, 3C, 3S, TS, 4H]
2025-01-04 15:23:45,608 - Castle: [KD, KC, KS, KH, QC, QH, QD, QS, JD]
2025-01-04 15:23:45,608 - Discard: [5S, AH, 8D, AC, 9D, JC, 9S, 8C, 7C, 8H, TD, 7H, 2D, 4D, 4S, 7D, AS, 2H, TH, JH, 9H, 6H, 9C, 6S]
2025-01-04 15:23:45,608 - Active Player: 1
2025-01-04 15:23:45,608 - STATE LOG: END
2025-01-04 15:23:45,722 - STATE LOG: BEGIN
2025-01-04 15:23:45,722 - Noah's Hand: [3D, 4C, 5C, 4H, 3S, 8S, AS]
2025-01-04 15:23:45,722 - Eve's Hand: [2S, 3H, 6C, TS, 3C, TC, 5S]
2025-01-04 15:23:45,722 - Boss: Rank: 11 | Suit D | Attack 10 | Health 20
2025-01-04 15:23:45,722 - Tavern: [9C, 6S, 2D, 6H, AH, 7C, JC, 8D]
2025-01-04 15:23:45,722 - Castle: [KD, KC, KS, KH, QC, QH, QD, QS]
2025-01-04 15:23:45,722 - Discard: [7H, 9H, 9S, 4S, 4D, JH, 8H, 8C, 7D, TH, TD, AC, 2H, 9D, 7S, AD, 5D, 5H, 6D, 2C, JS]
2025-01-04 15:23:45,722 - Active Player: 1
2025-01-04 15:23:45,722 - STATE LOG: END
2025-01-04 15:23:45,882 - STATE LOG: BEGIN
2025-01-04 15:23:45,882 - Noah's Hand: [3S, 4C, 4H, 5C]
2025-01-04 15:23:45,882 - Eve's Hand: [2S, 3H, 6C, TS, 3C, TC, 5S]
2025-01-04 15:23:45,882 - Boss: Rank: 11 | Suit D | Attack 6 | Health 16
2025-01-04 15:23:45,882 - Tavern: [9C, 6S, 2D, 6H, AH, 7C, JC, 8D]
2025-01-04 15:23:45,882 - Castle: [KD, KC, KS, KH, QC, QH, QD, QS]
2025-01-04 15:23:45,882 - Discard: [7H, 9H, 9S, 4S, 4D, JH, 8H, 8C, 7D, TH, TD, AC, 2H, 9D, 7S, AD, 5D, 5H, 6D, 2C, JS, 8S]
2025-01-04 15:23:45,882 - Active Player: 2
2025-01-04 15:23:45,882 - STATE LOG: END
2025-01-04 15:23:45,995 - STATE LOG: BEGIN
2025-01-04 15:23:45,995 - Noah's Hand: [3S, 4C, 4H, 5C]
2025-01-04 15:23:45,995 - Eve's Hand: [3C, 3H, 5S, 6C, TC]
2025-01-04 15:23:45,995 - Boss: Rank: 11 | Suit D | Attack 4 | Health 14
2025-01-04 15:23:45,995 - Tavern: [9C, 6S, 2D, 6H, AH, 7C, JC, 8D]
2025-01-04 15:23:45,995 - Castle: [KD, KC, KS, KH, QC, QH, QD, QS]
2025-01-04 15:23:45,995 - Discard: [7H, 9H, 9S, 4S, 4D, JH, 8H, 8C, 7D, TH, TD, AC, 2H, 9D, 7S, AD, 5D, 5H, 6D, 2C, JS, 8S, TS]
2025-01-04 15:23:45,995 - Active Player: 1
2025-01-04 15:23:45,995 - STATE LOG: END
2025-01-04 15:23:46,112 - STATE LOG: BEGIN
2025-01-04 15:23:46,112 - Noah's Hand: [3S, 4C, 4H]
2025-01-04 15:23:46,112 - Eve's Hand: [3C, 3H, 5S, 6C, TC]
2025-01-04 15:23:46,112 - Boss: Rank: 11 | Suit D | Attack 4 | Health 14
2025-01-04 15:23:46,112 - Tavern: [9C, 6S, 2D, 6H, AH, 7C, JC, 8D]
2025-01-04 15:23:46,112 - Castle: [KD, KC, KS, KH, QC, QH, QD, QS]
2025-01-04 15:23:46,112 - Discard: [7H, 9H, 9S, 4S, 4D, JH, 8H, 8C, 7D, TH, TD, AC, 2H, 9D, 7S, AD, 5D, 5H, 6D, 2C, JS, 8S, TS, 5C]
2025-01-04 15:23:46,112 - Active Player: 2
2025-01-04 15:23:46,112 - STATE LOG: END
2025-01-04 15:23:46,205 - STATE LOG: BEGIN
2025-01-04 15:23:46,205 - Noah's Hand: [3S, 4C, 4H]
2025-01-04 15:23:46,205 - Eve's Hand: [3C, 5S, 6C]
2025-01-04 15:23:46,205 - Boss: Rank: 11 | Suit D | Attack 4 | Health 11
2025-01-04 15:23:46,205 - Tavern: [9H, 8H, 2H, 9C, 6S, 2D, 6H, AH, 7C, JC, 8D]
2025-01-04 15:23:46,205 - Castle: [KD, KC, KS, KH, QC, QH, QD, QS]
2025-01-04 15:23:46,205 - Discard: [JS, TH, 5H, 4D, 7D, AC, TD, 8C, 9D, 6D, 5C, 5D, AD, JH, 8S, 7S, 2C, 4S, TS, 9S, 7H, TC]
2025-01-04 15:23:46,205 - Active Player: 1
2025-01-04 15:23:46,205 - STATE LOG: END
2025-01-04 15:23:46,258 - STATE LOG: BEGIN
2025-01-04 15:23:46,258 - Noah's Hand: [3S, 4C]
2025-01-04 15:23:46,258 - Eve's Hand: [3C, 5S, 6C]
2025-01-04 15:23:46,258 - Boss: Rank: 11 | Suit D | Attack 4 | Health 11
2025-01-04 15:23:46,258 - Tavern: [9H, 8H, 2H, 9C, 6S, 2D, 6H, AH, 7C, JC, 8D]
2025-01-04 15:23:46,258 - Castle: [KD, KC, KS, KH, QC, QH, QD, QS]
2025-01-04 15:23:46,258 - Discard: [JS, TH, 5H, 4D, 7D, AC, TD, 8C, 9D, 6D, 5C, 5D, AD, JH, 8S, 7S, 2C, 4S, TS, 9S, 7H, TC, 4H]
2025-01-04 15:23:46,258 - Active Player: 2
2025-01-04 15:23:46,258 - STATE LOG: END
2025-01-04 15:23:46,299 - STATE LOG: BEGIN
2025-01-04 15:23:46,299 - Noah's Hand: [3S, 4C]
2025-01-04 15:23:46,299 - Eve's Hand: [3C, 6C]
2025-01-04 15:23:46,299 - Boss: Rank: 11 | Suit D | Attack 0 | Health 6
2025-01-04 15:23:46,299 - Tavern: [9H, 8H, 2H, 9C, 6S, 2D, 6H, AH, 7C, JC, 8D]
2025-01-04 15:23:46,299 - Castle: [KD, KC, KS, KH, QC, QH, QD, QS]
2025-01-04 15:23:46,299 - Discard: [JS, TH, 5H, 4D, 7D, AC, TD, 8C, 9D, 6D, 5C, 5D, AD, JH, 8S, 7S, 2C, 4S, TS, 9S, 7H, TC, 4H]
2025-01-04 15:23:46,299 - Active Player: 1
2025-01-04 15:23:46,299 - STATE LOG: END
2025-01-04 15:23:46,319 - STATE LOG: BEGIN
2025-01-04 15:23:46,319 - Noah's Hand: [4C]
2025-01-04 15:23:46,319 - Eve's Hand: [3C, 6C]
2025-01-04 15:23:46,319 - Boss: Rank: 11 | Suit D | Attack 0 | Health 3
2025-01-04 15:23:46,319 - Tavern: [9H, 8H, 2H, 9C, 6S, 2D, 6H, AH, 7C, JC, 8D]
2025-01-04 15:23:46,319 - Castle: [KD, KC, KS, KH, QC, QH, QD, QS]
2025-01-04 15:23:46,319 - Discard: [JS, TH, 5H, 4D, 7D, AC, TD, 8C, 9D, 6D, 5C, 5D, AD, JH, 8S, 7S, 2C, 4S, TS, 9S, 7H, TC, 4H]
2025-01-04 15:23:46,319 - Active Player: 2
2025-01-04 15:23:46,319 - STATE LOG: END
2025-01-04 15:23:46,329 - STATE LOG: BEGIN
2025-01-04 15:23:46,329 - Noah's Hand: [4C]
2025-01-04 15:23:46,329 - Eve's Hand: [3C, 6C]
2025-01-04 15:23:46,329 - Boss: Rank: 11 | Suit D | Attack 0 | Health 3
2025-01-04 15:23:46,329 - Tavern: [9H, 8H, 2H, 9C, 6S, 2D, 6H, AH, 7C, JC, 8D]
2025-01-04 15:23:46,329 - Castle: [KD, KC, KS, KH, QC, QH, QD, QS]
2025-01-04 15:23:46,329 - Discard: [JS, TH, 5H, 4D, 7D, AC, TD, 8C, 9D, 6D, 5C, 5D, AD, JH, 8S, 7S, 2C, 4S, TS, 9S, 7H, TC, 4H]
2025-01-04 15:23:46,329 - Active Player: 1
2025-01-04 15:23:46,329 - STATE LOG: END
2025-01-04 15:23:46,332 - STATE LOG: BEGIN
2025-01-04 15:23:46,332 - Noah's Hand: []
2025-01-04 15:23:46,332 - Eve's Hand: [3C, 6C]
2025-01-04 15:23:46,332 - Boss: Rank: 12 | Suit S | Attack 15 | Health 30
2025-01-04 15:23:46,332 - Tavern: [9H, 8H, 2H, 9C, 6S, 2D, 6H, AH, 7C, JC, 8D]
2025-01-04 15:23:46,332 - Castle: [KD, KC, KS, KH, QC, QH, QD]
2025-01-04 15:23:46,332 - Discard: [JS, TH, 5H, 4D, 7D, AC, TD, 8C, 9D, 6D, 5C, 5D, AD, JH, 8S, 7S, 2C, 4S, TS, 9S, 7H, TC, 4H, AS, 3D, 3S, 4C, 2S, 3H, 5S, JD]
2025-01-04 15:23:46,332 - Active Player: 1
2025-01-04 15:23:46,332 - STATE LOG: END
2025-01-04 15:23:46,333 - STATE LOG: BEGIN
2025-01-04 15:23:46,333 - Noah's Hand: []
2025-01-04 15:23:46,333 - Eve's Hand: [3C, 6C]
2025-01-04 15:23:46,333 - Boss: Rank: 12 | Suit S | Attack 15 | Health 30
2025-01-04 15:23:46,333 - Tavern: [9H, 8H, 2H, 9C, 6S, 2D, 6H, AH, 7C, JC, 8D]
2025-01-04 15:23:46,333 - Castle: [KD, KC, KS, KH, QC, QH, QD]
2025-01-04 15:23:46,333 - Discard: [JS, TH, 5H, 4D, 7D, AC, TD, 8C, 9D, 6D, 5C, 5D, AD, JH, 8S, 7S, 2C, 4S, TS, 9S, 7H, TC, 4H, AS, 3D, 3S, 4C, 2S, 3H, 5S, JD]
2025-01-04 15:23:46,333 - Active Player: 2
2025-01-04 15:23:46,333 - STATE LOG: END
