2025-01-04 14:01:38,322 - I log states! :D
2025-01-04 14:01:38,322 - STATE LOG: BEGIN
2025-01-04 14:01:38,322 - Noah's Hand: [7H, 4H, AC, 6S, 9H, 6C, 5D]
2025-01-04 14:01:38,322 - Eve's Hand: [3S, 4C, 7D, 4S, TD, 8H, 4D]
2025-01-04 14:01:38,322 - Boss: Rank: 11 | Suit C | Attack 10 | Health 20
2025-01-04 14:01:38,322 - Tavern: [7C, 2S, 3C, 8D, 3H, 9D, AH, 6H, TH, 5C, AS, 2D, 5S, 2H, 2C, TS, 5H, 3D, 6D, 8C, AD, 9C, 8S, TC, 7S, 9S]
2025-01-04 14:01:38,322 - Castle: [KC, KS, KD, KH, QD, QS, QC, QH, JS, JD, JH]
2025-01-04 14:01:38,322 - Discard: []
2025-01-04 14:01:38,322 - Active Player: 1
2025-01-04 14:01:38,322 - STATE LOG: END
2025-01-04 14:01:38,355 - STATE LOG: BEGIN
2025-01-04 14:01:38,355 - Noah's Hand: [4H, 5D, 6C, 7H]
2025-01-04 14:01:38,355 - Eve's Hand: [3S, 4C, 7D, 4S, TD, 8H, 4D]
2025-01-04 14:01:38,355 - Boss: Rank: 11 | Suit C | Attack 3 | Health 13
2025-01-04 14:01:38,355 - Tavern: [7C, 2S, 3C, 8D, 3H, 9D, AH, 6H, TH, 5C, AS, 2D, 5S, 2H, 2C, TS, 5H, 3D, 6D, 8C, AD, 9C, 8S, TC, 7S, 9S]
2025-01-04 14:01:38,355 - Castle: [KC, KS, KD, KH, QD, QS, QC, QH, JS, JD, JH]
2025-01-04 14:01:38,355 - Discard: [9H]
2025-01-04 14:01:38,355 - Active Player: 2
2025-01-04 14:01:38,355 - STATE LOG: END
2025-01-04 14:01:38,372 - STATE LOG: BEGIN
2025-01-04 14:01:38,372 - Noah's Hand: [4H, 5D, 6C, 7H, 7S, TC, 8S]
2025-01-04 14:01:38,372 - Eve's Hand: [3S, 4C, 4S, 7D, 8H, TD]
2025-01-04 14:01:38,372 - Boss: Rank: 11 | Suit C | Attack 3 | Health 9
2025-01-04 14:01:38,372 - Tavern: [7C, 2S, 3C, 8D, 3H, 9D, AH, 6H, TH, 5C, AS, 2D, 5S, 2H, 2C, TS, 5H, 3D, 6D, 8C, AD, 9C]
2025-01-04 14:01:38,372 - Castle: [KC, KS, KD, KH, QD, QS, QC, QH, JS, JD, JH]
2025-01-04 14:01:38,372 - Discard: [9H, 9S]
2025-01-04 14:01:38,372 - Active Player: 1
2025-01-04 14:01:38,372 - STATE LOG: END
2025-01-04 14:01:38,386 - STATE LOG: BEGIN
2025-01-04 14:01:38,386 - Noah's Hand: [4H, 5D, 6C, 7H, 7S, 8S]
2025-01-04 14:01:38,386 - Eve's Hand: [3S, 4C, 4S, 7D, 8H, TD]
2025-01-04 14:01:38,386 - Boss: Rank: 11 | Suit H | Attack 10 | Health 20
2025-01-04 14:01:38,386 - Tavern: [7C, 2S, 3C, 8D, 3H, 9D, AH, 6H, TH, 5C, AS, 2D, 5S, 2H, 2C, TS, 5H, 3D, 6D, 8C, AD, 9C]
2025-01-04 14:01:38,386 - Castle: [KC, KS, KD, KH, QD, QS, QC, QH, JS, JD]
2025-01-04 14:01:38,386 - Discard: [9H, 9S, AC, 6S, TC, 4D, JC]
2025-01-04 14:01:38,386 - Active Player: 1
2025-01-04 14:01:38,386 - STATE LOG: END
2025-01-04 14:01:38,400 - STATE LOG: BEGIN
2025-01-04 14:01:38,400 - Noah's Hand: [4H, 6C, 7H, 7S, 8S]
2025-01-04 14:01:38,400 - Eve's Hand: [3S, 4C, 4S, 7D, 8H, TD, AD]
2025-01-04 14:01:38,400 - Boss: Rank: 11 | Suit H | Attack 10 | Health 15
2025-01-04 14:01:38,400 - Tavern: [7C, 2S, 3C, 8D, 3H, 9D, AH, 6H, TH, 5C, AS, 2D, 5S, 2H, 2C, TS, 5H, 3D, 6D]
2025-01-04 14:01:38,400 - Castle: [KC, KS, KD, KH, QD, QS, QC, QH, JS, JD]
2025-01-04 14:01:38,400 - Discard: [9H, 9S, AC, 6S, TC, 4D, JC, 8C, 9C]
2025-01-04 14:01:38,400 - Active Player: 2
2025-01-04 14:01:38,400 - STATE LOG: END
2025-01-04 14:01:38,414 - STATE LOG: BEGIN
2025-01-04 14:01:38,414 - Noah's Hand: [4H, 6C, 7H, 7S, 8S, 3D, TS]
2025-01-04 14:01:38,414 - Eve's Hand: [3S, 4C, 4S, 8H, TD]
2025-01-04 14:01:38,414 - Boss: Rank: 11 | Suit H | Attack 10 | Health 7
2025-01-04 14:01:38,414 - Tavern: [7C, 2S, 3C, 8D, 3H, 9D, AH, 6H, TH, 5C, AS, 2D, 5S, 2H, 2C]
2025-01-04 14:01:38,414 - Castle: [KC, KS, KD, KH, QD, QS, QC, QH, JS, JD]
2025-01-04 14:01:38,414 - Discard: [9H, 9S, AC, 6S, TC, 4D, JC, 8C, 9C, 5H, 6D]
2025-01-04 14:01:38,414 - Active Player: 1
2025-01-04 14:01:38,414 - STATE LOG: END
2025-01-04 14:01:38,426 - STATE LOG: BEGIN
2025-01-04 14:01:38,426 - Noah's Hand: [4H, 6C, 7H, 7S, 8S]
2025-01-04 14:01:38,426 - Eve's Hand: [3S, 4C, 4S, 8H, TD, 2H, 5S]
2025-01-04 14:01:38,426 - Boss: Rank: 11 | Suit H | Attack 10 | Health 4
2025-01-04 14:01:38,426 - Tavern: [7C, 2S, 3C, 8D, 3H, 9D, AH, 6H, TH, 5C, AS, 2D]
2025-01-04 14:01:38,426 - Castle: [KC, KS, KD, KH, QD, QS, QC, QH, JS, JD]
2025-01-04 14:01:38,426 - Discard: [9H, 9S, AC, 6S, TC, 4D, JC, 8C, 9C, 5H, 6D, 2C, TS]
2025-01-04 14:01:38,426 - Active Player: 2
2025-01-04 14:01:38,426 - STATE LOG: END
2025-01-04 14:01:38,439 - STATE LOG: BEGIN
2025-01-04 14:01:38,439 - Noah's Hand: [4H, 6C, 7H, 7S, 8S]
2025-01-04 14:01:38,439 - Eve's Hand: [2H, 4C, 4S, 5S, 8H]
2025-01-04 14:01:38,439 - Boss: Rank: 11 | Suit H | Attack 7 | Health 1
2025-01-04 14:01:38,439 - Tavern: [7C, 2S, 3C, 8D, 3H, 9D, AH, 6H, TH, 5C, AS, 2D]
2025-01-04 14:01:38,439 - Castle: [KC, KS, KD, KH, QD, QS, QC, QH, JS, JD]
2025-01-04 14:01:38,439 - Discard: [9H, 9S, AC, 6S, TC, 4D, JC, 8C, 9C, 5H, 6D, 2C, TS, TD]
2025-01-04 14:01:38,439 - Active Player: 1
2025-01-04 14:01:38,439 - STATE LOG: END
2025-01-04 14:01:38,449 - STATE LOG: BEGIN
2025-01-04 14:01:38,449 - Noah's Hand: [6C, 7H, 7S, 8S]
2025-01-04 14:01:38,449 - Eve's Hand: [2H, 4C, 4S, 5S, 8H]
2025-01-04 14:01:38,449 - Boss: Rank: 11 | Suit D | Attack 10 | Health 20
2025-01-04 14:01:38,449 - Tavern: [7C, 2S, 3C, 8D, 3H, 9D, AH, 6H, TH, 5C, AS, 2D]
2025-01-04 14:01:38,449 - Castle: [KC, KS, KD, KH, QD, QS, QC, QH, JS]
2025-01-04 14:01:38,449 - Discard: [9H, 9S, AC, 6S, TC, 4D, JC, 8C, 9C, 5H, 6D, 2C, TS, TD, 5D, 3D, 4H, AD, 7D, 3S, JH]
2025-01-04 14:01:38,449 - Active Player: 1
2025-01-04 14:01:38,449 - STATE LOG: END
2025-01-04 14:01:38,459 - STATE LOG: BEGIN
2025-01-04 14:01:38,459 - Noah's Hand: [6C]
2025-01-04 14:01:38,459 - Eve's Hand: [2H, 4C, 4S, 5S, 8H]
2025-01-04 14:01:38,459 - Boss: Rank: 11 | Suit D | Attack 10 | Health 13
2025-01-04 14:01:38,459 - Tavern: [3D, 9C, 7D, TS, AC, 4H, 3S, 7C, 2S, 3C, 8D, 3H, 9D, AH, 6H, TH, 5C, AS, 2D]
2025-01-04 14:01:38,459 - Castle: [KC, KS, KD, KH, QD, QS, QC, QH, JS]
2025-01-04 14:01:38,459 - Discard: [6S, 9H, 5D, JH, 4D, 6D, AD, TD, TC, 8C, JC, 2C, 5H, 9S, 8S, 7S]
2025-01-04 14:01:38,459 - Active Player: 2
2025-01-04 14:01:38,459 - STATE LOG: END
2025-01-04 14:01:38,468 - STATE LOG: BEGIN
2025-01-04 14:01:38,468 - Noah's Hand: [6C]
2025-01-04 14:01:38,468 - Eve's Hand: [4C, 4S]
2025-01-04 14:01:38,468 - Boss: Rank: 11 | Suit D | Attack 10 | Health 11
2025-01-04 14:01:38,468 - Tavern: [9S, 6S, 3D, 9C, 7D, TS, AC, 4H, 3S, 7C, 2S, 3C, 8D, 3H, 9D, AH, 6H, TH, 5C, AS, 2D]
2025-01-04 14:01:38,468 - Castle: [KC, KS, KD, KH, QD, QS, QC, QH, JS]
2025-01-04 14:01:38,468 - Discard: [7S, 4D, JH, 5D, 6D, 5H, 8S, TD, 2C, 8C, AD, 9H, JC, TC, 8H, 5S]
2025-01-04 14:01:38,468 - Active Player: 1
2025-01-04 14:01:38,468 - STATE LOG: END
2025-01-04 14:01:38,471 - STATE LOG: BEGIN
2025-01-04 14:01:38,471 - Noah's Hand: []
2025-01-04 14:01:38,471 - Eve's Hand: [4C, 4S]
2025-01-04 14:01:38,471 - Boss: Rank: 11 | Suit S | Attack 10 | Health 20
2025-01-04 14:01:38,471 - Tavern: [9S, 6S, 3D, 9C, 7D, TS, AC, 4H, 3S, 7C, 2S, 3C, 8D, 3H, 9D, AH, 6H, TH, 5C, AS, 2D]
2025-01-04 14:01:38,471 - Castle: [KC, KS, KD, KH, QD, QS, QC, QH]
2025-01-04 14:01:38,471 - Discard: [7S, 4D, JH, 5D, 6D, 5H, 8S, TD, 2C, 8C, AD, 9H, JC, TC, 8H, 5S, 7H, 6C, 2H, JD]
2025-01-04 14:01:38,471 - Active Player: 1
2025-01-04 14:01:38,471 - STATE LOG: END
2025-01-04 14:01:38,472 - STATE LOG: BEGIN
2025-01-04 14:01:38,472 - Noah's Hand: []
2025-01-04 14:01:38,472 - Eve's Hand: [4C, 4S]
2025-01-04 14:01:38,472 - Boss: Rank: 11 | Suit S | Attack 10 | Health 20
2025-01-04 14:01:38,472 - Tavern: [9S, 6S, 3D, 9C, 7D, TS, AC, 4H, 3S, 7C, 2S, 3C, 8D, 3H, 9D, AH, 6H, TH, 5C, AS, 2D]
2025-01-04 14:01:38,472 - Castle: [KC, KS, KD, KH, QD, QS, QC, QH]
2025-01-04 14:01:38,472 - Discard: [7S, 4D, JH, 5D, 6D, 5H, 8S, TD, 2C, 8C, AD, 9H, JC, TC, 8H, 5S, 7H, 6C, 2H, JD]
2025-01-04 14:01:38,472 - Active Player: 2
2025-01-04 14:01:38,472 - STATE LOG: END
