2025-01-04 02:10:57,446 - I log states! :D
2025-01-04 02:10:57,446 - STATE LOG: BEGIN
2025-01-04 02:10:57,449 - Noah's Hand: [8H, 9S, AH, 2C, TS, TD, 9H]
2025-01-04 02:10:57,449 - Eve's Hand: [7D, 6H, 4D, 4S, 5C, 2H, 9D]
2025-01-04 02:10:57,449 - Boss: Rank: 11 | Suit D | Attack 10 | Health 20
2025-01-04 02:10:57,449 - Tavern: [TC, 4H, 6C, 3H, 6S, 5H, AD, 2S, 2D, AS, 6D, 7S, 8S, 3S, 5D, 3C, TH, 7H, 3D, 8C, 8D, 9C, 5S, 7C, 4C, AC]
2025-01-04 02:10:57,449 - Castle: [KD, KC, KH, KS, QH, QS, QC, QD, JC, JH, JS]
2025-01-04 02:10:57,450 - Discard: []
2025-01-04 02:10:57,450 - Active Player: 1
2025-01-04 02:10:57,450 - STATE LOG: END
2025-01-04 02:11:07,502 - STATE LOG: BEGIN
2025-01-04 02:11:07,504 - Noah's Hand: [2C, 8H, 9H, TD, TS]
2025-01-04 02:11:07,504 - Eve's Hand: [7D, 6H, 4D, 4S, 5C, 2H, 9D]
2025-01-04 02:11:07,504 - Boss: Rank: 11 | Suit D | Attack 0 | Health 10
2025-01-04 02:11:07,504 - Tavern: [TC, 4H, 6C, 3H, 6S, 5H, AD, 2S, 2D, AS, 6D, 7S, 8S, 3S, 5D, 3C, TH, 7H, 3D, 8C, 8D, 9C, 5S, 7C, 4C, AC]
2025-01-04 02:11:07,504 - Castle: [KD, KC, KH, KS, QH, QS, QC, QD, JC, JH, JS]
2025-01-04 02:11:07,504 - Discard: []
2025-01-04 02:11:07,504 - Active Player: 2
2025-01-04 02:11:07,504 - STATE LOG: END
2025-01-04 02:11:17,505 - STATE LOG: BEGIN
2025-01-04 02:11:17,505 - Noah's Hand: [2C, 8H, 9H, TD, TS]
2025-01-04 02:11:17,505 - Eve's Hand: [4D, 4S, 5C, 6H, 7D, 9D]
2025-01-04 02:11:17,505 - Boss: Rank: 11 | Suit D | Attack 0 | Health 8
2025-01-04 02:11:17,505 - Tavern: [TC, 4H, 6C, 3H, 6S, 5H, AD, 2S, 2D, AS, 6D, 7S, 8S, 3S, 5D, 3C, TH, 7H, 3D, 8C, 8D, 9C, 5S, 7C, 4C, AC]
2025-01-04 02:11:17,505 - Castle: [KD, KC, KH, KS, QH, QS, QC, QD, JC, JH, JS]
2025-01-04 02:11:17,505 - Discard: []
2025-01-04 02:11:17,505 - Active Player: 1
2025-01-04 02:11:17,505 - STATE LOG: END
2025-01-04 02:11:22,304 - STATE LOG: BEGIN
2025-01-04 02:11:22,304 - Noah's Hand: [2C, 9H, TD, TS]
2025-01-04 02:11:22,304 - Eve's Hand: [4D, 4S, 5C, 6H, 7D, 9D]
2025-01-04 02:11:22,304 - Boss: Rank: 11 | Suit S | Attack 10 | Health 20
2025-01-04 02:11:22,304 - Tavern: [TC, 4H, 6C, 3H, 6S, 5H, AD, 2S, 2D, AS, 6D, 7S, 8S, 3S, 5D, 3C, TH, 7H, 3D, 8C, 8D, 9C, 5S, 7C, 4C, AC]
2025-01-04 02:11:22,304 - Castle: [KD, KC, KH, KS, QH, QS, QC, QD, JC, JH]
2025-01-04 02:11:22,304 - Discard: [AH, 9S, 8H, 2H]
2025-01-04 02:11:22,304 - Active Player: 1
2025-01-04 02:11:22,304 - STATE LOG: END
2025-01-04 02:11:30,243 - STATE LOG: BEGIN
2025-01-04 02:11:30,244 - Noah's Hand: [2C, 9H, TS, JD, 4C]
2025-01-04 02:11:30,244 - Eve's Hand: [4D, 4S, 5C, 6H, 7D, 9D, AC]
2025-01-04 02:11:30,244 - Boss: Rank: 11 | Suit S | Attack 10 | Health 10
2025-01-04 02:11:30,244 - Tavern: [TC, 4H, 6C, 3H, 6S, 5H, AD, 2S, 2D, AS, 6D, 7S, 8S, 3S, 5D, 3C, TH, 7H, 3D, 8C, 8D, 9C]
2025-01-04 02:11:30,244 - Castle: [KD, KC, KH, KS, QH, QS, QC, QD, JC, JH]
2025-01-04 02:11:30,244 - Discard: [AH, 9S, 8H, 2H, 5S, 7C]
2025-01-04 02:11:30,244 - Active Player: 2
2025-01-04 02:11:30,244 - STATE LOG: END
2025-01-04 02:11:40,244 - STATE LOG: BEGIN
2025-01-04 02:11:40,245 - Noah's Hand: [2C, 9H, TS, JD, 4C]
2025-01-04 02:11:40,245 - Eve's Hand: [4D, 4S, 6H, 7D, 9D]
2025-01-04 02:11:40,245 - Boss: Rank: 11 | Suit H | Attack 10 | Health 20
2025-01-04 02:11:40,245 - Tavern: [TC, 4H, 6C, 3H, 6S, 5H, AD, 2S, 2D, AS, 6D, 7S, 8S, 3S, 5D, 3C, TH, 7H, 3D, 8C, 8D, 9C]
2025-01-04 02:11:40,245 - Castle: [KD, KC, KH, KS, QH, QS, QC, QD, JC]
2025-01-04 02:11:40,245 - Discard: [AH, 9S, 8H, 2H, 5S, 7C, TD, AC, 5C, JS]
2025-01-04 02:11:40,245 - Active Player: 2
2025-01-04 02:11:40,245 - STATE LOG: END
2025-01-04 02:11:50,246 - STATE LOG: BEGIN
2025-01-04 02:11:50,246 - Noah's Hand: [2C, 9H, TS, JD, 4C, 8D, 3D]
2025-01-04 02:11:50,246 - Eve's Hand: [4D, 4S, 6H, 7D, 9C]
2025-01-04 02:11:50,246 - Boss: Rank: 11 | Suit H | Attack 10 | Health 11
2025-01-04 02:11:50,246 - Tavern: [TC, 4H, 6C, 3H, 6S, 5H, AD, 2S, 2D, AS, 6D, 7S, 8S, 3S, 5D, 3C, TH]
2025-01-04 02:11:50,246 - Castle: [KD, KC, KH, KS, QH, QS, QC, QD, JC]
2025-01-04 02:11:50,246 - Discard: [AH, 9S, 8H, 2H, 5S, 7C, TD, AC, 5C, JS, 7H, 8C]
2025-01-04 02:11:50,246 - Active Player: 1
2025-01-04 02:11:50,246 - STATE LOG: END
2025-01-04 02:12:00,250 - STATE LOG: BEGIN
2025-01-04 02:12:00,250 - Noah's Hand: [3D, 4C, 8D, 9H, TS]
2025-01-04 02:12:00,250 - Eve's Hand: [4D, 4S, 6H, 7D, 9C]
2025-01-04 02:12:00,250 - Boss: Rank: 11 | Suit H | Attack 10 | Health 7
2025-01-04 02:12:00,250 - Tavern: [TC, 4H, 6C, 3H, 6S, 5H, AD, 2S, 2D, AS, 6D, 7S, 8S, 3S, 5D, 3C, TH]
2025-01-04 02:12:00,250 - Castle: [KD, KC, KH, KS, QH, QS, QC, QD, JC]
2025-01-04 02:12:00,251 - Discard: [AH, 9S, 8H, 2H, 5S, 7C, TD, AC, 5C, JS, 7H, 8C, JD]
2025-01-04 02:12:00,251 - Active Player: 2
2025-01-04 02:12:00,251 - STATE LOG: END
2025-01-04 02:12:10,253 - STATE LOG: BEGIN
2025-01-04 02:12:10,254 - Noah's Hand: [3D, 4C, 8D, 9H, TS, 3C, 3S]
2025-01-04 02:12:10,254 - Eve's Hand: [4D, 4S, 6H, 9C, TH, 5D, 8S]
2025-01-04 02:12:10,254 - Boss: Rank: 11 | Suit C | Attack 10 | Health 20
2025-01-04 02:12:10,254 - Tavern: [TC, 4H, 6C, 3H, 6S, 5H, AD, 2S, 2D, AS, 6D, 7S]
2025-01-04 02:12:10,254 - Castle: [KD, KC, KH, KS, QH, QS, QC, QD]
2025-01-04 02:12:10,255 - Discard: [AH, 9S, 8H, 2H, 5S, 7C, TD, AC, 5C, JS, 7H, 8C, JD, 2C, 9D, 7D]
2025-01-04 02:12:10,255 - Active Player: 2
2025-01-04 02:12:10,255 - STATE LOG: END
2025-01-04 02:12:20,256 - STATE LOG: BEGIN
2025-01-04 02:12:20,257 - Noah's Hand: [3D, 4C, 8D, 9H, TS, 3C, 3S]
2025-01-04 02:12:20,257 - Eve's Hand: [4D, 4S, 5D, 6H, 8S, 9C]
2025-01-04 02:12:20,257 - Boss: Rank: 11 | Suit C | Attack 10 | Health 20
2025-01-04 02:12:20,257 - Tavern: [TC, 4H, 6C, 3H, 6S, 5H, AD, 2S, 2D, AS, 6D, 7S]
2025-01-04 02:12:20,257 - Castle: [KD, KC, KH, KS, QH, QS, QC, QD]
2025-01-04 02:12:20,257 - Discard: [AH, 9S, 8H, 2H, 5S, 7C, TD, AC, 5C, JS, 7H, 8C, JD, 2C, 9D, 7D, TH]
2025-01-04 02:12:20,257 - Active Player: 1
2025-01-04 02:12:20,257 - STATE LOG: END
2025-01-04 02:12:30,258 - STATE LOG: BEGIN
2025-01-04 02:12:30,262 - Noah's Hand: [3C, 3D, 4C, 8D, 9H]
2025-01-04 02:12:30,262 - Eve's Hand: [4D, 4S, 5D, 6H, 8S, 9C]
2025-01-04 02:12:30,262 - Boss: Rank: 11 | Suit C | Attack 7 | Health 17
2025-01-04 02:12:30,262 - Tavern: [TC, 4H, 6C, 3H, 6S, 5H, AD, 2S, 2D, AS, 6D, 7S]
2025-01-04 02:12:30,262 - Castle: [KD, KC, KH, KS, QH, QS, QC, QD]
2025-01-04 02:12:30,262 - Discard: [AH, 9S, 8H, 2H, 5S, 7C, TD, AC, 5C, JS, 7H, 8C, JD, 2C, 9D, 7D, TH, TS]
2025-01-04 02:12:30,262 - Active Player: 2
2025-01-04 02:12:30,262 - STATE LOG: END
2025-01-04 02:12:40,413 - STATE LOG: BEGIN
2025-01-04 02:12:40,413 - Noah's Hand: [3C, 3D, 4C, 8D, 9H]
2025-01-04 02:12:40,413 - Eve's Hand: [4D, 4S, 5D, 6H, 8S]
2025-01-04 02:12:40,413 - Boss: Rank: 11 | Suit C | Attack 7 | Health 17
2025-01-04 02:12:40,414 - Tavern: [TC, 4H, 6C, 3H, 6S, 5H, AD, 2S, 2D, AS, 6D, 7S]
2025-01-04 02:12:40,414 - Castle: [KD, KC, KH, KS, QH, QS, QC, QD]
2025-01-04 02:12:40,414 - Discard: [AH, 9S, 8H, 2H, 5S, 7C, TD, AC, 5C, JS, 7H, 8C, JD, 2C, 9D, 7D, TH, TS, 9C]
2025-01-04 02:12:40,414 - Active Player: 1
2025-01-04 02:12:40,414 - STATE LOG: END
2025-01-04 02:12:44,856 - STATE LOG: BEGIN
2025-01-04 02:12:44,858 - Noah's Hand: [3C, 3D, 8D]
2025-01-04 02:12:44,858 - Eve's Hand: [4D, 4S, 5D, 6H, 8S]
2025-01-04 02:12:44,859 - Boss: Rank: 11 | Suit C | Attack 7 | Health 13
2025-01-04 02:12:44,859 - Tavern: [TC, 4H, 6C, 3H, 6S, 5H, AD, 2S, 2D, AS, 6D, 7S]
2025-01-04 02:12:44,859 - Castle: [KD, KC, KH, KS, QH, QS, QC, QD]
2025-01-04 02:12:44,859 - Discard: [AH, 9S, 8H, 2H, 5S, 7C, TD, AC, 5C, JS, 7H, 8C, JD, 2C, 9D, 7D, TH, TS, 9C, 9H]
2025-01-04 02:12:44,859 - Active Player: 2
2025-01-04 02:12:44,859 - STATE LOG: END
2025-01-04 02:12:50,046 - STATE LOG: BEGIN
2025-01-04 02:12:50,046 - Noah's Hand: [3C, 3D, 8D, 7S, AS]
2025-01-04 02:12:50,046 - Eve's Hand: [4D, 4S, 6H, 8S, JH]
2025-01-04 02:12:50,046 - Boss: Rank: 11 | Suit C | Attack 7 | Health 8
2025-01-04 02:12:50,046 - Tavern: [TC, 4H, 6C, 3H, 6S, 5H, AD, 2S]
2025-01-04 02:12:50,046 - Castle: [KD, KC, KH, KS, QH, QS, QC, QD]
2025-01-04 02:12:50,046 - Discard: [AH, 9S, 8H, 2H, 5S, 7C, TD, AC, 5C, JS, 7H, 8C, JD, 2C, 9D, 7D, TH, TS, 9C, 9H, 2D, 6D]
2025-01-04 02:12:50,046 - Active Player: 1
2025-01-04 02:12:50,046 - STATE LOG: END
2025-01-04 02:12:55,215 - STATE LOG: BEGIN
2025-01-04 02:12:55,218 - Noah's Hand: [AS, 7S, 8D, 2S, 5H]
2025-01-04 02:12:55,219 - Eve's Hand: [4D, 4S, 6H, 8S, JH, AD, 6S]
2025-01-04 02:12:55,219 - Boss: Rank: 11 | Suit C | Attack 7 | Health 2
2025-01-04 02:12:55,220 - Tavern: [TC, 4H]
2025-01-04 02:12:55,220 - Castle: [KD, KC, KH, KS, QH, QS, QC, QD]
2025-01-04 02:12:55,223 - Discard: [AH, 9S, 8H, 2H, 5S, 7C, TD, AC, 5C, JS, 7H, 8C, JD, 2C, 9D, 7D, TH, TS, 9C, 9H, 2D, 6D, 6C, 3H]
2025-01-04 02:12:55,223 - Active Player: 2
2025-01-04 02:12:55,223 - STATE LOG: END
2025-01-04 02:12:55,596 - STATE LOG: BEGIN
2025-01-04 02:12:55,597 - Noah's Hand: [AS, 7S, 8D, 2S, 5H, TC, 8H]
2025-01-04 02:12:55,597 - Eve's Hand: [4D, 4S, 6S, 8S, JH, 4H, 2D]
2025-01-04 02:12:55,597 - Boss: Rank: 12 | Suit D | Attack 15 | Health 30
2025-01-04 02:12:55,597 - Tavern: [3H, 5S, 7H, AH, JD]
2025-01-04 02:12:55,597 - Castle: [KD, KC, KH, KS, QH, QS, QC]
2025-01-04 02:12:55,597 - Discard: [2H, 9H, 6D, AC, 2C, 7C, 9S, 9C, 8C, TH, 5C, 9D, 6C, 7D, JS, TS, TD, 3S, 4C, 3C, 3D, 5D, AD, 6H, JC]
2025-01-04 02:12:55,597 - Active Player: 2
2025-01-04 02:12:55,597 - STATE LOG: END
2025-01-04 02:12:59,821 - STATE LOG: BEGIN
2025-01-04 02:12:59,821 - Noah's Hand: [AS, 7S, 8D, 2S, 5H, TC, 8H]
2025-01-04 02:12:59,821 - Eve's Hand: [2D, 4D, 4H, 4S, 6S]
2025-01-04 02:12:59,821 - Boss: Rank: 12 | Suit D | Attack 7 | Health 22
2025-01-04 02:12:59,821 - Tavern: [3H, 5S, 7H, AH, JD]
2025-01-04 02:12:59,821 - Castle: [KD, KC, KH, KS, QH, QS, QC]
2025-01-04 02:12:59,821 - Discard: [2H, 9H, 6D, AC, 2C, 7C, 9S, 9C, 8C, TH, 5C, 9D, 6C, 7D, JS, TS, TD, 3S, 4C, 3C, 3D, 5D, AD, 6H, JC, JH]
2025-01-04 02:12:59,821 - Active Player: 1
2025-01-04 02:12:59,821 - STATE LOG: END
2025-01-04 02:13:06,637 - STATE LOG: BEGIN
2025-01-04 02:13:06,638 - Noah's Hand: [AS, 2S, 5H, 7S, 8D, 8H]
2025-01-04 02:13:06,638 - Eve's Hand: [2D, 4D, 4H, 4S, 6S]
2025-01-04 02:13:06,638 - Boss: Rank: 12 | Suit D | Attack 7 | Health 22
2025-01-04 02:13:06,638 - Tavern: [3H, 5S, 7H, AH, JD]
2025-01-04 02:13:06,638 - Castle: [KD, KC, KH, KS, QH, QS, QC]
2025-01-04 02:13:06,638 - Discard: [2H, 9H, 6D, AC, 2C, 7C, 9S, 9C, 8C, TH, 5C, 9D, 6C, 7D, JS, TS, TD, 3S, 4C, 3C, 3D, 5D, AD, 6H, JC, JH, TC]
2025-01-04 02:13:06,638 - Active Player: 2
2025-01-04 02:13:06,638 - STATE LOG: END
2025-01-04 02:13:09,148 - STATE LOG: BEGIN
2025-01-04 02:13:09,148 - Noah's Hand: [AS, 2S, 5H, 7S, 8D, 8H]
2025-01-04 02:13:09,149 - Eve's Hand: [2D, 4D, 4H]
2025-01-04 02:13:09,149 - Boss: Rank: 12 | Suit D | Attack 1 | Health 16
2025-01-04 02:13:09,149 - Tavern: [3H, 5S, 7H, AH, JD]
2025-01-04 02:13:09,149 - Castle: [KD, KC, KH, KS, QH, QS, QC]
2025-01-04 02:13:09,149 - Discard: [2H, 9H, 6D, AC, 2C, 7C, 9S, 9C, 8C, TH, 5C, 9D, 6C, 7D, JS, TS, TD, 3S, 4C, 3C, 3D, 5D, AD, 6H, JC, JH, TC, 4S]
2025-01-04 02:13:09,149 - Active Player: 1
2025-01-04 02:13:09,149 - STATE LOG: END
2025-01-04 02:13:14,231 - STATE LOG: BEGIN
2025-01-04 02:13:14,233 - Noah's Hand: [2S, 5H, 7S, 8D, 8H]
2025-01-04 02:13:14,233 - Eve's Hand: [2D, 4D, 4H]
2025-01-04 02:13:14,233 - Boss: Rank: 12 | Suit D | Attack 0 | Health 15
2025-01-04 02:13:14,233 - Tavern: [3H, 5S, 7H, AH, JD]
2025-01-04 02:13:14,233 - Castle: [KD, KC, KH, KS, QH, QS, QC]
2025-01-04 02:13:14,233 - Discard: [2H, 9H, 6D, AC, 2C, 7C, 9S, 9C, 8C, TH, 5C, 9D, 6C, 7D, JS, TS, TD, 3S, 4C, 3C, 3D, 5D, AD, 6H, JC, JH, TC, 4S]
2025-01-04 02:13:14,233 - Active Player: 2
2025-01-04 02:13:14,233 - STATE LOG: END
2025-01-04 02:13:17,341 - STATE LOG: BEGIN
2025-01-04 02:13:17,342 - Noah's Hand: [2S, 5H, 7S, 8D, 8H]
2025-01-04 02:13:17,342 - Eve's Hand: [2D, 4D, 4H]
2025-01-04 02:13:17,342 - Boss: Rank: 12 | Suit D | Attack 0 | Health 15
2025-01-04 02:13:17,342 - Tavern: [3H, 5S, 7H, AH, JD]
2025-01-04 02:13:17,342 - Castle: [KD, KC, KH, KS, QH, QS, QC]
2025-01-04 02:13:17,342 - Discard: [2H, 9H, 6D, AC, 2C, 7C, 9S, 9C, 8C, TH, 5C, 9D, 6C, 7D, JS, TS, TD, 3S, 4C, 3C, 3D, 5D, AD, 6H, JC, JH, TC, 4S]
2025-01-04 02:13:17,342 - Active Player: 1
2025-01-04 02:13:17,342 - STATE LOG: END
2025-01-04 02:13:19,704 - STATE LOG: BEGIN
2025-01-04 02:13:19,704 - Noah's Hand: [2S, 7S, 8D, 8H]
2025-01-04 02:13:19,704 - Eve's Hand: [2D, 4D, 4H]
2025-01-04 02:13:19,704 - Boss: Rank: 12 | Suit D | Attack 0 | Health 10
2025-01-04 02:13:19,704 - Tavern: [6C, AC, JC, TS, 6D, 3H, 5S, 7H, AH, JD]
2025-01-04 02:13:19,704 - Castle: [KD, KC, KH, KS, QH, QS, QC]
2025-01-04 02:13:19,704 - Discard: [TH, 9H, JH, 6H, 5D, TC, 7C, 7D, JS, 4C, 3C, 9C, 8C, AD, 2C, 9D, 4S, 5C, 2H, 3D, TD, 3S, 9S]
2025-01-04 02:13:19,704 - Active Player: 2
2025-01-04 02:13:19,704 - STATE LOG: END
2025-01-04 02:13:21,317 - STATE LOG: BEGIN
2025-01-04 02:13:21,317 - Noah's Hand: [2S, 7S, 8D, 8H]
2025-01-04 02:13:21,317 - Eve's Hand: [2D]
2025-01-04 02:13:21,317 - Boss: Rank: 12 | Suit D | Attack 0 | Health 2
2025-01-04 02:13:21,317 - Tavern: [3D, 7D, 7C, TC, 5C, 9S, 3C, AD, 6C, AC, JC, TS, 6D, 3H, 5S, 7H, AH, JD]
2025-01-04 02:13:21,317 - Castle: [KD, KC, KH, KS, QH, QS, QC]
2025-01-04 02:13:21,317 - Discard: [2H, 9D, JH, 4S, 3S, 9H, 4C, TD, 8C, 9C, JS, 5D, TH, 2C, 6H]
2025-01-04 02:13:21,317 - Active Player: 1
2025-01-04 02:13:21,317 - STATE LOG: END
2025-01-04 02:13:21,571 - STATE LOG: BEGIN
2025-01-04 02:13:21,571 - Noah's Hand: [2S, 7S, 8D]
2025-01-04 02:13:21,571 - Eve's Hand: [2D]
2025-01-04 02:13:21,571 - Boss: Rank: 12 | Suit C | Attack 15 | Health 30
2025-01-04 02:13:21,571 - Tavern: [9C, 4C, TD, TH, JH, 5D, 2C, 4S, 3D, 7D, 7C, TC, 5C, 9S, 3C, AD, 6C, AC, JC, TS, 6D, 3H, 5S, 7H, AH, JD]
2025-01-04 02:13:21,571 - Castle: [KD, KC, KH, KS, QH, QS]
2025-01-04 02:13:21,571 - Discard: [3S, 6H, 9H, 2H, 9D, JS, 8C, AS, 5H, 8H, 8S, 6S, 4D, 4H, QD]
2025-01-04 02:13:21,571 - Active Player: 1
2025-01-04 02:13:21,571 - STATE LOG: END
2025-01-04 02:13:22,130 - STATE LOG: BEGIN
2025-01-04 02:13:22,130 - Noah's Hand: [2S, 7S, JD]
2025-01-04 02:13:22,130 - Eve's Hand: [2D, AH, 5S, 6D, JC]
2025-01-04 02:13:22,130 - Boss: Rank: 12 | Suit C | Attack 15 | Health 22
2025-01-04 02:13:22,130 - Tavern: [9C, 4C, TD, TH, JH, 5D, 2C, 4S, 3D, 7D, 7C, TC, 5C, 9S, 3C, AD, 6C, AC]
2025-01-04 02:13:22,130 - Castle: [KD, KC, KH, KS, QH, QS]
2025-01-04 02:13:22,130 - Discard: [3S, 6H, 9H, 2H, 9D, JS, 8C, AS, 5H, 8H, 8S, 6S, 4D, 4H, QD, TS, 3H, 7H]
2025-01-04 02:13:22,130 - Active Player: 2
2025-01-04 02:13:22,130 - STATE LOG: END
2025-01-04 02:13:25,148 - STATE LOG: BEGIN
2025-01-04 02:13:25,149 - Noah's Hand: [2S, 7S, JD]
2025-01-04 02:13:25,149 - Eve's Hand: [AH, 2D, 5S]
2025-01-04 02:13:25,149 - Boss: Rank: 12 | Suit C | Attack 15 | Health 22
2025-01-04 02:13:25,149 - Tavern: [9C, 4C, TD, TH, JH, 5D, 2C, 4S, 3D, 7D, 7C, TC, 5C, 9S, 3C, AD, 6C, AC]
2025-01-04 02:13:25,150 - Castle: [KD, KC, KH, KS, QH, QS]
2025-01-04 02:13:25,150 - Discard: [3S, 6H, 9H, 2H, 9D, JS, 8C, AS, 5H, 8H, 8S, 6S, 4D, 4H, QD, TS, 3H, 7H, JC, 6D]
2025-01-04 02:13:25,150 - Active Player: 1
2025-01-04 02:13:25,150 - STATE LOG: END
2025-01-04 02:13:26,967 - STATE LOG: BEGIN
2025-01-04 02:13:26,968 - Noah's Hand: [2S, 7S, AC, AD, 9S]
2025-01-04 02:13:26,968 - Eve's Hand: [AH, 2D, 5S, 6C, 3C, 5C, 7C]
2025-01-04 02:13:26,968 - Boss: Rank: 12 | Suit C | Attack 15 | Health 11
2025-01-04 02:13:26,968 - Tavern: [9C, 4C, TD, TH, JH, 5D, 2C, 4S, 3D]
2025-01-04 02:13:26,968 - Castle: [KD, KC, KH, KS, QH, QS]
2025-01-04 02:13:26,968 - Discard: [3S, 6H, 9H, 2H, 9D, JS, 8C, AS, 5H, 8H, 8S, 6S, 4D, 4H, QD, TS, 3H, 7H, JC, 6D, 7D, TC]
2025-01-04 02:13:26,968 - Active Player: 2
2025-01-04 02:13:26,968 - STATE LOG: END
2025-01-04 02:13:33,665 - STATE LOG: BEGIN
2025-01-04 02:13:33,665 - Noah's Hand: [2S, 7S, AC, AD, 9S]
2025-01-04 02:13:33,665 - Eve's Hand: [2D, 5C]
2025-01-04 02:13:33,665 - Boss: Rank: 12 | Suit C | Attack 15 | Health 7
2025-01-04 02:13:33,665 - Tavern: [3S, 7D, 5H, 6S, 9C, 4C, TD, TH, JH, 5D, 2C, 4S, 3D]
2025-01-04 02:13:33,665 - Castle: [KD, KC, KH, KS, QH, QS]
2025-01-04 02:13:33,665 - Discard: [9D, JS, 8C, 4D, TS, 9H, JC, AS, 8S, 3H, QD, 6D, 2H, 7H, 6H, TC, 4H, 8H, 7C, 6C, 5S]
2025-01-04 02:13:33,665 - Active Player: 1
2025-01-04 02:13:33,665 - STATE LOG: END
2025-01-04 02:13:34,674 - STATE LOG: BEGIN
2025-01-04 02:13:34,674 - Noah's Hand: [AC, 2S, 9S, 3D, 2C, JH, TD]
2025-01-04 02:13:34,674 - Eve's Hand: [2D, 5C, 4S, 5D, TH, 4C]
2025-01-04 02:13:34,674 - Boss: Rank: 12 | Suit S | Attack 15 | Health 30
2025-01-04 02:13:34,674 - Tavern: [3S, 7D, 5H, 6S, 9C]
2025-01-04 02:13:34,674 - Castle: [KD, KC, KH, KS, QH]
2025-01-04 02:13:34,674 - Discard: [9D, JS, 8C, 4D, TS, 9H, JC, AS, 8S, 3H, QD, 6D, 2H, 7H, 6H, TC, 4H, 8H, 7C, 6C, 5S, 8D, JD, AD, 7S, AH, 3C, QC]
2025-01-04 02:13:34,674 - Active Player: 1
2025-01-04 02:13:34,674 - STATE LOG: END
2025-01-04 02:13:41,529 - STATE LOG: BEGIN
2025-01-04 02:13:41,530 - Noah's Hand: [2C, 2S, 3D]
2025-01-04 02:13:41,530 - Eve's Hand: [2D, 5C, 4S, 5D, TH, 4C]
2025-01-04 02:13:41,530 - Boss: Rank: 12 | Suit S | Attack 15 | Health 6
2025-01-04 02:13:41,530 - Tavern: [3H, 8C, 2H, 6C, TC, TS, 8H, 6H, 8D, 7C, 9D, 8S, 3S, 7D, 5H, 6S, 9C]
2025-01-04 02:13:41,530 - Castle: [KD, KC, KH, KS, QH]
2025-01-04 02:13:41,530 - Discard: [AD, AH, JC, 3C, QC, 6D, 5S, 9H, 4H, JD, QD, AS, 7H, 7S, 4D, JS, TD, 9S]
2025-01-04 02:13:41,530 - Active Player: 2
2025-01-04 02:13:41,530 - STATE LOG: END
2025-01-04 02:13:43,715 - STATE LOG: BEGIN
2025-01-04 02:13:43,715 - Noah's Hand: [2C, 2S, 3D, 6S, 7D, 8S, 9D]
2025-01-04 02:13:43,715 - Eve's Hand: [2D, 4C, 4S, TH, 9C, 5H, 3S]
2025-01-04 02:13:43,715 - Boss: Rank: 12 | Suit H | Attack 15 | Health 30
2025-01-04 02:13:43,715 - Tavern: [3H, 8C, 2H, 6C, TC, TS, 8H, 6H, 8D, 7C]
2025-01-04 02:13:43,715 - Castle: [KD, KC, KH, KS]
2025-01-04 02:13:43,715 - Discard: [AD, AH, JC, 3C, QC, 6D, 5S, 9H, 4H, JD, QD, AS, 7H, 7S, 4D, JS, TD, 9S, AC, JH, 5C, 5D, QS]
2025-01-04 02:13:43,715 - Active Player: 2
2025-01-04 02:13:43,715 - STATE LOG: END
2025-01-04 02:13:49,275 - STATE LOG: BEGIN
2025-01-04 02:13:49,277 - Noah's Hand: [2C, 2S, 3D, 6S, 7D, 8S, 9D]
2025-01-04 02:13:49,277 - Eve's Hand: [2D, 4C, 4S, 5H]
2025-01-04 02:13:49,277 - Boss: Rank: 12 | Suit H | Attack 12 | Health 27
2025-01-04 02:13:49,277 - Tavern: [3H, 8C, 2H, 6C, TC, TS, 8H, 6H, 8D, 7C]
2025-01-04 02:13:49,277 - Castle: [KD, KC, KH, KS]
2025-01-04 02:13:49,277 - Discard: [AD, AH, JC, 3C, QC, 6D, 5S, 9H, 4H, JD, QD, AS, 7H, 7S, 4D, JS, TD, 9S, AC, JH, 5C, 5D, QS, TH, 9C]
2025-01-04 02:13:49,277 - Active Player: 1
2025-01-04 02:13:49,277 - STATE LOG: END
2025-01-04 02:13:57,690 - STATE LOG: BEGIN
2025-01-04 02:13:57,693 - Noah's Hand: [2C, 2S, 3D, 6S, 7D]
2025-01-04 02:13:57,693 - Eve's Hand: [2D, 4C, 4S, 5H]
2025-01-04 02:13:57,693 - Boss: Rank: 12 | Suit H | Attack 4 | Health 19
2025-01-04 02:13:57,693 - Tavern: [3H, 8C, 2H, 6C, TC, TS, 8H, 6H, 8D, 7C]
2025-01-04 02:13:57,693 - Castle: [KD, KC, KH, KS]
2025-01-04 02:13:57,693 - Discard: [AD, AH, JC, 3C, QC, 6D, 5S, 9H, 4H, JD, QD, AS, 7H, 7S, 4D, JS, TD, 9S, AC, JH, 5C, 5D, QS, TH, 9C, 9D]
2025-01-04 02:13:57,693 - Active Player: 2
2025-01-04 02:13:57,693 - STATE LOG: END
2025-01-04 02:14:06,168 - STATE LOG: BEGIN
2025-01-04 02:14:06,169 - Noah's Hand: [2C, 2S, 3D, 6S, 7D]
2025-01-04 02:14:06,169 - Eve's Hand: [2D, 4C, 4S]
2025-01-04 02:14:06,169 - Boss: Rank: 12 | Suit H | Attack 4 | Health 19
2025-01-04 02:14:06,169 - Tavern: [3H, 8C, 2H, 6C, TC, TS, 8H, 6H, 8D, 7C]
2025-01-04 02:14:06,169 - Castle: [KD, KC, KH, KS]
2025-01-04 02:14:06,169 - Discard: [AD, AH, JC, 3C, QC, 6D, 5S, 9H, 4H, JD, QD, AS, 7H, 7S, 4D, JS, TD, 9S, AC, JH, 5C, 5D, QS, TH, 9C, 9D, 5H]
2025-01-04 02:14:06,169 - Active Player: 1
2025-01-04 02:14:06,169 - STATE LOG: END
2025-01-04 02:14:14,465 - STATE LOG: BEGIN
2025-01-04 02:14:14,466 - Noah's Hand: [2C, 3D, 6S]
2025-01-04 02:14:14,466 - Eve's Hand: [2D, 4C, 4S]
2025-01-04 02:14:14,466 - Boss: Rank: 12 | Suit H | Attack 2 | Health 17
2025-01-04 02:14:14,466 - Tavern: [3H, 8C, 2H, 6C, TC, TS, 8H, 6H, 8D, 7C]
2025-01-04 02:14:14,466 - Castle: [KD, KC, KH, KS]
2025-01-04 02:14:14,466 - Discard: [AD, AH, JC, 3C, QC, 6D, 5S, 9H, 4H, JD, QD, AS, 7H, 7S, 4D, JS, TD, 9S, AC, JH, 5C, 5D, QS, TH, 9C, 9D, 5H, 7D]
2025-01-04 02:14:14,466 - Active Player: 2
2025-01-04 02:14:14,466 - STATE LOG: END
2025-01-04 02:14:16,905 - STATE LOG: BEGIN
2025-01-04 02:14:16,905 - Noah's Hand: [2C, 3D, 6S, 8D]
2025-01-04 02:14:16,905 - Eve's Hand: [4C, 4S]
2025-01-04 02:14:16,905 - Boss: Rank: 12 | Suit H | Attack 2 | Health 15
2025-01-04 02:14:16,905 - Tavern: [3H, 8C, 2H, 6C, TC, TS, 8H, 6H]
2025-01-04 02:14:16,905 - Castle: [KD, KC, KH, KS]
2025-01-04 02:14:16,905 - Discard: [AD, AH, JC, 3C, QC, 6D, 5S, 9H, 4H, JD, QD, AS, 7H, 7S, 4D, JS, TD, 9S, AC, JH, 5C, 5D, QS, TH, 9C, 9D, 5H, 7D, 7C]
2025-01-04 02:14:16,905 - Active Player: 1
2025-01-04 02:14:16,905 - STATE LOG: END
2025-01-04 02:14:18,970 - STATE LOG: BEGIN
2025-01-04 02:14:18,971 - Noah's Hand: [2C, 3D, 6S]
2025-01-04 02:14:18,971 - Eve's Hand: [4C, 4S]
2025-01-04 02:14:18,971 - Boss: Rank: 12 | Suit H | Attack 2 | Health 15
2025-01-04 02:14:18,971 - Tavern: [3H, 8C, 2H, 6C, TC, TS, 8H, 6H]
2025-01-04 02:14:18,971 - Castle: [KD, KC, KH, KS]
2025-01-04 02:14:18,971 - Discard: [AD, AH, JC, 3C, QC, 6D, 5S, 9H, 4H, JD, QD, AS, 7H, 7S, 4D, JS, TD, 9S, AC, JH, 5C, 5D, QS, TH, 9C, 9D, 5H, 7D, 7C, 8D]
2025-01-04 02:14:18,971 - Active Player: 2
2025-01-04 02:14:18,971 - STATE LOG: END
2025-01-04 02:14:18,999 - STATE LOG: BEGIN
2025-01-04 02:14:18,999 - Noah's Hand: [2C, 3D, 6S]
2025-01-04 02:14:18,999 - Eve's Hand: [4C]
2025-01-04 02:14:18,999 - Boss: Rank: 12 | Suit H | Attack 0 | Health 11
2025-01-04 02:14:18,999 - Tavern: [3H, 8C, 2H, 6C, TC, TS, 8H, 6H]
2025-01-04 02:14:18,999 - Castle: [KD, KC, KH, KS]
2025-01-04 02:14:18,999 - Discard: [AD, AH, JC, 3C, QC, 6D, 5S, 9H, 4H, JD, QD, AS, 7H, 7S, 4D, JS, TD, 9S, AC, JH, 5C, 5D, QS, TH, 9C, 9D, 5H, 7D, 7C, 8D]
2025-01-04 02:14:18,999 - Active Player: 1
2025-01-04 02:14:18,999 - STATE LOG: END
2025-01-04 02:14:19,282 - STATE LOG: BEGIN
2025-01-04 02:14:19,283 - Noah's Hand: [2C, 3D, 6S]
2025-01-04 02:14:19,284 - Eve's Hand: [4C]
2025-01-04 02:14:19,284 - Boss: Rank: 12 | Suit H | Attack 0 | Health 11
2025-01-04 02:14:19,285 - Tavern: [3H, 8C, 2H, 6C, TC, TS, 8H, 6H]
2025-01-04 02:14:19,285 - Castle: [KD, KC, KH, KS]
2025-01-04 02:14:19,286 - Discard: [AD, AH, JC, 3C, QC, 6D, 5S, 9H, 4H, JD, QD, AS, 7H, 7S, 4D, JS, TD, 9S, AC, JH, 5C, 5D, QS, TH, 9C, 9D, 5H, 7D, 7C, 8D]
2025-01-04 02:14:19,286 - Active Player: 2
2025-01-04 02:14:19,287 - STATE LOG: END
2025-01-04 02:14:19,308 - STATE LOG: BEGIN
2025-01-04 02:14:19,308 - Noah's Hand: [2C, 3D, 6S]
2025-01-04 02:14:19,308 - Eve's Hand: []
2025-01-04 02:14:19,308 - Boss: Rank: 12 | Suit H | Attack 0 | Health 3
2025-01-04 02:14:19,308 - Tavern: [3H, 8C, 2H, 6C, TC, TS, 8H, 6H]
2025-01-04 02:14:19,308 - Castle: [KD, KC, KH, KS]
2025-01-04 02:14:19,308 - Discard: [AD, AH, JC, 3C, QC, 6D, 5S, 9H, 4H, JD, QD, AS, 7H, 7S, 4D, JS, TD, 9S, AC, JH, 5C, 5D, QS, TH, 9C, 9D, 5H, 7D, 7C, 8D]
2025-01-04 02:14:19,308 - Active Player: 1
2025-01-04 02:14:19,308 - STATE LOG: END
2025-01-04 02:14:19,319 - STATE LOG: BEGIN
2025-01-04 02:14:19,319 - Noah's Hand: [2C, 3D]
2025-01-04 02:14:19,319 - Eve's Hand: []
2025-01-04 02:14:19,319 - Boss: Rank: 13 | Suit S | Attack 20 | Health 40
2025-01-04 02:14:19,319 - Tavern: [3H, 8C, 2H, 6C, TC, TS, 8H, 6H]
2025-01-04 02:14:19,319 - Castle: [KD, KC, KH]
2025-01-04 02:14:19,319 - Discard: [AD, AH, JC, 3C, QC, 6D, 5S, 9H, 4H, JD, QD, AS, 7H, 7S, 4D, JS, TD, 9S, AC, JH, 5C, 5D, QS, TH, 9C, 9D, 5H, 7D, 7C, 8D, 8S, 2S, 6S, 3S, 2D, 4S, 4C, QH]
2025-01-04 02:14:19,319 - Active Player: 1
2025-01-04 02:14:19,319 - STATE LOG: END
2025-01-04 02:14:19,332 - STATE LOG: BEGIN
2025-01-04 02:14:19,332 - Noah's Hand: [2C, 3D]
2025-01-04 02:14:19,332 - Eve's Hand: []
2025-01-04 02:14:19,332 - Boss: Rank: 13 | Suit S | Attack 20 | Health 40
2025-01-04 02:14:19,332 - Tavern: [3H, 8C, 2H, 6C, TC, TS, 8H, 6H]
2025-01-04 02:14:19,332 - Castle: [KD, KC, KH]
2025-01-04 02:14:19,332 - Discard: [AD, AH, JC, 3C, QC, 6D, 5S, 9H, 4H, JD, QD, AS, 7H, 7S, 4D, JS, TD, 9S, AC, JH, 5C, 5D, QS, TH, 9C, 9D, 5H, 7D, 7C, 8D, 8S, 2S, 6S, 3S, 2D, 4S, 4C, QH]
2025-01-04 02:14:19,332 - Active Player: 2
2025-01-04 02:14:19,332 - STATE LOG: END
