2025-01-04 21:54:26,912 - I log states! :D
2025-01-04 21:54:26,913 - STATE LOG: BEGIN
2025-01-04 21:54:26,913 - Noah's Hand: [2D, AC, 9D, 6H, TS, AH, 4S]
2025-01-04 21:54:26,913 - Eve's Hand: [TD, 8D, 3D, 9S, 2C, 5H, 8C]
2025-01-04 21:54:26,913 - Boss: Rank: 11 | Suit C | Attack 10 | Health 20
2025-01-04 21:54:26,913 - Tavern: [8H, AS, TC, 9C, 2S, 6D, 9H, 6C, 7H, 3S, 5D, 6S, AD, 7S, 3H, 5S, TH, 7C, 4C, 4D, 3C, 7D, 8S, 4H, 2H, 5C]
2025-01-04 21:54:26,913 - Castle: [KH, KC, KD, KS, QH, QD, QS, QC, JD, JS, JH]
2025-01-04 21:54:26,913 - Discard: []
2025-01-04 21:54:26,913 - Active Player: 1
2025-01-04 21:54:26,913 - STATE LOG: END
2025-01-04 21:54:28,355 - STATE LOG: BEGIN
2025-01-04 21:54:28,355 - Noah's Hand: [AC, AH, 2D, 4S, 6H, 9D]
2025-01-04 21:54:28,355 - Eve's Hand: [TD, 8D, 3D, 9S, 2C, 5H, 8C]
2025-01-04 21:54:28,355 - Boss: Rank: 11 | Suit C | Attack 0 | Health 10
2025-01-04 21:54:28,355 - Tavern: [8H, AS, TC, 9C, 2S, 6D, 9H, 6C, 7H, 3S, 5D, 6S, AD, 7S, 3H, 5S, TH, 7C, 4C, 4D, 3C, 7D, 8S, 4H, 2H, 5C]
2025-01-04 21:54:28,355 - Castle: [KH, KC, KD, KS, QH, QD, QS, QC, JD, JS, JH]
2025-01-04 21:54:28,355 - Discard: []
2025-01-04 21:54:28,355 - Active Player: 2
2025-01-04 21:54:28,355 - STATE LOG: END
2025-01-04 21:54:30,000 - STATE LOG: BEGIN
2025-01-04 21:54:30,000 - Noah's Hand: [AC, AH, 2D, 4S, 6H, 9D]
2025-01-04 21:54:30,000 - Eve's Hand: [3D, 5H, 8C, 8D, 9S, TD]
2025-01-04 21:54:30,000 - Boss: Rank: 11 | Suit C | Attack 0 | Health 8
2025-01-04 21:54:30,000 - Tavern: [8H, AS, TC, 9C, 2S, 6D, 9H, 6C, 7H, 3S, 5D, 6S, AD, 7S, 3H, 5S, TH, 7C, 4C, 4D, 3C, 7D, 8S, 4H, 2H, 5C]
2025-01-04 21:54:30,000 - Castle: [KH, KC, KD, KS, QH, QD, QS, QC, JD, JS, JH]
2025-01-04 21:54:30,000 - Discard: []
2025-01-04 21:54:30,000 - Active Player: 1
2025-01-04 21:54:30,000 - STATE LOG: END
2025-01-04 21:54:31,553 - STATE LOG: BEGIN
2025-01-04 21:54:31,553 - Noah's Hand: [AC, 4S, 6H, 9D, 5C, 4H]
2025-01-04 21:54:31,553 - Eve's Hand: [3D, 5H, 8C, 8D, 9S, TD, 2H]
2025-01-04 21:54:31,553 - Boss: Rank: 11 | Suit C | Attack 0 | Health 5
2025-01-04 21:54:31,553 - Tavern: [8H, AS, TC, 9C, 2S, 6D, 9H, 6C, 7H, 3S, 5D, 6S, AD, 7S, 3H, 5S, TH, 7C, 4C, 4D, 3C, 7D, 8S]
2025-01-04 21:54:31,553 - Castle: [KH, KC, KD, KS, QH, QD, QS, QC, JD, JS, JH]
2025-01-04 21:54:31,553 - Discard: []
2025-01-04 21:54:31,553 - Active Player: 2
2025-01-04 21:54:31,553 - STATE LOG: END
2025-01-04 21:54:33,050 - STATE LOG: BEGIN
2025-01-04 21:54:33,050 - Noah's Hand: [AC, 4S, 6H, 9D, 5C, 4H]
2025-01-04 21:54:33,050 - Eve's Hand: [2H, 3D, 5H, 8D, 9S, TD]
2025-01-04 21:54:33,050 - Boss: Rank: 11 | Suit H | Attack 10 | Health 20
2025-01-04 21:54:33,051 - Tavern: [8H, AS, TC, 9C, 2S, 6D, 9H, 6C, 7H, 3S, 5D, 6S, AD, 7S, 3H, 5S, TH, 7C, 4C, 4D, 3C, 7D, 8S]
2025-01-04 21:54:33,051 - Castle: [KH, KC, KD, KS, QH, QD, QS, QC, JD, JS]
2025-01-04 21:54:33,051 - Discard: [TS, AH, 2D, 2C, 8C, JC]
2025-01-04 21:54:33,051 - Active Player: 2
2025-01-04 21:54:33,051 - STATE LOG: END
2025-01-04 21:54:34,565 - STATE LOG: BEGIN
2025-01-04 21:54:34,565 - Noah's Hand: [AC, 4S, 6H, 9D, 5C, 4H, 7D]
2025-01-04 21:54:34,565 - Eve's Hand: [2H, 3D, 5H, 9S, TD]
2025-01-04 21:54:34,565 - Boss: Rank: 11 | Suit H | Attack 10 | Health 12
2025-01-04 21:54:34,565 - Tavern: [8H, AS, TC, 9C, 2S, 6D, 9H, 6C, 7H, 3S, 5D, 6S, AD, 7S, 3H, 5S, TH, 7C, 4C, 4D]
2025-01-04 21:54:34,566 - Castle: [KH, KC, KD, KS, QH, QD, QS, QC, JD, JS]
2025-01-04 21:54:34,566 - Discard: [TS, AH, 2D, 2C, 8C, JC, 8S, 3C]
2025-01-04 21:54:34,566 - Active Player: 1
2025-01-04 21:54:34,566 - STATE LOG: END
2025-01-04 21:54:36,271 - STATE LOG: BEGIN
2025-01-04 21:54:36,272 - Noah's Hand: [4H, 6H, 7D, 4D]
2025-01-04 21:54:36,272 - Eve's Hand: [2H, 3D, 5H, 9S, TD, 4C, 7C]
2025-01-04 21:54:36,272 - Boss: Rank: 11 | Suit H | Attack 10 | Health 3
2025-01-04 21:54:36,272 - Tavern: [8H, AS, TC, 9C, 2S, 6D, 9H, 6C, 7H, 3S, 5D, 6S, AD, 7S, 3H, 5S, TH]
2025-01-04 21:54:36,272 - Castle: [KH, KC, KD, KS, QH, QD, QS, QC, JD, JS]
2025-01-04 21:54:36,272 - Discard: [TS, AH, 2D, 2C, 8C, JC, 8S, 3C, 5C, AC, 4S]
2025-01-04 21:54:36,272 - Active Player: 2
2025-01-04 21:54:36,272 - STATE LOG: END
2025-01-04 21:54:37,733 - STATE LOG: BEGIN
2025-01-04 21:54:37,733 - Noah's Hand: [4H, 6H, 7D, 4D]
2025-01-04 21:54:37,733 - Eve's Hand: [3D, 4C, 7C, TD]
2025-01-04 21:54:37,733 - Boss: Rank: 11 | Suit H | Attack 10 | Health 1
2025-01-04 21:54:37,734 - Tavern: [8H, AS, TC, 9C, 2S, 6D, 9H, 6C, 7H, 3S, 5D, 6S, AD, 7S, 3H, 5S, TH]
2025-01-04 21:54:37,734 - Castle: [KH, KC, KD, KS, QH, QD, QS, QC, JD, JS]
2025-01-04 21:54:37,734 - Discard: [TS, AH, 2D, 2C, 8C, JC, 8S, 3C, 5C, AC, 4S, 9S, 5H]
2025-01-04 21:54:37,734 - Active Player: 1
2025-01-04 21:54:37,734 - STATE LOG: END
2025-01-04 21:54:38,817 - STATE LOG: BEGIN
2025-01-04 21:54:38,817 - Noah's Hand: [4D, 4H, 6H, TH, 3H, AD, 5D]
2025-01-04 21:54:38,818 - Eve's Hand: [3D, 4C, 7C, TD, 5S, 7S, 6S]
2025-01-04 21:54:38,818 - Boss: Rank: 11 | Suit S | Attack 10 | Health 20
2025-01-04 21:54:38,818 - Tavern: [8H, AS, TC, 9C, 2S, 6D, 9H, 6C, 7H, 3S]
2025-01-04 21:54:38,818 - Castle: [KH, KC, KD, KS, QH, QD, QS, QC, JD]
2025-01-04 21:54:38,818 - Discard: [TS, AH, 2D, 2C, 8C, JC, 8S, 3C, 5C, AC, 4S, 9S, 5H, 9D, 7D, 8D, 2H, JH]
2025-01-04 21:54:38,818 - Active Player: 1
2025-01-04 21:54:38,818 - STATE LOG: END
2025-01-04 21:54:40,225 - STATE LOG: BEGIN
2025-01-04 21:54:40,225 - Noah's Hand: [AD, 4D, 5D, 6H]
2025-01-04 21:54:40,225 - Eve's Hand: [3D, 4C, 7C, TD, 5S, 7S, 6S]
2025-01-04 21:54:40,225 - Boss: Rank: 11 | Suit S | Attack 10 | Health 17
2025-01-04 21:54:40,225 - Tavern: [9S, JC, 8S, 8H, AS, TC, 9C, 2S, 6D, 9H, 6C, 7H, 3S]
2025-01-04 21:54:40,225 - Castle: [KH, KC, KD, KS, QH, QD, QS, QC, JD]
2025-01-04 21:54:40,225 - Discard: [5H, 8C, 2D, 8D, JH, 5C, 7D, 4S, TS, 9D, 3C, AH, AC, 2C, 2H, 4H, TH]
2025-01-04 21:54:40,225 - Active Player: 2
2025-01-04 21:54:40,225 - STATE LOG: END
2025-01-04 21:54:41,358 - STATE LOG: BEGIN
2025-01-04 21:54:41,358 - Noah's Hand: [AD, 4D, 5D, 6H, 7H, 6C]
2025-01-04 21:54:41,358 - Eve's Hand: [4C, 6S, 7C, TD, 3S]
2025-01-04 21:54:41,358 - Boss: Rank: 11 | Suit S | Attack 10 | Health 14
2025-01-04 21:54:41,358 - Tavern: [9S, JC, 8S, 8H, AS, TC, 9C, 2S, 6D, 9H]
2025-01-04 21:54:41,358 - Castle: [KH, KC, KD, KS, QH, QD, QS, QC, JD]
2025-01-04 21:54:41,358 - Discard: [5H, 8C, 2D, 8D, JH, 5C, 7D, 4S, TS, 9D, 3C, AH, AC, 2C, 2H, 4H, TH, 5S, 7S]
2025-01-04 21:54:41,358 - Active Player: 1
2025-01-04 21:54:41,358 - STATE LOG: END
2025-01-04 21:54:42,639 - STATE LOG: BEGIN
2025-01-04 21:54:42,639 - Noah's Hand: [AD, 4D, 6C, 9H, 2S]
2025-01-04 21:54:42,640 - Eve's Hand: [4C, 6S, 7C, TD, 3S, 6D, 9C]
2025-01-04 21:54:42,640 - Boss: Rank: 11 | Suit S | Attack 10 | Health 9
2025-01-04 21:54:42,640 - Tavern: [9S, JC, 8S, 8H, AS, TC]
2025-01-04 21:54:42,640 - Castle: [KH, KC, KD, KS, QH, QD, QS, QC, JD]
2025-01-04 21:54:42,640 - Discard: [5H, 8C, 2D, 8D, JH, 5C, 7D, 4S, TS, 9D, 3C, AH, AC, 2C, 2H, 4H, TH, 5S, 7S, 6H, 7H]
2025-01-04 21:54:42,640 - Active Player: 2
2025-01-04 21:54:42,640 - STATE LOG: END
2025-01-04 21:54:43,922 - STATE LOG: BEGIN
2025-01-04 21:54:43,922 - Noah's Hand: [AD, 4D, 6C, 9H, 2S, AS, 8H]
2025-01-04 21:54:43,922 - Eve's Hand: [3S, 4C, 7C, TD, TC]
2025-01-04 21:54:43,922 - Boss: Rank: 11 | Suit S | Attack 10 | Health 3
2025-01-04 21:54:43,922 - Tavern: [9S, JC, 8S]
2025-01-04 21:54:43,922 - Castle: [KH, KC, KD, KS, QH, QD, QS, QC, JD]
2025-01-04 21:54:43,922 - Discard: [5H, 8C, 2D, 8D, JH, 5C, 7D, 4S, TS, 9D, 3C, AH, AC, 2C, 2H, 4H, TH, 5S, 7S, 6H, 7H, 6S, 9C]
2025-01-04 21:54:43,922 - Active Player: 1
2025-01-04 21:54:43,922 - STATE LOG: END
2025-01-04 21:54:45,188 - STATE LOG: BEGIN
2025-01-04 21:54:45,188 - Noah's Hand: [AS, 2S, 6C, 8H, 9H, 8S, 9S]
2025-01-04 21:54:45,188 - Eve's Hand: [3S, 4C, 7C, TD, TC, JC]
2025-01-04 21:54:45,188 - Boss: Rank: 11 | Suit D | Attack 10 | Health 20
2025-01-04 21:54:45,188 - Tavern: []
2025-01-04 21:54:45,188 - Castle: [KH, KC, KD, KS, QH, QD, QS, QC]
2025-01-04 21:54:45,188 - Discard: [5H, 8C, 2D, 8D, JH, 5C, 7D, 4S, TS, 9D, 3C, AH, AC, 2C, 2H, 4H, TH, 5S, 7S, 6H, 7H, 6S, 9C, 3H, 5D, AD, 4D, 3D, 6D, JS]
2025-01-04 21:54:45,188 - Active Player: 1
2025-01-04 21:54:45,188 - STATE LOG: END
2025-01-04 21:54:46,365 - STATE LOG: BEGIN
2025-01-04 21:54:46,365 - Noah's Hand: [2S, 6C, 8H, 8S, 9H]
2025-01-04 21:54:46,365 - Eve's Hand: [3S, 4C, 7C, TD, TC, JC]
2025-01-04 21:54:46,365 - Boss: Rank: 11 | Suit D | Attack 0 | Health 10
2025-01-04 21:54:46,365 - Tavern: []
2025-01-04 21:54:46,365 - Castle: [KH, KC, KD, KS, QH, QD, QS, QC]
2025-01-04 21:54:46,365 - Discard: [5H, 8C, 2D, 8D, JH, 5C, 7D, 4S, TS, 9D, 3C, AH, AC, 2C, 2H, 4H, TH, 5S, 7S, 6H, 7H, 6S, 9C, 3H, 5D, AD, 4D, 3D, 6D, JS]
2025-01-04 21:54:46,365 - Active Player: 2
2025-01-04 21:54:46,365 - STATE LOG: END
2025-01-04 21:54:47,345 - STATE LOG: BEGIN
2025-01-04 21:54:47,345 - Noah's Hand: [2S, 6C, 8H, 8S, 9H]
2025-01-04 21:54:47,345 - Eve's Hand: [3S, 4C, 7C, TC, TD, JC]
2025-01-04 21:54:47,345 - Boss: Rank: 11 | Suit D | Attack 0 | Health 10
2025-01-04 21:54:47,345 - Tavern: []
2025-01-04 21:54:47,345 - Castle: [KH, KC, KD, KS, QH, QD, QS, QC]
2025-01-04 21:54:47,345 - Discard: [5H, 8C, 2D, 8D, JH, 5C, 7D, 4S, TS, 9D, 3C, AH, AC, 2C, 2H, 4H, TH, 5S, 7S, 6H, 7H, 6S, 9C, 3H, 5D, AD, 4D, 3D, 6D, JS]
2025-01-04 21:54:47,345 - Active Player: 1
2025-01-04 21:54:47,345 - STATE LOG: END
2025-01-04 21:54:48,329 - STATE LOG: BEGIN
2025-01-04 21:54:48,329 - Noah's Hand: [2S, 6C, 8H, 8S]
2025-01-04 21:54:48,329 - Eve's Hand: [3S, 4C, 7C, TC, TD, JC]
2025-01-04 21:54:48,329 - Boss: Rank: 11 | Suit D | Attack 0 | Health 1
2025-01-04 21:54:48,329 - Tavern: [6H, TS, 3D, 8D, 6S, 2D, 3C, 5H, JS]
2025-01-04 21:54:48,329 - Castle: [KH, KC, KD, KS, QH, QD, QS, QC]
2025-01-04 21:54:48,329 - Discard: [5S, AH, AC, 5D, AD, JH, 2H, 4S, 7H, 9C, 3H, 7S, 2C, 4D, 4H, 5C, TH, 6D, 7D, 9D, 8C]
2025-01-04 21:54:48,329 - Active Player: 2
2025-01-04 21:54:48,329 - STATE LOG: END
2025-01-04 21:54:48,871 - STATE LOG: BEGIN
2025-01-04 21:54:48,871 - Noah's Hand: [2S, 6C, 8H, 8S]
2025-01-04 21:54:48,871 - Eve's Hand: [3S, 4C, 7C, TD, JC]
2025-01-04 21:54:48,871 - Boss: Rank: 12 | Suit C | Attack 15 | Health 30
2025-01-04 21:54:48,871 - Tavern: [6H, TS, 3D, 8D, 6S, 2D, 3C, 5H, JS]
2025-01-04 21:54:48,871 - Castle: [KH, KC, KD, KS, QH, QD, QS]
2025-01-04 21:54:48,871 - Discard: [5S, AH, AC, 5D, AD, JH, 2H, 4S, 7H, 9C, 3H, 7S, 2C, 4D, 4H, 5C, TH, 6D, 7D, 9D, 8C, AS, 9S, 9H, TC, JD]
2025-01-04 21:54:48,871 - Active Player: 2
2025-01-04 21:54:48,871 - STATE LOG: END
2025-01-04 21:54:49,147 - STATE LOG: BEGIN
2025-01-04 21:54:49,147 - Noah's Hand: [2S, 6C, 8H, 8S]
2025-01-04 21:54:49,147 - Eve's Hand: [4C, TD]
2025-01-04 21:54:49,147 - Boss: Rank: 12 | Suit C | Attack 12 | Health 27
2025-01-04 21:54:49,147 - Tavern: [6H, TS, 3D, 8D, 6S, 2D, 3C, 5H, JS]
2025-01-04 21:54:49,147 - Castle: [KH, KC, KD, KS, QH, QD, QS]
2025-01-04 21:54:49,147 - Discard: [5S, AH, AC, 5D, AD, JH, 2H, 4S, 7H, 9C, 3H, 7S, 2C, 4D, 4H, 5C, TH, 6D, 7D, 9D, 8C, AS, 9S, 9H, TC, JD, JC, 7C]
2025-01-04 21:54:49,147 - Active Player: 1
2025-01-04 21:54:49,147 - STATE LOG: END
2025-01-04 21:54:49,280 - STATE LOG: BEGIN
2025-01-04 21:54:49,280 - Noah's Hand: [2S, 6C]
2025-01-04 21:54:49,280 - Eve's Hand: [4C, TD]
2025-01-04 21:54:49,280 - Boss: Rank: 12 | Suit C | Attack 4 | Health 19
2025-01-04 21:54:49,280 - Tavern: [6H, TS, 3D, 8D, 6S, 2D, 3C, 5H, JS]
2025-01-04 21:54:49,280 - Castle: [KH, KC, KD, KS, QH, QD, QS]
2025-01-04 21:54:49,280 - Discard: [5S, AH, AC, 5D, AD, JH, 2H, 4S, 7H, 9C, 3H, 7S, 2C, 4D, 4H, 5C, TH, 6D, 7D, 9D, 8C, AS, 9S, 9H, TC, JD, JC, 7C, 8H]
2025-01-04 21:54:49,280 - Active Player: 2
2025-01-04 21:54:49,280 - STATE LOG: END
2025-01-04 21:54:49,360 - STATE LOG: BEGIN
2025-01-04 21:54:49,360 - Noah's Hand: [2S, 6C, 5H, 2D, 8D, TS]
2025-01-04 21:54:49,360 - Eve's Hand: [JS, 6S, 3D, 6H]
2025-01-04 21:54:49,360 - Boss: Rank: 12 | Suit C | Attack 4 | Health 9
2025-01-04 21:54:49,360 - Tavern: []
2025-01-04 21:54:49,360 - Castle: [KH, KC, KD, KS, QH, QD, QS]
2025-01-04 21:54:49,360 - Discard: [5S, AH, AC, 5D, AD, JH, 2H, 4S, 7H, 9C, 3H, 7S, 2C, 4D, 4H, 5C, TH, 6D, 7D, 9D, 8C, AS, 9S, 9H, TC, JD, JC, 7C, 8H, 3C, 4C]
2025-01-04 21:54:49,360 - Active Player: 1
2025-01-04 21:54:49,360 - STATE LOG: END
2025-01-04 21:54:49,788 - STATE LOG: BEGIN
2025-01-04 21:54:49,788 - Noah's Hand: [2D, 2S, 5H, 8D, TS]
2025-01-04 21:54:49,788 - Eve's Hand: [JS, 6S, 3D, 6H]
2025-01-04 21:54:49,788 - Boss: Rank: 12 | Suit C | Attack 4 | Health 9
2025-01-04 21:54:49,788 - Tavern: []
2025-01-04 21:54:49,788 - Castle: [KH, KC, KD, KS, QH, QD, QS]
2025-01-04 21:54:49,788 - Discard: [5S, AH, AC, 5D, AD, JH, 2H, 4S, 7H, 9C, 3H, 7S, 2C, 4D, 4H, 5C, TH, 6D, 7D, 9D, 8C, AS, 9S, 9H, TC, JD, JC, 7C, 8H, 3C, 4C, 6C]
2025-01-04 21:54:49,788 - Active Player: 2
2025-01-04 21:54:49,788 - STATE LOG: END
2025-01-04 21:54:50,105 - STATE LOG: BEGIN
2025-01-04 21:54:50,105 - Noah's Hand: [2D, 2S, 5H, 8D, TS]
2025-01-04 21:54:50,105 - Eve's Hand: [3D, 6S]
2025-01-04 21:54:50,105 - Boss: Rank: 12 | Suit C | Attack 4 | Health 3
2025-01-04 21:54:50,105 - Tavern: [5S, 4C, JD, AD, 5D, TH]
2025-01-04 21:54:50,105 - Castle: [KH, KC, KD, KS, QH, QD, QS]
2025-01-04 21:54:50,105 - Discard: [3H, 7S, 3C, AS, 6C, 9S, JC, 2C, 7H, 4S, 9D, 5C, AC, 4H, 4D, TC, AH, 8H, 9C, 8C, JH, 7D, 6D, 9H, 2H, 7C, JS]
2025-01-04 21:54:50,105 - Active Player: 1
2025-01-04 21:54:50,105 - STATE LOG: END
2025-01-04 21:54:50,613 - STATE LOG: BEGIN
2025-01-04 21:54:50,613 - Noah's Hand: [2D, 8D, TS]
2025-01-04 21:54:50,613 - Eve's Hand: [3D, 6S]
2025-01-04 21:54:50,613 - Boss: Rank: 12 | Suit C | Attack 4 | Health 3
2025-01-04 21:54:50,613 - Tavern: [5S, 4C, JD, AD, 5D, TH]
2025-01-04 21:54:50,613 - Castle: [KH, KC, KD, KS, QH, QD, QS]
2025-01-04 21:54:50,613 - Discard: [3H, 7S, 3C, AS, 6C, 9S, JC, 2C, 7H, 4S, 9D, 5C, AC, 4H, 4D, TC, AH, 8H, 9C, 8C, JH, 7D, 6D, 9H, 2H, 7C, JS, 2S, 5H]
2025-01-04 21:54:50,613 - Active Player: 2
2025-01-04 21:54:50,613 - STATE LOG: END
2025-01-04 21:54:50,735 - STATE LOG: BEGIN
2025-01-04 21:54:50,735 - Noah's Hand: [2D, 8D, TS, 5D]
2025-01-04 21:54:50,735 - Eve's Hand: [6S, TH, AD]
2025-01-04 21:54:50,735 - Boss: Rank: 12 | Suit S | Attack 15 | Health 30
2025-01-04 21:54:50,735 - Tavern: [5S, 4C, JD]
2025-01-04 21:54:50,735 - Castle: [KH, KC, KD, KS, QH, QD]
2025-01-04 21:54:50,735 - Discard: [3H, 7S, 3C, AS, 6C, 9S, JC, 2C, 7H, 4S, 9D, 5C, AC, 4H, 4D, TC, AH, 8H, 9C, 8C, JH, 7D, 6D, 9H, 2H, 7C, JS, 2S, 5H, 8S, 3S, TD, 6H, 3D]
2025-01-04 21:54:50,735 - Active Player: 2
2025-01-04 21:54:50,735 - STATE LOG: END
2025-01-04 21:54:50,885 - STATE LOG: BEGIN
2025-01-04 21:54:50,885 - Noah's Hand: [2D, 8D, TS, 5D, JD, 5S, 3C]
2025-01-04 21:54:50,885 - Eve's Hand: [6S, 4C]
2025-01-04 21:54:50,885 - Boss: Rank: 12 | Suit S | Attack 15 | Health 19
2025-01-04 21:54:50,885 - Tavern: [3D, 6C, 6H, TD, 4D, JS]
2025-01-04 21:54:50,885 - Castle: [KH, KC, KD, KS, QH, QD]
2025-01-04 21:54:50,885 - Discard: [JC, AH, 3H, 4H, 9H, 8S, 7H, 8H, 7S, TC, 3S, 6D, 7C, 2S, 9C, 9D, 2C, 9S, 7D, AS, 5C, 8C, JH, 2H, 5H, AC, 4S, QC]
2025-01-04 21:54:50,885 - Active Player: 1
2025-01-04 21:54:50,885 - STATE LOG: END
2025-01-04 21:54:51,091 - STATE LOG: BEGIN
2025-01-04 21:54:51,091 - Noah's Hand: [2D, 5D, 8D, JS]
2025-01-04 21:54:51,091 - Eve's Hand: [6S, 4C, 4D, TD, 6H, 6C, 3D]
2025-01-04 21:54:51,091 - Boss: Rank: 12 | Suit S | Attack 15 | Health 8
2025-01-04 21:54:51,091 - Tavern: []
2025-01-04 21:54:51,091 - Castle: [KH, KC, KD, KS, QH, QD]
2025-01-04 21:54:51,091 - Discard: [JC, AH, 3H, 4H, 9H, 8S, 7H, 8H, 7S, TC, 3S, 6D, 7C, 2S, 9C, 9D, 2C, 9S, 7D, AS, 5C, 8C, JH, 2H, 5H, AC, 4S, QC, TS, 3C, 5S]
2025-01-04 21:54:51,091 - Active Player: 2
2025-01-04 21:54:51,091 - STATE LOG: END
2025-01-04 21:54:51,849 - STATE LOG: BEGIN
2025-01-04 21:54:51,849 - Noah's Hand: [2D, 5D, 8D, JS]
2025-01-04 21:54:51,849 - Eve's Hand: [3D, 4D, TD]
2025-01-04 21:54:51,849 - Boss: Rank: 12 | Suit S | Attack 15 | Health 2
2025-01-04 21:54:51,850 - Tavern: [8C, 4H, 9D, 2H, 9S, TS]
2025-01-04 21:54:51,850 - Castle: [KH, KC, KD, KS, QH, QD]
2025-01-04 21:54:51,850 - Discard: [3S, 3H, AC, 7C, 4S, 8S, TC, JC, JH, 2C, 9C, AH, 9H, AS, QC, 7S, 7D, 6D, 7H, 5H, 3C, 8H, 5S, 5C, 2S, 6S, 4C, 6C]
2025-01-04 21:54:51,850 - Active Player: 1
2025-01-04 21:54:51,850 - STATE LOG: END
2025-01-04 21:54:52,306 - STATE LOG: BEGIN
2025-01-04 21:54:52,306 - Noah's Hand: [2D, 5D, JS, TS, 2H, 4H]
2025-01-04 21:54:52,306 - Eve's Hand: [3D, 4D, TD, 9S, 9D, 8C]
2025-01-04 21:54:52,306 - Boss: Rank: 12 | Suit D | Attack 15 | Health 30
2025-01-04 21:54:52,306 - Tavern: []
2025-01-04 21:54:52,306 - Castle: [KH, KC, KD, KS, QH]
2025-01-04 21:54:52,306 - Discard: [3S, 3H, AC, 7C, 4S, 8S, TC, JC, JH, 2C, 9C, AH, 9H, AS, QC, 7S, 7D, 6D, 7H, 5H, 3C, 8H, 5S, 5C, 2S, 6S, 4C, 6C, JD, 8D, AD, TH, 6H, QS]
2025-01-04 21:54:52,306 - Active Player: 1
2025-01-04 21:54:52,306 - STATE LOG: END
2025-01-04 21:54:52,705 - STATE LOG: BEGIN
2025-01-04 21:54:52,705 - Noah's Hand: [2D, 2H, 4H, 5D]
2025-01-04 21:54:52,705 - Eve's Hand: [3D, 4D, TD, 9S, 9D, 8C]
2025-01-04 21:54:52,705 - Boss: Rank: 12 | Suit D | Attack 4 | Health 19
2025-01-04 21:54:52,705 - Tavern: []
2025-01-04 21:54:52,705 - Castle: [KH, KC, KD, KS, QH]
2025-01-04 21:54:52,705 - Discard: [3S, 3H, AC, 7C, 4S, 8S, TC, JC, JH, 2C, 9C, AH, 9H, AS, QC, 7S, 7D, 6D, 7H, 5H, 3C, 8H, 5S, 5C, 2S, 6S, 4C, 6C, JD, 8D, AD, TH, 6H, QS, TS]
2025-01-04 21:54:52,705 - Active Player: 2
2025-01-04 21:54:52,705 - STATE LOG: END
2025-01-04 21:54:53,890 - STATE LOG: BEGIN
2025-01-04 21:54:53,890 - Noah's Hand: [2D, 2H, 4H, 5D]
2025-01-04 21:54:53,890 - Eve's Hand: [3D, 4D, 8C, 9D, TD]
2025-01-04 21:54:53,890 - Boss: Rank: 12 | Suit D | Attack 0 | Health 10
2025-01-04 21:54:53,890 - Tavern: []
2025-01-04 21:54:53,890 - Castle: [KH, KC, KD, KS, QH]
2025-01-04 21:54:53,890 - Discard: [3S, 3H, AC, 7C, 4S, 8S, TC, JC, JH, 2C, 9C, AH, 9H, AS, QC, 7S, 7D, 6D, 7H, 5H, 3C, 8H, 5S, 5C, 2S, 6S, 4C, 6C, JD, 8D, AD, TH, 6H, QS, TS]
2025-01-04 21:54:53,890 - Active Player: 1
2025-01-04 21:54:53,890 - STATE LOG: END
2025-01-04 21:54:54,931 - STATE LOG: BEGIN
2025-01-04 21:54:54,931 - Noah's Hand: [2D, 2H, 5D]
2025-01-04 21:54:54,931 - Eve's Hand: [3D, 4D, 8C, 9D, TD]
2025-01-04 21:54:54,931 - Boss: Rank: 12 | Suit D | Attack 0 | Health 6
2025-01-04 21:54:54,931 - Tavern: [7S, 8D, 5S, 9C]
2025-01-04 21:54:54,931 - Castle: [KH, KC, KD, KS, QH]
2025-01-04 21:54:54,931 - Discard: [3H, 7D, 3C, 2C, QS, TH, 8H, 6H, 6D, 4C, 5H, 4S, TS, AH, 8S, JC, 7C, 3S, 9H, JD, AD, QC, 6S, 7H, 5C, 2S, AS, JH, TC, AC, 6C]
2025-01-04 21:54:54,931 - Active Player: 2
2025-01-04 21:54:54,931 - STATE LOG: END
2025-01-04 21:54:55,554 - STATE LOG: BEGIN
2025-01-04 21:54:55,555 - Noah's Hand: [2D, 2H, 5D]
2025-01-04 21:54:55,555 - Eve's Hand: [3D, 4D, 8C, 9D, TD]
2025-01-04 21:54:55,555 - Boss: Rank: 12 | Suit D | Attack 0 | Health 6
2025-01-04 21:54:55,555 - Tavern: [7S, 8D, 5S, 9C]
2025-01-04 21:54:55,555 - Castle: [KH, KC, KD, KS, QH]
2025-01-04 21:54:55,555 - Discard: [3H, 7D, 3C, 2C, QS, TH, 8H, 6H, 6D, 4C, 5H, 4S, TS, AH, 8S, JC, 7C, 3S, 9H, JD, AD, QC, 6S, 7H, 5C, 2S, AS, JH, TC, AC, 6C]
2025-01-04 21:54:55,555 - Active Player: 1
2025-01-04 21:54:55,555 - STATE LOG: END
2025-01-04 21:54:56,395 - STATE LOG: BEGIN
2025-01-04 21:54:56,395 - Noah's Hand: [5D]
2025-01-04 21:54:56,395 - Eve's Hand: [3D, 4D, 8C, 9D, TD]
2025-01-04 21:54:56,395 - Boss: Rank: 12 | Suit D | Attack 0 | Health 2
2025-01-04 21:54:56,395 - Tavern: [8S, 4S, 6C, TS, 7S, 8D, 5S, 9C]
2025-01-04 21:54:56,395 - Castle: [KH, KC, KD, KS, QH]
2025-01-04 21:54:56,395 - Discard: [JH, 5H, AD, 6S, 7H, 9H, 8H, 6D, QS, TH, JC, 3C, TC, 2S, 6H, JD, 3H, 4C, 3S, 2C, AC, 7C, 5C, QC, AH, AS, 7D]
2025-01-04 21:54:56,395 - Active Player: 2
2025-01-04 21:54:56,395 - STATE LOG: END
2025-01-04 21:54:56,892 - STATE LOG: BEGIN
2025-01-04 21:54:56,892 - Noah's Hand: [5D]
2025-01-04 21:54:56,892 - Eve's Hand: [3D, 4D, 8C, TD]
2025-01-04 21:54:56,892 - Boss: Rank: 12 | Suit H | Attack 15 | Health 30
2025-01-04 21:54:56,892 - Tavern: [8S, 4S, 6C, TS, 7S, 8D, 5S, 9C]
2025-01-04 21:54:56,892 - Castle: [KH, KC, KD, KS]
2025-01-04 21:54:56,892 - Discard: [JH, 5H, AD, 6S, 7H, 9H, 8H, 6D, QS, TH, JC, 3C, TC, 2S, 6H, JD, 3H, 4C, 3S, 2C, AC, 7C, 5C, QC, AH, AS, 7D, JS, 4H, 2D, 2H, 9S, 9D, QD]
2025-01-04 21:54:56,892 - Active Player: 2
2025-01-04 21:54:56,892 - STATE LOG: END
2025-01-04 21:54:57,110 - STATE LOG: BEGIN
2025-01-04 21:54:57,110 - Noah's Hand: [5D, 5S]
2025-01-04 21:54:57,110 - Eve's Hand: [4D, TD, 8D]
2025-01-04 21:54:57,110 - Boss: Rank: 12 | Suit H | Attack 15 | Health 27
2025-01-04 21:54:57,110 - Tavern: [8S, 4S, 6C, TS, 7S]
2025-01-04 21:54:57,110 - Castle: [KH, KC, KD, KS]
2025-01-04 21:54:57,111 - Discard: [JH, 5H, AD, 6S, 7H, 9H, 8H, 6D, QS, TH, JC, 3C, TC, 2S, 6H, JD, 3H, 4C, 3S, 2C, AC, 7C, 5C, QC, AH, AS, 7D, JS, 4H, 2D, 2H, 9S, 9D, QD, 8C, 9C]
2025-01-04 21:54:57,111 - Active Player: 1
2025-01-04 21:54:57,111 - STATE LOG: END
2025-01-04 21:54:57,227 - STATE LOG: BEGIN
2025-01-04 21:54:57,227 - Noah's Hand: [7S, 8S]
2025-01-04 21:54:57,227 - Eve's Hand: [4D, TD, 8D, TS, 4S]
2025-01-04 21:54:57,227 - Boss: Rank: 12 | Suit H | Attack 5 | Health 17
2025-01-04 21:54:57,227 - Tavern: []
2025-01-04 21:54:57,227 - Castle: [KH, KC, KD, KS]
2025-01-04 21:54:57,227 - Discard: [JH, 5H, AD, 6S, 7H, 9H, 8H, 6D, QS, TH, JC, 3C, TC, 2S, 6H, JD, 3H, 4C, 3S, 2C, AC, 7C, 5C, QC, AH, AS, 7D, JS, 4H, 2D, 2H, 9S, 9D, QD, 8C, 9C, 6C]
2025-01-04 21:54:57,227 - Active Player: 2
2025-01-04 21:54:57,227 - STATE LOG: END
2025-01-04 21:54:57,588 - STATE LOG: BEGIN
2025-01-04 21:54:57,588 - Noah's Hand: [7S, 8S]
2025-01-04 21:54:57,588 - Eve's Hand: [4D, 8D, TD]
2025-01-04 21:54:57,588 - Boss: Rank: 12 | Suit H | Attack 5 | Health 17
2025-01-04 21:54:57,588 - Tavern: []
2025-01-04 21:54:57,588 - Castle: [KH, KC, KD, KS]
2025-01-04 21:54:57,588 - Discard: [JH, 5H, AD, 6S, 7H, 9H, 8H, 6D, QS, TH, JC, 3C, TC, 2S, 6H, JD, 3H, 4C, 3S, 2C, AC, 7C, 5C, QC, AH, AS, 7D, JS, 4H, 2D, 2H, 9S, 9D, QD, 8C, 9C, 6C, 4S, TS]
2025-01-04 21:54:57,588 - Active Player: 1
2025-01-04 21:54:57,588 - STATE LOG: END
2025-01-04 21:54:57,671 - STATE LOG: BEGIN
2025-01-04 21:54:57,671 - Noah's Hand: [7S]
2025-01-04 21:54:57,671 - Eve's Hand: [4D, 8D, TD]
2025-01-04 21:54:57,671 - Boss: Rank: 12 | Suit H | Attack 0 | Health 9
2025-01-04 21:54:57,671 - Tavern: []
2025-01-04 21:54:57,671 - Castle: [KH, KC, KD, KS]
2025-01-04 21:54:57,671 - Discard: [JH, 5H, AD, 6S, 7H, 9H, 8H, 6D, QS, TH, JC, 3C, TC, 2S, 6H, JD, 3H, 4C, 3S, 2C, AC, 7C, 5C, QC, AH, AS, 7D, JS, 4H, 2D, 2H, 9S, 9D, QD, 8C, 9C, 6C, 4S, TS]
2025-01-04 21:54:57,671 - Active Player: 2
2025-01-04 21:54:57,671 - STATE LOG: END
2025-01-04 21:54:57,686 - STATE LOG: BEGIN
2025-01-04 21:54:57,686 - Noah's Hand: [7S]
2025-01-04 21:54:57,687 - Eve's Hand: [8D, TD]
2025-01-04 21:54:57,687 - Boss: Rank: 12 | Suit H | Attack 0 | Health 5
2025-01-04 21:54:57,687 - Tavern: []
2025-01-04 21:54:57,687 - Castle: [KH, KC, KD, KS]
2025-01-04 21:54:57,687 - Discard: [JH, 5H, AD, 6S, 7H, 9H, 8H, 6D, QS, TH, JC, 3C, TC, 2S, 6H, JD, 3H, 4C, 3S, 2C, AC, 7C, 5C, QC, AH, AS, 7D, JS, 4H, 2D, 2H, 9S, 9D, QD, 8C, 9C, 6C, 4S, TS]
2025-01-04 21:54:57,687 - Active Player: 1
2025-01-04 21:54:57,687 - STATE LOG: END
2025-01-04 21:54:57,700 - STATE LOG: BEGIN
2025-01-04 21:54:57,700 - Noah's Hand: [7S]
2025-01-04 21:54:57,700 - Eve's Hand: [8D, TD]
2025-01-04 21:54:57,700 - Boss: Rank: 12 | Suit H | Attack 0 | Health 5
2025-01-04 21:54:57,700 - Tavern: []
2025-01-04 21:54:57,700 - Castle: [KH, KC, KD, KS]
2025-01-04 21:54:57,700 - Discard: [JH, 5H, AD, 6S, 7H, 9H, 8H, 6D, QS, TH, JC, 3C, TC, 2S, 6H, JD, 3H, 4C, 3S, 2C, AC, 7C, 5C, QC, AH, AS, 7D, JS, 4H, 2D, 2H, 9S, 9D, QD, 8C, 9C, 6C, 4S, TS]
2025-01-04 21:54:57,700 - Active Player: 2
2025-01-04 21:54:57,700 - STATE LOG: END
2025-01-04 21:54:57,709 - STATE LOG: BEGIN
2025-01-04 21:54:57,709 - Noah's Hand: [7S]
2025-01-04 21:54:57,709 - Eve's Hand: [8D]
2025-01-04 21:54:57,709 - Boss: Rank: 13 | Suit S | Attack 20 | Health 40
2025-01-04 21:54:57,709 - Tavern: []
2025-01-04 21:54:57,709 - Castle: [KH, KC, KD]
2025-01-04 21:54:57,709 - Discard: [JH, 5H, AD, 6S, 7H, 9H, 8H, 6D, QS, TH, JC, 3C, TC, 2S, 6H, JD, 3H, 4C, 3S, 2C, AC, 7C, 5C, QC, AH, AS, 7D, JS, 4H, 2D, 2H, 9S, 9D, QD, 8C, 9C, 6C, 4S, TS, 5D, 5S, 8S, 3D, 4D, TD, QH]
2025-01-04 21:54:57,709 - Active Player: 2
2025-01-04 21:54:57,709 - STATE LOG: END
2025-01-04 21:54:57,712 - STATE LOG: BEGIN
2025-01-04 21:54:57,712 - Noah's Hand: [7S]
2025-01-04 21:54:57,712 - Eve's Hand: []
2025-01-04 21:54:57,712 - Boss: Rank: 13 | Suit S | Attack 20 | Health 32
2025-01-04 21:54:57,712 - Tavern: []
2025-01-04 21:54:57,712 - Castle: [KH, KC, KD]
2025-01-04 21:54:57,712 - Discard: [JH, 5H, AD, 6S, 7H, 9H, 8H, 6D, QS, TH, JC, 3C, TC, 2S, 6H, JD, 3H, 4C, 3S, 2C, AC, 7C, 5C, QC, AH, AS, 7D, JS, 4H, 2D, 2H, 9S, 9D, QD, 8C, 9C, 6C, 4S, TS, 5D, 5S, 8S, 3D, 4D, TD, QH]
2025-01-04 21:54:57,712 - Active Player: 1
2025-01-04 21:54:57,712 - STATE LOG: END
