2025-01-04 22:50:11,476 - I log states! :D
2025-01-04 22:50:11,476 - STATE LOG: BEGIN
2025-01-04 22:50:11,476 - Noah's Hand: [3H, 7S, 2S, 6D, 2D, TH, 4S]
2025-01-04 22:50:11,476 - Eve's Hand: [5C, 4C, 4H, AH, 3D, 5S, 2H]
2025-01-04 22:50:11,476 - Boss: Rank: 11 | Suit H | Attack 10 | Health 20
2025-01-04 22:50:11,476 - Tavern: [9D, 6C, 8H, 7C, AC, AD, 9C, 2C, 9H, 8D, AS, 7D, 7H, 6H, 8S, TS, 9S, 5D, 8C, 3S, 6S, 5H, TC, 3C, TD, 4D]
2025-01-04 22:50:11,476 - Castle: [KD, KC, KS, KH, QC, QS, QH, QD, JC, JD, JS]
2025-01-04 22:50:11,476 - Discard: []
2025-01-04 22:50:11,476 - Active Player: 1
2025-01-04 22:50:11,476 - STATE LOG: END
2025-01-04 22:50:11,531 - STATE LOG: BEGIN
2025-01-04 22:50:11,531 - Noah's Hand: [2D, 2S, 4S, 6D, TH]
2025-01-04 22:50:11,531 - Eve's Hand: [5C, 4C, 4H, AH, 3D, 5S, 2H]
2025-01-04 22:50:11,531 - Boss: Rank: 11 | Suit H | Attack 10 | Health 20
2025-01-04 22:50:11,531 - Tavern: [9D, 6C, 8H, 7C, AC, AD, 9C, 2C, 9H, 8D, AS, 7D, 7H, 6H, 8S, TS, 9S, 5D, 8C, 3S, 6S, 5H, TC, 3C, TD, 4D]
2025-01-04 22:50:11,531 - Castle: [KD, KC, KS, KH, QC, QS, QH, QD, JC, JD, JS]
2025-01-04 22:50:11,531 - Discard: [3H, 7S]
2025-01-04 22:50:11,531 - Active Player: 2
2025-01-04 22:50:11,531 - STATE LOG: END
2025-01-04 22:50:11,566 - STATE LOG: BEGIN
2025-01-04 22:50:11,566 - Noah's Hand: [2D, 2S, 4S, 6D, TH]
2025-01-04 22:50:11,566 - Eve's Hand: [2H, 3D, 5S]
2025-01-04 22:50:11,566 - Boss: Rank: 11 | Suit H | Attack 10 | Health 16
2025-01-04 22:50:11,566 - Tavern: [9D, 6C, 8H, 7C, AC, AD, 9C, 2C, 9H, 8D, AS, 7D, 7H, 6H, 8S, TS, 9S, 5D, 8C, 3S, 6S, 5H, TC, 3C, TD, 4D]
2025-01-04 22:50:11,566 - Castle: [KD, KC, KS, KH, QC, QS, QH, QD, JC, JD, JS]
2025-01-04 22:50:11,566 - Discard: [3H, 7S, 5C, AH, 4C]
2025-01-04 22:50:11,566 - Active Player: 1
2025-01-04 22:50:11,566 - STATE LOG: END
2025-01-04 22:50:11,590 - STATE LOG: BEGIN
2025-01-04 22:50:11,590 - Noah's Hand: [2D, 2S, TH, 4D]
2025-01-04 22:50:11,590 - Eve's Hand: [2H, 3D, 5S, TD, TC, 6S]
2025-01-04 22:50:11,590 - Boss: Rank: 11 | Suit H | Attack 10 | Health 10
2025-01-04 22:50:11,590 - Tavern: [9D, 6C, 8H, 7C, AC, AD, 9C, 2C, 9H, 8D, AS, 7D, 7H, 6H, 8S, TS, 9S, 5D, 8C, 3S]
2025-01-04 22:50:11,590 - Castle: [KD, KC, KS, KH, QC, QS, QH, QD, JC, JD, JS]
2025-01-04 22:50:11,590 - Discard: [3H, 7S, 5C, AH, 4C, 4S, 5H, 3C]
2025-01-04 22:50:11,590 - Active Player: 2
2025-01-04 22:50:11,590 - STATE LOG: END
2025-01-04 22:50:11,620 - STATE LOG: BEGIN
2025-01-04 22:50:11,620 - Noah's Hand: [2D, 2S, TH, 4D, 8C]
2025-01-04 22:50:11,620 - Eve's Hand: [2H, 5S, 6S, TD, 3S, 5D]
2025-01-04 22:50:11,620 - Boss: Rank: 11 | Suit H | Attack 10 | Health 7
2025-01-04 22:50:11,620 - Tavern: [9D, 6C, 8H, 7C, AC, AD, 9C, 2C, 9H, 8D, AS, 7D, 7H, 6H, 8S, TS, 9S]
2025-01-04 22:50:11,620 - Castle: [KD, KC, KS, KH, QC, QS, QH, QD, JC, JD, JS]
2025-01-04 22:50:11,620 - Discard: [3H, 7S, 5C, AH, 4C, 4S, 5H, 3C, TC]
2025-01-04 22:50:11,620 - Active Player: 1
2025-01-04 22:50:11,620 - STATE LOG: END
2025-01-04 22:50:11,652 - STATE LOG: BEGIN
2025-01-04 22:50:11,652 - Noah's Hand: [2S, 4D, 8C, 9S]
2025-01-04 22:50:11,652 - Eve's Hand: [2H, 5S, 6S, TD, 3S, 5D, TS]
2025-01-04 22:50:11,652 - Boss: Rank: 11 | Suit H | Attack 10 | Health 5
2025-01-04 22:50:11,652 - Tavern: [9D, 6C, 8H, 7C, AC, AD, 9C, 2C, 9H, 8D, AS, 7D, 7H, 6H, 8S]
2025-01-04 22:50:11,652 - Castle: [KD, KC, KS, KH, QC, QS, QH, QD, JC, JD, JS]
2025-01-04 22:50:11,652 - Discard: [3H, 7S, 5C, AH, 4C, 4S, 5H, 3C, TC, TH]
2025-01-04 22:50:11,652 - Active Player: 2
2025-01-04 22:50:11,652 - STATE LOG: END
2025-01-04 22:50:11,686 - STATE LOG: BEGIN
2025-01-04 22:50:11,686 - Noah's Hand: [2S, 4D, 8C, 9S, 6H, 7H, 7D]
2025-01-04 22:50:11,686 - Eve's Hand: [2H, 3S, 5D, 5S, 6S, TS, 8S]
2025-01-04 22:50:11,686 - Boss: Rank: 11 | Suit S | Attack 10 | Health 20
2025-01-04 22:50:11,686 - Tavern: [9D, 6C, 8H, 7C, AC, AD, 9C, 2C, 9H, 8D, AS]
2025-01-04 22:50:11,686 - Castle: [KD, KC, KS, KH, QC, QS, QH, QD, JC, JD]
2025-01-04 22:50:11,686 - Discard: [3H, 7S, 5C, AH, 4C, 4S, 5H, 3C, TC, TH, 6D, 2D, 4H, 3D, TD, JH]
2025-01-04 22:50:11,686 - Active Player: 2
2025-01-04 22:50:11,686 - STATE LOG: END
2025-01-04 22:50:11,717 - STATE LOG: BEGIN
2025-01-04 22:50:11,717 - Noah's Hand: [2S, 4D, 8C, 9S, 6H, 7H, 7D]
2025-01-04 22:50:11,717 - Eve's Hand: [2H, 3S, 5D, 5S, 8S]
2025-01-04 22:50:11,717 - Boss: Rank: 11 | Suit S | Attack 10 | Health 14
2025-01-04 22:50:11,717 - Tavern: [9D, 6C, 8H, 7C, AC, AD, 9C, 2C, 9H, 8D, AS]
2025-01-04 22:50:11,717 - Castle: [KD, KC, KS, KH, QC, QS, QH, QD, JC, JD]
2025-01-04 22:50:11,717 - Discard: [3H, 7S, 5C, AH, 4C, 4S, 5H, 3C, TC, TH, 6D, 2D, 4H, 3D, TD, JH, TS]
2025-01-04 22:50:11,717 - Active Player: 1
2025-01-04 22:50:11,717 - STATE LOG: END
2025-01-04 22:50:11,775 - STATE LOG: BEGIN
2025-01-04 22:50:11,775 - Noah's Hand: [2S, 4D, 8C, 9S, AS]
2025-01-04 22:50:11,775 - Eve's Hand: [2H, 3S, 5D, 5S, 8S, 8D, 9H]
2025-01-04 22:50:11,775 - Boss: Rank: 11 | Suit S | Attack 10 | Health 7
2025-01-04 22:50:11,775 - Tavern: [9D, 6C, 8H, 7C, AC, AD, 9C, 2C]
2025-01-04 22:50:11,775 - Castle: [KD, KC, KS, KH, QC, QS, QH, QD, JC, JD]
2025-01-04 22:50:11,775 - Discard: [3H, 7S, 5C, AH, 4C, 4S, 5H, 3C, TC, TH, 6D, 2D, 4H, 3D, TD, JH, TS, 6H, 7H]
2025-01-04 22:50:11,775 - Active Player: 2
2025-01-04 22:50:11,775 - STATE LOG: END
2025-01-04 22:50:11,808 - STATE LOG: BEGIN
2025-01-04 22:50:11,808 - Noah's Hand: [2S, 4D, 8C, 9S, AS, 9C, AC]
2025-01-04 22:50:11,808 - Eve's Hand: [2H, 3S, 8D, 8S, 9H, 2C, AD]
2025-01-04 22:50:11,808 - Boss: Rank: 11 | Suit D | Attack 10 | Health 20
2025-01-04 22:50:11,808 - Tavern: [9D, 6C, 8H, 7C]
2025-01-04 22:50:11,808 - Castle: [KD, KC, KS, KH, QC, QS, QH, QD, JC]
2025-01-04 22:50:11,808 - Discard: [3H, 7S, 5C, AH, 4C, 4S, 5H, 3C, TC, TH, 6D, 2D, 4H, 3D, TD, JH, TS, 6H, 7H, 7D, 6S, 5D, 5S, JS]
2025-01-04 22:50:11,808 - Active Player: 2
2025-01-04 22:50:11,808 - STATE LOG: END
2025-01-04 22:50:11,839 - STATE LOG: BEGIN
2025-01-04 22:50:11,839 - Noah's Hand: [2S, 4D, 8C, 9S, AS, 9C, AC]
2025-01-04 22:50:11,839 - Eve's Hand: [2C, 8D, 9H]
2025-01-04 22:50:11,839 - Boss: Rank: 11 | Suit D | Attack 10 | Health 17
2025-01-04 22:50:11,839 - Tavern: [5C, 6S, 7H, 9D, 6C, 8H, 7C]
2025-01-04 22:50:11,839 - Castle: [KD, KC, KS, KH, QC, QS, QH, QD, JC]
2025-01-04 22:50:11,839 - Discard: [TD, 5H, JS, 4S, 7S, 4C, 3D, 6H, JH, 5S, 4H, 2D, 5D, TS, 3C, AH, 6D, 3H, 7D, TC, TH, 8S, 3S]
2025-01-04 22:50:11,839 - Active Player: 1
2025-01-04 22:50:11,839 - STATE LOG: END
2025-01-04 22:50:11,862 - STATE LOG: BEGIN
2025-01-04 22:50:11,862 - Noah's Hand: [AC, AS, 2S, 4D]
2025-01-04 22:50:11,862 - Eve's Hand: [2C, 8D, 9H]
2025-01-04 22:50:11,862 - Boss: Rank: 11 | Suit D | Attack 10 | Health 1
2025-01-04 22:50:11,862 - Tavern: [5C, 6S, 7H, 9D, 6C, 8H, 7C]
2025-01-04 22:50:11,862 - Castle: [KD, KC, KS, KH, QC, QS, QH, QD, JC]
2025-01-04 22:50:11,862 - Discard: [TD, 5H, JS, 4S, 7S, 4C, 3D, 6H, JH, 5S, 4H, 2D, 5D, TS, 3C, AH, 6D, 3H, 7D, TC, TH, 8S, 3S, 9S, 9C]
2025-01-04 22:50:11,862 - Active Player: 2
2025-01-04 22:50:11,862 - STATE LOG: END
2025-01-04 22:50:11,883 - STATE LOG: BEGIN
2025-01-04 22:50:11,883 - Noah's Hand: [AC, AS, 2S, 4D]
2025-01-04 22:50:11,883 - Eve's Hand: [8D]
2025-01-04 22:50:11,883 - Boss: Rank: 11 | Suit D | Attack 10 | Health 1
2025-01-04 22:50:11,883 - Tavern: [5C, 6S, 7H, 9D, 6C, 8H, 7C]
2025-01-04 22:50:11,883 - Castle: [KD, KC, KS, KH, QC, QS, QH, QD, JC]
2025-01-04 22:50:11,883 - Discard: [TD, 5H, JS, 4S, 7S, 4C, 3D, 6H, JH, 5S, 4H, 2D, 5D, TS, 3C, AH, 6D, 3H, 7D, TC, TH, 8S, 3S, 9S, 9C, 9H, 2C]
2025-01-04 22:50:11,883 - Active Player: 1
2025-01-04 22:50:11,883 - STATE LOG: END
2025-01-04 22:50:11,904 - STATE LOG: BEGIN
2025-01-04 22:50:11,904 - Noah's Hand: [AC, AS, 4D]
2025-01-04 22:50:11,904 - Eve's Hand: [8D]
2025-01-04 22:50:11,904 - Boss: Rank: 11 | Suit C | Attack 10 | Health 20
2025-01-04 22:50:11,904 - Tavern: [5C, 6S, 7H, 9D, 6C, 8H, 7C]
2025-01-04 22:50:11,904 - Castle: [KD, KC, KS, KH, QC, QS, QH, QD]
2025-01-04 22:50:11,904 - Discard: [TD, 5H, JS, 4S, 7S, 4C, 3D, 6H, JH, 5S, 4H, 2D, 5D, TS, 3C, AH, 6D, 3H, 7D, TC, TH, 8S, 3S, 9S, 9C, 9H, 2C, 8C, 2S, AD, 2H, JD]
2025-01-04 22:50:11,904 - Active Player: 1
2025-01-04 22:50:11,904 - STATE LOG: END
2025-01-04 22:50:11,924 - STATE LOG: BEGIN
2025-01-04 22:50:11,924 - Noah's Hand: [AC, 7C, 6C]
2025-01-04 22:50:11,924 - Eve's Hand: [8D, 8H, 9D]
2025-01-04 22:50:11,924 - Boss: Rank: 11 | Suit C | Attack 5 | Health 15
2025-01-04 22:50:11,924 - Tavern: [5C, 6S]
2025-01-04 22:50:11,924 - Castle: [KD, KC, KS, KH, QC, QS, QH, QD]
2025-01-04 22:50:11,924 - Discard: [TD, 5H, JS, 4S, 7S, 4C, 3D, 6H, JH, 5S, 4H, 2D, 5D, TS, 3C, AH, 6D, 3H, 7D, TC, TH, 8S, 3S, 9S, 9C, 9H, 2C, 8C, 2S, AD, 2H, JD, 7H]
2025-01-04 22:50:11,924 - Active Player: 2
2025-01-04 22:50:11,924 - STATE LOG: END
2025-01-04 22:50:11,944 - STATE LOG: BEGIN
2025-01-04 22:50:11,944 - Noah's Hand: [AC, 7C, 6C, 5C]
2025-01-04 22:50:11,944 - Eve's Hand: [9D, 6S]
2025-01-04 22:50:11,944 - Boss: Rank: 11 | Suit C | Attack 5 | Health 7
2025-01-04 22:50:11,944 - Tavern: []
2025-01-04 22:50:11,944 - Castle: [KD, KC, KS, KH, QC, QS, QH, QD]
2025-01-04 22:50:11,944 - Discard: [TD, 5H, JS, 4S, 7S, 4C, 3D, 6H, JH, 5S, 4H, 2D, 5D, TS, 3C, AH, 6D, 3H, 7D, TC, TH, 8S, 3S, 9S, 9C, 9H, 2C, 8C, 2S, AD, 2H, JD, 7H, 8H]
2025-01-04 22:50:11,944 - Active Player: 1
2025-01-04 22:50:11,944 - STATE LOG: END
2025-01-04 22:50:11,964 - STATE LOG: BEGIN
2025-01-04 22:50:11,964 - Noah's Hand: [5C, 6C]
2025-01-04 22:50:11,964 - Eve's Hand: [9D, 6S]
2025-01-04 22:50:11,964 - Boss: Rank: 11 | Suit C | Attack 5 | Health 7
2025-01-04 22:50:11,964 - Tavern: []
2025-01-04 22:50:11,964 - Castle: [KD, KC, KS, KH, QC, QS, QH, QD]
2025-01-04 22:50:11,964 - Discard: [TD, 5H, JS, 4S, 7S, 4C, 3D, 6H, JH, 5S, 4H, 2D, 5D, TS, 3C, AH, 6D, 3H, 7D, TC, TH, 8S, 3S, 9S, 9C, 9H, 2C, 8C, 2S, AD, 2H, JD, 7H, 8H, AC, 7C]
2025-01-04 22:50:11,964 - Active Player: 2
2025-01-04 22:50:11,964 - STATE LOG: END
2025-01-04 22:50:11,974 - STATE LOG: BEGIN
2025-01-04 22:50:11,974 - Noah's Hand: [5C, 6C]
2025-01-04 22:50:11,974 - Eve's Hand: [9D]
2025-01-04 22:50:11,974 - Boss: Rank: 11 | Suit C | Attack 0 | Health 1
2025-01-04 22:50:11,974 - Tavern: []
2025-01-04 22:50:11,974 - Castle: [KD, KC, KS, KH, QC, QS, QH, QD]
2025-01-04 22:50:11,974 - Discard: [TD, 5H, JS, 4S, 7S, 4C, 3D, 6H, JH, 5S, 4H, 2D, 5D, TS, 3C, AH, 6D, 3H, 7D, TC, TH, 8S, 3S, 9S, 9C, 9H, 2C, 8C, 2S, AD, 2H, JD, 7H, 8H, AC, 7C]
2025-01-04 22:50:11,974 - Active Player: 1
2025-01-04 22:50:11,974 - STATE LOG: END
2025-01-04 22:50:11,981 - STATE LOG: BEGIN
2025-01-04 22:50:11,981 - Noah's Hand: [5C, 6C]
2025-01-04 22:50:11,981 - Eve's Hand: [9D]
2025-01-04 22:50:11,981 - Boss: Rank: 11 | Suit C | Attack 0 | Health 1
2025-01-04 22:50:11,981 - Tavern: []
2025-01-04 22:50:11,981 - Castle: [KD, KC, KS, KH, QC, QS, QH, QD]
2025-01-04 22:50:11,981 - Discard: [TD, 5H, JS, 4S, 7S, 4C, 3D, 6H, JH, 5S, 4H, 2D, 5D, TS, 3C, AH, 6D, 3H, 7D, TC, TH, 8S, 3S, 9S, 9C, 9H, 2C, 8C, 2S, AD, 2H, JD, 7H, 8H, AC, 7C]
2025-01-04 22:50:11,982 - Active Player: 2
2025-01-04 22:50:11,982 - STATE LOG: END
2025-01-04 22:50:11,984 - STATE LOG: BEGIN
2025-01-04 22:50:11,984 - Noah's Hand: [5C, 6C]
2025-01-04 22:50:11,984 - Eve's Hand: []
2025-01-04 22:50:11,984 - Boss: Rank: 12 | Suit D | Attack 15 | Health 30
2025-01-04 22:50:11,984 - Tavern: []
2025-01-04 22:50:11,984 - Castle: [KD, KC, KS, KH, QC, QS, QH]
2025-01-04 22:50:11,984 - Discard: [TD, 5H, JS, 4S, 7S, 4C, 3D, 6H, JH, 5S, 4H, 2D, 5D, TS, 3C, AH, 6D, 3H, 7D, TC, TH, 8S, 3S, 9S, 9C, 9H, 2C, 8C, 2S, AD, 2H, JD, 7H, 8H, AC, 7C, AS, 4D, 8D, 6S, 9D, JC]
2025-01-04 22:50:11,984 - Active Player: 2
2025-01-04 22:50:11,984 - STATE LOG: END
2025-01-04 22:50:11,985 - STATE LOG: BEGIN
2025-01-04 22:50:11,986 - Noah's Hand: [5C, 6C]
2025-01-04 22:50:11,986 - Eve's Hand: []
2025-01-04 22:50:11,986 - Boss: Rank: 12 | Suit D | Attack 15 | Health 30
2025-01-04 22:50:11,986 - Tavern: []
2025-01-04 22:50:11,986 - Castle: [KD, KC, KS, KH, QC, QS, QH]
2025-01-04 22:50:11,986 - Discard: [TD, 5H, JS, 4S, 7S, 4C, 3D, 6H, JH, 5S, 4H, 2D, 5D, TS, 3C, AH, 6D, 3H, 7D, TC, TH, 8S, 3S, 9S, 9C, 9H, 2C, 8C, 2S, AD, 2H, JD, 7H, 8H, AC, 7C, AS, 4D, 8D, 6S, 9D, JC]
2025-01-04 22:50:11,986 - Active Player: 1
2025-01-04 22:50:11,986 - STATE LOG: END
