2025-01-04 13:47:00,031 - I log states! :D
2025-01-04 13:47:00,031 - STATE LOG: BEGIN
2025-01-04 13:47:00,032 - Noah's Hand: [6H, 9H, 5H, 7H, AC, 3C, TS]
2025-01-04 13:47:00,032 - Eve's Hand: [2S, 4C, 5D, AH, 3H, 6S, AS]
2025-01-04 13:47:00,032 - Boss: Rank: 11 | Suit H | Attack 10 | Health 20
2025-01-04 13:47:00,032 - Tavern: [3D, 8H, 8S, 6C, 7S, 4S, 7C, 8C, 9C, 7D, 4H, 2C, AD, 9S, TC, 2H, 5C, 8D, TD, 3S, 2D, 5S, 6D, 9D, 4D, TH]
2025-01-04 13:47:00,032 - Castle: [KD, KS, KH, KC, QD, QS, QC, QH, JC, JS, JD]
2025-01-04 13:47:00,032 - Discard: []
2025-01-04 13:47:00,032 - Active Player: 1
2025-01-04 13:47:00,032 - STATE LOG: END
2025-01-04 13:47:01,289 - STATE LOG: BEGIN
2025-01-04 13:47:01,290 - Noah's Hand: [AC, 3C, 5H, 6H, 7H, 9H]
2025-01-04 13:47:01,290 - Eve's Hand: [2S, 4C, 5D, AH, 3H, 6S, AS]
2025-01-04 13:47:01,290 - Boss: Rank: 11 | Suit H | Attack 0 | Health 10
2025-01-04 13:47:01,290 - Tavern: [3D, 8H, 8S, 6C, 7S, 4S, 7C, 8C, 9C, 7D, 4H, 2C, AD, 9S, TC, 2H, 5C, 8D, TD, 3S, 2D, 5S, 6D, 9D, 4D, TH]
2025-01-04 13:47:01,290 - Castle: [KD, KS, KH, KC, QD, QS, QC, QH, JC, JS, JD]
2025-01-04 13:47:01,290 - Discard: []
2025-01-04 13:47:01,290 - Active Player: 2
2025-01-04 13:47:01,290 - STATE LOG: END
2025-01-04 13:47:02,499 - STATE LOG: BEGIN
2025-01-04 13:47:02,499 - Noah's Hand: [AC, 3C, 5H, 6H, 7H, 9H, 4D]
2025-01-04 13:47:02,499 - Eve's Hand: [AH, 2S, 3H, 4C, 6S, TH, 9D]
2025-01-04 13:47:02,499 - Boss: Rank: 11 | Suit H | Attack 0 | Health 4
2025-01-04 13:47:02,499 - Tavern: [3D, 8H, 8S, 6C, 7S, 4S, 7C, 8C, 9C, 7D, 4H, 2C, AD, 9S, TC, 2H, 5C, 8D, TD, 3S, 2D, 5S, 6D]
2025-01-04 13:47:02,499 - Castle: [KD, KS, KH, KC, QD, QS, QC, QH, JC, JS, JD]
2025-01-04 13:47:02,499 - Discard: []
2025-01-04 13:47:02,499 - Active Player: 1
2025-01-04 13:47:02,500 - STATE LOG: END
2025-01-04 13:47:03,603 - STATE LOG: BEGIN
2025-01-04 13:47:03,603 - Noah's Hand: [3C, 5H, 6H, 7H, 9H, 6D, 5S]
2025-01-04 13:47:03,603 - Eve's Hand: [AH, 2S, 3H, 4C, 6S, TH, 9D]
2025-01-04 13:47:03,603 - Boss: Rank: 11 | Suit D | Attack 10 | Health 20
2025-01-04 13:47:03,603 - Tavern: [3D, 8H, 8S, 6C, 7S, 4S, 7C, 8C, 9C, 7D, 4H, 2C, AD, 9S, TC, 2H, 5C, 8D, TD, 3S, 2D]
2025-01-04 13:47:03,603 - Castle: [KD, KS, KH, KC, QD, QS, QC, QH, JC, JS]
2025-01-04 13:47:03,603 - Discard: [TS, AC, 4D, AS, 5D, JH]
2025-01-04 13:47:03,603 - Active Player: 1
2025-01-04 13:47:03,603 - STATE LOG: END
2025-01-04 13:47:04,710 - STATE LOG: BEGIN
2025-01-04 13:47:04,710 - Noah's Hand: [3C, 6D, 6H, 7H, 9H]
2025-01-04 13:47:04,710 - Eve's Hand: [AH, 2S, 3H, 4C, 6S, TH, 9D]
2025-01-04 13:47:04,710 - Boss: Rank: 11 | Suit D | Attack 0 | Health 10
2025-01-04 13:47:04,710 - Tavern: [5D, TS, JH, 4D, AC, AS, 3D, 8H, 8S, 6C, 7S, 4S, 7C, 8C, 9C, 7D, 4H, 2C, AD, 9S, TC, 2H, 5C, 8D, TD, 3S, 2D]
2025-01-04 13:47:04,710 - Castle: [KD, KS, KH, KC, QD, QS, QC, QH, JC, JS]
2025-01-04 13:47:04,710 - Discard: []
2025-01-04 13:47:04,710 - Active Player: 2
2025-01-04 13:47:04,710 - STATE LOG: END
2025-01-04 13:47:06,043 - STATE LOG: BEGIN
2025-01-04 13:47:06,043 - Noah's Hand: [3C, 6D, 6H, 7H, 9H]
2025-01-04 13:47:06,043 - Eve's Hand: [AH, 3H, 4C, 6S, 9D, TH]
2025-01-04 13:47:06,043 - Boss: Rank: 11 | Suit D | Attack 0 | Health 8
2025-01-04 13:47:06,044 - Tavern: [5D, TS, JH, 4D, AC, AS, 3D, 8H, 8S, 6C, 7S, 4S, 7C, 8C, 9C, 7D, 4H, 2C, AD, 9S, TC, 2H, 5C, 8D, TD, 3S, 2D]
2025-01-04 13:47:06,044 - Castle: [KD, KS, KH, KC, QD, QS, QC, QH, JC, JS]
2025-01-04 13:47:06,044 - Discard: []
2025-01-04 13:47:06,044 - Active Player: 1
2025-01-04 13:47:06,044 - STATE LOG: END
2025-01-04 13:47:07,404 - STATE LOG: BEGIN
2025-01-04 13:47:07,404 - Noah's Hand: [3C, 6D, 7H, 9H]
2025-01-04 13:47:07,404 - Eve's Hand: [AH, 3H, 4C, 6S, 9D, TH]
2025-01-04 13:47:07,404 - Boss: Rank: 11 | Suit D | Attack 0 | Health 2
2025-01-04 13:47:07,404 - Tavern: [5D, TS, JH, 4D, AC, AS, 3D, 8H, 8S, 6C, 7S, 4S, 7C, 8C, 9C, 7D, 4H, 2C, AD, 9S, TC, 2H, 5C, 8D, TD, 3S, 2D]
2025-01-04 13:47:07,404 - Castle: [KD, KS, KH, KC, QD, QS, QC, QH, JC, JS]
2025-01-04 13:47:07,404 - Discard: []
2025-01-04 13:47:07,404 - Active Player: 2
2025-01-04 13:47:07,404 - STATE LOG: END
2025-01-04 13:47:08,600 - STATE LOG: BEGIN
2025-01-04 13:47:08,600 - Noah's Hand: [3C, 6D, 7H, 9H]
2025-01-04 13:47:08,600 - Eve's Hand: [AH, 4C, 6S, 9D, TH]
2025-01-04 13:47:08,600 - Boss: Rank: 11 | Suit S | Attack 10 | Health 20
2025-01-04 13:47:08,600 - Tavern: [5D, TS, JH, 4D, AC, AS, 3D, 8H, 8S, 6C, 7S, 4S, 7C, 8C, 9C, 7D, 4H, 2C, AD, 9S, TC, 2H, 5C, 8D, TD, 3S, 2D]
2025-01-04 13:47:08,600 - Castle: [KD, KS, KH, KC, QD, QS, QC, QH, JC]
2025-01-04 13:47:08,600 - Discard: [5H, 5S, 6H, 2S, 3H, JD]
2025-01-04 13:47:08,600 - Active Player: 2
2025-01-04 13:47:08,600 - STATE LOG: END
2025-01-04 13:47:09,829 - STATE LOG: BEGIN
2025-01-04 13:47:09,829 - Noah's Hand: [3C, 6D, 7H, 9H, 3S, 8D, 2H]
2025-01-04 13:47:09,829 - Eve's Hand: [4C, 6S, TH, 2D, TD, 5C]
2025-01-04 13:47:09,829 - Boss: Rank: 11 | Suit S | Attack 10 | Health 10
2025-01-04 13:47:09,829 - Tavern: [3H, 2S, JD, 6H, 5H, 5S, 5D, TS, JH, 4D, AC, AS, 3D, 8H, 8S, 6C, 7S, 4S, 7C, 8C, 9C, 7D, 4H, 2C, AD, 9S]
2025-01-04 13:47:09,829 - Castle: [KD, KS, KH, KC, QD, QS, QC, QH, JC]
2025-01-04 13:47:09,829 - Discard: [TC]
2025-01-04 13:47:09,829 - Active Player: 1
2025-01-04 13:47:09,829 - STATE LOG: END
2025-01-04 13:47:11,439 - STATE LOG: BEGIN
2025-01-04 13:47:11,439 - Noah's Hand: [2H, 6D, 7H, 8D, 9H]
2025-01-04 13:47:11,439 - Eve's Hand: [4C, 6S, TH, 2D, TD, 5C]
2025-01-04 13:47:11,439 - Boss: Rank: 11 | Suit C | Attack 10 | Health 20
2025-01-04 13:47:11,439 - Tavern: [3H, 2S, JD, 6H, 5H, 5S, 5D, TS, JH, 4D, AC, AS, 3D, 8H, 8S, 6C, 7S, 4S, 7C, 8C, 9C, 7D, 4H, 2C, AD, 9S]
2025-01-04 13:47:11,439 - Castle: [KD, KS, KH, KC, QD, QS, QC, QH]
2025-01-04 13:47:11,439 - Discard: [TC, 3C, 3S, AH, 9D, JS]
2025-01-04 13:47:11,439 - Active Player: 1
2025-01-04 13:47:11,439 - STATE LOG: END
2025-01-04 13:47:12,971 - STATE LOG: BEGIN
2025-01-04 13:47:12,971 - Noah's Hand: [2H, 7H, 8D, 9H]
2025-01-04 13:47:12,971 - Eve's Hand: [4C, 6S, TH, 2D, TD, 5C, AD]
2025-01-04 13:47:12,971 - Boss: Rank: 11 | Suit C | Attack 10 | Health 14
2025-01-04 13:47:12,971 - Tavern: [3H, 2S, JD, 6H, 5H, 5S, 5D, TS, JH, 4D, AC, AS, 3D, 8H, 8S, 6C, 7S, 4S, 7C, 8C, 9C, 7D]
2025-01-04 13:47:12,971 - Castle: [KD, KS, KH, KC, QD, QS, QC, QH]
2025-01-04 13:47:12,971 - Discard: [TC, 3C, 3S, AH, 9D, JS, 4H, 2C, 9S]
2025-01-04 13:47:12,971 - Active Player: 2
2025-01-04 13:47:12,971 - STATE LOG: END
2025-01-04 13:47:14,445 - STATE LOG: BEGIN
2025-01-04 13:47:14,445 - Noah's Hand: [2H, 7H, 8D, 9H]
2025-01-04 13:47:14,445 - Eve's Hand: [AD, 2D, 4C, 5C, TD]
2025-01-04 13:47:14,445 - Boss: Rank: 11 | Suit C | Attack 4 | Health 8
2025-01-04 13:47:14,445 - Tavern: [3H, 2S, JD, 6H, 5H, 5S, 5D, TS, JH, 4D, AC, AS, 3D, 8H, 8S, 6C, 7S, 4S, 7C, 8C, 9C, 7D]
2025-01-04 13:47:14,445 - Castle: [KD, KS, KH, KC, QD, QS, QC, QH]
2025-01-04 13:47:14,445 - Discard: [TC, 3C, 3S, AH, 9D, JS, 4H, 2C, 9S, TH]
2025-01-04 13:47:14,445 - Active Player: 1
2025-01-04 13:47:14,445 - STATE LOG: END
2025-01-04 13:47:15,958 - STATE LOG: BEGIN
2025-01-04 13:47:15,959 - Noah's Hand: [2H, 7H, 9H, 7D, 8C, 4S, 7S]
2025-01-04 13:47:15,959 - Eve's Hand: [AD, 2D, 4C, 5C, TD, 9C, 7C]
2025-01-04 13:47:15,959 - Boss: Rank: 12 | Suit H | Attack 15 | Health 30
2025-01-04 13:47:15,959 - Tavern: [3H, 2S, JD, 6H, 5H, 5S, 5D, TS, JH, 4D, AC, AS, 3D, 8H, 8S, 6C]
2025-01-04 13:47:15,959 - Castle: [KD, KS, KH, KC, QD, QS, QC]
2025-01-04 13:47:15,959 - Discard: [TC, 3C, 3S, AH, 9D, JS, 4H, 2C, 9S, TH, 6D, 8D, 6S]
2025-01-04 13:47:15,959 - Active Player: 1
2025-01-04 13:47:15,959 - STATE LOG: END
2025-01-04 13:47:17,685 - STATE LOG: BEGIN
2025-01-04 13:47:17,685 - Noah's Hand: [2H, 4S, 7D, 7H, 8C]
2025-01-04 13:47:17,685 - Eve's Hand: [AD, 2D, 4C, 5C, TD, 9C, 7C]
2025-01-04 13:47:17,685 - Boss: Rank: 12 | Suit H | Attack 8 | Health 23
2025-01-04 13:47:17,685 - Tavern: [3H, 2S, JD, 6H, 5H, 5S, 5D, TS, JH, 4D, AC, AS, 3D, 8H, 8S, 6C]
2025-01-04 13:47:17,685 - Castle: [KD, KS, KH, KC, QD, QS, QC]
2025-01-04 13:47:17,685 - Discard: [TC, 3C, 3S, AH, 9D, JS, 4H, 2C, 9S, TH, 6D, 8D, 6S, 9H]
2025-01-04 13:47:17,685 - Active Player: 2
2025-01-04 13:47:17,685 - STATE LOG: END
2025-01-04 13:47:19,385 - STATE LOG: BEGIN
2025-01-04 13:47:19,385 - Noah's Hand: [2H, 4S, 7D, 7H, 8C, 6C]
2025-01-04 13:47:19,385 - Eve's Hand: [AD, 4C, 5C, 7C, 9C, TD]
2025-01-04 13:47:19,385 - Boss: Rank: 12 | Suit H | Attack 8 | Health 21
2025-01-04 13:47:19,385 - Tavern: [3H, 2S, JD, 6H, 5H, 5S, 5D, TS, JH, 4D, AC, AS, 3D, 8H, 8S]
2025-01-04 13:47:19,385 - Castle: [KD, KS, KH, KC, QD, QS, QC]
2025-01-04 13:47:19,385 - Discard: [TC, 3C, 3S, AH, 9D, JS, 4H, 2C, 9S, TH, 6D, 8D, 6S, 9H, JC]
2025-01-04 13:47:19,385 - Active Player: 1
2025-01-04 13:47:19,385 - STATE LOG: END
2025-01-04 13:47:21,152 - STATE LOG: BEGIN
2025-01-04 13:47:21,152 - Noah's Hand: [4S, 6C, 7D, 7H]
2025-01-04 13:47:21,152 - Eve's Hand: [AD, 4C, 5C, 7C, 9C, TD]
2025-01-04 13:47:21,152 - Boss: Rank: 12 | Suit H | Attack 8 | Health 19
2025-01-04 13:47:21,152 - Tavern: [3H, 2S, JD, 6H, 5H, 5S, 5D, TS, JH, 4D, AC, AS, 3D, 8H, 8S]
2025-01-04 13:47:21,152 - Castle: [KD, KS, KH, KC, QD, QS, QC]
2025-01-04 13:47:21,152 - Discard: [TC, 3C, 3S, AH, 9D, JS, 4H, 2C, 9S, TH, 6D, 8D, 6S, 9H, JC, 8C]
2025-01-04 13:47:21,152 - Active Player: 2
2025-01-04 13:47:21,152 - STATE LOG: END
2025-01-04 13:47:22,961 - STATE LOG: BEGIN
2025-01-04 13:47:22,961 - Noah's Hand: [4S, 6C, 7D, 7H, 8H, AS, 4D]
2025-01-04 13:47:22,962 - Eve's Hand: [4C, 7C, 9C, TD]
2025-01-04 13:47:22,962 - Boss: Rank: 12 | Suit H | Attack 8 | Health 7
2025-01-04 13:47:22,962 - Tavern: [3H, 2S, JD, 6H, 5H, 5S, 5D, TS, JH]
2025-01-04 13:47:22,962 - Castle: [KD, KS, KH, KC, QD, QS, QC]
2025-01-04 13:47:22,962 - Discard: [TC, 3C, 3S, AH, 9D, JS, 4H, 2C, 9S, TH, 6D, 8D, 6S, 9H, JC, 8C, AC, 3D, 8S]
2025-01-04 13:47:22,962 - Active Player: 1
2025-01-04 13:47:22,962 - STATE LOG: END
2025-01-04 13:47:24,583 - STATE LOG: BEGIN
2025-01-04 13:47:24,583 - Noah's Hand: [AS, 4D, 4S, 6C, 7H, 8H, JH]
2025-01-04 13:47:24,583 - Eve's Hand: [4C, 7C, 9C, TD, TS, 5D, 5S]
2025-01-04 13:47:24,583 - Boss: Rank: 12 | Suit C | Attack 15 | Health 30
2025-01-04 13:47:24,583 - Tavern: [3H, 2S, JD, 6H, 5H]
2025-01-04 13:47:24,583 - Castle: [KD, KS, KH, KC, QD, QS]
2025-01-04 13:47:24,583 - Discard: [TC, 3C, 3S, AH, 9D, JS, 4H, 2C, 9S, TH, 6D, 8D, 6S, 9H, JC, 8C, AC, 3D, 8S, 7S, 2H, 7D, 2D, AD, 5C]
2025-01-04 13:47:24,583 - Active Player: 1
2025-01-04 13:47:24,583 - STATE LOG: END
2025-01-04 13:47:26,338 - STATE LOG: BEGIN
2025-01-04 13:47:26,338 - Noah's Hand: [4D, 4S, 6C, 8H]
2025-01-04 13:47:26,338 - Eve's Hand: [4C, 7C, 9C, TD, TS, 5D, 5S]
2025-01-04 13:47:26,338 - Boss: Rank: 12 | Suit C | Attack 7 | Health 22
2025-01-04 13:47:26,338 - Tavern: [6S, TC, 2C, 8C, 6D, 8S, JS, 8D, 3H, 2S, JD, 6H, 5H]
2025-01-04 13:47:26,338 - Castle: [KD, KS, KH, KC, QD, QS]
2025-01-04 13:47:26,338 - Discard: [7D, AC, 2D, 2H, 5C, 9H, TH, AD, 3S, 4H, JC, 3C, 3D, 9D, 9S, AH, 7S, JH]
2025-01-04 13:47:26,338 - Active Player: 2
2025-01-04 13:47:26,338 - STATE LOG: END
2025-01-04 13:47:28,038 - STATE LOG: BEGIN
2025-01-04 13:47:28,038 - Noah's Hand: [4D, 4S, 6C, 8H]
2025-01-04 13:47:28,038 - Eve's Hand: [4C, 5D, 5S, 7C, 9C, TD]
2025-01-04 13:47:28,038 - Boss: Rank: 12 | Suit C | Attack 7 | Health 22
2025-01-04 13:47:28,038 - Tavern: [6S, TC, 2C, 8C, 6D, 8S, JS, 8D, 3H, 2S, JD, 6H, 5H]
2025-01-04 13:47:28,038 - Castle: [KD, KS, KH, KC, QD, QS]
2025-01-04 13:47:28,038 - Discard: [7D, AC, 2D, 2H, 5C, 9H, TH, AD, 3S, 4H, JC, 3C, 3D, 9D, 9S, AH, 7S, JH, TS]
2025-01-04 13:47:28,038 - Active Player: 1
2025-01-04 13:47:28,038 - STATE LOG: END
2025-01-04 13:47:29,476 - STATE LOG: BEGIN
2025-01-04 13:47:29,476 - Noah's Hand: [6C, 8H, QH, 6H, JD, 2S, 3H]
2025-01-04 13:47:29,476 - Eve's Hand: [4C, 5D, 5S, 7C, 9C, TD, 5H]
2025-01-04 13:47:29,476 - Boss: Rank: 12 | Suit C | Attack 0 | Health 14
2025-01-04 13:47:29,476 - Tavern: [6S, TC, 2C, 8C, 6D, 8S, JS, 8D]
2025-01-04 13:47:29,476 - Castle: [KD, KS, KH, KC, QD, QS]
2025-01-04 13:47:29,476 - Discard: [7D, AC, 2D, 2H, 5C, 9H, TH, AD, 3S, 4H, JC, 3C, 3D, 9D, 9S, AH, 7S, JH, TS]
2025-01-04 13:47:29,476 - Active Player: 2
2025-01-04 13:47:29,476 - STATE LOG: END
2025-01-04 13:47:31,189 - STATE LOG: BEGIN
2025-01-04 13:47:31,189 - Noah's Hand: [6C, 8H, QH, 6H, JD, 2S, 3H]
2025-01-04 13:47:31,189 - Eve's Hand: [4C, 5D, 5H, 5S, 9C, TD]
2025-01-04 13:47:31,189 - Boss: Rank: 12 | Suit C | Attack 0 | Health 7
2025-01-04 13:47:31,189 - Tavern: [6S, TC, 2C, 8C, 6D, 8S, JS, 8D]
2025-01-04 13:47:31,189 - Castle: [KD, KS, KH, KC, QD, QS]
2025-01-04 13:47:31,189 - Discard: [7D, AC, 2D, 2H, 5C, 9H, TH, AD, 3S, 4H, JC, 3C, 3D, 9D, 9S, AH, 7S, JH, TS]
2025-01-04 13:47:31,189 - Active Player: 1
2025-01-04 13:47:31,189 - STATE LOG: END
2025-01-04 13:47:32,862 - STATE LOG: BEGIN
2025-01-04 13:47:32,862 - Noah's Hand: [2S, 6C, 6H, 8H, JD, QH]
2025-01-04 13:47:32,862 - Eve's Hand: [4C, 5D, 5H, 5S, 9C, TD]
2025-01-04 13:47:32,862 - Boss: Rank: 12 | Suit C | Attack 0 | Health 4
2025-01-04 13:47:32,862 - Tavern: [AC, 9D, AD, 6S, TC, 2C, 8C, 6D, 8S, JS, 8D]
2025-01-04 13:47:32,862 - Castle: [KD, KS, KH, KC, QD, QS]
2025-01-04 13:47:32,862 - Discard: [TH, 9H, TS, 4H, 2H, 3D, 9S, 3C, 2D, 3S, AH, JC, JH, 5C, 7S, 7D]
2025-01-04 13:47:32,862 - Active Player: 2
2025-01-04 13:47:32,862 - STATE LOG: END
2025-01-04 13:47:34,558 - STATE LOG: BEGIN
2025-01-04 13:47:34,558 - Noah's Hand: [2S, 6C, 6H, 8H, JD, QH]
2025-01-04 13:47:34,558 - Eve's Hand: [5D, 5H, 5S, 9C, TD]
2025-01-04 13:47:34,558 - Boss: Rank: 12 | Suit S | Attack 15 | Health 30
2025-01-04 13:47:34,559 - Tavern: [AC, 9D, AD, 6S, TC, 2C, 8C, 6D, 8S, JS, 8D]
2025-01-04 13:47:34,559 - Castle: [KD, KS, KH, KC, QD]
2025-01-04 13:47:34,559 - Discard: [TH, 9H, TS, 4H, 2H, 3D, 9S, 3C, 2D, 3S, AH, JC, JH, 5C, 7S, 7D, AS, 7H, 4D, 4S, 3H, 7C, 4C]
2025-01-04 13:47:34,559 - Active Player: 2
2025-01-04 13:47:34,559 - STATE LOG: END
2025-01-04 13:47:36,144 - STATE LOG: BEGIN
2025-01-04 13:47:36,145 - Noah's Hand: [2S, 6C, 6H, 8H, JD, QH, 8D]
2025-01-04 13:47:36,145 - Eve's Hand: [5D, 5H, 5S, 9C, QC]
2025-01-04 13:47:36,145 - Boss: Rank: 12 | Suit S | Attack 15 | Health 20
2025-01-04 13:47:36,145 - Tavern: [AC, 9D, AD, 6S, TC, 2C, 8C, 6D]
2025-01-04 13:47:36,145 - Castle: [KD, KS, KH, KC, QD]
2025-01-04 13:47:36,145 - Discard: [TH, 9H, TS, 4H, 2H, 3D, 9S, 3C, 2D, 3S, AH, JC, JH, 5C, 7S, 7D, AS, 7H, 4D, 4S, 3H, 7C, 4C, 8S, JS]
2025-01-04 13:47:36,145 - Active Player: 1
2025-01-04 13:47:36,146 - STATE LOG: END
2025-01-04 13:47:37,726 - STATE LOG: BEGIN
2025-01-04 13:47:37,726 - Noah's Hand: [2S, 6C, 6H, 8H, JD]
2025-01-04 13:47:37,726 - Eve's Hand: [5D, 5H, 5S, 9C, QC, 8C, 2C]
2025-01-04 13:47:37,726 - Boss: Rank: 12 | Suit S | Attack 15 | Health 12
2025-01-04 13:47:37,726 - Tavern: [AC, 9D, AD, 6S, TC]
2025-01-04 13:47:37,726 - Castle: [KD, KS, KH, KC, QD]
2025-01-04 13:47:37,726 - Discard: [TH, 9H, TS, 4H, 2H, 3D, 9S, 3C, 2D, 3S, AH, JC, JH, 5C, 7S, 7D, AS, 7H, 4D, 4S, 3H, 7C, 4C, 8S, JS, 6D, QH]
2025-01-04 13:47:37,726 - Active Player: 2
2025-01-04 13:47:37,726 - STATE LOG: END
2025-01-04 13:47:39,272 - STATE LOG: BEGIN
2025-01-04 13:47:39,272 - Noah's Hand: [2S, 6C, 6H, 8H, JD, 6S, AD]
2025-01-04 13:47:39,272 - Eve's Hand: [2C, 5H, 5S, 8C, 9C]
2025-01-04 13:47:39,272 - Boss: Rank: 12 | Suit S | Attack 15 | Health 7
2025-01-04 13:47:39,272 - Tavern: [AC, 9D]
2025-01-04 13:47:39,272 - Castle: [KD, KS, KH, KC, QD]
2025-01-04 13:47:39,272 - Discard: [TH, 9H, TS, 4H, 2H, 3D, 9S, 3C, 2D, 3S, AH, JC, JH, 5C, 7S, 7D, AS, 7H, 4D, 4S, 3H, 7C, 4C, 8S, JS, 6D, QH, TC, QC]
2025-01-04 13:47:39,272 - Active Player: 1
2025-01-04 13:47:39,272 - STATE LOG: END
2025-01-04 13:47:40,723 - STATE LOG: BEGIN
2025-01-04 13:47:40,723 - Noah's Hand: [2S, 6C, 6H, JD, 6S, 9D, 2D]
2025-01-04 13:47:40,724 - Eve's Hand: [2C, 5H, 5S, 8C, 9C, AC, 6D]
2025-01-04 13:47:40,724 - Boss: Rank: 12 | Suit D | Attack 15 | Health 30
2025-01-04 13:47:40,724 - Tavern: [TC, 9H, AS, JH, 7H, JS, 4H]
2025-01-04 13:47:40,724 - Castle: [KD, KS, KH, KC]
2025-01-04 13:47:40,724 - Discard: [4C, 8S, 5C, 3S, 3C, 4S, 7D, 9S, AH, 3H, QH, 3D, 7C, 4D, 7S, TH, TS, JC, 2H, QC, 8D, AD, 8H, TD, 5D, QS]
2025-01-04 13:47:40,724 - Active Player: 1
2025-01-04 13:47:40,724 - STATE LOG: END
2025-01-04 13:47:42,283 - STATE LOG: BEGIN
2025-01-04 13:47:42,283 - Noah's Hand: [2D, 2S, 6C, 6H, JD]
2025-01-04 13:47:42,283 - Eve's Hand: [2C, 5H, 5S, 8C, 9C, AC, 6D]
2025-01-04 13:47:42,283 - Boss: Rank: 12 | Suit D | Attack 9 | Health 24
2025-01-04 13:47:42,283 - Tavern: [TC, 9H, AS, JH, 7H, JS, 4H]
2025-01-04 13:47:42,283 - Castle: [KD, KS, KH, KC]
2025-01-04 13:47:42,283 - Discard: [4C, 8S, 5C, 3S, 3C, 4S, 7D, 9S, AH, 3H, QH, 3D, 7C, 4D, 7S, TH, TS, JC, 2H, QC, 8D, AD, 8H, TD, 5D, QS, 9D]
2025-01-04 13:47:42,283 - Active Player: 2
2025-01-04 13:47:42,283 - STATE LOG: END
2025-01-04 13:47:43,821 - STATE LOG: BEGIN
2025-01-04 13:47:43,821 - Noah's Hand: [2D, 2S, 6C, 6H, JD]
2025-01-04 13:47:43,821 - Eve's Hand: [AC, 2C, 5H, 6D, 8C]
2025-01-04 13:47:43,821 - Boss: Rank: 12 | Suit D | Attack 4 | Health 19
2025-01-04 13:47:43,821 - Tavern: [TC, 9H, AS, JH, 7H, JS, 4H]
2025-01-04 13:47:43,821 - Castle: [KD, KS, KH, KC]
2025-01-04 13:47:43,821 - Discard: [4C, 8S, 5C, 3S, 3C, 4S, 7D, 9S, AH, 3H, QH, 3D, 7C, 4D, 7S, TH, TS, JC, 2H, QC, 8D, AD, 8H, TD, 5D, QS, 9D, 9C]
2025-01-04 13:47:43,821 - Active Player: 1
2025-01-04 13:47:43,821 - STATE LOG: END
2025-01-04 13:47:45,190 - STATE LOG: BEGIN
2025-01-04 13:47:45,191 - Noah's Hand: [2D, 2S, 6C, 6H]
2025-01-04 13:47:45,191 - Eve's Hand: [AC, 2C, 5H, 6D, 8C]
2025-01-04 13:47:45,192 - Boss: Rank: 12 | Suit D | Attack 4 | Health 19
2025-01-04 13:47:45,192 - Tavern: [TC, 9H, AS, JH, 7H, JS, 4H]
2025-01-04 13:47:45,192 - Castle: [KD, KS, KH, KC]
2025-01-04 13:47:45,192 - Discard: [4C, 8S, 5C, 3S, 3C, 4S, 7D, 9S, AH, 3H, QH, 3D, 7C, 4D, 7S, TH, TS, JC, 2H, QC, 8D, AD, 8H, TD, 5D, QS, 9D, 9C, JD]
2025-01-04 13:47:45,192 - Active Player: 2
2025-01-04 13:47:45,192 - STATE LOG: END
2025-01-04 13:47:45,881 - STATE LOG: BEGIN
2025-01-04 13:47:45,881 - Noah's Hand: [2D, 2S, 6C, 6H]
2025-01-04 13:47:45,881 - Eve's Hand: [2C, 5H, 6D]
2025-01-04 13:47:45,881 - Boss: Rank: 12 | Suit D | Attack 4 | Health 17
2025-01-04 13:47:45,881 - Tavern: [TC, 9H, AS, JH, 7H, JS, 4H]
2025-01-04 13:47:45,881 - Castle: [KD, KS, KH, KC]
2025-01-04 13:47:45,881 - Discard: [4C, 8S, 5C, 3S, 3C, 4S, 7D, 9S, AH, 3H, QH, 3D, 7C, 4D, 7S, TH, TS, JC, 2H, QC, 8D, AD, 8H, TD, 5D, QS, 9D, 9C, JD, 8C]
2025-01-04 13:47:45,881 - Active Player: 1
2025-01-04 13:47:45,881 - STATE LOG: END
2025-01-04 13:47:45,904 - STATE LOG: BEGIN
2025-01-04 13:47:45,904 - Noah's Hand: [2D, 2S, 6C]
2025-01-04 13:47:45,904 - Eve's Hand: [2C, 5H, 6D]
2025-01-04 13:47:45,904 - Boss: Rank: 12 | Suit D | Attack 4 | Health 17
2025-01-04 13:47:45,904 - Tavern: [TC, 9H, AS, JH, 7H, JS, 4H]
2025-01-04 13:47:45,904 - Castle: [KD, KS, KH, KC]
2025-01-04 13:47:45,904 - Discard: [4C, 8S, 5C, 3S, 3C, 4S, 7D, 9S, AH, 3H, QH, 3D, 7C, 4D, 7S, TH, TS, JC, 2H, QC, 8D, AD, 8H, TD, 5D, QS, 9D, 9C, JD, 8C, 6H]
2025-01-04 13:47:45,904 - Active Player: 2
2025-01-04 13:47:45,904 - STATE LOG: END
2025-01-04 13:47:45,956 - STATE LOG: BEGIN
2025-01-04 13:47:45,956 - Noah's Hand: [2D, 2S, 6C]
2025-01-04 13:47:45,956 - Eve's Hand: [2C]
2025-01-04 13:47:45,956 - Boss: Rank: 12 | Suit D | Attack 4 | Health 12
2025-01-04 13:47:45,956 - Tavern: [3C, 4D, 7C, TS, QC, TC, 9H, AS, JH, 7H, JS, 4H]
2025-01-04 13:47:45,956 - Castle: [KD, KS, KH, KC]
2025-01-04 13:47:45,956 - Discard: [8S, 8D, 6H, 9S, AH, 3H, 7D, JC, 4S, 3S, TH, QS, QH, 4C, 5D, TD, 9C, 7S, 9D, JD, 8C, 2H, 8H, 3D, 5C, AD, 6D]
2025-01-04 13:47:45,956 - Active Player: 1
2025-01-04 13:47:45,956 - STATE LOG: END
2025-01-04 13:47:45,965 - STATE LOG: BEGIN
2025-01-04 13:47:45,965 - Noah's Hand: [2D, 2S]
2025-01-04 13:47:45,965 - Eve's Hand: [2C]
2025-01-04 13:47:45,965 - Boss: Rank: 13 | Suit C | Attack 20 | Health 40
2025-01-04 13:47:45,965 - Tavern: [3C, 4D, 7C, TS, QC, TC, 9H, AS, JH, 7H, JS, 4H]
2025-01-04 13:47:45,965 - Castle: [KD, KS, KH]
2025-01-04 13:47:45,965 - Discard: [8S, 8D, 6H, 9S, AH, 3H, 7D, JC, 4S, 3S, TH, QS, QH, 4C, 5D, TD, 9C, 7S, 9D, JD, 8C, 2H, 8H, 3D, 5C, AD, 6D, 6S, 6C, 5S, AC, 5H]
2025-01-04 13:47:45,965 - Active Player: 1
2025-01-04 13:47:45,965 - STATE LOG: END
2025-01-04 13:47:45,971 - STATE LOG: BEGIN
2025-01-04 13:47:45,971 - Noah's Hand: []
2025-01-04 13:47:45,971 - Eve's Hand: [2C, 4H, 7H]
2025-01-04 13:47:45,971 - Boss: Rank: 13 | Suit C | Attack 16 | Health 36
2025-01-04 13:47:45,971 - Tavern: [3C, 4D, 7C, TS, QC, TC, 9H, AS, JH]
2025-01-04 13:47:45,971 - Castle: [KD, KS, KH]
2025-01-04 13:47:45,971 - Discard: [8S, 8D, 6H, 9S, AH, 3H, 7D, JC, 4S, 3S, TH, QS, QH, 4C, 5D, TD, 9C, 7S, 9D, JD, 8C, 2H, 8H, 3D, 5C, AD, 6D, 6S, 6C, 5S, AC, 5H]
2025-01-04 13:47:45,971 - Active Player: 2
2025-01-04 13:47:45,971 - STATE LOG: END
