2025-01-04 23:02:03,177 - I log states! :D
2025-01-04 23:02:03,178 - STATE LOG: BEGIN
2025-01-04 23:02:03,178 - Noah's Hand: [3H, 7D, 2S, AH, 3C, 7C, 5D]
2025-01-04 23:02:03,178 - Eve's Hand: [2D, 8S, 2H, 6S, 9H, 9C, 8D]
2025-01-04 23:02:03,178 - Boss: Rank: 11 | Suit H | Attack 10 | Health 20
2025-01-04 23:02:03,178 - Tavern: [3D, 6D, 8C, 6H, TH, 9S, 4S, 5S, TD, 4H, 3S, TC, 6C, 8H, AD, 5C, 4C, 2C, TS, 5H, 4D, AS, 9D, AC, 7H, 7S]
2025-01-04 23:02:03,178 - Castle: [KS, KH, KC, KD, QC, QD, QH, QS, JD, JS, JC]
2025-01-04 23:02:03,178 - Discard: []
2025-01-04 23:02:03,178 - Active Player: 1
2025-01-04 23:02:03,178 - STATE LOG: END
2025-01-04 23:02:11,190 - STATE LOG: BEGIN
2025-01-04 23:02:11,191 - Noah's Hand: [3C, 5D, 7D]
2025-01-04 23:02:11,191 - Eve's Hand: [2D, 8S, 2H, 6S, 9H, 9C, 8D]
2025-01-04 23:02:11,191 - Boss: Rank: 11 | Suit H | Attack 7 | Health 17
2025-01-04 23:02:11,191 - Tavern: [3D, 6D, 8C, 6H, TH, 9S, 4S, 5S, TD, 4H, 3S, TC, 6C, 8H, AD, 5C, 4C, 2C, TS, 5H, 4D, AS, 9D, AC, 7H, 7S]
2025-01-04 23:02:11,191 - Castle: [KS, KH, KC, KD, QC, QD, QH, QS, JD, JS, JC]
2025-01-04 23:02:11,191 - Discard: [3H, 7C]
2025-01-04 23:02:11,191 - Active Player: 2
2025-01-04 23:02:11,191 - STATE LOG: END
2025-01-04 23:02:20,527 - STATE LOG: BEGIN
2025-01-04 23:02:20,527 - Noah's Hand: [3C, 5D, 7D, 7H, 9D]
2025-01-04 23:02:20,527 - Eve's Hand: [8D, 8S, 9C, 9H, 7S]
2025-01-04 23:02:20,527 - Boss: Rank: 11 | Suit H | Attack 7 | Health 13
2025-01-04 23:02:20,527 - Tavern: [3D, 6D, 8C, 6H, TH, 9S, 4S, 5S, TD, 4H, 3S, TC, 6C, 8H, AD, 5C, 4C, 2C, TS, 5H, 4D, AS]
2025-01-04 23:02:20,527 - Castle: [KS, KH, KC, KD, QC, QD, QH, QS, JD, JS, JC]
2025-01-04 23:02:20,527 - Discard: [3H, 7C, 6S, AC]
2025-01-04 23:02:20,527 - Active Player: 1
2025-01-04 23:02:20,527 - STATE LOG: END
2025-01-04 23:02:30,528 - STATE LOG: BEGIN
2025-01-04 23:02:30,529 - Noah's Hand: [5D, 7H, 9D, AS, 2C]
2025-01-04 23:02:30,529 - Eve's Hand: [8D, 8S, 9C, 9H, 7S, 4D, TS]
2025-01-04 23:02:30,529 - Boss: Rank: 11 | Suit H | Attack 7 | Health 6
2025-01-04 23:02:30,529 - Tavern: [3D, 6D, 8C, 6H, TH, 9S, 4S, 5S, TD, 4H, 3S, TC, 6C, 8H, AD, 5C, 4C]
2025-01-04 23:02:30,529 - Castle: [KS, KH, KC, KD, QC, QD, QH, QS, JD, JS, JC]
2025-01-04 23:02:30,529 - Discard: [3H, 7C, 6S, AC, 3C, 5H]
2025-01-04 23:02:30,529 - Active Player: 2
2025-01-04 23:02:30,529 - STATE LOG: END
2025-01-04 23:02:40,530 - STATE LOG: BEGIN
2025-01-04 23:02:40,530 - Noah's Hand: [5D, 7H, 9D, AS, 2C]
2025-01-04 23:02:40,530 - Eve's Hand: [4D, 8D, 8S, 9C, 9H, TS]
2025-01-04 23:02:40,530 - Boss: Rank: 11 | Suit H | Attack 7 | Health 6
2025-01-04 23:02:40,530 - Tavern: [3D, 6D, 8C, 6H, TH, 9S, 4S, 5S, TD, 4H, 3S, TC, 6C, 8H, AD, 5C, 4C]
2025-01-04 23:02:40,530 - Castle: [KS, KH, KC, KD, QC, QD, QH, QS, JD, JS, JC]
2025-01-04 23:02:40,530 - Discard: [3H, 7C, 6S, AC, 3C, 5H, 7S]
2025-01-04 23:02:40,530 - Active Player: 1
2025-01-04 23:02:40,530 - STATE LOG: END
2025-01-04 23:02:48,488 - STATE LOG: BEGIN
2025-01-04 23:02:48,488 - Noah's Hand: [5D, 9D]
2025-01-04 23:02:48,488 - Eve's Hand: [4D, 8D, 8S, 9C, 9H, TS]
2025-01-04 23:02:48,488 - Boss: Rank: 11 | Suit H | Attack 7 | Health 2
2025-01-04 23:02:48,488 - Tavern: [3D, 6D, 8C, 6H, TH, 9S, 4S, 5S, TD, 4H, 3S, TC, 6C, 8H, AD, 5C, 4C]
2025-01-04 23:02:48,488 - Castle: [KS, KH, KC, KD, QC, QD, QH, QS, JD, JS, JC]
2025-01-04 23:02:48,488 - Discard: [3H, 7C, 6S, AC, 3C, 5H, 7S, AS, 7H]
2025-01-04 23:02:48,488 - Active Player: 2
2025-01-04 23:02:48,488 - STATE LOG: END
2025-01-04 23:02:58,489 - STATE LOG: BEGIN
2025-01-04 23:02:58,490 - Noah's Hand: [5D, 9D, 5C, 8H, 6C, TC, 3S]
2025-01-04 23:02:58,490 - Eve's Hand: [4D, 8S, 9C, 9H, TS, 4C, AD]
2025-01-04 23:02:58,490 - Boss: Rank: 11 | Suit C | Attack 10 | Health 20
2025-01-04 23:02:58,490 - Tavern: [3D, 6D, 8C, 6H, TH, 9S, 4S, 5S, TD, 4H]
2025-01-04 23:02:58,490 - Castle: [KS, KH, KC, KD, QC, QD, QH, QS, JD, JS]
2025-01-04 23:02:58,490 - Discard: [3H, 7C, 6S, AC, 3C, 5H, 7S, AS, 7H, AH, 2S, 7D, 2C, 2D, 2H, 8D, JH]
2025-01-04 23:02:58,490 - Active Player: 2
2025-01-04 23:02:58,490 - STATE LOG: END
2025-01-04 23:03:08,491 - STATE LOG: BEGIN
2025-01-04 23:03:08,492 - Noah's Hand: [5D, 9D, 5C, 8H, 6C, TC, 3S]
2025-01-04 23:03:08,492 - Eve's Hand: [AD, 4C, 4D, 8S, 9C, 9H]
2025-01-04 23:03:08,492 - Boss: Rank: 11 | Suit C | Attack 0 | Health 10
2025-01-04 23:03:08,492 - Tavern: [3D, 6D, 8C, 6H, TH, 9S, 4S, 5S, TD, 4H]
2025-01-04 23:03:08,492 - Castle: [KS, KH, KC, KD, QC, QD, QH, QS, JD, JS]
2025-01-04 23:03:08,492 - Discard: [3H, 7C, 6S, AC, 3C, 5H, 7S, AS, 7H, AH, 2S, 7D, 2C, 2D, 2H, 8D, JH]
2025-01-04 23:03:08,492 - Active Player: 1
2025-01-04 23:03:08,492 - STATE LOG: END
2025-01-04 23:03:18,493 - STATE LOG: BEGIN
2025-01-04 23:03:18,494 - Noah's Hand: [3S, 5C, 5D, 6C, 8H, 9D, TC]
2025-01-04 23:03:18,494 - Eve's Hand: [AD, 4C, 4D, 8S, 9C, 9H]
2025-01-04 23:03:18,494 - Boss: Rank: 11 | Suit C | Attack 0 | Health 10
2025-01-04 23:03:18,494 - Tavern: [3D, 6D, 8C, 6H, TH, 9S, 4S, 5S, TD, 4H]
2025-01-04 23:03:18,494 - Castle: [KS, KH, KC, KD, QC, QD, QH, QS, JD, JS]
2025-01-04 23:03:18,494 - Discard: [3H, 7C, 6S, AC, 3C, 5H, 7S, AS, 7H, AH, 2S, 7D, 2C, 2D, 2H, 8D, JH]
2025-01-04 23:03:18,494 - Active Player: 2
2025-01-04 23:03:18,494 - STATE LOG: END
2025-01-04 23:03:28,660 - STATE LOG: BEGIN
2025-01-04 23:03:28,661 - Noah's Hand: [3S, 5C, 5D, 6C, 8H, 9D, TC]
2025-01-04 23:03:28,661 - Eve's Hand: [AD, 4D, 8S, 9C, 9H]
2025-01-04 23:03:28,661 - Boss: Rank: 11 | Suit C | Attack 0 | Health 6
2025-01-04 23:03:28,661 - Tavern: [3D, 6D, 8C, 6H, TH, 9S, 4S, 5S, TD, 4H]
2025-01-04 23:03:28,661 - Castle: [KS, KH, KC, KD, QC, QD, QH, QS, JD, JS]
2025-01-04 23:03:28,661 - Discard: [3H, 7C, 6S, AC, 3C, 5H, 7S, AS, 7H, AH, 2S, 7D, 2C, 2D, 2H, 8D, JH]
2025-01-04 23:03:28,661 - Active Player: 1
2025-01-04 23:03:28,661 - STATE LOG: END
2025-01-04 23:03:38,662 - STATE LOG: BEGIN
2025-01-04 23:03:38,662 - Noah's Hand: [3S, 5C, 5D, 6C, 8H, 9D, TC]
2025-01-04 23:03:38,662 - Eve's Hand: [AD, 4D, 8S, 9C, 9H]
2025-01-04 23:03:38,662 - Boss: Rank: 11 | Suit C | Attack 0 | Health 6
2025-01-04 23:03:38,662 - Tavern: [3D, 6D, 8C, 6H, TH, 9S, 4S, 5S, TD, 4H]
2025-01-04 23:03:38,662 - Castle: [KS, KH, KC, KD, QC, QD, QH, QS, JD, JS]
2025-01-04 23:03:38,662 - Discard: [3H, 7C, 6S, AC, 3C, 5H, 7S, AS, 7H, AH, 2S, 7D, 2C, 2D, 2H, 8D, JH]
2025-01-04 23:03:38,662 - Active Player: 2
2025-01-04 23:03:38,662 - STATE LOG: END
2025-01-04 23:03:48,663 - STATE LOG: BEGIN
2025-01-04 23:03:48,664 - Noah's Hand: [3S, 5C, 5D, 6C, 8H, 9D, TC]
2025-01-04 23:03:48,664 - Eve's Hand: [AD, 8S, 9C, 9H, 4H, TD, 5S]
2025-01-04 23:03:48,664 - Boss: Rank: 11 | Suit C | Attack 0 | Health 2
2025-01-04 23:03:48,664 - Tavern: [3D, 6D, 8C, 6H, TH, 9S, 4S]
2025-01-04 23:03:48,664 - Castle: [KS, KH, KC, KD, QC, QD, QH, QS, JD, JS]
2025-01-04 23:03:48,664 - Discard: [3H, 7C, 6S, AC, 3C, 5H, 7S, AS, 7H, AH, 2S, 7D, 2C, 2D, 2H, 8D, JH]
2025-01-04 23:03:48,664 - Active Player: 1
2025-01-04 23:03:48,664 - STATE LOG: END
2025-01-04 23:03:58,666 - STATE LOG: BEGIN
2025-01-04 23:03:58,667 - Noah's Hand: [3S, 5C, 5D, 6C, 8H, 9D, TC]
2025-01-04 23:03:58,667 - Eve's Hand: [AD, 8S, 9C, 9H, 4H, TD, 5S]
2025-01-04 23:03:58,667 - Boss: Rank: 11 | Suit C | Attack 0 | Health 2
2025-01-04 23:03:58,667 - Tavern: [3D, 6D, 8C, 6H, TH, 9S, 4S]
2025-01-04 23:03:58,667 - Castle: [KS, KH, KC, KD, QC, QD, QH, QS, JD, JS]
2025-01-04 23:03:58,667 - Discard: [3H, 7C, 6S, AC, 3C, 5H, 7S, AS, 7H, AH, 2S, 7D, 2C, 2D, 2H, 8D, JH]
2025-01-04 23:03:58,667 - Active Player: 2
2025-01-04 23:03:58,667 - STATE LOG: END
2025-01-04 23:04:08,669 - STATE LOG: BEGIN
2025-01-04 23:04:08,670 - Noah's Hand: [3S, 5C, 5D, 6C, 8H, 9D, TC]
2025-01-04 23:04:08,670 - Eve's Hand: [4H, 5S, 8S, 9C, 9H, TD, 4S]
2025-01-04 23:04:08,670 - Boss: Rank: 11 | Suit C | Attack 0 | Health 1
2025-01-04 23:04:08,670 - Tavern: [3D, 6D, 8C, 6H, TH, 9S]
2025-01-04 23:04:08,670 - Castle: [KS, KH, KC, KD, QC, QD, QH, QS, JD, JS]
2025-01-04 23:04:08,670 - Discard: [3H, 7C, 6S, AC, 3C, 5H, 7S, AS, 7H, AH, 2S, 7D, 2C, 2D, 2H, 8D, JH]
2025-01-04 23:04:08,670 - Active Player: 1
2025-01-04 23:04:08,670 - STATE LOG: END
2025-01-04 23:04:18,671 - STATE LOG: BEGIN
2025-01-04 23:04:18,672 - Noah's Hand: [3S, 5C, 5D, 6C, 8H, 9D, TC]
2025-01-04 23:04:18,672 - Eve's Hand: [4H, 5S, 8S, 9C, 9H, TD, 4S]
2025-01-04 23:04:18,672 - Boss: Rank: 11 | Suit C | Attack 0 | Health 1
2025-01-04 23:04:18,672 - Tavern: [3D, 6D, 8C, 6H, TH, 9S]
2025-01-04 23:04:18,672 - Castle: [KS, KH, KC, KD, QC, QD, QH, QS, JD, JS]
2025-01-04 23:04:18,672 - Discard: [3H, 7C, 6S, AC, 3C, 5H, 7S, AS, 7H, AH, 2S, 7D, 2C, 2D, 2H, 8D, JH]
2025-01-04 23:04:18,672 - Active Player: 2
2025-01-04 23:04:18,672 - STATE LOG: END
2025-01-04 23:04:28,674 - STATE LOG: BEGIN
2025-01-04 23:04:28,674 - Noah's Hand: [3S, 5C, 5D, 6C, 8H, 9D, TC]
2025-01-04 23:04:28,674 - Eve's Hand: [4H, 4S, 5S, 8S, 9C, TD]
2025-01-04 23:04:28,674 - Boss: Rank: 11 | Suit S | Attack 10 | Health 20
2025-01-04 23:04:28,674 - Tavern: [8D, 2S, 7H, 2D, JH, 6S, 3C, 3H, 7C, 3D, 6D, 8C, 6H, TH, 9S]
2025-01-04 23:04:28,674 - Castle: [KS, KH, KC, KD, QC, QD, QH, QS, JD]
2025-01-04 23:04:28,674 - Discard: [7D, 2H, AS, AC, 5H, AH, 7S, 2C, TS, 4C, 4D, AD, 9H, JC]
2025-01-04 23:04:28,674 - Active Player: 2
2025-01-04 23:04:28,674 - STATE LOG: END
2025-01-04 23:04:33,423 - STATE LOG: BEGIN
2025-01-04 23:04:33,423 - Noah's Hand: [3S, 5C, 5D, 6C, 8H, 9D, TC]
2025-01-04 23:04:33,423 - Eve's Hand: [5S, 9C, TD]
2025-01-04 23:04:33,423 - Boss: Rank: 11 | Suit S | Attack 10 | Health 16
2025-01-04 23:04:33,423 - Tavern: [AC, 2C, AD, AS, 8D, 2S, 7H, 2D, JH, 6S, 3C, 3H, 7C, 3D, 6D, 8C, 6H, TH, 9S]
2025-01-04 23:04:33,423 - Castle: [KS, KH, KC, KD, QC, QD, QH, QS, JD]
2025-01-04 23:04:33,423 - Discard: [TS, 5H, 7D, 4D, 2H, 7S, JC, 4C, 9H, AH, 4S, 8S]
2025-01-04 23:04:33,423 - Active Player: 1
2025-01-04 23:04:33,423 - STATE LOG: END
2025-01-04 23:04:35,913 - STATE LOG: BEGIN
2025-01-04 23:04:35,913 - Noah's Hand: [3S, 5C, 6C, 9D, 9S]
2025-01-04 23:04:35,913 - Eve's Hand: [5S, 9C, TD, TH, 6H, 8C, 6D]
2025-01-04 23:04:35,914 - Boss: Rank: 11 | Suit S | Attack 10 | Health 11
2025-01-04 23:04:35,914 - Tavern: [AC, 2C, AD, AS, 8D, 2S, 7H, 2D, JH, 6S, 3C, 3H, 7C, 3D]
2025-01-04 23:04:35,914 - Castle: [KS, KH, KC, KD, QC, QD, QH, QS, JD]
2025-01-04 23:04:35,914 - Discard: [TS, 5H, 7D, 4D, 2H, 7S, JC, 4C, 9H, AH, 4S, 8S, 8H, TC]
2025-01-04 23:04:35,914 - Active Player: 2
2025-01-04 23:04:35,914 - STATE LOG: END
2025-01-04 23:04:41,850 - STATE LOG: BEGIN
2025-01-04 23:04:41,850 - Noah's Hand: [3S, 5C, 6C, 9D, 9S, 7C, 3H]
2025-01-04 23:04:41,850 - Eve's Hand: [5S, 6H, TD, TH, 3D]
2025-01-04 23:04:41,850 - Boss: Rank: 11 | Suit S | Attack 10 | Health 5
2025-01-04 23:04:41,850 - Tavern: [AC, 2C, AD, AS, 8D, 2S, 7H, 2D, JH, 6S, 3C]
2025-01-04 23:04:41,850 - Castle: [KS, KH, KC, KD, QC, QD, QH, QS, JD]
2025-01-04 23:04:41,850 - Discard: [TS, 5H, 7D, 4D, 2H, 7S, JC, 4C, 9H, AH, 4S, 8S, 8H, TC, 9C, 8C]
2025-01-04 23:04:41,850 - Active Player: 1
2025-01-04 23:04:41,850 - STATE LOG: END
2025-01-04 23:04:47,272 - STATE LOG: BEGIN
2025-01-04 23:04:47,273 - Noah's Hand: [3S, 6C, 7C, 9D]
2025-01-04 23:04:47,273 - Eve's Hand: [5S, 6H, TD, TH, 3D]
2025-01-04 23:04:47,273 - Boss: Rank: 11 | Suit S | Attack 10 | Health 2
2025-01-04 23:04:47,273 - Tavern: [7D, 9H, 8H, AC, 2C, AD, AS, 8D, 2S, 7H, 2D, JH, 6S, 3C]
2025-01-04 23:04:47,273 - Castle: [KS, KH, KC, KD, QC, QD, QH, QS, JD]
2025-01-04 23:04:47,273 - Discard: [4D, 4C, 8S, 9C, 5H, TS, TC, 2H, 4S, 8C, AH, JC, 7S, 5C, 9S]
2025-01-04 23:04:47,273 - Active Player: 2
2025-01-04 23:04:47,273 - STATE LOG: END
2025-01-04 23:04:49,056 - STATE LOG: BEGIN
2025-01-04 23:04:49,056 - Noah's Hand: [3S, 6C, 7C, 9D, 6S, 2D, 2S]
2025-01-04 23:04:49,056 - Eve's Hand: [3D, 5S, 6H, TH, 3C, JH, 7H]
2025-01-04 23:04:49,056 - Boss: Rank: 11 | Suit D | Attack 10 | Health 20
2025-01-04 23:04:49,056 - Tavern: [7D, 9H, 8H, AC, 2C, AD, AS, 8D]
2025-01-04 23:04:49,056 - Castle: [KS, KH, KC, KD, QC, QD, QH, QS]
2025-01-04 23:04:49,056 - Discard: [4D, 4C, 8S, 9C, 5H, TS, TC, 2H, 4S, 8C, AH, JC, 7S, 5C, 9S, 5D, 3H, 4H, 6D, TD, JS]
2025-01-04 23:04:49,056 - Active Player: 2
2025-01-04 23:04:49,056 - STATE LOG: END
2025-01-04 23:04:54,465 - STATE LOG: BEGIN
2025-01-04 23:04:54,466 - Noah's Hand: [3S, 6C, 7C, 9D, 6S, 2D, 2S]
2025-01-04 23:04:54,466 - Eve's Hand: [3C, 3D, 6H, 7H, JH]
2025-01-04 23:04:54,466 - Boss: Rank: 11 | Suit D | Attack 5 | Health 15
2025-01-04 23:04:54,466 - Tavern: [7D, 9H, 8H, AC, 2C, AD, AS, 8D]
2025-01-04 23:04:54,466 - Castle: [KS, KH, KC, KD, QC, QD, QH, QS]
2025-01-04 23:04:54,466 - Discard: [4D, 4C, 8S, 9C, 5H, TS, TC, 2H, 4S, 8C, AH, JC, 7S, 5C, 9S, 5D, 3H, 4H, 6D, TD, JS, TH]
2025-01-04 23:04:54,466 - Active Player: 1
2025-01-04 23:04:54,466 - STATE LOG: END
2025-01-04 23:04:57,864 - STATE LOG: BEGIN
2025-01-04 23:04:57,864 - Noah's Hand: [2D, 2S, 3S, 6C, 7C, 9D]
2025-01-04 23:04:57,864 - Eve's Hand: [3C, 3D, 6H, 7H, JH]
2025-01-04 23:04:57,864 - Boss: Rank: 11 | Suit D | Attack 0 | Health 9
2025-01-04 23:04:57,864 - Tavern: [7D, 9H, 8H, AC, 2C, AD, AS, 8D]
2025-01-04 23:04:57,864 - Castle: [KS, KH, KC, KD, QC, QD, QH, QS]
2025-01-04 23:04:57,864 - Discard: [4D, 4C, 8S, 9C, 5H, TS, TC, 2H, 4S, 8C, AH, JC, 7S, 5C, 9S, 5D, 3H, 4H, 6D, TD, JS, TH]
2025-01-04 23:04:57,864 - Active Player: 2
2025-01-04 23:04:57,864 - STATE LOG: END
2025-01-04 23:04:59,967 - STATE LOG: BEGIN
2025-01-04 23:04:59,967 - Noah's Hand: [2D, 2S, 3S, 6C, 7C, 9D]
2025-01-04 23:04:59,967 - Eve's Hand: [3C, 3D, 6H, 7H]
2025-01-04 23:04:59,967 - Boss: Rank: 12 | Suit S | Attack 15 | Health 30
2025-01-04 23:04:59,967 - Tavern: [TH, 7S, 4C, 4S, TS, TD, AH, 5D, 2H, 3H, 8S, 7D, 9H, 8H, AC, 2C, AD, AS, 8D]
2025-01-04 23:04:59,967 - Castle: [KS, KH, KC, KD, QC, QD, QH]
2025-01-04 23:04:59,967 - Discard: [TC, 4H, 5C, 9S, 6D, JS, 5H, 4D, 9C, 8C, JC, 6S, 5S, JH, JD]
2025-01-04 23:04:59,967 - Active Player: 2
2025-01-04 23:04:59,967 - STATE LOG: END
2025-01-04 23:05:00,678 - STATE LOG: BEGIN
2025-01-04 23:05:00,679 - Noah's Hand: [2D, 2S, 3S, 6C, 7C, 9D, AS]
2025-01-04 23:05:00,679 - Eve's Hand: [7H, 8D, AD]
2025-01-04 23:05:00,679 - Boss: Rank: 12 | Suit S | Attack 15 | Health 18
2025-01-04 23:05:00,679 - Tavern: [TH, 7S, 4C, 4S, TS, TD, AH, 5D, 2H, 3H, 8S, 7D, 9H]
2025-01-04 23:05:00,679 - Castle: [KS, KH, KC, KD, QC, QD, QH]
2025-01-04 23:05:00,679 - Discard: [TC, 4H, 5C, 9S, 6D, JS, 5H, 4D, 9C, 8C, JC, 6S, 5S, JH, JD, 2C, AC, 8H, 6H]
2025-01-04 23:05:00,679 - Active Player: 1
2025-01-04 23:05:00,679 - STATE LOG: END
2025-01-04 23:05:02,830 - STATE LOG: BEGIN
2025-01-04 23:05:02,830 - Noah's Hand: [AS, 3S, 6C, 9D]
2025-01-04 23:05:02,830 - Eve's Hand: [7H, 8D, AD, 7D]
2025-01-04 23:05:02,830 - Boss: Rank: 12 | Suit S | Attack 15 | Health 16
2025-01-04 23:05:02,831 - Tavern: [TH, 7S, 4C, 4S, TS, TD, AH, 5D, 2H, 3H, 8S]
2025-01-04 23:05:02,831 - Castle: [KS, KH, KC, KD, QC, QD, QH]
2025-01-04 23:05:02,831 - Discard: [TC, 4H, 5C, 9S, 6D, JS, 5H, 4D, 9C, 8C, JC, 6S, 5S, JH, JD, 2C, AC, 8H, 6H, 7C, 2S, 9H]
2025-01-04 23:05:02,831 - Active Player: 2
2025-01-04 23:05:02,831 - STATE LOG: END
2025-01-04 23:05:05,662 - STATE LOG: BEGIN
2025-01-04 23:05:05,662 - Noah's Hand: [AS, 3S, 6C, 9D, 3H, 5D, TD]
2025-01-04 23:05:05,662 - Eve's Hand: [7D, 8D, 8S]
2025-01-04 23:05:05,662 - Boss: Rank: 12 | Suit S | Attack 15 | Health 8
2025-01-04 23:05:05,662 - Tavern: [AC, JS, 5H, 9C, 4D, 7C, 6D, 2S, TH, 7S, 4C]
2025-01-04 23:05:05,662 - Castle: [KS, KH, KC, KD, QC, QD, QH]
2025-01-04 23:05:05,662 - Discard: [9S, TC, JC, 2C, 5S, 6H, 6S, 8H, 8C, JD, 4H, 5C, JH, 9H, AH, 2H, 4S, TS]
2025-01-04 23:05:05,662 - Active Player: 1
2025-01-04 23:05:05,662 - STATE LOG: END
2025-01-04 23:05:15,758 - STATE LOG: BEGIN
2025-01-04 23:05:15,759 - Noah's Hand: [TD]
2025-01-04 23:05:15,759 - Eve's Hand: [7D, 8D, 8S]
2025-01-04 23:05:15,759 - Boss: Rank: 12 | Suit S | Attack 15 | Health 2
2025-01-04 23:05:15,759 - Tavern: [9S, JH, JD, 4S, 6S, AH, AC, JS, 5H, 9C, 4D, 7C, 6D, 2S, TH, 7S, 4C]
2025-01-04 23:05:15,759 - Castle: [KS, KH, KC, KD, QC, QD, QH]
2025-01-04 23:05:15,759 - Discard: [5S, 5C, 2C, 8C, TS, 6H, 9H, 4H, TC, 2H, JC, 8H, AS, 6C, 5D, 9D]
2025-01-04 23:05:15,759 - Active Player: 2
2025-01-04 23:05:15,759 - STATE LOG: END
2025-01-04 23:05:19,599 - STATE LOG: BEGIN
2025-01-04 23:05:19,599 - Noah's Hand: [TD, 7S, 2S, 7C, 9C]
2025-01-04 23:05:19,599 - Eve's Hand: [7D, 8S, 4C, TH, 6D, 4D]
2025-01-04 23:05:19,599 - Boss: Rank: 12 | Suit H | Attack 15 | Health 30
2025-01-04 23:05:19,599 - Tavern: [9S, JH, JD, 4S, 6S, AH, AC, JS, 5H]
2025-01-04 23:05:19,599 - Castle: [KS, KH, KC, KD, QC, QD]
2025-01-04 23:05:19,599 - Discard: [5S, 5C, 2C, 8C, TS, 6H, 9H, 4H, TC, 2H, JC, 8H, AS, 6C, 5D, 9D, 2D, 3H, 3S, 3C, 3D, AD, 7H, 8D, QS]
2025-01-04 23:05:19,599 - Active Player: 2
2025-01-04 23:05:19,599 - STATE LOG: END
2025-01-04 23:05:24,775 - STATE LOG: BEGIN
2025-01-04 23:05:24,776 - Noah's Hand: [TD, 7S, 2S, 7C, 9C]
2025-01-04 23:05:24,776 - Eve's Hand: [4D, 6D, 7D]
2025-01-04 23:05:24,776 - Boss: Rank: 12 | Suit H | Attack 7 | Health 22
2025-01-04 23:05:24,776 - Tavern: [9S, JH, JD, 4S, 6S, AH, AC, JS, 5H]
2025-01-04 23:05:24,776 - Castle: [KS, KH, KC, KD, QC, QD]
2025-01-04 23:05:24,776 - Discard: [5S, 5C, 2C, 8C, TS, 6H, 9H, 4H, TC, 2H, JC, 8H, AS, 6C, 5D, 9D, 2D, 3H, 3S, 3C, 3D, AD, 7H, 8D, QS, 4C, TH]
2025-01-04 23:05:24,776 - Active Player: 1
2025-01-04 23:05:24,776 - STATE LOG: END
2025-01-04 23:05:31,382 - STATE LOG: BEGIN
2025-01-04 23:05:31,383 - Noah's Hand: [2S, 7C, 9C, TD]
2025-01-04 23:05:31,383 - Eve's Hand: [4D, 6D, 7D]
2025-01-04 23:05:31,383 - Boss: Rank: 12 | Suit H | Attack 0 | Health 15
2025-01-04 23:05:31,383 - Tavern: [9S, JH, JD, 4S, 6S, AH, AC, JS, 5H]
2025-01-04 23:05:31,383 - Castle: [KS, KH, KC, KD, QC, QD]
2025-01-04 23:05:31,383 - Discard: [5S, 5C, 2C, 8C, TS, 6H, 9H, 4H, TC, 2H, JC, 8H, AS, 6C, 5D, 9D, 2D, 3H, 3S, 3C, 3D, AD, 7H, 8D, QS, 4C, TH]
2025-01-04 23:05:31,383 - Active Player: 2
2025-01-04 23:05:31,383 - STATE LOG: END
2025-01-04 23:05:37,377 - STATE LOG: BEGIN
2025-01-04 23:05:37,377 - Noah's Hand: [2S, 7C, 9C, TD]
2025-01-04 23:05:37,378 - Eve's Hand: [4D, 6D, 7D]
2025-01-04 23:05:37,378 - Boss: Rank: 12 | Suit H | Attack 0 | Health 15
2025-01-04 23:05:37,378 - Tavern: [9S, JH, JD, 4S, 6S, AH, AC, JS, 5H]
2025-01-04 23:05:37,378 - Castle: [KS, KH, KC, KD, QC, QD]
2025-01-04 23:05:37,378 - Discard: [5S, 5C, 2C, 8C, TS, 6H, 9H, 4H, TC, 2H, JC, 8H, AS, 6C, 5D, 9D, 2D, 3H, 3S, 3C, 3D, AD, 7H, 8D, QS, 4C, TH]
2025-01-04 23:05:37,378 - Active Player: 1
2025-01-04 23:05:37,378 - STATE LOG: END
2025-01-04 23:05:39,901 - STATE LOG: BEGIN
2025-01-04 23:05:39,901 - Noah's Hand: [7C, 9C, TD]
2025-01-04 23:05:39,901 - Eve's Hand: [4D, 6D, 7D]
2025-01-04 23:05:39,901 - Boss: Rank: 12 | Suit H | Attack 0 | Health 13
2025-01-04 23:05:39,901 - Tavern: [9S, JH, JD, 4S, 6S, AH, AC, JS, 5H]
2025-01-04 23:05:39,901 - Castle: [KS, KH, KC, KD, QC, QD]
2025-01-04 23:05:39,902 - Discard: [5S, 5C, 2C, 8C, TS, 6H, 9H, 4H, TC, 2H, JC, 8H, AS, 6C, 5D, 9D, 2D, 3H, 3S, 3C, 3D, AD, 7H, 8D, QS, 4C, TH]
2025-01-04 23:05:39,902 - Active Player: 2
2025-01-04 23:05:39,902 - STATE LOG: END
2025-01-04 23:05:43,381 - STATE LOG: BEGIN
2025-01-04 23:05:43,381 - Noah's Hand: [7C, 9C, TD]
2025-01-04 23:05:43,381 - Eve's Hand: [4D, 6D, 7D]
2025-01-04 23:05:43,381 - Boss: Rank: 12 | Suit H | Attack 0 | Health 13
2025-01-04 23:05:43,381 - Tavern: [9S, JH, JD, 4S, 6S, AH, AC, JS, 5H]
2025-01-04 23:05:43,381 - Castle: [KS, KH, KC, KD, QC, QD]
2025-01-04 23:05:43,381 - Discard: [5S, 5C, 2C, 8C, TS, 6H, 9H, 4H, TC, 2H, JC, 8H, AS, 6C, 5D, 9D, 2D, 3H, 3S, 3C, 3D, AD, 7H, 8D, QS, 4C, TH]
2025-01-04 23:05:43,381 - Active Player: 1
2025-01-04 23:05:43,381 - STATE LOG: END
2025-01-04 23:05:44,147 - STATE LOG: BEGIN
2025-01-04 23:05:44,147 - Noah's Hand: [7C, 9C, 5H, AC, 6S, JD, 9S]
2025-01-04 23:05:44,147 - Eve's Hand: [4D, 6D, 7D, JS, AH, 4S, JH]
2025-01-04 23:05:44,147 - Boss: Rank: 12 | Suit H | Attack 0 | Health 3
2025-01-04 23:05:44,147 - Tavern: []
2025-01-04 23:05:44,147 - Castle: [KS, KH, KC, KD, QC, QD]
2025-01-04 23:05:44,147 - Discard: [5S, 5C, 2C, 8C, TS, 6H, 9H, 4H, TC, 2H, JC, 8H, AS, 6C, 5D, 9D, 2D, 3H, 3S, 3C, 3D, AD, 7H, 8D, QS, 4C, TH]
2025-01-04 23:05:44,147 - Active Player: 2
2025-01-04 23:05:44,147 - STATE LOG: END
2025-01-04 23:05:54,148 - STATE LOG: BEGIN
2025-01-04 23:05:54,148 - Noah's Hand: [7C, 9C, 5H, AC, 6S, JD, 9S]
2025-01-04 23:05:54,148 - Eve's Hand: [4D, 4S, 6D, 7D, JH, JS]
2025-01-04 23:05:54,148 - Boss: Rank: 12 | Suit H | Attack 0 | Health 2
2025-01-04 23:05:54,148 - Tavern: []
2025-01-04 23:05:54,148 - Castle: [KS, KH, KC, KD, QC, QD]
2025-01-04 23:05:54,148 - Discard: [5S, 5C, 2C, 8C, TS, 6H, 9H, 4H, TC, 2H, JC, 8H, AS, 6C, 5D, 9D, 2D, 3H, 3S, 3C, 3D, AD, 7H, 8D, QS, 4C, TH]
2025-01-04 23:05:54,148 - Active Player: 1
2025-01-04 23:05:54,148 - STATE LOG: END
2025-01-04 23:06:01,040 - STATE LOG: BEGIN
2025-01-04 23:06:01,041 - Noah's Hand: [AC, 5H, 6S, 7C, 9C, JD, 9S]
2025-01-04 23:06:01,041 - Eve's Hand: [4D, 4S, 6D, 7D, JH, JS]
2025-01-04 23:06:01,041 - Boss: Rank: 12 | Suit H | Attack 0 | Health 2
2025-01-04 23:06:01,041 - Tavern: []
2025-01-04 23:06:01,041 - Castle: [KS, KH, KC, KD, QC, QD]
2025-01-04 23:06:01,041 - Discard: [5S, 5C, 2C, 8C, TS, 6H, 9H, 4H, TC, 2H, JC, 8H, AS, 6C, 5D, 9D, 2D, 3H, 3S, 3C, 3D, AD, 7H, 8D, QS, 4C, TH]
2025-01-04 23:06:01,041 - Active Player: 2
2025-01-04 23:06:01,041 - STATE LOG: END
2025-01-04 23:06:06,154 - STATE LOG: BEGIN
2025-01-04 23:06:06,154 - Noah's Hand: [AC, 5H, 6S, 7C, 9C, JD, 9S]
2025-01-04 23:06:06,154 - Eve's Hand: [4S, 6D, 7D, JH, JS]
2025-01-04 23:06:06,154 - Boss: Rank: 12 | Suit D | Attack 15 | Health 30
2025-01-04 23:06:06,154 - Tavern: []
2025-01-04 23:06:06,154 - Castle: [KS, KH, KC, KD, QC]
2025-01-04 23:06:06,154 - Discard: [5S, 5C, 2C, 8C, TS, 6H, 9H, 4H, TC, 2H, JC, 8H, AS, 6C, 5D, 9D, 2D, 3H, 3S, 3C, 3D, AD, 7H, 8D, QS, 4C, TH, 7S, 2S, TD, 8S, AH, 4D, QH]
2025-01-04 23:06:06,154 - Active Player: 2
2025-01-04 23:06:06,154 - STATE LOG: END
2025-01-04 23:06:08,518 - STATE LOG: BEGIN
2025-01-04 23:06:08,518 - Noah's Hand: [AC, 5H, 6S, 7C, 9C, JD, 9S]
2025-01-04 23:06:08,518 - Eve's Hand: [6D, 7D]
2025-01-04 23:06:08,518 - Boss: Rank: 12 | Suit D | Attack 15 | Health 19
2025-01-04 23:06:08,518 - Tavern: [JC, 9H, AS, TH, 7S, 5D, 4H, AH, 4C, TC, 8D]
2025-01-04 23:06:08,518 - Castle: [KS, KH, KC, KD, QC]
2025-01-04 23:06:08,518 - Discard: [3D, 4D, TS, 2S, 2H, 8C, QS, 6H, 3S, 2D, 3H, 9D, 7H, 6C, QH, TD, 8H, 8S, 3C, 5S, AD, 5C, 2C, 4S, JS]
2025-01-04 23:06:08,518 - Active Player: 1
2025-01-04 23:06:08,518 - STATE LOG: END
2025-01-04 23:06:09,271 - STATE LOG: BEGIN
2025-01-04 23:06:09,271 - Noah's Hand: [5H, 6S, 7C, JD, 9S]
2025-01-04 23:06:09,271 - Eve's Hand: [6D, 7D]
2025-01-04 23:06:09,271 - Boss: Rank: 12 | Suit C | Attack 15 | Health 30
2025-01-04 23:06:09,271 - Tavern: [JC, 9H, AS, TH, 7S, 5D, 4H, AH, 4C, TC, 8D]
2025-01-04 23:06:09,271 - Castle: [KS, KH, KC, KD]
2025-01-04 23:06:09,271 - Discard: [3D, 4D, TS, 2S, 2H, 8C, QS, 6H, 3S, 2D, 3H, 9D, 7H, 6C, QH, TD, 8H, 8S, 3C, 5S, AD, 5C, 2C, 4S, JS, AC, 9C, JH, QD]
2025-01-04 23:06:09,271 - Active Player: 1
2025-01-04 23:06:09,271 - STATE LOG: END
2025-01-04 23:06:12,177 - STATE LOG: BEGIN
2025-01-04 23:06:12,178 - Noah's Hand: [7C, JD]
2025-01-04 23:06:12,178 - Eve's Hand: [6D, 7D]
2025-01-04 23:06:12,178 - Boss: Rank: 12 | Suit C | Attack 9 | Health 24
2025-01-04 23:06:12,178 - Tavern: [JC, 9H, AS, TH, 7S, 5D, 4H, AH, 4C, TC, 8D]
2025-01-04 23:06:12,178 - Castle: [KS, KH, KC, KD]
2025-01-04 23:06:12,178 - Discard: [3D, 4D, TS, 2S, 2H, 8C, QS, 6H, 3S, 2D, 3H, 9D, 7H, 6C, QH, TD, 8H, 8S, 3C, 5S, AD, 5C, 2C, 4S, JS, AC, 9C, JH, QD, 5H, 9S]
2025-01-04 23:06:12,178 - Active Player: 2
2025-01-04 23:06:12,178 - STATE LOG: END
2025-01-04 23:06:13,637 - STATE LOG: BEGIN
2025-01-04 23:06:13,637 - Noah's Hand: [7C, JD, TC, AH, 5D]
2025-01-04 23:06:13,637 - Eve's Hand: [6D, 8D, 4C]
2025-01-04 23:06:13,637 - Boss: Rank: 12 | Suit C | Attack 9 | Health 17
2025-01-04 23:06:13,637 - Tavern: [JC, 9H, AS, TH]
2025-01-04 23:06:13,637 - Castle: [KS, KH, KC, KD]
2025-01-04 23:06:13,637 - Discard: [3D, 4D, TS, 2S, 2H, 8C, QS, 6H, 3S, 2D, 3H, 9D, 7H, 6C, QH, TD, 8H, 8S, 3C, 5S, AD, 5C, 2C, 4S, JS, AC, 9C, JH, QD, 5H, 9S, 4H, 7S]
2025-01-04 23:06:13,637 - Active Player: 1
2025-01-04 23:06:13,637 - STATE LOG: END
2025-01-04 23:06:17,729 - STATE LOG: BEGIN
2025-01-04 23:06:17,730 - Noah's Hand: [5D, 7C, TH, 9H, 7S, QD]
2025-01-04 23:06:17,730 - Eve's Hand: [6D, 8D, 4C, AS, JC, 9C, 5H]
2025-01-04 23:06:17,730 - Boss: Rank: 12 | Suit C | Attack 9 | Health 5
2025-01-04 23:06:17,730 - Tavern: [4D, TS, 6H, 6C, 7H, 5C, AC, 8C]
2025-01-04 23:06:17,730 - Castle: [KS, KH, KC, KD]
2025-01-04 23:06:17,730 - Discard: [QS, 3C, 2S, 2H, QH, 4S, 8H, 2C, 3H, 4H, JS, AD, 5S, 3S, 3D, 9S, 8S, 2D, 9D, TD, JH, TC]
2025-01-04 23:06:17,730 - Active Player: 2
2025-01-04 23:06:17,730 - STATE LOG: END
2025-01-04 23:06:22,927 - STATE LOG: BEGIN
2025-01-04 23:06:22,927 - Noah's Hand: [5D, 7C, TH, 9H, 7S, QD, AC]
2025-01-04 23:06:22,927 - Eve's Hand: [AS, 4C, 5H, 6D, 9C, JC, 8C]
2025-01-04 23:06:22,927 - Boss: Rank: 13 | Suit D | Attack 20 | Health 40
2025-01-04 23:06:22,927 - Tavern: [4D, TS, 6H, 6C, 7H, 5C]
2025-01-04 23:06:22,927 - Castle: [KS, KH, KC]
2025-01-04 23:06:22,927 - Discard: [QS, 3C, 2S, 2H, QH, 4S, 8H, 2C, 3H, 4H, JS, AD, 5S, 3S, 3D, 9S, 8S, 2D, 9D, TD, JH, TC, 6S, AH, JD, 7D, 8D, QC]
2025-01-04 23:06:22,927 - Active Player: 2
2025-01-04 23:06:22,927 - STATE LOG: END
2025-01-04 23:06:25,591 - STATE LOG: BEGIN
2025-01-04 23:06:25,592 - Noah's Hand: [5D, 7C, TH, 9H, 7S, QD, AC]
2025-01-04 23:06:25,592 - Eve's Hand: [4C, 6D, 8C]
2025-01-04 23:06:25,592 - Boss: Rank: 13 | Suit D | Attack 8 | Health 16
2025-01-04 23:06:25,592 - Tavern: [4D, TS, 6H, 6C, 7H, 5C]
2025-01-04 23:06:25,592 - Castle: [KS, KH, KC]
2025-01-04 23:06:25,592 - Discard: [QS, 3C, 2S, 2H, QH, 4S, 8H, 2C, 3H, 4H, JS, AD, 5S, 3S, 3D, 9S, 8S, 2D, 9D, TD, JH, TC, 6S, AH, JD, 7D, 8D, QC, 5H, 9C]
2025-01-04 23:06:25,592 - Active Player: 1
2025-01-04 23:06:25,592 - STATE LOG: END
2025-01-04 23:06:28,053 - STATE LOG: BEGIN
2025-01-04 23:06:28,053 - Noah's Hand: [5D, 7C, 7S, 9H, QD]
2025-01-04 23:06:28,053 - Eve's Hand: [4C, 6D, 8C]
2025-01-04 23:06:28,053 - Boss: Rank: 13 | Suit C | Attack 20 | Health 40
2025-01-04 23:06:28,053 - Tavern: [JS, 6S, 7D, 2C, 9C, 8D, 3C, QC, AH, 4H, 8S, 4D, TS, 6H, 6C, 7H, 5C]
2025-01-04 23:06:28,053 - Castle: [KS, KH]
2025-01-04 23:06:28,053 - Discard: [5H, 9D, 4S, 3D, 8H, TC, 9S, 2D, 3H, JD, QH, JH, QS, 2S, AD, 2H, 5S, 3S, TD, AC, TH, AS, JC, KD]
2025-01-04 23:06:28,053 - Active Player: 1
2025-01-04 23:06:28,054 - STATE LOG: END
2025-01-04 23:06:28,733 - STATE LOG: BEGIN
2025-01-04 23:06:28,733 - Noah's Hand: [5D, 9H, 5C, TS]
2025-01-04 23:06:28,733 - Eve's Hand: [4C, 6D, 8C, 7H, 6H, 4D, 8S]
2025-01-04 23:06:28,733 - Boss: Rank: 13 | Suit C | Attack 20 | Health 28
2025-01-04 23:06:28,733 - Tavern: [JS, 6S, 7D, 2C, 9C, 8D, 3C, QC, AH, 4H]
2025-01-04 23:06:28,733 - Castle: [KS, KH]
2025-01-04 23:06:28,733 - Discard: [5H, 9D, 4S, 3D, 8H, TC, 9S, 2D, 3H, JD, QH, JH, QS, 2S, AD, 2H, 5S, 3S, TD, AC, TH, AS, JC, KD, 7C, 7S, 6C]
2025-01-04 23:06:28,733 - Active Player: 2
2025-01-04 23:06:28,733 - STATE LOG: END
2025-01-04 23:06:31,123 - STATE LOG: BEGIN
2025-01-04 23:06:31,124 - Noah's Hand: [5D, 9H, 5C, TS]
2025-01-04 23:06:31,124 - Eve's Hand: [4C, 4D, 6D]
2025-01-04 23:06:31,124 - Boss: Rank: 13 | Suit C | Attack 20 | Health 22
2025-01-04 23:06:31,124 - Tavern: [TC, 6C, 7S, JD, JH, 7C, JS, 6S, 7D, 2C, 9C, 8D, 3C, QC, AH, 4H]
2025-01-04 23:06:31,124 - Castle: [KS, KH]
2025-01-04 23:06:31,124 - Discard: [2H, AC, TD, 9D, 8H, 3H, 4S, AS, 2S, 2D, QS, TH, 3S, 5S, 9S, 3D, QH, KD, AD, 5H, JC, 7H, 8S, 8C]
2025-01-04 23:06:31,124 - Active Player: 1
2025-01-04 23:06:31,124 - STATE LOG: END
2025-01-04 23:06:32,074 - STATE LOG: BEGIN
2025-01-04 23:06:32,074 - Noah's Hand: [QC, 8D]
2025-01-04 23:06:32,074 - Eve's Hand: [4C, 4D, 6D, AH, 3C]
2025-01-04 23:06:32,074 - Boss: Rank: 13 | Suit C | Attack 20 | Health 17
2025-01-04 23:06:32,074 - Tavern: [TC, 6C, 7S, JD, JH, 7C, JS, 6S, 7D, 2C, 9C]
2025-01-04 23:06:32,074 - Castle: [KS, KH]
2025-01-04 23:06:32,074 - Discard: [2H, AC, TD, 9D, 8H, 3H, 4S, AS, 2S, 2D, QS, TH, 3S, 5S, 9S, 3D, QH, KD, AD, 5H, JC, 7H, 8S, 8C, 4H, TS, 5C, 9H]
2025-01-04 23:06:32,074 - Active Player: 2
2025-01-04 23:06:32,074 - STATE LOG: END
2025-01-04 23:06:33,037 - STATE LOG: BEGIN
2025-01-04 23:06:33,038 - Noah's Hand: [QC, 8D, 2C, 6S, 7C]
2025-01-04 23:06:33,038 - Eve's Hand: [3C, 4C, 4D, 9C, 7D]
2025-01-04 23:06:33,038 - Boss: Rank: 13 | Suit C | Attack 20 | Health 10
2025-01-04 23:06:33,038 - Tavern: [3S, 2S, TD, 3H, 7H, KD, 8C, TC, 6C, 7S, JD]
2025-01-04 23:06:33,038 - Castle: [KS, KH]
2025-01-04 23:06:33,038 - Discard: [AS, JC, AC, 9H, 5S, 9S, 5C, 8H, 8S, 3D, TH, 2D, TS, 4H, 5H, QH, 9D, 2H, 4S, AD, QS, JS, JH]
2025-01-04 23:06:33,038 - Active Player: 1
2025-01-04 23:06:33,038 - STATE LOG: END
2025-01-04 23:06:35,581 - STATE LOG: BEGIN
2025-01-04 23:06:35,581 - Noah's Hand: [8D]
2025-01-04 23:06:35,581 - Eve's Hand: [3C, 4C, 4D, 9C, 7D]
2025-01-04 23:06:35,581 - Boss: Rank: 13 | Suit C | Attack 20 | Health 10
2025-01-04 23:06:35,581 - Tavern: [3S, 2S, TD, 3H, 7H, KD, 8C, TC, 6C, 7S, JD]
2025-01-04 23:06:35,581 - Castle: [KS, KH]
2025-01-04 23:06:35,581 - Discard: [AS, JC, AC, 9H, 5S, 9S, 5C, 8H, 8S, 3D, TH, 2D, TS, 4H, 5H, QH, 9D, 2H, 4S, AD, QS, JS, JH, 7C, 2C, 6S, QC]
2025-01-04 23:06:35,581 - Active Player: 2
2025-01-04 23:06:35,581 - STATE LOG: END
2025-01-04 23:06:36,610 - STATE LOG: BEGIN
2025-01-04 23:06:36,610 - Noah's Hand: [8D, 7S, TC, KD, 7H]
2025-01-04 23:06:36,610 - Eve's Hand: [3C, 4D, JD, 6C]
2025-01-04 23:06:36,610 - Boss: Rank: 13 | Suit C | Attack 20 | Health 3
2025-01-04 23:06:36,610 - Tavern: [3S, 2S, TD, 3H]
2025-01-04 23:06:36,610 - Castle: [KS, KH]
2025-01-04 23:06:36,610 - Discard: [AS, JC, AC, 9H, 5S, 9S, 5C, 8H, 8S, 3D, TH, 2D, TS, 4H, 5H, QH, 9D, 2H, 4S, AD, QS, JS, JH, 7C, 2C, 6S, QC, 9C, 4C, 8C]
2025-01-04 23:06:36,610 - Active Player: 1
2025-01-04 23:06:36,610 - STATE LOG: END
2025-01-04 23:06:37,693 - STATE LOG: BEGIN
2025-01-04 23:06:37,693 - Noah's Hand: [7S, 8D, TC, KD]
2025-01-04 23:06:37,693 - Eve's Hand: [3C, 4D, JD, 6C]
2025-01-04 23:06:37,693 - Boss: Rank: 13 | Suit H | Attack 20 | Health 40
2025-01-04 23:06:37,693 - Tavern: [9S, 5C, 4C, TH, 4H, TS, 9H, 3S, 2S, TD, 3H]
2025-01-04 23:06:37,693 - Castle: [KS]
2025-01-04 23:06:37,693 - Discard: [4S, 2H, QS, 8C, AC, 5S, AD, 9C, 3D, QH, 6S, 2D, 5H, 2C, JS, QC, 9D, JH, 7C, AS, JC, 8S, 8H, QD, 5D, 7H, 6H, AH, 6D, 7D, KC]
2025-01-04 23:06:37,693 - Active Player: 1
2025-01-04 23:06:37,693 - STATE LOG: END
2025-01-04 23:06:38,785 - STATE LOG: BEGIN
2025-01-04 23:06:38,785 - Noah's Hand: [8D]
2025-01-04 23:06:38,785 - Eve's Hand: [3C, 4D, JD, 6C]
2025-01-04 23:06:38,785 - Boss: Rank: 13 | Suit H | Attack 13 | Health 33
2025-01-04 23:06:38,785 - Tavern: [9S, 5C, 4C, TH, 4H, TS, 9H, 3S, 2S, TD, 3H]
2025-01-04 23:06:38,785 - Castle: [KS]
2025-01-04 23:06:38,785 - Discard: [4S, 2H, QS, 8C, AC, 5S, AD, 9C, 3D, QH, 6S, 2D, 5H, 2C, JS, QC, 9D, JH, 7C, AS, JC, 8S, 8H, QD, 5D, 7H, 6H, AH, 6D, 7D, KC, TC, KD]
2025-01-04 23:06:38,785 - Active Player: 2
2025-01-04 23:06:38,785 - STATE LOG: END
2025-01-04 23:06:39,373 - STATE LOG: BEGIN
2025-01-04 23:06:39,373 - Noah's Hand: [8D, TD, 3S, TS, TH, 4C, 5C]
2025-01-04 23:06:39,373 - Eve's Hand: [4D, 3H, 2S, 9H]
2025-01-04 23:06:39,373 - Boss: Rank: 13 | Suit H | Attack 13 | Health 22
2025-01-04 23:06:39,373 - Tavern: [9S]
2025-01-04 23:06:39,373 - Castle: [KS]
2025-01-04 23:06:39,373 - Discard: [4S, 2H, QS, 8C, AC, 5S, AD, 9C, 3D, QH, 6S, 2D, 5H, 2C, JS, QC, 9D, JH, 7C, AS, JC, 8S, 8H, QD, 5D, 7H, 6H, AH, 6D, 7D, KC, TC, KD, 4H, 6C, 3C]
2025-01-04 23:06:39,373 - Active Player: 1
2025-01-04 23:06:39,373 - STATE LOG: END
2025-01-04 23:06:40,534 - STATE LOG: BEGIN
2025-01-04 23:06:40,534 - Noah's Hand: [5C, 8D, TD, TS]
2025-01-04 23:06:40,534 - Eve's Hand: [4D, 3H, 2S, 9H]
2025-01-04 23:06:40,534 - Boss: Rank: 13 | Suit H | Attack 10 | Health 19
2025-01-04 23:06:40,534 - Tavern: [9S]
2025-01-04 23:06:40,534 - Castle: [KS]
2025-01-04 23:06:40,534 - Discard: [4S, 2H, QS, 8C, AC, 5S, AD, 9C, 3D, QH, 6S, 2D, 5H, 2C, JS, QC, 9D, JH, 7C, AS, JC, 8S, 8H, QD, 5D, 7H, 6H, AH, 6D, 7D, KC, TC, KD, 4H, 6C, 3C, 4C, TH]
2025-01-04 23:06:40,534 - Active Player: 2
2025-01-04 23:06:40,534 - STATE LOG: END
2025-01-04 23:06:40,955 - STATE LOG: BEGIN
2025-01-04 23:06:40,955 - Noah's Hand: [5C, 8D, TD, TS]
2025-01-04 23:06:40,955 - Eve's Hand: [2S, 4D]
2025-01-04 23:06:40,955 - Boss: Rank: 13 | Suit H | Attack 10 | Health 19
2025-01-04 23:06:40,955 - Tavern: [9S]
2025-01-04 23:06:40,955 - Castle: [KS]
2025-01-04 23:06:40,955 - Discard: [4S, 2H, QS, 8C, AC, 5S, AD, 9C, 3D, QH, 6S, 2D, 5H, 2C, JS, QC, 9D, JH, 7C, AS, JC, 8S, 8H, QD, 5D, 7H, 6H, AH, 6D, 7D, KC, TC, KD, 4H, 6C, 3C, 4C, TH, 3H, 9H]
2025-01-04 23:06:40,955 - Active Player: 1
2025-01-04 23:06:40,955 - STATE LOG: END
2025-01-04 23:06:41,119 - STATE LOG: BEGIN
2025-01-04 23:06:41,119 - Noah's Hand: [5C, 8D, TD]
2025-01-04 23:06:41,119 - Eve's Hand: [2S, 4D]
2025-01-04 23:06:41,119 - Boss: Rank: 13 | Suit H | Attack 0 | Health 9
2025-01-04 23:06:41,119 - Tavern: [9S]
2025-01-04 23:06:41,119 - Castle: [KS]
2025-01-04 23:06:41,119 - Discard: [4S, 2H, QS, 8C, AC, 5S, AD, 9C, 3D, QH, 6S, 2D, 5H, 2C, JS, QC, 9D, JH, 7C, AS, JC, 8S, 8H, QD, 5D, 7H, 6H, AH, 6D, 7D, KC, TC, KD, 4H, 6C, 3C, 4C, TH, 3H, 9H]
2025-01-04 23:06:41,119 - Active Player: 2
2025-01-04 23:06:41,119 - STATE LOG: END
2025-01-04 23:06:41,347 - STATE LOG: BEGIN
2025-01-04 23:06:41,347 - Noah's Hand: [5C, 8D, TD]
2025-01-04 23:06:41,347 - Eve's Hand: [4D]
2025-01-04 23:06:41,347 - Boss: Rank: 13 | Suit H | Attack 0 | Health 7
2025-01-04 23:06:41,347 - Tavern: [9S]
2025-01-04 23:06:41,347 - Castle: [KS]
2025-01-04 23:06:41,347 - Discard: [4S, 2H, QS, 8C, AC, 5S, AD, 9C, 3D, QH, 6S, 2D, 5H, 2C, JS, QC, 9D, JH, 7C, AS, JC, 8S, 8H, QD, 5D, 7H, 6H, AH, 6D, 7D, KC, TC, KD, 4H, 6C, 3C, 4C, TH, 3H, 9H]
2025-01-04 23:06:41,347 - Active Player: 1
2025-01-04 23:06:41,347 - STATE LOG: END
2025-01-04 23:06:41,403 - STATE LOG: BEGIN
2025-01-04 23:06:41,403 - Noah's Hand: [5C, 8D, TD]
2025-01-04 23:06:41,403 - Eve's Hand: [4D]
2025-01-04 23:06:41,403 - Boss: Rank: 13 | Suit H | Attack 0 | Health 7
2025-01-04 23:06:41,403 - Tavern: [9S]
2025-01-04 23:06:41,403 - Castle: [KS]
2025-01-04 23:06:41,403 - Discard: [4S, 2H, QS, 8C, AC, 5S, AD, 9C, 3D, QH, 6S, 2D, 5H, 2C, JS, QC, 9D, JH, 7C, AS, JC, 8S, 8H, QD, 5D, 7H, 6H, AH, 6D, 7D, KC, TC, KD, 4H, 6C, 3C, 4C, TH, 3H, 9H]
2025-01-04 23:06:41,403 - Active Player: 2
2025-01-04 23:06:41,403 - STATE LOG: END
2025-01-04 23:06:41,434 - STATE LOG: BEGIN
2025-01-04 23:06:41,434 - Noah's Hand: [5C, 8D, TD]
2025-01-04 23:06:41,434 - Eve's Hand: [9S]
2025-01-04 23:06:41,434 - Boss: Rank: 13 | Suit H | Attack 0 | Health 3
2025-01-04 23:06:41,434 - Tavern: []
2025-01-04 23:06:41,434 - Castle: [KS]
2025-01-04 23:06:41,434 - Discard: [4S, 2H, QS, 8C, AC, 5S, AD, 9C, 3D, QH, 6S, 2D, 5H, 2C, JS, QC, 9D, JH, 7C, AS, JC, 8S, 8H, QD, 5D, 7H, 6H, AH, 6D, 7D, KC, TC, KD, 4H, 6C, 3C, 4C, TH, 3H, 9H]
2025-01-04 23:06:41,434 - Active Player: 1
2025-01-04 23:06:41,434 - STATE LOG: END
2025-01-04 23:06:41,490 - STATE LOG: BEGIN
2025-01-04 23:06:41,490 - Noah's Hand: [5C, 8D, TD]
2025-01-04 23:06:41,490 - Eve's Hand: [9S]
2025-01-04 23:06:41,490 - Boss: Rank: 13 | Suit H | Attack 0 | Health 3
2025-01-04 23:06:41,490 - Tavern: []
2025-01-04 23:06:41,490 - Castle: [KS]
2025-01-04 23:06:41,490 - Discard: [4S, 2H, QS, 8C, AC, 5S, AD, 9C, 3D, QH, 6S, 2D, 5H, 2C, JS, QC, 9D, JH, 7C, AS, JC, 8S, 8H, QD, 5D, 7H, 6H, AH, 6D, 7D, KC, TC, KD, 4H, 6C, 3C, 4C, TH, 3H, 9H]
2025-01-04 23:06:41,490 - Active Player: 2
2025-01-04 23:06:41,490 - STATE LOG: END
2025-01-04 23:06:41,495 - STATE LOG: BEGIN
2025-01-04 23:06:41,495 - Noah's Hand: [5C, 8D, TD]
2025-01-04 23:06:41,495 - Eve's Hand: []
2025-01-04 23:06:41,495 - Boss: Rank: 13 | Suit S | Attack 20 | Health 40
2025-01-04 23:06:41,495 - Tavern: []
2025-01-04 23:06:41,495 - Castle: []
2025-01-04 23:06:41,495 - Discard: [4S, 2H, QS, 8C, AC, 5S, AD, 9C, 3D, QH, 6S, 2D, 5H, 2C, JS, QC, 9D, JH, 7C, AS, JC, 8S, 8H, QD, 5D, 7H, 6H, AH, 6D, 7D, KC, TC, KD, 4H, 6C, 3C, 4C, TH, 3H, 9H, 7S, 3S, TS, JD, 2S, 4D, 9S, KH]
2025-01-04 23:06:41,495 - Active Player: 2
2025-01-04 23:06:41,495 - STATE LOG: END
2025-01-04 23:06:41,498 - STATE LOG: BEGIN
2025-01-04 23:06:41,498 - Noah's Hand: [5C, 8D, TD]
2025-01-04 23:06:41,498 - Eve's Hand: []
2025-01-04 23:06:41,498 - Boss: Rank: 13 | Suit S | Attack 20 | Health 40
2025-01-04 23:06:41,498 - Tavern: []
2025-01-04 23:06:41,498 - Castle: []
2025-01-04 23:06:41,498 - Discard: [4S, 2H, QS, 8C, AC, 5S, AD, 9C, 3D, QH, 6S, 2D, 5H, 2C, JS, QC, 9D, JH, 7C, AS, JC, 8S, 8H, QD, 5D, 7H, 6H, AH, 6D, 7D, KC, TC, KD, 4H, 6C, 3C, 4C, TH, 3H, 9H, 7S, 3S, TS, JD, 2S, 4D, 9S, KH]
2025-01-04 23:06:41,498 - Active Player: 1
2025-01-04 23:06:41,498 - STATE LOG: END
