2025-01-04 21:09:01,729 - I log states! :D
2025-01-04 21:09:01,730 - STATE LOG: BEGIN
2025-01-04 21:09:01,730 - Noah's Hand: [2S, AH, TS, 4C, 6D, 2C, TH]
2025-01-04 21:09:01,730 - Eve's Hand: [9S, AC, AS, 5H, 7D, 4D, TD]
2025-01-04 21:09:01,730 - Boss: Rank: 11 | Suit S | Attack 10 | Health 20
2025-01-04 21:09:01,730 - Tavern: [5D, 3C, 8D, 4S, 3D, 9D, 5C, 4H, 8S, 6S, 7C, 7S, 9C, 8H, AD, 3S, 9H, 3H, TC, 8C, 7H, 5S, 2D, 6H, 6C, 2H]
2025-01-04 21:09:01,730 - Castle: [KD, KC, KH, KS, QS, QH, QD, QC, JD, JH, JC]
2025-01-04 21:09:01,730 - Discard: []
2025-01-04 21:09:01,730 - Active Player: 1
2025-01-04 21:09:01,730 - STATE LOG: END
2025-01-04 21:09:01,768 - STATE LOG: BEGIN
2025-01-04 21:09:01,768 - Noah's Hand: [2S, 4C, 6D, TS]
2025-01-04 21:09:01,768 - Eve's Hand: [9S, AC, AS, 5H, 7D, 4D, TD]
2025-01-04 21:09:01,768 - Boss: Rank: 11 | Suit S | Attack 10 | Health 14
2025-01-04 21:09:01,768 - Tavern: [5D, 3C, 8D, 4S, 3D, 9D, 5C, 4H, 8S, 6S, 7C, 7S, 9C, 8H, AD, 3S, 9H, 3H, TC, 8C, 7H, 5S, 2D, 6H, 6C, 2H]
2025-01-04 21:09:01,768 - Castle: [KD, KC, KH, KS, QS, QH, QD, QC, JD, JH, JC]
2025-01-04 21:09:01,768 - Discard: [TH]
2025-01-04 21:09:01,768 - Active Player: 2
2025-01-04 21:09:01,768 - STATE LOG: END
2025-01-04 21:09:01,790 - STATE LOG: BEGIN
2025-01-04 21:09:01,790 - Noah's Hand: [2S, 4C, 6D, TS, 6C, 2D, 5S]
2025-01-04 21:09:01,790 - Eve's Hand: [AC, 4D, 5H, TD, 6H]
2025-01-04 21:09:01,790 - Boss: Rank: 11 | Suit S | Attack 10 | Health 6
2025-01-04 21:09:01,790 - Tavern: [5D, 3C, 8D, 4S, 3D, 9D, 5C, 4H, 8S, 6S, 7C, 7S, 9C, 8H, AD, 3S, 9H, 3H, TC, 8C, 7H]
2025-01-04 21:09:01,790 - Castle: [KD, KC, KH, KS, QS, QH, QD, QC, JD, JH, JC]
2025-01-04 21:09:01,790 - Discard: [TH, 2H, 9S]
2025-01-04 21:09:01,790 - Active Player: 1
2025-01-04 21:09:01,790 - STATE LOG: END
2025-01-04 21:09:01,809 - STATE LOG: BEGIN
2025-01-04 21:09:01,809 - Noah's Hand: [2D, 2S, 4C, 5S, 6C, TS, 7H]
2025-01-04 21:09:01,809 - Eve's Hand: [AC, 4D, 5H, TD, 6H, 8C, TC]
2025-01-04 21:09:01,809 - Boss: Rank: 11 | Suit C | Attack 10 | Health 20
2025-01-04 21:09:01,809 - Tavern: [5D, 3C, 8D, 4S, 3D, 9D, 5C, 4H, 8S, 6S, 7C, 7S, 9C, 8H, AD, 3S, 9H, 3H]
2025-01-04 21:09:01,809 - Castle: [KD, KC, KH, KS, QS, QH, QD, QC, JD, JH]
2025-01-04 21:09:01,809 - Discard: [TH, 2H, 9S, AH, 2C, 6D, AS, 7D]
2025-01-04 21:09:01,809 - Active Player: 1
2025-01-04 21:09:01,809 - STATE LOG: END
2025-01-04 21:09:01,826 - STATE LOG: BEGIN
2025-01-04 21:09:01,826 - Noah's Hand: [2D, 4C, 6C, 7H]
2025-01-04 21:09:01,826 - Eve's Hand: [AC, 4D, 5H, TD, 6H, 8C, TC]
2025-01-04 21:09:01,826 - Boss: Rank: 11 | Suit C | Attack 5 | Health 15
2025-01-04 21:09:01,826 - Tavern: [5D, 3C, 8D, 4S, 3D, 9D, 5C, 4H, 8S, 6S, 7C, 7S, 9C, 8H, AD, 3S, 9H, 3H]
2025-01-04 21:09:01,826 - Castle: [KD, KC, KH, KS, QS, QH, QD, QC, JD, JH]
2025-01-04 21:09:01,826 - Discard: [TH, 2H, 9S, AH, 2C, 6D, AS, 7D, 2S, TS]
2025-01-04 21:09:01,826 - Active Player: 2
2025-01-04 21:09:01,826 - STATE LOG: END
2025-01-04 21:09:01,841 - STATE LOG: BEGIN
2025-01-04 21:09:01,841 - Noah's Hand: [2D, 4C, 6C, 7H]
2025-01-04 21:09:01,841 - Eve's Hand: [4D, 5H, 8C, TC, TD]
2025-01-04 21:09:01,841 - Boss: Rank: 11 | Suit C | Attack 5 | Health 14
2025-01-04 21:09:01,841 - Tavern: [5D, 3C, 8D, 4S, 3D, 9D, 5C, 4H, 8S, 6S, 7C, 7S, 9C, 8H, AD, 3S, 9H, 3H]
2025-01-04 21:09:01,841 - Castle: [KD, KC, KH, KS, QS, QH, QD, QC, JD, JH]
2025-01-04 21:09:01,841 - Discard: [TH, 2H, 9S, AH, 2C, 6D, AS, 7D, 2S, TS, 6H]
2025-01-04 21:09:01,841 - Active Player: 1
2025-01-04 21:09:01,841 - STATE LOG: END
2025-01-04 21:09:01,853 - STATE LOG: BEGIN
2025-01-04 21:09:01,853 - Noah's Hand: [2D, 6C]
2025-01-04 21:09:01,853 - Eve's Hand: [4D, 5H, 8C, TC, TD]
2025-01-04 21:09:01,853 - Boss: Rank: 11 | Suit C | Attack 5 | Health 14
2025-01-04 21:09:01,853 - Tavern: [5D, 3C, 8D, 4S, 3D, 9D, 5C, 4H, 8S, 6S, 7C, 7S, 9C, 8H, AD, 3S, 9H, 3H]
2025-01-04 21:09:01,853 - Castle: [KD, KC, KH, KS, QS, QH, QD, QC, JD, JH]
2025-01-04 21:09:01,853 - Discard: [TH, 2H, 9S, AH, 2C, 6D, AS, 7D, 2S, TS, 6H, 4C, 7H]
2025-01-04 21:09:01,853 - Active Player: 2
2025-01-04 21:09:01,853 - STATE LOG: END
2025-01-04 21:09:01,866 - STATE LOG: BEGIN
2025-01-04 21:09:01,866 - Noah's Hand: [2D, 6C, 3H, 3S]
2025-01-04 21:09:01,866 - Eve's Hand: [8C, TC, TD, JS, 9H]
2025-01-04 21:09:01,866 - Boss: Rank: 11 | Suit C | Attack 5 | Health 10
2025-01-04 21:09:01,866 - Tavern: [5D, 3C, 8D, 4S, 3D, 9D, 5C, 4H, 8S, 6S, 7C, 7S, 9C, 8H, AD]
2025-01-04 21:09:01,866 - Castle: [KD, KC, KH, KS, QS, QH, QD, QC, JD, JH]
2025-01-04 21:09:01,866 - Discard: [TH, 2H, 9S, AH, 2C, 6D, AS, 7D, 2S, TS, 6H, 4C, 7H, 5H]
2025-01-04 21:09:01,866 - Active Player: 1
2025-01-04 21:09:01,866 - STATE LOG: END
2025-01-04 21:09:01,876 - STATE LOG: BEGIN
2025-01-04 21:09:01,876 - Noah's Hand: [2D, 6C]
2025-01-04 21:09:01,876 - Eve's Hand: [8C, TC, TD, JS, 9H]
2025-01-04 21:09:01,876 - Boss: Rank: 11 | Suit C | Attack 0 | Health 4
2025-01-04 21:09:01,876 - Tavern: [7H, 6D, TH, 5H, 2S, 2H, 5D, 3C, 8D, 4S, 3D, 9D, 5C, 4H, 8S, 6S, 7C, 7S, 9C, 8H, AD]
2025-01-04 21:09:01,876 - Castle: [KD, KC, KH, KS, QS, QH, QD, QC, JD, JH]
2025-01-04 21:09:01,876 - Discard: [4C, AH, 2C, 9S, TS, 6H, 7D, AS]
2025-01-04 21:09:01,876 - Active Player: 2
2025-01-04 21:09:01,876 - STATE LOG: END
2025-01-04 21:09:01,887 - STATE LOG: BEGIN
2025-01-04 21:09:01,887 - Noah's Hand: [2D, 6C, 8H, 7S, 6S, 8S, 4H]
2025-01-04 21:09:01,887 - Eve's Hand: [8C, 9H, TC, JS, AD, 9C, 7C]
2025-01-04 21:09:01,887 - Boss: Rank: 11 | Suit H | Attack 10 | Health 20
2025-01-04 21:09:01,887 - Tavern: [7H, 6D, TH, 5H, 2S, 2H, 5D, 3C, 8D, 4S, 3D, 9D, 5C]
2025-01-04 21:09:01,887 - Castle: [KD, KC, KH, KS, QS, QH, QD, QC, JD]
2025-01-04 21:09:01,887 - Discard: [4C, AH, 2C, 9S, TS, 6H, 7D, AS, 5S, 3H, 3S, AC, 4D, TD, JC]
2025-01-04 21:09:01,887 - Active Player: 2
2025-01-04 21:09:01,887 - STATE LOG: END
2025-01-04 21:09:01,902 - STATE LOG: BEGIN
2025-01-04 21:09:01,902 - Noah's Hand: [2D, 6C, 8H, 7S, 6S, 8S, 4H]
2025-01-04 21:09:01,902 - Eve's Hand: [AD, 7C, 8C, 9C, 9H, TC]
2025-01-04 21:09:01,902 - Boss: Rank: 11 | Suit H | Attack 0 | Health 9
2025-01-04 21:09:01,902 - Tavern: [7H, 6D, TH, 5H, 2S, 2H, 5D, 3C, 8D, 4S, 3D, 9D, 5C]
2025-01-04 21:09:01,902 - Castle: [KD, KC, KH, KS, QS, QH, QD, QC, JD]
2025-01-04 21:09:01,902 - Discard: [4C, AH, 2C, 9S, TS, 6H, 7D, AS, 5S, 3H, 3S, AC, 4D, TD, JC]
2025-01-04 21:09:01,902 - Active Player: 1
2025-01-04 21:09:01,902 - STATE LOG: END
2025-01-04 21:09:01,917 - STATE LOG: BEGIN
2025-01-04 21:09:01,917 - Noah's Hand: [2D, 6C, 6S, 7S, 8H, 8S]
2025-01-04 21:09:01,917 - Eve's Hand: [AD, 7C, 8C, 9C, 9H, TC]
2025-01-04 21:09:01,917 - Boss: Rank: 11 | Suit H | Attack 0 | Health 5
2025-01-04 21:09:01,917 - Tavern: [7H, 6D, TH, 5H, 2S, 2H, 5D, 3C, 8D, 4S, 3D, 9D, 5C]
2025-01-04 21:09:01,917 - Castle: [KD, KC, KH, KS, QS, QH, QD, QC, JD]
2025-01-04 21:09:01,917 - Discard: [4C, AH, 2C, 9S, TS, 6H, 7D, AS, 5S, 3H, 3S, AC, 4D, TD, JC]
2025-01-04 21:09:01,917 - Active Player: 2
2025-01-04 21:09:01,917 - STATE LOG: END
2025-01-04 21:09:01,932 - STATE LOG: BEGIN
2025-01-04 21:09:01,932 - Noah's Hand: [2D, 6C, 6S, 7S, 8H, 8S, 9D]
2025-01-04 21:09:01,932 - Eve's Hand: [7C, 8C, 9C, 9H, 5C, 3D, 4S]
2025-01-04 21:09:01,932 - Boss: Rank: 11 | Suit D | Attack 10 | Health 20
2025-01-04 21:09:01,932 - Tavern: [7H, 6D, TH, 5H, 2S, 2H, 5D, 3C, 8D]
2025-01-04 21:09:01,932 - Castle: [KD, KC, KH, KS, QS, QH, QD, QC]
2025-01-04 21:09:01,932 - Discard: [4C, AH, 2C, 9S, TS, 6H, 7D, AS, 5S, 3H, 3S, AC, 4D, TD, JC, 4H, JS, AD, TC, JH]
2025-01-04 21:09:01,932 - Active Player: 2
2025-01-04 21:09:01,932 - STATE LOG: END
2025-01-04 21:09:01,944 - STATE LOG: BEGIN
2025-01-04 21:09:01,944 - Noah's Hand: [2D, 6C, 6S, 7S, 8H, 8S, 9D]
2025-01-04 21:09:01,944 - Eve's Hand: [3D, 4S, 9C, 9H]
2025-01-04 21:09:01,944 - Boss: Rank: 11 | Suit D | Attack 10 | Health 10
2025-01-04 21:09:01,944 - Tavern: [7H, 6D, TH, 5H, 2S, 2H, 5D, 3C, 8D]
2025-01-04 21:09:01,944 - Castle: [KD, KC, KH, KS, QS, QH, QD, QC]
2025-01-04 21:09:01,944 - Discard: [4C, AH, 2C, 9S, TS, 6H, 7D, AS, 5S, 3H, 3S, AC, 4D, TD, JC, 4H, JS, AD, TC, JH, 8C, 7C]
2025-01-04 21:09:01,944 - Active Player: 1
2025-01-04 21:09:01,944 - STATE LOG: END
2025-01-04 21:09:01,958 - STATE LOG: BEGIN
2025-01-04 21:09:01,958 - Noah's Hand: [2D, 6S, 7S, 8H, 8S, 9D]
2025-01-04 21:09:01,958 - Eve's Hand: [3D, 4S, 9C, 9H]
2025-01-04 21:09:01,958 - Boss: Rank: 12 | Suit C | Attack 15 | Health 30
2025-01-04 21:09:01,958 - Tavern: [7H, 6D, TH, 5H, 2S, 2H, 5D, 3C, 8D]
2025-01-04 21:09:01,958 - Castle: [KD, KC, KH, KS, QS, QH, QD]
2025-01-04 21:09:01,958 - Discard: [4C, AH, 2C, 9S, TS, 6H, 7D, AS, 5S, 3H, 3S, AC, 4D, TD, JC, 4H, JS, AD, TC, JH, 8C, 7C, 6C, 5C, JD]
2025-01-04 21:09:01,958 - Active Player: 1
2025-01-04 21:09:01,958 - STATE LOG: END
2025-01-04 21:09:02,021 - STATE LOG: BEGIN
2025-01-04 21:09:02,021 - Noah's Hand: [2D, 8S, 9D]
2025-01-04 21:09:02,021 - Eve's Hand: [3D, 4S, 9C, 9H]
2025-01-04 21:09:02,021 - Boss: Rank: 12 | Suit C | Attack 9 | Health 24
2025-01-04 21:09:02,021 - Tavern: [7H, 6D, TH, 5H, 2S, 2H, 5D, 3C, 8D]
2025-01-04 21:09:02,021 - Castle: [KD, KC, KH, KS, QS, QH, QD]
2025-01-04 21:09:02,021 - Discard: [4C, AH, 2C, 9S, TS, 6H, 7D, AS, 5S, 3H, 3S, AC, 4D, TD, JC, 4H, JS, AD, TC, JH, 8C, 7C, 6C, 5C, JD, 8H, 7S]
2025-01-04 21:09:02,021 - Active Player: 2
2025-01-04 21:09:02,021 - STATE LOG: END
2025-01-04 21:09:02,036 - STATE LOG: BEGIN
2025-01-04 21:09:02,036 - Noah's Hand: [2D, 8S, 9D]
2025-01-04 21:09:02,036 - Eve's Hand: [3D, 9H]
2025-01-04 21:09:02,036 - Boss: Rank: 12 | Suit C | Attack 9 | Health 24
2025-01-04 21:09:02,036 - Tavern: [7H, 6D, TH, 5H, 2S, 2H, 5D, 3C, 8D]
2025-01-04 21:09:02,036 - Castle: [KD, KC, KH, KS, QS, QH, QD]
2025-01-04 21:09:02,036 - Discard: [4C, AH, 2C, 9S, TS, 6H, 7D, AS, 5S, 3H, 3S, AC, 4D, TD, JC, 4H, JS, AD, TC, JH, 8C, 7C, 6C, 5C, JD, 8H, 7S, 4S, 9C]
2025-01-04 21:09:02,036 - Active Player: 1
2025-01-04 21:09:02,036 - STATE LOG: END
2025-01-04 21:09:02,049 - STATE LOG: BEGIN
2025-01-04 21:09:02,049 - Noah's Hand: [2D, 8D, 5D, TH, 7H]
2025-01-04 21:09:02,049 - Eve's Hand: [3D, 9H, 3C, 2H, 5H, 6D]
2025-01-04 21:09:02,049 - Boss: Rank: 12 | Suit C | Attack 9 | Health 15
2025-01-04 21:09:02,049 - Tavern: []
2025-01-04 21:09:02,049 - Castle: [KD, KC, KH, KS, QS, QH, QD]
2025-01-04 21:09:02,049 - Discard: [4C, AH, 2C, 9S, TS, 6H, 7D, AS, 5S, 3H, 3S, AC, 4D, TD, JC, 4H, JS, AD, TC, JH, 8C, 7C, 6C, 5C, JD, 8H, 7S, 4S, 9C, 8S, 2S]
2025-01-04 21:09:02,049 - Active Player: 2
2025-01-04 21:09:02,049 - STATE LOG: END
2025-01-04 21:09:02,062 - STATE LOG: BEGIN
2025-01-04 21:09:02,062 - Noah's Hand: [2D, 8D, 5D, TH, 7H]
2025-01-04 21:09:02,062 - Eve's Hand: [3D, 6D]
2025-01-04 21:09:02,062 - Boss: Rank: 12 | Suit C | Attack 9 | Health 6
2025-01-04 21:09:02,062 - Tavern: [5C, 5S, 7S, 3S, TC, 6H, AS, 3H, JC]
2025-01-04 21:09:02,062 - Castle: [KD, KC, KH, KS, QS, QH, QD]
2025-01-04 21:09:02,062 - Discard: [2S, 4C, 8H, 7C, 4S, 4H, 7D, JD, TD, 6C, JS, 8S, JH, 2C, AD, 8C, TS, 9S, AH, 9C, 4D, AC, 2H, 3C, 5H]
2025-01-04 21:09:02,062 - Active Player: 1
2025-01-04 21:09:02,062 - STATE LOG: END
2025-01-04 21:09:02,077 - STATE LOG: BEGIN
2025-01-04 21:09:02,077 - Noah's Hand: [2D, 7H, 8D, JC, AS, TC]
2025-01-04 21:09:02,077 - Eve's Hand: [3D, 6D, 3H, 6H]
2025-01-04 21:09:02,077 - Boss: Rank: 12 | Suit C | Attack 9 | Health 1
2025-01-04 21:09:02,077 - Tavern: [5C, 5S, 7S, 3S]
2025-01-04 21:09:02,077 - Castle: [KD, KC, KH, KS, QS, QH, QD]
2025-01-04 21:09:02,077 - Discard: [2S, 4C, 8H, 7C, 4S, 4H, 7D, JD, TD, 6C, JS, 8S, JH, 2C, AD, 8C, TS, 9S, AH, 9C, 4D, AC, 2H, 3C, 5H, TH]
2025-01-04 21:09:02,078 - Active Player: 2
2025-01-04 21:09:02,078 - STATE LOG: END
2025-01-04 21:09:02,093 - STATE LOG: BEGIN
2025-01-04 21:09:02,093 - Noah's Hand: [2D, 7H, 8D, JC, AS, TC, 7S]
2025-01-04 21:09:02,093 - Eve's Hand: [6D, 6H, 3S, 5S, 5C, 2S, 4S]
2025-01-04 21:09:02,093 - Boss: Rank: 12 | Suit D | Attack 15 | Health 30
2025-01-04 21:09:02,093 - Tavern: [2C, 9S, 4C, 6C]
2025-01-04 21:09:02,093 - Castle: [KD, KC, KH, KS, QS, QH]
2025-01-04 21:09:02,093 - Discard: [4H, JD, JH, JS, TS, 5H, 8C, AC, AD, TD, 7D, AH, 4D, 2H, 9C, TH, 8S, 8H, 7C, 3C, 6S, 9D, 5D, 9H, 3D, 3H, QC]
2025-01-04 21:09:02,093 - Active Player: 2
2025-01-04 21:09:02,093 - STATE LOG: END
2025-01-04 21:09:02,108 - STATE LOG: BEGIN
2025-01-04 21:09:02,108 - Noah's Hand: [2D, 7H, 8D, JC, AS, TC, 7S]
2025-01-04 21:09:02,108 - Eve's Hand: [6D, 6H]
2025-01-04 21:09:02,108 - Boss: Rank: 12 | Suit D | Attack 12 | Health 27
2025-01-04 21:09:02,108 - Tavern: [2C, 9S, 4C, 6C]
2025-01-04 21:09:02,108 - Castle: [KD, KC, KH, KS, QS, QH]
2025-01-04 21:09:02,108 - Discard: [4H, JD, JH, JS, TS, 5H, 8C, AC, AD, TD, 7D, AH, 4D, 2H, 9C, TH, 8S, 8H, 7C, 3C, 6S, 9D, 5D, 9H, 3D, 3H, QC, 2S, 4S, 5C, 5S]
2025-01-04 21:09:02,108 - Active Player: 1
2025-01-04 21:09:02,108 - STATE LOG: END
2025-01-04 21:09:02,121 - STATE LOG: BEGIN
2025-01-04 21:09:02,121 - Noah's Hand: [2D, 7H, 8D, TC]
2025-01-04 21:09:02,121 - Eve's Hand: [6D, 6H]
2025-01-04 21:09:02,121 - Boss: Rank: 12 | Suit D | Attack 4 | Health 19
2025-01-04 21:09:02,121 - Tavern: [2C, 9S, 4C, 6C]
2025-01-04 21:09:02,121 - Castle: [KD, KC, KH, KS, QS, QH]
2025-01-04 21:09:02,121 - Discard: [4H, JD, JH, JS, TS, 5H, 8C, AC, AD, TD, 7D, AH, 4D, 2H, 9C, TH, 8S, 8H, 7C, 3C, 6S, 9D, 5D, 9H, 3D, 3H, QC, 2S, 4S, 5C, 5S, JC]
2025-01-04 21:09:02,121 - Active Player: 2
2025-01-04 21:09:02,121 - STATE LOG: END
2025-01-04 21:09:02,129 - STATE LOG: BEGIN
2025-01-04 21:09:02,129 - Noah's Hand: [2D, 7H, 8D, TC]
2025-01-04 21:09:02,129 - Eve's Hand: [6D]
2025-01-04 21:09:02,129 - Boss: Rank: 12 | Suit D | Attack 4 | Health 19
2025-01-04 21:09:02,129 - Tavern: [2C, 9S, 4C, 6C]
2025-01-04 21:09:02,129 - Castle: [KD, KC, KH, KS, QS, QH]
2025-01-04 21:09:02,129 - Discard: [4H, JD, JH, JS, TS, 5H, 8C, AC, AD, TD, 7D, AH, 4D, 2H, 9C, TH, 8S, 8H, 7C, 3C, 6S, 9D, 5D, 9H, 3D, 3H, QC, 2S, 4S, 5C, 5S, JC, 6H]
2025-01-04 21:09:02,129 - Active Player: 1
2025-01-04 21:09:02,129 - STATE LOG: END
2025-01-04 21:09:02,140 - STATE LOG: BEGIN
2025-01-04 21:09:02,141 - Noah's Hand: [2D, TC]
2025-01-04 21:09:02,141 - Eve's Hand: [6D]
2025-01-04 21:09:02,141 - Boss: Rank: 12 | Suit D | Attack 4 | Health 11
2025-01-04 21:09:02,141 - Tavern: [2C, 9S, 4C, 6C]
2025-01-04 21:09:02,141 - Castle: [KD, KC, KH, KS, QS, QH]
2025-01-04 21:09:02,141 - Discard: [4H, JD, JH, JS, TS, 5H, 8C, AC, AD, TD, 7D, AH, 4D, 2H, 9C, TH, 8S, 8H, 7C, 3C, 6S, 9D, 5D, 9H, 3D, 3H, QC, 2S, 4S, 5C, 5S, JC, 6H, 7H]
2025-01-04 21:09:02,141 - Active Player: 2
2025-01-04 21:09:02,141 - STATE LOG: END
2025-01-04 21:09:02,143 - STATE LOG: BEGIN
2025-01-04 21:09:02,143 - Noah's Hand: [2D, TC]
2025-01-04 21:09:02,143 - Eve's Hand: []
2025-01-04 21:09:02,143 - Boss: Rank: 12 | Suit D | Attack 4 | Health 11
2025-01-04 21:09:02,143 - Tavern: [2C, 9S, 4C, 6C]
2025-01-04 21:09:02,143 - Castle: [KD, KC, KH, KS, QS, QH]
2025-01-04 21:09:02,143 - Discard: [4H, JD, JH, JS, TS, 5H, 8C, AC, AD, TD, 7D, AH, 4D, 2H, 9C, TH, 8S, 8H, 7C, 3C, 6S, 9D, 5D, 9H, 3D, 3H, QC, 2S, 4S, 5C, 5S, JC, 6H, 7H, 6D]
2025-01-04 21:09:02,143 - Active Player: 1
2025-01-04 21:09:02,143 - STATE LOG: END
