2025-01-04 01:19:47,202 - I log states! :D
2025-01-04 01:19:47,202 - STATE LOG: BEGIN
2025-01-04 01:19:47,202 - Noah's Hand: [6H, 5D, 8S, 7D, 8H, 2S, 9S]
2025-01-04 01:19:47,202 - Eve's Hand: [AD, 9C, 7H, 4D, 5C, AH, 9H]
2025-01-04 01:19:47,202 - Boss: Rank: 11 | Suit H | Attack 10 | Health 20
2025-01-04 01:19:47,202 - Tavern: [3C, 5H, AS, AC, 4H, 3D, TS, TD, 4S, 7C, 3S, 6C, 6D, TH, 8C, 2C, TC, 7S, 9D, 3H, 2H, 6S, 5S, 8D, 2D, 4C]
2025-01-04 01:19:47,203 - Castle: [KC, KS, KD, KH, QS, QH, QC, QD, JS, JD, JC]
2025-01-04 01:19:47,203 - Discard: []
2025-01-04 01:19:47,203 - Active Player: 1
2025-01-04 01:19:47,203 - STATE LOG: END
2025-01-04 01:20:08,041 - STATE LOG: BEGIN
2025-01-04 01:20:08,043 - Noah's Hand: [2S, 5D, 6H, 7D, 8H]
2025-01-04 01:20:08,043 - Eve's Hand: [AD, 9C, 7H, 4D, 5C, AH, 9H]
2025-01-04 01:20:08,043 - Boss: Rank: 11 | Suit H | Attack 1 | Health 11
2025-01-04 01:20:08,043 - Tavern: [3C, 5H, AS, AC, 4H, 3D, TS, TD, 4S, 7C, 3S, 6C, 6D, TH, 8C, 2C, TC, 7S, 9D, 3H, 2H, 6S, 5S, 8D, 2D, 4C]
2025-01-04 01:20:08,043 - Castle: [KC, KS, KD, KH, QS, QH, QC, QD, JS, JD, JC]
2025-01-04 01:20:08,043 - Discard: [8S]
2025-01-04 01:20:08,043 - Active Player: 2
2025-01-04 01:20:08,043 - STATE LOG: END
2025-01-04 01:20:18,050 - STATE LOG: BEGIN
2025-01-04 01:20:18,050 - Noah's Hand: [2S, 5D, 6H, 7D, 8H]
2025-01-04 01:20:18,050 - Eve's Hand: [AD, 4D, 5C, 7H, 9C]
2025-01-04 01:20:18,050 - Boss: Rank: 11 | Suit H | Attack 1 | Health 10
2025-01-04 01:20:18,050 - Tavern: [3C, 5H, AS, AC, 4H, 3D, TS, TD, 4S, 7C, 3S, 6C, 6D, TH, 8C, 2C, TC, 7S, 9D, 3H, 2H, 6S, 5S, 8D, 2D, 4C]
2025-01-04 01:20:18,050 - Castle: [KC, KS, KD, KH, QS, QH, QC, QD, JS, JD, JC]
2025-01-04 01:20:18,050 - Discard: [8S, 9H]
2025-01-04 01:20:18,050 - Active Player: 1
2025-01-04 01:20:18,050 - STATE LOG: END
2025-01-04 01:20:28,054 - STATE LOG: BEGIN
2025-01-04 01:20:28,056 - Noah's Hand: [2S, 5D, 6H, 7D]
2025-01-04 01:20:28,056 - Eve's Hand: [AD, 4D, 5C, 7H, 9C]
2025-01-04 01:20:28,056 - Boss: Rank: 11 | Suit H | Attack 1 | Health 10
2025-01-04 01:20:28,056 - Tavern: [3C, 5H, AS, AC, 4H, 3D, TS, TD, 4S, 7C, 3S, 6C, 6D, TH, 8C, 2C, TC, 7S, 9D, 3H, 2H, 6S, 5S, 8D, 2D, 4C]
2025-01-04 01:20:28,056 - Castle: [KC, KS, KD, KH, QS, QH, QC, QD, JS, JD, JC]
2025-01-04 01:20:28,056 - Discard: [8S, 9H, 8H]
2025-01-04 01:20:28,056 - Active Player: 2
2025-01-04 01:20:28,056 - STATE LOG: END
2025-01-04 01:20:38,064 - STATE LOG: BEGIN
2025-01-04 01:20:38,067 - Noah's Hand: [2S, 5D, 6H, 7D, 2D, 5S, 2H]
2025-01-04 01:20:38,067 - Eve's Hand: [4D, 5C, 9C, 4C, 8D, 6S]
2025-01-04 01:20:38,067 - Boss: Rank: 11 | Suit H | Attack 1 | Health 2
2025-01-04 01:20:38,067 - Tavern: [3C, 5H, AS, AC, 4H, 3D, TS, TD, 4S, 7C, 3S, 6C, 6D, TH, 8C, 2C, TC, 7S, 9D]
2025-01-04 01:20:38,068 - Castle: [KC, KS, KD, KH, QS, QH, QC, QD, JS, JD, JC]
2025-01-04 01:20:38,068 - Discard: [8S, 9H, 8H, 3H]
2025-01-04 01:20:38,068 - Active Player: 1
2025-01-04 01:20:38,068 - STATE LOG: END
2025-01-04 01:20:48,494 - STATE LOG: BEGIN
2025-01-04 01:20:48,495 - Noah's Hand: [5D, 5S, 6H, 7D, 9D, TC, 2C]
2025-01-04 01:20:48,495 - Eve's Hand: [4D, 5C, 9C, 4C, 8D, 6S, 7S]
2025-01-04 01:20:48,495 - Boss: Rank: 11 | Suit C | Attack 10 | Health 20
2025-01-04 01:20:48,495 - Tavern: [3C, 5H, AS, AC, 4H, 3D, TS, TD, 4S, 7C, 3S, 6C, 6D, TH, 8C]
2025-01-04 01:20:48,495 - Castle: [KC, KS, KD, KH, QS, QH, QC, QD, JS, JD]
2025-01-04 01:20:48,495 - Discard: [8S, 9H, 8H, 3H, 9S, 2D, 2H, 2S, AH, AD, 7H, JH]
2025-01-04 01:20:48,495 - Active Player: 1
2025-01-04 01:20:48,495 - STATE LOG: END
2025-01-04 01:20:58,507 - STATE LOG: BEGIN
2025-01-04 01:20:58,508 - Noah's Hand: [5D, 5S, 6H, 7D, 9D]
2025-01-04 01:20:58,508 - Eve's Hand: [4D, 5C, 9C, 4C, 8D, 6S, 7S]
2025-01-04 01:20:58,508 - Boss: Rank: 11 | Suit C | Attack 10 | Health 18
2025-01-04 01:20:58,508 - Tavern: [3C, 5H, AS, AC, 4H, 3D, TS, TD, 4S, 7C, 3S, 6C, 6D, TH, 8C]
2025-01-04 01:20:58,508 - Castle: [KC, KS, KD, KH, QS, QH, QC, QD, JS, JD]
2025-01-04 01:20:58,508 - Discard: [8S, 9H, 8H, 3H, 9S, 2D, 2H, 2S, AH, AD, 7H, JH, TC]
2025-01-04 01:20:58,509 - Active Player: 2
2025-01-04 01:20:58,509 - STATE LOG: END
2025-01-04 01:21:08,580 - STATE LOG: BEGIN
2025-01-04 01:21:08,588 - Noah's Hand: [5D, 5S, 6H, 7D, 9D, TH, 6D]
2025-01-04 01:21:08,588 - Eve's Hand: [4C, 5C, 6S, 7S, 8D]
2025-01-04 01:21:08,589 - Boss: Rank: 11 | Suit C | Attack 10 | Health 14
2025-01-04 01:21:08,589 - Tavern: [3C, 5H, AS, AC, 4H, 3D, TS, TD, 4S, 7C, 3S, 6C]
2025-01-04 01:21:08,589 - Castle: [KC, KS, KD, KH, QS, QH, QC, QD, JS, JD]
2025-01-04 01:21:08,590 - Discard: [8S, 9H, 8H, 3H, 9S, 2D, 2H, 2S, AH, AD, 7H, JH, TC, 8C, 9C]
2025-01-04 01:21:08,590 - Active Player: 1
2025-01-04 01:21:08,590 - STATE LOG: END
2025-01-04 01:21:18,604 - STATE LOG: BEGIN
2025-01-04 01:21:18,605 - Noah's Hand: [5D, 5S, 6D, 7D, 9D]
2025-01-04 01:21:18,605 - Eve's Hand: [4C, 5C, 6S, 7S, 8D]
2025-01-04 01:21:18,605 - Boss: Rank: 11 | Suit C | Attack 10 | Health 8
2025-01-04 01:21:18,605 - Tavern: [8H, JH, 7H, 2S, 8S, 2D, 3C, 5H, AS, AC, 4H, 3D, TS, TD, 4S, 7C, 3S, 6C]
2025-01-04 01:21:18,605 - Castle: [KC, KS, KD, KH, QS, QH, QC, QD, JS, JD]
2025-01-04 01:21:18,605 - Discard: [AD, 9S, 2H, 9H, TC, 3H, 8C, 9C, AH, TH]
2025-01-04 01:21:18,605 - Active Player: 2
2025-01-04 01:21:18,605 - STATE LOG: END
2025-01-04 01:21:28,615 - STATE LOG: BEGIN
2025-01-04 01:21:28,618 - Noah's Hand: [5D, 5S, 6D, 7D, 9D]
2025-01-04 01:21:28,618 - Eve's Hand: [4C, 5C, 6S]
2025-01-04 01:21:28,618 - Boss: Rank: 11 | Suit C | Attack 10 | Health 8
2025-01-04 01:21:28,620 - Tavern: [8H, JH, 7H, 2S, 8S, 2D, 3C, 5H, AS, AC, 4H, 3D, TS, TD, 4S, 7C, 3S, 6C]
2025-01-04 01:21:28,620 - Castle: [KC, KS, KD, KH, QS, QH, QC, QD, JS, JD]
2025-01-04 01:21:28,621 - Discard: [AD, 9S, 2H, 9H, TC, 3H, 8C, 9C, AH, TH, 8D, 7S]
2025-01-04 01:21:28,622 - Active Player: 1
2025-01-04 01:21:28,622 - STATE LOG: END
2025-01-04 01:21:38,631 - STATE LOG: BEGIN
2025-01-04 01:21:38,631 - Noah's Hand: [5D, 5S, 6D, 9D, 6C, 7C]
2025-01-04 01:21:38,631 - Eve's Hand: [4C, 5C, 6S, 3S, 4S, TS, 3D]
2025-01-04 01:21:38,631 - Boss: Rank: 11 | Suit C | Attack 10 | Health 1
2025-01-04 01:21:38,631 - Tavern: [8H, JH, 7H, 2S, 8S, 2D, 3C, 5H, AS, AC, 4H]
2025-01-04 01:21:38,631 - Castle: [KC, KS, KD, KH, QS, QH, QC, QD, JS, JD]
2025-01-04 01:21:38,631 - Discard: [AD, 9S, 2H, 9H, TC, 3H, 8C, 9C, AH, TH, 8D, 7S, TD]
2025-01-04 01:21:38,631 - Active Player: 2
2025-01-04 01:21:38,632 - STATE LOG: END
2025-01-04 01:21:48,636 - STATE LOG: BEGIN
2025-01-04 01:21:48,637 - Noah's Hand: [5D, 5S, 6D, 9D, 6C, 7C, AC]
2025-01-04 01:21:48,637 - Eve's Hand: [3S, 4C, 4S, 5C, 6S, TS, 4H]
2025-01-04 01:21:48,637 - Boss: Rank: 11 | Suit D | Attack 10 | Health 20
2025-01-04 01:21:48,637 - Tavern: [8H, JH, 7H, 2S, 8S, 2D, 3C, 5H, AS]
2025-01-04 01:21:48,637 - Castle: [KC, KS, KD, KH, QS, QH, QC, QD, JS]
2025-01-04 01:21:48,637 - Discard: [AD, 9S, 2H, 9H, TC, 3H, 8C, 9C, AH, TH, 8D, 7S, TD, 2C, 6H, 7D, 4D, 3D, JC]
2025-01-04 01:21:48,637 - Active Player: 2
2025-01-04 01:21:48,637 - STATE LOG: END
2025-01-04 01:21:58,641 - STATE LOG: BEGIN
2025-01-04 01:21:58,643 - Noah's Hand: [5D, 5S, 6D, 9D, 6C, 7C, AC]
2025-01-04 01:21:58,643 - Eve's Hand: [3S, 4C, 4H, 4S, 5C, 6S]
2025-01-04 01:21:58,643 - Boss: Rank: 11 | Suit D | Attack 0 | Health 10
2025-01-04 01:21:58,643 - Tavern: [8H, JH, 7H, 2S, 8S, 2D, 3C, 5H, AS]
2025-01-04 01:21:58,643 - Castle: [KC, KS, KD, KH, QS, QH, QC, QD, JS]
2025-01-04 01:21:58,644 - Discard: [AD, 9S, 2H, 9H, TC, 3H, 8C, 9C, AH, TH, 8D, 7S, TD, 2C, 6H, 7D, 4D, 3D, JC]
2025-01-04 01:21:58,644 - Active Player: 1
2025-01-04 01:21:58,644 - STATE LOG: END
2025-01-04 01:22:08,657 - STATE LOG: BEGIN
2025-01-04 01:22:08,662 - Noah's Hand: [AC, 5D, 6C, 6D, 7C, 9D]
2025-01-04 01:22:08,662 - Eve's Hand: [3S, 4C, 4H, 4S, 5C, 6S]
2025-01-04 01:22:08,662 - Boss: Rank: 11 | Suit D | Attack 0 | Health 5
2025-01-04 01:22:08,663 - Tavern: [8H, JH, 7H, 2S, 8S, 2D, 3C, 5H, AS]
2025-01-04 01:22:08,663 - Castle: [KC, KS, KD, KH, QS, QH, QC, QD, JS]
2025-01-04 01:22:08,665 - Discard: [AD, 9S, 2H, 9H, TC, 3H, 8C, 9C, AH, TH, 8D, 7S, TD, 2C, 6H, 7D, 4D, 3D, JC]
2025-01-04 01:22:08,665 - Active Player: 2
2025-01-04 01:22:08,665 - STATE LOG: END
2025-01-04 01:22:18,673 - STATE LOG: BEGIN
2025-01-04 01:22:18,674 - Noah's Hand: [AC, 5D, 6C, 6D, 7C, 9D]
2025-01-04 01:22:18,674 - Eve's Hand: [3S, 4C, 4S, 5C, 6S]
2025-01-04 01:22:18,674 - Boss: Rank: 11 | Suit D | Attack 0 | Health 1
2025-01-04 01:22:18,674 - Tavern: [9C, 2C, TD, 6H, 8H, JH, 7H, 2S, 8S, 2D, 3C, 5H, AS]
2025-01-04 01:22:18,674 - Castle: [KC, KS, KD, KH, QS, QH, QC, QD, JS]
2025-01-04 01:22:18,674 - Discard: [TH, 7D, 9S, AD, 3D, AH, 8C, TC, 4D, 3H, 2H, 8D, 7S, 9H, JC]
2025-01-04 01:22:18,674 - Active Player: 1
2025-01-04 01:22:18,674 - STATE LOG: END
2025-01-04 01:22:28,677 - STATE LOG: BEGIN
2025-01-04 01:22:28,677 - Noah's Hand: [AC, 5D, 6C, 6D, 9D]
2025-01-04 01:22:28,677 - Eve's Hand: [3S, 4C, 4S, 5C, 6S]
2025-01-04 01:22:28,677 - Boss: Rank: 11 | Suit S | Attack 10 | Health 20
2025-01-04 01:22:28,677 - Tavern: [9C, 2C, TD, 6H, 8H, JH, 7H, 2S, 8S, 2D, 3C, 5H, AS]
2025-01-04 01:22:28,677 - Castle: [KC, KS, KD, KH, QS, QH, QC, QD]
2025-01-04 01:22:28,677 - Discard: [TH, 7D, 9S, AD, 3D, AH, 8C, TC, 4D, 3H, 2H, 8D, 7S, 9H, JC, 5S, 7C, TS, 4H, JD]
2025-01-04 01:22:28,677 - Active Player: 1
2025-01-04 01:22:28,677 - STATE LOG: END
2025-01-04 01:22:38,680 - STATE LOG: BEGIN
2025-01-04 01:22:38,680 - Noah's Hand: [AC, 6C, 6D, 9D, AS]
2025-01-04 01:22:38,680 - Eve's Hand: [3S, 4C, 4S, 5C, 6S, 5H, 2D]
2025-01-04 01:22:38,680 - Boss: Rank: 11 | Suit S | Attack 10 | Health 15
2025-01-04 01:22:38,680 - Tavern: [9C, 2C, TD, 6H, 8H, JH, 7H, 2S]
2025-01-04 01:22:38,680 - Castle: [KC, KS, KD, KH, QS, QH, QC, QD]
2025-01-04 01:22:38,681 - Discard: [TH, 7D, 9S, AD, 3D, AH, 8C, TC, 4D, 3H, 2H, 8D, 7S, 9H, JC, 5S, 7C, TS, 4H, JD, 8S, 3C]
2025-01-04 01:22:38,681 - Active Player: 2
2025-01-04 01:22:38,681 - STATE LOG: END
2025-01-04 01:22:49,161 - STATE LOG: BEGIN
2025-01-04 01:22:49,179 - Noah's Hand: [AC, 6C, 6D, 9D, AS]
2025-01-04 01:22:49,183 - Eve's Hand: [2D, 3S, 4C, 4S]
2025-01-04 01:22:49,183 - Boss: Rank: 11 | Suit S | Attack 10 | Health 5
2025-01-04 01:22:49,184 - Tavern: [9C, 2C, TD, 6H, 8H, JH, 7H, 2S]
2025-01-04 01:22:49,184 - Castle: [KC, KS, KD, KH, QS, QH, QC, QD]
2025-01-04 01:22:49,189 - Discard: [TH, 7D, 9S, AD, 3D, AH, 8C, TC, 4D, 3H, 2H, 8D, 7S, 9H, JC, 5S, 7C, TS, 4H, JD, 8S, 3C, 6S, 5H]
2025-01-04 01:22:49,189 - Active Player: 1
2025-01-04 01:22:49,190 - STATE LOG: END
2025-01-04 01:22:59,258 - STATE LOG: BEGIN
2025-01-04 01:22:59,259 - Noah's Hand: [AS, 6C, 9D, 2S, JH, 6H, 2C]
2025-01-04 01:22:59,259 - Eve's Hand: [2D, 3S, 4C, 4S, 7H, 8H, TD]
2025-01-04 01:22:59,259 - Boss: Rank: 12 | Suit D | Attack 15 | Health 30
2025-01-04 01:22:59,259 - Tavern: [9C]
2025-01-04 01:22:59,259 - Castle: [KC, KS, KD, KH, QS, QH, QC]
2025-01-04 01:22:59,259 - Discard: [TH, 7D, 9S, AD, 3D, AH, 8C, TC, 4D, 3H, 2H, 8D, 7S, 9H, JC, 5S, 7C, TS, 4H, JD, 8S, 3C, 6S, 5H, 5D, AC, 6D, 5C, JS]
2025-01-04 01:22:59,259 - Active Player: 1
2025-01-04 01:22:59,259 - STATE LOG: END
2025-01-04 01:23:09,265 - STATE LOG: BEGIN
2025-01-04 01:23:09,265 - Noah's Hand: [2C, 2S, 6C, 9D]
2025-01-04 01:23:09,265 - Eve's Hand: [2D, 3S, 4C, 4S, 7H, 8H, TD]
2025-01-04 01:23:09,265 - Boss: Rank: 12 | Suit D | Attack 8 | Health 23
2025-01-04 01:23:09,265 - Tavern: [5C, 7S, JD, 4H, 3C, 7C, 3H, 9C]
2025-01-04 01:23:09,266 - Castle: [KC, KS, KD, KH, QS, QH, QC]
2025-01-04 01:23:09,266 - Discard: [AD, 8S, 7D, 8C, JC, 2H, 6S, TC, 6D, 9S, 5H, 8D, AH, JS, TS, 9H, TH, 5D, 5S, AC, 4D, 3D, JH]
2025-01-04 01:23:09,266 - Active Player: 2
2025-01-04 01:23:09,266 - STATE LOG: END
2025-01-04 01:23:19,283 - STATE LOG: BEGIN
2025-01-04 01:23:19,284 - Noah's Hand: [2C, 2S, 6C, 9D]
2025-01-04 01:23:19,284 - Eve's Hand: [2D, 3S, 4C, 7H, 8H]
2025-01-04 01:23:19,284 - Boss: Rank: 12 | Suit D | Attack 4 | Health 19
2025-01-04 01:23:19,284 - Tavern: [5C, 7S, JD, 4H, 3C, 7C, 3H, 9C]
2025-01-04 01:23:19,284 - Castle: [KC, KS, KD, KH, QS, QH, QC]
2025-01-04 01:23:19,284 - Discard: [AD, 8S, 7D, 8C, JC, 2H, 6S, TC, 6D, 9S, 5H, 8D, AH, JS, TS, 9H, TH, 5D, 5S, AC, 4D, 3D, JH, TD]
2025-01-04 01:23:19,284 - Active Player: 1
2025-01-04 01:23:19,284 - STATE LOG: END
2025-01-04 01:23:29,309 - STATE LOG: BEGIN
2025-01-04 01:23:29,310 - Noah's Hand: [2C, 6C]
2025-01-04 01:23:29,310 - Eve's Hand: [2D, 3S, 4C, 7H, 8H]
2025-01-04 01:23:29,310 - Boss: Rank: 12 | Suit D | Attack 2 | Health 17
2025-01-04 01:23:29,310 - Tavern: [5C, 7S, JD, 4H, 3C, 7C, 3H, 9C]
2025-01-04 01:23:29,310 - Castle: [KC, KS, KD, KH, QS, QH, QC]
2025-01-04 01:23:29,311 - Discard: [AD, 8S, 7D, 8C, JC, 2H, 6S, TC, 6D, 9S, 5H, 8D, AH, JS, TS, 9H, TH, 5D, 5S, AC, 4D, 3D, JH, TD, 9D]
2025-01-04 01:23:29,311 - Active Player: 2
2025-01-04 01:23:29,311 - STATE LOG: END
2025-01-04 01:23:31,716 - STATE LOG: BEGIN
2025-01-04 01:23:31,716 - Noah's Hand: [2C, 6C]
2025-01-04 01:23:31,717 - Eve's Hand: [2D, 4C, 7H, 8H]
2025-01-04 01:23:31,717 - Boss: Rank: 12 | Suit D | Attack 0 | Health 14
2025-01-04 01:23:31,717 - Tavern: [5C, 7S, JD, 4H, 3C, 7C, 3H, 9C]
2025-01-04 01:23:31,717 - Castle: [KC, KS, KD, KH, QS, QH, QC]
2025-01-04 01:23:31,717 - Discard: [AD, 8S, 7D, 8C, JC, 2H, 6S, TC, 6D, 9S, 5H, 8D, AH, JS, TS, 9H, TH, 5D, 5S, AC, 4D, 3D, JH, TD, 9D]
2025-01-04 01:23:31,717 - Active Player: 1
2025-01-04 01:23:31,717 - STATE LOG: END
2025-01-04 01:23:35,012 - STATE LOG: BEGIN
2025-01-04 01:23:35,012 - Noah's Hand: [2C, 6C]
2025-01-04 01:23:35,012 - Eve's Hand: [2D, 4C, 7H, 8H]
2025-01-04 01:23:35,012 - Boss: Rank: 12 | Suit D | Attack 0 | Health 14
2025-01-04 01:23:35,012 - Tavern: [5C, 7S, JD, 4H, 3C, 7C, 3H, 9C]
2025-01-04 01:23:35,012 - Castle: [KC, KS, KD, KH, QS, QH, QC]
2025-01-04 01:23:35,012 - Discard: [AD, 8S, 7D, 8C, JC, 2H, 6S, TC, 6D, 9S, 5H, 8D, AH, JS, TS, 9H, TH, 5D, 5S, AC, 4D, 3D, JH, TD, 9D]
2025-01-04 01:23:35,012 - Active Player: 2
2025-01-04 01:23:35,012 - STATE LOG: END
2025-01-04 01:23:36,983 - STATE LOG: BEGIN
2025-01-04 01:23:36,983 - Noah's Hand: [2C, 6C]
2025-01-04 01:23:36,983 - Eve's Hand: [4C, 7H, 8H]
2025-01-04 01:23:36,983 - Boss: Rank: 12 | Suit D | Attack 0 | Health 12
2025-01-04 01:23:36,983 - Tavern: [5C, 7S, JD, 4H, 3C, 7C, 3H, 9C]
2025-01-04 01:23:36,983 - Castle: [KC, KS, KD, KH, QS, QH, QC]
2025-01-04 01:23:36,983 - Discard: [AD, 8S, 7D, 8C, JC, 2H, 6S, TC, 6D, 9S, 5H, 8D, AH, JS, TS, 9H, TH, 5D, 5S, AC, 4D, 3D, JH, TD, 9D]
2025-01-04 01:23:36,983 - Active Player: 1
2025-01-04 01:23:36,983 - STATE LOG: END
2025-01-04 01:23:37,825 - STATE LOG: BEGIN
2025-01-04 01:23:37,825 - Noah's Hand: [2C, 6C]
2025-01-04 01:23:37,825 - Eve's Hand: [4C, 7H, 8H]
2025-01-04 01:23:37,825 - Boss: Rank: 12 | Suit D | Attack 0 | Health 12
2025-01-04 01:23:37,825 - Tavern: [5C, 7S, JD, 4H, 3C, 7C, 3H, 9C]
2025-01-04 01:23:37,825 - Castle: [KC, KS, KD, KH, QS, QH, QC]
2025-01-04 01:23:37,825 - Discard: [AD, 8S, 7D, 8C, JC, 2H, 6S, TC, 6D, 9S, 5H, 8D, AH, JS, TS, 9H, TH, 5D, 5S, AC, 4D, 3D, JH, TD, 9D]
2025-01-04 01:23:37,825 - Active Player: 2
2025-01-04 01:23:37,825 - STATE LOG: END
2025-01-04 01:23:38,152 - STATE LOG: BEGIN
2025-01-04 01:23:38,152 - Noah's Hand: [2C, 6C]
2025-01-04 01:23:38,152 - Eve's Hand: [4C, 8H]
2025-01-04 01:23:38,152 - Boss: Rank: 12 | Suit D | Attack 0 | Health 5
2025-01-04 01:23:38,152 - Tavern: [AC, AH, 5S, 9S, JC, 5D, 8C, 5C, 7S, JD, 4H, 3C, 7C, 3H, 9C]
2025-01-04 01:23:38,152 - Castle: [KC, KS, KD, KH, QS, QH, QC]
2025-01-04 01:23:38,152 - Discard: [8D, JH, 8S, 6D, 9H, TC, TS, 3D, 5H, 2H, 6S, 9D, JS, TH, TD, AD, 7D, 4D]
2025-01-04 01:23:38,152 - Active Player: 1
2025-01-04 01:23:38,152 - STATE LOG: END
2025-01-04 01:23:38,294 - STATE LOG: BEGIN
2025-01-04 01:23:38,294 - Noah's Hand: [6C]
2025-01-04 01:23:38,294 - Eve's Hand: [4C, 8H]
2025-01-04 01:23:38,294 - Boss: Rank: 12 | Suit D | Attack 0 | Health 1
2025-01-04 01:23:38,294 - Tavern: [AC, AH, 5S, 9S, JC, 5D, 8C, 5C, 7S, JD, 4H, 3C, 7C, 3H, 9C]
2025-01-04 01:23:38,294 - Castle: [KC, KS, KD, KH, QS, QH, QC]
2025-01-04 01:23:38,294 - Discard: [8D, JH, 8S, 6D, 9H, TC, TS, 3D, 5H, 2H, 6S, 9D, JS, TH, TD, AD, 7D, 4D]
2025-01-04 01:23:38,295 - Active Player: 2
2025-01-04 01:23:38,295 - STATE LOG: END
2025-01-04 01:23:38,367 - STATE LOG: BEGIN
2025-01-04 01:23:38,367 - Noah's Hand: [6C]
2025-01-04 01:23:38,367 - Eve's Hand: [4C, 8H]
2025-01-04 01:23:38,367 - Boss: Rank: 12 | Suit D | Attack 0 | Health 1
2025-01-04 01:23:38,367 - Tavern: [AC, AH, 5S, 9S, JC, 5D, 8C, 5C, 7S, JD, 4H, 3C, 7C, 3H, 9C]
2025-01-04 01:23:38,367 - Castle: [KC, KS, KD, KH, QS, QH, QC]
2025-01-04 01:23:38,367 - Discard: [8D, JH, 8S, 6D, 9H, TC, TS, 3D, 5H, 2H, 6S, 9D, JS, TH, TD, AD, 7D, 4D]
2025-01-04 01:23:38,367 - Active Player: 1
2025-01-04 01:23:38,367 - STATE LOG: END
2025-01-04 01:23:38,395 - STATE LOG: BEGIN
2025-01-04 01:23:38,395 - Noah's Hand: []
2025-01-04 01:23:38,395 - Eve's Hand: [4C, 8H]
2025-01-04 01:23:38,396 - Boss: Rank: 12 | Suit C | Attack 15 | Health 30
2025-01-04 01:23:38,396 - Tavern: [AC, AH, 5S, 9S, JC, 5D, 8C, 5C, 7S, JD, 4H, 3C, 7C, 3H, 9C]
2025-01-04 01:23:38,396 - Castle: [KC, KS, KD, KH, QS, QH]
2025-01-04 01:23:38,396 - Discard: [8D, JH, 8S, 6D, 9H, TC, TS, 3D, 5H, 2H, 6S, 9D, JS, TH, TD, AD, 7D, 4D, AS, 6H, 2S, 2C, 6C, 4S, 3S, 2D, 7H, QD]
2025-01-04 01:23:38,396 - Active Player: 1
2025-01-04 01:23:38,396 - STATE LOG: END
2025-01-04 01:23:38,415 - STATE LOG: BEGIN
2025-01-04 01:23:38,415 - Noah's Hand: []
2025-01-04 01:23:38,415 - Eve's Hand: [4C, 8H]
2025-01-04 01:23:38,415 - Boss: Rank: 12 | Suit C | Attack 15 | Health 30
2025-01-04 01:23:38,415 - Tavern: [AC, AH, 5S, 9S, JC, 5D, 8C, 5C, 7S, JD, 4H, 3C, 7C, 3H, 9C]
2025-01-04 01:23:38,415 - Castle: [KC, KS, KD, KH, QS, QH]
2025-01-04 01:23:38,415 - Discard: [8D, JH, 8S, 6D, 9H, TC, TS, 3D, 5H, 2H, 6S, 9D, JS, TH, TD, AD, 7D, 4D, AS, 6H, 2S, 2C, 6C, 4S, 3S, 2D, 7H, QD]
2025-01-04 01:23:38,415 - Active Player: 2
2025-01-04 01:23:38,415 - STATE LOG: END
