2025-01-04 18:52:29,612 - I log states! :D
2025-01-04 18:52:29,612 - STATE LOG: BEGIN
2025-01-04 18:52:29,612 - Noah's Hand: [5D, AC, 5S, TS, 8C, 6H, TD]
2025-01-04 18:52:29,612 - Eve's Hand: [4D, 7S, 2C, 4S, 3S, 3C, 2S]
2025-01-04 18:52:29,612 - Boss: Rank: 11 | Suit H | Attack 10 | Health 20
2025-01-04 18:52:29,612 - Tavern: [5H, 9D, 6D, 3D, TH, AD, 5C, 7D, 9H, 2D, 7H, TC, 8H, 9C, 8D, 8S, 9S, 2H, AH, 3H, AS, 6S, 4H, 4C, 6C, 7C]
2025-01-04 18:52:29,612 - Castle: [KS, KD, KC, KH, QC, QS, QH, QD, JD, JC, JS]
2025-01-04 18:52:29,613 - Discard: []
2025-01-04 18:52:29,613 - Active Player: 1
2025-01-04 18:52:29,613 - STATE LOG: END
2025-01-04 18:52:39,616 - STATE LOG: BEGIN
2025-01-04 18:52:39,616 - Noah's Hand: [AC, 5D, 5S, 6H, 8C, TD]
2025-01-04 18:52:39,616 - Eve's Hand: [4D, 7S, 2C, 4S, 3S, 3C, 2S]
2025-01-04 18:52:39,617 - Boss: Rank: 11 | Suit H | Attack 0 | Health 10
2025-01-04 18:52:39,617 - Tavern: [5H, 9D, 6D, 3D, TH, AD, 5C, 7D, 9H, 2D, 7H, TC, 8H, 9C, 8D, 8S, 9S, 2H, AH, 3H, AS, 6S, 4H, 4C, 6C, 7C]
2025-01-04 18:52:39,617 - Castle: [KS, KD, KC, KH, QC, QS, QH, QD, JD, JC, JS]
2025-01-04 18:52:39,617 - Discard: []
2025-01-04 18:52:39,617 - Active Player: 2
2025-01-04 18:52:39,617 - STATE LOG: END
2025-01-04 18:52:49,618 - STATE LOG: BEGIN
2025-01-04 18:52:49,619 - Noah's Hand: [AC, 5D, 5S, 6H, 8C, TD]
2025-01-04 18:52:49,619 - Eve's Hand: [2C, 3C, 3S, 4D, 4S, 7S]
2025-01-04 18:52:49,619 - Boss: Rank: 11 | Suit H | Attack 0 | Health 8
2025-01-04 18:52:49,619 - Tavern: [5H, 9D, 6D, 3D, TH, AD, 5C, 7D, 9H, 2D, 7H, TC, 8H, 9C, 8D, 8S, 9S, 2H, AH, 3H, AS, 6S, 4H, 4C, 6C, 7C]
2025-01-04 18:52:49,619 - Castle: [KS, KD, KC, KH, QC, QS, QH, QD, JD, JC, JS]
2025-01-04 18:52:49,619 - Discard: []
2025-01-04 18:52:49,619 - Active Player: 1
2025-01-04 18:52:49,619 - STATE LOG: END
2025-01-04 18:52:59,247 - STATE LOG: BEGIN
2025-01-04 18:52:59,248 - Noah's Hand: [AC, 5D, 5S, 6H, 8C, TD]
2025-01-04 18:52:59,248 - Eve's Hand: [2C, 3C, 3S, 4D, 4S, 7S]
2025-01-04 18:52:59,248 - Boss: Rank: 11 | Suit H | Attack 0 | Health 8
2025-01-04 18:52:59,248 - Tavern: [5H, 9D, 6D, 3D, TH, AD, 5C, 7D, 9H, 2D, 7H, TC, 8H, 9C, 8D, 8S, 9S, 2H, AH, 3H, AS, 6S, 4H, 4C, 6C, 7C]
2025-01-04 18:52:59,248 - Castle: [KS, KD, KC, KH, QC, QS, QH, QD, JD, JC, JS]
2025-01-04 18:52:59,248 - Discard: []
2025-01-04 18:52:59,248 - Active Player: 2
2025-01-04 18:52:59,248 - STATE LOG: END
2025-01-04 18:53:09,250 - STATE LOG: BEGIN
2025-01-04 18:53:09,251 - Noah's Hand: [AC, 5D, 5S, 6H, 8C, TD]
2025-01-04 18:53:09,251 - Eve's Hand: [2C, 3C, 4D, 4S, 7S]
2025-01-04 18:53:09,251 - Boss: Rank: 11 | Suit H | Attack 0 | Health 5
2025-01-04 18:53:09,251 - Tavern: [5H, 9D, 6D, 3D, TH, AD, 5C, 7D, 9H, 2D, 7H, TC, 8H, 9C, 8D, 8S, 9S, 2H, AH, 3H, AS, 6S, 4H, 4C, 6C, 7C]
2025-01-04 18:53:09,251 - Castle: [KS, KD, KC, KH, QC, QS, QH, QD, JD, JC, JS]
2025-01-04 18:53:09,251 - Discard: []
2025-01-04 18:53:09,251 - Active Player: 1
2025-01-04 18:53:09,251 - STATE LOG: END
2025-01-04 18:53:19,252 - STATE LOG: BEGIN
2025-01-04 18:53:19,253 - Noah's Hand: [5S, 6H, 8C, TD, 7C, 4C, 6S]
2025-01-04 18:53:19,253 - Eve's Hand: [2C, 3C, 4D, 4S, 7S, 6C, 4H]
2025-01-04 18:53:19,253 - Boss: Rank: 11 | Suit S | Attack 10 | Health 20
2025-01-04 18:53:19,253 - Tavern: [5H, 9D, 6D, 3D, TH, AD, 5C, 7D, 9H, 2D, 7H, TC, 8H, 9C, 8D, 8S, 9S, 2H, AH, 3H, AS]
2025-01-04 18:53:19,253 - Castle: [KS, KD, KC, KH, QC, QS, QH, QD, JD, JC]
2025-01-04 18:53:19,253 - Discard: [TS, AC, 5D, 2S, 3S, JH]
2025-01-04 18:53:19,253 - Active Player: 1
2025-01-04 18:53:19,253 - STATE LOG: END
2025-01-04 18:53:29,254 - STATE LOG: BEGIN
2025-01-04 18:53:29,255 - Noah's Hand: [4C, 5S, 6H, 6S, 7C]
2025-01-04 18:53:29,255 - Eve's Hand: [2C, 3C, 4D, 4S, 7S, 6C, 4H]
2025-01-04 18:53:29,255 - Boss: Rank: 11 | Suit S | Attack 10 | Health 4
2025-01-04 18:53:29,255 - Tavern: [5H, 9D, 6D, 3D, TH, AD, 5C, 7D, 9H, 2D, 7H, TC, 8H, 9C, 8D, 8S, 9S, 2H, AH, 3H, AS]
2025-01-04 18:53:29,255 - Castle: [KS, KD, KC, KH, QC, QS, QH, QD, JD, JC]
2025-01-04 18:53:29,255 - Discard: [TS, AC, 5D, 2S, 3S, JH, TD]
2025-01-04 18:53:29,255 - Active Player: 2
2025-01-04 18:53:29,255 - STATE LOG: END
2025-01-04 18:53:29,422 - STATE LOG: BEGIN
2025-01-04 18:53:29,422 - Noah's Hand: [4C, 5S, 6H, 6S, 7C]
2025-01-04 18:53:29,422 - Eve's Hand: [2C, 3C, 4D, 4S, 6C, 7S]
2025-01-04 18:53:29,422 - Boss: Rank: 11 | Suit C | Attack 10 | Health 20
2025-01-04 18:53:29,422 - Tavern: [TD, 3S, 5D, 2S, 5H, 9D, 6D, 3D, TH, AD, 5C, 7D, 9H, 2D, 7H, TC, 8H, 9C, 8D, 8S, 9S, 2H, AH, 3H, AS]
2025-01-04 18:53:29,422 - Castle: [KS, KD, KC, KH, QC, QS, QH, QD, JD]
2025-01-04 18:53:29,422 - Discard: [AC, TS, JH, 8C, 4H]
2025-01-04 18:53:29,422 - Active Player: 2
2025-01-04 18:53:29,422 - STATE LOG: END
2025-01-04 18:53:34,150 - STATE LOG: BEGIN
2025-01-04 18:53:34,150 - Noah's Hand: [4C, 5S, 6H, 6S, 7C, AS, AH]
2025-01-04 18:53:34,150 - Eve's Hand: [2C, 3C, 6C, 7S, JS, 3H]
2025-01-04 18:53:34,150 - Boss: Rank: 11 | Suit C | Attack 2 | Health 12
2025-01-04 18:53:34,150 - Tavern: [TD, 3S, 5D, 2S, 5H, 9D, 6D, 3D, TH, AD, 5C, 7D, 9H, 2D, 7H, TC, 8H, 9C, 8D, 8S, 9S]
2025-01-04 18:53:34,150 - Castle: [KS, KD, KC, KH, QC, QS, QH, QD, JD]
2025-01-04 18:53:34,150 - Discard: [AC, TS, JH, 8C, 4H, 2H]
2025-01-04 18:53:34,150 - Active Player: 1
2025-01-04 18:53:34,150 - STATE LOG: END
2025-01-04 18:53:44,151 - STATE LOG: BEGIN
2025-01-04 18:53:44,152 - Noah's Hand: [AH, AS, 4C, 6H, 6S, 7C]
2025-01-04 18:53:44,152 - Eve's Hand: [2C, 3C, 6C, 7S, JS, 3H]
2025-01-04 18:53:44,152 - Boss: Rank: 11 | Suit C | Attack 0 | Health 7
2025-01-04 18:53:44,152 - Tavern: [TD, 3S, 5D, 2S, 5H, 9D, 6D, 3D, TH, AD, 5C, 7D, 9H, 2D, 7H, TC, 8H, 9C, 8D, 8S, 9S]
2025-01-04 18:53:44,152 - Castle: [KS, KD, KC, KH, QC, QS, QH, QD, JD]
2025-01-04 18:53:44,152 - Discard: [AC, TS, JH, 8C, 4H, 2H]
2025-01-04 18:53:44,152 - Active Player: 2
2025-01-04 18:53:44,152 - STATE LOG: END
2025-01-04 18:53:54,153 - STATE LOG: BEGIN
2025-01-04 18:53:54,153 - Noah's Hand: [AH, AS, 4C, 6H, 6S, 7C]
2025-01-04 18:53:54,153 - Eve's Hand: [2C, 3C, 3H, 6C, 7S, JS]
2025-01-04 18:53:54,153 - Boss: Rank: 11 | Suit C | Attack 0 | Health 7
2025-01-04 18:53:54,153 - Tavern: [TD, 3S, 5D, 2S, 5H, 9D, 6D, 3D, TH, AD, 5C, 7D, 9H, 2D, 7H, TC, 8H, 9C, 8D, 8S, 9S]
2025-01-04 18:53:54,153 - Castle: [KS, KD, KC, KH, QC, QS, QH, QD, JD]
2025-01-04 18:53:54,153 - Discard: [AC, TS, JH, 8C, 4H, 2H]
2025-01-04 18:53:54,154 - Active Player: 1
2025-01-04 18:53:54,154 - STATE LOG: END
2025-01-04 18:54:00,047 - STATE LOG: BEGIN
2025-01-04 18:54:00,048 - Noah's Hand: [AS, 4C, 6H, 6S, 7C]
2025-01-04 18:54:00,048 - Eve's Hand: [2C, 3C, 3H, 6C, 7S, JS]
2025-01-04 18:54:00,048 - Boss: Rank: 11 | Suit C | Attack 0 | Health 6
2025-01-04 18:54:00,048 - Tavern: [4H, TD, 3S, 5D, 2S, 5H, 9D, 6D, 3D, TH, AD, 5C, 7D, 9H, 2D, 7H, TC, 8H, 9C, 8D, 8S, 9S]
2025-01-04 18:54:00,048 - Castle: [KS, KD, KC, KH, QC, QS, QH, QD, JD]
2025-01-04 18:54:00,048 - Discard: [JH, AC, TS, 8C, 2H]
2025-01-04 18:54:00,048 - Active Player: 2
2025-01-04 18:54:00,048 - STATE LOG: END
2025-01-04 18:54:04,934 - STATE LOG: BEGIN
2025-01-04 18:54:04,934 - Noah's Hand: [AS, 4C, 6H, 6S, 7C]
2025-01-04 18:54:04,934 - Eve's Hand: [2C, 3C, 3H, 6C, 7S, JS]
2025-01-04 18:54:04,934 - Boss: Rank: 11 | Suit C | Attack 0 | Health 6
2025-01-04 18:54:04,934 - Tavern: [4H, TD, 3S, 5D, 2S, 5H, 9D, 6D, 3D, TH, AD, 5C, 7D, 9H, 2D, 7H, TC, 8H, 9C, 8D, 8S, 9S]
2025-01-04 18:54:04,934 - Castle: [KS, KD, KC, KH, QC, QS, QH, QD, JD]
2025-01-04 18:54:04,934 - Discard: [JH, AC, TS, 8C, 2H]
2025-01-04 18:54:04,934 - Active Player: 1
2025-01-04 18:54:04,934 - STATE LOG: END
2025-01-04 18:54:06,725 - STATE LOG: BEGIN
2025-01-04 18:54:06,726 - Noah's Hand: [AS, 4C, 6H, 7C]
2025-01-04 18:54:06,726 - Eve's Hand: [2C, 3C, 3H, 6C, 7S, JS]
2025-01-04 18:54:06,726 - Boss: Rank: 11 | Suit D | Attack 10 | Health 20
2025-01-04 18:54:06,726 - Tavern: [4H, TD, 3S, 5D, 2S, 5H, 9D, 6D, 3D, TH, AD, 5C, 7D, 9H, 2D, 7H, TC, 8H, 9C, 8D, 8S, 9S]
2025-01-04 18:54:06,726 - Castle: [KS, KD, KC, KH, QC, QS, QH, QD]
2025-01-04 18:54:06,726 - Discard: [JH, AC, TS, 8C, 2H, 5S, AH, 6S, 4D, 4S]
2025-01-04 18:54:06,726 - Active Player: 1
2025-01-04 18:54:06,726 - STATE LOG: END
2025-01-04 18:54:07,277 - STATE LOG: BEGIN
2025-01-04 18:54:07,277 - Noah's Hand: [4C]
2025-01-04 18:54:07,277 - Eve's Hand: [2C, 3C, 3H, 6C, 7S, JS]
2025-01-04 18:54:07,277 - Boss: Rank: 11 | Suit D | Attack 9 | Health 19
2025-01-04 18:54:07,277 - Tavern: [4H, TD, 3S, 5D, 2S, 5H, 9D, 6D, 3D, TH, AD, 5C, 7D, 9H, 2D, 7H, TC, 8H, 9C, 8D, 8S, 9S]
2025-01-04 18:54:07,277 - Castle: [KS, KD, KC, KH, QC, QS, QH, QD]
2025-01-04 18:54:07,277 - Discard: [JH, AC, TS, 8C, 2H, 5S, AH, 6S, 4D, 4S, 7C, 6H]
2025-01-04 18:54:07,277 - Active Player: 2
2025-01-04 18:54:07,277 - STATE LOG: END
2025-01-04 18:54:07,470 - STATE LOG: BEGIN
2025-01-04 18:54:07,470 - Noah's Hand: [4C]
2025-01-04 18:54:07,470 - Eve's Hand: [2C, 3C, 3H, 6C, 7S]
2025-01-04 18:54:07,470 - Boss: Rank: 11 | Suit D | Attack 0 | Health 8
2025-01-04 18:54:07,470 - Tavern: [4H, TD, 3S, 5D, 2S, 5H, 9D, 6D, 3D, TH, AD, 5C, 7D, 9H, 2D, 7H, TC, 8H, 9C, 8D, 8S, 9S]
2025-01-04 18:54:07,470 - Castle: [KS, KD, KC, KH, QC, QS, QH, QD]
2025-01-04 18:54:07,470 - Discard: [JH, AC, TS, 8C, 2H, 5S, AH, 6S, 4D, 4S, 7C, 6H]
2025-01-04 18:54:07,470 - Active Player: 1
2025-01-04 18:54:07,470 - STATE LOG: END
2025-01-04 18:54:07,598 - STATE LOG: BEGIN
2025-01-04 18:54:07,598 - Noah's Hand: [4C]
2025-01-04 18:54:07,598 - Eve's Hand: [2C, 3C, 3H, 6C, 7S]
2025-01-04 18:54:07,598 - Boss: Rank: 11 | Suit D | Attack 0 | Health 8
2025-01-04 18:54:07,598 - Tavern: [4H, TD, 3S, 5D, 2S, 5H, 9D, 6D, 3D, TH, AD, 5C, 7D, 9H, 2D, 7H, TC, 8H, 9C, 8D, 8S, 9S]
2025-01-04 18:54:07,598 - Castle: [KS, KD, KC, KH, QC, QS, QH, QD]
2025-01-04 18:54:07,598 - Discard: [JH, AC, TS, 8C, 2H, 5S, AH, 6S, 4D, 4S, 7C, 6H]
2025-01-04 18:54:07,598 - Active Player: 2
2025-01-04 18:54:07,598 - STATE LOG: END
2025-01-04 18:54:07,759 - STATE LOG: BEGIN
2025-01-04 18:54:07,759 - Noah's Hand: [4C]
2025-01-04 18:54:07,759 - Eve's Hand: [2C, 3C, 6C, 7S]
2025-01-04 18:54:07,759 - Boss: Rank: 11 | Suit D | Attack 0 | Health 5
2025-01-04 18:54:07,759 - Tavern: [2H, 8C, 6S, 4H, TD, 3S, 5D, 2S, 5H, 9D, 6D, 3D, TH, AD, 5C, 7D, 9H, 2D, 7H, TC, 8H, 9C, 8D, 8S, 9S]
2025-01-04 18:54:07,759 - Castle: [KS, KD, KC, KH, QC, QS, QH, QD]
2025-01-04 18:54:07,759 - Discard: [7C, AH, 4D, 6H, TS, 4S, JH, AC, 5S]
2025-01-04 18:54:07,759 - Active Player: 1
2025-01-04 18:54:07,759 - STATE LOG: END
2025-01-04 18:54:07,795 - STATE LOG: BEGIN
2025-01-04 18:54:07,795 - Noah's Hand: [4C]
2025-01-04 18:54:07,795 - Eve's Hand: [2C, 3C, 6C, 7S]
2025-01-04 18:54:07,795 - Boss: Rank: 11 | Suit D | Attack 0 | Health 5
2025-01-04 18:54:07,795 - Tavern: [2H, 8C, 6S, 4H, TD, 3S, 5D, 2S, 5H, 9D, 6D, 3D, TH, AD, 5C, 7D, 9H, 2D, 7H, TC, 8H, 9C, 8D, 8S, 9S]
2025-01-04 18:54:07,795 - Castle: [KS, KD, KC, KH, QC, QS, QH, QD]
2025-01-04 18:54:07,795 - Discard: [7C, AH, 4D, 6H, TS, 4S, JH, AC, 5S]
2025-01-04 18:54:07,795 - Active Player: 2
2025-01-04 18:54:07,795 - STATE LOG: END
2025-01-04 18:54:07,828 - STATE LOG: BEGIN
2025-01-04 18:54:07,828 - Noah's Hand: [4C]
2025-01-04 18:54:07,828 - Eve's Hand: [3C, 6C, 7S]
2025-01-04 18:54:07,828 - Boss: Rank: 11 | Suit D | Attack 0 | Health 1
2025-01-04 18:54:07,828 - Tavern: [2H, 8C, 6S, 4H, TD, 3S, 5D, 2S, 5H, 9D, 6D, 3D, TH, AD, 5C, 7D, 9H, 2D, 7H, TC, 8H, 9C, 8D, 8S, 9S]
2025-01-04 18:54:07,828 - Castle: [KS, KD, KC, KH, QC, QS, QH, QD]
2025-01-04 18:54:07,828 - Discard: [7C, AH, 4D, 6H, TS, 4S, JH, AC, 5S]
2025-01-04 18:54:07,829 - Active Player: 1
2025-01-04 18:54:07,829 - STATE LOG: END
2025-01-04 18:54:07,847 - STATE LOG: BEGIN
2025-01-04 18:54:07,847 - Noah's Hand: [4C]
2025-01-04 18:54:07,847 - Eve's Hand: [3C, 6C, 7S]
2025-01-04 18:54:07,847 - Boss: Rank: 11 | Suit D | Attack 0 | Health 1
2025-01-04 18:54:07,847 - Tavern: [2H, 8C, 6S, 4H, TD, 3S, 5D, 2S, 5H, 9D, 6D, 3D, TH, AD, 5C, 7D, 9H, 2D, 7H, TC, 8H, 9C, 8D, 8S, 9S]
2025-01-04 18:54:07,847 - Castle: [KS, KD, KC, KH, QC, QS, QH, QD]
2025-01-04 18:54:07,847 - Discard: [7C, AH, 4D, 6H, TS, 4S, JH, AC, 5S]
2025-01-04 18:54:07,847 - Active Player: 2
2025-01-04 18:54:07,847 - STATE LOG: END
2025-01-04 18:54:07,862 - STATE LOG: BEGIN
2025-01-04 18:54:07,862 - Noah's Hand: [4C]
2025-01-04 18:54:07,862 - Eve's Hand: [3C, 7S]
2025-01-04 18:54:07,862 - Boss: Rank: 12 | Suit D | Attack 15 | Health 30
2025-01-04 18:54:07,862 - Tavern: [2H, 8C, 6S, 4H, TD, 3S, 5D, 2S, 5H, 9D, 6D, 3D, TH, AD, 5C, 7D, 9H, 2D, 7H, TC, 8H, 9C, 8D, 8S, 9S]
2025-01-04 18:54:07,862 - Castle: [KS, KD, KC, KH, QC, QS, QH]
2025-01-04 18:54:07,862 - Discard: [7C, AH, 4D, 6H, TS, 4S, JH, AC, 5S, AS, JS, 3H, 2C, 6C, JD]
2025-01-04 18:54:07,862 - Active Player: 2
2025-01-04 18:54:07,862 - STATE LOG: END
2025-01-04 18:54:07,867 - STATE LOG: BEGIN
2025-01-04 18:54:07,867 - Noah's Hand: [4C]
2025-01-04 18:54:07,867 - Eve's Hand: [3C]
2025-01-04 18:54:07,867 - Boss: Rank: 12 | Suit D | Attack 8 | Health 23
2025-01-04 18:54:07,867 - Tavern: [2H, 8C, 6S, 4H, TD, 3S, 5D, 2S, 5H, 9D, 6D, 3D, TH, AD, 5C, 7D, 9H, 2D, 7H, TC, 8H, 9C, 8D, 8S, 9S]
2025-01-04 18:54:07,867 - Castle: [KS, KD, KC, KH, QC, QS, QH]
2025-01-04 18:54:07,867 - Discard: [7C, AH, 4D, 6H, TS, 4S, JH, AC, 5S, AS, JS, 3H, 2C, 6C, JD]
2025-01-04 18:54:07,867 - Active Player: 1
2025-01-04 18:54:07,867 - STATE LOG: END
