2025-01-04 20:09:28,410 - I log states! :D
2025-01-04 20:09:28,410 - STATE LOG: BEGIN
2025-01-04 20:09:28,410 - Noah's Hand: [2D, 7C, TH, 9S, 9C, 3C, AD]
2025-01-04 20:09:28,410 - Eve's Hand: [9D, 3D, 3S, TS, TD, 8H, 8C]
2025-01-04 20:09:28,410 - Boss: Rank: 11 | Suit H | Attack 10 | Health 20
2025-01-04 20:09:28,410 - Tavern: [5H, 5S, 4H, 6S, AS, AH, 6D, 9H, 2C, 2H, 8D, 6H, 6C, 5D, 7D, 5C, 4D, 8S, AC, 2S, TC, 7H, 3H, 7S, 4S, 4C]
2025-01-04 20:09:28,410 - Castle: [KD, KH, KC, KS, QD, QC, QH, QS, JS, JD, JC]
2025-01-04 20:09:28,410 - Discard: []
2025-01-04 20:09:28,410 - Active Player: 1
2025-01-04 20:09:28,410 - STATE LOG: END
2025-01-04 20:09:36,173 - STATE LOG: BEGIN
2025-01-04 20:09:36,173 - Noah's Hand: [AD, 2D, 3C, 7C, 9C, 9S]
2025-01-04 20:09:36,173 - Eve's Hand: [9D, 3D, 3S, TS, TD, 8H, 8C]
2025-01-04 20:09:36,173 - Boss: Rank: 11 | Suit H | Attack 10 | Health 20
2025-01-04 20:09:36,173 - Tavern: [5H, 5S, 4H, 6S, AS, AH, 6D, 9H, 2C, 2H, 8D, 6H, 6C, 5D, 7D, 5C, 4D, 8S, AC, 2S, TC, 7H, 3H, 7S, 4S, 4C]
2025-01-04 20:09:36,173 - Castle: [KD, KH, KC, KS, QD, QC, QH, QS, JS, JD, JC]
2025-01-04 20:09:36,173 - Discard: [TH]
2025-01-04 20:09:36,173 - Active Player: 2
2025-01-04 20:09:36,173 - STATE LOG: END
2025-01-04 20:09:44,122 - STATE LOG: BEGIN
2025-01-04 20:09:44,123 - Noah's Hand: [AD, 2D, 3C, 7C, 9C, 9S, 4S]
2025-01-04 20:09:44,123 - Eve's Hand: [3D, 3S, 8C, 8H, 9D]
2025-01-04 20:09:44,123 - Boss: Rank: 11 | Suit H | Attack 10 | Health 10
2025-01-04 20:09:44,123 - Tavern: [5H, 5S, 4H, 6S, AS, AH, 6D, 9H, 2C, 2H, 8D, 6H, 6C, 5D, 7D, 5C, 4D, 8S, AC, 2S, TC, 7H, 3H, 7S]
2025-01-04 20:09:44,123 - Castle: [KD, KH, KC, KS, QD, QC, QH, QS, JS, JD, JC]
2025-01-04 20:09:44,123 - Discard: [TH, 4C, TS]
2025-01-04 20:09:44,123 - Active Player: 1
2025-01-04 20:09:44,123 - STATE LOG: END
2025-01-04 20:09:51,901 - STATE LOG: BEGIN
2025-01-04 20:09:51,902 - Noah's Hand: [AD, 3C, 4S, 7C, 9C]
2025-01-04 20:09:51,902 - Eve's Hand: [3D, 3S, 8C, 8H, 9D, 3H]
2025-01-04 20:09:51,902 - Boss: Rank: 11 | Suit H | Attack 10 | Health 8
2025-01-04 20:09:51,902 - Tavern: [5H, 5S, 4H, 6S, AS, AH, 6D, 9H, 2C, 2H, 8D, 6H, 6C, 5D, 7D, 5C, 4D, 8S, AC, 2S, TC, 7H]
2025-01-04 20:09:51,902 - Castle: [KD, KH, KC, KS, QD, QC, QH, QS, JS, JD, JC]
2025-01-04 20:09:51,902 - Discard: [TH, 4C, TS, 7S, 9S]
2025-01-04 20:09:51,902 - Active Player: 2
2025-01-04 20:09:51,902 - STATE LOG: END
2025-01-04 20:09:59,735 - STATE LOG: BEGIN
2025-01-04 20:09:59,735 - Noah's Hand: [AD, 3C, 4S, 7C, 9C]
2025-01-04 20:09:59,735 - Eve's Hand: [3D, 3H, 3S, 8C, 9D]
2025-01-04 20:09:59,735 - Boss: Rank: 11 | Suit C | Attack 10 | Health 20
2025-01-04 20:09:59,736 - Tavern: [5H, 5S, 4H, 6S, AS, AH, 6D, 9H, 2C, 2H, 8D, 6H, 6C, 5D, 7D, 5C, 4D, 8S, AC, 2S, TC, 7H]
2025-01-04 20:09:59,736 - Castle: [KD, KH, KC, KS, QD, QC, QH, QS, JS, JD]
2025-01-04 20:09:59,736 - Discard: [TH, 4C, TS, 7S, 9S, 2D, TD, 8H]
2025-01-04 20:09:59,736 - Active Player: 2
2025-01-04 20:09:59,736 - STATE LOG: END
2025-01-04 20:10:06,348 - STATE LOG: BEGIN
2025-01-04 20:10:06,348 - Noah's Hand: [AD, 3C, 4S, 7C, 9C, 7H, 2S]
2025-01-04 20:10:06,348 - Eve's Hand: [3D, 3H, 3S, 8C, JH]
2025-01-04 20:10:06,348 - Boss: Rank: 11 | Suit C | Attack 10 | Health 11
2025-01-04 20:10:06,348 - Tavern: [5H, 5S, 4H, 6S, AS, AH, 6D, 9H, 2C, 2H, 8D, 6H, 6C, 5D, 7D, 5C, 4D, 8S]
2025-01-04 20:10:06,348 - Castle: [KD, KH, KC, KS, QD, QC, QH, QS, JS, JD]
2025-01-04 20:10:06,348 - Discard: [TH, 4C, TS, 7S, 9S, 2D, TD, 8H, AC, TC]
2025-01-04 20:10:06,349 - Active Player: 1
2025-01-04 20:10:06,349 - STATE LOG: END
2025-01-04 20:10:13,011 - STATE LOG: BEGIN
2025-01-04 20:10:13,012 - Noah's Hand: [2S, 3C, 4S, 7H, 9C]
2025-01-04 20:10:13,012 - Eve's Hand: [3D, 3H, 3S, 8C, JH, 4D, 7D]
2025-01-04 20:10:13,012 - Boss: Rank: 11 | Suit C | Attack 10 | Health 3
2025-01-04 20:10:13,012 - Tavern: [5H, 5S, 4H, 6S, AS, AH, 6D, 9H, 2C, 2H, 8D, 6H, 6C, 5D]
2025-01-04 20:10:13,012 - Castle: [KD, KH, KC, KS, QD, QC, QH, QS, JS, JD]
2025-01-04 20:10:13,012 - Discard: [TH, 4C, TS, 7S, 9S, 2D, TD, 8H, AC, TC, 5C, 8S]
2025-01-04 20:10:13,012 - Active Player: 2
2025-01-04 20:10:13,012 - STATE LOG: END
2025-01-04 20:10:18,995 - STATE LOG: BEGIN
2025-01-04 20:10:18,996 - Noah's Hand: [2S, 3C, 4S, 7H, 9C, 6C, 6H]
2025-01-04 20:10:18,996 - Eve's Hand: [3D, 3H, 3S, 7D, 8C, JH, 5D]
2025-01-04 20:10:18,996 - Boss: Rank: 11 | Suit D | Attack 10 | Health 20
2025-01-04 20:10:18,996 - Tavern: [5H, 5S, 4H, 6S, AS, AH, 6D, 9H, 2C, 2H, 8D]
2025-01-04 20:10:18,996 - Castle: [KD, KH, KC, KS, QD, QC, QH, QS, JS]
2025-01-04 20:10:18,996 - Discard: [TH, 4C, TS, 7S, 9S, 2D, TD, 8H, AC, TC, 5C, 8S, AD, 7C, 9D, 4D, JC]
2025-01-04 20:10:18,996 - Active Player: 2
2025-01-04 20:10:18,996 - STATE LOG: END
2025-01-04 20:10:25,521 - STATE LOG: BEGIN
2025-01-04 20:10:25,521 - Noah's Hand: [2S, 3C, 4S, 7H, 9C, 6C, 6H]
2025-01-04 20:10:25,521 - Eve's Hand: [3D, 3H, 3S, 5D, 7D]
2025-01-04 20:10:25,521 - Boss: Rank: 11 | Suit D | Attack 10 | Health 4
2025-01-04 20:10:25,521 - Tavern: [5H, 5S, 4H, 6S, AS, AH, 6D, 9H, 2C, 2H, 8D]
2025-01-04 20:10:25,521 - Castle: [KD, KH, KC, KS, QD, QC, QH, QS, JS]
2025-01-04 20:10:25,521 - Discard: [TH, 4C, TS, 7S, 9S, 2D, TD, 8H, AC, TC, 5C, 8S, AD, 7C, 9D, 4D, JC, JH]
2025-01-04 20:10:25,521 - Active Player: 1
2025-01-04 20:10:25,522 - STATE LOG: END
2025-01-04 20:10:32,561 - STATE LOG: BEGIN
2025-01-04 20:10:32,561 - Noah's Hand: [2S, 3C, 4S, 6H, 7H, 9C]
2025-01-04 20:10:32,561 - Eve's Hand: [3D, 3H, 3S, 5D, 7D]
2025-01-04 20:10:32,561 - Boss: Rank: 11 | Suit S | Attack 10 | Health 20
2025-01-04 20:10:32,561 - Tavern: [5H, 5S, 4H, 6S, AS, AH, 6D, 9H, 2C, 2H, 8D]
2025-01-04 20:10:32,561 - Castle: [KD, KH, KC, KS, QD, QC, QH, QS]
2025-01-04 20:10:32,561 - Discard: [TH, 4C, TS, 7S, 9S, 2D, TD, 8H, AC, TC, 5C, 8S, AD, 7C, 9D, 4D, JC, JH, 6C, 8C, JD]
2025-01-04 20:10:32,561 - Active Player: 1
2025-01-04 20:10:32,561 - STATE LOG: END
2025-01-04 20:10:38,908 - STATE LOG: BEGIN
2025-01-04 20:10:38,908 - Noah's Hand: [2S, 3C, 4S]
2025-01-04 20:10:38,908 - Eve's Hand: [3D, 3H, 3S, 5D, 7D]
2025-01-04 20:10:38,908 - Boss: Rank: 11 | Suit S | Attack 10 | Health 13
2025-01-04 20:10:38,908 - Tavern: [TC, 8H, AD, 2D, 5C, 7S, TH, 5H, 5S, 4H, 6S, AS, AH, 6D, 9H, 2C, 2H, 8D]
2025-01-04 20:10:38,908 - Castle: [KD, KH, KC, KS, QD, QC, QH, QS]
2025-01-04 20:10:38,908 - Discard: [6C, TS, 4D, JD, 9D, JH, JC, 8C, 7C, AC, TD, 9S, 8S, 4C, 9C, 6H]
2025-01-04 20:10:38,908 - Active Player: 2
2025-01-04 20:10:38,908 - STATE LOG: END
2025-01-04 20:10:40,523 - STATE LOG: BEGIN
2025-01-04 20:10:40,523 - Noah's Hand: [2S, 3C, 4S]
2025-01-04 20:10:40,524 - Eve's Hand: [3D]
2025-01-04 20:10:40,524 - Boss: Rank: 11 | Suit S | Attack 10 | Health 7
2025-01-04 20:10:40,524 - Tavern: [AC, 7C, 6C, 6H, 4D, TD, TC, 8H, AD, 2D, 5C, 7S, TH, 5H, 5S, 4H, 6S, AS, AH, 6D, 9H, 2C, 2H, 8D]
2025-01-04 20:10:40,524 - Castle: [KD, KH, KC, KS, QD, QC, QH, QS]
2025-01-04 20:10:40,524 - Discard: [8C, JH, 9S, 4C, 9C, TS, JD, JC, 8S, 9D, 7D, 5D]
2025-01-04 20:10:40,524 - Active Player: 1
2025-01-04 20:10:40,524 - STATE LOG: END
2025-01-04 20:10:40,543 - STATE LOG: BEGIN
2025-01-04 20:10:40,543 - Noah's Hand: [2S, 3C]
2025-01-04 20:10:40,543 - Eve's Hand: [3D]
2025-01-04 20:10:40,543 - Boss: Rank: 11 | Suit S | Attack 10 | Health 3
2025-01-04 20:10:40,543 - Tavern: [AC, 7C, 6C, 6H, 4D, TD, TC, 8H, AD, 2D, 5C, 7S, TH, 5H, 5S, 4H, 6S, AS, AH, 6D, 9H, 2C, 2H, 8D]
2025-01-04 20:10:40,543 - Castle: [KD, KH, KC, KS, QD, QC, QH, QS]
2025-01-04 20:10:40,543 - Discard: [8C, JH, 9S, 4C, 9C, TS, JD, JC, 8S, 9D, 7D, 5D]
2025-01-04 20:10:40,544 - Active Player: 2
2025-01-04 20:10:40,544 - STATE LOG: END
