2025-01-04 15:54:40,000 - I log states! :D
2025-01-04 15:54:40,000 - STATE LOG: BEGIN
2025-01-04 15:54:40,000 - Tim's Hand: [AD, 6S, 5S, 5D, 3C, 8S, 8C]
2025-01-04 15:54:40,000 - Dim's Hand: [3H, AC, TH, TS, 2C, 8H, 3D]
2025-01-04 15:54:40,000 - Boss: Rank: 11 | Suit D | Attack 10 | Health 20
2025-01-04 15:54:40,000 - Tavern: [9D, 7H, 6H, AS, 7D, 2S, 2H, 4H, 4C, 4D, 5H, 6D, 2D, TC, 5C, 9S, 8D, 4S, AH, 6C, 7S, 9C, 9H, 7C, 3S, TD]
2025-01-04 15:54:40,000 - Castle: [KC, KS, KD, KH, QS, QH, QD, QC, JH, JC, JS]
2025-01-04 15:54:40,000 - Discard: []
2025-01-04 15:54:40,000 - Active Player: 1
2025-01-04 15:54:40,000 - STATE LOG: END
2025-01-04 15:54:40,077 - STATE LOG: BEGIN
2025-01-04 15:54:40,077 - Tim's Hand: [AD, 3C, 6S, 8C, 8S]
2025-01-04 15:54:40,077 - Dim's Hand: [3H, AC, TH, TS, 2C, 8H, 3D]
2025-01-04 15:54:40,077 - Boss: Rank: 11 | Suit D | Attack 0 | Health 10
2025-01-04 15:54:40,077 - Tavern: [9D, 7H, 6H, AS, 7D, 2S, 2H, 4H, 4C, 4D, 5H, 6D, 2D, TC, 5C, 9S, 8D, 4S, AH, 6C, 7S, 9C, 9H, 7C, 3S, TD]
2025-01-04 15:54:40,077 - Castle: [KC, KS, KD, KH, QS, QH, QD, QC, JH, JC, JS]
2025-01-04 15:54:40,077 - Discard: []
2025-01-04 15:54:40,077 - Active Player: 2
2025-01-04 15:54:40,077 - STATE LOG: END
2025-01-04 15:54:40,131 - STATE LOG: BEGIN
2025-01-04 15:54:40,131 - Tim's Hand: [AD, 3C, 6S, 8C, 8S]
2025-01-04 15:54:40,131 - Dim's Hand: [AC, 2C, 3H, 8H, TH, TS]
2025-01-04 15:54:40,131 - Boss: Rank: 11 | Suit D | Attack 0 | Health 7
2025-01-04 15:54:40,131 - Tavern: [9D, 7H, 6H, AS, 7D, 2S, 2H, 4H, 4C, 4D, 5H, 6D, 2D, TC, 5C, 9S, 8D, 4S, AH, 6C, 7S, 9C, 9H, 7C, 3S, TD]
2025-01-04 15:54:40,131 - Castle: [KC, KS, KD, KH, QS, QH, QD, QC, JH, JC, JS]
2025-01-04 15:54:40,131 - Discard: []
2025-01-04 15:54:40,131 - Active Player: 1
2025-01-04 15:54:40,131 - STATE LOG: END
2025-01-04 15:54:40,178 - STATE LOG: BEGIN
2025-01-04 15:54:40,178 - Tim's Hand: [AD, 3C, 6S, 8S]
2025-01-04 15:54:40,178 - Dim's Hand: [AC, 2C, 3H, 8H, TH, TS]
2025-01-04 15:54:40,178 - Boss: Rank: 11 | Suit S | Attack 10 | Health 20
2025-01-04 15:54:40,178 - Tavern: [9D, 7H, 6H, AS, 7D, 2S, 2H, 4H, 4C, 4D, 5H, 6D, 2D, TC, 5C, 9S, 8D, 4S, AH, 6C, 7S, 9C, 9H, 7C, 3S, TD]
2025-01-04 15:54:40,178 - Castle: [KC, KS, KD, KH, QS, QH, QD, QC, JH, JC]
2025-01-04 15:54:40,178 - Discard: [5D, 5S, 8C, 3D, JD]
2025-01-04 15:54:40,178 - Active Player: 1
2025-01-04 15:54:40,178 - STATE LOG: END
2025-01-04 15:54:40,281 - STATE LOG: BEGIN
2025-01-04 15:54:40,281 - Tim's Hand: [3C, 6S, TD, 7C, 9H]
2025-01-04 15:54:40,281 - Dim's Hand: [AC, 2C, 3H, 8H, TH, TS, 3S]
2025-01-04 15:54:40,281 - Boss: Rank: 11 | Suit S | Attack 10 | Health 11
2025-01-04 15:54:40,281 - Tavern: [9D, 7H, 6H, AS, 7D, 2S, 2H, 4H, 4C, 4D, 5H, 6D, 2D, TC, 5C, 9S, 8D, 4S, AH, 6C]
2025-01-04 15:54:40,281 - Castle: [KC, KS, KD, KH, QS, QH, QD, QC, JH, JC]
2025-01-04 15:54:40,281 - Discard: [5D, 5S, 8C, 3D, JD, 7S, 9C]
2025-01-04 15:54:40,281 - Active Player: 2
2025-01-04 15:54:40,281 - STATE LOG: END
2025-01-04 15:54:40,340 - STATE LOG: BEGIN
2025-01-04 15:54:40,340 - Tim's Hand: [3C, 6S, TD, 7C, 9H]
2025-01-04 15:54:40,340 - Dim's Hand: [2C, 3H, 3S, 8H, TH]
2025-01-04 15:54:40,340 - Boss: Rank: 11 | Suit C | Attack 10 | Health 20
2025-01-04 15:54:40,340 - Tavern: [9D, 7H, 6H, AS, 7D, 2S, 2H, 4H, 4C, 4D, 5H, 6D, 2D, TC, 5C, 9S, 8D, 4S, AH, 6C]
2025-01-04 15:54:40,340 - Castle: [KC, KS, KD, KH, QS, QH, QD, QC, JH]
2025-01-04 15:54:40,340 - Discard: [5D, 5S, 8C, 3D, JD, 7S, 9C, AD, 8S, AC, TS, JS]
2025-01-04 15:54:40,340 - Active Player: 2
2025-01-04 15:54:40,340 - STATE LOG: END
2025-01-04 15:54:40,386 - STATE LOG: BEGIN
2025-01-04 15:54:40,386 - Tim's Hand: [3C, 6S, TD, 7C, 9H]
2025-01-04 15:54:40,386 - Dim's Hand: [2C, 3H, 3S, 8H]
2025-01-04 15:54:40,386 - Boss: Rank: 11 | Suit C | Attack 10 | Health 20
2025-01-04 15:54:40,386 - Tavern: [9D, 7H, 6H, AS, 7D, 2S, 2H, 4H, 4C, 4D, 5H, 6D, 2D, TC, 5C, 9S, 8D, 4S, AH, 6C]
2025-01-04 15:54:40,386 - Castle: [KC, KS, KD, KH, QS, QH, QD, QC, JH]
2025-01-04 15:54:40,386 - Discard: [5D, 5S, 8C, 3D, JD, 7S, 9C, AD, 8S, AC, TS, JS, TH]
2025-01-04 15:54:40,386 - Active Player: 1
2025-01-04 15:54:40,386 - STATE LOG: END
2025-01-04 15:54:40,430 - STATE LOG: BEGIN
2025-01-04 15:54:40,430 - Tim's Hand: [3C, 6S, 7C, 9H, 6C]
2025-01-04 15:54:40,430 - Dim's Hand: [2C, 3H, 3S, 8H, AH, 8D, 5C]
2025-01-04 15:54:40,430 - Boss: Rank: 11 | Suit C | Attack 10 | Health 10
2025-01-04 15:54:40,430 - Tavern: [9D, 7H, 6H, AS, 7D, 2S, 2H, 4H, 4C, 4D, 5H, 6D, 2D, TC]
2025-01-04 15:54:40,430 - Castle: [KC, KS, KD, KH, QS, QH, QD, QC, JH]
2025-01-04 15:54:40,431 - Discard: [5D, 5S, 8C, 3D, JD, 7S, 9C, AD, 8S, AC, TS, JS, TH, 9S, 4S]
2025-01-04 15:54:40,431 - Active Player: 2
2025-01-04 15:54:40,431 - STATE LOG: END
2025-01-04 15:54:40,483 - STATE LOG: BEGIN
2025-01-04 15:54:40,483 - Tim's Hand: [3C, 6S, 7C, 9H, 6C]
2025-01-04 15:54:40,483 - Dim's Hand: [AH, 2C, 3H, 3S, 5C]
2025-01-04 15:54:40,483 - Boss: Rank: 11 | Suit C | Attack 10 | Health 10
2025-01-04 15:54:40,483 - Tavern: [9D, 7H, 6H, AS, 7D, 2S, 2H, 4H, 4C, 4D, 5H, 6D, 2D, TC]
2025-01-04 15:54:40,483 - Castle: [KC, KS, KD, KH, QS, QH, QD, QC, JH]
2025-01-04 15:54:40,483 - Discard: [5D, 5S, 8C, 3D, JD, 7S, 9C, AD, 8S, AC, TS, JS, TH, 9S, 4S, 8H, 8D]
2025-01-04 15:54:40,483 - Active Player: 1
2025-01-04 15:54:40,483 - STATE LOG: END
2025-01-04 15:54:40,532 - STATE LOG: BEGIN
2025-01-04 15:54:40,532 - Tim's Hand: [3C, 6C, 7C]
2025-01-04 15:54:40,532 - Dim's Hand: [AH, 2C, 3H, 3S, 5C]
2025-01-04 15:54:40,532 - Boss: Rank: 11 | Suit C | Attack 4 | Health 4
2025-01-04 15:54:40,532 - Tavern: [9D, 7H, 6H, AS, 7D, 2S, 2H, 4H, 4C, 4D, 5H, 6D, 2D, TC]
2025-01-04 15:54:40,532 - Castle: [KC, KS, KD, KH, QS, QH, QD, QC, JH]
2025-01-04 15:54:40,532 - Discard: [5D, 5S, 8C, 3D, JD, 7S, 9C, AD, 8S, AC, TS, JS, TH, 9S, 4S, 8H, 8D, 9H]
2025-01-04 15:54:40,532 - Active Player: 2
2025-01-04 15:54:40,532 - STATE LOG: END
2025-01-04 15:54:40,602 - STATE LOG: BEGIN
2025-01-04 15:54:40,602 - Tim's Hand: [3C, 6C, 7C]
2025-01-04 15:54:40,602 - Dim's Hand: [AH, 2C, 3H]
2025-01-04 15:54:40,602 - Boss: Rank: 11 | Suit C | Attack 1 | Health 1
2025-01-04 15:54:40,602 - Tavern: [9D, 7H, 6H, AS, 7D, 2S, 2H, 4H, 4C, 4D, 5H, 6D, 2D, TC]
2025-01-04 15:54:40,602 - Castle: [KC, KS, KD, KH, QS, QH, QD, QC, JH]
2025-01-04 15:54:40,602 - Discard: [5D, 5S, 8C, 3D, JD, 7S, 9C, AD, 8S, AC, TS, JS, TH, 9S, 4S, 8H, 8D, 9H, 5C]
2025-01-04 15:54:40,602 - Active Player: 1
2025-01-04 15:54:40,602 - STATE LOG: END
2025-01-04 15:54:40,615 - STATE LOG: BEGIN
2025-01-04 15:54:40,615 - Tim's Hand: [3C, 6C]
2025-01-04 15:54:40,615 - Dim's Hand: [AH, 2C, 3H]
2025-01-04 15:54:40,615 - Boss: Rank: 11 | Suit C | Attack 1 | Health 1
2025-01-04 15:54:40,615 - Tavern: [9D, 7H, 6H, AS, 7D, 2S, 2H, 4H, 4C, 4D, 5H, 6D, 2D, TC]
2025-01-04 15:54:40,615 - Castle: [KC, KS, KD, KH, QS, QH, QD, QC, JH]
2025-01-04 15:54:40,615 - Discard: [5D, 5S, 8C, 3D, JD, 7S, 9C, AD, 8S, AC, TS, JS, TH, 9S, 4S, 8H, 8D, 9H, 5C, 7C]
2025-01-04 15:54:40,615 - Active Player: 2
2025-01-04 15:54:40,615 - STATE LOG: END
2025-01-04 15:54:40,629 - STATE LOG: BEGIN
2025-01-04 15:54:40,629 - Tim's Hand: [3C, 6C]
2025-01-04 15:54:40,629 - Dim's Hand: [AH, 2C]
2025-01-04 15:54:40,629 - Boss: Rank: 11 | Suit H | Attack 10 | Health 20
2025-01-04 15:54:40,629 - Tavern: [5S, 9C, 4S, 9D, 7H, 6H, AS, 7D, 2S, 2H, 4H, 4C, 4D, 5H, 6D, 2D, TC]
2025-01-04 15:54:40,629 - Castle: [KC, KS, KD, KH, QS, QH, QD, QC]
2025-01-04 15:54:40,629 - Discard: [8S, JS, 7S, 7C, TH, 8H, 5D, JD, TS, AC, 5C, 9H, 9S, 3D, 8D, AD, 8C, TD, 6S, 3S, 3H, JC]
2025-01-04 15:54:40,629 - Active Player: 2
2025-01-04 15:54:40,629 - STATE LOG: END
2025-01-04 15:54:40,633 - STATE LOG: BEGIN
2025-01-04 15:54:40,633 - Tim's Hand: [3C, 6C]
2025-01-04 15:54:40,633 - Dim's Hand: [AH]
2025-01-04 15:54:40,633 - Boss: Rank: 11 | Suit H | Attack 10 | Health 16
2025-01-04 15:54:40,633 - Tavern: [5S, 9C, 4S, 9D, 7H, 6H, AS, 7D, 2S, 2H, 4H, 4C, 4D, 5H, 6D, 2D, TC]
2025-01-04 15:54:40,633 - Castle: [KC, KS, KD, KH, QS, QH, QD, QC]
2025-01-04 15:54:40,633 - Discard: [8S, JS, 7S, 7C, TH, 8H, 5D, JD, TS, AC, 5C, 9H, 9S, 3D, 8D, AD, 8C, TD, 6S, 3S, 3H, JC]
2025-01-04 15:54:40,633 - Active Player: 1
2025-01-04 15:54:40,633 - STATE LOG: END
