2025-01-04 20:58:28,624 - I log states! :D
2025-01-04 20:58:28,625 - STATE LOG: BEGIN
2025-01-04 20:58:28,625 - Noah's Hand: [3S, 4C, 3H, 3C, TD, 4H, 7H]
2025-01-04 20:58:28,625 - Eve's Hand: [TC, 3D, 5H, 6D, AS, 7S, 2C]
2025-01-04 20:58:28,625 - Boss: Rank: 11 | Suit S | Attack 10 | Health 20
2025-01-04 20:58:28,625 - Tavern: [9D, 2S, 8S, 9C, 4S, 8D, 5S, 6H, AC, 2H, AH, 9S, 6S, 5D, 7D, 8C, TH, 6C, 7C, 2D, TS, 5C, 9H, 4D, 8H, AD]
2025-01-04 20:58:28,625 - Castle: [KD, KH, KS, KC, QC, QD, QS, QH, JH, JC, JD]
2025-01-04 20:58:28,625 - Discard: []
2025-01-04 20:58:28,625 - Active Player: 1
2025-01-04 20:58:28,625 - STATE LOG: END
2025-01-04 20:58:28,783 - STATE LOG: BEGIN
2025-01-04 20:58:28,783 - Noah's Hand: [3H, 7H, TD]
2025-01-04 20:58:28,783 - Eve's Hand: [TC, 3D, 5H, 6D, AS, 7S, 2C]
2025-01-04 20:58:28,783 - Boss: Rank: 11 | Suit S | Attack 10 | Health 17
2025-01-04 20:58:28,783 - Tavern: [9D, 2S, 8S, 9C, 4S, 8D, 5S, 6H, AC, 2H, AH, 9S, 6S, 5D, 7D, 8C, TH, 6C, 7C, 2D, TS, 5C, 9H, 4D, 8H, AD]
2025-01-04 20:58:28,783 - Castle: [KD, KH, KS, KC, QC, QD, QS, QH, JH, JC, JD]
2025-01-04 20:58:28,783 - Discard: [4H, 4C, 3C]
2025-01-04 20:58:28,783 - Active Player: 2
2025-01-04 20:58:28,783 - STATE LOG: END
2025-01-04 20:58:28,950 - STATE LOG: BEGIN
2025-01-04 20:58:28,950 - Noah's Hand: [3H, 7H, TD, 8H, 9H]
2025-01-04 20:58:28,950 - Eve's Hand: [2C, 6D, TC, AD, 4D]
2025-01-04 20:58:28,950 - Boss: Rank: 11 | Suit S | Attack 10 | Health 13
2025-01-04 20:58:28,950 - Tavern: [9D, 2S, 8S, 9C, 4S, 8D, 5S, 6H, AC, 2H, AH, 9S, 6S, 5D, 7D, 8C, TH, 6C, 7C, 2D, TS, 5C]
2025-01-04 20:58:28,950 - Castle: [KD, KH, KS, KC, QC, QD, QS, QH, JH, JC, JD]
2025-01-04 20:58:28,950 - Discard: [4H, 4C, 3C, 5H, 7S]
2025-01-04 20:58:28,950 - Active Player: 1
2025-01-04 20:58:28,950 - STATE LOG: END
2025-01-04 20:58:29,079 - STATE LOG: BEGIN
2025-01-04 20:58:29,079 - Noah's Hand: [3H, 8H, 9H, 5C, 2D]
2025-01-04 20:58:29,079 - Eve's Hand: [2C, 6D, TC, AD, 4D, TS, 7C]
2025-01-04 20:58:29,079 - Boss: Rank: 11 | Suit S | Attack 10 | Health 3
2025-01-04 20:58:29,079 - Tavern: [9D, 2S, 8S, 9C, 4S, 8D, 5S, 6H, AC, 2H, AH, 9S, 6S, 5D, 7D, 8C, TH]
2025-01-04 20:58:29,079 - Castle: [KD, KH, KS, KC, QC, QD, QS, QH, JH, JC, JD]
2025-01-04 20:58:29,079 - Discard: [4H, 4C, 3C, 5H, 7S, 6C, 7H]
2025-01-04 20:58:29,079 - Active Player: 2
2025-01-04 20:58:29,079 - STATE LOG: END
2025-01-04 20:58:29,225 - STATE LOG: BEGIN
2025-01-04 20:58:29,226 - Noah's Hand: [3H, 8H, 9H, 5C, 2D, 8C, 7D]
2025-01-04 20:58:29,226 - Eve's Hand: [AD, 2C, 4D, 7C, TC, TS, TH]
2025-01-04 20:58:29,226 - Boss: Rank: 11 | Suit D | Attack 10 | Health 20
2025-01-04 20:58:29,226 - Tavern: [9D, 2S, 8S, 9C, 4S, 8D, 5S, 6H, AC, 2H, AH, 9S, 6S, 5D]
2025-01-04 20:58:29,226 - Castle: [KD, KH, KS, KC, QC, QD, QS, QH, JH, JC]
2025-01-04 20:58:29,226 - Discard: [4H, 4C, 3C, 5H, 7S, 6C, 7H, 3S, TD, AS, 3D, 6D, JS]
2025-01-04 20:58:29,226 - Active Player: 2
2025-01-04 20:58:29,226 - STATE LOG: END
2025-01-04 20:58:29,374 - STATE LOG: BEGIN
2025-01-04 20:58:29,374 - Noah's Hand: [3H, 8H, 9H, 5C, 2D, 8C, 7D]
2025-01-04 20:58:29,374 - Eve's Hand: [2C, 4D, 7C, TC, TH]
2025-01-04 20:58:29,374 - Boss: Rank: 11 | Suit D | Attack 0 | Health 9
2025-01-04 20:58:29,374 - Tavern: [9D, 2S, 8S, 9C, 4S, 8D, 5S, 6H, AC, 2H, AH, 9S, 6S, 5D]
2025-01-04 20:58:29,374 - Castle: [KD, KH, KS, KC, QC, QD, QS, QH, JH, JC]
2025-01-04 20:58:29,374 - Discard: [4H, 4C, 3C, 5H, 7S, 6C, 7H, 3S, TD, AS, 3D, 6D, JS]
2025-01-04 20:58:29,374 - Active Player: 1
2025-01-04 20:58:29,374 - STATE LOG: END
2025-01-04 20:58:29,536 - STATE LOG: BEGIN
2025-01-04 20:58:29,536 - Noah's Hand: [2D, 3H, 5C, 7D, 8C, 8H, 9H]
2025-01-04 20:58:29,536 - Eve's Hand: [2C, 4D, 7C, TC, TH]
2025-01-04 20:58:29,536 - Boss: Rank: 11 | Suit D | Attack 0 | Health 9
2025-01-04 20:58:29,536 - Tavern: [9D, 2S, 8S, 9C, 4S, 8D, 5S, 6H, AC, 2H, AH, 9S, 6S, 5D]
2025-01-04 20:58:29,536 - Castle: [KD, KH, KS, KC, QC, QD, QS, QH, JH, JC]
2025-01-04 20:58:29,536 - Discard: [4H, 4C, 3C, 5H, 7S, 6C, 7H, 3S, TD, AS, 3D, 6D, JS]
2025-01-04 20:58:29,536 - Active Player: 2
2025-01-04 20:58:29,536 - STATE LOG: END
2025-01-04 20:58:29,670 - STATE LOG: BEGIN
2025-01-04 20:58:29,670 - Noah's Hand: [2D, 3H, 5C, 7D, 8C, 8H, 9H]
2025-01-04 20:58:29,670 - Eve's Hand: [4D, 7C, TC, TH]
2025-01-04 20:58:29,670 - Boss: Rank: 11 | Suit D | Attack 0 | Health 5
2025-01-04 20:58:29,670 - Tavern: [9D, 2S, 8S, 9C, 4S, 8D, 5S, 6H, AC, 2H, AH, 9S, 6S, 5D]
2025-01-04 20:58:29,670 - Castle: [KD, KH, KS, KC, QC, QD, QS, QH, JH, JC]
2025-01-04 20:58:29,670 - Discard: [4H, 4C, 3C, 5H, 7S, 6C, 7H, 3S, TD, AS, 3D, 6D, JS]
2025-01-04 20:58:29,670 - Active Player: 1
2025-01-04 20:58:29,670 - STATE LOG: END
2025-01-04 20:58:29,834 - STATE LOG: BEGIN
2025-01-04 20:58:29,834 - Noah's Hand: [2D, 3H, 5C, 7D, 8C, 8H, 9H]
2025-01-04 20:58:29,834 - Eve's Hand: [4D, 7C, TC, TH]
2025-01-04 20:58:29,834 - Boss: Rank: 11 | Suit D | Attack 0 | Health 5
2025-01-04 20:58:29,834 - Tavern: [9D, 2S, 8S, 9C, 4S, 8D, 5S, 6H, AC, 2H, AH, 9S, 6S, 5D]
2025-01-04 20:58:29,834 - Castle: [KD, KH, KS, KC, QC, QD, QS, QH, JH, JC]
2025-01-04 20:58:29,834 - Discard: [4H, 4C, 3C, 5H, 7S, 6C, 7H, 3S, TD, AS, 3D, 6D, JS]
2025-01-04 20:58:29,834 - Active Player: 2
2025-01-04 20:58:29,834 - STATE LOG: END
2025-01-04 20:58:29,957 - STATE LOG: BEGIN
2025-01-04 20:58:29,957 - Noah's Hand: [2D, 3H, 5C, 7D, 8C, 8H, 9H]
2025-01-04 20:58:29,957 - Eve's Hand: [4D, TC, TH]
2025-01-04 20:58:29,957 - Boss: Rank: 11 | Suit C | Attack 10 | Health 20
2025-01-04 20:58:29,957 - Tavern: [9D, 2S, 8S, 9C, 4S, 8D, 5S, 6H, AC, 2H, AH, 9S, 6S, 5D]
2025-01-04 20:58:29,957 - Castle: [KD, KH, KS, KC, QC, QD, QS, QH, JH]
2025-01-04 20:58:29,957 - Discard: [4H, 4C, 3C, 5H, 7S, 6C, 7H, 3S, TD, AS, 3D, 6D, JS, AD, TS, 2C, 7C, JD]
2025-01-04 20:58:29,957 - Active Player: 2
2025-01-04 20:58:29,957 - STATE LOG: END
2025-01-04 20:58:30,094 - STATE LOG: BEGIN
2025-01-04 20:58:30,095 - Noah's Hand: [2D, 3H, 5C, 7D, 8C, 8H, 9H]
2025-01-04 20:58:30,095 - Eve's Hand: [TC, TH, 5D, AH]
2025-01-04 20:58:30,095 - Boss: Rank: 11 | Suit C | Attack 10 | Health 16
2025-01-04 20:58:30,095 - Tavern: [9D, 2S, 8S, 9C, 4S, 8D, 5S, 6H, AC, 2H]
2025-01-04 20:58:30,095 - Castle: [KD, KH, KS, KC, QC, QD, QS, QH, JH]
2025-01-04 20:58:30,095 - Discard: [4H, 4C, 3C, 5H, 7S, 6C, 7H, 3S, TD, AS, 3D, 6D, JS, AD, TS, 2C, 7C, JD, 9S, 6S]
2025-01-04 20:58:30,095 - Active Player: 1
2025-01-04 20:58:30,095 - STATE LOG: END
2025-01-04 20:58:30,268 - STATE LOG: BEGIN
2025-01-04 20:58:30,268 - Noah's Hand: [2D, 8C, 8H, 9H]
2025-01-04 20:58:30,268 - Eve's Hand: [TC, TH, 5D, AH, AC, 6H, 5S]
2025-01-04 20:58:30,268 - Boss: Rank: 11 | Suit C | Attack 10 | Health 9
2025-01-04 20:58:30,268 - Tavern: [9D, 2S, 8S, 9C, 4S, 8D]
2025-01-04 20:58:30,268 - Castle: [KD, KH, KS, KC, QC, QD, QS, QH, JH]
2025-01-04 20:58:30,268 - Discard: [4H, 4C, 3C, 5H, 7S, 6C, 7H, 3S, TD, AS, 3D, 6D, JS, AD, TS, 2C, 7C, JD, 9S, 6S, 2H, 5C, 3H]
2025-01-04 20:58:30,268 - Active Player: 2
2025-01-04 20:58:30,268 - STATE LOG: END
2025-01-04 20:58:30,414 - STATE LOG: BEGIN
2025-01-04 20:58:30,414 - Noah's Hand: [2D, 8C, 8H, 9H, 4S, 8S, 2S]
2025-01-04 20:58:30,414 - Eve's Hand: [5S, 6H, TC, 8D, 9C]
2025-01-04 20:58:30,414 - Boss: Rank: 11 | Suit C | Attack 10 | Health 3
2025-01-04 20:58:30,414 - Tavern: [6S, 3S, 2C, 4C, 7H, 3C, 9D]
2025-01-04 20:58:30,414 - Castle: [KD, KH, KS, KC, QC, QD, QS, QH, JH]
2025-01-04 20:58:30,414 - Discard: [3H, 6D, AD, AS, 4H, JS, 7S, 6C, TD, 3D, 7C, TS, 9S, JD, 2H, 5C, 5H, AC, TH]
2025-01-04 20:58:30,414 - Active Player: 1
2025-01-04 20:58:30,414 - STATE LOG: END
2025-01-04 20:58:30,537 - STATE LOG: BEGIN
2025-01-04 20:58:30,537 - Noah's Hand: [2D, 2S, 4S, 8C, 8S, 9H]
2025-01-04 20:58:30,537 - Eve's Hand: [5S, 6H, TC, 8D, 9C]
2025-01-04 20:58:30,537 - Boss: Rank: 11 | Suit H | Attack 10 | Health 20
2025-01-04 20:58:30,537 - Tavern: [AC, 6D, 2H, 7C, 5C, TS, JD, TD, 6S, 3S, 2C, 4C, 7H, 3C, 9D]
2025-01-04 20:58:30,537 - Castle: [KD, KH, KS, KC, QC, QD, QS, QH]
2025-01-04 20:58:30,537 - Discard: [7S, AS, 3H, JS, TH, 3D, AD, 9S, 6C, 5H, 4H, 7D, 8H, 4D, AH, 5D, JC]
2025-01-04 20:58:30,537 - Active Player: 1
2025-01-04 20:58:30,537 - STATE LOG: END
2025-01-04 20:58:30,693 - STATE LOG: BEGIN
2025-01-04 20:58:30,693 - Noah's Hand: [2D, 2S, 8C, 9H]
2025-01-04 20:58:30,693 - Eve's Hand: [5S, 6H, TC, 8D, 9C]
2025-01-04 20:58:30,693 - Boss: Rank: 11 | Suit H | Attack 2 | Health 12
2025-01-04 20:58:30,693 - Tavern: [AC, 6D, 2H, 7C, 5C, TS, JD, TD, 6S, 3S, 2C, 4C, 7H, 3C, 9D]
2025-01-04 20:58:30,693 - Castle: [KD, KH, KS, KC, QC, QD, QS, QH]
2025-01-04 20:58:30,693 - Discard: [7S, AS, 3H, JS, TH, 3D, AD, 9S, 6C, 5H, 4H, 7D, 8H, 4D, AH, 5D, JC, 4S]
2025-01-04 20:58:30,693 - Active Player: 2
2025-01-04 20:58:30,693 - STATE LOG: END
2025-01-04 20:58:30,821 - STATE LOG: BEGIN
2025-01-04 20:58:30,821 - Noah's Hand: [2D, 2S, 8C, 9H, 3C, 4C, 3S]
2025-01-04 20:58:30,821 - Eve's Hand: [5S, 6H, 9C, TC, 9D, 2C]
2025-01-04 20:58:30,821 - Boss: Rank: 11 | Suit H | Attack 2 | Health 4
2025-01-04 20:58:30,821 - Tavern: [AC, 6D, 2H, 7C, 5C, TS, JD, TD, 6S]
2025-01-04 20:58:30,821 - Castle: [KD, KH, KS, KC, QC, QD, QS, QH]
2025-01-04 20:58:30,822 - Discard: [7S, AS, 3H, JS, TH, 3D, AD, 9S, 6C, 5H, 4H, 7D, 8H, 4D, AH, 5D, JC, 4S, 7H]
2025-01-04 20:58:30,822 - Active Player: 1
2025-01-04 20:58:30,822 - STATE LOG: END
2025-01-04 20:58:30,986 - STATE LOG: BEGIN
2025-01-04 20:58:30,986 - Noah's Hand: [2S, 3C, 4C, 8C, 9H, 6S]
2025-01-04 20:58:30,986 - Eve's Hand: [5S, 6H, 9C, TC, 9D, 2C, TD]
2025-01-04 20:58:30,986 - Boss: Rank: 11 | Suit H | Attack 2 | Health 2
2025-01-04 20:58:30,986 - Tavern: [AC, 6D, 2H, 7C, 5C, TS, JD]
2025-01-04 20:58:30,986 - Castle: [KD, KH, KS, KC, QC, QD, QS, QH]
2025-01-04 20:58:30,986 - Discard: [7S, AS, 3H, JS, TH, 3D, AD, 9S, 6C, 5H, 4H, 7D, 8H, 4D, AH, 5D, JC, 4S, 7H, 3S]
2025-01-04 20:58:30,986 - Active Player: 2
2025-01-04 20:58:30,986 - STATE LOG: END
2025-01-04 20:58:31,113 - STATE LOG: BEGIN
2025-01-04 20:58:31,113 - Noah's Hand: [2S, 3C, 4C, 8C, 9H, 6S, TS]
2025-01-04 20:58:31,113 - Eve's Hand: [2C, 5S, 6H, 9C, TC, TD, JD]
2025-01-04 20:58:31,113 - Boss: Rank: 12 | Suit H | Attack 15 | Health 30
2025-01-04 20:58:31,113 - Tavern: [AC, 6D, 2H, 7C, 5C]
2025-01-04 20:58:31,113 - Castle: [KD, KH, KS, KC, QC, QD, QS]
2025-01-04 20:58:31,113 - Discard: [7S, AS, 3H, JS, TH, 3D, AD, 9S, 6C, 5H, 4H, 7D, 8H, 4D, AH, 5D, JC, 4S, 7H, 3S, 8S, 2D, 8D, 9D, JH]
2025-01-04 20:58:31,113 - Active Player: 2
2025-01-04 20:58:31,113 - STATE LOG: END
2025-01-04 20:58:31,267 - STATE LOG: BEGIN
2025-01-04 20:58:31,267 - Noah's Hand: [2S, 3C, 4C, 8C, 9H, 6S, TS]
2025-01-04 20:58:31,267 - Eve's Hand: [2C, 5S, 6H, TD, JD]
2025-01-04 20:58:31,267 - Boss: Rank: 12 | Suit H | Attack 15 | Health 30
2025-01-04 20:58:31,267 - Tavern: [AC, 6D, 2H, 7C, 5C]
2025-01-04 20:58:31,267 - Castle: [KD, KH, KS, KC, QC, QD, QS]
2025-01-04 20:58:31,267 - Discard: [7S, AS, 3H, JS, TH, 3D, AD, 9S, 6C, 5H, 4H, 7D, 8H, 4D, AH, 5D, JC, 4S, 7H, 3S, 8S, 2D, 8D, 9D, JH, 9C, TC]
2025-01-04 20:58:31,267 - Active Player: 1
2025-01-04 20:58:31,267 - STATE LOG: END
2025-01-04 20:58:31,381 - STATE LOG: BEGIN
2025-01-04 20:58:31,381 - Noah's Hand: [2S, 3C, 4C, 6S, 9H]
2025-01-04 20:58:31,381 - Eve's Hand: [2C, 5S, 6H, TD, JD]
2025-01-04 20:58:31,381 - Boss: Rank: 12 | Suit H | Attack 5 | Health 20
2025-01-04 20:58:31,381 - Tavern: [AC, 6D, 2H, 7C, 5C]
2025-01-04 20:58:31,381 - Castle: [KD, KH, KS, KC, QC, QD, QS]
2025-01-04 20:58:31,381 - Discard: [7S, AS, 3H, JS, TH, 3D, AD, 9S, 6C, 5H, 4H, 7D, 8H, 4D, AH, 5D, JC, 4S, 7H, 3S, 8S, 2D, 8D, 9D, JH, 9C, TC, 8C]
2025-01-04 20:58:31,381 - Active Player: 2
2025-01-04 20:58:31,381 - STATE LOG: END
2025-01-04 20:58:31,537 - STATE LOG: BEGIN
2025-01-04 20:58:31,537 - Noah's Hand: [2S, 3C, 4C, 6S, 9H]
2025-01-04 20:58:31,537 - Eve's Hand: [2C, 6H, TD, JD]
2025-01-04 20:58:31,537 - Boss: Rank: 12 | Suit H | Attack 0 | Health 15
2025-01-04 20:58:31,537 - Tavern: [AC, 6D, 2H, 7C, 5C]
2025-01-04 20:58:31,537 - Castle: [KD, KH, KS, KC, QC, QD, QS]
2025-01-04 20:58:31,537 - Discard: [7S, AS, 3H, JS, TH, 3D, AD, 9S, 6C, 5H, 4H, 7D, 8H, 4D, AH, 5D, JC, 4S, 7H, 3S, 8S, 2D, 8D, 9D, JH, 9C, TC, 8C]
2025-01-04 20:58:31,537 - Active Player: 1
2025-01-04 20:58:31,537 - STATE LOG: END
2025-01-04 20:58:31,660 - STATE LOG: BEGIN
2025-01-04 20:58:31,660 - Noah's Hand: [2S, 3C, 4C, 6S, 9H]
2025-01-04 20:58:31,660 - Eve's Hand: [2C, 6H, TD, JD]
2025-01-04 20:58:31,660 - Boss: Rank: 12 | Suit H | Attack 0 | Health 15
2025-01-04 20:58:31,660 - Tavern: [AC, 6D, 2H, 7C, 5C]
2025-01-04 20:58:31,660 - Castle: [KD, KH, KS, KC, QC, QD, QS]
2025-01-04 20:58:31,660 - Discard: [7S, AS, 3H, JS, TH, 3D, AD, 9S, 6C, 5H, 4H, 7D, 8H, 4D, AH, 5D, JC, 4S, 7H, 3S, 8S, 2D, 8D, 9D, JH, 9C, TC, 8C]
2025-01-04 20:58:31,660 - Active Player: 2
2025-01-04 20:58:31,660 - STATE LOG: END
2025-01-04 20:58:31,818 - STATE LOG: BEGIN
2025-01-04 20:58:31,818 - Noah's Hand: [2S, 3C, 4C, 6S, 9H]
2025-01-04 20:58:31,818 - Eve's Hand: [6H, TD, JD]
2025-01-04 20:58:31,818 - Boss: Rank: 12 | Suit H | Attack 0 | Health 11
2025-01-04 20:58:31,818 - Tavern: [AC, 6D, 2H, 7C, 5C]
2025-01-04 20:58:31,818 - Castle: [KD, KH, KS, KC, QC, QD, QS]
2025-01-04 20:58:31,818 - Discard: [7S, AS, 3H, JS, TH, 3D, AD, 9S, 6C, 5H, 4H, 7D, 8H, 4D, AH, 5D, JC, 4S, 7H, 3S, 8S, 2D, 8D, 9D, JH, 9C, TC, 8C]
2025-01-04 20:58:31,818 - Active Player: 1
2025-01-04 20:58:31,818 - STATE LOG: END
2025-01-04 20:58:31,941 - STATE LOG: BEGIN
2025-01-04 20:58:31,941 - Noah's Hand: [2S, 3C, 4C, 6S, 9H]
2025-01-04 20:58:31,941 - Eve's Hand: [6H, TD, JD]
2025-01-04 20:58:31,941 - Boss: Rank: 12 | Suit H | Attack 0 | Health 11
2025-01-04 20:58:31,941 - Tavern: [AC, 6D, 2H, 7C, 5C]
2025-01-04 20:58:31,941 - Castle: [KD, KH, KS, KC, QC, QD, QS]
2025-01-04 20:58:31,941 - Discard: [7S, AS, 3H, JS, TH, 3D, AD, 9S, 6C, 5H, 4H, 7D, 8H, 4D, AH, 5D, JC, 4S, 7H, 3S, 8S, 2D, 8D, 9D, JH, 9C, TC, 8C]
2025-01-04 20:58:31,942 - Active Player: 2
2025-01-04 20:58:31,942 - STATE LOG: END
2025-01-04 20:58:32,051 - STATE LOG: BEGIN
2025-01-04 20:58:32,051 - Noah's Hand: [2S, 3C, 4C, 6S, 9H, 7C, 6D]
2025-01-04 20:58:32,051 - Eve's Hand: [6H, JD, 5C, 2H, AC]
2025-01-04 20:58:32,051 - Boss: Rank: 12 | Suit H | Attack 0 | Health 1
2025-01-04 20:58:32,051 - Tavern: []
2025-01-04 20:58:32,051 - Castle: [KD, KH, KS, KC, QC, QD, QS]
2025-01-04 20:58:32,051 - Discard: [7S, AS, 3H, JS, TH, 3D, AD, 9S, 6C, 5H, 4H, 7D, 8H, 4D, AH, 5D, JC, 4S, 7H, 3S, 8S, 2D, 8D, 9D, JH, 9C, TC, 8C]
2025-01-04 20:58:32,051 - Active Player: 1
2025-01-04 20:58:32,051 - STATE LOG: END
2025-01-04 20:58:32,203 - STATE LOG: BEGIN
2025-01-04 20:58:32,203 - Noah's Hand: [2S, 3C, 4C, 6D, 6S, 9H]
2025-01-04 20:58:32,203 - Eve's Hand: [6H, JD, 5C, 2H, AC]
2025-01-04 20:58:32,203 - Boss: Rank: 12 | Suit S | Attack 15 | Health 30
2025-01-04 20:58:32,203 - Tavern: []
2025-01-04 20:58:32,203 - Castle: [KD, KH, KS, KC, QC, QD]
2025-01-04 20:58:32,203 - Discard: [7S, AS, 3H, JS, TH, 3D, AD, 9S, 6C, 5H, 4H, 7D, 8H, 4D, AH, 5D, JC, 4S, 7H, 3S, 8S, 2D, 8D, 9D, JH, 9C, TC, 8C, TS, 7C, 5S, 2C, TD, QH]
2025-01-04 20:58:32,203 - Active Player: 1
2025-01-04 20:58:32,203 - STATE LOG: END
2025-01-04 20:58:32,309 - STATE LOG: BEGIN
2025-01-04 20:58:32,309 - Noah's Hand: [2S, 6D]
2025-01-04 20:58:32,309 - Eve's Hand: [6H, JD, 5C, 2H, AC]
2025-01-04 20:58:32,309 - Boss: Rank: 12 | Suit S | Attack 15 | Health 24
2025-01-04 20:58:32,309 - Tavern: []
2025-01-04 20:58:32,309 - Castle: [KD, KH, KS, KC, QC, QD]
2025-01-04 20:58:32,309 - Discard: [7S, AS, 3H, JS, TH, 3D, AD, 9S, 6C, 5H, 4H, 7D, 8H, 4D, AH, 5D, JC, 4S, 7H, 3S, 8S, 2D, 8D, 9D, JH, 9C, TC, 8C, TS, 7C, 5S, 2C, TD, QH, 9H, 4C, 3C]
2025-01-04 20:58:32,309 - Active Player: 2
2025-01-04 20:58:32,309 - STATE LOG: END
2025-01-04 20:58:32,326 - STATE LOG: BEGIN
2025-01-04 20:58:32,326 - Noah's Hand: [2S, 6D]
2025-01-04 20:58:32,326 - Eve's Hand: [2H, 5C, 6H]
2025-01-04 20:58:32,326 - Boss: Rank: 12 | Suit D | Attack 15 | Health 30
2025-01-04 20:58:32,326 - Tavern: []
2025-01-04 20:58:32,326 - Castle: [KD, KH, KS, KC, QC]
2025-01-04 20:58:32,326 - Discard: [7S, AS, 3H, JS, TH, 3D, AD, 9S, 6C, 5H, 4H, 7D, 8H, 4D, AH, 5D, JC, 4S, 7H, 3S, 8S, 2D, 8D, 9D, JH, 9C, TC, 8C, TS, 7C, 5S, 2C, TD, QH, 9H, 4C, 3C, 6S, AC, JD]
2025-01-04 20:58:32,326 - Active Player: 2
2025-01-04 20:58:32,326 - STATE LOG: END
2025-01-04 20:58:32,332 - STATE LOG: BEGIN
2025-01-04 20:58:32,332 - Noah's Hand: [2S, 6D]
2025-01-04 20:58:32,332 - Eve's Hand: [5C, 6H]
2025-01-04 20:58:32,332 - Boss: Rank: 12 | Suit D | Attack 15 | Health 28
2025-01-04 20:58:32,332 - Tavern: [AH, 4D]
2025-01-04 20:58:32,332 - Castle: [KD, KH, KS, KC, QC]
2025-01-04 20:58:32,332 - Discard: [3C, 9C, TD, JS, TS, AC, 7D, JC, 5S, 3H, AS, 9D, JH, 2C, 8H, TC, 6C, 8S, 9H, 8C, 3S, QH, 5D, 3D, 4C, 7C, JD, AD, 6S, 8D, 5H, 7H, 4S, TH, 9S, 7S, 2D, 4H]
2025-01-04 20:58:32,332 - Active Player: 1
2025-01-04 20:58:32,332 - STATE LOG: END
