2025-01-04 22:02:14,375 - I log states! :D
2025-01-04 22:02:14,376 - STATE LOG: BEGIN
2025-01-04 22:02:14,376 - Noah's Hand: [AH, 4S, TH, 3S, 5D, AD, AS]
2025-01-04 22:02:14,376 - Eve's Hand: [8D, 2C, 4H, 5S, 6D, 4C, 9C]
2025-01-04 22:02:14,376 - Boss: Rank: 11 | Suit C | Attack 10 | Health 20
2025-01-04 22:02:14,376 - Tavern: [5C, 2S, 7S, TC, 6S, TS, 3H, 3C, 7H, AC, 7C, 6C, 9S, 9H, 2H, 6H, 8H, 5H, 4D, 9D, 7D, 2D, 8C, 3D, 8S, TD]
2025-01-04 22:02:14,376 - Castle: [KD, KH, KC, KS, QH, QS, QC, QD, JD, JH, JS]
2025-01-04 22:02:14,376 - Discard: []
2025-01-04 22:02:14,376 - Active Player: 1
2025-01-04 22:02:14,376 - STATE LOG: END
2025-01-04 22:02:15,857 - STATE LOG: BEGIN
2025-01-04 22:02:15,857 - Noah's Hand: [AD, AH, 3S, TH, TD, 8S]
2025-01-04 22:02:15,858 - Eve's Hand: [8D, 2C, 4H, 5S, 6D, 4C, 9C]
2025-01-04 22:02:15,858 - Boss: Rank: 11 | Suit C | Attack 4 | Health 14
2025-01-04 22:02:15,858 - Tavern: [5C, 2S, 7S, TC, 6S, TS, 3H, 3C, 7H, AC, 7C, 6C, 9S, 9H, 2H, 6H, 8H, 5H, 4D, 9D, 7D, 2D, 8C, 3D]
2025-01-04 22:02:15,858 - Castle: [KD, KH, KC, KS, QH, QS, QC, QD, JD, JH, JS]
2025-01-04 22:02:15,858 - Discard: [4S]
2025-01-04 22:02:15,858 - Active Player: 2
2025-01-04 22:02:15,858 - STATE LOG: END
2025-01-04 22:02:17,355 - STATE LOG: BEGIN
2025-01-04 22:02:17,355 - Noah's Hand: [AD, AH, 3S, TH, TD, 8S]
2025-01-04 22:02:17,355 - Eve's Hand: [2C, 4H, 5S, 6D, 8D, 9C]
2025-01-04 22:02:17,355 - Boss: Rank: 11 | Suit C | Attack 4 | Health 14
2025-01-04 22:02:17,355 - Tavern: [5C, 2S, 7S, TC, 6S, TS, 3H, 3C, 7H, AC, 7C, 6C, 9S, 9H, 2H, 6H, 8H, 5H, 4D, 9D, 7D, 2D, 8C, 3D]
2025-01-04 22:02:17,355 - Castle: [KD, KH, KC, KS, QH, QS, QC, QD, JD, JH, JS]
2025-01-04 22:02:17,355 - Discard: [4S, 4C]
2025-01-04 22:02:17,355 - Active Player: 1
2025-01-04 22:02:17,355 - STATE LOG: END
2025-01-04 22:02:18,947 - STATE LOG: BEGIN
2025-01-04 22:02:18,947 - Noah's Hand: [AD, 3S, TD, TH]
2025-01-04 22:02:18,947 - Eve's Hand: [2C, 4H, 5S, 6D, 8D, 9C]
2025-01-04 22:02:18,947 - Boss: Rank: 11 | Suit C | Attack 0 | Health 5
2025-01-04 22:02:18,947 - Tavern: [4S, 4C, 5C, 2S, 7S, TC, 6S, TS, 3H, 3C, 7H, AC, 7C, 6C, 9S, 9H, 2H, 6H, 8H, 5H, 4D, 9D, 7D, 2D, 8C, 3D]
2025-01-04 22:02:18,947 - Castle: [KD, KH, KC, KS, QH, QS, QC, QD, JD, JH, JS]
2025-01-04 22:02:18,947 - Discard: []
2025-01-04 22:02:18,947 - Active Player: 2
2025-01-04 22:02:18,947 - STATE LOG: END
2025-01-04 22:02:19,993 - STATE LOG: BEGIN
2025-01-04 22:02:19,993 - Noah's Hand: [AD, 3S, TD, TH, 8C, 7D, 9D]
2025-01-04 22:02:19,994 - Eve's Hand: [2C, 4H, 5S, 6D, 9C, 3D, 2D]
2025-01-04 22:02:19,994 - Boss: Rank: 11 | Suit S | Attack 10 | Health 20
2025-01-04 22:02:19,994 - Tavern: [4S, 4C, 5C, 2S, 7S, TC, 6S, TS, 3H, 3C, 7H, AC, 7C, 6C, 9S, 9H, 2H, 6H, 8H, 5H, 4D]
2025-01-04 22:02:19,994 - Castle: [KD, KH, KC, KS, QH, QS, QC, QD, JD, JH]
2025-01-04 22:02:19,994 - Discard: [AS, 5D, AH, 8S, 8D, JC]
2025-01-04 22:02:19,994 - Active Player: 2
2025-01-04 22:02:19,994 - STATE LOG: END
2025-01-04 22:02:21,588 - STATE LOG: BEGIN
2025-01-04 22:02:21,588 - Noah's Hand: [AD, 3S, TD, TH, 8C, 7D, 9D]
2025-01-04 22:02:21,588 - Eve's Hand: [3D, 6D, 9C, 4D]
2025-01-04 22:02:21,588 - Boss: Rank: 11 | Suit S | Attack 10 | Health 18
2025-01-04 22:02:21,588 - Tavern: [4S, 4C, 5C, 2S, 7S, TC, 6S, TS, 3H, 3C, 7H, AC, 7C, 6C, 9S, 9H, 2H, 6H, 8H, 5H]
2025-01-04 22:02:21,588 - Castle: [KD, KH, KC, KS, QH, QS, QC, QD, JD, JH]
2025-01-04 22:02:21,588 - Discard: [AS, 5D, AH, 8S, 8D, JC, 2C, 4H, 5S]
2025-01-04 22:02:21,588 - Active Player: 1
2025-01-04 22:02:21,588 - STATE LOG: END
2025-01-04 22:02:23,044 - STATE LOG: BEGIN
2025-01-04 22:02:23,044 - Noah's Hand: [AD, 9D, TD, TH, 5H]
2025-01-04 22:02:23,044 - Eve's Hand: [3D, 6D, 9C, 4D, 8H, 6H, 2H]
2025-01-04 22:02:23,044 - Boss: Rank: 11 | Suit S | Attack 10 | Health 11
2025-01-04 22:02:23,044 - Tavern: [4S, 4C, 5C, 2S, 7S, TC, 6S, TS, 3H, 3C, 7H, AC, 7C, 6C, 9S, 9H]
2025-01-04 22:02:23,044 - Castle: [KD, KH, KC, KS, QH, QS, QC, QD, JD, JH]
2025-01-04 22:02:23,044 - Discard: [AS, 5D, AH, 8S, 8D, JC, 2C, 4H, 5S, 8C, 3S]
2025-01-04 22:02:23,044 - Active Player: 2
2025-01-04 22:02:23,044 - STATE LOG: END
2025-01-04 22:02:24,591 - STATE LOG: BEGIN
2025-01-04 22:02:24,591 - Noah's Hand: [AD, 9D, TD, TH, 5H, 9S, 6C]
2025-01-04 22:02:24,591 - Eve's Hand: [2H, 4D, 6D, 6H, 9H]
2025-01-04 22:02:24,591 - Boss: Rank: 11 | Suit S | Attack 10 | Health 8
2025-01-04 22:02:24,591 - Tavern: [4S, 4C, 5C, 2S, 7S, TC, 6S, TS, 3H, 3C, 7H, AC, 7C]
2025-01-04 22:02:24,591 - Castle: [KD, KH, KC, KS, QH, QS, QC, QD, JD, JH]
2025-01-04 22:02:24,591 - Discard: [AS, 5D, AH, 8S, 8D, JC, 2C, 4H, 5S, 8C, 3S, 8H, 9C]
2025-01-04 22:02:24,591 - Active Player: 1
2025-01-04 22:02:24,591 - STATE LOG: END
2025-01-04 22:02:26,023 - STATE LOG: BEGIN
2025-01-04 22:02:26,025 - Noah's Hand: [AD, 5H, 9D, TD, TH]
2025-01-04 22:02:26,025 - Eve's Hand: [2H, 4D, 6D, 6H, 9H]
2025-01-04 22:02:26,025 - Boss: Rank: 11 | Suit S | Attack 10 | Health 8
2025-01-04 22:02:26,025 - Tavern: [4S, 4C, 5C, 2S, 7S, TC, 6S, TS, 3H, 3C, 7H, AC, 7C]
2025-01-04 22:02:26,025 - Castle: [KD, KH, KC, KS, QH, QS, QC, QD, JD, JH]
2025-01-04 22:02:26,025 - Discard: [AS, 5D, AH, 8S, 8D, JC, 2C, 4H, 5S, 8C, 3S, 8H, 9C, 6C, 9S]
2025-01-04 22:02:26,025 - Active Player: 2
2025-01-04 22:02:26,025 - STATE LOG: END
2025-01-04 22:02:27,447 - STATE LOG: BEGIN
2025-01-04 22:02:27,447 - Noah's Hand: [AD, 5H, 9D, TD, TH]
2025-01-04 22:02:27,447 - Eve's Hand: [4D, 6D]
2025-01-04 22:02:27,447 - Boss: Rank: 11 | Suit S | Attack 10 | Health 6
2025-01-04 22:02:27,447 - Tavern: [5D, 8S, 4S, 4C, 5C, 2S, 7S, TC, 6S, TS, 3H, 3C, 7H, AC, 7C]
2025-01-04 22:02:27,447 - Castle: [KD, KH, KC, KS, QH, QS, QC, QD, JD, JH]
2025-01-04 22:02:27,447 - Discard: [9S, 8C, 8D, AS, AH, 8H, 5S, 9C, 6C, 4H, JC, 2C, 3S, 9H, 6H]
2025-01-04 22:02:27,447 - Active Player: 1
2025-01-04 22:02:27,447 - STATE LOG: END
2025-01-04 22:02:28,815 - STATE LOG: BEGIN
2025-01-04 22:02:28,815 - Noah's Hand: [9D, TD, TH, 7C, 7H, 3H]
2025-01-04 22:02:28,816 - Eve's Hand: [4D, 6D, AC, 3C, TS]
2025-01-04 22:02:28,816 - Boss: Rank: 11 | Suit H | Attack 10 | Health 20
2025-01-04 22:02:28,816 - Tavern: [8H, 8C, 9C, AH, 8D, 9S, 5D, 8S, 4S, 4C, 5C, 2S, 7S, TC, 6S]
2025-01-04 22:02:28,816 - Castle: [KD, KH, KC, KS, QH, QS, QC, QD, JD]
2025-01-04 22:02:28,816 - Discard: [9H, 6C, 5S, JC, 6H, 2C, AS, 3S, 4H, 7D, AD, 5H, 2D, 3D, 2H]
2025-01-04 22:02:28,816 - Active Player: 1
2025-01-04 22:02:28,816 - STATE LOG: END
2025-01-04 22:02:30,667 - STATE LOG: BEGIN
2025-01-04 22:02:30,667 - Noah's Hand: [7H, 9D, TD, TH]
2025-01-04 22:02:30,667 - Eve's Hand: [4D, 6D, AC, 3C, TS]
2025-01-04 22:02:30,667 - Boss: Rank: 11 | Suit H | Attack 10 | Health 20
2025-01-04 22:02:30,667 - Tavern: [8H, 8C, 9C, AH, 8D, 9S, 5D, 8S, 4S, 4C, 5C, 2S, 7S, TC, 6S]
2025-01-04 22:02:30,667 - Castle: [KD, KH, KC, KS, QH, QS, QC, QD, JD]
2025-01-04 22:02:30,667 - Discard: [9H, 6C, 5S, JC, 6H, 2C, AS, 3S, 4H, 7D, AD, 5H, 2D, 3D, 2H, 7C, 3H]
2025-01-04 22:02:30,667 - Active Player: 2
2025-01-04 22:02:30,667 - STATE LOG: END
2025-01-04 22:02:31,792 - STATE LOG: BEGIN
2025-01-04 22:02:31,793 - Noah's Hand: [7H, 9D, TD, TH]
2025-01-04 22:02:31,793 - Eve's Hand: [3C, 4D, 6D]
2025-01-04 22:02:31,793 - Boss: Rank: 11 | Suit H | Attack 10 | Health 18
2025-01-04 22:02:31,793 - Tavern: [8H, 8C, 9C, AH, 8D, 9S, 5D, 8S, 4S, 4C, 5C, 2S, 7S, TC, 6S]
2025-01-04 22:02:31,793 - Castle: [KD, KH, KC, KS, QH, QS, QC, QD, JD]
2025-01-04 22:02:31,793 - Discard: [9H, 6C, 5S, JC, 6H, 2C, AS, 3S, 4H, 7D, AD, 5H, 2D, 3D, 2H, 7C, 3H, TS]
2025-01-04 22:02:31,793 - Active Player: 1
2025-01-04 22:02:31,793 - STATE LOG: END
2025-01-04 22:02:32,303 - STATE LOG: BEGIN
2025-01-04 22:02:32,303 - Noah's Hand: [7H, TD, JS, TC, 2S, 4C]
2025-01-04 22:02:32,303 - Eve's Hand: [3C, 4D, 6D, 6S, 7S, 5C, 4S]
2025-01-04 22:02:32,303 - Boss: Rank: 11 | Suit H | Attack 10 | Health 9
2025-01-04 22:02:32,303 - Tavern: [8H, 8C, 9C, AH, 8D, 9S, 5D, 8S]
2025-01-04 22:02:32,303 - Castle: [KD, KH, KC, KS, QH, QS, QC, QD, JD]
2025-01-04 22:02:32,303 - Discard: [9H, 6C, 5S, JC, 6H, 2C, AS, 3S, 4H, 7D, AD, 5H, 2D, 3D, 2H, 7C, 3H, TS, TH]
2025-01-04 22:02:32,303 - Active Player: 2
2025-01-04 22:02:32,303 - STATE LOG: END
2025-01-04 22:02:33,613 - STATE LOG: BEGIN
2025-01-04 22:02:33,613 - Noah's Hand: [7H, TD, JS, TC, 2S, 4C, 5D]
2025-01-04 22:02:33,613 - Eve's Hand: [3C, 5C, 6D, 6S, 8S, 9S]
2025-01-04 22:02:33,613 - Boss: Rank: 11 | Suit H | Attack 2 | Health 1
2025-01-04 22:02:33,613 - Tavern: [8H, 8C, 9C, AH, 8D]
2025-01-04 22:02:33,613 - Castle: [KD, KH, KC, KS, QH, QS, QC, QD, JD]
2025-01-04 22:02:33,613 - Discard: [9H, 6C, 5S, JC, 6H, 2C, AS, 3S, 4H, 7D, AD, 5H, 2D, 3D, 2H, 7C, 3H, TS, TH, 7S]
2025-01-04 22:02:33,613 - Active Player: 1
2025-01-04 22:02:33,613 - STATE LOG: END
2025-01-04 22:02:34,877 - STATE LOG: BEGIN
2025-01-04 22:02:34,877 - Noah's Hand: [2S, 4C, 7H, TC, TD, JS, 8D]
2025-01-04 22:02:34,877 - Eve's Hand: [3C, 5C, 6D, 6S, 8S, 9S, AH]
2025-01-04 22:02:34,877 - Boss: Rank: 11 | Suit D | Attack 10 | Health 20
2025-01-04 22:02:34,877 - Tavern: [8H, 8C, 9C]
2025-01-04 22:02:34,877 - Castle: [KD, KH, KC, KS, QH, QS, QC, QD]
2025-01-04 22:02:34,877 - Discard: [9H, 6C, 5S, JC, 6H, 2C, AS, 3S, 4H, 7D, AD, 5H, 2D, 3D, 2H, 7C, 3H, TS, TH, 7S, 9D, 5D, AC, 4D, 4S, JH]
2025-01-04 22:02:34,877 - Active Player: 1
2025-01-04 22:02:34,877 - STATE LOG: END
2025-01-04 22:02:36,191 - STATE LOG: BEGIN
2025-01-04 22:02:36,191 - Noah's Hand: [2S, 4C, 7H, 8D, TC, TD]
2025-01-04 22:02:36,192 - Eve's Hand: [3C, 5C, 6D, 6S, 8S, 9S, AH]
2025-01-04 22:02:36,192 - Boss: Rank: 11 | Suit D | Attack 0 | Health 9
2025-01-04 22:02:36,192 - Tavern: [8H, 8C, 9C]
2025-01-04 22:02:36,192 - Castle: [KD, KH, KC, KS, QH, QS, QC, QD]
2025-01-04 22:02:36,192 - Discard: [9H, 6C, 5S, JC, 6H, 2C, AS, 3S, 4H, 7D, AD, 5H, 2D, 3D, 2H, 7C, 3H, TS, TH, 7S, 9D, 5D, AC, 4D, 4S, JH]
2025-01-04 22:02:36,192 - Active Player: 2
2025-01-04 22:02:36,192 - STATE LOG: END
2025-01-04 22:02:37,483 - STATE LOG: BEGIN
2025-01-04 22:02:37,483 - Noah's Hand: [2S, 4C, 7H, 8D, TC, TD]
2025-01-04 22:02:37,483 - Eve's Hand: [AH, 3C, 5C, 6D, 6S, 8S, 9S]
2025-01-04 22:02:37,483 - Boss: Rank: 11 | Suit D | Attack 0 | Health 9
2025-01-04 22:02:37,483 - Tavern: [8H, 8C, 9C]
2025-01-04 22:02:37,483 - Castle: [KD, KH, KC, KS, QH, QS, QC, QD]
2025-01-04 22:02:37,483 - Discard: [9H, 6C, 5S, JC, 6H, 2C, AS, 3S, 4H, 7D, AD, 5H, 2D, 3D, 2H, 7C, 3H, TS, TH, 7S, 9D, 5D, AC, 4D, 4S, JH]
2025-01-04 22:02:37,483 - Active Player: 1
2025-01-04 22:02:37,483 - STATE LOG: END
2025-01-04 22:02:38,676 - STATE LOG: BEGIN
2025-01-04 22:02:38,676 - Noah's Hand: [2S, 7H, 8D, TC, TD]
2025-01-04 22:02:38,676 - Eve's Hand: [AH, 3C, 5C, 6D, 6S, 8S, 9S]
2025-01-04 22:02:38,676 - Boss: Rank: 11 | Suit D | Attack 0 | Health 1
2025-01-04 22:02:38,676 - Tavern: [8H, 8C, 9C]
2025-01-04 22:02:38,676 - Castle: [KD, KH, KC, KS, QH, QS, QC, QD]
2025-01-04 22:02:38,676 - Discard: [9H, 6C, 5S, JC, 6H, 2C, AS, 3S, 4H, 7D, AD, 5H, 2D, 3D, 2H, 7C, 3H, TS, TH, 7S, 9D, 5D, AC, 4D, 4S, JH]
2025-01-04 22:02:38,676 - Active Player: 2
2025-01-04 22:02:38,676 - STATE LOG: END
2025-01-04 22:02:39,881 - STATE LOG: BEGIN
2025-01-04 22:02:39,881 - Noah's Hand: [2S, 7H, 8D, TC, TD]
2025-01-04 22:02:39,881 - Eve's Hand: [AH, 3C, 5C, 6S, 8S, 9S]
2025-01-04 22:02:39,881 - Boss: Rank: 12 | Suit D | Attack 15 | Health 30
2025-01-04 22:02:39,881 - Tavern: [8H, 8C, 9C]
2025-01-04 22:02:39,881 - Castle: [KD, KH, KC, KS, QH, QS, QC]
2025-01-04 22:02:39,881 - Discard: [9H, 6C, 5S, JC, 6H, 2C, AS, 3S, 4H, 7D, AD, 5H, 2D, 3D, 2H, 7C, 3H, TS, TH, 7S, 9D, 5D, AC, 4D, 4S, JH, JS, 4C, 6D, JD]
2025-01-04 22:02:39,881 - Active Player: 2
2025-01-04 22:02:39,881 - STATE LOG: END
2025-01-04 22:02:40,278 - STATE LOG: BEGIN
2025-01-04 22:02:40,278 - Noah's Hand: [2S, 7H, 8D, TC, TD]
2025-01-04 22:02:40,278 - Eve's Hand: [3C, 5C, 6S]
2025-01-04 22:02:40,278 - Boss: Rank: 12 | Suit D | Attack 5 | Health 20
2025-01-04 22:02:40,278 - Tavern: [2D, 7C, 7S, 2C, 5D, 6H, TH, 3S, 3H, AC, 8H, 8C, 9C]
2025-01-04 22:02:40,278 - Castle: [KD, KH, KC, KS, QH, QS, QC]
2025-01-04 22:02:40,278 - Discard: [JH, 5S, JS, JD, TS, 4S, 4H, 9D, AS, 4C, JC, 6D, 3D, AD, 9H, 4D, 6C, 5H, 2H, 7D, 8S]
2025-01-04 22:02:40,278 - Active Player: 1
2025-01-04 22:02:40,278 - STATE LOG: END
2025-01-04 22:02:40,766 - STATE LOG: BEGIN
2025-01-04 22:02:40,766 - Noah's Hand: [7H, 8D, TD]
2025-01-04 22:02:40,766 - Eve's Hand: [3C, 5C, 6S]
2025-01-04 22:02:40,766 - Boss: Rank: 12 | Suit D | Attack 3 | Health 18
2025-01-04 22:02:40,766 - Tavern: [2D, 7C, 7S, 2C, 5D, 6H, TH, 3S, 3H, AC, 8H, 8C, 9C]
2025-01-04 22:02:40,766 - Castle: [KD, KH, KC, KS, QH, QS, QC]
2025-01-04 22:02:40,766 - Discard: [JH, 5S, JS, JD, TS, 4S, 4H, 9D, AS, 4C, JC, 6D, 3D, AD, 9H, 4D, 6C, 5H, 2H, 7D, 8S, TC]
2025-01-04 22:02:40,766 - Active Player: 2
2025-01-04 22:02:40,766 - STATE LOG: END
2025-01-04 22:02:40,935 - STATE LOG: BEGIN
2025-01-04 22:02:40,935 - Noah's Hand: [7H, 8D, TD]
2025-01-04 22:02:40,935 - Eve's Hand: [3C, 5C]
2025-01-04 22:02:40,935 - Boss: Rank: 12 | Suit D | Attack 0 | Health 12
2025-01-04 22:02:40,935 - Tavern: [2D, 7C, 7S, 2C, 5D, 6H, TH, 3S, 3H, AC, 8H, 8C, 9C]
2025-01-04 22:02:40,935 - Castle: [KD, KH, KC, KS, QH, QS, QC]
2025-01-04 22:02:40,935 - Discard: [JH, 5S, JS, JD, TS, 4S, 4H, 9D, AS, 4C, JC, 6D, 3D, AD, 9H, 4D, 6C, 5H, 2H, 7D, 8S, TC]
2025-01-04 22:02:40,935 - Active Player: 1
2025-01-04 22:02:40,935 - STATE LOG: END
2025-01-04 22:02:41,069 - STATE LOG: BEGIN
2025-01-04 22:02:41,069 - Noah's Hand: [8D, TD]
2025-01-04 22:02:41,069 - Eve's Hand: [3C, 5C]
2025-01-04 22:02:41,069 - Boss: Rank: 12 | Suit D | Attack 0 | Health 5
2025-01-04 22:02:41,069 - Tavern: [JC, 2H, 8S, AS, JH, JS, JD, 2D, 7C, 7S, 2C, 5D, 6H, TH, 3S, 3H, AC, 8H, 8C, 9C]
2025-01-04 22:02:41,069 - Castle: [KD, KH, KC, KS, QH, QS, QC]
2025-01-04 22:02:41,069 - Discard: [6D, 3D, 9D, AD, 9H, 5H, 5S, 6C, 4S, 7D, 4D, 4H, 4C, TS, TC]
2025-01-04 22:02:41,069 - Active Player: 2
2025-01-04 22:02:41,069 - STATE LOG: END
2025-01-04 22:02:41,155 - STATE LOG: BEGIN
2025-01-04 22:02:41,155 - Noah's Hand: [8D, TD]
2025-01-04 22:02:41,155 - Eve's Hand: [3C, 5C]
2025-01-04 22:02:41,156 - Boss: Rank: 12 | Suit D | Attack 0 | Health 5
2025-01-04 22:02:41,156 - Tavern: [JC, 2H, 8S, AS, JH, JS, JD, 2D, 7C, 7S, 2C, 5D, 6H, TH, 3S, 3H, AC, 8H, 8C, 9C]
2025-01-04 22:02:41,156 - Castle: [KD, KH, KC, KS, QH, QS, QC]
2025-01-04 22:02:41,156 - Discard: [6D, 3D, 9D, AD, 9H, 5H, 5S, 6C, 4S, 7D, 4D, 4H, 4C, TS, TC]
2025-01-04 22:02:41,156 - Active Player: 1
2025-01-04 22:02:41,156 - STATE LOG: END
2025-01-04 22:02:41,269 - STATE LOG: BEGIN
2025-01-04 22:02:41,269 - Noah's Hand: [8D]
2025-01-04 22:02:41,269 - Eve's Hand: [3C, 5C]
2025-01-04 22:02:41,269 - Boss: Rank: 12 | Suit C | Attack 15 | Health 30
2025-01-04 22:02:41,269 - Tavern: [JC, 2H, 8S, AS, JH, JS, JD, 2D, 7C, 7S, 2C, 5D, 6H, TH, 3S, 3H, AC, 8H, 8C, 9C]
2025-01-04 22:02:41,269 - Castle: [KD, KH, KC, KS, QH, QS]
2025-01-04 22:02:41,269 - Discard: [6D, 3D, 9D, AD, 9H, 5H, 5S, 6C, 4S, 7D, 4D, 4H, 4C, TS, TC, 2S, 7H, TD, AH, 9S, 6S, QD]
2025-01-04 22:02:41,269 - Active Player: 1
2025-01-04 22:02:41,269 - STATE LOG: END
2025-01-04 22:02:41,341 - STATE LOG: BEGIN
2025-01-04 22:02:41,341 - Noah's Hand: [8H, 3H]
2025-01-04 22:02:41,341 - Eve's Hand: [3C, 5C, 8C, AC, 3S, 6H]
2025-01-04 22:02:41,341 - Boss: Rank: 12 | Suit C | Attack 15 | Health 22
2025-01-04 22:02:41,341 - Tavern: [JC, 2H, 8S, AS, JH, JS, JD, 2D, 7C, 7S, 2C, 5D]
2025-01-04 22:02:41,341 - Castle: [KD, KH, KC, KS, QH, QS]
2025-01-04 22:02:41,341 - Discard: [6D, 3D, 9D, AD, 9H, 5H, 5S, 6C, 4S, 7D, 4D, 4H, 4C, TS, TC, 2S, 7H, TD, AH, 9S, 6S, QD, 9C, TH]
2025-01-04 22:02:41,341 - Active Player: 2
2025-01-04 22:02:41,341 - STATE LOG: END
2025-01-04 22:02:41,388 - STATE LOG: BEGIN
2025-01-04 22:02:41,388 - Noah's Hand: [8H, 3H]
2025-01-04 22:02:41,388 - Eve's Hand: [AC, 8C]
2025-01-04 22:02:41,388 - Boss: Rank: 12 | Suit C | Attack 9 | Health 16
2025-01-04 22:02:41,388 - Tavern: [JC, 2H, 8S, AS, JH, JS, JD, 2D, 7C, 7S, 2C, 5D]
2025-01-04 22:02:41,388 - Castle: [KD, KH, KC, KS, QH, QS]
2025-01-04 22:02:41,388 - Discard: [6D, 3D, 9D, AD, 9H, 5H, 5S, 6C, 4S, 7D, 4D, 4H, 4C, TS, TC, 2S, 7H, TD, AH, 9S, 6S, QD, 9C, TH, 5C, 6H]
2025-01-04 22:02:41,388 - Active Player: 1
2025-01-04 22:02:41,388 - STATE LOG: END
2025-01-04 22:02:41,392 - STATE LOG: BEGIN
2025-01-04 22:02:41,392 - Noah's Hand: [8H]
2025-01-04 22:02:41,392 - Eve's Hand: [AC, 8C]
2025-01-04 22:02:41,392 - Boss: Rank: 12 | Suit C | Attack 9 | Health 13
2025-01-04 22:02:41,392 - Tavern: [6C, 4S, 5H, JC, 2H, 8S, AS, JH, JS, JD, 2D, 7C, 7S, 2C, 5D]
2025-01-04 22:02:41,392 - Castle: [KD, KH, KC, KS, QH, QS]
2025-01-04 22:02:41,392 - Discard: [9C, TD, 9D, 5S, 7D, TS, 6D, AH, TH, 4D, 9S, 6S, 3D, TC, AD, 4H, 2S, 9H, 5C, 4C, QD, 7H, 6H]
2025-01-04 22:02:41,392 - Active Player: 2
2025-01-04 22:02:41,392 - STATE LOG: END
