2025-01-04 22:55:39,286 - I log states! :D
2025-01-04 22:55:39,286 - STATE LOG: BEGIN
2025-01-04 22:55:39,286 - Noah's Hand: [8S, TS, 3D, 3S, 6C, 7H, 2H]
2025-01-04 22:55:39,286 - Eve's Hand: [2S, TH, AD, 6S, 9D, 5D, 9C]
2025-01-04 22:55:39,286 - Boss: Rank: 11 | Suit D | Attack 10 | Health 20
2025-01-04 22:55:39,287 - Tavern: [8D, AH, TD, 4C, TC, 5C, 4D, 4S, 5S, 6H, 2C, 5H, 6D, AC, 8H, 2D, 7S, 7D, 9H, 4H, AS, 3H, 9S, 3C, 7C, 8C]
2025-01-04 22:55:39,287 - Castle: [KH, KS, KC, KD, QS, QC, QH, QD, JH, JC, JS]
2025-01-04 22:55:39,287 - Discard: []
2025-01-04 22:55:39,287 - Active Player: 1
2025-01-04 22:55:39,287 - STATE LOG: END
2025-01-04 22:55:39,328 - STATE LOG: BEGIN
2025-01-04 22:55:39,328 - Noah's Hand: [2H, 3D, 3S, 6C, 7H, 8S]
2025-01-04 22:55:39,328 - Eve's Hand: [2S, TH, AD, 6S, 9D, 5D, 9C]
2025-01-04 22:55:39,328 - Boss: Rank: 11 | Suit D | Attack 0 | Health 10
2025-01-04 22:55:39,328 - Tavern: [8D, AH, TD, 4C, TC, 5C, 4D, 4S, 5S, 6H, 2C, 5H, 6D, AC, 8H, 2D, 7S, 7D, 9H, 4H, AS, 3H, 9S, 3C, 7C, 8C]
2025-01-04 22:55:39,328 - Castle: [KH, KS, KC, KD, QS, QC, QH, QD, JH, JC, JS]
2025-01-04 22:55:39,328 - Discard: []
2025-01-04 22:55:39,328 - Active Player: 2
2025-01-04 22:55:39,328 - STATE LOG: END
2025-01-04 22:55:39,361 - STATE LOG: BEGIN
2025-01-04 22:55:39,361 - Noah's Hand: [2H, 3D, 3S, 6C, 7H, 8S]
2025-01-04 22:55:39,361 - Eve's Hand: [AD, 2S, 6S, 9C, 9D, TH]
2025-01-04 22:55:39,361 - Boss: Rank: 11 | Suit D | Attack 0 | Health 5
2025-01-04 22:55:39,361 - Tavern: [8D, AH, TD, 4C, TC, 5C, 4D, 4S, 5S, 6H, 2C, 5H, 6D, AC, 8H, 2D, 7S, 7D, 9H, 4H, AS, 3H, 9S, 3C, 7C, 8C]
2025-01-04 22:55:39,361 - Castle: [KH, KS, KC, KD, QS, QC, QH, QD, JH, JC, JS]
2025-01-04 22:55:39,361 - Discard: []
2025-01-04 22:55:39,361 - Active Player: 1
2025-01-04 22:55:39,361 - STATE LOG: END
2025-01-04 22:55:39,387 - STATE LOG: BEGIN
2025-01-04 22:55:39,387 - Noah's Hand: [2H, 3S, 6C, 7H, 8S]
2025-01-04 22:55:39,387 - Eve's Hand: [AD, 2S, 6S, 9C, 9D, TH]
2025-01-04 22:55:39,387 - Boss: Rank: 11 | Suit D | Attack 0 | Health 2
2025-01-04 22:55:39,387 - Tavern: [8D, AH, TD, 4C, TC, 5C, 4D, 4S, 5S, 6H, 2C, 5H, 6D, AC, 8H, 2D, 7S, 7D, 9H, 4H, AS, 3H, 9S, 3C, 7C, 8C]
2025-01-04 22:55:39,387 - Castle: [KH, KS, KC, KD, QS, QC, QH, QD, JH, JC, JS]
2025-01-04 22:55:39,387 - Discard: []
2025-01-04 22:55:39,387 - Active Player: 2
2025-01-04 22:55:39,387 - STATE LOG: END
2025-01-04 22:55:39,409 - STATE LOG: BEGIN
2025-01-04 22:55:39,409 - Noah's Hand: [2H, 3S, 6C, 7H, 8S]
2025-01-04 22:55:39,409 - Eve's Hand: [AD, 6S, 9C, 9D, TH]
2025-01-04 22:55:39,409 - Boss: Rank: 11 | Suit S | Attack 10 | Health 20
2025-01-04 22:55:39,409 - Tavern: [8D, AH, TD, 4C, TC, 5C, 4D, 4S, 5S, 6H, 2C, 5H, 6D, AC, 8H, 2D, 7S, 7D, 9H, 4H, AS, 3H, 9S, 3C, 7C, 8C]
2025-01-04 22:55:39,409 - Castle: [KH, KS, KC, KD, QS, QC, QH, QD, JH, JC]
2025-01-04 22:55:39,409 - Discard: [TS, 3D, 5D, 2S]
2025-01-04 22:55:39,409 - Active Player: 2
2025-01-04 22:55:39,409 - STATE LOG: END
2025-01-04 22:55:39,434 - STATE LOG: BEGIN
2025-01-04 22:55:39,435 - Noah's Hand: [2H, 3S, 6C, 7H, 8S]
2025-01-04 22:55:39,435 - Eve's Hand: [AD, 9C, 9D]
2025-01-04 22:55:39,435 - Boss: Rank: 11 | Suit S | Attack 10 | Health 20
2025-01-04 22:55:39,435 - Tavern: [8D, AH, TD, 4C, TC, 5C, 4D, 4S, 5S, 6H, 2C, 5H, 6D, AC, 8H, 2D, 7S, 7D, 9H, 4H, AS, 3H, 9S, 3C, 7C, 8C]
2025-01-04 22:55:39,435 - Castle: [KH, KS, KC, KD, QS, QC, QH, QD, JH, JC]
2025-01-04 22:55:39,435 - Discard: [TS, 3D, 5D, 2S, 6S, TH]
2025-01-04 22:55:39,435 - Active Player: 1
2025-01-04 22:55:39,435 - STATE LOG: END
2025-01-04 22:55:39,456 - STATE LOG: BEGIN
2025-01-04 22:55:39,456 - Noah's Hand: [2H, 7H]
2025-01-04 22:55:39,456 - Eve's Hand: [AD, 9C, 9D]
2025-01-04 22:55:39,456 - Boss: Rank: 11 | Suit S | Attack 10 | Health 8
2025-01-04 22:55:39,457 - Tavern: [8D, AH, TD, 4C, TC, 5C, 4D, 4S, 5S, 6H, 2C, 5H, 6D, AC, 8H, 2D, 7S, 7D, 9H, 4H, AS, 3H, 9S, 3C, 7C, 8C]
2025-01-04 22:55:39,457 - Castle: [KH, KS, KC, KD, QS, QC, QH, QD, JH, JC]
2025-01-04 22:55:39,457 - Discard: [TS, 3D, 5D, 2S, 6S, TH, 3S, 8S]
2025-01-04 22:55:39,457 - Active Player: 2
2025-01-04 22:55:39,457 - STATE LOG: END
2025-01-04 22:55:39,476 - STATE LOG: BEGIN
2025-01-04 22:55:39,476 - Noah's Hand: [2H, 7H, 8C, 3C, 3H, 4H, 7D]
2025-01-04 22:55:39,476 - Eve's Hand: [9C, JD, 7C, 9S, AS, 9H]
2025-01-04 22:55:39,476 - Boss: Rank: 11 | Suit C | Attack 10 | Health 20
2025-01-04 22:55:39,476 - Tavern: [8D, AH, TD, 4C, TC, 5C, 4D, 4S, 5S, 6H, 2C, 5H, 6D, AC, 8H, 2D, 7S]
2025-01-04 22:55:39,476 - Castle: [KH, KS, KC, KD, QS, QC, QH, QD, JH]
2025-01-04 22:55:39,477 - Discard: [TS, 3D, 5D, 2S, 6S, TH, 3S, 8S, 6C, AD, 9D, JS]
2025-01-04 22:55:39,477 - Active Player: 2
2025-01-04 22:55:39,477 - STATE LOG: END
2025-01-04 22:55:39,547 - STATE LOG: BEGIN
2025-01-04 22:55:39,547 - Noah's Hand: [2H, 7H, 8C, 3C, 3H, 4H, 7D]
2025-01-04 22:55:39,547 - Eve's Hand: [AS, 7C, 9H, 9S, 2D]
2025-01-04 22:55:39,547 - Boss: Rank: 11 | Suit C | Attack 10 | Health 9
2025-01-04 22:55:39,547 - Tavern: [8D, AH, TD, 4C, TC, 5C, 4D, 4S, 5S, 6H, 2C, 5H, 6D, AC, 8H]
2025-01-04 22:55:39,547 - Castle: [KH, KS, KC, KD, QS, QC, QH, QD, JH]
2025-01-04 22:55:39,547 - Discard: [TS, 3D, 5D, 2S, 6S, TH, 3S, 8S, 6C, AD, 9D, JS, 7S, 9C]
2025-01-04 22:55:39,547 - Active Player: 1
2025-01-04 22:55:39,547 - STATE LOG: END
2025-01-04 22:55:39,580 - STATE LOG: BEGIN
2025-01-04 22:55:39,580 - Noah's Hand: [3H, 4H, 7D]
2025-01-04 22:55:39,580 - Eve's Hand: [AS, 7C, 9H, 9S, 2D]
2025-01-04 22:55:39,580 - Boss: Rank: 11 | Suit C | Attack 10 | Health 2
2025-01-04 22:55:39,580 - Tavern: [2S, 7S, 3S, 8S, AD, JS, 6S, 8D, AH, TD, 4C, TC, 5C, 4D, 4S, 5S, 6H, 2C, 5H, 6D, AC, 8H]
2025-01-04 22:55:39,580 - Castle: [KH, KS, KC, KD, QS, QC, QH, QD, JH]
2025-01-04 22:55:39,580 - Discard: [6C, TS, 3D, TH, 9C, 5D, 9D, 2H, 3C, 8C]
2025-01-04 22:55:39,580 - Active Player: 2
2025-01-04 22:55:39,580 - STATE LOG: END
2025-01-04 22:55:39,602 - STATE LOG: BEGIN
2025-01-04 22:55:39,602 - Noah's Hand: [3H, 4H, 7D, AC]
2025-01-04 22:55:39,602 - Eve's Hand: [AS, 7C, 9H, 9S, 8H]
2025-01-04 22:55:39,602 - Boss: Rank: 11 | Suit H | Attack 10 | Health 20
2025-01-04 22:55:39,602 - Tavern: [2S, 7S, 3S, 8S, AD, JS, 6S, 8D, AH, TD, 4C, TC, 5C, 4D, 4S, 5S, 6H, 2C, 5H, 6D]
2025-01-04 22:55:39,602 - Castle: [KH, KS, KC, KD, QS, QC, QH, QD]
2025-01-04 22:55:39,602 - Discard: [6C, TS, 3D, TH, 9C, 5D, 9D, 2H, 3C, 8C, 7H, JD, 2D]
2025-01-04 22:55:39,602 - Active Player: 2
2025-01-04 22:55:39,602 - STATE LOG: END
2025-01-04 22:55:39,624 - STATE LOG: BEGIN
2025-01-04 22:55:39,624 - Noah's Hand: [3H, 4H, 7D, AC]
2025-01-04 22:55:39,624 - Eve's Hand: [7C, 8H, 9S]
2025-01-04 22:55:39,624 - Boss: Rank: 11 | Suit H | Attack 0 | Health 10
2025-01-04 22:55:39,624 - Tavern: [2S, 7S, 3S, 8S, AD, JS, 6S, 8D, AH, TD, 4C, TC, 5C, 4D, 4S, 5S, 6H, 2C, 5H, 6D]
2025-01-04 22:55:39,624 - Castle: [KH, KS, KC, KD, QS, QC, QH, QD]
2025-01-04 22:55:39,624 - Discard: [6C, TS, 3D, TH, 9C, 5D, 9D, 2H, 3C, 8C, 7H, JD, 2D]
2025-01-04 22:55:39,624 - Active Player: 1
2025-01-04 22:55:39,624 - STATE LOG: END
2025-01-04 22:55:39,647 - STATE LOG: BEGIN
2025-01-04 22:55:39,647 - Noah's Hand: [AC, 3H, 4H, JC, 5H, 6H, 4S]
2025-01-04 22:55:39,647 - Eve's Hand: [7C, 8H, 9S, 6D, 2C, 5S]
2025-01-04 22:55:39,647 - Boss: Rank: 11 | Suit H | Attack 0 | Health 3
2025-01-04 22:55:39,647 - Tavern: [2S, 7S, 3S, 8S, AD, JS, 6S, 8D, AH, TD, 4C, TC, 5C, 4D]
2025-01-04 22:55:39,647 - Castle: [KH, KS, KC, KD, QS, QC, QH, QD]
2025-01-04 22:55:39,647 - Discard: [6C, TS, 3D, TH, 9C, 5D, 9D, 2H, 3C, 8C, 7H, JD, 2D]
2025-01-04 22:55:39,647 - Active Player: 2
2025-01-04 22:55:39,647 - STATE LOG: END
2025-01-04 22:55:39,674 - STATE LOG: BEGIN
2025-01-04 22:55:39,674 - Noah's Hand: [AC, 3H, 4H, JC, 5H, 6H, 4S]
2025-01-04 22:55:39,674 - Eve's Hand: [2C, 5S, 6D, 7C, 8H, 9S]
2025-01-04 22:55:39,674 - Boss: Rank: 11 | Suit H | Attack 0 | Health 3
2025-01-04 22:55:39,674 - Tavern: [2S, 7S, 3S, 8S, AD, JS, 6S, 8D, AH, TD, 4C, TC, 5C, 4D]
2025-01-04 22:55:39,674 - Castle: [KH, KS, KC, KD, QS, QC, QH, QD]
2025-01-04 22:55:39,674 - Discard: [6C, TS, 3D, TH, 9C, 5D, 9D, 2H, 3C, 8C, 7H, JD, 2D]
2025-01-04 22:55:39,674 - Active Player: 1
2025-01-04 22:55:39,674 - STATE LOG: END
2025-01-04 22:55:39,702 - STATE LOG: BEGIN
2025-01-04 22:55:39,702 - Noah's Hand: [3H, 4H, 4S, 6H, JC]
2025-01-04 22:55:39,702 - Eve's Hand: [2C, 5S, 6D, 7C, 8H, 9S]
2025-01-04 22:55:39,702 - Boss: Rank: 12 | Suit D | Attack 15 | Health 30
2025-01-04 22:55:39,702 - Tavern: [2S, 7S, 3S, 8S, AD, JS, 6S, 8D, AH, TD, 4C, TC, 5C, 4D]
2025-01-04 22:55:39,702 - Castle: [KH, KS, KC, KD, QS, QC, QH]
2025-01-04 22:55:39,702 - Discard: [6C, TS, 3D, TH, 9C, 5D, 9D, 2H, 3C, 8C, 7H, JD, 2D, 7D, AC, 5H, AS, 9H, JH]
2025-01-04 22:55:39,702 - Active Player: 1
2025-01-04 22:55:39,702 - STATE LOG: END
2025-01-04 22:55:39,715 - STATE LOG: BEGIN
2025-01-04 22:55:39,715 - Noah's Hand: [3H, 4H]
2025-01-04 22:55:39,715 - Eve's Hand: [2C, 5S, 6D, 7C, 8H, 9S]
2025-01-04 22:55:39,715 - Boss: Rank: 12 | Suit D | Attack 15 | Health 30
2025-01-04 22:55:39,715 - Tavern: [2S, 7S, 3S, 8S, AD, JS, 6S, 8D, AH, TD, 4C, TC, 5C, 4D]
2025-01-04 22:55:39,715 - Castle: [KH, KS, KC, KD, QS, QC, QH]
2025-01-04 22:55:39,715 - Discard: [6C, TS, 3D, TH, 9C, 5D, 9D, 2H, 3C, 8C, 7H, JD, 2D, 7D, AC, 5H, AS, 9H, JH, 6H, 4S, JC]
2025-01-04 22:55:39,715 - Active Player: 2
2025-01-04 22:55:39,715 - STATE LOG: END
2025-01-04 22:55:39,734 - STATE LOG: BEGIN
2025-01-04 22:55:39,734 - Noah's Hand: [3H, 4H]
2025-01-04 22:55:39,734 - Eve's Hand: [5S, 6D, 7C]
2025-01-04 22:55:39,734 - Boss: Rank: 12 | Suit D | Attack 6 | Health 21
2025-01-04 22:55:39,734 - Tavern: [2S, 7S, 3S, 8S, AD, JS, 6S, 8D, AH, TD, 4C, TC, 5C, 4D]
2025-01-04 22:55:39,734 - Castle: [KH, KS, KC, KD, QS, QC, QH]
2025-01-04 22:55:39,734 - Discard: [6C, TS, 3D, TH, 9C, 5D, 9D, 2H, 3C, 8C, 7H, JD, 2D, 7D, AC, 5H, AS, 9H, JH, 6H, 4S, JC, 2C, 8H]
2025-01-04 22:55:39,734 - Active Player: 1
2025-01-04 22:55:39,734 - STATE LOG: END
2025-01-04 22:55:39,737 - STATE LOG: BEGIN
2025-01-04 22:55:39,737 - Noah's Hand: []
2025-01-04 22:55:39,737 - Eve's Hand: [5S, 6D, 7C]
2025-01-04 22:55:39,737 - Boss: Rank: 12 | Suit D | Attack 6 | Health 21
2025-01-04 22:55:39,737 - Tavern: [2S, 7S, 3S, 8S, AD, JS, 6S, 8D, AH, TD, 4C, TC, 5C, 4D]
2025-01-04 22:55:39,737 - Castle: [KH, KS, KC, KD, QS, QC, QH]
2025-01-04 22:55:39,737 - Discard: [6C, TS, 3D, TH, 9C, 5D, 9D, 2H, 3C, 8C, 7H, JD, 2D, 7D, AC, 5H, AS, 9H, JH, 6H, 4S, JC, 2C, 8H, 4H, 3H]
2025-01-04 22:55:39,737 - Active Player: 2
2025-01-04 22:55:39,737 - STATE LOG: END
