2025-01-04 22:45:58,913 - I log states! :D
2025-01-04 22:45:58,913 - STATE LOG: BEGIN
2025-01-04 22:45:58,913 - Noah's Hand: [2H, 6H, 9C, 9H, 8H, 4S, 3C]
2025-01-04 22:45:58,913 - Eve's Hand: [4C, AH, 6D, 2S, 8D, 5D, 5C]
2025-01-04 22:45:58,913 - Boss: Rank: 11 | Suit C | Attack 10 | Health 20
2025-01-04 22:45:58,913 - Tavern: [9D, 5H, 4H, AD, 2C, 5S, AC, TS, 6S, 6C, 8C, TD, 9S, 2D, 7D, 7S, 3S, 4D, 7C, 8S, 3H, 7H, 3D, TC, TH, AS]
2025-01-04 22:45:58,913 - Castle: [KC, KH, KS, KD, QC, QH, QD, QS, JD, JH, JS]
2025-01-04 22:45:58,913 - Discard: []
2025-01-04 22:45:58,913 - Active Player: 1
2025-01-04 22:45:58,913 - STATE LOG: END
2025-01-04 22:45:59,602 - STATE LOG: BEGIN
2025-01-04 22:45:59,603 - Noah's Hand: [2H, 3C, 6H, 9C, 9H]
2025-01-04 22:45:59,603 - Eve's Hand: [4C, AH, 6D, 2S, 8D, 5D, 5C]
2025-01-04 22:45:59,603 - Boss: Rank: 11 | Suit C | Attack 6 | Health 16
2025-01-04 22:45:59,603 - Tavern: [9D, 5H, 4H, AD, 2C, 5S, AC, TS, 6S, 6C, 8C, TD, 9S, 2D, 7D, 7S, 3S, 4D, 7C, 8S, 3H, 7H, 3D, TC, TH, AS]
2025-01-04 22:45:59,603 - Castle: [KC, KH, KS, KD, QC, QH, QD, QS, JD, JH, JS]
2025-01-04 22:45:59,603 - Discard: [8H]
2025-01-04 22:45:59,603 - Active Player: 2
2025-01-04 22:45:59,603 - STATE LOG: END
2025-01-04 22:46:00,343 - STATE LOG: BEGIN
2025-01-04 22:46:00,343 - Noah's Hand: [2H, 3C, 6H, 9C, 9H, TH, 3D]
2025-01-04 22:46:00,343 - Eve's Hand: [2S, 5D, 8D, AS, TC]
2025-01-04 22:46:00,343 - Boss: Rank: 11 | Suit C | Attack 6 | Health 9
2025-01-04 22:46:00,343 - Tavern: [8H, 9D, 5H, 4H, AD, 2C, 5S, AC, TS, 6S, 6C, 8C, TD, 9S, 2D, 7D, 7S, 3S, 4D, 7C, 8S, 3H, 7H]
2025-01-04 22:46:00,343 - Castle: [KC, KH, KS, KD, QC, QH, QD, QS, JD, JH, JS]
2025-01-04 22:46:00,343 - Discard: [5C, 4C]
2025-01-04 22:46:00,343 - Active Player: 1
2025-01-04 22:46:00,343 - STATE LOG: END
2025-01-04 22:46:01,104 - STATE LOG: BEGIN
2025-01-04 22:46:01,104 - Noah's Hand: [3D, 6H, 9H, TH]
2025-01-04 22:46:01,104 - Eve's Hand: [2S, 5D, 8D, AS, TC]
2025-01-04 22:46:01,104 - Boss: Rank: 11 | Suit C | Attack 6 | Health 9
2025-01-04 22:46:01,104 - Tavern: [8H, 9D, 5H, 4H, AD, 2C, 5S, AC, TS, 6S, 6C, 8C, TD, 9S, 2D, 7D, 7S, 3S, 4D, 7C, 8S, 3H, 7H]
2025-01-04 22:46:01,104 - Castle: [KC, KH, KS, KD, QC, QH, QD, QS, JD, JH, JS]
2025-01-04 22:46:01,104 - Discard: [5C, 4C, 2H, 3C, 9C]
2025-01-04 22:46:01,104 - Active Player: 2
2025-01-04 22:46:01,104 - STATE LOG: END
2025-01-04 22:46:01,815 - STATE LOG: BEGIN
2025-01-04 22:46:01,815 - Noah's Hand: [3D, 6H, 9H, TH, 3H, 7C, 3S]
2025-01-04 22:46:01,815 - Eve's Hand: [2S, 5D, TC, 7H, 8S, 4D, 7S]
2025-01-04 22:46:01,815 - Boss: Rank: 11 | Suit S | Attack 10 | Health 20
2025-01-04 22:46:01,815 - Tavern: [8H, 9D, 5H, 4H, AD, 2C, 5S, AC, TS, 6S, 6C, 8C, TD, 9S, 2D, 7D]
2025-01-04 22:46:01,815 - Castle: [KC, KH, KS, KD, QC, QH, QD, QS, JD, JH]
2025-01-04 22:46:01,815 - Discard: [5C, 4C, 2H, 3C, 9C, 4S, AH, 6D, AS, 8D]
2025-01-04 22:46:01,815 - Active Player: 2
2025-01-04 22:46:01,815 - STATE LOG: END
2025-01-04 22:46:02,577 - STATE LOG: BEGIN
2025-01-04 22:46:02,577 - Noah's Hand: [3D, 6H, 9H, TH, 3H, 7C, 3S]
2025-01-04 22:46:02,577 - Eve's Hand: [4D, 5D, 7H, 8S]
2025-01-04 22:46:02,577 - Boss: Rank: 11 | Suit S | Attack 10 | Health 18
2025-01-04 22:46:02,577 - Tavern: [8H, 9D, 5H, 4H, AD, 2C, 5S, AC, TS, 6S, 6C, 8C, TD, 9S, 2D, 7D]
2025-01-04 22:46:02,577 - Castle: [KC, KH, KS, KD, QC, QH, QD, QS, JD, JH]
2025-01-04 22:46:02,577 - Discard: [5C, 4C, 2H, 3C, 9C, 4S, AH, 6D, AS, 8D, 7S, TC]
2025-01-04 22:46:02,577 - Active Player: 1
2025-01-04 22:46:02,577 - STATE LOG: END
2025-01-04 22:46:03,276 - STATE LOG: BEGIN
2025-01-04 22:46:03,276 - Noah's Hand: [3D, 3H, 3S, 6H, 7C]
2025-01-04 22:46:03,276 - Eve's Hand: [4D, 5D, 7H, 8S]
2025-01-04 22:46:03,276 - Boss: Rank: 11 | Suit S | Attack 10 | Health 9
2025-01-04 22:46:03,276 - Tavern: [6D, 9C, AS, 5C, 3C, 8D, AH, TC, 4C, 8H, 9D, 5H, 4H, AD, 2C, 5S, AC, TS, 6S, 6C, 8C, TD, 9S, 2D, 7D]
2025-01-04 22:46:03,276 - Castle: [KC, KH, KS, KD, QC, QH, QD, QS, JD, JH]
2025-01-04 22:46:03,276 - Discard: [2H, 7S, 4S, TH]
2025-01-04 22:46:03,276 - Active Player: 2
2025-01-04 22:46:03,276 - STATE LOG: END
2025-01-04 22:46:04,022 - STATE LOG: BEGIN
2025-01-04 22:46:04,022 - Noah's Hand: [3D, 3H, 3S, 6H, 7C, 7D, 9S]
2025-01-04 22:46:04,022 - Eve's Hand: [4D, JC, 2D, TD]
2025-01-04 22:46:04,022 - Boss: Rank: 11 | Suit S | Attack 10 | Health 4
2025-01-04 22:46:04,022 - Tavern: [6D, 9C, AS, 5C, 3C, 8D, AH, TC, 4C, 8H, 9D, 5H, 4H, AD, 2C, 5S, AC, TS, 6S, 6C, 8C]
2025-01-04 22:46:04,022 - Castle: [KC, KH, KS, KD, QC, QH, QD, QS, JD, JH]
2025-01-04 22:46:04,022 - Discard: [2H, 7S, 4S, TH, 7H, 8S]
2025-01-04 22:46:04,022 - Active Player: 1
2025-01-04 22:46:04,022 - STATE LOG: END
2025-01-04 22:46:04,818 - STATE LOG: BEGIN
2025-01-04 22:46:04,818 - Noah's Hand: [3S, 6H, 7C, 7D, 9S, 8C, 6S]
2025-01-04 22:46:04,818 - Eve's Hand: [4D, JC, 2D, TD, 6C, TS, AC]
2025-01-04 22:46:04,818 - Boss: Rank: 11 | Suit H | Attack 10 | Health 20
2025-01-04 22:46:04,818 - Tavern: [7S, 4S, 8S, 2H, 7H, TH, 6D, 9C, AS, 5C, 3C, 8D, AH, TC, 4C, 8H, 9D, 5H, 4H, AD, 2C, 5S]
2025-01-04 22:46:04,818 - Castle: [KC, KH, KS, KD, QC, QH, QD, QS, JD]
2025-01-04 22:46:04,818 - Discard: [9H, 3D, 3H, 2S, 5D, JS]
2025-01-04 22:46:04,818 - Active Player: 1
2025-01-04 22:46:04,818 - STATE LOG: END
2025-01-04 22:46:05,608 - STATE LOG: BEGIN
2025-01-04 22:46:05,608 - Noah's Hand: [6S, 7D, 8C, 9S]
2025-01-04 22:46:05,608 - Eve's Hand: [4D, JC, 2D, TD, 6C, TS, AC]
2025-01-04 22:46:05,608 - Boss: Rank: 11 | Suit H | Attack 7 | Health 17
2025-01-04 22:46:05,608 - Tavern: [7S, 4S, 8S, 2H, 7H, TH, 6D, 9C, AS, 5C, 3C, 8D, AH, TC, 4C, 8H, 9D, 5H, 4H, AD, 2C, 5S]
2025-01-04 22:46:05,608 - Castle: [KC, KH, KS, KD, QC, QH, QD, QS, JD]
2025-01-04 22:46:05,608 - Discard: [9H, 3D, 3H, 2S, 5D, JS, 6H, 7C]
2025-01-04 22:46:05,608 - Active Player: 2
2025-01-04 22:46:05,608 - STATE LOG: END
2025-01-04 22:46:06,311 - STATE LOG: BEGIN
2025-01-04 22:46:06,311 - Noah's Hand: [6S, 7D, 8C, 9S, 2C]
2025-01-04 22:46:06,311 - Eve's Hand: [AC, 4D, 6C, TD, TS]
2025-01-04 22:46:06,311 - Boss: Rank: 11 | Suit H | Attack 7 | Health 15
2025-01-04 22:46:06,311 - Tavern: [7S, 4S, 8S, 2H, 7H, TH, 6D, 9C, AS, 5C, 3C, 8D, AH, TC, 4C, 8H, 9D, 5H, 4H, AD]
2025-01-04 22:46:06,311 - Castle: [KC, KH, KS, KD, QC, QH, QD, QS, JD]
2025-01-04 22:46:06,311 - Discard: [9H, 3D, 3H, 2S, 5D, JS, 6H, 7C, 5S, JC]
2025-01-04 22:46:06,311 - Active Player: 1
2025-01-04 22:46:06,311 - STATE LOG: END
2025-01-04 22:46:07,165 - STATE LOG: BEGIN
2025-01-04 22:46:07,165 - Noah's Hand: [2C, 6S, 7D, 8C]
2025-01-04 22:46:07,165 - Eve's Hand: [AC, 4D, 6C, TD, TS]
2025-01-04 22:46:07,165 - Boss: Rank: 11 | Suit H | Attack 0 | Health 6
2025-01-04 22:46:07,165 - Tavern: [7S, 4S, 8S, 2H, 7H, TH, 6D, 9C, AS, 5C, 3C, 8D, AH, TC, 4C, 8H, 9D, 5H, 4H, AD]
2025-01-04 22:46:07,165 - Castle: [KC, KH, KS, KD, QC, QH, QD, QS, JD]
2025-01-04 22:46:07,165 - Discard: [9H, 3D, 3H, 2S, 5D, JS, 6H, 7C, 5S, JC]
2025-01-04 22:46:07,165 - Active Player: 2
2025-01-04 22:46:07,165 - STATE LOG: END
2025-01-04 22:46:07,799 - STATE LOG: BEGIN
2025-01-04 22:46:07,799 - Noah's Hand: [2C, 6S, 7D, 8C, 4H, 9D, 4C]
2025-01-04 22:46:07,800 - Eve's Hand: [4D, 6C, TS, AD, 5H, 8H, TC]
2025-01-04 22:46:07,800 - Boss: Rank: 11 | Suit D | Attack 10 | Health 20
2025-01-04 22:46:07,800 - Tavern: [7S, 4S, 8S, 2H, 7H, TH, 6D, 9C, AS, 5C, 3C, 8D, AH]
2025-01-04 22:46:07,800 - Castle: [KC, KH, KS, KD, QC, QH, QD, QS]
2025-01-04 22:46:07,800 - Discard: [9H, 3D, 3H, 2S, 5D, JS, 6H, 7C, 5S, JC, 3S, 9S, 2D, AC, TD, JH]
2025-01-04 22:46:07,800 - Active Player: 2
2025-01-04 22:46:07,800 - STATE LOG: END
2025-01-04 22:46:08,516 - STATE LOG: BEGIN
2025-01-04 22:46:08,516 - Noah's Hand: [2C, 6S, 7D, 8C, 4H, 9D, 4C]
2025-01-04 22:46:08,516 - Eve's Hand: [AD, 4D, 5H, 6C, 8H, TS]
2025-01-04 22:46:08,516 - Boss: Rank: 12 | Suit S | Attack 15 | Health 30
2025-01-04 22:46:08,516 - Tavern: [7S, 4S, 8S, 2H, 7H, TH, 6D, 9C, AS, 5C, 3C, 8D, AH]
2025-01-04 22:46:08,516 - Castle: [KC, KH, KS, KD, QC, QH, QD]
2025-01-04 22:46:08,516 - Discard: [9H, 3D, 3H, 2S, 5D, JS, 6H, 7C, 5S, JC, 3S, 9S, 2D, AC, TD, JH, TC]
2025-01-04 22:46:08,516 - Active Player: 2
2025-01-04 22:46:08,516 - STATE LOG: END
2025-01-04 22:46:09,398 - STATE LOG: BEGIN
2025-01-04 22:46:09,398 - Noah's Hand: [2C, 6S, 7D, 8C, 4H, 9D, 4C]
2025-01-04 22:46:09,398 - Eve's Hand: [4D, 8H, JD, 8D]
2025-01-04 22:46:09,398 - Boss: Rank: 12 | Suit S | Attack 15 | Health 24
2025-01-04 22:46:09,398 - Tavern: [TC, 5S, 2D, JC, 6H, 3S, 7S, 4S, 8S, 2H, 7H, TH, 6D, 9C, AS, 5C, 3C]
2025-01-04 22:46:09,398 - Castle: [KC, KH, KS, KD, QC, QH, QD]
2025-01-04 22:46:09,398 - Discard: [AC, 3D, JH, 3H, 5D, 9H, 9S, 7C, TD, JS, 2S, AH, 6C, TS]
2025-01-04 22:46:09,398 - Active Player: 1
2025-01-04 22:46:09,398 - STATE LOG: END
2025-01-04 22:46:10,142 - STATE LOG: BEGIN
2025-01-04 22:46:10,142 - Noah's Hand: [4C, 9D, 3C]
2025-01-04 22:46:10,142 - Eve's Hand: [4D, 8H, JD, 8D, 5C, AS, 9C]
2025-01-04 22:46:10,142 - Boss: Rank: 12 | Suit S | Attack 15 | Health 17
2025-01-04 22:46:10,142 - Tavern: [TC, 5S, 2D, JC, 6H, 3S, 7S, 4S, 8S, 2H, 7H, TH, 6D]
2025-01-04 22:46:10,142 - Castle: [KC, KH, KS, KD, QC, QH, QD]
2025-01-04 22:46:10,142 - Discard: [AC, 3D, JH, 3H, 5D, 9H, 9S, 7C, TD, JS, 2S, AH, 6C, TS, 2C, 8C, 4H, 6S]
2025-01-04 22:46:10,142 - Active Player: 2
2025-01-04 22:46:10,142 - STATE LOG: END
2025-01-04 22:46:10,675 - STATE LOG: BEGIN
2025-01-04 22:46:10,675 - Noah's Hand: [4C, 9D, 3C, TH, 7H, 2H, 8S]
2025-01-04 22:46:10,675 - Eve's Hand: [AS, 4D, 5C, JD, 6D]
2025-01-04 22:46:10,675 - Boss: Rank: 12 | Suit S | Attack 15 | Health 9
2025-01-04 22:46:10,675 - Tavern: [TC, 5S, 2D, JC, 6H, 3S, 7S, 4S]
2025-01-04 22:46:10,675 - Castle: [KC, KH, KS, KD, QC, QH, QD]
2025-01-04 22:46:10,675 - Discard: [AC, 3D, JH, 3H, 5D, 9H, 9S, 7C, TD, JS, 2S, AH, 6C, TS, 2C, 8C, 4H, 6S, 9C, 8H]
2025-01-04 22:46:10,675 - Active Player: 1
2025-01-04 22:46:10,675 - STATE LOG: END
2025-01-04 22:46:11,442 - STATE LOG: BEGIN
2025-01-04 22:46:11,442 - Noah's Hand: [7H, 8S, 9D]
2025-01-04 22:46:11,442 - Eve's Hand: [AS, 4D, 5C, JD, 6D]
2025-01-04 22:46:11,442 - Boss: Rank: 12 | Suit S | Attack 15 | Health 3
2025-01-04 22:46:11,442 - Tavern: [TC, 5S, 2D, JC, 6H, 3S, 7S, 4S]
2025-01-04 22:46:11,442 - Castle: [KC, KH, KS, KD, QC, QH, QD]
2025-01-04 22:46:11,442 - Discard: [AC, 3D, JH, 3H, 5D, 9H, 9S, 7C, TD, JS, 2S, AH, 6C, TS, 2C, 8C, 4H, 6S, 9C, 8H, 2H, TH, 4C]
2025-01-04 22:46:11,442 - Active Player: 2
2025-01-04 22:46:11,442 - STATE LOG: END
2025-01-04 22:46:11,867 - STATE LOG: BEGIN
2025-01-04 22:46:11,867 - Noah's Hand: [7H, 8S, 9D, 7S, 6H, 2D]
2025-01-04 22:46:11,867 - Eve's Hand: [AS, 4D, 5C, JD, 4S, 3S, JC]
2025-01-04 22:46:11,867 - Boss: Rank: 12 | Suit D | Attack 15 | Health 30
2025-01-04 22:46:11,867 - Tavern: [TC, 5S]
2025-01-04 22:46:11,867 - Castle: [KC, KH, KS, KD, QC, QH]
2025-01-04 22:46:11,867 - Discard: [AC, 3D, JH, 3H, 5D, 9H, 9S, 7C, TD, JS, 2S, AH, 6C, TS, 2C, 8C, 4H, 6S, 9C, 8H, 2H, TH, 4C, 7D, 3C, AD, 5H, 8D, 6D, QS]
2025-01-04 22:46:11,867 - Active Player: 2
2025-01-04 22:46:11,867 - STATE LOG: END
2025-01-04 22:46:12,540 - STATE LOG: BEGIN
2025-01-04 22:46:12,540 - Noah's Hand: [7H, 8S, 9D, 7S, 6H, 2D]
2025-01-04 22:46:12,540 - Eve's Hand: [3S, JD]
2025-01-04 22:46:12,540 - Boss: Rank: 12 | Suit D | Attack 7 | Health 22
2025-01-04 22:46:12,540 - Tavern: [TC, 5S]
2025-01-04 22:46:12,540 - Castle: [KC, KH, KS, KD, QC, QH]
2025-01-04 22:46:12,540 - Discard: [AC, 3D, JH, 3H, 5D, 9H, 9S, 7C, TD, JS, 2S, AH, 6C, TS, 2C, 8C, 4H, 6S, 9C, 8H, 2H, TH, 4C, 7D, 3C, AD, 5H, 8D, 6D, QS, AS, 5C, JC]
2025-01-04 22:46:12,540 - Active Player: 1
2025-01-04 22:46:12,540 - STATE LOG: END
2025-01-04 22:46:12,588 - STATE LOG: BEGIN
2025-01-04 22:46:12,588 - Noah's Hand: [2D, 6H, 7H, 8S, 9D]
2025-01-04 22:46:12,588 - Eve's Hand: [3S, JD]
2025-01-04 22:46:12,588 - Boss: Rank: 12 | Suit D | Attack 0 | Health 15
2025-01-04 22:46:12,588 - Tavern: [TC, 5S]
2025-01-04 22:46:12,588 - Castle: [KC, KH, KS, KD, QC, QH]
2025-01-04 22:46:12,588 - Discard: [AC, 3D, JH, 3H, 5D, 9H, 9S, 7C, TD, JS, 2S, AH, 6C, TS, 2C, 8C, 4H, 6S, 9C, 8H, 2H, TH, 4C, 7D, 3C, AD, 5H, 8D, 6D, QS, AS, 5C, JC]
2025-01-04 22:46:12,588 - Active Player: 2
2025-01-04 22:46:12,588 - STATE LOG: END
2025-01-04 22:46:13,004 - STATE LOG: BEGIN
2025-01-04 22:46:13,004 - Noah's Hand: [2D, 6H, 7H, 8S, 9D]
2025-01-04 22:46:13,004 - Eve's Hand: [3S, JD]
2025-01-04 22:46:13,004 - Boss: Rank: 12 | Suit D | Attack 0 | Health 15
2025-01-04 22:46:13,004 - Tavern: [TC, 5S]
2025-01-04 22:46:13,004 - Castle: [KC, KH, KS, KD, QC, QH]
2025-01-04 22:46:13,004 - Discard: [AC, 3D, JH, 3H, 5D, 9H, 9S, 7C, TD, JS, 2S, AH, 6C, TS, 2C, 8C, 4H, 6S, 9C, 8H, 2H, TH, 4C, 7D, 3C, AD, 5H, 8D, 6D, QS, AS, 5C, JC]
2025-01-04 22:46:13,004 - Active Player: 1
2025-01-04 22:46:13,004 - STATE LOG: END
2025-01-04 22:46:13,291 - STATE LOG: BEGIN
2025-01-04 22:46:13,291 - Noah's Hand: [2D, 7H, 8S, 9D]
2025-01-04 22:46:13,291 - Eve's Hand: [3S, JD]
2025-01-04 22:46:13,291 - Boss: Rank: 12 | Suit D | Attack 0 | Health 9
2025-01-04 22:46:13,291 - Tavern: [JS, 3H, 7D, AH, 2C, 8C, TC, 5S]
2025-01-04 22:46:13,291 - Castle: [KC, KH, KS, KD, QC, QH]
2025-01-04 22:46:13,291 - Discard: [6C, TD, 6D, AS, 3D, 4H, TS, AD, 3C, JH, 9C, 5D, JC, TH, 2S, 8D, AC, 2H, QS, 9S, 9H, 4C, 6S, 5H, 5C, 7C, 8H]
2025-01-04 22:46:13,291 - Active Player: 2
2025-01-04 22:46:13,291 - STATE LOG: END
2025-01-04 22:46:13,434 - STATE LOG: BEGIN
2025-01-04 22:46:13,434 - Noah's Hand: [2D, 7H, 8S, 9D]
2025-01-04 22:46:13,434 - Eve's Hand: [JD]
2025-01-04 22:46:13,434 - Boss: Rank: 12 | Suit D | Attack 0 | Health 6
2025-01-04 22:46:13,434 - Tavern: [JS, 3H, 7D, AH, 2C, 8C, TC, 5S]
2025-01-04 22:46:13,434 - Castle: [KC, KH, KS, KD, QC, QH]
2025-01-04 22:46:13,434 - Discard: [6C, TD, 6D, AS, 3D, 4H, TS, AD, 3C, JH, 9C, 5D, JC, TH, 2S, 8D, AC, 2H, QS, 9S, 9H, 4C, 6S, 5H, 5C, 7C, 8H]
2025-01-04 22:46:13,434 - Active Player: 1
2025-01-04 22:46:13,434 - STATE LOG: END
2025-01-04 22:46:13,492 - STATE LOG: BEGIN
2025-01-04 22:46:13,492 - Noah's Hand: [2D, 8S, 9D]
2025-01-04 22:46:13,492 - Eve's Hand: [JD]
2025-01-04 22:46:13,492 - Boss: Rank: 12 | Suit H | Attack 15 | Health 30
2025-01-04 22:46:13,492 - Tavern: [6S, 9S, 2H, JC, 2S, 4H, 9C, JS, 3H, 7D, AH, 2C, 8C, TC, 5S]
2025-01-04 22:46:13,492 - Castle: [KC, KH, KS, KD, QC]
2025-01-04 22:46:13,492 - Discard: [AD, 7C, 5D, TD, 6D, 9H, TH, 5H, QS, 4C, AS, 3D, 3C, 5C, JH, AC, 8H, 8D, TS, 6C, 7S, 6H, 7H, 4D, 4S, 3S, QD]
2025-01-04 22:46:13,492 - Active Player: 1
2025-01-04 22:46:13,492 - STATE LOG: END
2025-01-04 22:46:13,556 - STATE LOG: BEGIN
2025-01-04 22:46:13,556 - Noah's Hand: [2D, 8S, 5S]
2025-01-04 22:46:13,556 - Eve's Hand: [JD, TC, 2C, 7D, JS]
2025-01-04 22:46:13,556 - Boss: Rank: 12 | Suit H | Attack 15 | Health 21
2025-01-04 22:46:13,556 - Tavern: [6S, 9S, 2H, JC, 2S, 4H]
2025-01-04 22:46:13,556 - Castle: [KC, KH, KS, KD, QC]
2025-01-04 22:46:13,556 - Discard: [AD, 7C, 5D, TD, 6D, 9H, TH, 5H, QS, 4C, AS, 3D, 3C, 5C, JH, AC, 8H, 8D, TS, 6C, 7S, 6H, 7H, 4D, 4S, 3S, QD, 3H, AH, 9C, 8C]
2025-01-04 22:46:13,556 - Active Player: 2
2025-01-04 22:46:13,556 - STATE LOG: END
2025-01-04 22:46:13,746 - STATE LOG: BEGIN
2025-01-04 22:46:13,746 - Noah's Hand: [2D, 8S, 5S]
2025-01-04 22:46:13,746 - Eve's Hand: [2C, 7D, JD]
2025-01-04 22:46:13,746 - Boss: Rank: 12 | Suit H | Attack 4 | Health 10
2025-01-04 22:46:13,746 - Tavern: [6S, 9S, 2H, JC, 2S, 4H]
2025-01-04 22:46:13,746 - Castle: [KC, KH, KS, KD, QC]
2025-01-04 22:46:13,746 - Discard: [AD, 7C, 5D, TD, 6D, 9H, TH, 5H, QS, 4C, AS, 3D, 3C, 5C, JH, AC, 8H, 8D, TS, 6C, 7S, 6H, 7H, 4D, 4S, 3S, QD, 3H, AH, 9C, 8C, TC]
2025-01-04 22:46:13,746 - Active Player: 1
2025-01-04 22:46:13,746 - STATE LOG: END
2025-01-04 22:46:14,291 - STATE LOG: BEGIN
2025-01-04 22:46:14,291 - Noah's Hand: [2D, 8S]
2025-01-04 22:46:14,291 - Eve's Hand: [2C, 7D, JD]
2025-01-04 22:46:14,291 - Boss: Rank: 12 | Suit H | Attack 0 | Health 5
2025-01-04 22:46:14,291 - Tavern: [6S, 9S, 2H, JC, 2S, 4H]
2025-01-04 22:46:14,291 - Castle: [KC, KH, KS, KD, QC]
2025-01-04 22:46:14,291 - Discard: [AD, 7C, 5D, TD, 6D, 9H, TH, 5H, QS, 4C, AS, 3D, 3C, 5C, JH, AC, 8H, 8D, TS, 6C, 7S, 6H, 7H, 4D, 4S, 3S, QD, 3H, AH, 9C, 8C, TC]
2025-01-04 22:46:14,291 - Active Player: 2
2025-01-04 22:46:14,291 - STATE LOG: END
2025-01-04 22:46:14,611 - STATE LOG: BEGIN
2025-01-04 22:46:14,611 - Noah's Hand: [2D, 8S, 2S, 2H, 6S]
2025-01-04 22:46:14,611 - Eve's Hand: [2C, 7D, 4H, JC, 9S]
2025-01-04 22:46:14,611 - Boss: Rank: 12 | Suit C | Attack 15 | Health 30
2025-01-04 22:46:14,611 - Tavern: []
2025-01-04 22:46:14,611 - Castle: [KC, KH, KS, KD]
2025-01-04 22:46:14,611 - Discard: [AD, 7C, 5D, TD, 6D, 9H, TH, 5H, QS, 4C, AS, 3D, 3C, 5C, JH, AC, 8H, 8D, TS, 6C, 7S, 6H, 7H, 4D, 4S, 3S, QD, 3H, AH, 9C, 8C, TC, 9D, 5S, JS, JD, QH]
2025-01-04 22:46:14,611 - Active Player: 2
2025-01-04 22:46:14,611 - STATE LOG: END
2025-01-04 22:46:15,023 - STATE LOG: BEGIN
2025-01-04 22:46:15,023 - Noah's Hand: [2D, 8S, 2S, 2H, 6S]
2025-01-04 22:46:15,023 - Eve's Hand: [2C, 4H, 7D]
2025-01-04 22:46:15,023 - Boss: Rank: 12 | Suit C | Attack 6 | Health 21
2025-01-04 22:46:15,023 - Tavern: []
2025-01-04 22:46:15,023 - Castle: [KC, KH, KS, KD]
2025-01-04 22:46:15,023 - Discard: [AD, 7C, 5D, TD, 6D, 9H, TH, 5H, QS, 4C, AS, 3D, 3C, 5C, JH, AC, 8H, 8D, TS, 6C, 7S, 6H, 7H, 4D, 4S, 3S, QD, 3H, AH, 9C, 8C, TC, 9D, 5S, JS, JD, QH, JC]
2025-01-04 22:46:15,023 - Active Player: 1
2025-01-04 22:46:15,023 - STATE LOG: END
2025-01-04 22:46:15,093 - STATE LOG: BEGIN
2025-01-04 22:46:15,093 - Noah's Hand: [2D, 2H, 2S, 8S]
2025-01-04 22:46:15,093 - Eve's Hand: [2C, 4H, 7D]
2025-01-04 22:46:15,093 - Boss: Rank: 12 | Suit C | Attack 0 | Health 15
2025-01-04 22:46:15,093 - Tavern: []
2025-01-04 22:46:15,093 - Castle: [KC, KH, KS, KD]
2025-01-04 22:46:15,093 - Discard: [AD, 7C, 5D, TD, 6D, 9H, TH, 5H, QS, 4C, AS, 3D, 3C, 5C, JH, AC, 8H, 8D, TS, 6C, 7S, 6H, 7H, 4D, 4S, 3S, QD, 3H, AH, 9C, 8C, TC, 9D, 5S, JS, JD, QH, JC]
2025-01-04 22:46:15,093 - Active Player: 2
2025-01-04 22:46:15,093 - STATE LOG: END
2025-01-04 22:46:15,913 - STATE LOG: BEGIN
2025-01-04 22:46:15,913 - Noah's Hand: [2D, 2H, 2S, 8S]
2025-01-04 22:46:15,913 - Eve's Hand: [2C, 4H, 7D]
2025-01-04 22:46:15,913 - Boss: Rank: 12 | Suit C | Attack 0 | Health 15
2025-01-04 22:46:15,913 - Tavern: []
2025-01-04 22:46:15,913 - Castle: [KC, KH, KS, KD]
2025-01-04 22:46:15,913 - Discard: [AD, 7C, 5D, TD, 6D, 9H, TH, 5H, QS, 4C, AS, 3D, 3C, 5C, JH, AC, 8H, 8D, TS, 6C, 7S, 6H, 7H, 4D, 4S, 3S, QD, 3H, AH, 9C, 8C, TC, 9D, 5S, JS, JD, QH, JC]
2025-01-04 22:46:15,913 - Active Player: 1
2025-01-04 22:46:15,913 - STATE LOG: END
2025-01-04 22:46:16,699 - STATE LOG: BEGIN
2025-01-04 22:46:16,699 - Noah's Hand: [2D, 2H, 8S]
2025-01-04 22:46:16,699 - Eve's Hand: [2C, 4H, 7D]
2025-01-04 22:46:16,699 - Boss: Rank: 12 | Suit C | Attack 0 | Health 13
2025-01-04 22:46:16,699 - Tavern: []
2025-01-04 22:46:16,699 - Castle: [KC, KH, KS, KD]
2025-01-04 22:46:16,699 - Discard: [AD, 7C, 5D, TD, 6D, 9H, TH, 5H, QS, 4C, AS, 3D, 3C, 5C, JH, AC, 8H, 8D, TS, 6C, 7S, 6H, 7H, 4D, 4S, 3S, QD, 3H, AH, 9C, 8C, TC, 9D, 5S, JS, JD, QH, JC]
2025-01-04 22:46:16,699 - Active Player: 2
2025-01-04 22:46:16,699 - STATE LOG: END
2025-01-04 22:46:17,382 - STATE LOG: BEGIN
2025-01-04 22:46:17,382 - Noah's Hand: [2D, 2H, 8S]
2025-01-04 22:46:17,382 - Eve's Hand: [2C, 4H, 7D]
2025-01-04 22:46:17,382 - Boss: Rank: 12 | Suit C | Attack 0 | Health 13
2025-01-04 22:46:17,382 - Tavern: []
2025-01-04 22:46:17,382 - Castle: [KC, KH, KS, KD]
2025-01-04 22:46:17,382 - Discard: [AD, 7C, 5D, TD, 6D, 9H, TH, 5H, QS, 4C, AS, 3D, 3C, 5C, JH, AC, 8H, 8D, TS, 6C, 7S, 6H, 7H, 4D, 4S, 3S, QD, 3H, AH, 9C, 8C, TC, 9D, 5S, JS, JD, QH, JC]
2025-01-04 22:46:17,382 - Active Player: 1
2025-01-04 22:46:17,382 - STATE LOG: END
2025-01-04 22:46:17,610 - STATE LOG: BEGIN
2025-01-04 22:46:17,610 - Noah's Hand: [2H, 8S]
2025-01-04 22:46:17,610 - Eve's Hand: [2C, 4H, 7D]
2025-01-04 22:46:17,610 - Boss: Rank: 12 | Suit C | Attack 0 | Health 11
2025-01-04 22:46:17,610 - Tavern: []
2025-01-04 22:46:17,610 - Castle: [KC, KH, KS, KD]
2025-01-04 22:46:17,610 - Discard: [AD, 7C, 5D, TD, 6D, 9H, TH, 5H, QS, 4C, AS, 3D, 3C, 5C, JH, AC, 8H, 8D, TS, 6C, 7S, 6H, 7H, 4D, 4S, 3S, QD, 3H, AH, 9C, 8C, TC, 9D, 5S, JS, JD, QH, JC]
2025-01-04 22:46:17,610 - Active Player: 2
2025-01-04 22:46:17,610 - STATE LOG: END
2025-01-04 22:46:17,846 - STATE LOG: BEGIN
2025-01-04 22:46:17,846 - Noah's Hand: [2H, 8S]
2025-01-04 22:46:17,846 - Eve's Hand: [2C, 4H, 7D]
2025-01-04 22:46:17,846 - Boss: Rank: 12 | Suit C | Attack 0 | Health 11
2025-01-04 22:46:17,846 - Tavern: []
2025-01-04 22:46:17,846 - Castle: [KC, KH, KS, KD]
2025-01-04 22:46:17,846 - Discard: [AD, 7C, 5D, TD, 6D, 9H, TH, 5H, QS, 4C, AS, 3D, 3C, 5C, JH, AC, 8H, 8D, TS, 6C, 7S, 6H, 7H, 4D, 4S, 3S, QD, 3H, AH, 9C, 8C, TC, 9D, 5S, JS, JD, QH, JC]
2025-01-04 22:46:17,846 - Active Player: 1
2025-01-04 22:46:17,846 - STATE LOG: END
2025-01-04 22:46:17,966 - STATE LOG: BEGIN
2025-01-04 22:46:17,966 - Noah's Hand: [8S]
2025-01-04 22:46:17,966 - Eve's Hand: [2C, 4H, 7D]
2025-01-04 22:46:17,966 - Boss: Rank: 12 | Suit C | Attack 0 | Health 9
2025-01-04 22:46:17,966 - Tavern: [6C, QD]
2025-01-04 22:46:17,966 - Castle: [KC, KH, KS, KD]
2025-01-04 22:46:17,966 - Discard: [3D, AD, 5S, 7C, TS, 3H, 7H, 4S, TD, JD, 9D, JH, 5C, QH, AH, 4D, TC, 6D, AC, 3C, TH, 8C, 8D, 5D, JS, 9H, JC, 4C, 9C, AS, QS, 5H, 3S, 7S, 6H, 8H]
2025-01-04 22:46:17,966 - Active Player: 2
2025-01-04 22:46:17,966 - STATE LOG: END
2025-01-04 22:46:18,022 - STATE LOG: BEGIN
2025-01-04 22:46:18,022 - Noah's Hand: [8S]
2025-01-04 22:46:18,022 - Eve's Hand: [4H, 7D]
2025-01-04 22:46:18,022 - Boss: Rank: 12 | Suit C | Attack 0 | Health 7
2025-01-04 22:46:18,022 - Tavern: [6C, QD]
2025-01-04 22:46:18,022 - Castle: [KC, KH, KS, KD]
2025-01-04 22:46:18,022 - Discard: [3D, AD, 5S, 7C, TS, 3H, 7H, 4S, TD, JD, 9D, JH, 5C, QH, AH, 4D, TC, 6D, AC, 3C, TH, 8C, 8D, 5D, JS, 9H, JC, 4C, 9C, AS, QS, 5H, 3S, 7S, 6H, 8H]
2025-01-04 22:46:18,022 - Active Player: 1
2025-01-04 22:46:18,022 - STATE LOG: END
2025-01-04 22:46:18,045 - STATE LOG: BEGIN
2025-01-04 22:46:18,045 - Noah's Hand: [8S]
2025-01-04 22:46:18,045 - Eve's Hand: [4H, 7D]
2025-01-04 22:46:18,045 - Boss: Rank: 12 | Suit C | Attack 0 | Health 7
2025-01-04 22:46:18,045 - Tavern: [6C, QD]
2025-01-04 22:46:18,045 - Castle: [KC, KH, KS, KD]
2025-01-04 22:46:18,045 - Discard: [3D, AD, 5S, 7C, TS, 3H, 7H, 4S, TD, JD, 9D, JH, 5C, QH, AH, 4D, TC, 6D, AC, 3C, TH, 8C, 8D, 5D, JS, 9H, JC, 4C, 9C, AS, QS, 5H, 3S, 7S, 6H, 8H]
2025-01-04 22:46:18,045 - Active Player: 2
2025-01-04 22:46:18,045 - STATE LOG: END
2025-01-04 22:46:18,064 - STATE LOG: BEGIN
2025-01-04 22:46:18,064 - Noah's Hand: [8S]
2025-01-04 22:46:18,064 - Eve's Hand: [7D]
2025-01-04 22:46:18,064 - Boss: Rank: 12 | Suit C | Attack 0 | Health 3
2025-01-04 22:46:18,064 - Tavern: [AH, 3D, QH, AS, 6C, QD]
2025-01-04 22:46:18,064 - Castle: [KC, KH, KS, KD]
2025-01-04 22:46:18,064 - Discard: [8C, TD, AC, 7H, 5H, 4C, QS, TH, JH, 8H, TS, 7S, 3H, 9D, 3C, JC, 9C, 4D, 5D, 6D, JS, 3S, 6H, 4S, 9H, 5S, AD, TC, 5C, 8D, 7C, JD]
2025-01-04 22:46:18,064 - Active Player: 1
2025-01-04 22:46:18,064 - STATE LOG: END
2025-01-04 22:46:18,079 - STATE LOG: BEGIN
2025-01-04 22:46:18,079 - Noah's Hand: [8S]
2025-01-04 22:46:18,079 - Eve's Hand: [7D]
2025-01-04 22:46:18,079 - Boss: Rank: 12 | Suit C | Attack 0 | Health 3
2025-01-04 22:46:18,079 - Tavern: [AH, 3D, QH, AS, 6C, QD]
2025-01-04 22:46:18,079 - Castle: [KC, KH, KS, KD]
2025-01-04 22:46:18,079 - Discard: [8C, TD, AC, 7H, 5H, 4C, QS, TH, JH, 8H, TS, 7S, 3H, 9D, 3C, JC, 9C, 4D, 5D, 6D, JS, 3S, 6H, 4S, 9H, 5S, AD, TC, 5C, 8D, 7C, JD]
2025-01-04 22:46:18,079 - Active Player: 2
2025-01-04 22:46:18,079 - STATE LOG: END
2025-01-04 22:46:18,118 - STATE LOG: BEGIN
2025-01-04 22:46:18,118 - Noah's Hand: [8S, 6C, QH, AH]
2025-01-04 22:46:18,118 - Eve's Hand: [QD, AS, 3D]
2025-01-04 22:46:18,118 - Boss: Rank: 13 | Suit D | Attack 20 | Health 40
2025-01-04 22:46:18,118 - Tavern: []
2025-01-04 22:46:18,118 - Castle: [KC, KH, KS]
2025-01-04 22:46:18,118 - Discard: [8C, TD, AC, 7H, 5H, 4C, QS, TH, JH, 8H, TS, 7S, 3H, 9D, 3C, JC, 9C, 4D, 5D, 6D, JS, 3S, 6H, 4S, 9H, 5S, AD, TC, 5C, 8D, 7C, JD, 6S, 2S, 2D, 2H, 9S, 2C, 4H, 7D, QC]
2025-01-04 22:46:18,118 - Active Player: 2
2025-01-04 22:46:18,118 - STATE LOG: END
2025-01-04 22:46:18,127 - STATE LOG: BEGIN
2025-01-04 22:46:18,127 - Noah's Hand: [8S, 6C, QH, AH]
2025-01-04 22:46:18,127 - Eve's Hand: [QD, AS]
2025-01-04 22:46:18,127 - Boss: Rank: 13 | Suit D | Attack 20 | Health 37
2025-01-04 22:46:18,127 - Tavern: []
2025-01-04 22:46:18,127 - Castle: [KC, KH, KS]
2025-01-04 22:46:18,127 - Discard: [8C, TD, AC, 7H, 5H, 4C, QS, TH, JH, 8H, TS, 7S, 3H, 9D, 3C, JC, 9C, 4D, 5D, 6D, JS, 3S, 6H, 4S, 9H, 5S, AD, TC, 5C, 8D, 7C, JD, 6S, 2S, 2D, 2H, 9S, 2C, 4H, 7D, QC]
2025-01-04 22:46:18,127 - Active Player: 1
2025-01-04 22:46:18,127 - STATE LOG: END
