2025-01-04 16:01:42,408 - I log states! :D
2025-01-04 16:01:42,408 - STATE LOG: BEGIN
2025-01-04 16:01:42,408 - Noah's Hand: [3C, TC, 4S, 6S, 2D, 9D, AD]
2025-01-04 16:01:42,408 - Eve's Hand: [AC, 6C, 5S, 9S, 3H, AS, 7D]
2025-01-04 16:01:42,408 - Boss: Rank: 11 | Suit S | Attack 10 | Health 20
2025-01-04 16:01:42,408 - Tavern: [4H, 2C, 5D, 7S, 4D, 3D, 6H, 5H, TS, 7H, TH, AH, 4C, 8D, 8H, 7C, 9C, 2H, 9H, 8C, 2S, 6D, 3S, TD, 5C, 8S]
2025-01-04 16:01:42,408 - Castle: [KS, KD, KC, KH, QC, QS, QD, QH, JD, JH, JC]
2025-01-04 16:01:42,408 - Discard: []
2025-01-04 16:01:42,408 - Active Player: 1
2025-01-04 16:01:42,408 - STATE LOG: END
2025-01-04 16:01:43,077 - STATE LOG: BEGIN
2025-01-04 16:01:43,077 - Noah's Hand: [AD, 2D, 3C, 4S, 6S, 9D]
2025-01-04 16:01:43,077 - Eve's Hand: [AC, 6C, 5S, 9S, 3H, AS, 7D]
2025-01-04 16:01:43,077 - Boss: Rank: 11 | Suit C | Attack 10 | Health 20
2025-01-04 16:01:43,077 - Tavern: [4H, 2C, 5D, 7S, 4D, 3D, 6H, 5H, TS, 7H, TH, AH, 4C, 8D, 8H, 7C, 9C, 2H, 9H, 8C, 2S, 6D, 3S, TD, 5C, 8S]
2025-01-04 16:01:43,077 - Castle: [KS, KD, KC, KH, QC, QS, QD, QH, JD, JH]
2025-01-04 16:01:43,078 - Discard: [TC]
2025-01-04 16:01:43,078 - Active Player: 1
2025-01-04 16:01:43,078 - STATE LOG: END
2025-01-04 16:01:43,730 - STATE LOG: BEGIN
2025-01-04 16:01:43,730 - Noah's Hand: [2D, 3C, 4S, 9D, JS, 8S]
2025-01-04 16:01:43,730 - Eve's Hand: [AC, 6C, 5S, 9S, 3H, AS, 7D]
2025-01-04 16:01:43,730 - Boss: Rank: 11 | Suit C | Attack 3 | Health 13
2025-01-04 16:01:43,730 - Tavern: [4H, 2C, 5D, 7S, 4D, 3D, 6H, 5H, TS, 7H, TH, AH, 4C, 8D, 8H, 7C, 9C, 2H, 9H, 8C, 2S, 6D, 3S, TD]
2025-01-04 16:01:43,730 - Castle: [KS, KD, KC, KH, QC, QS, QD, QH, JD, JH]
2025-01-04 16:01:43,730 - Discard: [TC, 5C]
2025-01-04 16:01:43,730 - Active Player: 2
2025-01-04 16:01:43,730 - STATE LOG: END
2025-01-04 16:01:44,378 - STATE LOG: BEGIN
2025-01-04 16:01:44,378 - Noah's Hand: [2D, 3C, 4S, 9D, JS, 8S]
2025-01-04 16:01:44,378 - Eve's Hand: [AC, 5S, 6C, 7D, 9S]
2025-01-04 16:01:44,378 - Boss: Rank: 11 | Suit C | Attack 0 | Health 9
2025-01-04 16:01:44,378 - Tavern: [TC, 5C, 4H, 2C, 5D, 7S, 4D, 3D, 6H, 5H, TS, 7H, TH, AH, 4C, 8D, 8H, 7C, 9C, 2H, 9H, 8C, 2S, 6D, 3S, TD]
2025-01-04 16:01:44,378 - Castle: [KS, KD, KC, KH, QC, QS, QD, QH, JD, JH]
2025-01-04 16:01:44,378 - Discard: []
2025-01-04 16:01:44,378 - Active Player: 1
2025-01-04 16:01:44,378 - STATE LOG: END
2025-01-04 16:01:45,019 - STATE LOG: BEGIN
2025-01-04 16:01:45,019 - Noah's Hand: [3C, 4S, 8S, 9D, JS, TD]
2025-01-04 16:01:45,019 - Eve's Hand: [AC, 5S, 6C, 7D, 9S, 3S]
2025-01-04 16:01:45,019 - Boss: Rank: 11 | Suit C | Attack 0 | Health 7
2025-01-04 16:01:45,020 - Tavern: [TC, 5C, 4H, 2C, 5D, 7S, 4D, 3D, 6H, 5H, TS, 7H, TH, AH, 4C, 8D, 8H, 7C, 9C, 2H, 9H, 8C, 2S, 6D]
2025-01-04 16:01:45,020 - Castle: [KS, KD, KC, KH, QC, QS, QD, QH, JD, JH]
2025-01-04 16:01:45,020 - Discard: []
2025-01-04 16:01:45,020 - Active Player: 2
2025-01-04 16:01:45,020 - STATE LOG: END
2025-01-04 16:01:45,640 - STATE LOG: BEGIN
2025-01-04 16:01:45,640 - Noah's Hand: [3C, 4S, 8S, 9D, JS, TD]
2025-01-04 16:01:45,640 - Eve's Hand: [5S, 6C, 7D, 9S]
2025-01-04 16:01:45,640 - Boss: Rank: 11 | Suit C | Attack 0 | Health 3
2025-01-04 16:01:45,640 - Tavern: [TC, 5C, 4H, 2C, 5D, 7S, 4D, 3D, 6H, 5H, TS, 7H, TH, AH, 4C, 8D, 8H, 7C, 9C, 2H, 9H, 8C, 2S, 6D]
2025-01-04 16:01:45,640 - Castle: [KS, KD, KC, KH, QC, QS, QD, QH, JD, JH]
2025-01-04 16:01:45,640 - Discard: []
2025-01-04 16:01:45,640 - Active Player: 1
2025-01-04 16:01:45,640 - STATE LOG: END
2025-01-04 16:01:46,247 - STATE LOG: BEGIN
2025-01-04 16:01:46,247 - Noah's Hand: [3C, 4S, 8S, TD, JS, 6D, 8C]
2025-01-04 16:01:46,247 - Eve's Hand: [5S, 6C, 7D, 9S, 2S, 9H, 2H]
2025-01-04 16:01:46,247 - Boss: Rank: 11 | Suit H | Attack 10 | Health 20
2025-01-04 16:01:46,247 - Tavern: [TC, 5C, 4H, 2C, 5D, 7S, 4D, 3D, 6H, 5H, TS, 7H, TH, AH, 4C, 8D, 8H, 7C, 9C]
2025-01-04 16:01:46,247 - Castle: [KS, KD, KC, KH, QC, QS, QD, QH, JD]
2025-01-04 16:01:46,247 - Discard: [AD, 6S, 2D, 9D, AS, 3H, AC, 3S, JC]
2025-01-04 16:01:46,247 - Active Player: 1
2025-01-04 16:01:46,247 - STATE LOG: END
2025-01-04 16:01:46,863 - STATE LOG: BEGIN
2025-01-04 16:01:46,863 - Noah's Hand: [3C, 4S, 6D, 8C, 8S, TD]
2025-01-04 16:01:46,863 - Eve's Hand: [5S, 6C, 7D, 9S, 2S, 9H, 2H]
2025-01-04 16:01:46,863 - Boss: Rank: 11 | Suit H | Attack 10 | Health 20
2025-01-04 16:01:46,863 - Tavern: [TC, 5C, 4H, 2C, 5D, 7S, 4D, 3D, 6H, 5H, TS, 7H, TH, AH, 4C, 8D, 8H, 7C, 9C]
2025-01-04 16:01:46,863 - Castle: [KS, KD, KC, KH, QC, QS, QD, QH, JD]
2025-01-04 16:01:46,863 - Discard: [AD, 6S, 2D, 9D, AS, 3H, AC, 3S, JC, JS]
2025-01-04 16:01:46,863 - Active Player: 2
2025-01-04 16:01:46,863 - STATE LOG: END
2025-01-04 16:01:47,470 - STATE LOG: BEGIN
2025-01-04 16:01:47,470 - Noah's Hand: [3C, 4S, 6D, 8C, 8S, TD]
2025-01-04 16:01:47,470 - Eve's Hand: [2H, 5S, 6C, 7D, 9H]
2025-01-04 16:01:47,470 - Boss: Rank: 11 | Suit H | Attack 8 | Health 18
2025-01-04 16:01:47,470 - Tavern: [TC, 5C, 4H, 2C, 5D, 7S, 4D, 3D, 6H, 5H, TS, 7H, TH, AH, 4C, 8D, 8H, 7C, 9C]
2025-01-04 16:01:47,470 - Castle: [KS, KD, KC, KH, QC, QS, QD, QH, JD]
2025-01-04 16:01:47,470 - Discard: [AD, 6S, 2D, 9D, AS, 3H, AC, 3S, JC, JS, 9S]
2025-01-04 16:01:47,470 - Active Player: 1
2025-01-04 16:01:47,470 - STATE LOG: END
2025-01-04 16:01:48,095 - STATE LOG: BEGIN
2025-01-04 16:01:48,095 - Noah's Hand: [3C, 4S, 8C, 8S, TD, 9C]
2025-01-04 16:01:48,095 - Eve's Hand: [2H, 5S, 6C, 7D, 9H, 7C, 8D]
2025-01-04 16:01:48,095 - Boss: Rank: 11 | Suit H | Attack 8 | Health 12
2025-01-04 16:01:48,095 - Tavern: [TC, 5C, 4H, 2C, 5D, 7S, 4D, 3D, 6H, 5H, TS, 7H, TH, AH, 4C]
2025-01-04 16:01:48,095 - Castle: [KS, KD, KC, KH, QC, QS, QD, QH, JD]
2025-01-04 16:01:48,095 - Discard: [AD, 6S, 2D, 9D, AS, 3H, AC, 3S, JC, JS, 9S, 8H]
2025-01-04 16:01:48,095 - Active Player: 2
2025-01-04 16:01:48,095 - STATE LOG: END
2025-01-04 16:01:48,177 - STATE LOG: BEGIN
2025-01-04 16:01:48,178 - Noah's Hand: [3C, 4S, 8C, 8S, TD, 9C]
2025-01-04 16:01:48,178 - Eve's Hand: [2H, 5S, 6C, 7C, 7D, 8D]
2025-01-04 16:01:48,178 - Boss: Rank: 11 | Suit H | Attack 8 | Health 12
2025-01-04 16:01:48,178 - Tavern: [TC, 5C, 4H, 2C, 5D, 7S, 4D, 3D, 6H, 5H, TS, 7H, TH, AH, 4C]
2025-01-04 16:01:48,178 - Castle: [KS, KD, KC, KH, QC, QS, QD, QH, JD]
2025-01-04 16:01:48,178 - Discard: [AD, 6S, 2D, 9D, AS, 3H, AC, 3S, JC, JS, 9S, 8H, 9H]
2025-01-04 16:01:48,178 - Active Player: 1
2025-01-04 16:01:48,178 - STATE LOG: END
2025-01-04 16:01:48,760 - STATE LOG: BEGIN
2025-01-04 16:01:48,760 - Noah's Hand: [3C, 4S, 8C, 8S, 9C, 4C]
2025-01-04 16:01:48,760 - Eve's Hand: [2H, 5S, 6C, 7C, 7D, 8D, AH]
2025-01-04 16:01:48,760 - Boss: Rank: 11 | Suit H | Attack 8 | Health 2
2025-01-04 16:01:48,760 - Tavern: [TC, 5C, 4H, 2C, 5D, 7S, 4D, 3D, 6H, 5H, TS, 7H]
2025-01-04 16:01:48,760 - Castle: [KS, KD, KC, KH, QC, QS, QD, QH, JD]
2025-01-04 16:01:48,760 - Discard: [AD, 6S, 2D, 9D, AS, 3H, AC, 3S, JC, JS, 9S, 8H, 9H, TH]
2025-01-04 16:01:48,760 - Active Player: 2
2025-01-04 16:01:48,760 - STATE LOG: END
2025-01-04 16:01:49,376 - STATE LOG: BEGIN
2025-01-04 16:01:49,377 - Noah's Hand: [3C, 4S, 8C, 8S, 9C, 4C, TS]
2025-01-04 16:01:49,377 - Eve's Hand: [2H, 5S, 6C, 7C, 8D, 7H, 5H]
2025-01-04 16:01:49,377 - Boss: Rank: 11 | Suit D | Attack 10 | Health 20
2025-01-04 16:01:49,377 - Tavern: [TC, 5C, 4H, 2C, 5D, 7S, 4D, 3D, 6H]
2025-01-04 16:01:49,377 - Castle: [KS, KD, KC, KH, QC, QS, QD, QH]
2025-01-04 16:01:49,377 - Discard: [AD, 6S, 2D, 9D, AS, 3H, AC, 3S, JC, JS, 9S, 8H, 9H, TH, 6D, TD, 2S, AH, 7D, JH]
2025-01-04 16:01:49,377 - Active Player: 2
2025-01-04 16:01:49,377 - STATE LOG: END
2025-01-04 16:01:49,997 - STATE LOG: BEGIN
2025-01-04 16:01:49,997 - Noah's Hand: [3C, 4S, 8C, 8S, 9C, 4C, TS]
2025-01-04 16:01:49,998 - Eve's Hand: [2H, 6C, 7C, 7H, 8D]
2025-01-04 16:01:49,998 - Boss: Rank: 11 | Suit D | Attack 0 | Health 10
2025-01-04 16:01:49,998 - Tavern: [6D, 3S, 9D, 2D, AD, AS, TD, AH, 9H, 7D, TC, 5C, 4H, 2C, 5D, 7S, 4D, 3D, 6H]
2025-01-04 16:01:49,998 - Castle: [KS, KD, KC, KH, QC, QS, QD, QH]
2025-01-04 16:01:49,998 - Discard: [6S, AC, JC, 9S, 3H, TH, JS, 8H, JH, 2S]
2025-01-04 16:01:49,998 - Active Player: 1
2025-01-04 16:01:49,998 - STATE LOG: END
2025-01-04 16:01:50,638 - STATE LOG: BEGIN
2025-01-04 16:01:50,638 - Noah's Hand: [3C, 4C, 4S, 8C, 8S, TS]
2025-01-04 16:01:50,638 - Eve's Hand: [2H, 6C, 7C, 7H, 8D]
2025-01-04 16:01:50,638 - Boss: Rank: 12 | Suit H | Attack 15 | Health 30
2025-01-04 16:01:50,638 - Tavern: [6D, 3S, 9D, 2D, AD, AS, TD, AH, 9H, 7D, TC, 5C, 4H, 2C, 5D, 7S, 4D, 3D, 6H]
2025-01-04 16:01:50,638 - Castle: [KS, KD, KC, KH, QC, QS, QD]
2025-01-04 16:01:50,638 - Discard: [6S, AC, JC, 9S, 3H, TH, JS, 8H, JH, 2S, 9C, 5H, 5S, JD]
2025-01-04 16:01:50,638 - Active Player: 1
2025-01-04 16:01:50,638 - STATE LOG: END
2025-01-04 16:01:51,181 - STATE LOG: BEGIN
2025-01-04 16:01:51,182 - Noah's Hand: [3C, 4C, 4S, 8C]
2025-01-04 16:01:51,182 - Eve's Hand: [2H, 6C, 7C, 7H, 8D]
2025-01-04 16:01:51,182 - Boss: Rank: 12 | Suit H | Attack 5 | Health 20
2025-01-04 16:01:51,182 - Tavern: [6D, 3S, 9D, 2D, AD, AS, TD, AH, 9H, 7D, TC, 5C, 4H, 2C, 5D, 7S, 4D, 3D, 6H]
2025-01-04 16:01:51,182 - Castle: [KS, KD, KC, KH, QC, QS, QD]
2025-01-04 16:01:51,182 - Discard: [6S, AC, JC, 9S, 3H, TH, JS, 8H, JH, 2S, 9C, 5H, 5S, JD, 8S]
2025-01-04 16:01:51,182 - Active Player: 2
2025-01-04 16:01:51,182 - STATE LOG: END
2025-01-04 16:01:51,571 - STATE LOG: BEGIN
2025-01-04 16:01:51,572 - Noah's Hand: [3C, 4C, 4S, 8C, 3D, 7S, 2C]
2025-01-04 16:01:51,572 - Eve's Hand: [2H, 6C, 7C, 7H, 6H, 4D]
2025-01-04 16:01:51,572 - Boss: Rank: 12 | Suit H | Attack 5 | Health 12
2025-01-04 16:01:51,572 - Tavern: [6D, 3S, 9D, 2D, AD, AS, TD, AH, 9H, 7D, TC, 5C, 4H]
2025-01-04 16:01:51,572 - Castle: [KS, KD, KC, KH, QC, QS, QD]
2025-01-04 16:01:51,572 - Discard: [6S, AC, JC, 9S, 3H, TH, JS, 8H, JH, 2S, 9C, 5H, 5S, JD, 8S, 5D]
2025-01-04 16:01:51,572 - Active Player: 1
2025-01-04 16:01:51,572 - STATE LOG: END
2025-01-04 16:01:52,269 - STATE LOG: BEGIN
2025-01-04 16:01:52,269 - Noah's Hand: [2C, 4C, 4S, 7S, 8C, 4H, TC]
2025-01-04 16:01:52,269 - Eve's Hand: [2H, 6C, 7C, 7H, 6H, 4D, 5C]
2025-01-04 16:01:52,269 - Boss: Rank: 12 | Suit D | Attack 15 | Health 30
2025-01-04 16:01:52,269 - Tavern: [6D, 3S, 9D, 2D, AD, AS, TD, AH, 9H, 7D]
2025-01-04 16:01:52,269 - Castle: [KS, KD, KC, KH, QC, QS]
2025-01-04 16:01:52,269 - Discard: [6S, AC, JC, 9S, 3H, TH, JS, 8H, JH, 2S, 9C, 5H, 5S, JD, 8S, 5D, TS, 3C, 3D, 8D]
2025-01-04 16:01:52,269 - Active Player: 1
2025-01-04 16:01:52,269 - STATE LOG: END
2025-01-04 16:01:52,917 - STATE LOG: BEGIN
2025-01-04 16:01:52,917 - Noah's Hand: [2C, 4C, 7S, 8C]
2025-01-04 16:01:52,917 - Eve's Hand: [2H, 6C, 7C, 7H, 6H, 4D, 5C]
2025-01-04 16:01:52,917 - Boss: Rank: 12 | Suit D | Attack 7 | Health 22
2025-01-04 16:01:52,917 - Tavern: [9S, 3D, 3C, 8H, JH, JD, TH, 5D, 6D, 3S, 9D, 2D, AD, AS, TD, AH, 9H, 7D]
2025-01-04 16:01:52,917 - Castle: [KS, KD, KC, KH, QC, QS]
2025-01-04 16:01:52,917 - Discard: [8S, JC, TS, 2S, AC, JS, 5H, 5S, 6S, 9C, 8D, 3H, TC]
2025-01-04 16:01:52,917 - Active Player: 2
2025-01-04 16:01:52,917 - STATE LOG: END
2025-01-04 16:01:53,499 - STATE LOG: BEGIN
2025-01-04 16:01:53,499 - Noah's Hand: [2C, 4C, 7S, 8C]
2025-01-04 16:01:53,499 - Eve's Hand: [2H, 4D, 5C, 6C, 6H, 7C]
2025-01-04 16:01:53,499 - Boss: Rank: 12 | Suit D | Attack 7 | Health 22
2025-01-04 16:01:53,499 - Tavern: [9S, 3D, 3C, 8H, JH, JD, TH, 5D, 6D, 3S, 9D, 2D, AD, AS, TD, AH, 9H, 7D]
2025-01-04 16:01:53,499 - Castle: [KS, KD, KC, KH, QC, QS]
2025-01-04 16:01:53,499 - Discard: [8S, JC, TS, 2S, AC, JS, 5H, 5S, 6S, 9C, 8D, 3H, TC, 7H]
2025-01-04 16:01:53,499 - Active Player: 1
2025-01-04 16:01:53,499 - STATE LOG: END
2025-01-04 16:01:53,999 - STATE LOG: BEGIN
2025-01-04 16:01:53,999 - Noah's Hand: [2C, 4C, 8C]
2025-01-04 16:01:53,999 - Eve's Hand: [2H, 4D, 5C, 6C, 6H, 7C]
2025-01-04 16:01:53,999 - Boss: Rank: 12 | Suit D | Attack 0 | Health 15
2025-01-04 16:01:53,999 - Tavern: [9S, 3D, 3C, 8H, JH, JD, TH, 5D, 6D, 3S, 9D, 2D, AD, AS, TD, AH, 9H, 7D]
2025-01-04 16:01:53,999 - Castle: [KS, KD, KC, KH, QC, QS]
2025-01-04 16:01:53,999 - Discard: [8S, JC, TS, 2S, AC, JS, 5H, 5S, 6S, 9C, 8D, 3H, TC, 7H]
2025-01-04 16:01:53,999 - Active Player: 2
2025-01-04 16:01:53,999 - STATE LOG: END
2025-01-04 16:01:54,259 - STATE LOG: BEGIN
2025-01-04 16:01:54,259 - Noah's Hand: [2C, 4C, 8C]
2025-01-04 16:01:54,259 - Eve's Hand: [2H, 4D, 5C, 6C, 6H, 7C]
2025-01-04 16:01:54,259 - Boss: Rank: 12 | Suit D | Attack 0 | Health 15
2025-01-04 16:01:54,259 - Tavern: [9S, 3D, 3C, 8H, JH, JD, TH, 5D, 6D, 3S, 9D, 2D, AD, AS, TD, AH, 9H, 7D]
2025-01-04 16:01:54,259 - Castle: [KS, KD, KC, KH, QC, QS]
2025-01-04 16:01:54,259 - Discard: [8S, JC, TS, 2S, AC, JS, 5H, 5S, 6S, 9C, 8D, 3H, TC, 7H]
2025-01-04 16:01:54,259 - Active Player: 1
2025-01-04 16:01:54,259 - STATE LOG: END
2025-01-04 16:01:54,444 - STATE LOG: BEGIN
2025-01-04 16:01:54,445 - Noah's Hand: [4C, 8C]
2025-01-04 16:01:54,445 - Eve's Hand: [2H, 4D, 5C, 6C, 6H, 7C]
2025-01-04 16:01:54,445 - Boss: Rank: 12 | Suit D | Attack 0 | Health 11
2025-01-04 16:01:54,445 - Tavern: [9S, 3D, 3C, 8H, JH, JD, TH, 5D, 6D, 3S, 9D, 2D, AD, AS, TD, AH, 9H, 7D]
2025-01-04 16:01:54,445 - Castle: [KS, KD, KC, KH, QC, QS]
2025-01-04 16:01:54,445 - Discard: [8S, JC, TS, 2S, AC, JS, 5H, 5S, 6S, 9C, 8D, 3H, TC, 7H]
2025-01-04 16:01:54,445 - Active Player: 2
2025-01-04 16:01:54,445 - STATE LOG: END
2025-01-04 16:01:54,642 - STATE LOG: BEGIN
2025-01-04 16:01:54,642 - Noah's Hand: [4C, 8C]
2025-01-04 16:01:54,642 - Eve's Hand: [2H, 4D, 5C, 6C, 6H, 7C]
2025-01-04 16:01:54,642 - Boss: Rank: 12 | Suit D | Attack 0 | Health 11
2025-01-04 16:01:54,642 - Tavern: [9S, 3D, 3C, 8H, JH, JD, TH, 5D, 6D, 3S, 9D, 2D, AD, AS, TD, AH, 9H, 7D]
2025-01-04 16:01:54,642 - Castle: [KS, KD, KC, KH, QC, QS]
2025-01-04 16:01:54,642 - Discard: [8S, JC, TS, 2S, AC, JS, 5H, 5S, 6S, 9C, 8D, 3H, TC, 7H]
2025-01-04 16:01:54,642 - Active Player: 1
2025-01-04 16:01:54,642 - STATE LOG: END
2025-01-04 16:01:54,752 - STATE LOG: BEGIN
2025-01-04 16:01:54,752 - Noah's Hand: [8C]
2025-01-04 16:01:54,752 - Eve's Hand: [2H, 4D, 5C, 6C, 6H, 7C]
2025-01-04 16:01:54,752 - Boss: Rank: 12 | Suit D | Attack 0 | Health 3
2025-01-04 16:01:54,752 - Tavern: [9S, 3D, 3C, 8H, JH, JD, TH, 5D, 6D, 3S, 9D, 2D, AD, AS, TD, AH, 9H, 7D]
2025-01-04 16:01:54,752 - Castle: [KS, KD, KC, KH, QC, QS]
2025-01-04 16:01:54,753 - Discard: [8S, JC, TS, 2S, AC, JS, 5H, 5S, 6S, 9C, 8D, 3H, TC, 7H]
2025-01-04 16:01:54,753 - Active Player: 2
2025-01-04 16:01:54,753 - STATE LOG: END
2025-01-04 16:01:54,987 - STATE LOG: BEGIN
2025-01-04 16:01:54,987 - Noah's Hand: [8C]
2025-01-04 16:01:54,987 - Eve's Hand: [2H, 4D, 5C, 6C, 6H, 7C]
2025-01-04 16:01:54,987 - Boss: Rank: 12 | Suit D | Attack 0 | Health 3
2025-01-04 16:01:54,987 - Tavern: [9S, 3D, 3C, 8H, JH, JD, TH, 5D, 6D, 3S, 9D, 2D, AD, AS, TD, AH, 9H, 7D]
2025-01-04 16:01:54,987 - Castle: [KS, KD, KC, KH, QC, QS]
2025-01-04 16:01:54,987 - Discard: [8S, JC, TS, 2S, AC, JS, 5H, 5S, 6S, 9C, 8D, 3H, TC, 7H]
2025-01-04 16:01:54,987 - Active Player: 1
2025-01-04 16:01:54,987 - STATE LOG: END
2025-01-04 16:01:54,990 - STATE LOG: BEGIN
2025-01-04 16:01:54,990 - Noah's Hand: []
2025-01-04 16:01:54,990 - Eve's Hand: [2H, 4D, 5C, 6C, 6H, 7C]
2025-01-04 16:01:54,990 - Boss: Rank: 12 | Suit S | Attack 15 | Health 30
2025-01-04 16:01:54,990 - Tavern: [9S, 3D, 3C, 8H, JH, JD, TH, 5D, 6D, 3S, 9D, 2D, AD, AS, TD, AH, 9H, 7D]
2025-01-04 16:01:54,990 - Castle: [KS, KD, KC, KH, QC]
2025-01-04 16:01:54,990 - Discard: [8S, JC, TS, 2S, AC, JS, 5H, 5S, 6S, 9C, 8D, 3H, TC, 7H, 4H, 4S, 7S, 2C, 4C, 8C, QD]
2025-01-04 16:01:54,990 - Active Player: 1
2025-01-04 16:01:54,990 - STATE LOG: END
2025-01-04 16:01:54,992 - STATE LOG: BEGIN
2025-01-04 16:01:54,992 - Noah's Hand: []
2025-01-04 16:01:54,992 - Eve's Hand: [2H, 4D, 5C, 6C, 6H, 7C]
2025-01-04 16:01:54,992 - Boss: Rank: 12 | Suit S | Attack 15 | Health 30
2025-01-04 16:01:54,992 - Tavern: [9S, 3D, 3C, 8H, JH, JD, TH, 5D, 6D, 3S, 9D, 2D, AD, AS, TD, AH, 9H, 7D]
2025-01-04 16:01:54,992 - Castle: [KS, KD, KC, KH, QC]
2025-01-04 16:01:54,992 - Discard: [8S, JC, TS, 2S, AC, JS, 5H, 5S, 6S, 9C, 8D, 3H, TC, 7H, 4H, 4S, 7S, 2C, 4C, 8C, QD]
2025-01-04 16:01:54,992 - Active Player: 2
2025-01-04 16:01:54,992 - STATE LOG: END
