2025-01-04 22:58:55,462 - I log states! :D
2025-01-04 22:58:55,463 - STATE LOG: BEGIN
2025-01-04 22:58:55,463 - Noah's Hand: [5S, 3C, AH, 8C, 7D, 4C, 8S]
2025-01-04 22:58:55,463 - Eve's Hand: [9S, 8D, 7C, 8H, 9D, TC, 4D]
2025-01-04 22:58:55,463 - Boss: Rank: 11 | Suit D | Attack 10 | Health 20
2025-01-04 22:58:55,463 - Tavern: [6D, AD, 5D, AC, 5H, 9H, 6S, 2H, TH, 3D, TD, 3S, TS, 9C, 7S, 7H, 4S, 6H, AS, 2D, 2S, 3H, 4H, 5C, 2C, 6C]
2025-01-04 22:58:55,463 - Castle: [KD, KS, KC, KH, QS, QH, QD, QC, JS, JC, JH]
2025-01-04 22:58:55,463 - Discard: []
2025-01-04 22:58:55,463 - Active Player: 1
2025-01-04 22:58:55,463 - STATE LOG: END
2025-01-04 22:58:56,015 - STATE LOG: BEGIN
2025-01-04 22:58:56,015 - Noah's Hand: [AH, 4C, 7D]
2025-01-04 22:58:56,015 - Eve's Hand: [9S, 8D, 7C, 8H, 9D, TC, 4D]
2025-01-04 22:58:56,015 - Boss: Rank: 11 | Suit D | Attack 10 | Health 4
2025-01-04 22:58:56,015 - Tavern: [6D, AD, 5D, AC, 5H, 9H, 6S, 2H, TH, 3D, TD, 3S, TS, 9C, 7S, 7H, 4S, 6H, AS, 2D, 2S, 3H, 4H, 5C, 2C, 6C]
2025-01-04 22:58:56,015 - Castle: [KD, KS, KC, KH, QS, QH, QD, QC, JS, JC, JH]
2025-01-04 22:58:56,015 - Discard: [3C, 5S, 8S]
2025-01-04 22:58:56,015 - Active Player: 2
2025-01-04 22:58:56,015 - STATE LOG: END
2025-01-04 22:58:56,483 - STATE LOG: BEGIN
2025-01-04 22:58:56,484 - Noah's Hand: [AH, 4C, 7D]
2025-01-04 22:58:56,484 - Eve's Hand: [7C, 8D, 8H, 9D, 9S, TC]
2025-01-04 22:58:56,484 - Boss: Rank: 11 | Suit H | Attack 10 | Health 20
2025-01-04 22:58:56,484 - Tavern: [6D, AD, 5D, AC, 5H, 9H, 6S, 2H, TH, 3D, TD, 3S, TS, 9C, 7S, 7H, 4S, 6H, AS, 2D, 2S, 3H, 4H, 5C, 2C, 6C]
2025-01-04 22:58:56,484 - Castle: [KD, KS, KC, KH, QS, QH, QD, QC, JS, JC]
2025-01-04 22:58:56,484 - Discard: [3C, 5S, 8S, 8C, 4D]
2025-01-04 22:58:56,484 - Active Player: 2
2025-01-04 22:58:56,484 - STATE LOG: END
2025-01-04 22:58:56,709 - STATE LOG: BEGIN
2025-01-04 22:58:56,709 - Noah's Hand: [AH, 4C, 7D, 6C, 5C, 4H, 3H]
2025-01-04 22:58:56,709 - Eve's Hand: [7C, 9D, TC, JD, 2C]
2025-01-04 22:58:56,709 - Boss: Rank: 11 | Suit H | Attack 10 | Health 12
2025-01-04 22:58:56,709 - Tavern: [6D, AD, 5D, AC, 5H, 9H, 6S, 2H, TH, 3D, TD, 3S, TS, 9C, 7S, 7H, 4S, 6H, AS, 2D, 2S]
2025-01-04 22:58:56,709 - Castle: [KD, KS, KC, KH, QS, QH, QD, QC, JS, JC]
2025-01-04 22:58:56,709 - Discard: [3C, 5S, 8S, 8C, 4D, 8H, 9S]
2025-01-04 22:58:56,709 - Active Player: 1
2025-01-04 22:58:56,709 - STATE LOG: END
2025-01-04 22:58:57,329 - STATE LOG: BEGIN
2025-01-04 22:58:57,329 - Noah's Hand: [3H, 7D]
2025-01-04 22:58:57,329 - Eve's Hand: [7C, 9D, TC, JD, 2C]
2025-01-04 22:58:57,329 - Boss: Rank: 11 | Suit H | Attack 10 | Health 7
2025-01-04 22:58:57,329 - Tavern: [6D, AD, 5D, AC, 5H, 9H, 6S, 2H, TH, 3D, TD, 3S, TS, 9C, 7S, 7H, 4S, 6H, AS, 2D, 2S]
2025-01-04 22:58:57,329 - Castle: [KD, KS, KC, KH, QS, QH, QD, QC, JS, JC]
2025-01-04 22:58:57,329 - Discard: [3C, 5S, 8S, 8C, 4D, 8H, 9S, 4C, 5C, 6C]
2025-01-04 22:58:57,329 - Active Player: 2
2025-01-04 22:58:57,329 - STATE LOG: END
2025-01-04 22:58:57,608 - STATE LOG: BEGIN
2025-01-04 22:58:57,609 - Noah's Hand: [3H, 7D, 2D, 6H, 7H, 7S, 9C]
2025-01-04 22:58:57,609 - Eve's Hand: [2C, 7C, TC, JD, 2S, AS, 4S]
2025-01-04 22:58:57,609 - Boss: Rank: 11 | Suit C | Attack 10 | Health 20
2025-01-04 22:58:57,609 - Tavern: [6D, AD, 5D, AC, 5H, 9H, 6S, 2H, TH, 3D, TD, 3S, TS]
2025-01-04 22:58:57,609 - Castle: [KD, KS, KC, KH, QS, QH, QD, QC, JS]
2025-01-04 22:58:57,609 - Discard: [3C, 5S, 8S, 8C, 4D, 8H, 9S, 4C, 5C, 6C, AH, 4H, 8D, 9D, JH]
2025-01-04 22:58:57,609 - Active Player: 2
2025-01-04 22:58:57,609 - STATE LOG: END
2025-01-04 22:58:58,276 - STATE LOG: BEGIN
2025-01-04 22:58:58,276 - Noah's Hand: [3H, 7D, 2D, 6H, 7H, 7S, 9C]
2025-01-04 22:58:58,276 - Eve's Hand: [2C, 2S, 4S, 7C, JD]
2025-01-04 22:58:58,276 - Boss: Rank: 11 | Suit C | Attack 0 | Health 9
2025-01-04 22:58:58,276 - Tavern: [6D, AD, 5D, AC, 5H, 9H, 6S, 2H, TH, 3D, TD, 3S, TS]
2025-01-04 22:58:58,276 - Castle: [KD, KS, KC, KH, QS, QH, QD, QC, JS]
2025-01-04 22:58:58,276 - Discard: [3C, 5S, 8S, 8C, 4D, 8H, 9S, 4C, 5C, 6C, AH, 4H, 8D, 9D, JH]
2025-01-04 22:58:58,276 - Active Player: 1
2025-01-04 22:58:58,276 - STATE LOG: END
2025-01-04 22:58:58,918 - STATE LOG: BEGIN
2025-01-04 22:58:58,918 - Noah's Hand: [2D, 3H, 6H, 7D, 7H, 7S, 9C]
2025-01-04 22:58:58,918 - Eve's Hand: [2C, 2S, 4S, 7C, JD]
2025-01-04 22:58:58,918 - Boss: Rank: 11 | Suit C | Attack 0 | Health 9
2025-01-04 22:58:58,918 - Tavern: [6D, AD, 5D, AC, 5H, 9H, 6S, 2H, TH, 3D, TD, 3S, TS]
2025-01-04 22:58:58,918 - Castle: [KD, KS, KC, KH, QS, QH, QD, QC, JS]
2025-01-04 22:58:58,918 - Discard: [3C, 5S, 8S, 8C, 4D, 8H, 9S, 4C, 5C, 6C, AH, 4H, 8D, 9D, JH]
2025-01-04 22:58:58,918 - Active Player: 2
2025-01-04 22:58:58,918 - STATE LOG: END
2025-01-04 22:58:59,580 - STATE LOG: BEGIN
2025-01-04 22:58:59,580 - Noah's Hand: [2D, 3H, 6H, 7D, 7H, 7S, 9C]
2025-01-04 22:58:59,580 - Eve's Hand: [2C, 4S, 7C, JD]
2025-01-04 22:58:59,580 - Boss: Rank: 11 | Suit C | Attack 0 | Health 7
2025-01-04 22:58:59,580 - Tavern: [6D, AD, 5D, AC, 5H, 9H, 6S, 2H, TH, 3D, TD, 3S, TS]
2025-01-04 22:58:59,580 - Castle: [KD, KS, KC, KH, QS, QH, QD, QC, JS]
2025-01-04 22:58:59,580 - Discard: [3C, 5S, 8S, 8C, 4D, 8H, 9S, 4C, 5C, 6C, AH, 4H, 8D, 9D, JH]
2025-01-04 22:58:59,580 - Active Player: 1
2025-01-04 22:58:59,580 - STATE LOG: END
2025-01-04 22:59:00,181 - STATE LOG: BEGIN
2025-01-04 22:59:00,181 - Noah's Hand: [2D, 3H, 6H, 7D, 7H, 7S, 9C]
2025-01-04 22:59:00,181 - Eve's Hand: [2C, 4S, 7C, JD]
2025-01-04 22:59:00,181 - Boss: Rank: 11 | Suit C | Attack 0 | Health 7
2025-01-04 22:59:00,181 - Tavern: [6D, AD, 5D, AC, 5H, 9H, 6S, 2H, TH, 3D, TD, 3S, TS]
2025-01-04 22:59:00,181 - Castle: [KD, KS, KC, KH, QS, QH, QD, QC, JS]
2025-01-04 22:59:00,181 - Discard: [3C, 5S, 8S, 8C, 4D, 8H, 9S, 4C, 5C, 6C, AH, 4H, 8D, 9D, JH]
2025-01-04 22:59:00,181 - Active Player: 2
2025-01-04 22:59:00,181 - STATE LOG: END
2025-01-04 22:59:00,552 - STATE LOG: BEGIN
2025-01-04 22:59:00,552 - Noah's Hand: [2D, 3H, 6H, 7D, 7H, 7S, 9C]
2025-01-04 22:59:00,552 - Eve's Hand: [4S, 7C, JD]
2025-01-04 22:59:00,553 - Boss: Rank: 11 | Suit C | Attack 0 | Health 5
2025-01-04 22:59:00,553 - Tavern: [6D, AD, 5D, AC, 5H, 9H, 6S, 2H, TH, 3D, TD, 3S, TS]
2025-01-04 22:59:00,553 - Castle: [KD, KS, KC, KH, QS, QH, QD, QC, JS]
2025-01-04 22:59:00,553 - Discard: [3C, 5S, 8S, 8C, 4D, 8H, 9S, 4C, 5C, 6C, AH, 4H, 8D, 9D, JH]
2025-01-04 22:59:00,553 - Active Player: 1
2025-01-04 22:59:00,553 - STATE LOG: END
2025-01-04 22:59:01,096 - STATE LOG: BEGIN
2025-01-04 22:59:01,096 - Noah's Hand: [2D, 6H, 7D, 7H, 7S, 9C]
2025-01-04 22:59:01,096 - Eve's Hand: [4S, 7C, JD]
2025-01-04 22:59:01,096 - Boss: Rank: 11 | Suit C | Attack 0 | Health 2
2025-01-04 22:59:01,096 - Tavern: [JH, 3C, 4C, 6D, AD, 5D, AC, 5H, 9H, 6S, 2H, TH, 3D, TD, 3S, TS]
2025-01-04 22:59:01,096 - Castle: [KD, KS, KC, KH, QS, QH, QD, QC, JS]
2025-01-04 22:59:01,096 - Discard: [6C, 8D, AH, 9S, 4D, 8H, 8C, 4H, 5S, 9D, 5C, 8S]
2025-01-04 22:59:01,096 - Active Player: 2
2025-01-04 22:59:01,096 - STATE LOG: END
2025-01-04 22:59:01,198 - STATE LOG: BEGIN
2025-01-04 22:59:01,198 - Noah's Hand: [2D, 6H, 7D, 7H, 7S, 9C]
2025-01-04 22:59:01,198 - Eve's Hand: [4S, 7C, JD]
2025-01-04 22:59:01,198 - Boss: Rank: 11 | Suit C | Attack 0 | Health 2
2025-01-04 22:59:01,198 - Tavern: [JH, 3C, 4C, 6D, AD, 5D, AC, 5H, 9H, 6S, 2H, TH, 3D, TD, 3S, TS]
2025-01-04 22:59:01,198 - Castle: [KD, KS, KC, KH, QS, QH, QD, QC, JS]
2025-01-04 22:59:01,198 - Discard: [6C, 8D, AH, 9S, 4D, 8H, 8C, 4H, 5S, 9D, 5C, 8S]
2025-01-04 22:59:01,198 - Active Player: 1
2025-01-04 22:59:01,198 - STATE LOG: END
2025-01-04 22:59:01,769 - STATE LOG: BEGIN
2025-01-04 22:59:01,770 - Noah's Hand: [2D, 6H, 7H, 7S, 9C, TS, TD]
2025-01-04 22:59:01,770 - Eve's Hand: [4S, 7C, JD, 3S, 3D, TH, 2H]
2025-01-04 22:59:01,770 - Boss: Rank: 11 | Suit S | Attack 10 | Health 20
2025-01-04 22:59:01,770 - Tavern: [JH, 3C, 4C, 6D, AD, 5D, AC, 5H, 9H, 6S]
2025-01-04 22:59:01,770 - Castle: [KD, KS, KC, KH, QS, QH, QD, QC]
2025-01-04 22:59:01,770 - Discard: [6C, 8D, AH, 9S, 4D, 8H, 8C, 4H, 5S, 9D, 5C, 8S, 3H, 7D, AS, TC, 2S, 2C, JC]
2025-01-04 22:59:01,770 - Active Player: 1
2025-01-04 22:59:01,770 - STATE LOG: END
2025-01-04 22:59:02,471 - STATE LOG: BEGIN
2025-01-04 22:59:02,471 - Noah's Hand: [2D, 7S, TD, TS]
2025-01-04 22:59:02,471 - Eve's Hand: [4S, 7C, JD, 3S, 3D, TH, 2H]
2025-01-04 22:59:02,471 - Boss: Rank: 11 | Suit S | Attack 10 | Health 14
2025-01-04 22:59:02,471 - Tavern: [TC, 3H, 9D, 7D, 2C, 8H, JH, 3C, 4C, 6D, AD, 5D, AC, 5H, 9H, 6S]
2025-01-04 22:59:02,471 - Castle: [KD, KS, KC, KH, QS, QH, QD, QC]
2025-01-04 22:59:02,471 - Discard: [JC, 8D, 5S, 5C, AS, AH, 6C, 9S, 2S, 4H, 8C, 8S, 4D, 7H, 9C]
2025-01-04 22:59:02,471 - Active Player: 2
2025-01-04 22:59:02,471 - STATE LOG: END
2025-01-04 22:59:03,152 - STATE LOG: BEGIN
2025-01-04 22:59:03,152 - Noah's Hand: [2D, 7S, TD, TS, 9H, AC, 5D]
2025-01-04 22:59:03,152 - Eve's Hand: [2H, TH, JD, 6S]
2025-01-04 22:59:03,152 - Boss: Rank: 11 | Suit S | Attack 10 | Health 8
2025-01-04 22:59:03,152 - Tavern: [TC, 3H, 9D, 7D, 2C, 8H, JH, 3C, 4C, 6D, AD]
2025-01-04 22:59:03,152 - Castle: [KD, KS, KC, KH, QS, QH, QD, QC]
2025-01-04 22:59:03,152 - Discard: [JC, 8D, 5S, 5C, AS, AH, 6C, 9S, 2S, 4H, 8C, 8S, 4D, 7H, 9C, 4S, 5H, 7C]
2025-01-04 22:59:03,152 - Active Player: 1
2025-01-04 22:59:03,152 - STATE LOG: END
2025-01-04 22:59:03,874 - STATE LOG: BEGIN
2025-01-04 22:59:03,874 - Noah's Hand: [2D, 7S, 9H, TD, TS, AD, 4C]
2025-01-04 22:59:03,874 - Eve's Hand: [2H, TH, JD, 6S, 6D, 3C, JH]
2025-01-04 22:59:03,874 - Boss: Rank: 12 | Suit C | Attack 15 | Health 30
2025-01-04 22:59:03,874 - Tavern: [TC, 3H, 9D, 7D, 2C, 8H]
2025-01-04 22:59:03,874 - Castle: [KD, KS, KC, KH, QS, QH, QD]
2025-01-04 22:59:03,874 - Discard: [JC, 8D, 5S, 5C, AS, AH, 6C, 9S, 2S, 4H, 8C, 8S, 4D, 7H, 9C, 4S, 5H, 7C, 6H, AC, 5D, 3D, 3S, JS]
2025-01-04 22:59:03,874 - Active Player: 1
2025-01-04 22:59:03,874 - STATE LOG: END
2025-01-04 22:59:04,564 - STATE LOG: BEGIN
2025-01-04 22:59:04,564 - Noah's Hand: [AD, 2D, 9H, TD]
2025-01-04 22:59:04,564 - Eve's Hand: [2H, TH, JD, 6S, 6D, 3C, JH]
2025-01-04 22:59:04,565 - Boss: Rank: 12 | Suit C | Attack 5 | Health 20
2025-01-04 22:59:04,565 - Tavern: [TC, 3H, 9D, 7D, 2C, 8H]
2025-01-04 22:59:04,565 - Castle: [KD, KS, KC, KH, QS, QH, QD]
2025-01-04 22:59:04,565 - Discard: [JC, 8D, 5S, 5C, AS, AH, 6C, 9S, 2S, 4H, 8C, 8S, 4D, 7H, 9C, 4S, 5H, 7C, 6H, AC, 5D, 3D, 3S, JS, 4C, 7S]
2025-01-04 22:59:04,565 - Active Player: 2
2025-01-04 22:59:04,565 - STATE LOG: END
2025-01-04 22:59:05,259 - STATE LOG: BEGIN
2025-01-04 22:59:05,259 - Noah's Hand: [AD, 2D, 9H, TD]
2025-01-04 22:59:05,259 - Eve's Hand: [3C, 6D, TH, JD, JH]
2025-01-04 22:59:05,259 - Boss: Rank: 12 | Suit C | Attack 5 | Health 18
2025-01-04 22:59:05,259 - Tavern: [5D, 5C, TC, 3H, 9D, 7D, 2C, 8H]
2025-01-04 22:59:05,259 - Castle: [KD, KS, KC, KH, QS, QH, QD]
2025-01-04 22:59:05,259 - Discard: [4S, 6H, 7S, 9C, 8D, AH, 3S, 2S, AS, JC, JS, 6C, 9S, 4D, 5H, 7C, 8C, 8S, 4C, 5S, AC, 4H, 3D, 7H, 6S]
2025-01-04 22:59:05,259 - Active Player: 1
2025-01-04 22:59:05,259 - STATE LOG: END
2025-01-04 22:59:05,938 - STATE LOG: BEGIN
2025-01-04 22:59:05,938 - Noah's Hand: [2D, TD, 7D, 3H, TC, 5C]
2025-01-04 22:59:05,938 - Eve's Hand: [3C, 6D, TH, JD, JH, 2C, 9D]
2025-01-04 22:59:05,938 - Boss: Rank: 12 | Suit C | Attack 5 | Health 8
2025-01-04 22:59:05,938 - Tavern: [7S, 6C, 7H, 9C, 5S, AC, 4H, 6H, 2S, 6S, 5D]
2025-01-04 22:59:05,938 - Castle: [KD, KS, KC, KH, QS, QH, QD]
2025-01-04 22:59:05,938 - Discard: [AH, 4D, 4S, 9S, 3S, 5H, AS, 8S, 8C, JS, JC, 4C, 7C, 8D, 3D, 8H]
2025-01-04 22:59:05,938 - Active Player: 2
2025-01-04 22:59:05,938 - STATE LOG: END
2025-01-04 22:59:06,621 - STATE LOG: BEGIN
2025-01-04 22:59:06,622 - Noah's Hand: [2D, TD, 7D, 3H, TC, 5C]
2025-01-04 22:59:06,622 - Eve's Hand: [3C, 6D, 9D, JD, JH]
2025-01-04 22:59:06,622 - Boss: Rank: 12 | Suit C | Attack 5 | Health 8
2025-01-04 22:59:06,622 - Tavern: [7S, 6C, 7H, 9C, 5S, AC, 4H, 6H, 2S, 6S, 5D]
2025-01-04 22:59:06,622 - Castle: [KD, KS, KC, KH, QS, QH, QD]
2025-01-04 22:59:06,622 - Discard: [AH, 4D, 4S, 9S, 3S, 5H, AS, 8S, 8C, JS, JC, 4C, 7C, 8D, 3D, 8H, 2C, TH]
2025-01-04 22:59:06,622 - Active Player: 1
2025-01-04 22:59:06,622 - STATE LOG: END
2025-01-04 22:59:07,273 - STATE LOG: BEGIN
2025-01-04 22:59:07,273 - Noah's Hand: [2D, 7D, TC, TD]
2025-01-04 22:59:07,273 - Eve's Hand: [3C, 6D, 9D, JD, JH]
2025-01-04 22:59:07,273 - Boss: Rank: 12 | Suit C | Attack 5 | Health 5
2025-01-04 22:59:07,274 - Tavern: [2C, AH, 3D, 7S, 6C, 7H, 9C, 5S, AC, 4H, 6H, 2S, 6S, 5D]
2025-01-04 22:59:07,274 - Castle: [KD, KS, KC, KH, QS, QH, QD]
2025-01-04 22:59:07,274 - Discard: [4S, AS, 3S, 4C, 8C, 8S, TH, 9S, JS, 8H, JC, 5H, 8D, 4D, 7C, 5C]
2025-01-04 22:59:07,274 - Active Player: 2
2025-01-04 22:59:07,274 - STATE LOG: END
2025-01-04 22:59:07,726 - STATE LOG: BEGIN
2025-01-04 22:59:07,726 - Noah's Hand: [2D, 7D, TC, TD]
2025-01-04 22:59:07,726 - Eve's Hand: [3C, 6D, 9D, JD]
2025-01-04 22:59:07,726 - Boss: Rank: 12 | Suit C | Attack 5 | Health 5
2025-01-04 22:59:07,726 - Tavern: [2C, AH, 3D, 7S, 6C, 7H, 9C, 5S, AC, 4H, 6H, 2S, 6S, 5D]
2025-01-04 22:59:07,726 - Castle: [KD, KS, KC, KH, QS, QH, QD]
2025-01-04 22:59:07,726 - Discard: [4S, AS, 3S, 4C, 8C, 8S, TH, 9S, JS, 8H, JC, 5H, 8D, 4D, 7C, 5C, JH]
2025-01-04 22:59:07,726 - Active Player: 1
2025-01-04 22:59:07,726 - STATE LOG: END
2025-01-04 22:59:07,948 - STATE LOG: BEGIN
2025-01-04 22:59:07,948 - Noah's Hand: [2D, TC, TD, 5D, 2S, 4H, 5S]
2025-01-04 22:59:07,948 - Eve's Hand: [3C, 6D, 9D, JD, 6S, 6H, AC]
2025-01-04 22:59:07,948 - Boss: Rank: 12 | Suit D | Attack 15 | Health 30
2025-01-04 22:59:07,948 - Tavern: [2C, AH, 3D, 7S, 6C, 7H, 9C]
2025-01-04 22:59:07,948 - Castle: [KD, KS, KC, KH, QS, QH]
2025-01-04 22:59:07,948 - Discard: [4S, AS, 3S, 4C, 8C, 8S, TH, 9S, JS, 8H, JC, 5H, 8D, 4D, 7C, 5C, JH, TS, AD, 9H, 3H, 7D, 2H, QC]
2025-01-04 22:59:07,948 - Active Player: 1
2025-01-04 22:59:07,948 - STATE LOG: END
2025-01-04 22:59:08,626 - STATE LOG: BEGIN
2025-01-04 22:59:08,626 - Noah's Hand: [2D, 2S, TD]
2025-01-04 22:59:08,626 - Eve's Hand: [3C, 6D, 9D, JD, 6S, 6H, AC]
2025-01-04 22:59:08,626 - Boss: Rank: 12 | Suit D | Attack 5 | Health 20
2025-01-04 22:59:08,626 - Tavern: [2C, AH, 3D, 7S, 6C, 7H, 9C]
2025-01-04 22:59:08,626 - Castle: [KD, KS, KC, KH, QS, QH]
2025-01-04 22:59:08,626 - Discard: [4S, AS, 3S, 4C, 8C, 8S, TH, 9S, JS, 8H, JC, 5H, 8D, 4D, 7C, 5C, JH, TS, AD, 9H, 3H, 7D, 2H, QC, 4H, TC]
2025-01-04 22:59:08,626 - Active Player: 2
2025-01-04 22:59:08,626 - STATE LOG: END
2025-01-04 22:59:08,767 - STATE LOG: BEGIN
2025-01-04 22:59:08,767 - Noah's Hand: [2D, 2S, TD]
2025-01-04 22:59:08,767 - Eve's Hand: [AC, 3C, 6D, 6H, 9D, JD]
2025-01-04 22:59:08,767 - Boss: Rank: 12 | Suit D | Attack 0 | Health 14
2025-01-04 22:59:08,767 - Tavern: [2C, AH, 3D, 7S, 6C, 7H, 9C]
2025-01-04 22:59:08,767 - Castle: [KD, KS, KC, KH, QS, QH]
2025-01-04 22:59:08,767 - Discard: [4S, AS, 3S, 4C, 8C, 8S, TH, 9S, JS, 8H, JC, 5H, 8D, 4D, 7C, 5C, JH, TS, AD, 9H, 3H, 7D, 2H, QC, 4H, TC]
2025-01-04 22:59:08,767 - Active Player: 1
2025-01-04 22:59:08,767 - STATE LOG: END
2025-01-04 22:59:09,460 - STATE LOG: BEGIN
2025-01-04 22:59:09,460 - Noah's Hand: [2D, 2S, TD]
2025-01-04 22:59:09,460 - Eve's Hand: [AC, 3C, 6D, 6H, 9D, JD]
2025-01-04 22:59:09,460 - Boss: Rank: 12 | Suit D | Attack 0 | Health 14
2025-01-04 22:59:09,460 - Tavern: [2C, AH, 3D, 7S, 6C, 7H, 9C]
2025-01-04 22:59:09,460 - Castle: [KD, KS, KC, KH, QS, QH]
2025-01-04 22:59:09,460 - Discard: [4S, AS, 3S, 4C, 8C, 8S, TH, 9S, JS, 8H, JC, 5H, 8D, 4D, 7C, 5C, JH, TS, AD, 9H, 3H, 7D, 2H, QC, 4H, TC]
2025-01-04 22:59:09,460 - Active Player: 2
2025-01-04 22:59:09,460 - STATE LOG: END
2025-01-04 22:59:10,059 - STATE LOG: BEGIN
2025-01-04 22:59:10,059 - Noah's Hand: [2D, 2S, TD]
2025-01-04 22:59:10,059 - Eve's Hand: [3C, 6D, 9D, JD]
2025-01-04 22:59:10,059 - Boss: Rank: 12 | Suit H | Attack 15 | Health 30
2025-01-04 22:59:10,059 - Tavern: [8D, 8S, 9H, 3S, 5C, 7C, 9S, 2C, AH, 3D, 7S, 6C, 7H, 9C]
2025-01-04 22:59:10,059 - Castle: [KD, KS, KC, KH, QS]
2025-01-04 22:59:10,059 - Discard: [JH, 7D, 4S, 4C, 4H, 2H, JC, 5H, 3H, QC, 4D, TS, 8C, TC, 8H, TH, AD, AS, JS, 5D, 5S, 6S, AC, 6H]
2025-01-04 22:59:10,059 - Active Player: 2
2025-01-04 22:59:10,059 - STATE LOG: END
2025-01-04 22:59:10,292 - STATE LOG: BEGIN
2025-01-04 22:59:10,292 - Noah's Hand: [2D, 2S, TD, 9C, 6C, 3D, 2C]
2025-01-04 22:59:10,292 - Eve's Hand: [3C, 6D, JD, QD]
2025-01-04 22:59:10,292 - Boss: Rank: 12 | Suit H | Attack 15 | Health 21
2025-01-04 22:59:10,292 - Tavern: [8D, 8S, 9H, 3S, 5C, 7C, 9S]
2025-01-04 22:59:10,292 - Castle: [KD, KS, KC, KH, QS]
2025-01-04 22:59:10,292 - Discard: [JH, 7D, 4S, 4C, 4H, 2H, JC, 5H, 3H, QC, 4D, TS, 8C, TC, 8H, TH, AD, AS, JS, 5D, 5S, 6S, AC, 6H, AH, 7S, 7H]
2025-01-04 22:59:10,292 - Active Player: 1
2025-01-04 22:59:10,292 - STATE LOG: END
2025-01-04 22:59:11,009 - STATE LOG: BEGIN
2025-01-04 22:59:11,009 - Noah's Hand: [3D, 6C, 9C, TD, 9S, 5C]
2025-01-04 22:59:11,009 - Eve's Hand: [3C, 6D, JD, QD, 7C, 3S, 8S]
2025-01-04 22:59:11,009 - Boss: Rank: 12 | Suit H | Attack 9 | Health 9
2025-01-04 22:59:11,009 - Tavern: [8D]
2025-01-04 22:59:11,009 - Castle: [KD, KS, KC, KH, QS]
2025-01-04 22:59:11,009 - Discard: [JH, 7D, 4S, 4C, 4H, 2H, JC, 5H, 3H, QC, 4D, TS, 8C, TC, 8H, TH, AD, AS, JS, 5D, 5S, 6S, AC, 6H, AH, 7S, 7H, 9H]
2025-01-04 22:59:11,009 - Active Player: 2
2025-01-04 22:59:11,009 - STATE LOG: END
2025-01-04 22:59:11,757 - STATE LOG: BEGIN
2025-01-04 22:59:11,757 - Noah's Hand: [3D, 6C, 9C, TD, 9S, 5C]
2025-01-04 22:59:11,757 - Eve's Hand: [3C, 6D, 7C, JD, QD]
2025-01-04 22:59:11,757 - Boss: Rank: 12 | Suit H | Attack 6 | Health 6
2025-01-04 22:59:11,757 - Tavern: [8D]
2025-01-04 22:59:11,757 - Castle: [KD, KS, KC, KH, QS]
2025-01-04 22:59:11,757 - Discard: [JH, 7D, 4S, 4C, 4H, 2H, JC, 5H, 3H, QC, 4D, TS, 8C, TC, 8H, TH, AD, AS, JS, 5D, 5S, 6S, AC, 6H, AH, 7S, 7H, 9H, 8S]
2025-01-04 22:59:11,757 - Active Player: 1
2025-01-04 22:59:11,757 - STATE LOG: END
2025-01-04 22:59:12,455 - STATE LOG: BEGIN
2025-01-04 22:59:12,455 - Noah's Hand: [5C, 6C, 9C, TD, 8D]
2025-01-04 22:59:12,455 - Eve's Hand: [3C, 6D, 7C, JD, QD]
2025-01-04 22:59:12,455 - Boss: Rank: 12 | Suit H | Attack 6 | Health 3
2025-01-04 22:59:12,455 - Tavern: []
2025-01-04 22:59:12,455 - Castle: [KD, KS, KC, KH, QS]
2025-01-04 22:59:12,455 - Discard: [JH, 7D, 4S, 4C, 4H, 2H, JC, 5H, 3H, QC, 4D, TS, 8C, TC, 8H, TH, AD, AS, JS, 5D, 5S, 6S, AC, 6H, AH, 7S, 7H, 9H, 8S, 9S]
2025-01-04 22:59:12,455 - Active Player: 2
2025-01-04 22:59:12,455 - STATE LOG: END
2025-01-04 22:59:12,612 - STATE LOG: BEGIN
2025-01-04 22:59:12,612 - Noah's Hand: [5C, 6C, 9C, TD, 8D]
2025-01-04 22:59:12,612 - Eve's Hand: [3C, 6D, JD, QD]
2025-01-04 22:59:12,612 - Boss: Rank: 12 | Suit H | Attack 6 | Health 3
2025-01-04 22:59:12,612 - Tavern: []
2025-01-04 22:59:12,612 - Castle: [KD, KS, KC, KH, QS]
2025-01-04 22:59:12,612 - Discard: [JH, 7D, 4S, 4C, 4H, 2H, JC, 5H, 3H, QC, 4D, TS, 8C, TC, 8H, TH, AD, AS, JS, 5D, 5S, 6S, AC, 6H, AH, 7S, 7H, 9H, 8S, 9S, 7C]
2025-01-04 22:59:12,612 - Active Player: 1
2025-01-04 22:59:12,612 - STATE LOG: END
2025-01-04 22:59:12,755 - STATE LOG: BEGIN
2025-01-04 22:59:12,755 - Noah's Hand: [5C, 6C, 9C, TD]
2025-01-04 22:59:12,756 - Eve's Hand: [3C, 6D, JD, QD]
2025-01-04 22:59:12,756 - Boss: Rank: 12 | Suit S | Attack 15 | Health 30
2025-01-04 22:59:12,756 - Tavern: []
2025-01-04 22:59:12,756 - Castle: [KD, KS, KC, KH]
2025-01-04 22:59:12,756 - Discard: [JH, 7D, 4S, 4C, 4H, 2H, JC, 5H, 3H, QC, 4D, TS, 8C, TC, 8H, TH, AD, AS, JS, 5D, 5S, 6S, AC, 6H, AH, 7S, 7H, 9H, 8S, 9S, 7C, 2C, 2D, 2S, 3D, 8D, 9D, 3S, QH]
2025-01-04 22:59:12,756 - Active Player: 1
2025-01-04 22:59:12,756 - STATE LOG: END
2025-01-04 22:59:12,781 - STATE LOG: BEGIN
2025-01-04 22:59:12,781 - Noah's Hand: [TD]
2025-01-04 22:59:12,781 - Eve's Hand: [3C, 6D, JD, QD]
2025-01-04 22:59:12,781 - Boss: Rank: 12 | Suit S | Attack 15 | Health 20
2025-01-04 22:59:12,781 - Tavern: []
2025-01-04 22:59:12,781 - Castle: [KD, KS, KC, KH]
2025-01-04 22:59:12,781 - Discard: [JH, 7D, 4S, 4C, 4H, 2H, JC, 5H, 3H, QC, 4D, TS, 8C, TC, 8H, TH, AD, AS, JS, 5D, 5S, 6S, AC, 6H, AH, 7S, 7H, 9H, 8S, 9S, 7C, 2C, 2D, 2S, 3D, 8D, 9D, 3S, QH, 6C, 9C]
2025-01-04 22:59:12,781 - Active Player: 2
2025-01-04 22:59:12,781 - STATE LOG: END
2025-01-04 22:59:12,791 - STATE LOG: BEGIN
2025-01-04 22:59:12,791 - Noah's Hand: [TD]
2025-01-04 22:59:12,791 - Eve's Hand: [6D]
2025-01-04 22:59:12,791 - Boss: Rank: 12 | Suit S | Attack 15 | Health 14
2025-01-04 22:59:12,791 - Tavern: []
2025-01-04 22:59:12,791 - Castle: [KD, KS, KC, KH]
2025-01-04 22:59:12,791 - Discard: [JH, 7D, 4S, 4C, 4H, 2H, JC, 5H, 3H, QC, 4D, TS, 8C, TC, 8H, TH, AD, AS, JS, 5D, 5S, 6S, AC, 6H, AH, 7S, 7H, 9H, 8S, 9S, 7C, 2C, 2D, 2S, 3D, 8D, 9D, 3S, QH, 6C, 9C, JD, QD]
2025-01-04 22:59:12,791 - Active Player: 1
2025-01-04 22:59:12,791 - STATE LOG: END
2025-01-04 22:59:12,794 - STATE LOG: BEGIN
2025-01-04 22:59:12,794 - Noah's Hand: []
2025-01-04 22:59:12,794 - Eve's Hand: [6D]
2025-01-04 22:59:12,794 - Boss: Rank: 12 | Suit S | Attack 15 | Health 4
2025-01-04 22:59:12,794 - Tavern: []
2025-01-04 22:59:12,794 - Castle: [KD, KS, KC, KH]
2025-01-04 22:59:12,794 - Discard: [JH, 7D, 4S, 4C, 4H, 2H, JC, 5H, 3H, QC, 4D, TS, 8C, TC, 8H, TH, AD, AS, JS, 5D, 5S, 6S, AC, 6H, AH, 7S, 7H, 9H, 8S, 9S, 7C, 2C, 2D, 2S, 3D, 8D, 9D, 3S, QH, 6C, 9C, JD, QD]
2025-01-04 22:59:12,794 - Active Player: 2
2025-01-04 22:59:12,794 - STATE LOG: END
