2025-01-04 16:03:41,015 - I log states! :D
2025-01-04 16:03:41,015 - STATE LOG: BEGIN
2025-01-04 16:03:41,015 - Noah's Hand: [4H, 6D, 7H, AH, 8H, 7S, 6C]
2025-01-04 16:03:41,015 - Eve's Hand: [4D, 4C, AS, TH, 9H, 5H, TS]
2025-01-04 16:03:41,015 - Boss: Rank: 11 | Suit H | Attack 10 | Health 20
2025-01-04 16:03:41,015 - Tavern: [5S, 9S, 6S, AC, 8S, 3S, 6H, TC, 7D, 2H, 3C, 9C, 5C, 7C, AD, 4S, 8D, 5D, 8C, 3H, 2C, 3D, TD, 2D, 9D, 2S]
2025-01-04 16:03:41,015 - Castle: [KC, KS, KH, KD, QH, QC, QD, QS, JD, JS, JC]
2025-01-04 16:03:41,016 - Discard: []
2025-01-04 16:03:41,016 - Active Player: 1
2025-01-04 16:03:41,016 - STATE LOG: END
2025-01-04 16:03:41,658 - STATE LOG: BEGIN
2025-01-04 16:03:41,658 - Noah's Hand: [AH, 4H, 6C, 7H, 7S]
2025-01-04 16:03:41,658 - Eve's Hand: [4D, 4C, AS, TH, 9H, 5H, TS]
2025-01-04 16:03:41,658 - Boss: Rank: 11 | Suit H | Attack 10 | Health 14
2025-01-04 16:03:41,658 - Tavern: [5S, 9S, 6S, AC, 8S, 3S, 6H, TC, 7D, 2H, 3C, 9C, 5C, 7C, AD, 4S, 8D, 5D, 8C, 3H, 2C, 3D, TD, 2D, 9D]
2025-01-04 16:03:41,658 - Castle: [KC, KS, KH, KD, QH, QC, QD, QS, JD, JS, JC]
2025-01-04 16:03:41,658 - Discard: [2S, 8H]
2025-01-04 16:03:41,658 - Active Player: 2
2025-01-04 16:03:41,658 - STATE LOG: END
2025-01-04 16:03:42,246 - STATE LOG: BEGIN
2025-01-04 16:03:42,246 - Noah's Hand: [AH, 4H, 6C, 7H, 7S, 2D, 3D]
2025-01-04 16:03:42,246 - Eve's Hand: [AS, 5H, 9H, TH, TS, 9D, TD]
2025-01-04 16:03:42,246 - Boss: Rank: 11 | Suit C | Attack 10 | Health 20
2025-01-04 16:03:42,246 - Tavern: [5S, 9S, 6S, AC, 8S, 3S, 6H, TC, 7D, 2H, 3C, 9C, 5C, 7C, AD, 4S, 8D, 5D, 8C, 3H, 2C]
2025-01-04 16:03:42,246 - Castle: [KC, KS, KH, KD, QH, QC, QD, QS, JD, JS]
2025-01-04 16:03:42,246 - Discard: [2S, 8H, 6D, 4C, 4D, JH]
2025-01-04 16:03:42,246 - Active Player: 2
2025-01-04 16:03:42,246 - STATE LOG: END
2025-01-04 16:03:42,925 - STATE LOG: BEGIN
2025-01-04 16:03:42,925 - Noah's Hand: [AH, 4H, 6C, 7H, 7S, 2D, 3D]
2025-01-04 16:03:42,925 - Eve's Hand: [5H, 9D, 9H, TD, TH]
2025-01-04 16:03:42,925 - Boss: Rank: 11 | Suit C | Attack 0 | Health 9
2025-01-04 16:03:42,925 - Tavern: [5S, 9S, 6S, AC, 8S, 3S, 6H, TC, 7D, 2H, 3C, 9C, 5C, 7C, AD, 4S, 8D, 5D, 8C, 3H, 2C]
2025-01-04 16:03:42,925 - Castle: [KC, KS, KH, KD, QH, QC, QD, QS, JD, JS]
2025-01-04 16:03:42,925 - Discard: [2S, 8H, 6D, 4C, 4D, JH]
2025-01-04 16:03:42,925 - Active Player: 1
2025-01-04 16:03:42,925 - STATE LOG: END
2025-01-04 16:03:43,593 - STATE LOG: BEGIN
2025-01-04 16:03:43,593 - Noah's Hand: [2D, 4H, 6C, 7H, 7S, 2C, 8C]
2025-01-04 16:03:43,593 - Eve's Hand: [5H, 9D, 9H, TD, TH, 3H, 5D]
2025-01-04 16:03:43,593 - Boss: Rank: 11 | Suit C | Attack 0 | Health 5
2025-01-04 16:03:43,593 - Tavern: [4C, 6D, 8H, 4D, 5S, 9S, 6S, AC, 8S, 3S, 6H, TC, 7D, 2H, 3C, 9C, 5C, 7C, AD, 4S, 8D]
2025-01-04 16:03:43,593 - Castle: [KC, KS, KH, KD, QH, QC, QD, QS, JD, JS]
2025-01-04 16:03:43,593 - Discard: [2S, JH]
2025-01-04 16:03:43,593 - Active Player: 2
2025-01-04 16:03:43,593 - STATE LOG: END
2025-01-04 16:03:43,717 - STATE LOG: BEGIN
2025-01-04 16:03:43,717 - Noah's Hand: [2D, 4H, 6C, 7H, 7S, 2C, 8C]
2025-01-04 16:03:43,717 - Eve's Hand: [3H, 5D, 9D, 9H, TD, TH]
2025-01-04 16:03:43,718 - Boss: Rank: 11 | Suit S | Attack 10 | Health 20
2025-01-04 16:03:43,718 - Tavern: [2S, JH, 4C, 6D, 8H, 4D, 5S, 9S, 6S, AC, 8S, 3S, 6H, TC, 7D, 2H, 3C, 9C, 5C, 7C, AD, 4S, 8D]
2025-01-04 16:03:43,718 - Castle: [KC, KS, KH, KD, QH, QC, QD, QS, JD]
2025-01-04 16:03:43,718 - Discard: [AH, 3D, AS, TS, 5H]
2025-01-04 16:03:43,718 - Active Player: 2
2025-01-04 16:03:43,718 - STATE LOG: END
2025-01-04 16:03:44,351 - STATE LOG: BEGIN
2025-01-04 16:03:44,351 - Noah's Hand: [2D, 4H, 6C, 7H, 7S, 2C, 8C]
2025-01-04 16:03:44,351 - Eve's Hand: [3H, 5D, 9D, 9H, TD]
2025-01-04 16:03:44,351 - Boss: Rank: 11 | Suit S | Attack 10 | Health 20
2025-01-04 16:03:44,351 - Tavern: [2S, JH, 4C, 6D, 8H, 4D, 5S, 9S, 6S, AC, 8S, 3S, 6H, TC, 7D, 2H, 3C, 9C, 5C, 7C, AD, 4S, 8D]
2025-01-04 16:03:44,351 - Castle: [KC, KS, KH, KD, QH, QC, QD, QS, JD]
2025-01-04 16:03:44,351 - Discard: [AH, 3D, AS, TS, 5H, TH]
2025-01-04 16:03:44,351 - Active Player: 1
2025-01-04 16:03:44,351 - STATE LOG: END
2025-01-04 16:03:44,988 - STATE LOG: BEGIN
2025-01-04 16:03:44,988 - Noah's Hand: [2C, 4H, 6C, 7H, 7S, 8C]
2025-01-04 16:03:44,988 - Eve's Hand: [3H, 5D, 9D, 9H, TD, 8D]
2025-01-04 16:03:44,988 - Boss: Rank: 11 | Suit S | Attack 10 | Health 18
2025-01-04 16:03:44,988 - Tavern: [2S, JH, 4C, 6D, 8H, 4D, 5S, 9S, 6S, AC, 8S, 3S, 6H, TC, 7D, 2H, 3C, 9C, 5C, 7C, AD, 4S]
2025-01-04 16:03:44,988 - Castle: [KC, KS, KH, KD, QH, QC, QD, QS, JD]
2025-01-04 16:03:44,988 - Discard: [AH, 3D, AS, TS, 5H, TH, JC]
2025-01-04 16:03:44,988 - Active Player: 2
2025-01-04 16:03:44,988 - STATE LOG: END
2025-01-04 16:03:45,651 - STATE LOG: BEGIN
2025-01-04 16:03:45,651 - Noah's Hand: [2C, 4H, 6C, 7H, 7S, 8C, AD]
2025-01-04 16:03:45,651 - Eve's Hand: [3H, 8D, 9D, 9H, TD]
2025-01-04 16:03:45,651 - Boss: Rank: 11 | Suit S | Attack 10 | Health 13
2025-01-04 16:03:45,651 - Tavern: [2S, JH, 4C, 6D, 8H, 4D, 5S, 9S, 6S, AC, 8S, 3S, 6H, TC, 7D, 2H, 3C, 9C, 5C]
2025-01-04 16:03:45,651 - Castle: [KC, KS, KH, KD, QH, QC, QD, QS, JD]
2025-01-04 16:03:45,651 - Discard: [AH, 3D, AS, TS, 5H, TH, JC, 7C, 4S]
2025-01-04 16:03:45,651 - Active Player: 1
2025-01-04 16:03:45,651 - STATE LOG: END
2025-01-04 16:03:46,279 - STATE LOG: BEGIN
2025-01-04 16:03:46,279 - Noah's Hand: [AD, 2C, 4H, 6C, 7H]
2025-01-04 16:03:46,279 - Eve's Hand: [3H, 8D, 9D, 9H, TD]
2025-01-04 16:03:46,279 - Boss: Rank: 11 | Suit S | Attack 10 | Health 13
2025-01-04 16:03:46,279 - Tavern: [2S, JH, 4C, 6D, 8H, 4D, 5S, 9S, 6S, AC, 8S, 3S, 6H, TC, 7D, 2H, 3C, 9C, 5C]
2025-01-04 16:03:46,280 - Castle: [KC, KS, KH, KD, QH, QC, QD, QS, JD]
2025-01-04 16:03:46,280 - Discard: [AH, 3D, AS, TS, 5H, TH, JC, 7C, 4S, 8C, 7S]
2025-01-04 16:03:46,280 - Active Player: 2
2025-01-04 16:03:46,280 - STATE LOG: END
2025-01-04 16:03:46,918 - STATE LOG: BEGIN
2025-01-04 16:03:46,918 - Noah's Hand: [AD, 2C, 4H, 6C, 7H, 9C, 2H]
2025-01-04 16:03:46,918 - Eve's Hand: [3H, 8D, 9H, TD, 5C]
2025-01-04 16:03:46,918 - Boss: Rank: 11 | Suit S | Attack 10 | Health 4
2025-01-04 16:03:46,918 - Tavern: [2S, JH, 4C, 6D, 8H, 4D, 5S, 9S, 6S, AC, 8S, 3S, 6H, TC]
2025-01-04 16:03:46,918 - Castle: [KC, KS, KH, KD, QH, QC, QD, QS, JD]
2025-01-04 16:03:46,918 - Discard: [AH, 3D, AS, TS, 5H, TH, JC, 7C, 4S, 8C, 7S, 7D, 3C]
2025-01-04 16:03:46,918 - Active Player: 1
2025-01-04 16:03:46,918 - STATE LOG: END
2025-01-04 16:03:47,548 - STATE LOG: BEGIN
2025-01-04 16:03:47,548 - Noah's Hand: [2H, 4H, 6C, 7H, 9C, TC, 3S]
2025-01-04 16:03:47,548 - Eve's Hand: [3H, 8D, 9H, TD, 5C, 6H]
2025-01-04 16:03:47,548 - Boss: Rank: 11 | Suit D | Attack 10 | Health 20
2025-01-04 16:03:47,548 - Tavern: [2S, JH, 4C, 6D, 8H, 4D, 5S, 9S, 6S, AC, 8S]
2025-01-04 16:03:47,548 - Castle: [KC, KS, KH, KD, QH, QC, QD, QS]
2025-01-04 16:03:47,548 - Discard: [AH, 3D, AS, TS, 5H, TH, JC, 7C, 4S, 8C, 7S, 7D, 3C, 2D, AD, 2C, 5D, 9D, JS]
2025-01-04 16:03:47,548 - Active Player: 1
2025-01-04 16:03:47,548 - STATE LOG: END
2025-01-04 16:03:48,115 - STATE LOG: BEGIN
2025-01-04 16:03:48,115 - Noah's Hand: [2H, 4H, 6C, 7H, 9C]
2025-01-04 16:03:48,115 - Eve's Hand: [3H, 8D, 9H, TD, 5C, 6H]
2025-01-04 16:03:48,115 - Boss: Rank: 11 | Suit D | Attack 7 | Health 17
2025-01-04 16:03:48,115 - Tavern: [2S, JH, 4C, 6D, 8H, 4D, 5S, 9S, 6S, AC, 8S]
2025-01-04 16:03:48,115 - Castle: [KC, KS, KH, KD, QH, QC, QD, QS]
2025-01-04 16:03:48,115 - Discard: [AH, 3D, AS, TS, 5H, TH, JC, 7C, 4S, 8C, 7S, 7D, 3C, 2D, AD, 2C, 5D, 9D, JS, TC]
2025-01-04 16:03:48,115 - Active Player: 2
2025-01-04 16:03:48,115 - STATE LOG: END
2025-01-04 16:03:48,659 - STATE LOG: BEGIN
2025-01-04 16:03:48,659 - Noah's Hand: [2H, 4H, 6C, 7H, 9C]
2025-01-04 16:03:48,659 - Eve's Hand: [3H, 5C, 8D, 9H]
2025-01-04 16:03:48,659 - Boss: Rank: 11 | Suit D | Attack 7 | Health 11
2025-01-04 16:03:48,659 - Tavern: [TS, 8C, 3D, 7D, AH, TH, 2S, JH, 4C, 6D, 8H, 4D, 5S, 9S, 6S, AC, 8S]
2025-01-04 16:03:48,659 - Castle: [KC, KS, KH, KD, QH, QC, QD, QS]
2025-01-04 16:03:48,659 - Discard: [5D, 5H, JS, 4S, 7S, AS, AD, TC, 7C, 3C, 9D, 2D, JC, 2C, TD]
2025-01-04 16:03:48,660 - Active Player: 1
2025-01-04 16:03:48,660 - STATE LOG: END
2025-01-04 16:03:48,875 - STATE LOG: BEGIN
2025-01-04 16:03:48,875 - Noah's Hand: [2H, 6C, 7H]
2025-01-04 16:03:48,875 - Eve's Hand: [3H, 5C, 8D, 9H]
2025-01-04 16:03:48,875 - Boss: Rank: 11 | Suit D | Attack 7 | Health 7
2025-01-04 16:03:48,875 - Tavern: [TC, 4S, 3C, JC, TS, 8C, 3D, 7D, AH, TH, 2S, JH, 4C, 6D, 8H, 4D, 5S, 9S, 6S, AC, 8S]
2025-01-04 16:03:48,875 - Castle: [KC, KS, KH, KD, QH, QC, QD, QS]
2025-01-04 16:03:48,875 - Discard: [AD, 9D, 2C, 2D, 7C, TD, AS, JS, 5D, 7S, 5H, 9C]
2025-01-04 16:03:48,875 - Active Player: 2
2025-01-04 16:03:48,875 - STATE LOG: END
2025-01-04 16:03:49,014 - STATE LOG: BEGIN
2025-01-04 16:03:49,014 - Noah's Hand: [2H, 6C, 7H]
2025-01-04 16:03:49,014 - Eve's Hand: [3H, 8D, 9H]
2025-01-04 16:03:49,014 - Boss: Rank: 12 | Suit S | Attack 15 | Health 30
2025-01-04 16:03:49,014 - Tavern: [TC, 4S, 3C, JC, TS, 8C, 3D, 7D, AH, TH, 2S, JH, 4C, 6D, 8H, 4D, 5S, 9S, 6S, AC, 8S]
2025-01-04 16:03:49,014 - Castle: [KC, KS, KH, KD, QH, QC, QD]
2025-01-04 16:03:49,014 - Discard: [AD, 9D, 2C, 2D, 7C, TD, AS, JS, 5D, 7S, 5H, 9C, 3S, 4H, 6H, 5C, JD]
2025-01-04 16:03:49,014 - Active Player: 2
2025-01-04 16:03:49,014 - STATE LOG: END
2025-01-04 16:03:49,057 - STATE LOG: BEGIN
2025-01-04 16:03:49,057 - Noah's Hand: [2H, 6C, 7H, AC, 9S, 4D, 6D]
2025-01-04 16:03:49,057 - Eve's Hand: [3H, 9H, 8S]
2025-01-04 16:03:49,057 - Boss: Rank: 12 | Suit S | Attack 15 | Health 22
2025-01-04 16:03:49,057 - Tavern: [TC, 4S, 3C, JC, TS, 8C, 3D, 7D, AH, TH, 2S, JH, 4C]
2025-01-04 16:03:49,057 - Castle: [KC, KS, KH, KD, QH, QC, QD]
2025-01-04 16:03:49,057 - Discard: [AD, 9D, 2C, 2D, 7C, TD, AS, JS, 5D, 7S, 5H, 9C, 3S, 4H, 6H, 5C, JD, 8H, 5S, 6S]
2025-01-04 16:03:49,057 - Active Player: 1
2025-01-04 16:03:49,057 - STATE LOG: END
2025-01-04 16:03:49,286 - STATE LOG: BEGIN
2025-01-04 16:03:49,286 - Noah's Hand: [2H, 6C, 6D, 7H]
2025-01-04 16:03:49,286 - Eve's Hand: [3H, 9H, 8S, JH, TH, AH]
2025-01-04 16:03:49,286 - Boss: Rank: 12 | Suit S | Attack 15 | Health 12
2025-01-04 16:03:49,286 - Tavern: [TC, 4S, 3C, JC, TS, 8C, 3D, 7D]
2025-01-04 16:03:49,286 - Castle: [KC, KS, KH, KD, QH, QC, QD]
2025-01-04 16:03:49,286 - Discard: [AD, 9D, 2C, 2D, 7C, TD, AS, JS, 5D, 7S, 5H, 9C, 3S, 4H, 6H, 5C, JD, 8H, 5S, 6S, 2S, 4C, 9S]
2025-01-04 16:03:49,286 - Active Player: 2
2025-01-04 16:03:49,287 - STATE LOG: END
2025-01-04 16:03:49,734 - STATE LOG: BEGIN
2025-01-04 16:03:49,734 - Noah's Hand: [2H, 6C, 6D, 7H]
2025-01-04 16:03:49,734 - Eve's Hand: [AH, 3H, 8S, 9H]
2025-01-04 16:03:49,734 - Boss: Rank: 12 | Suit S | Attack 15 | Health 12
2025-01-04 16:03:49,734 - Tavern: [TC, 4S, 3C, JC, TS, 8C, 3D, 7D]
2025-01-04 16:03:49,734 - Castle: [KC, KS, KH, KD, QH, QC, QD]
2025-01-04 16:03:49,734 - Discard: [AD, 9D, 2C, 2D, 7C, TD, AS, JS, 5D, 7S, 5H, 9C, 3S, 4H, 6H, 5C, JD, 8H, 5S, 6S, 2S, 4C, 9S, JH, TH]
2025-01-04 16:03:49,734 - Active Player: 1
2025-01-04 16:03:49,734 - STATE LOG: END
2025-01-04 16:03:49,792 - STATE LOG: BEGIN
2025-01-04 16:03:49,792 - Noah's Hand: [2H, 6C, 7H, 7D]
2025-01-04 16:03:49,792 - Eve's Hand: [AH, 3H, 8S, 9H, 3D, TS, 3C]
2025-01-04 16:03:49,792 - Boss: Rank: 12 | Suit S | Attack 15 | Health 6
2025-01-04 16:03:49,792 - Tavern: [TC, 4S]
2025-01-04 16:03:49,792 - Castle: [KC, KS, KH, KD, QH, QC, QD]
2025-01-04 16:03:49,792 - Discard: [AD, 9D, 2C, 2D, 7C, TD, AS, JS, 5D, 7S, 5H, 9C, 3S, 4H, 6H, 5C, JD, 8H, 5S, 6S, 2S, 4C, 9S, JH, TH, JC, 8C]
2025-01-04 16:03:49,792 - Active Player: 2
2025-01-04 16:03:49,792 - STATE LOG: END
2025-01-04 16:03:50,453 - STATE LOG: BEGIN
2025-01-04 16:03:50,453 - Noah's Hand: [2H, 6C, 7H, 7D, TC, 4C, 2D]
2025-01-04 16:03:50,453 - Eve's Hand: [AH, 8S, 9H, TS, 4S, AS, 5D]
2025-01-04 16:03:50,453 - Boss: Rank: 12 | Suit D | Attack 15 | Health 30
2025-01-04 16:03:50,453 - Tavern: [JS, 9D, 7S, 2S, 9C]
2025-01-04 16:03:50,453 - Castle: [KC, KS, KH, KD, QH, QC]
2025-01-04 16:03:50,453 - Discard: [5S, 6H, JD, 5H, 8H, AD, 8C, TD, 3S, 4H, 5C, JC, JH, 6S, 7C, 2C, 9S, TH, AC, 4D, 6D, 8D, 3C, 3D, 3H, QS]
2025-01-04 16:03:50,453 - Active Player: 2
2025-01-04 16:03:50,453 - STATE LOG: END
2025-01-04 16:03:51,137 - STATE LOG: BEGIN
2025-01-04 16:03:51,137 - Noah's Hand: [2H, 6C, 7H, 7D, TC, 4C, 2D]
2025-01-04 16:03:51,137 - Eve's Hand: [AH, AS, 4S, 5D, 8S]
2025-01-04 16:03:51,137 - Boss: Rank: 12 | Suit D | Attack 5 | Health 20
2025-01-04 16:03:51,137 - Tavern: [JS, 9D, 7S, 2S, 9C]
2025-01-04 16:03:51,137 - Castle: [KC, KS, KH, KD, QH, QC]
2025-01-04 16:03:51,137 - Discard: [5S, 6H, JD, 5H, 8H, AD, 8C, TD, 3S, 4H, 5C, JC, JH, 6S, 7C, 2C, 9S, TH, AC, 4D, 6D, 8D, 3C, 3D, 3H, QS, 9H]
2025-01-04 16:03:51,137 - Active Player: 1
2025-01-04 16:03:51,137 - STATE LOG: END
2025-01-04 16:03:51,875 - STATE LOG: BEGIN
2025-01-04 16:03:51,876 - Noah's Hand: [2D, 2H, 4C, 6C, 7D, 7H]
2025-01-04 16:03:51,876 - Eve's Hand: [AH, AS, 4S, 5D, 8S]
2025-01-04 16:03:51,876 - Boss: Rank: 12 | Suit D | Attack 5 | Health 20
2025-01-04 16:03:51,876 - Tavern: [JS, 9D, 7S, 2S, 9C]
2025-01-04 16:03:51,876 - Castle: [KC, KS, KH, KD, QH, QC]
2025-01-04 16:03:51,876 - Discard: [5S, 6H, JD, 5H, 8H, AD, 8C, TD, 3S, 4H, 5C, JC, JH, 6S, 7C, 2C, 9S, TH, AC, 4D, 6D, 8D, 3C, 3D, 3H, QS, 9H, TC]
2025-01-04 16:03:51,876 - Active Player: 2
2025-01-04 16:03:51,876 - STATE LOG: END
2025-01-04 16:03:51,987 - STATE LOG: BEGIN
2025-01-04 16:03:51,987 - Noah's Hand: [2D, 2H, 4C, 6C, 7D, 7H]
2025-01-04 16:03:51,987 - Eve's Hand: [AH, 5D, 8S]
2025-01-04 16:03:51,987 - Boss: Rank: 12 | Suit D | Attack 0 | Health 15
2025-01-04 16:03:51,987 - Tavern: [JS, 9D, 7S, 2S, 9C]
2025-01-04 16:03:51,987 - Castle: [KC, KS, KH, KD, QH, QC]
2025-01-04 16:03:51,987 - Discard: [5S, 6H, JD, 5H, 8H, AD, 8C, TD, 3S, 4H, 5C, JC, JH, 6S, 7C, 2C, 9S, TH, AC, 4D, 6D, 8D, 3C, 3D, 3H, QS, 9H, TC]
2025-01-04 16:03:51,987 - Active Player: 1
2025-01-04 16:03:51,987 - STATE LOG: END
2025-01-04 16:03:52,699 - STATE LOG: BEGIN
2025-01-04 16:03:52,699 - Noah's Hand: [2D, 2H, 4C, 6C, 7D, 7H]
2025-01-04 16:03:52,700 - Eve's Hand: [AH, 5D, 8S]
2025-01-04 16:03:52,700 - Boss: Rank: 12 | Suit D | Attack 0 | Health 15
2025-01-04 16:03:52,700 - Tavern: [JS, 9D, 7S, 2S, 9C]
2025-01-04 16:03:52,700 - Castle: [KC, KS, KH, KD, QH, QC]
2025-01-04 16:03:52,700 - Discard: [5S, 6H, JD, 5H, 8H, AD, 8C, TD, 3S, 4H, 5C, JC, JH, 6S, 7C, 2C, 9S, TH, AC, 4D, 6D, 8D, 3C, 3D, 3H, QS, 9H, TC]
2025-01-04 16:03:52,700 - Active Player: 2
2025-01-04 16:03:52,700 - STATE LOG: END
2025-01-04 16:03:53,200 - STATE LOG: BEGIN
2025-01-04 16:03:53,201 - Noah's Hand: [2D, 2H, 4C, 6C, 7D, 7H]
2025-01-04 16:03:53,201 - Eve's Hand: [5D, 8S]
2025-01-04 16:03:53,201 - Boss: Rank: 12 | Suit D | Attack 0 | Health 14
2025-01-04 16:03:53,201 - Tavern: [TH, JS, 9D, 7S, 2S, 9C]
2025-01-04 16:03:53,201 - Castle: [KC, KS, KH, KD, QH, QC]
2025-01-04 16:03:53,201 - Discard: [5C, 6D, 8C, 3C, 3D, 8H, 4D, 5H, 6S, JD, 3S, 9H, 2C, 3H, 6H, QS, 7C, JC, TD, 5S, 9S, JH, AC, AD, TC, 8D, 4H]
2025-01-04 16:03:53,201 - Active Player: 1
2025-01-04 16:03:53,201 - STATE LOG: END
2025-01-04 16:03:53,888 - STATE LOG: BEGIN
2025-01-04 16:03:53,888 - Noah's Hand: [2D, 2H, 4C, 6C, 7D, 7H]
2025-01-04 16:03:53,888 - Eve's Hand: [5D, 8S]
2025-01-04 16:03:53,888 - Boss: Rank: 12 | Suit D | Attack 0 | Health 14
2025-01-04 16:03:53,888 - Tavern: [TH, JS, 9D, 7S, 2S, 9C]
2025-01-04 16:03:53,888 - Castle: [KC, KS, KH, KD, QH, QC]
2025-01-04 16:03:53,888 - Discard: [5C, 6D, 8C, 3C, 3D, 8H, 4D, 5H, 6S, JD, 3S, 9H, 2C, 3H, 6H, QS, 7C, JC, TD, 5S, 9S, JH, AC, AD, TC, 8D, 4H]
2025-01-04 16:03:53,888 - Active Player: 2
2025-01-04 16:03:53,888 - STATE LOG: END
2025-01-04 16:03:54,181 - STATE LOG: BEGIN
2025-01-04 16:03:54,181 - Noah's Hand: [2D, 2H, 4C, 6C, 7D, 7H]
2025-01-04 16:03:54,181 - Eve's Hand: [5D]
2025-01-04 16:03:54,181 - Boss: Rank: 12 | Suit D | Attack 0 | Health 6
2025-01-04 16:03:54,181 - Tavern: [TH, JS, 9D, 7S, 2S, 9C]
2025-01-04 16:03:54,181 - Castle: [KC, KS, KH, KD, QH, QC]
2025-01-04 16:03:54,181 - Discard: [5C, 6D, 8C, 3C, 3D, 8H, 4D, 5H, 6S, JD, 3S, 9H, 2C, 3H, 6H, QS, 7C, JC, TD, 5S, 9S, JH, AC, AD, TC, 8D, 4H]
2025-01-04 16:03:54,181 - Active Player: 1
2025-01-04 16:03:54,181 - STATE LOG: END
2025-01-04 16:03:54,507 - STATE LOG: BEGIN
2025-01-04 16:03:54,507 - Noah's Hand: [2H, 4C, 6C, 7D, 7H]
2025-01-04 16:03:54,507 - Eve's Hand: [5D]
2025-01-04 16:03:54,507 - Boss: Rank: 12 | Suit D | Attack 0 | Health 4
2025-01-04 16:03:54,507 - Tavern: [TH, JS, 9D, 7S, 2S, 9C]
2025-01-04 16:03:54,507 - Castle: [KC, KS, KH, KD, QH, QC]
2025-01-04 16:03:54,507 - Discard: [5C, 6D, 8C, 3C, 3D, 8H, 4D, 5H, 6S, JD, 3S, 9H, 2C, 3H, 6H, QS, 7C, JC, TD, 5S, 9S, JH, AC, AD, TC, 8D, 4H]
2025-01-04 16:03:54,507 - Active Player: 2
2025-01-04 16:03:54,507 - STATE LOG: END
2025-01-04 16:03:54,581 - STATE LOG: BEGIN
2025-01-04 16:03:54,581 - Noah's Hand: [2H, 4C, 6C, 7D, 7H]
2025-01-04 16:03:54,581 - Eve's Hand: [5D]
2025-01-04 16:03:54,581 - Boss: Rank: 12 | Suit D | Attack 0 | Health 4
2025-01-04 16:03:54,581 - Tavern: [TH, JS, 9D, 7S, 2S, 9C]
2025-01-04 16:03:54,581 - Castle: [KC, KS, KH, KD, QH, QC]
2025-01-04 16:03:54,581 - Discard: [5C, 6D, 8C, 3C, 3D, 8H, 4D, 5H, 6S, JD, 3S, 9H, 2C, 3H, 6H, QS, 7C, JC, TD, 5S, 9S, JH, AC, AD, TC, 8D, 4H]
2025-01-04 16:03:54,582 - Active Player: 1
2025-01-04 16:03:54,582 - STATE LOG: END
2025-01-04 16:03:54,676 - STATE LOG: BEGIN
2025-01-04 16:03:54,676 - Noah's Hand: [4C, 6C, 7D, 7H]
2025-01-04 16:03:54,676 - Eve's Hand: [5D]
2025-01-04 16:03:54,676 - Boss: Rank: 12 | Suit D | Attack 0 | Health 2
2025-01-04 16:03:54,676 - Tavern: [5C, 9H, TH, JS, 9D, 7S, 2S, 9C]
2025-01-04 16:03:54,676 - Castle: [KC, KS, KH, KD, QH, QC]
2025-01-04 16:03:54,676 - Discard: [8D, 6S, 4D, 5H, 9S, 3S, 3C, 3H, 4H, 5S, JH, 3D, JC, AD, AC, TD, 8C, 8H, 6H, QS, TC, 2C, JD, 7C, 6D]
2025-01-04 16:03:54,676 - Active Player: 2
2025-01-04 16:03:54,676 - STATE LOG: END
2025-01-04 16:03:54,728 - STATE LOG: BEGIN
2025-01-04 16:03:54,728 - Noah's Hand: [4C, 6C, 7D, 7H]
2025-01-04 16:03:54,728 - Eve's Hand: [5D]
2025-01-04 16:03:54,728 - Boss: Rank: 12 | Suit D | Attack 0 | Health 2
2025-01-04 16:03:54,728 - Tavern: [5C, 9H, TH, JS, 9D, 7S, 2S, 9C]
2025-01-04 16:03:54,728 - Castle: [KC, KS, KH, KD, QH, QC]
2025-01-04 16:03:54,728 - Discard: [8D, 6S, 4D, 5H, 9S, 3S, 3C, 3H, 4H, 5S, JH, 3D, JC, AD, AC, TD, 8C, 8H, 6H, QS, TC, 2C, JD, 7C, 6D]
2025-01-04 16:03:54,728 - Active Player: 1
2025-01-04 16:03:54,728 - STATE LOG: END
2025-01-04 16:03:54,831 - STATE LOG: BEGIN
2025-01-04 16:03:54,831 - Noah's Hand: [4C, 6C, 7D]
2025-01-04 16:03:54,831 - Eve's Hand: [5D]
2025-01-04 16:03:54,831 - Boss: Rank: 12 | Suit C | Attack 15 | Health 30
2025-01-04 16:03:54,831 - Tavern: [3H, TD, 6S, AD, 7C, 6D, 4D, 5C, 9H, TH, JS, 9D, 7S, 2S, 9C]
2025-01-04 16:03:54,831 - Castle: [KC, KS, KH, KD, QH]
2025-01-04 16:03:54,831 - Discard: [AC, 9S, 3C, JD, 4H, 3S, 3D, 8D, TC, JC, JH, 8H, 5S, 6H, 2C, 8C, 5H, QS, 2D, 2H, 7H, TS, AS, 4S, AH, 8S, QD]
2025-01-04 16:03:54,831 - Active Player: 1
2025-01-04 16:03:54,831 - STATE LOG: END
2025-01-04 16:03:54,870 - STATE LOG: BEGIN
2025-01-04 16:03:54,870 - Noah's Hand: [4C, 6C, 9C, 7S]
2025-01-04 16:03:54,870 - Eve's Hand: [5D, 2S, 9D, TH]
2025-01-04 16:03:54,870 - Boss: Rank: 12 | Suit C | Attack 15 | Health 23
2025-01-04 16:03:54,870 - Tavern: [3H, TD, 6S, AD, 7C, 6D, 4D, 5C]
2025-01-04 16:03:54,870 - Castle: [KC, KS, KH, KD, QH]
2025-01-04 16:03:54,870 - Discard: [AC, 9S, 3C, JD, 4H, 3S, 3D, 8D, TC, JC, JH, 8H, 5S, 6H, 2C, 8C, 5H, QS, 2D, 2H, 7H, TS, AS, 4S, AH, 8S, QD, 9H, JS]
2025-01-04 16:03:54,870 - Active Player: 2
2025-01-04 16:03:54,870 - STATE LOG: END
2025-01-04 16:03:55,008 - STATE LOG: BEGIN
2025-01-04 16:03:55,008 - Noah's Hand: [4C, 6C, 9C, 7S, 4D, 7C, 6S]
2025-01-04 16:03:55,008 - Eve's Hand: [2S, 5D, TH, 5C]
2025-01-04 16:03:55,008 - Boss: Rank: 12 | Suit C | Attack 15 | Health 14
2025-01-04 16:03:55,008 - Tavern: [3H]
2025-01-04 16:03:55,008 - Castle: [KC, KS, KH, KD, QH]
2025-01-04 16:03:55,008 - Discard: [AC, 9S, 3C, JD, 4H, 3S, 3D, 8D, TC, JC, JH, 8H, 5S, 6H, 2C, 8C, 5H, QS, 2D, 2H, 7H, TS, AS, 4S, AH, 8S, QD, 9H, JS, TD, AD, 6D]
2025-01-04 16:03:55,008 - Active Player: 1
2025-01-04 16:03:55,008 - STATE LOG: END
2025-01-04 16:03:55,719 - STATE LOG: BEGIN
2025-01-04 16:03:55,719 - Noah's Hand: [4C, 4D, 6C, 7C, 7S]
2025-01-04 16:03:55,719 - Eve's Hand: [2S, 5D, TH, 5C]
2025-01-04 16:03:55,719 - Boss: Rank: 12 | Suit C | Attack 9 | Health 8
2025-01-04 16:03:55,720 - Tavern: [3H]
2025-01-04 16:03:55,720 - Castle: [KC, KS, KH, KD, QH]
2025-01-04 16:03:55,720 - Discard: [AC, 9S, 3C, JD, 4H, 3S, 3D, 8D, TC, JC, JH, 8H, 5S, 6H, 2C, 8C, 5H, QS, 2D, 2H, 7H, TS, AS, 4S, AH, 8S, QD, 9H, JS, TD, AD, 6D, 9C]
2025-01-04 16:03:55,720 - Active Player: 2
2025-01-04 16:03:55,720 - STATE LOG: END
2025-01-04 16:03:56,058 - STATE LOG: BEGIN
2025-01-04 16:03:56,058 - Noah's Hand: [4C, 4D, 6C, 7C, 7S]
2025-01-04 16:03:56,058 - Eve's Hand: [2S, 5C, 5D]
2025-01-04 16:03:56,058 - Boss: Rank: 12 | Suit H | Attack 15 | Health 30
2025-01-04 16:03:56,058 - Tavern: [2H, 8D, 9H, 8H, AC, 6D, JS, 4H, TC, JH, 3H]
2025-01-04 16:03:56,058 - Castle: [KC, KS, KH, KD]
2025-01-04 16:03:56,058 - Discard: [7H, 8C, 6H, 4S, 9S, 5H, AS, JD, 2C, 5S, 3S, TS, AD, 3D, 2D, JC, QD, AH, QS, 8S, TD, 3C, 9C, 7D, 6S, 9D, TH, QC]
2025-01-04 16:03:56,058 - Active Player: 2
2025-01-04 16:03:56,059 - STATE LOG: END
2025-01-04 16:03:56,178 - STATE LOG: BEGIN
2025-01-04 16:03:56,178 - Noah's Hand: [4C, 4D, 6C, 7C, 7S, JH, 4H]
2025-01-04 16:03:56,178 - Eve's Hand: [2S, 5C, 3H]
2025-01-04 16:03:56,178 - Boss: Rank: 12 | Suit H | Attack 15 | Health 25
2025-01-04 16:03:56,178 - Tavern: [2H, 8D, 9H, 8H, AC, 6D]
2025-01-04 16:03:56,178 - Castle: [KC, KS, KH, KD]
2025-01-04 16:03:56,178 - Discard: [7H, 8C, 6H, 4S, 9S, 5H, AS, JD, 2C, 5S, 3S, TS, AD, 3D, 2D, JC, QD, AH, QS, 8S, TD, 3C, 9C, 7D, 6S, 9D, TH, QC, JS, TC]
2025-01-04 16:03:56,178 - Active Player: 1
2025-01-04 16:03:56,178 - STATE LOG: END
2025-01-04 16:03:56,558 - STATE LOG: BEGIN
2025-01-04 16:03:56,558 - Noah's Hand: [4H, 6C, 7C, 7S]
2025-01-04 16:03:56,558 - Eve's Hand: [2S, 5C, 3H, AC, 9H, 8D, 2H]
2025-01-04 16:03:56,558 - Boss: Rank: 12 | Suit H | Attack 15 | Health 9
2025-01-04 16:03:56,558 - Tavern: []
2025-01-04 16:03:56,558 - Castle: [KC, KS, KH, KD]
2025-01-04 16:03:56,558 - Discard: [7H, 8C, 6H, 4S, 9S, 5H, AS, JD, 2C, 5S, 3S, TS, AD, 3D, 2D, JC, QD, AH, QS, 8S, TD, 3C, 9C, 7D, 6S, 9D, TH, QC, JS, TC, 8H, 6D, JH]
2025-01-04 16:03:56,558 - Active Player: 2
2025-01-04 16:03:56,558 - STATE LOG: END
2025-01-04 16:03:57,244 - STATE LOG: BEGIN
2025-01-04 16:03:57,244 - Noah's Hand: [4H, 6C, 7C, 7S]
2025-01-04 16:03:57,244 - Eve's Hand: [AC, 3H, 5C]
2025-01-04 16:03:57,244 - Boss: Rank: 12 | Suit H | Attack 11 | Health 5
2025-01-04 16:03:57,244 - Tavern: []
2025-01-04 16:03:57,244 - Castle: [KC, KS, KH, KD]
2025-01-04 16:03:57,244 - Discard: [7H, 8C, 6H, 4S, 9S, 5H, AS, JD, 2C, 5S, 3S, TS, AD, 3D, 2D, JC, QD, AH, QS, 8S, TD, 3C, 9C, 7D, 6S, 9D, TH, QC, JS, TC, 8H, 6D, JH, 9H, 8D]
2025-01-04 16:03:57,244 - Active Player: 1
2025-01-04 16:03:57,244 - STATE LOG: END
2025-01-04 16:03:57,317 - STATE LOG: BEGIN
2025-01-04 16:03:57,317 - Noah's Hand: [4H, 6C]
2025-01-04 16:03:57,317 - Eve's Hand: [AC, 3H, 5C]
2025-01-04 16:03:57,317 - Boss: Rank: 12 | Suit H | Attack 11 | Health 5
2025-01-04 16:03:57,317 - Tavern: []
2025-01-04 16:03:57,317 - Castle: [KC, KS, KH, KD]
2025-01-04 16:03:57,317 - Discard: [7H, 8C, 6H, 4S, 9S, 5H, AS, JD, 2C, 5S, 3S, TS, AD, 3D, 2D, JC, QD, AH, QS, 8S, TD, 3C, 9C, 7D, 6S, 9D, TH, QC, JS, TC, 8H, 6D, JH, 9H, 8D, 7S, 7C]
2025-01-04 16:03:57,317 - Active Player: 2
2025-01-04 16:03:57,317 - STATE LOG: END
2025-01-04 16:03:57,336 - STATE LOG: BEGIN
2025-01-04 16:03:57,336 - Noah's Hand: [4H, 6C]
2025-01-04 16:03:57,336 - Eve's Hand: [3H]
2025-01-04 16:03:57,336 - Boss: Rank: 13 | Suit D | Attack 20 | Health 40
2025-01-04 16:03:57,336 - Tavern: []
2025-01-04 16:03:57,336 - Castle: [KC, KS, KH]
2025-01-04 16:03:57,336 - Discard: [7H, 8C, 6H, 4S, 9S, 5H, AS, JD, 2C, 5S, 3S, TS, AD, 3D, 2D, JC, QD, AH, QS, 8S, TD, 3C, 9C, 7D, 6S, 9D, TH, QC, JS, TC, 8H, 6D, JH, 9H, 8D, 7S, 7C, 4C, 4D, 5D, 2H, 2S, AC, 5C, QH]
2025-01-04 16:03:57,336 - Active Player: 2
2025-01-04 16:03:57,336 - STATE LOG: END
2025-01-04 16:03:57,340 - STATE LOG: BEGIN
2025-01-04 16:03:57,340 - Noah's Hand: [4H, 6C]
2025-01-04 16:03:57,340 - Eve's Hand: [3H]
2025-01-04 16:03:57,340 - Boss: Rank: 13 | Suit D | Attack 20 | Health 40
2025-01-04 16:03:57,340 - Tavern: []
2025-01-04 16:03:57,340 - Castle: [KC, KS, KH]
2025-01-04 16:03:57,340 - Discard: [7H, 8C, 6H, 4S, 9S, 5H, AS, JD, 2C, 5S, 3S, TS, AD, 3D, 2D, JC, QD, AH, QS, 8S, TD, 3C, 9C, 7D, 6S, 9D, TH, QC, JS, TC, 8H, 6D, JH, 9H, 8D, 7S, 7C, 4C, 4D, 5D, 2H, 2S, AC, 5C, QH]
2025-01-04 16:03:57,340 - Active Player: 1
2025-01-04 16:03:57,340 - STATE LOG: END
