2025-01-04 22:47:37,429 - I log states! :D
2025-01-04 22:47:37,429 - STATE LOG: BEGIN
2025-01-04 22:47:37,429 - Noah's Hand: [8D, 2D, 5D, 7C, 9H, AC, AD]
2025-01-04 22:47:37,429 - Eve's Hand: [TD, 9C, 7H, 8S, 9S, 4D, 8H]
2025-01-04 22:47:37,429 - Boss: Rank: 11 | Suit C | Attack 10 | Health 20
2025-01-04 22:47:37,429 - Tavern: [3C, 4S, TS, 5S, 8C, 2S, TH, 2C, TC, 2H, 9D, 3S, 6C, 6D, 3H, 7D, 3D, 5H, 5C, AH, 4H, AS, 7S, 4C, 6H, 6S]
2025-01-04 22:47:37,429 - Castle: [KC, KS, KH, KD, QC, QH, QD, QS, JS, JH, JD]
2025-01-04 22:47:37,429 - Discard: []
2025-01-04 22:47:37,429 - Active Player: 1
2025-01-04 22:47:37,429 - STATE LOG: END
2025-01-04 22:47:38,129 - STATE LOG: BEGIN
2025-01-04 22:47:38,130 - Noah's Hand: [AD, 2D, 5D, 7C, 8D]
2025-01-04 22:47:38,130 - Eve's Hand: [TD, 9C, 7H, 8S, 9S, 4D, 8H]
2025-01-04 22:47:38,130 - Boss: Rank: 11 | Suit C | Attack 10 | Health 20
2025-01-04 22:47:38,130 - Tavern: [3C, 4S, TS, 5S, 8C, 2S, TH, 2C, TC, 2H, 9D, 3S, 6C, 6D, 3H, 7D, 3D, 5H, 5C, AH, 4H, AS, 7S, 4C, 6H, 6S]
2025-01-04 22:47:38,130 - Castle: [KC, KS, KH, KD, QC, QH, QD, QS, JS, JH, JD]
2025-01-04 22:47:38,130 - Discard: [AC, 9H]
2025-01-04 22:47:38,130 - Active Player: 2
2025-01-04 22:47:38,130 - STATE LOG: END
2025-01-04 22:47:38,838 - STATE LOG: BEGIN
2025-01-04 22:47:38,838 - Noah's Hand: [AD, 2D, 5D, 7C, 8D]
2025-01-04 22:47:38,838 - Eve's Hand: [4D, 8H, 8S, 9C, TD]
2025-01-04 22:47:38,838 - Boss: Rank: 11 | Suit C | Attack 1 | Health 11
2025-01-04 22:47:38,838 - Tavern: [3C, 4S, TS, 5S, 8C, 2S, TH, 2C, TC, 2H, 9D, 3S, 6C, 6D, 3H, 7D, 3D, 5H, 5C, AH, 4H, AS, 7S, 4C, 6H, 6S]
2025-01-04 22:47:38,838 - Castle: [KC, KS, KH, KD, QC, QH, QD, QS, JS, JH, JD]
2025-01-04 22:47:38,838 - Discard: [AC, 9H, 7H]
2025-01-04 22:47:38,839 - Active Player: 1
2025-01-04 22:47:38,839 - STATE LOG: END
2025-01-04 22:47:39,549 - STATE LOG: BEGIN
2025-01-04 22:47:39,549 - Noah's Hand: [AD, 5D, 8D, 6S]
2025-01-04 22:47:39,549 - Eve's Hand: [4D, 8H, 8S, 9C, TD, 6H]
2025-01-04 22:47:39,549 - Boss: Rank: 11 | Suit C | Attack 1 | Health 9
2025-01-04 22:47:39,549 - Tavern: [3C, 4S, TS, 5S, 8C, 2S, TH, 2C, TC, 2H, 9D, 3S, 6C, 6D, 3H, 7D, 3D, 5H, 5C, AH, 4H, AS, 7S, 4C]
2025-01-04 22:47:39,549 - Castle: [KC, KS, KH, KD, QC, QH, QD, QS, JS, JH, JD]
2025-01-04 22:47:39,549 - Discard: [AC, 9H, 7H, 7C]
2025-01-04 22:47:39,549 - Active Player: 2
2025-01-04 22:47:39,549 - STATE LOG: END
2025-01-04 22:47:39,639 - STATE LOG: BEGIN
2025-01-04 22:47:39,639 - Noah's Hand: [AD, 5D, 8D, 6S]
2025-01-04 22:47:39,639 - Eve's Hand: [4D, 8H, 8S, 9C, TD]
2025-01-04 22:47:39,639 - Boss: Rank: 11 | Suit C | Attack 1 | Health 9
2025-01-04 22:47:39,639 - Tavern: [3C, 4S, TS, 5S, 8C, 2S, TH, 2C, TC, 2H, 9D, 3S, 6C, 6D, 3H, 7D, 3D, 5H, 5C, AH, 4H, AS, 7S, 4C]
2025-01-04 22:47:39,639 - Castle: [KC, KS, KH, KD, QC, QH, QD, QS, JS, JH, JD]
2025-01-04 22:47:39,639 - Discard: [AC, 9H, 7H, 7C, 6H]
2025-01-04 22:47:39,639 - Active Player: 1
2025-01-04 22:47:39,639 - STATE LOG: END
2025-01-04 22:47:40,384 - STATE LOG: BEGIN
2025-01-04 22:47:40,385 - Noah's Hand: [5D, 8D, 4C, AS, AH, 5C, 5H]
2025-01-04 22:47:40,385 - Eve's Hand: [4D, 8H, 8S, 9C, TD, 7S, 4H]
2025-01-04 22:47:40,385 - Boss: Rank: 11 | Suit C | Attack 0 | Health 2
2025-01-04 22:47:40,385 - Tavern: [3C, 4S, TS, 5S, 8C, 2S, TH, 2C, TC, 2H, 9D, 3S, 6C, 6D, 3H, 7D, 3D]
2025-01-04 22:47:40,385 - Castle: [KC, KS, KH, KD, QC, QH, QD, QS, JS, JH, JD]
2025-01-04 22:47:40,385 - Discard: [AC, 9H, 7H, 7C, 6H]
2025-01-04 22:47:40,385 - Active Player: 2
2025-01-04 22:47:40,385 - STATE LOG: END
2025-01-04 22:47:40,534 - STATE LOG: BEGIN
2025-01-04 22:47:40,534 - Noah's Hand: [5D, 8D, 4C, AS, AH, 5C, 5H]
2025-01-04 22:47:40,534 - Eve's Hand: [4D, 4H, 7S, 8H, 8S, 9C, 3D]
2025-01-04 22:47:40,534 - Boss: Rank: 11 | Suit D | Attack 10 | Health 20
2025-01-04 22:47:40,534 - Tavern: [3C, 4S, TS, 5S, 8C, 2S, TH, 2C, TC, 2H, 9D, 3S, 6C, 6D, 3H, 7D]
2025-01-04 22:47:40,534 - Castle: [KC, KS, KH, KD, QC, QH, QD, QS, JS, JH]
2025-01-04 22:47:40,534 - Discard: [AC, 9H, 7H, 7C, 6H, 2D, AD, 6S, 9S, TD, JC]
2025-01-04 22:47:40,534 - Active Player: 2
2025-01-04 22:47:40,534 - STATE LOG: END
2025-01-04 22:47:41,233 - STATE LOG: BEGIN
2025-01-04 22:47:41,233 - Noah's Hand: [5D, 8D, 4C, AS, AH, 5C, 5H]
2025-01-04 22:47:41,233 - Eve's Hand: [3D, 4D, 8H, 8S]
2025-01-04 22:47:41,233 - Boss: Rank: 11 | Suit D | Attack 10 | Health 2
2025-01-04 22:47:41,233 - Tavern: [3C, 4S, TS, 5S, 8C, 2S, TH, 2C, TC, 2H, 9D, 3S, 6C, 6D, 3H, 7D]
2025-01-04 22:47:41,233 - Castle: [KC, KS, KH, KD, QC, QH, QD, QS, JS, JH]
2025-01-04 22:47:41,233 - Discard: [AC, 9H, 7H, 7C, 6H, 2D, AD, 6S, 9S, TD, JC, 4H, 7S]
2025-01-04 22:47:41,233 - Active Player: 1
2025-01-04 22:47:41,233 - STATE LOG: END
2025-01-04 22:47:42,041 - STATE LOG: BEGIN
2025-01-04 22:47:42,041 - Noah's Hand: [AH, AS, 4C, 5D, 8D]
2025-01-04 22:47:42,041 - Eve's Hand: [3D, 4D, 8H, 8S]
2025-01-04 22:47:42,041 - Boss: Rank: 11 | Suit H | Attack 10 | Health 20
2025-01-04 22:47:42,041 - Tavern: [4H, 6S, TD, 2D, 7H, 9S, 7C, AD, JC, AC, 3C, 4S, TS, 5S, 8C, 2S, TH, 2C, TC, 2H, 9D, 3S, 6C, 6D, 3H, 7D]
2025-01-04 22:47:42,041 - Castle: [KC, KS, KH, KD, QC, QH, QD, QS, JS]
2025-01-04 22:47:42,041 - Discard: [6H, 7S, 9H, 5C, 5H, 9C, JD]
2025-01-04 22:47:42,041 - Active Player: 1
2025-01-04 22:47:42,041 - STATE LOG: END
2025-01-04 22:47:42,819 - STATE LOG: BEGIN
2025-01-04 22:47:42,819 - Noah's Hand: [AH, 8D, 7D, 6D]
2025-01-04 22:47:42,819 - Eve's Hand: [3D, 4D, 8H, 8S, 3H, 6C, 9D]
2025-01-04 22:47:42,819 - Boss: Rank: 11 | Suit H | Attack 4 | Health 14
2025-01-04 22:47:42,819 - Tavern: [4H, 6S, TD, 2D, 7H, 9S, 7C, AD, JC, AC, 3C, 4S, TS, 5S, 8C, 2S, TH, 2C, TC, 2H]
2025-01-04 22:47:42,819 - Castle: [KC, KS, KH, KD, QC, QH, QD, QS, JS]
2025-01-04 22:47:42,819 - Discard: [6H, 7S, 9H, 5C, 5H, 9C, JD, 3S, 4C]
2025-01-04 22:47:42,819 - Active Player: 2
2025-01-04 22:47:42,819 - STATE LOG: END
2025-01-04 22:47:43,796 - STATE LOG: BEGIN
2025-01-04 22:47:43,797 - Noah's Hand: [AH, 8D, 7D, 6D]
2025-01-04 22:47:43,797 - Eve's Hand: [3D, 3H, 4D, 6C, 8H, 9D]
2025-01-04 22:47:43,797 - Boss: Rank: 11 | Suit H | Attack 0 | Health 6
2025-01-04 22:47:43,797 - Tavern: [4H, 6S, TD, 2D, 7H, 9S, 7C, AD, JC, AC, 3C, 4S, TS, 5S, 8C, 2S, TH, 2C, TC, 2H]
2025-01-04 22:47:43,797 - Castle: [KC, KS, KH, KD, QC, QH, QD, QS, JS]
2025-01-04 22:47:43,797 - Discard: [6H, 7S, 9H, 5C, 5H, 9C, JD, 3S, 4C]
2025-01-04 22:47:43,797 - Active Player: 1
2025-01-04 22:47:43,797 - STATE LOG: END
2025-01-04 22:47:44,719 - STATE LOG: BEGIN
2025-01-04 22:47:44,719 - Noah's Hand: [6D, 8D, 2H, 2C, TH, 2S, 8C]
2025-01-04 22:47:44,719 - Eve's Hand: [3D, 3H, 4D, 6C, 8H, 9D, TC]
2025-01-04 22:47:44,719 - Boss: Rank: 11 | Suit S | Attack 10 | Health 20
2025-01-04 22:47:44,719 - Tavern: [4H, 6S, TD, 2D, 7H, 9S, 7C, AD, JC, AC, 3C, 4S, TS, 5S]
2025-01-04 22:47:44,719 - Castle: [KC, KS, KH, KD, QC, QH, QD, QS]
2025-01-04 22:47:44,719 - Discard: [6H, 7S, 9H, 5C, 5H, 9C, JD, 3S, 4C, AS, 5D, AH, 7D, 8S, JH]
2025-01-04 22:47:44,719 - Active Player: 1
2025-01-04 22:47:44,719 - STATE LOG: END
2025-01-04 22:47:45,617 - STATE LOG: BEGIN
2025-01-04 22:47:45,617 - Noah's Hand: [2C, 2H, 2S, 6D, 8D]
2025-01-04 22:47:45,617 - Eve's Hand: [3D, 3H, 4D, 6C, 8H, 9D, TC]
2025-01-04 22:47:45,617 - Boss: Rank: 11 | Suit S | Attack 10 | Health 20
2025-01-04 22:47:45,617 - Tavern: [4H, 6S, TD, 2D, 7H, 9S, 7C, AD, JC, AC, 3C, 4S, TS, 5S]
2025-01-04 22:47:45,617 - Castle: [KC, KS, KH, KD, QC, QH, QD, QS]
2025-01-04 22:47:45,617 - Discard: [6H, 7S, 9H, 5C, 5H, 9C, JD, 3S, 4C, AS, 5D, AH, 7D, 8S, JH, 8C, TH]
2025-01-04 22:47:45,617 - Active Player: 2
2025-01-04 22:47:45,617 - STATE LOG: END
2025-01-04 22:47:46,473 - STATE LOG: BEGIN
2025-01-04 22:47:46,473 - Noah's Hand: [2C, 2H, 2S, 6D, 8D, TS, 4S]
2025-01-04 22:47:46,473 - Eve's Hand: [3D, 8H, 9D, TC]
2025-01-04 22:47:46,473 - Boss: Rank: 11 | Suit S | Attack 10 | Health 16
2025-01-04 22:47:46,473 - Tavern: [4H, 6S, TD, 2D, 7H, 9S, 7C, AD, JC, AC, 3C]
2025-01-04 22:47:46,473 - Castle: [KC, KS, KH, KD, QC, QH, QD, QS]
2025-01-04 22:47:46,473 - Discard: [6H, 7S, 9H, 5C, 5H, 9C, JD, 3S, 4C, AS, 5D, AH, 7D, 8S, JH, 8C, TH, 3H, 5S, 6C]
2025-01-04 22:47:46,473 - Active Player: 1
2025-01-04 22:47:46,473 - STATE LOG: END
2025-01-04 22:47:47,253 - STATE LOG: BEGIN
2025-01-04 22:47:47,254 - Noah's Hand: [6D, 8D]
2025-01-04 22:47:47,254 - Eve's Hand: [3D, 8H, 9D, TC]
2025-01-04 22:47:47,254 - Boss: Rank: 11 | Suit S | Attack 10 | Health 4
2025-01-04 22:47:47,254 - Tavern: [7D, JD, 9C, 5S, 5D, 6C, 4H, 6S, TD, 2D, 7H, 9S, 7C, AD, JC, AC, 3C]
2025-01-04 22:47:47,254 - Castle: [KC, KS, KH, KD, QC, QH, QD, QS]
2025-01-04 22:47:47,254 - Discard: [AS, 9H, 5C, JH, 7S, AH, 8S, 3H, 4C, 3S, 8C, 5H, 6H, TH, 4S, TS]
2025-01-04 22:47:47,254 - Active Player: 2
2025-01-04 22:47:47,254 - STATE LOG: END
2025-01-04 22:47:47,793 - STATE LOG: BEGIN
2025-01-04 22:47:47,793 - Noah's Hand: [6D, 8D, AC, AD, 9S, 2D, TD]
2025-01-04 22:47:47,793 - Eve's Hand: [3D, 8H, TC, 3C, JC, 7C, 7H]
2025-01-04 22:47:47,793 - Boss: Rank: 12 | Suit S | Attack 15 | Health 30
2025-01-04 22:47:47,793 - Tavern: [7D, JD, 9C, 5S, 5D, 6C, 4H, 6S]
2025-01-04 22:47:47,793 - Castle: [KC, KS, KH, KD, QC, QH, QD]
2025-01-04 22:47:47,793 - Discard: [AS, 9H, 5C, JH, 7S, AH, 8S, 3H, 4C, 3S, 8C, 5H, 6H, TH, 4S, TS, 2C, 2H, 2S, 4D, 9D, JS]
2025-01-04 22:47:47,793 - Active Player: 2
2025-01-04 22:47:47,793 - STATE LOG: END
2025-01-04 22:47:48,601 - STATE LOG: BEGIN
2025-01-04 22:47:48,601 - Noah's Hand: [6D, 8D, AC, AD, 9S, 2D, TD]
2025-01-04 22:47:48,601 - Eve's Hand: [3D, 7H, TC]
2025-01-04 22:47:48,601 - Boss: Rank: 12 | Suit S | Attack 15 | Health 22
2025-01-04 22:47:48,601 - Tavern: [JH, 5C, 3S, 8C, 6H, AH, TH, 2S, 7D, JD, 9C, 5S, 5D, 6C, 4H, 6S]
2025-01-04 22:47:48,601 - Castle: [KC, KS, KH, KD, QC, QH, QD]
2025-01-04 22:47:48,601 - Discard: [5H, 8S, 9H, 4D, 4S, 4C, 2H, 2C, AS, 3H, TS, JS, 7S, 9D, 3C, JC, 7C]
2025-01-04 22:47:48,601 - Active Player: 1
2025-01-04 22:47:48,601 - STATE LOG: END
2025-01-04 22:47:49,375 - STATE LOG: BEGIN
2025-01-04 22:47:49,375 - Noah's Hand: [AC, 2D, 6D, TD]
2025-01-04 22:47:49,375 - Eve's Hand: [3D, 7H, TC, 4H, 5D, 5S, 9C]
2025-01-04 22:47:49,375 - Boss: Rank: 12 | Suit S | Attack 15 | Health 13
2025-01-04 22:47:49,375 - Tavern: [JH, 5C, 3S, 8C, 6H, AH, TH, 2S, 7D, JD]
2025-01-04 22:47:49,375 - Castle: [KC, KS, KH, KD, QC, QH, QD]
2025-01-04 22:47:49,375 - Discard: [5H, 8S, 9H, 4D, 4S, 4C, 2H, 2C, AS, 3H, TS, JS, 7S, 9D, 3C, JC, 7C, 6C, 6S, 9S]
2025-01-04 22:47:49,375 - Active Player: 2
2025-01-04 22:47:49,375 - STATE LOG: END
2025-01-04 22:47:50,115 - STATE LOG: BEGIN
2025-01-04 22:47:50,115 - Noah's Hand: [AC, 2D, 6D, TD, 7D, 2S, TH]
2025-01-04 22:47:50,115 - Eve's Hand: [3D, 9C, TC, JD]
2025-01-04 22:47:50,115 - Boss: Rank: 12 | Suit S | Attack 15 | Health 8
2025-01-04 22:47:50,115 - Tavern: [JH, 5C, 3S, 8C, 6H, AH]
2025-01-04 22:47:50,115 - Castle: [KC, KS, KH, KD, QC, QH, QD]
2025-01-04 22:47:50,116 - Discard: [5H, 8S, 9H, 4D, 4S, 4C, 2H, 2C, AS, 3H, TS, JS, 7S, 9D, 3C, JC, 7C, 6C, 6S, 9S, 7H, 4H, 5S]
2025-01-04 22:47:50,116 - Active Player: 1
2025-01-04 22:47:50,116 - STATE LOG: END
2025-01-04 22:47:50,791 - STATE LOG: BEGIN
2025-01-04 22:47:50,791 - Noah's Hand: [6D, 7D, TD]
2025-01-04 22:47:50,791 - Eve's Hand: [3D, 9C, TC, JD, 6H]
2025-01-04 22:47:50,791 - Boss: Rank: 12 | Suit S | Attack 15 | Health 2
2025-01-04 22:47:50,791 - Tavern: [JH, 5C, 3S]
2025-01-04 22:47:50,791 - Castle: [KC, KS, KH, KD, QC, QH, QD]
2025-01-04 22:47:50,791 - Discard: [5H, 8S, 9H, 4D, 4S, 4C, 2H, 2C, AS, 3H, TS, JS, 7S, 9D, 3C, JC, 7C, 6C, 6S, 9S, 7H, 4H, 5S, TH, 2S, AH, 8C]
2025-01-04 22:47:50,791 - Active Player: 2
2025-01-04 22:47:50,791 - STATE LOG: END
2025-01-04 22:47:51,073 - STATE LOG: BEGIN
2025-01-04 22:47:51,073 - Noah's Hand: [6D, 7D, TD, 5C]
2025-01-04 22:47:51,073 - Eve's Hand: [3D, 9C, TC, 6H, 3S, JH]
2025-01-04 22:47:51,073 - Boss: Rank: 12 | Suit D | Attack 15 | Health 30
2025-01-04 22:47:51,073 - Tavern: []
2025-01-04 22:47:51,073 - Castle: [KC, KS, KH, KD, QC, QH]
2025-01-04 22:47:51,073 - Discard: [5H, 8S, 9H, 4D, 4S, 4C, 2H, 2C, AS, 3H, TS, JS, 7S, 9D, 3C, JC, 7C, 6C, 6S, 9S, 7H, 4H, 5S, TH, 2S, AH, 8C, AD, 8D, AC, 2D, 8H, 5D, JD, QS]
2025-01-04 22:47:51,073 - Active Player: 2
2025-01-04 22:47:51,073 - STATE LOG: END
2025-01-04 22:47:51,220 - STATE LOG: BEGIN
2025-01-04 22:47:51,220 - Noah's Hand: [6D, 7D, TD, 5C]
2025-01-04 22:47:51,220 - Eve's Hand: [6H, 9C, JH]
2025-01-04 22:47:51,220 - Boss: Rank: 12 | Suit D | Attack 9 | Health 24
2025-01-04 22:47:51,220 - Tavern: []
2025-01-04 22:47:51,220 - Castle: [KC, KS, KH, KD, QC, QH]
2025-01-04 22:47:51,220 - Discard: [5H, 8S, 9H, 4D, 4S, 4C, 2H, 2C, AS, 3H, TS, JS, 7S, 9D, 3C, JC, 7C, 6C, 6S, 9S, 7H, 4H, 5S, TH, 2S, AH, 8C, AD, 8D, AC, 2D, 8H, 5D, JD, QS, TC]
2025-01-04 22:47:51,220 - Active Player: 1
2025-01-04 22:47:51,220 - STATE LOG: END
2025-01-04 22:47:51,326 - STATE LOG: BEGIN
2025-01-04 22:47:51,327 - Noah's Hand: [7D, TD]
2025-01-04 22:47:51,327 - Eve's Hand: [6H, 9C, JH]
2025-01-04 22:47:51,327 - Boss: Rank: 12 | Suit D | Attack 9 | Health 24
2025-01-04 22:47:51,327 - Tavern: []
2025-01-04 22:47:51,327 - Castle: [KC, KS, KH, KD, QC, QH]
2025-01-04 22:47:51,327 - Discard: [5H, 8S, 9H, 4D, 4S, 4C, 2H, 2C, AS, 3H, TS, JS, 7S, 9D, 3C, JC, 7C, 6C, 6S, 9S, 7H, 4H, 5S, TH, 2S, AH, 8C, AD, 8D, AC, 2D, 8H, 5D, JD, QS, TC, 5C, 6D]
2025-01-04 22:47:51,327 - Active Player: 2
2025-01-04 22:47:51,327 - STATE LOG: END
2025-01-04 22:47:51,337 - STATE LOG: BEGIN
2025-01-04 22:47:51,337 - Noah's Hand: [7D, TD]
2025-01-04 22:47:51,337 - Eve's Hand: [6H]
2025-01-04 22:47:51,337 - Boss: Rank: 12 | Suit D | Attack 9 | Health 13
2025-01-04 22:47:51,337 - Tavern: [8H, 7C, JD, 5C, 9D, 8C, 5H, JC, 7H, 4H, 5S]
2025-01-04 22:47:51,337 - Castle: [KC, KS, KH, KD, QC, QH]
2025-01-04 22:47:51,337 - Discard: [4D, 4C, 5D, 6C, 6D, 3H, 8S, 4S, 7S, AS, JS, 9S, 2C, 2S, 6S, 2H, 3C, TC, AH, AC, 8D, AD, 2D, TS, TH, QS, 9H, 9C]
2025-01-04 22:47:51,337 - Active Player: 1
2025-01-04 22:47:51,337 - STATE LOG: END
2025-01-04 22:47:51,342 - STATE LOG: BEGIN
2025-01-04 22:47:51,342 - Noah's Hand: [7D]
2025-01-04 22:47:51,342 - Eve's Hand: [6H]
2025-01-04 22:47:51,342 - Boss: Rank: 12 | Suit D | Attack 9 | Health 13
2025-01-04 22:47:51,342 - Tavern: [8H, 7C, JD, 5C, 9D, 8C, 5H, JC, 7H, 4H, 5S]
2025-01-04 22:47:51,342 - Castle: [KC, KS, KH, KD, QC, QH]
2025-01-04 22:47:51,342 - Discard: [4D, 4C, 5D, 6C, 6D, 3H, 8S, 4S, 7S, AS, JS, 9S, 2C, 2S, 6S, 2H, 3C, TC, AH, AC, 8D, AD, 2D, TS, TH, QS, 9H, 9C, TD]
2025-01-04 22:47:51,342 - Active Player: 2
2025-01-04 22:47:51,342 - STATE LOG: END
2025-01-04 22:47:51,344 - STATE LOG: BEGIN
2025-01-04 22:47:51,344 - Noah's Hand: [7D]
2025-01-04 22:47:51,344 - Eve's Hand: []
2025-01-04 22:47:51,344 - Boss: Rank: 12 | Suit D | Attack 9 | Health 7
2025-01-04 22:47:51,344 - Tavern: [JS, TD, 2D, AD, QS, 8S, 8H, 7C, JD, 5C, 9D, 8C, 5H, JC, 7H, 4H, 5S]
2025-01-04 22:47:51,344 - Castle: [KC, KS, KH, KD, QC, QH]
2025-01-04 22:47:51,344 - Discard: [9S, 9H, 4D, 6D, AH, 3C, TC, 2S, TS, AC, TH, 6C, 7S, 5D, 2H, 6S, 8D, 2C, 9C, 3H, 4C, AS, 4S]
2025-01-04 22:47:51,344 - Active Player: 1
2025-01-04 22:47:51,344 - STATE LOG: END
