2025-01-04 16:02:53,363 - I log states! :D
2025-01-04 16:02:53,363 - STATE LOG: BEGIN
2025-01-04 16:02:53,363 - Noah's Hand: [2H, 4D, 7S, 7H, 9D, 2D, AS]
2025-01-04 16:02:53,363 - Eve's Hand: [4S, AH, 3D, 5S, 6C, 8S, 6D]
2025-01-04 16:02:53,363 - Boss: Rank: 11 | Suit S | Attack 10 | Health 20
2025-01-04 16:02:53,363 - Tavern: [8C, AC, TH, 8D, 9C, 6H, AD, TC, 4H, 8H, 5H, 2C, 3H, 3S, 9S, 4C, 6S, 3C, 9H, 5C, TS, 2S, TD, 5D, 7C, 7D]
2025-01-04 16:02:53,363 - Castle: [KD, KS, KC, KH, QD, QC, QS, QH, JC, JH, JD]
2025-01-04 16:02:53,363 - Discard: []
2025-01-04 16:02:53,363 - Active Player: 1
2025-01-04 16:02:53,363 - STATE LOG: END
2025-01-04 16:02:54,012 - STATE LOG: BEGIN
2025-01-04 16:02:54,013 - Noah's Hand: [AS, 2D, 2H, 7H, 7S]
2025-01-04 16:02:54,013 - Eve's Hand: [4S, AH, 3D, 5S, 6C, 8S, 6D]
2025-01-04 16:02:54,013 - Boss: Rank: 11 | Suit S | Attack 10 | Health 16
2025-01-04 16:02:54,013 - Tavern: [8C, AC, TH, 8D, 9C, 6H, AD, TC, 4H, 8H, 5H, 2C, 3H, 3S, 9S, 4C, 6S, 3C, 9H, 5C, TS, 2S, TD, 5D, 7C]
2025-01-04 16:02:54,013 - Castle: [KD, KS, KC, KH, QD, QC, QS, QH, JC, JH, JD]
2025-01-04 16:02:54,013 - Discard: [7D, 9D]
2025-01-04 16:02:54,013 - Active Player: 2
2025-01-04 16:02:54,013 - STATE LOG: END
2025-01-04 16:02:54,576 - STATE LOG: BEGIN
2025-01-04 16:02:54,576 - Noah's Hand: [AS, 2D, 2H, 7H, 7S, 5D, 2S]
2025-01-04 16:02:54,576 - Eve's Hand: [3D, 4S, 5S, 6C, 8S, 7C]
2025-01-04 16:02:54,576 - Boss: Rank: 11 | Suit S | Attack 10 | Health 9
2025-01-04 16:02:54,576 - Tavern: [9D, 7D, 8C, AC, TH, 8D, 9C, 6H, AD, TC, 4H, 8H, 5H, 2C, 3H, 3S, 9S, 4C, 6S, 3C, 9H, 5C, TS]
2025-01-04 16:02:54,576 - Castle: [KD, KS, KC, KH, QD, QC, QS, QH, JC, JH, JD]
2025-01-04 16:02:54,576 - Discard: [TD]
2025-01-04 16:02:54,576 - Active Player: 1
2025-01-04 16:02:54,576 - STATE LOG: END
2025-01-04 16:02:55,148 - STATE LOG: BEGIN
2025-01-04 16:02:55,148 - Noah's Hand: [AS, 2D, 2H, 2S, 5D]
2025-01-04 16:02:55,148 - Eve's Hand: [3D, 4S, 5S, 6C, 8S, 7C]
2025-01-04 16:02:55,148 - Boss: Rank: 11 | Suit S | Attack 10 | Health 9
2025-01-04 16:02:55,148 - Tavern: [9D, 7D, 8C, AC, TH, 8D, 9C, 6H, AD, TC, 4H, 8H, 5H, 2C, 3H, 3S, 9S, 4C, 6S, 3C, 9H, 5C, TS]
2025-01-04 16:02:55,148 - Castle: [KD, KS, KC, KH, QD, QC, QS, QH, JC, JH, JD]
2025-01-04 16:02:55,148 - Discard: [TD, 7S, 7H]
2025-01-04 16:02:55,148 - Active Player: 2
2025-01-04 16:02:55,148 - STATE LOG: END
2025-01-04 16:02:55,669 - STATE LOG: BEGIN
2025-01-04 16:02:55,669 - Noah's Hand: [AS, 2D, 2H, 2S, 5D]
2025-01-04 16:02:55,669 - Eve's Hand: [3D, 5S, 6C]
2025-01-04 16:02:55,669 - Boss: Rank: 11 | Suit S | Attack 10 | Health 5
2025-01-04 16:02:55,669 - Tavern: [9D, 7D, 8C, AC, TH, 8D, 9C, 6H, AD, TC, 4H, 8H, 5H, 2C, 3H, 3S, 9S, 4C, 6S, 3C, 9H, 5C, TS]
2025-01-04 16:02:55,669 - Castle: [KD, KS, KC, KH, QD, QC, QS, QH, JC, JH, JD]
2025-01-04 16:02:55,669 - Discard: [TD, 7S, 7H, 8S, 7C]
2025-01-04 16:02:55,669 - Active Player: 1
2025-01-04 16:02:55,669 - STATE LOG: END
2025-01-04 16:02:55,850 - STATE LOG: BEGIN
2025-01-04 16:02:55,850 - Noah's Hand: [2D, 2H, 2S, TS, 9H, 6S]
2025-01-04 16:02:55,850 - Eve's Hand: [3D, 5S, 6C, 5C, 3C, 4C]
2025-01-04 16:02:55,850 - Boss: Rank: 11 | Suit D | Attack 10 | Health 20
2025-01-04 16:02:55,850 - Tavern: [9D, 7D, 8C, AC, TH, 8D, 9C, 6H, AD, TC, 4H, 8H, 5H, 2C, 3H, 3S, 9S]
2025-01-04 16:02:55,850 - Castle: [KD, KS, KC, KH, QD, QC, QS, QH, JC, JH]
2025-01-04 16:02:55,850 - Discard: [TD, 7S, 7H, 8S, 7C, 4D, AS, 5D, AH, 6D, 4S, JS]
2025-01-04 16:02:55,850 - Active Player: 1
2025-01-04 16:02:55,850 - STATE LOG: END
2025-01-04 16:02:56,680 - STATE LOG: BEGIN
2025-01-04 16:02:56,680 - Noah's Hand: [2D, 2H, 2S, 6S, 9H]
2025-01-04 16:02:56,680 - Eve's Hand: [3D, 5S, 6C, 5C, 3C, 4C]
2025-01-04 16:02:56,680 - Boss: Rank: 11 | Suit D | Attack 0 | Health 10
2025-01-04 16:02:56,680 - Tavern: [9D, 7D, 8C, AC, TH, 8D, 9C, 6H, AD, TC, 4H, 8H, 5H, 2C, 3H, 3S, 9S]
2025-01-04 16:02:56,680 - Castle: [KD, KS, KC, KH, QD, QC, QS, QH, JC, JH]
2025-01-04 16:02:56,680 - Discard: [TD, 7S, 7H, 8S, 7C, 4D, AS, 5D, AH, 6D, 4S, JS]
2025-01-04 16:02:56,680 - Active Player: 2
2025-01-04 16:02:56,680 - STATE LOG: END
2025-01-04 16:02:57,637 - STATE LOG: BEGIN
2025-01-04 16:02:57,637 - Noah's Hand: [2D, 2H, 2S, 6S, 9H]
2025-01-04 16:02:57,637 - Eve's Hand: [3C, 3D, 4C, 5C, 5S, 6C]
2025-01-04 16:02:57,637 - Boss: Rank: 11 | Suit D | Attack 0 | Health 10
2025-01-04 16:02:57,637 - Tavern: [9D, 7D, 8C, AC, TH, 8D, 9C, 6H, AD, TC, 4H, 8H, 5H, 2C, 3H, 3S, 9S]
2025-01-04 16:02:57,637 - Castle: [KD, KS, KC, KH, QD, QC, QS, QH, JC, JH]
2025-01-04 16:02:57,637 - Discard: [TD, 7S, 7H, 8S, 7C, 4D, AS, 5D, AH, 6D, 4S, JS]
2025-01-04 16:02:57,637 - Active Player: 1
2025-01-04 16:02:57,637 - STATE LOG: END
2025-01-04 16:02:58,260 - STATE LOG: BEGIN
2025-01-04 16:02:58,260 - Noah's Hand: [2D, 2S, 6S, 9H]
2025-01-04 16:02:58,260 - Eve's Hand: [3C, 3D, 4C, 5C, 5S, 6C]
2025-01-04 16:02:58,260 - Boss: Rank: 11 | Suit D | Attack 0 | Health 8
2025-01-04 16:02:58,260 - Tavern: [8S, 4S, 9D, 7D, 8C, AC, TH, 8D, 9C, 6H, AD, TC, 4H, 8H, 5H, 2C, 3H, 3S, 9S]
2025-01-04 16:02:58,260 - Castle: [KD, KS, KC, KH, QD, QC, QS, QH, JC, JH]
2025-01-04 16:02:58,260 - Discard: [7H, JS, TD, AH, AS, 6D, 5D, 7S, 7C, 4D]
2025-01-04 16:02:58,260 - Active Player: 2
2025-01-04 16:02:58,260 - STATE LOG: END
2025-01-04 16:02:58,789 - STATE LOG: BEGIN
2025-01-04 16:02:58,789 - Noah's Hand: [2D, 2S, 6S, 9H]
2025-01-04 16:02:58,789 - Eve's Hand: [3C, 3D, 5C, 5S, 6C]
2025-01-04 16:02:58,789 - Boss: Rank: 11 | Suit H | Attack 10 | Health 20
2025-01-04 16:02:58,789 - Tavern: [8S, 4S, 9D, 7D, 8C, AC, TH, 8D, 9C, 6H, AD, TC, 4H, 8H, 5H, 2C, 3H, 3S, 9S]
2025-01-04 16:02:58,789 - Castle: [KD, KS, KC, KH, QD, QC, QS, QH, JC]
2025-01-04 16:02:58,789 - Discard: [7H, JS, TD, AH, AS, 6D, 5D, 7S, 7C, 4D, TS, 2H, 4C]
2025-01-04 16:02:58,789 - Active Player: 2
2025-01-04 16:02:58,789 - STATE LOG: END
2025-01-04 16:02:59,334 - STATE LOG: BEGIN
2025-01-04 16:02:59,334 - Noah's Hand: [2D, 2S, 6S, 9H]
2025-01-04 16:02:59,334 - Eve's Hand: [3C, 3D, 5C]
2025-01-04 16:02:59,334 - Boss: Rank: 11 | Suit H | Attack 5 | Health 15
2025-01-04 16:02:59,334 - Tavern: [8S, 4S, 9D, 7D, 8C, AC, TH, 8D, 9C, 6H, AD, TC, 4H, 8H, 5H, 2C, 3H, 3S, 9S]
2025-01-04 16:02:59,334 - Castle: [KD, KS, KC, KH, QD, QC, QS, QH, JC]
2025-01-04 16:02:59,334 - Discard: [7H, JS, TD, AH, AS, 6D, 5D, 7S, 7C, 4D, TS, 2H, 4C, 6C]
2025-01-04 16:02:59,334 - Active Player: 1
2025-01-04 16:02:59,334 - STATE LOG: END
2025-01-04 16:02:59,915 - STATE LOG: BEGIN
2025-01-04 16:02:59,915 - Noah's Hand: [6S, 9H, JD]
2025-01-04 16:02:59,915 - Eve's Hand: [3C, 3D, 5C, 9S, 3H]
2025-01-04 16:02:59,915 - Boss: Rank: 11 | Suit H | Attack 1 | Health 11
2025-01-04 16:02:59,915 - Tavern: [8S, 4S, 9D, 7D, 8C, AC, TH, 8D, 9C, 6H, AD, TC, 4H, 8H, 5H, 2C]
2025-01-04 16:02:59,915 - Castle: [KD, KS, KC, KH, QD, QC, QS, QH, JC]
2025-01-04 16:02:59,915 - Discard: [7H, JS, TD, AH, AS, 6D, 5D, 7S, 7C, 4D, TS, 2H, 4C, 6C, 3S]
2025-01-04 16:02:59,915 - Active Player: 2
2025-01-04 16:02:59,915 - STATE LOG: END
2025-01-04 16:03:00,667 - STATE LOG: BEGIN
2025-01-04 16:03:00,667 - Noah's Hand: [6S, 9H, JD, 5H, 4H, AD, 9C]
2025-01-04 16:03:00,667 - Eve's Hand: [5C, 9S, 2C, 8H, TC, 6H, 8D]
2025-01-04 16:03:00,667 - Boss: Rank: 11 | Suit C | Attack 10 | Health 20
2025-01-04 16:03:00,667 - Tavern: [8S, 4S, 9D, 7D, 8C, AC, TH]
2025-01-04 16:03:00,667 - Castle: [KD, KS, KC, KH, QD, QC, QS, QH]
2025-01-04 16:03:00,667 - Discard: [7H, JS, TD, AH, AS, 6D, 5D, 7S, 7C, 4D, TS, 2H, 4C, 6C, 3S, 2D, 2S, 5S, 3C, 3D, 3H, JH]
2025-01-04 16:03:00,667 - Active Player: 2
2025-01-04 16:03:00,667 - STATE LOG: END
2025-01-04 16:03:01,426 - STATE LOG: BEGIN
2025-01-04 16:03:01,426 - Noah's Hand: [6S, 9H, JD, 5H, 4H, AD, 9C]
2025-01-04 16:03:01,426 - Eve's Hand: [2C, 5C, 6H, 8D, 8H, 9S]
2025-01-04 16:03:01,426 - Boss: Rank: 11 | Suit C | Attack 10 | Health 20
2025-01-04 16:03:01,426 - Tavern: [8S, 4S, 9D, 7D, 8C, AC, TH]
2025-01-04 16:03:01,426 - Castle: [KD, KS, KC, KH, QD, QC, QS, QH]
2025-01-04 16:03:01,427 - Discard: [7H, JS, TD, AH, AS, 6D, 5D, 7S, 7C, 4D, TS, 2H, 4C, 6C, 3S, 2D, 2S, 5S, 3C, 3D, 3H, JH, TC]
2025-01-04 16:03:01,427 - Active Player: 1
2025-01-04 16:03:01,427 - STATE LOG: END
2025-01-04 16:03:02,133 - STATE LOG: BEGIN
2025-01-04 16:03:02,133 - Noah's Hand: [AD, 4H, 6S, 9C, 9H]
2025-01-04 16:03:02,133 - Eve's Hand: [2C, 5C, 6H, 8D, 8H, 9S]
2025-01-04 16:03:02,133 - Boss: Rank: 11 | Suit C | Attack 10 | Health 15
2025-01-04 16:03:02,133 - Tavern: [6D, 4D, 3H, 7S, 5D, 8S, 4S, 9D, 7D, 8C, AC, TH]
2025-01-04 16:03:02,133 - Castle: [KD, KS, KC, KH, QD, QC, QS, QH]
2025-01-04 16:03:02,133 - Discard: [2D, 2H, 3S, JH, 7C, AH, 3C, TD, 2S, 6C, 4C, TC, TS, 5S, 7H, AS, 3D, JS, JD]
2025-01-04 16:03:02,133 - Active Player: 2
2025-01-04 16:03:02,133 - STATE LOG: END
2025-01-04 16:03:02,850 - STATE LOG: BEGIN
2025-01-04 16:03:02,850 - Noah's Hand: [AD, 4H, 6S, 9C, 9H]
2025-01-04 16:03:02,850 - Eve's Hand: [2C, 5C, 6H, 8D]
2025-01-04 16:03:02,850 - Boss: Rank: 11 | Suit C | Attack 10 | Health 15
2025-01-04 16:03:02,850 - Tavern: [6D, 4D, 3H, 7S, 5D, 8S, 4S, 9D, 7D, 8C, AC, TH]
2025-01-04 16:03:02,850 - Castle: [KD, KS, KC, KH, QD, QC, QS, QH]
2025-01-04 16:03:02,850 - Discard: [2D, 2H, 3S, JH, 7C, AH, 3C, TD, 2S, 6C, 4C, TC, TS, 5S, 7H, AS, 3D, JS, JD, 9S, 8H]
2025-01-04 16:03:02,850 - Active Player: 1
2025-01-04 16:03:02,850 - STATE LOG: END
2025-01-04 16:03:03,542 - STATE LOG: BEGIN
2025-01-04 16:03:03,542 - Noah's Hand: [6S, 9C, 9H, TH]
2025-01-04 16:03:03,542 - Eve's Hand: [2C, 5C, 6H, 8D, AC, 7D]
2025-01-04 16:03:03,542 - Boss: Rank: 11 | Suit C | Attack 10 | Health 10
2025-01-04 16:03:03,543 - Tavern: [8H, 7C, 2D, 4C, JD, 6D, 4D, 3H, 7S, 5D, 8S, 4S]
2025-01-04 16:03:03,543 - Castle: [KD, KS, KC, KH, QD, QC, QS, QH]
2025-01-04 16:03:03,543 - Discard: [6C, TS, 5S, 9S, 7H, TC, JH, 2H, AS, AH, 2S, 3D, TD, JS, 3S, 3C, 9D, 8C]
2025-01-04 16:03:03,543 - Active Player: 2
2025-01-04 16:03:03,543 - STATE LOG: END
2025-01-04 16:03:04,073 - STATE LOG: BEGIN
2025-01-04 16:03:04,073 - Noah's Hand: [6S, 9C, 9H, TH, 8S, 7S, 4D]
2025-01-04 16:03:04,073 - Eve's Hand: [2C, 5C, 6H, 8D]
2025-01-04 16:03:04,073 - Boss: Rank: 11 | Suit C | Attack 10 | Health 2
2025-01-04 16:03:04,073 - Tavern: [8H, 7C, 2D, 4C, JD, 6D]
2025-01-04 16:03:04,073 - Castle: [KD, KS, KC, KH, QD, QC, QS, QH]
2025-01-04 16:03:04,073 - Discard: [6C, TS, 5S, 9S, 7H, TC, JH, 2H, AS, AH, 2S, 3D, TD, JS, 3S, 3C, 9D, 8C, 3H, 5D, 4S]
2025-01-04 16:03:04,073 - Active Player: 1
2025-01-04 16:03:04,073 - STATE LOG: END
2025-01-04 16:03:04,706 - STATE LOG: BEGIN
2025-01-04 16:03:04,707 - Noah's Hand: [6S, 7S, 8S, 9C, 9H, TH, 6D]
2025-01-04 16:03:04,707 - Eve's Hand: [2C, 5C, 6H, 8D, JD, 4C, 2D]
2025-01-04 16:03:04,707 - Boss: Rank: 12 | Suit H | Attack 15 | Health 30
2025-01-04 16:03:04,707 - Tavern: [8H, 7C]
2025-01-04 16:03:04,707 - Castle: [KD, KS, KC, KH, QD, QC, QS]
2025-01-04 16:03:04,707 - Discard: [6C, TS, 5S, 9S, 7H, TC, JH, 2H, AS, AH, 2S, 3D, TD, JS, 3S, 3C, 9D, 8C, 3H, 5D, 4S, 5H, AD, 4H, 4D, AC, 7D, JC]
2025-01-04 16:03:04,707 - Active Player: 1
2025-01-04 16:03:04,707 - STATE LOG: END
2025-01-04 16:03:05,387 - STATE LOG: BEGIN
2025-01-04 16:03:05,387 - Noah's Hand: [6D, 6S, 7S, 9C, 9H]
2025-01-04 16:03:05,387 - Eve's Hand: [2C, 5C, 6H, 8D, JD, 4C, 2D]
2025-01-04 16:03:05,387 - Boss: Rank: 12 | Suit H | Attack 7 | Health 22
2025-01-04 16:03:05,387 - Tavern: [8H, 7C]
2025-01-04 16:03:05,387 - Castle: [KD, KS, KC, KH, QD, QC, QS]
2025-01-04 16:03:05,387 - Discard: [6C, TS, 5S, 9S, 7H, TC, JH, 2H, AS, AH, 2S, 3D, TD, JS, 3S, 3C, 9D, 8C, 3H, 5D, 4S, 5H, AD, 4H, 4D, AC, 7D, JC, TH]
2025-01-04 16:03:05,387 - Active Player: 2
2025-01-04 16:03:05,387 - STATE LOG: END
2025-01-04 16:03:06,181 - STATE LOG: BEGIN
2025-01-04 16:03:06,181 - Noah's Hand: [6D, 6S, 7S, 9C, 9H, 8H]
2025-01-04 16:03:06,181 - Eve's Hand: [2C, 4C, 5C, 6H, 8D, JD]
2025-01-04 16:03:06,181 - Boss: Rank: 12 | Suit H | Attack 7 | Health 20
2025-01-04 16:03:06,182 - Tavern: []
2025-01-04 16:03:06,182 - Castle: [KD, KS, KC, KH, QD, QC, QS]
2025-01-04 16:03:06,182 - Discard: [6C, TS, 5S, 9S, 7H, TC, JH, 2H, AS, AH, 2S, 3D, TD, JS, 3S, 3C, 9D, 8C, 3H, 5D, 4S, 5H, AD, 4H, 4D, AC, 7D, JC, TH, 7C]
2025-01-04 16:03:06,182 - Active Player: 1
2025-01-04 16:03:06,182 - STATE LOG: END
2025-01-04 16:03:07,075 - STATE LOG: BEGIN
2025-01-04 16:03:07,076 - Noah's Hand: [6D, 6S, 7S, 8H, 9C]
2025-01-04 16:03:07,076 - Eve's Hand: [2C, 4C, 5C, 6H, 8D, JD]
2025-01-04 16:03:07,076 - Boss: Rank: 12 | Suit H | Attack 7 | Health 20
2025-01-04 16:03:07,076 - Tavern: []
2025-01-04 16:03:07,076 - Castle: [KD, KS, KC, KH, QD, QC, QS]
2025-01-04 16:03:07,076 - Discard: [6C, TS, 5S, 9S, 7H, TC, JH, 2H, AS, AH, 2S, 3D, TD, JS, 3S, 3C, 9D, 8C, 3H, 5D, 4S, 5H, AD, 4H, 4D, AC, 7D, JC, TH, 7C, 9H]
2025-01-04 16:03:07,076 - Active Player: 2
2025-01-04 16:03:07,076 - STATE LOG: END
2025-01-04 16:03:07,818 - STATE LOG: BEGIN
2025-01-04 16:03:07,818 - Noah's Hand: [6D, 6S, 7S, 8H, 9C]
2025-01-04 16:03:07,818 - Eve's Hand: [4C, 5C, 6H, 8D]
2025-01-04 16:03:07,818 - Boss: Rank: 12 | Suit H | Attack 7 | Health 16
2025-01-04 16:03:07,818 - Tavern: []
2025-01-04 16:03:07,818 - Castle: [KD, KS, KC, KH, QD, QC, QS]
2025-01-04 16:03:07,818 - Discard: [6C, TS, 5S, 9S, 7H, TC, JH, 2H, AS, AH, 2S, 3D, TD, JS, 3S, 3C, 9D, 8C, 3H, 5D, 4S, 5H, AD, 4H, 4D, AC, 7D, JC, TH, 7C, 9H, JD]
2025-01-04 16:03:07,818 - Active Player: 1
2025-01-04 16:03:07,818 - STATE LOG: END
2025-01-04 16:03:08,166 - STATE LOG: BEGIN
2025-01-04 16:03:08,166 - Noah's Hand: [6D, 6S, 7S, 8H]
2025-01-04 16:03:08,166 - Eve's Hand: [4C, 5C, 6H, 8D]
2025-01-04 16:03:08,166 - Boss: Rank: 12 | Suit H | Attack 7 | Health 16
2025-01-04 16:03:08,166 - Tavern: []
2025-01-04 16:03:08,166 - Castle: [KD, KS, KC, KH, QD, QC, QS]
2025-01-04 16:03:08,166 - Discard: [6C, TS, 5S, 9S, 7H, TC, JH, 2H, AS, AH, 2S, 3D, TD, JS, 3S, 3C, 9D, 8C, 3H, 5D, 4S, 5H, AD, 4H, 4D, AC, 7D, JC, TH, 7C, 9H, JD, 9C]
2025-01-04 16:03:08,166 - Active Player: 2
2025-01-04 16:03:08,166 - STATE LOG: END
2025-01-04 16:03:08,316 - STATE LOG: BEGIN
2025-01-04 16:03:08,316 - Noah's Hand: [6D, 6S, 7S, 8H]
2025-01-04 16:03:08,316 - Eve's Hand: [4C]
2025-01-04 16:03:08,316 - Boss: Rank: 12 | Suit H | Attack 7 | Health 8
2025-01-04 16:03:08,316 - Tavern: []
2025-01-04 16:03:08,316 - Castle: [KD, KS, KC, KH, QD, QC, QS]
2025-01-04 16:03:08,316 - Discard: [6C, TS, 5S, 9S, 7H, TC, JH, 2H, AS, AH, 2S, 3D, TD, JS, 3S, 3C, 9D, 8C, 3H, 5D, 4S, 5H, AD, 4H, 4D, AC, 7D, JC, TH, 7C, 9H, JD, 9C, 6H, 5C]
2025-01-04 16:03:08,316 - Active Player: 1
2025-01-04 16:03:08,316 - STATE LOG: END
2025-01-04 16:03:08,351 - STATE LOG: BEGIN
2025-01-04 16:03:08,351 - Noah's Hand: [6D, 6S, 7S]
2025-01-04 16:03:08,351 - Eve's Hand: [4C]
2025-01-04 16:03:08,351 - Boss: Rank: 12 | Suit H | Attack 7 | Health 8
2025-01-04 16:03:08,351 - Tavern: []
2025-01-04 16:03:08,351 - Castle: [KD, KS, KC, KH, QD, QC, QS]
2025-01-04 16:03:08,351 - Discard: [6C, TS, 5S, 9S, 7H, TC, JH, 2H, AS, AH, 2S, 3D, TD, JS, 3S, 3C, 9D, 8C, 3H, 5D, 4S, 5H, AD, 4H, 4D, AC, 7D, JC, TH, 7C, 9H, JD, 9C, 6H, 5C, 8H]
2025-01-04 16:03:08,351 - Active Player: 2
2025-01-04 16:03:08,351 - STATE LOG: END
2025-01-04 16:03:08,354 - STATE LOG: BEGIN
2025-01-04 16:03:08,354 - Noah's Hand: [6D, 6S, 7S]
2025-01-04 16:03:08,354 - Eve's Hand: []
2025-01-04 16:03:08,354 - Boss: Rank: 12 | Suit S | Attack 15 | Health 30
2025-01-04 16:03:08,354 - Tavern: []
2025-01-04 16:03:08,354 - Castle: [KD, KS, KC, KH, QD, QC]
2025-01-04 16:03:08,354 - Discard: [6C, TS, 5S, 9S, 7H, TC, JH, 2H, AS, AH, 2S, 3D, TD, JS, 3S, 3C, 9D, 8C, 3H, 5D, 4S, 5H, AD, 4H, 4D, AC, 7D, JC, TH, 7C, 9H, JD, 9C, 6H, 5C, 8H, 8S, 2D, 2C, 8D, 4C]
2025-01-04 16:03:08,354 - Active Player: 2
2025-01-04 16:03:08,354 - STATE LOG: END
2025-01-04 16:03:08,355 - STATE LOG: BEGIN
2025-01-04 16:03:08,355 - Noah's Hand: [6D, 6S, 7S]
2025-01-04 16:03:08,355 - Eve's Hand: []
2025-01-04 16:03:08,355 - Boss: Rank: 12 | Suit S | Attack 15 | Health 30
2025-01-04 16:03:08,355 - Tavern: []
2025-01-04 16:03:08,355 - Castle: [KD, KS, KC, KH, QD, QC]
2025-01-04 16:03:08,355 - Discard: [6C, TS, 5S, 9S, 7H, TC, JH, 2H, AS, AH, 2S, 3D, TD, JS, 3S, 3C, 9D, 8C, 3H, 5D, 4S, 5H, AD, 4H, 4D, AC, 7D, JC, TH, 7C, 9H, JD, 9C, 6H, 5C, 8H, 8S, 2D, 2C, 8D, 4C]
2025-01-04 16:03:08,355 - Active Player: 1
2025-01-04 16:03:08,355 - STATE LOG: END
