2025-01-04 22:18:36,769 - I log states! :D
2025-01-04 22:18:36,769 - STATE LOG: BEGIN
2025-01-04 22:18:36,769 - Noah's Hand: [AS, TC, 8C, 7S, TD, 4C, 9S]
2025-01-04 22:18:36,769 - Eve's Hand: [4D, 3C, 5H, 6H, AD, 3D, TS]
2025-01-04 22:18:36,769 - Boss: Rank: 11 | Suit S | Attack 10 | Health 20
2025-01-04 22:18:36,769 - Tavern: [2S, 8S, 5S, AH, 9D, 7D, 3S, 5C, 6D, 2C, AC, 4S, 6S, 3H, 2D, 6C, 9H, 5D, TH, 9C, 8H, 2H, 7H, 4H, 7C, 8D]
2025-01-04 22:18:36,769 - Castle: [KH, KD, KS, KC, QD, QC, QH, QS, JC, JH, JD]
2025-01-04 22:18:36,769 - Discard: []
2025-01-04 22:18:36,769 - Active Player: 1
2025-01-04 22:18:36,769 - STATE LOG: END
2025-01-04 22:18:46,776 - STATE LOG: BEGIN
2025-01-04 22:18:46,776 - Noah's Hand: [AS, 9S, TC, TD]
2025-01-04 22:18:46,776 - Eve's Hand: [4D, 3C, 5H, 6H, AD, 3D, TS]
2025-01-04 22:18:46,776 - Boss: Rank: 11 | Suit S | Attack 10 | Health 13
2025-01-04 22:18:46,776 - Tavern: [2S, 8S, 5S, AH, 9D, 7D, 3S, 5C, 6D, 2C, AC, 4S, 6S, 3H, 2D, 6C, 9H, 5D, TH, 9C, 8H, 2H, 7H, 4H, 7C, 8D]
2025-01-04 22:18:46,776 - Castle: [KH, KD, KS, KC, QD, QC, QH, QS, JC, JH, JD]
2025-01-04 22:18:46,776 - Discard: [4C, 8C]
2025-01-04 22:18:46,776 - Active Player: 2
2025-01-04 22:18:46,776 - STATE LOG: END
2025-01-04 22:18:56,777 - STATE LOG: BEGIN
2025-01-04 22:18:56,778 - Noah's Hand: [AS, 9S, TC, TD, 7C, 7H, 2H]
2025-01-04 22:18:56,778 - Eve's Hand: [3D, 4D, TS, 8D]
2025-01-04 22:18:56,778 - Boss: Rank: 11 | Suit S | Attack 10 | Health 7
2025-01-04 22:18:56,778 - Tavern: [4C, 8C, 2S, 8S, 5S, AH, 9D, 7D, 3S, 5C, 6D, 2C, AC, 4S, 6S, 3H, 2D, 6C, 9H, 5D, TH, 9C, 8H]
2025-01-04 22:18:56,778 - Castle: [KH, KD, KS, KC, QD, QC, QH, QS, JC, JH, JD]
2025-01-04 22:18:56,778 - Discard: [3C, 4H, 6H]
2025-01-04 22:18:56,778 - Active Player: 1
2025-01-04 22:18:56,778 - STATE LOG: END
2025-01-04 22:19:03,591 - STATE LOG: BEGIN
2025-01-04 22:19:03,591 - Noah's Hand: [2H, 7C, 9S, TD]
2025-01-04 22:19:03,591 - Eve's Hand: [3D, 4D, TS, 8D]
2025-01-04 22:19:03,591 - Boss: Rank: 11 | Suit S | Attack 10 | Health 7
2025-01-04 22:19:03,591 - Tavern: [4C, 8C, 2S, 8S, 5S, AH, 9D, 7D, 3S, 5C, 6D, 2C, AC, 4S, 6S, 3H, 2D, 6C, 9H, 5D, TH, 9C, 8H]
2025-01-04 22:19:03,592 - Castle: [KH, KD, KS, KC, QD, QC, QH, QS, JC, JH, JD]
2025-01-04 22:19:03,592 - Discard: [3C, 4H, 6H, AS, 7H, TC]
2025-01-04 22:19:03,592 - Active Player: 2
2025-01-04 22:19:03,592 - STATE LOG: END
2025-01-04 22:19:06,655 - STATE LOG: BEGIN
2025-01-04 22:19:06,655 - Noah's Hand: [2H, 7C, 9S, TD, 9C, 5D, 6C]
2025-01-04 22:19:06,655 - Eve's Hand: [3D, 4D, TS, 8H, TH, 9H, 2D]
2025-01-04 22:19:06,655 - Boss: Rank: 11 | Suit D | Attack 10 | Health 20
2025-01-04 22:19:06,655 - Tavern: [4C, 8C, 2S, 8S, 5S, AH, 9D, 7D, 3S, 5C, 6D, 2C, AC, 4S, 6S, 3H]
2025-01-04 22:19:06,655 - Castle: [KH, KD, KS, KC, QD, QC, QH, QS, JC, JH]
2025-01-04 22:19:06,655 - Discard: [3C, 4H, 6H, AS, 7H, TC, 7S, AD, 5H, 8D, JS]
2025-01-04 22:19:06,655 - Active Player: 2
2025-01-04 22:19:06,655 - STATE LOG: END
2025-01-04 22:19:16,656 - STATE LOG: BEGIN
2025-01-04 22:19:16,656 - Noah's Hand: [2H, 7C, 9S, TD, 9C, 5D, 6C]
2025-01-04 22:19:16,656 - Eve's Hand: [2D, 3D, 4D, 8H, 9H, TH]
2025-01-04 22:19:16,656 - Boss: Rank: 11 | Suit D | Attack 0 | Health 10
2025-01-04 22:19:16,656 - Tavern: [4C, 8C, 2S, 8S, 5S, AH, 9D, 7D, 3S, 5C, 6D, 2C, AC, 4S, 6S, 3H]
2025-01-04 22:19:16,656 - Castle: [KH, KD, KS, KC, QD, QC, QH, QS, JC, JH]
2025-01-04 22:19:16,656 - Discard: [3C, 4H, 6H, AS, 7H, TC, 7S, AD, 5H, 8D, JS]
2025-01-04 22:19:16,656 - Active Player: 1
2025-01-04 22:19:16,656 - STATE LOG: END
2025-01-04 22:19:26,763 - STATE LOG: BEGIN
2025-01-04 22:19:26,763 - Noah's Hand: [2H, 5D, 6C, 7C, 9C, 9S, TD]
2025-01-04 22:19:26,764 - Eve's Hand: [2D, 3D, 4D, 8H, 9H, TH]
2025-01-04 22:19:26,764 - Boss: Rank: 11 | Suit D | Attack 0 | Health 10
2025-01-04 22:19:26,764 - Tavern: [4C, 8C, 2S, 8S, 5S, AH, 9D, 7D, 3S, 5C, 6D, 2C, AC, 4S, 6S, 3H]
2025-01-04 22:19:26,764 - Castle: [KH, KD, KS, KC, QD, QC, QH, QS, JC, JH]
2025-01-04 22:19:26,764 - Discard: [3C, 4H, 6H, AS, 7H, TC, 7S, AD, 5H, 8D, JS]
2025-01-04 22:19:26,764 - Active Player: 2
2025-01-04 22:19:26,764 - STATE LOG: END
2025-01-04 22:19:36,765 - STATE LOG: BEGIN
2025-01-04 22:19:36,766 - Noah's Hand: [2H, 5D, 6C, 7C, 9C, 9S, TD]
2025-01-04 22:19:36,766 - Eve's Hand: [2D, 3D, 4D, 8H, 9H]
2025-01-04 22:19:36,766 - Boss: Rank: 11 | Suit H | Attack 10 | Health 20
2025-01-04 22:19:36,766 - Tavern: [TC, 6H, 3C, 4H, 5H, JS, 7H, 8D, 7S, AS, 4C, 8C, 2S, 8S, 5S, AH, 9D, 7D, 3S, 5C, 6D, 2C, AC, 4S, 6S, 3H]
2025-01-04 22:19:36,766 - Castle: [KH, KD, KS, KC, QD, QC, QH, QS, JC]
2025-01-04 22:19:36,766 - Discard: [AD, TS, TH]
2025-01-04 22:19:36,766 - Active Player: 2
2025-01-04 22:19:36,766 - STATE LOG: END
2025-01-04 22:19:43,669 - STATE LOG: BEGIN
2025-01-04 22:19:43,670 - Noah's Hand: [2H, 5D, 6C, 7C, 9C, 9S, TD]
2025-01-04 22:19:43,670 - Eve's Hand: [2D, 4D, 9H, JD]
2025-01-04 22:19:43,670 - Boss: Rank: 11 | Suit H | Attack 10 | Health 17
2025-01-04 22:19:43,670 - Tavern: [TC, 6H, 3C, 4H, 5H, JS, 7H, 8D, 7S, AS, 4C, 8C, 2S, 8S, 5S, AH, 9D, 7D, 3S, 5C, 6D, 2C, AC, 4S]
2025-01-04 22:19:43,670 - Castle: [KH, KD, KS, KC, QD, QC, QH, QS, JC]
2025-01-04 22:19:43,670 - Discard: [AD, TS, TH, 6S, 3H, 8H]
2025-01-04 22:19:43,670 - Active Player: 1
2025-01-04 22:19:43,670 - STATE LOG: END
2025-01-04 22:19:53,671 - STATE LOG: BEGIN
2025-01-04 22:19:53,672 - Noah's Hand: [6C, 7C, 9S, TD, 4S]
2025-01-04 22:19:53,672 - Eve's Hand: [2D, 4D, 9H, JD, AC, 2C, 6D]
2025-01-04 22:19:53,672 - Boss: Rank: 11 | Suit H | Attack 10 | Health 12
2025-01-04 22:19:53,672 - Tavern: [TC, 6H, 3C, 4H, 5H, JS, 7H, 8D, 7S, AS, 4C, 8C, 2S, 8S, 5S, AH, 9D, 7D, 3S, 5C]
2025-01-04 22:19:53,672 - Castle: [KH, KD, KS, KC, QD, QC, QH, QS, JC]
2025-01-04 22:19:53,672 - Discard: [AD, TS, TH, 6S, 3H, 8H, 2H, 9C]
2025-01-04 22:19:53,672 - Active Player: 2
2025-01-04 22:19:53,672 - STATE LOG: END
2025-01-04 22:20:03,675 - STATE LOG: BEGIN
2025-01-04 22:20:03,676 - Noah's Hand: [6C, 7C, 9S, TD, 4S, 3S, 9D]
2025-01-04 22:20:03,676 - Eve's Hand: [2C, 2D, 6D, JD, 7D]
2025-01-04 22:20:03,676 - Boss: Rank: 11 | Suit H | Attack 10 | Health 2
2025-01-04 22:20:03,676 - Tavern: [TC, 6H, 3C, 4H, 5H, JS, 7H, 8D, 7S, AS, 4C, 8C, 2S, 8S, 5S, AH]
2025-01-04 22:20:03,676 - Castle: [KH, KD, KS, KC, QD, QC, QH, QS, JC]
2025-01-04 22:20:03,676 - Discard: [AD, TS, TH, 6S, 3H, 8H, 2H, 9C, 9H, 5C]
2025-01-04 22:20:03,676 - Active Player: 1
2025-01-04 22:20:03,676 - STATE LOG: END
2025-01-04 22:20:13,678 - STATE LOG: BEGIN
2025-01-04 22:20:13,679 - Noah's Hand: [4S, 6C, 7C, 9D, TD]
2025-01-04 22:20:13,679 - Eve's Hand: [2C, 2D, 6D, JD, 7D]
2025-01-04 22:20:13,679 - Boss: Rank: 11 | Suit H | Attack 10 | Health 2
2025-01-04 22:20:13,679 - Tavern: [TC, 6H, 3C, 4H, 5H, JS, 7H, 8D, 7S, AS, 4C, 8C, 2S, 8S, 5S, AH]
2025-01-04 22:20:13,679 - Castle: [KH, KD, KS, KC, QD, QC, QH, QS, JC]
2025-01-04 22:20:13,679 - Discard: [AD, TS, TH, 6S, 3H, 8H, 2H, 9C, 9H, 5C, 3S, 9S]
2025-01-04 22:20:13,679 - Active Player: 2
2025-01-04 22:20:13,679 - STATE LOG: END
2025-01-04 22:20:23,680 - STATE LOG: BEGIN
2025-01-04 22:20:23,680 - Noah's Hand: [4S, 6C, 7C, 9D, TD, 5S, 2S]
2025-01-04 22:20:23,680 - Eve's Hand: [2C, 2D, 6D, JD, AH, 8S, 8C]
2025-01-04 22:20:23,680 - Boss: Rank: 11 | Suit C | Attack 10 | Health 20
2025-01-04 22:20:23,680 - Tavern: [TC, 6H, 3C, 4H, 5H, JS, 7H, 8D, 7S, AS, 4C]
2025-01-04 22:20:23,680 - Castle: [KH, KD, KS, KC, QD, QC, QH, QS]
2025-01-04 22:20:23,680 - Discard: [AD, TS, TH, 6S, 3H, 8H, 2H, 9C, 9H, 5C, 3S, 9S, 5D, 3D, AC, 4D, 7D, JH]
2025-01-04 22:20:23,680 - Active Player: 2
2025-01-04 22:20:23,680 - STATE LOG: END
2025-01-04 22:20:33,682 - STATE LOG: BEGIN
2025-01-04 22:20:33,683 - Noah's Hand: [4S, 6C, 7C, 9D, TD, 5S, 2S]
2025-01-04 22:20:33,683 - Eve's Hand: [AH, 2D, 6D, 8C, JD]
2025-01-04 22:20:33,683 - Boss: Rank: 11 | Suit C | Attack 2 | Health 12
2025-01-04 22:20:33,683 - Tavern: [TC, 6H, 3C, 4H, 5H, JS, 7H, 8D, 7S, AS, 4C]
2025-01-04 22:20:33,683 - Castle: [KH, KD, KS, KC, QD, QC, QH, QS]
2025-01-04 22:20:33,683 - Discard: [AD, TS, TH, 6S, 3H, 8H, 2H, 9C, 9H, 5C, 3S, 9S, 5D, 3D, AC, 4D, 7D, JH, 2C]
2025-01-04 22:20:33,683 - Active Player: 1
2025-01-04 22:20:33,683 - STATE LOG: END
2025-01-04 22:20:43,684 - STATE LOG: BEGIN
2025-01-04 22:20:43,685 - Noah's Hand: [4S, 5S, 6C, 7C, 9D, TD]
2025-01-04 22:20:43,685 - Eve's Hand: [AH, 2D, 6D, 8C, JD]
2025-01-04 22:20:43,685 - Boss: Rank: 11 | Suit C | Attack 0 | Health 10
2025-01-04 22:20:43,685 - Tavern: [TC, 6H, 3C, 4H, 5H, JS, 7H, 8D, 7S, AS, 4C]
2025-01-04 22:20:43,685 - Castle: [KH, KD, KS, KC, QD, QC, QH, QS]
2025-01-04 22:20:43,685 - Discard: [AD, TS, TH, 6S, 3H, 8H, 2H, 9C, 9H, 5C, 3S, 9S, 5D, 3D, AC, 4D, 7D, JH, 2C]
2025-01-04 22:20:43,685 - Active Player: 2
2025-01-04 22:20:43,685 - STATE LOG: END
2025-01-04 22:20:53,686 - STATE LOG: BEGIN
2025-01-04 22:20:53,687 - Noah's Hand: [4S, 5S, 6C, 7C, 9D, TD, AS]
2025-01-04 22:20:53,687 - Eve's Hand: [AH, 6D, 8C, JD, 4C]
2025-01-04 22:20:53,687 - Boss: Rank: 11 | Suit C | Attack 0 | Health 8
2025-01-04 22:20:53,687 - Tavern: [TC, 6H, 3C, 4H, 5H, JS, 7H, 8D, 7S]
2025-01-04 22:20:53,687 - Castle: [KH, KD, KS, KC, QD, QC, QH, QS]
2025-01-04 22:20:53,687 - Discard: [AD, TS, TH, 6S, 3H, 8H, 2H, 9C, 9H, 5C, 3S, 9S, 5D, 3D, AC, 4D, 7D, JH, 2C]
2025-01-04 22:20:53,687 - Active Player: 1
2025-01-04 22:20:53,687 - STATE LOG: END
2025-01-04 22:21:03,688 - STATE LOG: BEGIN
2025-01-04 22:21:03,689 - Noah's Hand: [4S, 5S, 6C, 7C, 9D, TD]
2025-01-04 22:21:03,689 - Eve's Hand: [AH, 6D, 8C, JD, 4C]
2025-01-04 22:21:03,689 - Boss: Rank: 11 | Suit C | Attack 0 | Health 7
2025-01-04 22:21:03,689 - Tavern: [TC, 6H, 3C, 4H, 5H, JS, 7H, 8D, 7S]
2025-01-04 22:21:03,689 - Castle: [KH, KD, KS, KC, QD, QC, QH, QS]
2025-01-04 22:21:03,689 - Discard: [AD, TS, TH, 6S, 3H, 8H, 2H, 9C, 9H, 5C, 3S, 9S, 5D, 3D, AC, 4D, 7D, JH, 2C]
2025-01-04 22:21:03,689 - Active Player: 2
2025-01-04 22:21:03,689 - STATE LOG: END
2025-01-04 22:21:13,691 - STATE LOG: BEGIN
2025-01-04 22:21:13,692 - Noah's Hand: [4S, 5S, 6C, 7C, 9D, TD, 8D]
2025-01-04 22:21:13,692 - Eve's Hand: [4C, 6D, 8C, 7S, 7H, JS, 5H]
2025-01-04 22:21:13,692 - Boss: Rank: 12 | Suit S | Attack 15 | Health 30
2025-01-04 22:21:13,692 - Tavern: [9H, 3H, 9C, TH, JH, TS, 8H, AC, 4D, 3S, 2H, 6S, TC, 6H, 3C, 4H]
2025-01-04 22:21:13,692 - Castle: [KH, KD, KS, KC, QD, QC, QH]
2025-01-04 22:21:13,692 - Discard: [7D, AD, 5D, 3D, 5C, 2C, 9S, 2S, AS, 8S, 2D, AH, JD, JC]
2025-01-04 22:21:13,692 - Active Player: 2
2025-01-04 22:21:13,692 - STATE LOG: END
2025-01-04 22:21:19,566 - STATE LOG: BEGIN
2025-01-04 22:21:19,567 - Noah's Hand: [4S, 5S, 6C, 7C, 9D, TD, 8D]
2025-01-04 22:21:19,567 - Eve's Hand: [4C, 5H, 6D, JS]
2025-01-04 22:21:19,567 - Boss: Rank: 12 | Suit S | Attack 15 | Health 23
2025-01-04 22:21:19,567 - Tavern: [9S, 8S, AD, AH, 7D, AS, 5C, 9H, 3H, 9C, TH, JH, TS, 8H, AC, 4D, 3S, 2H, 6S, TC, 6H, 3C, 4H]
2025-01-04 22:21:19,567 - Castle: [KH, KD, KS, KC, QD, QC, QH]
2025-01-04 22:21:19,567 - Discard: [3D, JD, 2D, JC, 5D, 2C, 2S, 8C, 7S]
2025-01-04 22:21:19,567 - Active Player: 1
2025-01-04 22:21:19,567 - STATE LOG: END
2025-01-04 22:21:24,019 - STATE LOG: BEGIN
2025-01-04 22:21:24,019 - Noah's Hand: [4S, 7C, 8D, TD]
2025-01-04 22:21:24,019 - Eve's Hand: [4C, 5H, 6D, JS, 3C, 6H, TC]
2025-01-04 22:21:24,019 - Boss: Rank: 12 | Suit S | Attack 15 | Health 14
2025-01-04 22:21:24,019 - Tavern: [9S, 8S, AD, AH, 7D, AS, 5C, 9H, 3H, 9C, TH, JH, TS, 8H, AC, 4D, 3S, 2H, 6S]
2025-01-04 22:21:24,019 - Castle: [KH, KD, KS, KC, QD, QC, QH]
2025-01-04 22:21:24,019 - Discard: [3D, JD, 2D, JC, 5D, 2C, 2S, 8C, 7S, 5S, 6C, 4H]
2025-01-04 22:21:24,019 - Active Player: 2
2025-01-04 22:21:24,019 - STATE LOG: END
2025-01-04 22:21:28,768 - STATE LOG: BEGIN
2025-01-04 22:21:28,769 - Noah's Hand: [4S, 7C, 8D, TD]
2025-01-04 22:21:28,769 - Eve's Hand: [5H, 6D, TC]
2025-01-04 22:21:28,769 - Boss: Rank: 12 | Suit S | Attack 15 | Health 8
2025-01-04 22:21:28,769 - Tavern: [7S, 2C, JC, 8C, 5D, 2S, 9S, 8S, AD, AH, 7D, AS, 5C, 9H, 3H, 9C, TH, JH, TS, 8H, AC, 4D, 3S, 2H, 6S]
2025-01-04 22:21:28,769 - Castle: [KH, KD, KS, KC, QD, QC, QH]
2025-01-04 22:21:28,769 - Discard: [4H, JD, 6C, 2D, 3D, 5S, JS, 3C, 4C]
2025-01-04 22:21:28,769 - Active Player: 1
2025-01-04 22:21:28,769 - STATE LOG: END
2025-01-04 22:21:31,709 - STATE LOG: BEGIN
2025-01-04 22:21:31,709 - Noah's Hand: [4S, 7C, TD, 6S, 3S, AC, TS]
2025-01-04 22:21:31,709 - Eve's Hand: [5H, 6D, TC, 2H, 4D, 8H, JH]
2025-01-04 22:21:31,709 - Boss: Rank: 12 | Suit H | Attack 15 | Health 30
2025-01-04 22:21:31,709 - Tavern: [7S, 2C, JC, 8C, 5D, 2S, 9S, 8S, AD, AH, 7D, AS, 5C, 9H, 3H, 9C, TH]
2025-01-04 22:21:31,709 - Castle: [KH, KD, KS, KC, QD, QC]
2025-01-04 22:21:31,709 - Discard: [4H, JD, 6C, 2D, 3D, 5S, JS, 3C, 4C, 9D, 8D, 7H, 6H]
2025-01-04 22:21:31,709 - Active Player: 1
2025-01-04 22:21:31,709 - STATE LOG: END
2025-01-04 22:21:39,337 - STATE LOG: BEGIN
2025-01-04 22:21:39,338 - Noah's Hand: [7C, TD]
2025-01-04 22:21:39,338 - Eve's Hand: [5H, 6D, TC, 2H, 4D, 8H, JH]
2025-01-04 22:21:39,338 - Boss: Rank: 12 | Suit H | Attack 11 | Health 26
2025-01-04 22:21:39,338 - Tavern: [7S, 2C, JC, 8C, 5D, 2S, 9S, 8S, AD, AH, 7D, AS, 5C, 9H, 3H, 9C, TH]
2025-01-04 22:21:39,338 - Castle: [KH, KD, KS, KC, QD, QC]
2025-01-04 22:21:39,338 - Discard: [4H, JD, 6C, 2D, 3D, 5S, JS, 3C, 4C, 9D, 8D, 7H, 6H, 3S, AC, 6S, TS]
2025-01-04 22:21:39,338 - Active Player: 2
2025-01-04 22:21:39,338 - STATE LOG: END
2025-01-04 22:21:41,740 - STATE LOG: BEGIN
2025-01-04 22:21:41,740 - Noah's Hand: [7C, TD]
2025-01-04 22:21:41,740 - Eve's Hand: [4D, 6D, JH]
2025-01-04 22:21:41,740 - Boss: Rank: 12 | Suit H | Attack 11 | Health 21
2025-01-04 22:21:41,740 - Tavern: [7S, 2C, JC, 8C, 5D, 2S, 9S, 8S, AD, AH, 7D, AS, 5C, 9H, 3H, 9C, TH]
2025-01-04 22:21:41,740 - Castle: [KH, KD, KS, KC, QD, QC]
2025-01-04 22:21:41,740 - Discard: [4H, JD, 6C, 2D, 3D, 5S, JS, 3C, 4C, 9D, 8D, 7H, 6H, 3S, AC, 6S, TS, 2H, 8H, TC]
2025-01-04 22:21:41,740 - Active Player: 1
2025-01-04 22:21:41,740 - STATE LOG: END
2025-01-04 22:21:42,745 - STATE LOG: BEGIN
2025-01-04 22:21:42,745 - Noah's Hand: [7C, QS, AS, AD]
2025-01-04 22:21:42,745 - Eve's Hand: [4D, 6D, JH, TH, 3H, 5C, 7D]
2025-01-04 22:21:42,745 - Boss: Rank: 12 | Suit H | Attack 11 | Health 11
2025-01-04 22:21:42,745 - Tavern: [7S, 2C, JC, 8C, 5D, 2S, 9S, 8S]
2025-01-04 22:21:42,745 - Castle: [KH, KD, KS, KC, QD, QC]
2025-01-04 22:21:42,745 - Discard: [4H, JD, 6C, 2D, 3D, 5S, JS, 3C, 4C, 9D, 8D, 7H, 6H, 3S, AC, 6S, TS, 2H, 8H, TC, 9H, AH, 9C]
2025-01-04 22:21:42,745 - Active Player: 2
2025-01-04 22:21:42,745 - STATE LOG: END
2025-01-04 22:21:50,633 - STATE LOG: BEGIN
2025-01-04 22:21:50,634 - Noah's Hand: [7C, QS, AS, AD, 9S, 2S, 5D]
2025-01-04 22:21:50,634 - Eve's Hand: [3H, 4D, 5C, 7D, 8S]
2025-01-04 22:21:50,634 - Boss: Rank: 12 | Suit H | Attack 11 | Health 5
2025-01-04 22:21:50,634 - Tavern: [7S, 2C, JC, 8C]
2025-01-04 22:21:50,634 - Castle: [KH, KD, KS, KC, QD, QC]
2025-01-04 22:21:50,634 - Discard: [4H, JD, 6C, 2D, 3D, 5S, JS, 3C, 4C, 9D, 8D, 7H, 6H, 3S, AC, 6S, TS, 2H, 8H, TC, 9H, AH, 9C, TH, JH]
2025-01-04 22:21:50,634 - Active Player: 1
2025-01-04 22:21:50,634 - STATE LOG: END
2025-01-04 22:21:59,702 - STATE LOG: BEGIN
2025-01-04 22:21:59,702 - Noah's Hand: [AD, AS, 2S, 7C, 9S, QS, 8C]
2025-01-04 22:21:59,702 - Eve's Hand: [3H, 4D, 5C, 7D, 8S, JC, 2C]
2025-01-04 22:21:59,702 - Boss: Rank: 12 | Suit C | Attack 15 | Health 30
2025-01-04 22:21:59,702 - Tavern: [7S]
2025-01-04 22:21:59,702 - Castle: [KH, KD, KS, KC, QD]
2025-01-04 22:21:59,702 - Discard: [4H, JD, 6C, 2D, 3D, 5S, JS, 3C, 4C, 9D, 8D, 7H, 6H, 3S, AC, 6S, TS, 2H, 8H, TC, 9H, AH, 9C, TH, JH, 4S, TD, 5D, 5H, 6D]
2025-01-04 22:21:59,702 - Active Player: 1
2025-01-04 22:21:59,702 - STATE LOG: END
2025-01-04 22:22:09,704 - STATE LOG: BEGIN
2025-01-04 22:22:09,705 - Noah's Hand: [AD, 2S, 8C, QS]
2025-01-04 22:22:09,705 - Eve's Hand: [3H, 4D, 5C, 7D, 8S, JC, 2C]
2025-01-04 22:22:09,705 - Boss: Rank: 12 | Suit C | Attack 6 | Health 21
2025-01-04 22:22:09,705 - Tavern: [7S]
2025-01-04 22:22:09,705 - Castle: [KH, KD, KS, KC, QD]
2025-01-04 22:22:09,705 - Discard: [4H, JD, 6C, 2D, 3D, 5S, JS, 3C, 4C, 9D, 8D, 7H, 6H, 3S, AC, 6S, TS, 2H, 8H, TC, 9H, AH, 9C, TH, JH, 4S, TD, 5D, 5H, 6D, AS, 7C]
2025-01-04 22:22:09,705 - Active Player: 2
2025-01-04 22:22:09,705 - STATE LOG: END
2025-01-04 22:22:16,974 - STATE LOG: BEGIN
2025-01-04 22:22:16,976 - Noah's Hand: [AD, 2S, 8C, QS]
2025-01-04 22:22:16,976 - Eve's Hand: [4D, 5C, 7D, JC]
2025-01-04 22:22:16,976 - Boss: Rank: 12 | Suit C | Attack 6 | Health 18
2025-01-04 22:22:16,976 - Tavern: [JS, 6D, 9C, 7S]
2025-01-04 22:22:16,976 - Castle: [KH, KD, KS, KC, QD]
2025-01-04 22:22:16,976 - Discard: [TH, 3D, 6S, 4S, JH, 7H, JD, 9H, 5D, AH, AC, TC, 2D, 8D, 4H, 2H, 4C, 3S, TD, 7C, 6H, 8H, 3C, 9D, TS, 5H, 6C, 5S, AS, 2C, 8S]
2025-01-04 22:22:16,976 - Active Player: 1
2025-01-04 22:22:16,976 - STATE LOG: END
2025-01-04 22:22:20,945 - STATE LOG: BEGIN
2025-01-04 22:22:20,945 - Noah's Hand: [AD, 2S, 8C]
2025-01-04 22:22:20,945 - Eve's Hand: [4D, 5C, 7D, JC]
2025-01-04 22:22:20,945 - Boss: Rank: 12 | Suit C | Attack 0 | Health 6
2025-01-04 22:22:20,945 - Tavern: [JS, 6D, 9C, 7S]
2025-01-04 22:22:20,945 - Castle: [KH, KD, KS, KC, QD]
2025-01-04 22:22:20,945 - Discard: [TH, 3D, 6S, 4S, JH, 7H, JD, 9H, 5D, AH, AC, TC, 2D, 8D, 4H, 2H, 4C, 3S, TD, 7C, 6H, 8H, 3C, 9D, TS, 5H, 6C, 5S, AS, 2C, 8S]
2025-01-04 22:22:20,945 - Active Player: 2
2025-01-04 22:22:20,945 - STATE LOG: END
2025-01-04 22:22:22,885 - STATE LOG: BEGIN
2025-01-04 22:22:22,885 - Noah's Hand: [AD, 2S, 8C]
2025-01-04 22:22:22,885 - Eve's Hand: [4D, 5C, 7D, JC]
2025-01-04 22:22:22,885 - Boss: Rank: 12 | Suit C | Attack 0 | Health 6
2025-01-04 22:22:22,885 - Tavern: [JS, 6D, 9C, 7S]
2025-01-04 22:22:22,885 - Castle: [KH, KD, KS, KC, QD]
2025-01-04 22:22:22,885 - Discard: [TH, 3D, 6S, 4S, JH, 7H, JD, 9H, 5D, AH, AC, TC, 2D, 8D, 4H, 2H, 4C, 3S, TD, 7C, 6H, 8H, 3C, 9D, TS, 5H, 6C, 5S, AS, 2C, 8S]
2025-01-04 22:22:22,885 - Active Player: 1
2025-01-04 22:22:22,885 - STATE LOG: END
2025-01-04 22:22:23,951 - STATE LOG: BEGIN
2025-01-04 22:22:23,951 - Noah's Hand: [AD, 8C]
2025-01-04 22:22:23,951 - Eve's Hand: [4D, 5C, 7D, JC]
2025-01-04 22:22:23,951 - Boss: Rank: 12 | Suit C | Attack 0 | Health 4
2025-01-04 22:22:23,951 - Tavern: [JS, 6D, 9C, 7S]
2025-01-04 22:22:23,951 - Castle: [KH, KD, KS, KC, QD]
2025-01-04 22:22:23,951 - Discard: [TH, 3D, 6S, 4S, JH, 7H, JD, 9H, 5D, AH, AC, TC, 2D, 8D, 4H, 2H, 4C, 3S, TD, 7C, 6H, 8H, 3C, 9D, TS, 5H, 6C, 5S, AS, 2C, 8S]
2025-01-04 22:22:23,951 - Active Player: 2
2025-01-04 22:22:23,951 - STATE LOG: END
2025-01-04 22:22:24,860 - STATE LOG: BEGIN
2025-01-04 22:22:24,860 - Noah's Hand: [AD, 8C]
2025-01-04 22:22:24,860 - Eve's Hand: [4D, 5C, 7D, JC]
2025-01-04 22:22:24,860 - Boss: Rank: 12 | Suit C | Attack 0 | Health 4
2025-01-04 22:22:24,860 - Tavern: [JS, 6D, 9C, 7S]
2025-01-04 22:22:24,860 - Castle: [KH, KD, KS, KC, QD]
2025-01-04 22:22:24,860 - Discard: [TH, 3D, 6S, 4S, JH, 7H, JD, 9H, 5D, AH, AC, TC, 2D, 8D, 4H, 2H, 4C, 3S, TD, 7C, 6H, 8H, 3C, 9D, TS, 5H, 6C, 5S, AS, 2C, 8S]
2025-01-04 22:22:24,860 - Active Player: 1
2025-01-04 22:22:24,860 - STATE LOG: END
2025-01-04 22:22:25,267 - STATE LOG: BEGIN
2025-01-04 22:22:25,267 - Noah's Hand: [8C, QH]
2025-01-04 22:22:25,267 - Eve's Hand: [4D, 5C, 7D, JC]
2025-01-04 22:22:25,267 - Boss: Rank: 12 | Suit C | Attack 0 | Health 3
2025-01-04 22:22:25,267 - Tavern: [JS, 6D, 9C, 7S]
2025-01-04 22:22:25,267 - Castle: [KH, KD, KS, KC, QD]
2025-01-04 22:22:25,267 - Discard: [TH, 3D, 6S, 4S, JH, 7H, JD, 9H, 5D, AH, AC, TC, 2D, 8D, 4H, 2H, 4C, 3S, TD, 7C, 6H, 8H, 3C, 9D, TS, 5H, 6C, 5S, AS, 2C, 8S]
2025-01-04 22:22:25,267 - Active Player: 2
2025-01-04 22:22:25,267 - STATE LOG: END
2025-01-04 22:22:25,782 - STATE LOG: BEGIN
2025-01-04 22:22:25,782 - Noah's Hand: [8C, QH, 9C, JS]
2025-01-04 22:22:25,782 - Eve's Hand: [5C, 7D, JC, 7S, 6D]
2025-01-04 22:22:25,782 - Boss: Rank: 12 | Suit D | Attack 15 | Health 30
2025-01-04 22:22:25,782 - Tavern: []
2025-01-04 22:22:25,782 - Castle: [KH, KD, KS, KC]
2025-01-04 22:22:25,782 - Discard: [TH, 3D, 6S, 4S, JH, 7H, JD, 9H, 5D, AH, AC, TC, 2D, 8D, 4H, 2H, 4C, 3S, TD, 7C, 6H, 8H, 3C, 9D, TS, 5H, 6C, 5S, AS, 2C, 8S, 9S, QS, 2S, AD, 3H, 4D, QC]
2025-01-04 22:22:25,782 - Active Player: 2
2025-01-04 22:22:25,782 - STATE LOG: END
2025-01-04 22:22:26,142 - STATE LOG: BEGIN
2025-01-04 22:22:26,142 - Noah's Hand: [8C, QH, 9C, JS]
2025-01-04 22:22:26,142 - Eve's Hand: [5C, 7D, 6D]
2025-01-04 22:22:26,142 - Boss: Rank: 12 | Suit D | Attack 8 | Health 23
2025-01-04 22:22:26,142 - Tavern: []
2025-01-04 22:22:26,142 - Castle: [KH, KD, KS, KC]
2025-01-04 22:22:26,142 - Discard: [TH, 3D, 6S, 4S, JH, 7H, JD, 9H, 5D, AH, AC, TC, 2D, 8D, 4H, 2H, 4C, 3S, TD, 7C, 6H, 8H, 3C, 9D, TS, 5H, 6C, 5S, AS, 2C, 8S, 9S, QS, 2S, AD, 3H, 4D, QC, JC]
2025-01-04 22:22:26,142 - Active Player: 1
2025-01-04 22:22:26,142 - STATE LOG: END
2025-01-04 22:22:26,311 - STATE LOG: BEGIN
2025-01-04 22:22:26,311 - Noah's Hand: [8C, 9C, QH]
2025-01-04 22:22:26,311 - Eve's Hand: [5C, 7D, 6D]
2025-01-04 22:22:26,311 - Boss: Rank: 12 | Suit D | Attack 0 | Health 12
2025-01-04 22:22:26,311 - Tavern: []
2025-01-04 22:22:26,311 - Castle: [KH, KD, KS, KC]
2025-01-04 22:22:26,311 - Discard: [TH, 3D, 6S, 4S, JH, 7H, JD, 9H, 5D, AH, AC, TC, 2D, 8D, 4H, 2H, 4C, 3S, TD, 7C, 6H, 8H, 3C, 9D, TS, 5H, 6C, 5S, AS, 2C, 8S, 9S, QS, 2S, AD, 3H, 4D, QC, JC]
2025-01-04 22:22:26,311 - Active Player: 2
2025-01-04 22:22:26,311 - STATE LOG: END
2025-01-04 22:22:26,466 - STATE LOG: BEGIN
2025-01-04 22:22:26,466 - Noah's Hand: [8C, 9C, QH]
2025-01-04 22:22:26,466 - Eve's Hand: [5C, 6D]
2025-01-04 22:22:26,466 - Boss: Rank: 12 | Suit D | Attack 0 | Health 5
2025-01-04 22:22:26,466 - Tavern: []
2025-01-04 22:22:26,466 - Castle: [KH, KD, KS, KC]
2025-01-04 22:22:26,466 - Discard: [TH, 3D, 6S, 4S, JH, 7H, JD, 9H, 5D, AH, AC, TC, 2D, 8D, 4H, 2H, 4C, 3S, TD, 7C, 6H, 8H, 3C, 9D, TS, 5H, 6C, 5S, AS, 2C, 8S, 9S, QS, 2S, AD, 3H, 4D, QC, JC]
2025-01-04 22:22:26,466 - Active Player: 1
2025-01-04 22:22:26,466 - STATE LOG: END
2025-01-04 22:22:26,494 - STATE LOG: BEGIN
2025-01-04 22:22:26,494 - Noah's Hand: [8C, 9C, QH]
2025-01-04 22:22:26,494 - Eve's Hand: [5C, 6D]
2025-01-04 22:22:26,494 - Boss: Rank: 12 | Suit D | Attack 0 | Health 5
2025-01-04 22:22:26,494 - Tavern: []
2025-01-04 22:22:26,494 - Castle: [KH, KD, KS, KC]
2025-01-04 22:22:26,494 - Discard: [TH, 3D, 6S, 4S, JH, 7H, JD, 9H, 5D, AH, AC, TC, 2D, 8D, 4H, 2H, 4C, 3S, TD, 7C, 6H, 8H, 3C, 9D, TS, 5H, 6C, 5S, AS, 2C, 8S, 9S, QS, 2S, AD, 3H, 4D, QC, JC]
2025-01-04 22:22:26,494 - Active Player: 2
2025-01-04 22:22:26,494 - STATE LOG: END
2025-01-04 22:22:26,505 - STATE LOG: BEGIN
2025-01-04 22:22:26,505 - Noah's Hand: [8C, 9C, QH]
2025-01-04 22:22:26,505 - Eve's Hand: [5C]
2025-01-04 22:22:26,505 - Boss: Rank: 13 | Suit C | Attack 20 | Health 40
2025-01-04 22:22:26,505 - Tavern: []
2025-01-04 22:22:26,505 - Castle: [KH, KD, KS]
2025-01-04 22:22:26,505 - Discard: [TH, 3D, 6S, 4S, JH, 7H, JD, 9H, 5D, AH, AC, TC, 2D, 8D, 4H, 2H, 4C, 3S, TD, 7C, 6H, 8H, 3C, 9D, TS, 5H, 6C, 5S, AS, 2C, 8S, 9S, QS, 2S, AD, 3H, 4D, QC, JC, JS, 7S, 7D, 6D, QD]
2025-01-04 22:22:26,505 - Active Player: 2
2025-01-04 22:22:26,505 - STATE LOG: END
2025-01-04 22:22:26,510 - STATE LOG: BEGIN
2025-01-04 22:22:26,510 - Noah's Hand: [8C, 9C, QH]
2025-01-04 22:22:26,510 - Eve's Hand: []
2025-01-04 22:22:26,510 - Boss: Rank: 13 | Suit C | Attack 20 | Health 35
2025-01-04 22:22:26,510 - Tavern: []
2025-01-04 22:22:26,510 - Castle: [KH, KD, KS]
2025-01-04 22:22:26,510 - Discard: [TH, 3D, 6S, 4S, JH, 7H, JD, 9H, 5D, AH, AC, TC, 2D, 8D, 4H, 2H, 4C, 3S, TD, 7C, 6H, 8H, 3C, 9D, TS, 5H, 6C, 5S, AS, 2C, 8S, 9S, QS, 2S, AD, 3H, 4D, QC, JC, JS, 7S, 7D, 6D, QD]
2025-01-04 22:22:26,510 - Active Player: 1
2025-01-04 22:22:26,510 - STATE LOG: END
