2025-01-04 14:05:10,764 - I log states! :D
2025-01-04 14:05:10,764 - STATE LOG: BEGIN
2025-01-04 14:05:10,764 - Noah's Hand: [TH, 9S, 3D, 3H, 4D, 2S, AH]
2025-01-04 14:05:10,764 - EVe's Hand: [9H, 2D, 8H, 5H, 7S, 2C, 2H]
2025-01-04 14:05:10,764 - Boss: Rank: 11 | Suit C | Attack 10 | Health 20
2025-01-04 14:05:10,765 - Tavern: [AC, 9C, AD, 4H, AS, 9D, 5D, 8D, 8S, 4C, 5S, 7C, 7D, 6D, 3S, TC, TD, 6H, 5C, 6C, 8C, TS, 4S, 6S, 7H, 3C]
2025-01-04 14:05:10,765 - Castle: [KH, KS, KC, KD, QC, QS, QD, QH, JH, JD, JS]
2025-01-04 14:05:10,765 - Discard: []
2025-01-04 14:05:10,765 - Active Player: 1
2025-01-04 14:05:10,765 - STATE LOG: END
2025-01-04 14:05:10,780 - STATE LOG: BEGIN
2025-01-04 14:05:10,780 - Noah's Hand: [2S, 3D, 4D, 9S]
2025-01-04 14:05:10,780 - EVe's Hand: [9H, 2D, 8H, 5H, 7S, 2C, 2H]
2025-01-04 14:05:10,780 - Boss: Rank: 11 | Suit C | Attack 10 | Health 16
2025-01-04 14:05:10,780 - Tavern: [AC, 9C, AD, 4H, AS, 9D, 5D, 8D, 8S, 4C, 5S, 7C, 7D, 6D, 3S, TC, TD, 6H, 5C, 6C, 8C, TS, 4S, 6S, 7H, 3C]
2025-01-04 14:05:10,780 - Castle: [KH, KS, KC, KD, QC, QS, QD, QH, JH, JD, JS]
2025-01-04 14:05:10,780 - Discard: [TH]
2025-01-04 14:05:10,780 - Active Player: 2
2025-01-04 14:05:10,780 - STATE LOG: END
2025-01-04 14:05:10,786 - STATE LOG: BEGIN
2025-01-04 14:05:10,786 - Noah's Hand: [2S, 3D, 4D, 9S]
2025-01-04 14:05:10,786 - EVe's Hand: [2D, 2H, 5H, 7S]
2025-01-04 14:05:10,786 - Boss: Rank: 11 | Suit C | Attack 10 | Health 14
2025-01-04 14:05:10,786 - Tavern: [AC, 9C, AD, 4H, AS, 9D, 5D, 8D, 8S, 4C, 5S, 7C, 7D, 6D, 3S, TC, TD, 6H, 5C, 6C, 8C, TS, 4S, 6S, 7H, 3C]
2025-01-04 14:05:10,786 - Castle: [KH, KS, KC, KD, QC, QS, QD, QH, JH, JD, JS]
2025-01-04 14:05:10,786 - Discard: [TH, 9H, 8H]
2025-01-04 14:05:10,786 - Active Player: 1
2025-01-04 14:05:10,786 - STATE LOG: END
2025-01-04 14:05:10,789 - STATE LOG: BEGIN
2025-01-04 14:05:10,789 - Noah's Hand: [2S, 4D]
2025-01-04 14:05:10,789 - EVe's Hand: [2D, 2H, 5H, 7S, 7H]
2025-01-04 14:05:10,789 - Boss: Rank: 11 | Suit C | Attack 10 | Health 11
2025-01-04 14:05:10,789 - Tavern: [AC, 9C, AD, 4H, AS, 9D, 5D, 8D, 8S, 4C, 5S, 7C, 7D, 6D, 3S, TC, TD, 6H, 5C, 6C, 8C, TS, 4S]
2025-01-04 14:05:10,789 - Castle: [KH, KS, KC, KD, QC, QS, QD, QH, JH, JD, JS]
2025-01-04 14:05:10,789 - Discard: [TH, 9H, 8H, 6S, 3C, 9S]
2025-01-04 14:05:10,789 - Active Player: 2
2025-01-04 14:05:10,789 - STATE LOG: END
2025-01-04 14:05:10,793 - STATE LOG: BEGIN
2025-01-04 14:05:10,793 - Noah's Hand: [2S, 4D, TS, 6C]
2025-01-04 14:05:10,793 - EVe's Hand: [5H, 7H, 7S]
2025-01-04 14:05:10,793 - Boss: Rank: 11 | Suit C | Attack 10 | Health 7
2025-01-04 14:05:10,793 - Tavern: [TH, 8H, 3C, 6S, AC, 9C, AD, 4H, AS, 9D, 5D, 8D, 8S, 4C, 5S, 7C, 7D, 6D, 3S, TC, TD, 6H, 5C]
2025-01-04 14:05:10,793 - Castle: [KH, KS, KC, KD, QC, QS, QD, QH, JH, JD, JS]
2025-01-04 14:05:10,793 - Discard: [9S, 9H, 8C, 4S]
2025-01-04 14:05:10,793 - Active Player: 1
2025-01-04 14:05:10,793 - STATE LOG: END
2025-01-04 14:05:10,796 - STATE LOG: BEGIN
2025-01-04 14:05:10,796 - Noah's Hand: [2S, 4D, 6C]
2025-01-04 14:05:10,796 - EVe's Hand: [5H, 7H, 7S]
2025-01-04 14:05:10,796 - Boss: Rank: 11 | Suit C | Attack 10 | Health 7
2025-01-04 14:05:10,796 - Tavern: [TH, 8H, 3C, 6S, AC, 9C, AD, 4H, AS, 9D, 5D, 8D, 8S, 4C, 5S, 7C, 7D, 6D, 3S, TC, TD, 6H, 5C]
2025-01-04 14:05:10,796 - Castle: [KH, KS, KC, KD, QC, QS, QD, QH, JH, JD, JS]
2025-01-04 14:05:10,796 - Discard: [9S, 9H, 8C, 4S, TS]
2025-01-04 14:05:10,796 - Active Player: 2
2025-01-04 14:05:10,796 - STATE LOG: END
2025-01-04 14:05:10,798 - STATE LOG: BEGIN
2025-01-04 14:05:10,798 - Noah's Hand: [2S, 4D, 6C]
2025-01-04 14:05:10,798 - EVe's Hand: [5H, 7S]
2025-01-04 14:05:10,798 - Boss: Rank: 11 | Suit S | Attack 10 | Health 20
2025-01-04 14:05:10,798 - Tavern: [TS, 9S, 4S, 9H, 8C, TH, 8H, 3C, 6S, AC, 9C, AD, 4H, AS, 9D, 5D, 8D, 8S, 4C, 5S, 7C, 7D, 6D, 3S, TC, TD, 6H, 5C]
2025-01-04 14:05:10,798 - Castle: [KH, KS, KC, KD, QC, QS, QD, QH, JH, JD]
2025-01-04 14:05:10,798 - Discard: [AH, 3H, 3D, 2C, 2D, 2H, 7H]
2025-01-04 14:05:10,798 - Active Player: 2
2025-01-04 14:05:10,798 - STATE LOG: END
2025-01-04 14:05:10,801 - STATE LOG: BEGIN
2025-01-04 14:05:10,801 - Noah's Hand: [2S, 4D, 6C]
2025-01-04 14:05:10,801 - EVe's Hand: []
2025-01-04 14:05:10,801 - Boss: Rank: 11 | Suit S | Attack 10 | Health 20
2025-01-04 14:05:10,801 - Tavern: [TS, 9S, 4S, 9H, 8C, TH, 8H, 3C, 6S, AC, 9C, AD, 4H, AS, 9D, 5D, 8D, 8S, 4C, 5S, 7C, 7D, 6D, 3S, TC, TD, 6H, 5C]
2025-01-04 14:05:10,801 - Castle: [KH, KS, KC, KD, QC, QS, QD, QH, JH, JD]
2025-01-04 14:05:10,801 - Discard: [AH, 3H, 3D, 2C, 2D, 2H, 7H]
2025-01-04 14:05:10,801 - Active Player: 1
2025-01-04 14:05:10,801 - STATE LOG: END
