2025-01-04 19:22:29,294 - I log states! :D
2025-01-04 19:22:29,294 - STATE LOG: BEGIN
2025-01-04 19:22:29,294 - Noah's Hand: [9H, 4C, TS, 6D, AH, 2D, TH]
2025-01-04 19:22:29,294 - Eve's Hand: [6S, 7S, 6H, 2S, 2C, 8S, 5C]
2025-01-04 19:22:29,294 - Boss: Rank: 11 | Suit H | Attack 10 | Health 20
2025-01-04 19:22:29,294 - Tavern: [3C, AS, 7D, 8C, 9D, 9S, 7H, 4S, 5H, 9C, 2H, 5S, 3S, TD, 4D, TC, AD, 8D, 5D, 6C, 3D, 3H, 7C, AC, 8H, 4H]
2025-01-04 19:22:29,294 - Castle: [KS, KC, KD, KH, QD, QC, QS, QH, JD, JC, JS]
2025-01-04 19:22:29,294 - Discard: []
2025-01-04 19:22:29,295 - Active Player: 1
2025-01-04 19:22:29,295 - STATE LOG: END
2025-01-04 19:22:30,814 - STATE LOG: BEGIN
2025-01-04 19:22:30,815 - Noah's Hand: [2D, 4C, 6D, 9H, TH]
2025-01-04 19:22:30,815 - Eve's Hand: [6S, 7S, 6H, 2S, 2C, 8S, 5C]
2025-01-04 19:22:30,816 - Boss: Rank: 11 | Suit H | Attack 0 | Health 9
2025-01-04 19:22:30,816 - Tavern: [3C, AS, 7D, 8C, 9D, 9S, 7H, 4S, 5H, 9C, 2H, 5S, 3S, TD, 4D, TC, AD, 8D, 5D, 6C, 3D, 3H, 7C, AC, 8H, 4H]
2025-01-04 19:22:30,816 - Castle: [KS, KC, KD, KH, QD, QC, QS, QH, JD, JC, JS]
2025-01-04 19:22:30,816 - Discard: []
2025-01-04 19:22:30,816 - Active Player: 2
2025-01-04 19:22:30,816 - STATE LOG: END
2025-01-04 19:22:30,845 - STATE LOG: BEGIN
2025-01-04 19:22:30,845 - Noah's Hand: [2D, 4C, 6D, 9H, TH]
2025-01-04 19:22:30,845 - Eve's Hand: [2C, 2S, 5C, 6S, 7S, 8S]
2025-01-04 19:22:30,845 - Boss: Rank: 11 | Suit H | Attack 0 | Health 3
2025-01-04 19:22:30,845 - Tavern: [3C, AS, 7D, 8C, 9D, 9S, 7H, 4S, 5H, 9C, 2H, 5S, 3S, TD, 4D, TC, AD, 8D, 5D, 6C, 3D, 3H, 7C, AC, 8H, 4H]
2025-01-04 19:22:30,845 - Castle: [KS, KC, KD, KH, QD, QC, QS, QH, JD, JC, JS]
2025-01-04 19:22:30,845 - Discard: []
2025-01-04 19:22:30,845 - Active Player: 1
2025-01-04 19:22:30,845 - STATE LOG: END
