2025-01-04 20:48:31,668 - I log states! :D
2025-01-04 20:48:31,668 - STATE LOG: BEGIN
2025-01-04 20:48:31,668 - Noah's Hand: [5C, 5H, 5S, 4S, 6H, 8D, 3S]
2025-01-04 20:48:31,668 - Eve's Hand: [2S, 8H, 7H, TD, 2H, AD, 9S]
2025-01-04 20:48:31,668 - Boss: Rank: 11 | Suit D | Attack 10 | Health 20
2025-01-04 20:48:31,668 - Tavern: [3D, 7S, TC, 7D, AS, 6S, 6D, TS, TH, 4H, 8C, 2C, 3H, AH, 6C, 4C, 4D, 2D, AC, 9H, 9C, 3C, 9D, 5D, 7C, 8S]
2025-01-04 20:48:31,668 - Castle: [KD, KC, KH, KS, QH, QD, QC, QS, JC, JS, JH]
2025-01-04 20:48:31,668 - Discard: []
2025-01-04 20:48:31,668 - Active Player: 1
2025-01-04 20:48:31,668 - STATE LOG: END
2025-01-04 20:48:32,929 - STATE LOG: BEGIN
2025-01-04 20:48:32,929 - Noah's Hand: [3S, 4S, 5S, 6H, 8D]
2025-01-04 20:48:32,929 - Eve's Hand: [2S, 8H, 7H, TD, 2H, AD, 9S]
2025-01-04 20:48:32,929 - Boss: Rank: 11 | Suit H | Attack 10 | Health 20
2025-01-04 20:48:32,929 - Tavern: [3D, 7S, TC, 7D, AS, 6S, 6D, TS, TH, 4H, 8C, 2C, 3H, AH, 6C, 4C, 4D, 2D, AC, 9H, 9C, 3C, 9D, 5D, 7C, 8S]
2025-01-04 20:48:32,929 - Castle: [KD, KC, KH, KS, QH, QD, QC, QS, JC, JS]
2025-01-04 20:48:32,929 - Discard: [5C, 5H]
2025-01-04 20:48:32,929 - Active Player: 1
2025-01-04 20:48:32,929 - STATE LOG: END
2025-01-04 20:48:34,863 - STATE LOG: BEGIN
2025-01-04 20:48:34,863 - Noah's Hand: [6H, 8D]
2025-01-04 20:48:34,863 - Eve's Hand: [2S, 8H, 7H, TD, 2H, AD, 9S]
2025-01-04 20:48:34,863 - Boss: Rank: 11 | Suit H | Attack 7 | Health 17
2025-01-04 20:48:34,863 - Tavern: [3D, 7S, TC, 7D, AS, 6S, 6D, TS, TH, 4H, 8C, 2C, 3H, AH, 6C, 4C, 4D, 2D, AC, 9H, 9C, 3C, 9D, 5D, 7C, 8S]
2025-01-04 20:48:34,863 - Castle: [KD, KC, KH, KS, QH, QD, QC, QS, JC, JS]
2025-01-04 20:48:34,863 - Discard: [5C, 5H, 4S, 5S]
2025-01-04 20:48:34,863 - Active Player: 2
2025-01-04 20:48:34,863 - STATE LOG: END
2025-01-04 20:48:35,950 - STATE LOG: BEGIN
2025-01-04 20:48:35,950 - Noah's Hand: [6H, 8D, 8S, 5D, 9D, 3C, 9C]
2025-01-04 20:48:35,950 - Eve's Hand: [2H, 2S, 7H, 8H, TD, JD, 7C]
2025-01-04 20:48:35,950 - Boss: Rank: 11 | Suit H | Attack 0 | Health 7
2025-01-04 20:48:35,950 - Tavern: [3D, 7S, TC, 7D, AS, 6S, 6D, TS, TH, 4H, 8C, 2C, 3H, AH, 6C, 4C, 4D, 2D, AC, 9H]
2025-01-04 20:48:35,950 - Castle: [KD, KC, KH, KS, QH, QD, QC, QS, JC, JS]
2025-01-04 20:48:35,950 - Discard: [5C, 5H, 4S, 5S]
2025-01-04 20:48:35,950 - Active Player: 1
2025-01-04 20:48:35,950 - STATE LOG: END
2025-01-04 20:48:37,788 - STATE LOG: BEGIN
2025-01-04 20:48:37,788 - Noah's Hand: [3C, 5D, 8D, 8S, 9C, 9D]
2025-01-04 20:48:37,788 - Eve's Hand: [2H, 2S, 7H, 8H, TD, JD, 7C]
2025-01-04 20:48:37,788 - Boss: Rank: 11 | Suit H | Attack 0 | Health 1
2025-01-04 20:48:37,788 - Tavern: [3D, 7S, TC, 7D, AS, 6S, 6D, TS, TH, 4H, 8C, 2C, 3H, AH, 6C, 4C, 4D, 2D, AC, 9H]
2025-01-04 20:48:37,788 - Castle: [KD, KC, KH, KS, QH, QD, QC, QS, JC, JS]
2025-01-04 20:48:37,788 - Discard: [5C, 5H, 4S, 5S]
2025-01-04 20:48:37,788 - Active Player: 2
2025-01-04 20:48:37,788 - STATE LOG: END
2025-01-04 20:48:39,729 - STATE LOG: BEGIN
2025-01-04 20:48:39,729 - Noah's Hand: [3C, 5D, 8D, 8S, 9C, 9D]
2025-01-04 20:48:39,729 - Eve's Hand: [7C, 7H, 8H, TD, JD]
2025-01-04 20:48:39,729 - Boss: Rank: 11 | Suit S | Attack 10 | Health 20
2025-01-04 20:48:39,729 - Tavern: [3D, 7S, TC, 7D, AS, 6S, 6D, TS, TH, 4H, 8C, 2C, 3H, AH, 6C, 4C, 4D, 2D, AC, 9H]
2025-01-04 20:48:39,729 - Castle: [KD, KC, KH, KS, QH, QD, QC, QS, JC]
2025-01-04 20:48:39,729 - Discard: [5C, 5H, 4S, 5S, 3S, 6H, AD, 9S, 2H, 2S, JH]
2025-01-04 20:48:39,729 - Active Player: 2
2025-01-04 20:48:39,729 - STATE LOG: END
2025-01-04 20:48:41,714 - STATE LOG: BEGIN
2025-01-04 20:48:41,714 - Noah's Hand: [3C, 5D, 8D, 8S, 9C, 9D]
2025-01-04 20:48:41,714 - Eve's Hand: [TD, JD]
2025-01-04 20:48:41,714 - Boss: Rank: 11 | Suit S | Attack 10 | Health 13
2025-01-04 20:48:41,714 - Tavern: [3S, 2H, 5H, 2S, 6H, AD, 5S, 3D, 7S, TC, 7D, AS, 6S, 6D, TS, TH, 4H, 8C, 2C, 3H, AH, 6C, 4C, 4D, 2D, AC, 9H]
2025-01-04 20:48:41,714 - Castle: [KD, KC, KH, KS, QH, QD, QC, QS, JC]
2025-01-04 20:48:41,714 - Discard: [9S, 5C, JH, 4S, 7C, 8H]
2025-01-04 20:48:41,714 - Active Player: 1
2025-01-04 20:48:41,714 - STATE LOG: END
2025-01-04 20:48:43,744 - STATE LOG: BEGIN
2025-01-04 20:48:43,744 - Noah's Hand: [8D, 9C, 9D, 9H, 2D]
2025-01-04 20:48:43,744 - Eve's Hand: [TD, JD, AC, 4D, 4C]
2025-01-04 20:48:43,744 - Boss: Rank: 11 | Suit S | Attack 10 | Health 8
2025-01-04 20:48:43,744 - Tavern: [3S, 2H, 5H, 2S, 6H, AD, 5S, 3D, 7S, TC, 7D, AS, 6S, 6D, TS, TH, 4H, 8C, 2C, 3H, AH, 6C]
2025-01-04 20:48:43,744 - Castle: [KD, KC, KH, KS, QH, QD, QC, QS, JC]
2025-01-04 20:48:43,744 - Discard: [9S, 5C, JH, 4S, 7C, 8H, 8S, 3C]
2025-01-04 20:48:43,744 - Active Player: 2
2025-01-04 20:48:43,744 - STATE LOG: END
2025-01-04 20:48:45,620 - STATE LOG: BEGIN
2025-01-04 20:48:45,620 - Noah's Hand: [8D, 9C, 9D, 9H, 2D, AH, 2C]
2025-01-04 20:48:45,620 - Eve's Hand: [4C, 4D, JD, 6C, 3H, 8C, 4H]
2025-01-04 20:48:45,620 - Boss: Rank: 11 | Suit C | Attack 10 | Health 20
2025-01-04 20:48:45,620 - Tavern: [3S, 2H, 5H, 2S, 6H, AD, 5S, 3D, 7S, TC, 7D, AS, 6S, 6D, TS, TH]
2025-01-04 20:48:45,620 - Castle: [KD, KC, KH, KS, QH, QD, QC, QS]
2025-01-04 20:48:45,620 - Discard: [9S, 5C, JH, 4S, 7C, 8H, 8S, 3C, 5D, 7H, AC, TD, JS]
2025-01-04 20:48:45,620 - Active Player: 2
2025-01-04 20:48:45,620 - STATE LOG: END
2025-01-04 20:48:47,445 - STATE LOG: BEGIN
2025-01-04 20:48:47,445 - Noah's Hand: [8D, 9C, 9D, 9H, 2D, AH, 2C]
2025-01-04 20:48:47,445 - Eve's Hand: [4C, 4D, 4H, JD]
2025-01-04 20:48:47,445 - Boss: Rank: 11 | Suit C | Attack 10 | Health 17
2025-01-04 20:48:47,445 - Tavern: [7H, 5D, AC, 3S, 2H, 5H, 2S, 6H, AD, 5S, 3D, 7S, TC, 7D, AS, 6S, 6D, TS, TH]
2025-01-04 20:48:47,445 - Castle: [KD, KC, KH, KS, QH, QD, QC, QS]
2025-01-04 20:48:47,445 - Discard: [8S, TD, 9S, 7C, 4S, JS, JH, 8H, 5C, 3C, 8C, 6C]
2025-01-04 20:48:47,445 - Active Player: 1
2025-01-04 20:48:47,445 - STATE LOG: END
2025-01-04 20:48:49,249 - STATE LOG: BEGIN
2025-01-04 20:48:49,249 - Noah's Hand: [2D, 9C, 9D, TH]
2025-01-04 20:48:49,249 - Eve's Hand: [4C, 4D, 4H, JD, TS, 6D, 6S]
2025-01-04 20:48:49,249 - Boss: Rank: 11 | Suit C | Attack 10 | Health 9
2025-01-04 20:48:49,249 - Tavern: [7H, 5D, AC, 3S, 2H, 5H, 2S, 6H, AD, 5S, 3D, 7S, TC, 7D, AS]
2025-01-04 20:48:49,249 - Castle: [KD, KC, KH, KS, QH, QD, QC, QS]
2025-01-04 20:48:49,249 - Discard: [8S, TD, 9S, 7C, 4S, JS, JH, 8H, 5C, 3C, 8C, 6C, 2C, AH, 9H]
2025-01-04 20:48:49,249 - Active Player: 2
2025-01-04 20:48:49,249 - STATE LOG: END
2025-01-04 20:48:51,087 - STATE LOG: BEGIN
2025-01-04 20:48:51,087 - Noah's Hand: [2D, 9C, 9D, TH]
2025-01-04 20:48:51,087 - Eve's Hand: [4C, 4D, 4H, 6D, 6S, JD]
2025-01-04 20:48:51,087 - Boss: Rank: 11 | Suit C | Attack 10 | Health 9
2025-01-04 20:48:51,087 - Tavern: [7H, 5D, AC, 3S, 2H, 5H, 2S, 6H, AD, 5S, 3D, 7S, TC, 7D, AS]
2025-01-04 20:48:51,087 - Castle: [KD, KC, KH, KS, QH, QD, QC, QS]
2025-01-04 20:48:51,087 - Discard: [8S, TD, 9S, 7C, 4S, JS, JH, 8H, 5C, 3C, 8C, 6C, 2C, AH, 9H, TS]
2025-01-04 20:48:51,087 - Active Player: 1
2025-01-04 20:48:51,087 - STATE LOG: END
2025-01-04 20:48:52,139 - STATE LOG: BEGIN
2025-01-04 20:48:52,139 - Noah's Hand: [2D, 9C, 9D]
2025-01-04 20:48:52,139 - Eve's Hand: [4C, 4D, 4H, 6D, 6S, JD]
2025-01-04 20:48:52,139 - Boss: Rank: 12 | Suit S | Attack 15 | Health 30
2025-01-04 20:48:52,140 - Tavern: [AH, 3C, TS, 4S, 7C, 9H, TD, 6C, 8H, 2C, 7H, 5D, AC, 3S, 2H, 5H, 2S, 6H, AD, 5S, 3D, 7S, TC, 7D, AS]
2025-01-04 20:48:52,140 - Castle: [KD, KC, KH, KS, QH, QD, QC]
2025-01-04 20:48:52,140 - Discard: [8S, 8C, JS, 9S, JH, 5C, 8D, TH, 3H, JC]
2025-01-04 20:48:52,140 - Active Player: 1
2025-01-04 20:48:52,140 - STATE LOG: END
2025-01-04 20:48:52,203 - STATE LOG: BEGIN
2025-01-04 20:48:52,203 - Noah's Hand: [2D, 7S, 3D, 5S]
2025-01-04 20:48:52,203 - Eve's Hand: [4C, 4D, 4H, 6D, 6S, JD, 7D]
2025-01-04 20:48:52,203 - Boss: Rank: 12 | Suit S | Attack 15 | Health 21
2025-01-04 20:48:52,203 - Tavern: [AH, 3C, TS, 4S, 7C, 9H, TD, 6C, 8H, 2C, 7H, 5D, AC, 3S, 2H, 5H, 2S, 6H, AD]
2025-01-04 20:48:52,203 - Castle: [KD, KC, KH, KS, QH, QD, QC]
2025-01-04 20:48:52,203 - Discard: [8S, 8C, JS, 9S, JH, 5C, 8D, TH, 3H, JC, AS, 9C, TC]
2025-01-04 20:48:52,203 - Active Player: 2
2025-01-04 20:48:52,203 - STATE LOG: END
2025-01-04 20:48:53,011 - STATE LOG: BEGIN
2025-01-04 20:48:53,011 - Noah's Hand: [2D, 7S, 3D, 5S, 6H, 5H, 2H]
2025-01-04 20:48:53,011 - Eve's Hand: [7D, JD, AD]
2025-01-04 20:48:53,011 - Boss: Rank: 12 | Suit S | Attack 15 | Health 13
2025-01-04 20:48:53,011 - Tavern: [5C, AS, 8C, 9S, 8S, 8D, TC, 9C, AH, 3C, TS, 4S, 7C, 9H, TD, 6C, 8H, 2C, 7H, 5D, AC, 3S]
2025-01-04 20:48:53,011 - Castle: [KD, KC, KH, KS, QH, QD, QC]
2025-01-04 20:48:53,011 - Discard: [JC, JS, JH, 3H, TH, 2S, 6S, 4C, 6D]
2025-01-04 20:48:53,011 - Active Player: 1
2025-01-04 20:48:53,011 - STATE LOG: END
2025-01-04 20:48:54,497 - STATE LOG: BEGIN
2025-01-04 20:48:54,497 - Noah's Hand: [3D, 7S, 5D]
2025-01-04 20:48:54,497 - Eve's Hand: [7D, JD, AD, AC, 7H]
2025-01-04 20:48:54,497 - Boss: Rank: 12 | Suit S | Attack 15 | Health 9
2025-01-04 20:48:54,497 - Tavern: [TH, JS, 3H, 6D, 5C, AS, 8C, 9S, 8S, 8D, TC, 9C, AH, 3C, TS, 4S, 7C, 9H, TD, 6C, 8H, 2C]
2025-01-04 20:48:54,497 - Castle: [KD, KC, KH, KS, QH, QD, QC]
2025-01-04 20:48:54,497 - Discard: [6S, 4C, 2S, JH, JC, 5S, 6H, 3S, 5H]
2025-01-04 20:48:54,497 - Active Player: 2
2025-01-04 20:48:54,497 - STATE LOG: END
2025-01-04 20:48:55,587 - STATE LOG: BEGIN
2025-01-04 20:48:55,588 - Noah's Hand: [3D, 7S, 5D, 8H, TD, 7C, 4S]
2025-01-04 20:48:55,588 - Eve's Hand: [AD, 7H, JD]
2025-01-04 20:48:55,588 - Boss: Rank: 12 | Suit S | Attack 15 | Health 2
2025-01-04 20:48:55,588 - Tavern: [TH, JS, 3H, 6D, 5C, AS, 8C, 9S, 8S, 8D, TC, 9C, AH, 3C, TS]
2025-01-04 20:48:55,588 - Castle: [KD, KC, KH, KS, QH, QD, QC]
2025-01-04 20:48:55,588 - Discard: [6S, 4C, 2S, JH, JC, 5S, 6H, 3S, 5H, 2C, 9H, AC, 6C]
2025-01-04 20:48:55,588 - Active Player: 1
2025-01-04 20:48:55,588 - STATE LOG: END
2025-01-04 20:48:57,466 - STATE LOG: BEGIN
2025-01-04 20:48:57,467 - Noah's Hand: [3D, 4S, 5D, 7S, TD]
2025-01-04 20:48:57,467 - Eve's Hand: [AD, 7H, JD]
2025-01-04 20:48:57,467 - Boss: Rank: 12 | Suit S | Attack 15 | Health 2
2025-01-04 20:48:57,467 - Tavern: [TH, JS, 3H, 6D, 5C, AS, 8C, 9S, 8S, 8D, TC, 9C, AH, 3C, TS]
2025-01-04 20:48:57,467 - Castle: [KD, KC, KH, KS, QH, QD, QC]
2025-01-04 20:48:57,467 - Discard: [6S, 4C, 2S, JH, JC, 5S, 6H, 3S, 5H, 2C, 9H, AC, 6C, 8H, 7C]
2025-01-04 20:48:57,467 - Active Player: 2
2025-01-04 20:48:57,467 - STATE LOG: END
2025-01-04 20:48:59,108 - STATE LOG: BEGIN
2025-01-04 20:48:59,108 - Noah's Hand: [3D, 4S, 5D, 7S, TD, 3C, 9C]
2025-01-04 20:48:59,108 - Eve's Hand: [AD, 7H, TS, AH, TC, 8D, 8S]
2025-01-04 20:48:59,108 - Boss: Rank: 12 | Suit C | Attack 15 | Health 30
2025-01-04 20:48:59,108 - Tavern: [TH, JS, 3H, 6D, 5C, AS, 8C, 9S]
2025-01-04 20:48:59,108 - Castle: [KD, KC, KH, KS, QH, QD]
2025-01-04 20:48:59,108 - Discard: [6S, 4C, 2S, JH, JC, 5S, 6H, 3S, 5H, 2C, 9H, AC, 6C, 8H, 7C, 9D, 2D, 2H, 4D, 4H, 7D, JD, QS]
2025-01-04 20:48:59,108 - Active Player: 2
2025-01-04 20:48:59,108 - STATE LOG: END
2025-01-04 20:49:00,905 - STATE LOG: BEGIN
2025-01-04 20:49:00,905 - Noah's Hand: [3D, 4S, 5D, 7S, TD, 3C, 9C]
2025-01-04 20:49:00,905 - Eve's Hand: [AD, 7H, 8D, TC]
2025-01-04 20:49:00,905 - Boss: Rank: 12 | Suit C | Attack 4 | Health 19
2025-01-04 20:49:00,905 - Tavern: [5S, JD, 4H, 6C, 2S, 6S, 7D, 7C, JH, 8H, 4D, TH, JS, 3H, 6D, 5C, AS, 8C, 9S]
2025-01-04 20:49:00,905 - Castle: [KD, KC, KH, KS, QH, QD]
2025-01-04 20:49:00,905 - Discard: [QS, 4C, 2H, 5H, 2C, 6H, 2D, JC, 9D, 3S, 9H, AC, 8S]
2025-01-04 20:49:00,905 - Active Player: 1
2025-01-04 20:49:00,905 - STATE LOG: END
2025-01-04 20:49:02,723 - STATE LOG: BEGIN
2025-01-04 20:49:02,724 - Noah's Hand: [3C, 3D, 5D, 7S, 9C, TD]
2025-01-04 20:49:02,724 - Eve's Hand: [AD, 7H, 8D, TC]
2025-01-04 20:49:02,724 - Boss: Rank: 12 | Suit C | Attack 0 | Health 15
2025-01-04 20:49:02,724 - Tavern: [5S, JD, 4H, 6C, 2S, 6S, 7D, 7C, JH, 8H, 4D, TH, JS, 3H, 6D, 5C, AS, 8C, 9S]
2025-01-04 20:49:02,724 - Castle: [KD, KC, KH, KS, QH, QD]
2025-01-04 20:49:02,724 - Discard: [QS, 4C, 2H, 5H, 2C, 6H, 2D, JC, 9D, 3S, 9H, AC, 8S]
2025-01-04 20:49:02,724 - Active Player: 2
2025-01-04 20:49:02,724 - STATE LOG: END
2025-01-04 20:49:04,458 - STATE LOG: BEGIN
2025-01-04 20:49:04,458 - Noah's Hand: [3C, 3D, 5D, 7S, 9C, TD]
2025-01-04 20:49:04,458 - Eve's Hand: [7H, 8D, TC, 9S]
2025-01-04 20:49:04,458 - Boss: Rank: 12 | Suit C | Attack 0 | Health 14
2025-01-04 20:49:04,458 - Tavern: [5S, JD, 4H, 6C, 2S, 6S, 7D, 7C, JH, 8H, 4D, TH, JS, 3H, 6D, 5C, AS, 8C]
2025-01-04 20:49:04,458 - Castle: [KD, KC, KH, KS, QH, QD]
2025-01-04 20:49:04,458 - Discard: [QS, 4C, 2H, 5H, 2C, 6H, 2D, JC, 9D, 3S, 9H, AC, 8S]
2025-01-04 20:49:04,458 - Active Player: 1
2025-01-04 20:49:04,458 - STATE LOG: END
2025-01-04 20:49:06,048 - STATE LOG: BEGIN
2025-01-04 20:49:06,048 - Noah's Hand: [5D, 7S, 9C, TD, 8C, 5C, 3H]
2025-01-04 20:49:06,048 - Eve's Hand: [7H, 8D, TC, 9S, AS, 6D, JS]
2025-01-04 20:49:06,048 - Boss: Rank: 12 | Suit C | Attack 0 | Health 8
2025-01-04 20:49:06,048 - Tavern: [5S, JD, 4H, 6C, 2S, 6S, 7D, 7C, JH, 8H, 4D, TH]
2025-01-04 20:49:06,048 - Castle: [KD, KC, KH, KS, QH, QD]
2025-01-04 20:49:06,048 - Discard: [QS, 4C, 2H, 5H, 2C, 6H, 2D, JC, 9D, 3S, 9H, AC, 8S]
2025-01-04 20:49:06,048 - Active Player: 2
2025-01-04 20:49:06,048 - STATE LOG: END
2025-01-04 20:49:07,646 - STATE LOG: BEGIN
2025-01-04 20:49:07,646 - Noah's Hand: [5D, 7S, 9C, TD, 8C, 5C, 3H]
2025-01-04 20:49:07,646 - Eve's Hand: [AS, 7H, 8D, 9S, TC, JS, TH]
2025-01-04 20:49:07,646 - Boss: Rank: 12 | Suit C | Attack 0 | Health 2
2025-01-04 20:49:07,647 - Tavern: [5S, JD, 4H, 6C, 2S, 6S, 7D, 7C, JH, 8H, 4D]
2025-01-04 20:49:07,647 - Castle: [KD, KC, KH, KS, QH, QD]
2025-01-04 20:49:07,647 - Discard: [QS, 4C, 2H, 5H, 2C, 6H, 2D, JC, 9D, 3S, 9H, AC, 8S]
2025-01-04 20:49:07,647 - Active Player: 1
2025-01-04 20:49:07,647 - STATE LOG: END
2025-01-04 20:49:09,227 - STATE LOG: BEGIN
2025-01-04 20:49:09,228 - Noah's Hand: [3H, 7S, 8C, 9C, TD, 4D, 8H]
2025-01-04 20:49:09,228 - Eve's Hand: [AS, 7H, 8D, 9S, TC, JS, TH]
2025-01-04 20:49:09,228 - Boss: Rank: 12 | Suit D | Attack 15 | Health 30
2025-01-04 20:49:09,228 - Tavern: [5S, JD, 4H, 6C, 2S, 6S, 7D, 7C, JH]
2025-01-04 20:49:09,228 - Castle: [KD, KC, KH, KS, QH]
2025-01-04 20:49:09,228 - Discard: [QS, 4C, 2H, 5H, 2C, 6H, 2D, JC, 9D, 3S, 9H, AC, 8S, 4S, 3C, 3D, 5C, 5D, AH, TS, AD, 6D, QC]
2025-01-04 20:49:09,228 - Active Player: 1
2025-01-04 20:49:09,228 - STATE LOG: END
2025-01-04 20:49:10,698 - STATE LOG: BEGIN
2025-01-04 20:49:10,698 - Noah's Hand: [3H, 4D, 8H, 9C, TD]
2025-01-04 20:49:10,698 - Eve's Hand: [AS, 7H, 8D, 9S, TC, JS, TH]
2025-01-04 20:49:10,698 - Boss: Rank: 12 | Suit D | Attack 8 | Health 23
2025-01-04 20:49:10,698 - Tavern: [5S, JD, 4H, 6C, 2S, 6S, 7D, 7C, JH]
2025-01-04 20:49:10,698 - Castle: [KD, KC, KH, KS, QH]
2025-01-04 20:49:10,699 - Discard: [QS, 4C, 2H, 5H, 2C, 6H, 2D, JC, 9D, 3S, 9H, AC, 8S, 4S, 3C, 3D, 5C, 5D, AH, TS, AD, 6D, QC, 8C]
2025-01-04 20:49:10,699 - Active Player: 2
2025-01-04 20:49:10,699 - STATE LOG: END
2025-01-04 20:49:10,902 - STATE LOG: BEGIN
2025-01-04 20:49:10,902 - Noah's Hand: [3H, 4D, 8H, 9C, TD]
2025-01-04 20:49:10,902 - Eve's Hand: [AS, 7H, 8D, TC, TH, JS]
2025-01-04 20:49:10,902 - Boss: Rank: 12 | Suit D | Attack 0 | Health 14
2025-01-04 20:49:10,902 - Tavern: [5S, JD, 4H, 6C, 2S, 6S, 7D, 7C, JH]
2025-01-04 20:49:10,902 - Castle: [KD, KC, KH, KS, QH]
2025-01-04 20:49:10,902 - Discard: [QS, 4C, 2H, 5H, 2C, 6H, 2D, JC, 9D, 3S, 9H, AC, 8S, 4S, 3C, 3D, 5C, 5D, AH, TS, AD, 6D, QC, 8C]
2025-01-04 20:49:10,902 - Active Player: 1
2025-01-04 20:49:10,902 - STATE LOG: END
2025-01-04 20:49:12,462 - STATE LOG: BEGIN
2025-01-04 20:49:12,462 - Noah's Hand: [3H, 4D, 9C, TD]
2025-01-04 20:49:12,462 - Eve's Hand: [AS, 7H, 8D, TC, TH, JS]
2025-01-04 20:49:12,462 - Boss: Rank: 12 | Suit D | Attack 0 | Health 6
2025-01-04 20:49:12,462 - Tavern: [5C, 6D, 2D, TS, 9H, AD, 2C, JC, 5S, JD, 4H, 6C, 2S, 6S, 7D, 7C, JH]
2025-01-04 20:49:12,462 - Castle: [KD, KC, KH, KS, QH]
2025-01-04 20:49:12,462 - Discard: [2H, 8C, AC, 4S, 3C, 5H, AH, 5D, QS, QC, 3S, 4C, 3D, 9D, 6H, 8S]
2025-01-04 20:49:12,462 - Active Player: 2
2025-01-04 20:49:12,462 - STATE LOG: END
2025-01-04 20:49:14,214 - STATE LOG: BEGIN
2025-01-04 20:49:14,214 - Noah's Hand: [3H, 4D, 9C, TD]
2025-01-04 20:49:14,214 - Eve's Hand: [AS, 8D, TC, TH, JS]
2025-01-04 20:49:14,214 - Boss: Rank: 12 | Suit H | Attack 15 | Health 30
2025-01-04 20:49:14,214 - Tavern: [3D, 3C, 2H, 4C, 5D, 4S, QC, 5C, 6D, 2D, TS, 9H, AD, 2C, JC, 5S, JD, 4H, 6C, 2S, 6S, 7D, 7C, JH]
2025-01-04 20:49:14,214 - Castle: [KD, KC, KH, KS]
2025-01-04 20:49:14,214 - Discard: [AH, QS, 8S, 6H, 9D, 3S, 5H, AC, 8C, 7S, 8H, 9S, 7H, QD]
2025-01-04 20:49:14,214 - Active Player: 2
2025-01-04 20:49:14,214 - STATE LOG: END
2025-01-04 20:49:15,866 - STATE LOG: BEGIN
2025-01-04 20:49:15,866 - Noah's Hand: [3H, 4D, 9C, TD]
2025-01-04 20:49:15,866 - Eve's Hand: [AS, 8D, TH]
2025-01-04 20:49:15,866 - Boss: Rank: 12 | Suit H | Attack 4 | Health 19
2025-01-04 20:49:15,866 - Tavern: [3D, 3C, 2H, 4C, 5D, 4S, QC, 5C, 6D, 2D, TS, 9H, AD, 2C, JC, 5S, JD, 4H, 6C, 2S, 6S, 7D, 7C, JH]
2025-01-04 20:49:15,866 - Castle: [KD, KC, KH, KS]
2025-01-04 20:49:15,866 - Discard: [AH, QS, 8S, 6H, 9D, 3S, 5H, AC, 8C, 7S, 8H, 9S, 7H, QD, TC]
2025-01-04 20:49:15,866 - Active Player: 1
2025-01-04 20:49:15,866 - STATE LOG: END
2025-01-04 20:49:17,443 - STATE LOG: BEGIN
2025-01-04 20:49:17,443 - Noah's Hand: [3H, 4D, 9C, 7D, 2S, 4H]
2025-01-04 20:49:17,443 - Eve's Hand: [AS, 8D, TH, 7C, 6S, 6C, JD]
2025-01-04 20:49:17,443 - Boss: Rank: 12 | Suit H | Attack 4 | Health 9
2025-01-04 20:49:17,443 - Tavern: [3D, 3C, 2H, 4C, 5D, 4S, QC, 5C, 6D, 2D, TS, 9H, AD, 2C, JC, 5S]
2025-01-04 20:49:17,443 - Castle: [KD, KC, KH, KS]
2025-01-04 20:49:17,443 - Discard: [AH, QS, 8S, 6H, 9D, 3S, 5H, AC, 8C, 7S, 8H, 9S, 7H, QD, TC, JH]
2025-01-04 20:49:17,443 - Active Player: 2
2025-01-04 20:49:17,443 - STATE LOG: END
2025-01-04 20:49:19,492 - STATE LOG: BEGIN
2025-01-04 20:49:19,492 - Noah's Hand: [3H, 4D, 9C, 7D, 2S, 4H]
2025-01-04 20:49:19,492 - Eve's Hand: [AS, 6C, 7C, 8D, TH, JD]
2025-01-04 20:49:19,492 - Boss: Rank: 12 | Suit H | Attack 4 | Health 9
2025-01-04 20:49:19,492 - Tavern: [3D, 3C, 2H, 4C, 5D, 4S, QC, 5C, 6D, 2D, TS, 9H, AD, 2C, JC, 5S]
2025-01-04 20:49:19,492 - Castle: [KD, KC, KH, KS]
2025-01-04 20:49:19,492 - Discard: [AH, QS, 8S, 6H, 9D, 3S, 5H, AC, 8C, 7S, 8H, 9S, 7H, QD, TC, JH, 6S]
2025-01-04 20:49:19,492 - Active Player: 1
2025-01-04 20:49:19,492 - STATE LOG: END
2025-01-04 20:49:21,401 - STATE LOG: BEGIN
2025-01-04 20:49:21,402 - Noah's Hand: [2S, 3H, 4D, 4H, 9C, 2C]
2025-01-04 20:49:21,402 - Eve's Hand: [AS, 6C, 7C, 8D, TH, JD, JC]
2025-01-04 20:49:21,402 - Boss: Rank: 12 | Suit H | Attack 4 | Health 2
2025-01-04 20:49:21,402 - Tavern: [3D, 3C, 2H, 4C, 5D, 4S, QC, 5C, 6D, 2D, TS, 9H, AD]
2025-01-04 20:49:21,402 - Castle: [KD, KC, KH, KS]
2025-01-04 20:49:21,402 - Discard: [AH, QS, 8S, 6H, 9D, 3S, 5H, AC, 8C, 7S, 8H, 9S, 7H, QD, TC, JH, 6S, 5S]
2025-01-04 20:49:21,402 - Active Player: 2
2025-01-04 20:49:21,402 - STATE LOG: END
2025-01-04 20:49:23,473 - STATE LOG: BEGIN
2025-01-04 20:49:23,473 - Noah's Hand: [2S, 3H, 4D, 4H, 9C, 2C, 9H]
2025-01-04 20:49:23,473 - Eve's Hand: [AS, 6C, 7C, 8D, TH, JC, AD]
2025-01-04 20:49:23,473 - Boss: Rank: 13 | Suit S | Attack 20 | Health 40
2025-01-04 20:49:23,473 - Tavern: [3D, 3C, 2H, 4C, 5D, 4S, QC, 5C, 6D, 2D, TS]
2025-01-04 20:49:23,473 - Castle: [KD, KC, KH]
2025-01-04 20:49:23,473 - Discard: [AH, QS, 8S, 6H, 9D, 3S, 5H, AC, 8C, 7S, 8H, 9S, 7H, QD, TC, JH, 6S, 5S, TD, 7D, JS, JD, QH]
2025-01-04 20:49:23,473 - Active Player: 2
2025-01-04 20:49:23,473 - STATE LOG: END
2025-01-04 20:49:25,406 - STATE LOG: BEGIN
2025-01-04 20:49:25,406 - Noah's Hand: [2S, 3H, 4D, 4H, 9C, 2C, 9H]
2025-01-04 20:49:25,406 - Eve's Hand: [AS, 8D, AD]
2025-01-04 20:49:25,406 - Boss: Rank: 13 | Suit S | Attack 20 | Health 30
2025-01-04 20:49:25,406 - Tavern: [AC, QH, 9S, JD, JS, 9D, 6H, 5H, QD, AH, 3D, 3C, 2H, 4C, 5D, 4S, QC, 5C, 6D, 2D, TS]
2025-01-04 20:49:25,406 - Castle: [KD, KC, KH]
2025-01-04 20:49:25,406 - Discard: [5S, 7H, 3S, 7S, TC, 6S, QS, 8H, TD, JH, 7D, 8S, 8C, 6C, 7C, JC]
2025-01-04 20:49:25,406 - Active Player: 1
2025-01-04 20:49:25,406 - STATE LOG: END
2025-01-04 20:49:26,532 - STATE LOG: BEGIN
2025-01-04 20:49:26,532 - Noah's Hand: [TS, 6D]
2025-01-04 20:49:26,532 - Eve's Hand: [AS, 8D, AD, 2D, 5C, QC, 4S]
2025-01-04 20:49:26,532 - Boss: Rank: 13 | Suit S | Attack 20 | Health 22
2025-01-04 20:49:26,532 - Tavern: [JC, 8H, 7D, 6S, 5S, 8C, 3S, TD, AC, QH, 9S, JD, JS, 9D, 6H, 5H, QD, AH, 3D, 3C, 2H, 4C, 5D]
2025-01-04 20:49:26,532 - Castle: [KD, KC, KH]
2025-01-04 20:49:26,532 - Discard: [7S, 6C, JH, 7C, 8S, 7H, TC, QS, 2S, 9C, 3H, 2C, 9H]
2025-01-04 20:49:26,532 - Active Player: 2
2025-01-04 20:49:26,532 - STATE LOG: END
2025-01-04 20:49:27,054 - STATE LOG: BEGIN
2025-01-04 20:49:27,054 - Noah's Hand: [TS, 6D, 4C, 3C, 3D, AH, QD]
2025-01-04 20:49:27,054 - Eve's Hand: [AD, 2D, 5D, 2H]
2025-01-04 20:49:27,054 - Boss: Rank: 13 | Suit S | Attack 20 | Health 13
2025-01-04 20:49:27,054 - Tavern: [JC, 8H, 7D, 6S, 5S, 8C, 3S, TD, AC, QH, 9S, JD, JS, 9D, 6H, 5H]
2025-01-04 20:49:27,054 - Castle: [KD, KC, KH]
2025-01-04 20:49:27,054 - Discard: [7S, 6C, JH, 7C, 8S, 7H, TC, QS, 2S, 9C, 3H, 2C, 9H, 4S, 5C, QC]
2025-01-04 20:49:27,054 - Active Player: 1
2025-01-04 20:49:27,054 - STATE LOG: END
2025-01-04 20:49:28,091 - STATE LOG: BEGIN
2025-01-04 20:49:28,091 - Noah's Hand: [3C, 3D, 4C, 6D, TS, 5H, 9D]
2025-01-04 20:49:28,091 - Eve's Hand: [AD, 2D, 5D, 2H, 6H, JS, JD]
2025-01-04 20:49:28,091 - Boss: Rank: 13 | Suit H | Attack 20 | Health 40
2025-01-04 20:49:28,091 - Tavern: [JH, QC, 9C, 6C, 3H, 7C, 7S, 9H, 8S, 2C, 7H, TC, 5C, JC, 8H, 7D, 6S, 5S, 8C, 3S, TD, AC, QH, 9S]
2025-01-04 20:49:28,092 - Castle: [KD, KC]
2025-01-04 20:49:28,092 - Discard: [2S, QS, 4S, 4D, 4H, AH, QD, TH, AS, 8D]
2025-01-04 20:49:28,092 - Active Player: 1
2025-01-04 20:49:28,092 - STATE LOG: END
2025-01-04 20:49:30,262 - STATE LOG: BEGIN
2025-01-04 20:49:30,262 - Noah's Hand: [3D, 6D, 9D]
2025-01-04 20:49:30,262 - Eve's Hand: [AD, 2D, 5D, 2H, 6H, JS, JD]
2025-01-04 20:49:30,262 - Boss: Rank: 13 | Suit H | Attack 20 | Health 40
2025-01-04 20:49:30,262 - Tavern: [JH, QC, 9C, 6C, 3H, 7C, 7S, 9H, 8S, 2C, 7H, TC, 5C, JC, 8H, 7D, 6S, 5S, 8C, 3S, TD, AC, QH, 9S]
2025-01-04 20:49:30,262 - Castle: [KD, KC]
2025-01-04 20:49:30,262 - Discard: [2S, QS, 4S, 4D, 4H, AH, QD, TH, AS, 8D, 3C, 5H, 4C, TS]
2025-01-04 20:49:30,262 - Active Player: 2
2025-01-04 20:49:30,262 - STATE LOG: END
2025-01-04 20:49:32,350 - STATE LOG: BEGIN
2025-01-04 20:49:32,350 - Noah's Hand: [3D, 6D, 9D, 9S, QH, AC, TD]
2025-01-04 20:49:32,350 - Eve's Hand: [AD, 2D, 2H, 6H, JD]
2025-01-04 20:49:32,350 - Boss: Rank: 13 | Suit H | Attack 20 | Health 35
2025-01-04 20:49:32,350 - Tavern: [JH, QC, 9C, 6C, 3H, 7C, 7S, 9H, 8S, 2C, 7H, TC, 5C, JC, 8H, 7D, 6S, 5S, 8C, 3S]
2025-01-04 20:49:32,350 - Castle: [KD, KC]
2025-01-04 20:49:32,350 - Discard: [2S, QS, 4S, 4D, 4H, AH, QD, TH, AS, 8D, 3C, 5H, 4C, TS, JS, KS]
2025-01-04 20:49:32,350 - Active Player: 1
2025-01-04 20:49:32,350 - STATE LOG: END
2025-01-04 20:49:34,324 - STATE LOG: BEGIN
2025-01-04 20:49:34,324 - Noah's Hand: [3D, 6D, 9D, TD]
2025-01-04 20:49:34,324 - Eve's Hand: [AD, 2D, 2H, 6H, JD]
2025-01-04 20:49:34,324 - Boss: Rank: 13 | Suit H | Attack 11 | Health 26
2025-01-04 20:49:34,324 - Tavern: [JH, QC, 9C, 6C, 3H, 7C, 7S, 9H, 8S, 2C, 7H, TC, 5C, JC, 8H, 7D, 6S, 5S, 8C, 3S]
2025-01-04 20:49:34,324 - Castle: [KD, KC]
2025-01-04 20:49:34,324 - Discard: [2S, QS, 4S, 4D, 4H, AH, QD, TH, AS, 8D, 3C, 5H, 4C, TS, JS, KS, AC, QH]
2025-01-04 20:49:34,324 - Active Player: 2
2025-01-04 20:49:34,324 - STATE LOG: END
2025-01-04 20:49:36,406 - STATE LOG: BEGIN
2025-01-04 20:49:36,406 - Noah's Hand: [3D, 6D, 9D, TD, 8C, 6S, 8H]
2025-01-04 20:49:36,406 - Eve's Hand: [2D, 2H, JD, 5S, 7D]
2025-01-04 20:49:36,406 - Boss: Rank: 13 | Suit H | Attack 11 | Health 19
2025-01-04 20:49:36,406 - Tavern: [JH, QC, 9C, 6C, 3H, 7C, 7S, 9H, 8S, 2C, 7H, TC, 5C]
2025-01-04 20:49:36,406 - Castle: [KD, KC]
2025-01-04 20:49:36,406 - Discard: [2S, QS, 4S, 4D, 4H, AH, QD, TH, AS, 8D, 3C, 5H, 4C, TS, JS, KS, AC, QH, 3S, JC]
2025-01-04 20:49:36,406 - Active Player: 1
2025-01-04 20:49:36,406 - STATE LOG: END
2025-01-04 20:49:38,513 - STATE LOG: BEGIN
2025-01-04 20:49:38,513 - Noah's Hand: [3D, 6D, 8C, 9D, TD]
2025-01-04 20:49:38,513 - Eve's Hand: [2D, 2H, JD, 5S, 7D]
2025-01-04 20:49:38,513 - Boss: Rank: 13 | Suit H | Attack 5 | Health 13
2025-01-04 20:49:38,513 - Tavern: [JH, QC, 9C, 6C, 3H, 7C, 7S, 9H, 8S, 2C, 7H, TC, 5C]
2025-01-04 20:49:38,513 - Castle: [KD, KC]
2025-01-04 20:49:38,513 - Discard: [2S, QS, 4S, 4D, 4H, AH, QD, TH, AS, 8D, 3C, 5H, 4C, TS, JS, KS, AC, QH, 3S, JC, 8H]
2025-01-04 20:49:38,513 - Active Player: 2
2025-01-04 20:49:38,513 - STATE LOG: END
2025-01-04 20:49:40,692 - STATE LOG: BEGIN
2025-01-04 20:49:40,692 - Noah's Hand: [3D, 6D, 8C, 9D, TD, TC, 2C]
2025-01-04 20:49:40,692 - Eve's Hand: [2D, 5S, JD, 5C, 7H]
2025-01-04 20:49:40,692 - Boss: Rank: 13 | Suit H | Attack 5 | Health 6
2025-01-04 20:49:40,692 - Tavern: [JH, QC, 9C, 6C, 3H, 7C, 7S, 9H]
2025-01-04 20:49:40,692 - Castle: [KD, KC]
2025-01-04 20:49:40,692 - Discard: [2S, QS, 4S, 4D, 4H, AH, QD, TH, AS, 8D, 3C, 5H, 4C, TS, JS, KS, AC, QH, 3S, JC, 8H, 2H, 8S]
2025-01-04 20:49:40,692 - Active Player: 1
2025-01-04 20:49:40,692 - STATE LOG: END
2025-01-04 20:49:42,688 - STATE LOG: BEGIN
2025-01-04 20:49:42,690 - Noah's Hand: [2C, 3D, 6D, 8C, TC, TD, 9H]
2025-01-04 20:49:42,690 - Eve's Hand: [2D, 5S, JD, 5C, 7H, 7S, 7C]
2025-01-04 20:49:42,690 - Boss: Rank: 13 | Suit C | Attack 20 | Health 40
2025-01-04 20:49:42,690 - Tavern: [JH, QC, 9C, 6C, 3H]
2025-01-04 20:49:42,690 - Castle: [KD]
2025-01-04 20:49:42,690 - Discard: [2S, QS, 4S, 4D, 4H, AH, QD, TH, AS, 8D, 3C, 5H, 4C, TS, JS, KS, AC, QH, 3S, JC, 8H, 2H, 8S, 9S, 6S, 9D, 5D, AD, 6H, 7D, KH]
2025-01-04 20:49:42,690 - Active Player: 1
2025-01-04 20:49:42,690 - STATE LOG: END
2025-01-04 20:49:44,588 - STATE LOG: BEGIN
2025-01-04 20:49:44,588 - Noah's Hand: [3D, TD]
2025-01-04 20:49:44,588 - Eve's Hand: [2D, 5S, JD, 5C, 7H, 7S, 7C]
2025-01-04 20:49:44,588 - Boss: Rank: 13 | Suit C | Attack 20 | Health 30
2025-01-04 20:49:44,589 - Tavern: [JH, QC, 9C, 6C, 3H]
2025-01-04 20:49:44,589 - Castle: [KD]
2025-01-04 20:49:44,589 - Discard: [2S, QS, 4S, 4D, 4H, AH, QD, TH, AS, 8D, 3C, 5H, 4C, TS, JS, KS, AC, QH, 3S, JC, 8H, 2H, 8S, 9S, 6S, 9D, 5D, AD, 6H, 7D, KH, 9H, 2C, 8C, 6D]
2025-01-04 20:49:44,589 - Active Player: 2
2025-01-04 20:49:44,589 - STATE LOG: END
2025-01-04 20:49:44,988 - STATE LOG: BEGIN
2025-01-04 20:49:44,988 - Noah's Hand: [3D, TD]
2025-01-04 20:49:44,988 - Eve's Hand: [2D, 7S, JD]
2025-01-04 20:49:44,988 - Boss: Rank: 13 | Suit C | Attack 15 | Health 25
2025-01-04 20:49:44,988 - Tavern: [JH, QC, 9C, 6C, 3H]
2025-01-04 20:49:44,988 - Castle: [KD]
2025-01-04 20:49:44,988 - Discard: [2S, QS, 4S, 4D, 4H, AH, QD, TH, AS, 8D, 3C, 5H, 4C, TS, JS, KS, AC, QH, 3S, JC, 8H, 2H, 8S, 9S, 6S, 9D, 5D, AD, 6H, 7D, KH, 9H, 2C, 8C, 6D, 7C, 5C, 7H]
2025-01-04 20:49:44,988 - Active Player: 1
2025-01-04 20:49:44,988 - STATE LOG: END
2025-01-04 20:49:45,024 - STATE LOG: BEGIN
2025-01-04 20:49:45,024 - Noah's Hand: [3D]
2025-01-04 20:49:45,024 - Eve's Hand: [2D, 7S, JD, 6C, QC]
2025-01-04 20:49:45,024 - Boss: Rank: 13 | Suit C | Attack 15 | Health 15
2025-01-04 20:49:45,024 - Tavern: []
2025-01-04 20:49:45,024 - Castle: [KD]
2025-01-04 20:49:45,024 - Discard: [2S, QS, 4S, 4D, 4H, AH, QD, TH, AS, 8D, 3C, 5H, 4C, TS, JS, KS, AC, QH, 3S, JC, 8H, 2H, 8S, 9S, 6S, 9D, 5D, AD, 6H, 7D, KH, 9H, 2C, 8C, 6D, 7C, 5C, 7H, 9C, 3H, JH]
2025-01-04 20:49:45,024 - Active Player: 2
2025-01-04 20:49:45,024 - STATE LOG: END
2025-01-04 20:49:45,089 - STATE LOG: BEGIN
2025-01-04 20:49:45,089 - Noah's Hand: [3D]
2025-01-04 20:49:45,089 - Eve's Hand: [JD]
2025-01-04 20:49:45,089 - Boss: Rank: 13 | Suit C | Attack 15 | Health 3
2025-01-04 20:49:45,089 - Tavern: []
2025-01-04 20:49:45,089 - Castle: [KD]
2025-01-04 20:49:45,089 - Discard: [2S, QS, 4S, 4D, 4H, AH, QD, TH, AS, 8D, 3C, 5H, 4C, TS, JS, KS, AC, QH, 3S, JC, 8H, 2H, 8S, 9S, 6S, 9D, 5D, AD, 6H, 7D, KH, 9H, 2C, 8C, 6D, 7C, 5C, 7H, 9C, 3H, JH, 7S, 6C, 2D]
2025-01-04 20:49:45,089 - Active Player: 1
2025-01-04 20:49:45,089 - STATE LOG: END
2025-01-04 20:49:45,095 - STATE LOG: BEGIN
2025-01-04 20:49:45,095 - Noah's Hand: []
2025-01-04 20:49:45,095 - Eve's Hand: [JD]
2025-01-04 20:49:45,095 - Boss: Rank: 13 | Suit D | Attack 20 | Health 40
2025-01-04 20:49:45,095 - Tavern: []
2025-01-04 20:49:45,095 - Castle: []
2025-01-04 20:49:45,095 - Discard: [2S, QS, 4S, 4D, 4H, AH, QD, TH, AS, 8D, 3C, 5H, 4C, TS, JS, KS, AC, QH, 3S, JC, 8H, 2H, 8S, 9S, 6S, 9D, 5D, AD, 6H, 7D, KH, 9H, 2C, 8C, 6D, 7C, 5C, 7H, 9C, 3H, JH, 7S, 6C, 2D, TC, TD, 3D, 5S, QC]
2025-01-04 20:49:45,095 - Active Player: 1
2025-01-04 20:49:45,095 - STATE LOG: END
2025-01-04 20:49:45,097 - STATE LOG: BEGIN
2025-01-04 20:49:45,097 - Noah's Hand: []
2025-01-04 20:49:45,097 - Eve's Hand: [JD]
2025-01-04 20:49:45,097 - Boss: Rank: 13 | Suit D | Attack 20 | Health 40
2025-01-04 20:49:45,097 - Tavern: []
2025-01-04 20:49:45,097 - Castle: []
2025-01-04 20:49:45,097 - Discard: [2S, QS, 4S, 4D, 4H, AH, QD, TH, AS, 8D, 3C, 5H, 4C, TS, JS, KS, AC, QH, 3S, JC, 8H, 2H, 8S, 9S, 6S, 9D, 5D, AD, 6H, 7D, KH, 9H, 2C, 8C, 6D, 7C, 5C, 7H, 9C, 3H, JH, 7S, 6C, 2D, TC, TD, 3D, 5S, QC]
2025-01-04 20:49:45,097 - Active Player: 2
2025-01-04 20:49:45,097 - STATE LOG: END
