2025-01-04 22:55:22,838 - I log states! :D
2025-01-04 22:55:22,838 - STATE LOG: BEGIN
2025-01-04 22:55:22,838 - Noah's Hand: [AD, 4C, 3S, 5S, AC, 8D, 6D]
2025-01-04 22:55:22,838 - Eve's Hand: [TD, 4S, 7S, 8C, 9S, 9C, TS]
2025-01-04 22:55:22,838 - Boss: Rank: 11 | Suit H | Attack 10 | Health 20
2025-01-04 22:55:22,838 - Tavern: [5C, 2S, 9H, 3H, 8H, 6H, TC, 4D, AH, 4H, 3C, 2C, 3D, 2D, 9D, 5D, 7C, 7H, 8S, 2H, 6S, 7D, 6C, AS, TH, 5H]
2025-01-04 22:55:22,838 - Castle: [KS, KD, KC, KH, QS, QC, QH, QD, JD, JC, JS]
2025-01-04 22:55:22,838 - Discard: []
2025-01-04 22:55:22,838 - Active Player: 1
2025-01-04 22:55:22,838 - STATE LOG: END
2025-01-04 22:55:22,881 - STATE LOG: BEGIN
2025-01-04 22:55:22,881 - Noah's Hand: [AC, AD, 6D, 8D]
2025-01-04 22:55:22,881 - Eve's Hand: [TD, 4S, 7S, 8C, 9S, 9C, TS]
2025-01-04 22:55:22,881 - Boss: Rank: 11 | Suit H | Attack 5 | Health 15
2025-01-04 22:55:22,881 - Tavern: [5C, 2S, 9H, 3H, 8H, 6H, TC, 4D, AH, 4H, 3C, 2C, 3D, 2D, 9D, 5D, 7C, 7H, 8S, 2H, 6S, 7D, 6C, AS, TH, 5H]
2025-01-04 22:55:22,881 - Castle: [KS, KD, KC, KH, QS, QC, QH, QD, JD, JC, JS]
2025-01-04 22:55:22,881 - Discard: [3S, 4C]
2025-01-04 22:55:22,881 - Active Player: 2
2025-01-04 22:55:22,881 - STATE LOG: END
2025-01-04 22:55:22,909 - STATE LOG: BEGIN
2025-01-04 22:55:22,909 - Noah's Hand: [AC, AD, 6D, 8D]
2025-01-04 22:55:22,909 - Eve's Hand: [4S, 7S, 8C, 9C, TD, TS]
2025-01-04 22:55:22,909 - Boss: Rank: 11 | Suit H | Attack 5 | Health 15
2025-01-04 22:55:22,909 - Tavern: [5C, 2S, 9H, 3H, 8H, 6H, TC, 4D, AH, 4H, 3C, 2C, 3D, 2D, 9D, 5D, 7C, 7H, 8S, 2H, 6S, 7D, 6C, AS, TH, 5H]
2025-01-04 22:55:22,909 - Castle: [KS, KD, KC, KH, QS, QC, QH, QD, JD, JC, JS]
2025-01-04 22:55:22,909 - Discard: [3S, 4C, 9S]
2025-01-04 22:55:22,909 - Active Player: 1
2025-01-04 22:55:22,909 - STATE LOG: END
2025-01-04 22:55:22,932 - STATE LOG: BEGIN
2025-01-04 22:55:22,933 - Noah's Hand: [6D, 8D]
2025-01-04 22:55:22,933 - Eve's Hand: [4S, 7S, 8C, 9C, TD, TS]
2025-01-04 22:55:22,933 - Boss: Rank: 11 | Suit H | Attack 5 | Health 14
2025-01-04 22:55:22,933 - Tavern: [5C, 2S, 9H, 3H, 8H, 6H, TC, 4D, AH, 4H, 3C, 2C, 3D, 2D, 9D, 5D, 7C, 7H, 8S, 2H, 6S, 7D, 6C, AS, TH]
2025-01-04 22:55:22,933 - Castle: [KS, KD, KC, KH, QS, QC, QH, QD, JD, JC, JS]
2025-01-04 22:55:22,933 - Discard: [3S, 4C, 9S, AC, 5H]
2025-01-04 22:55:22,933 - Active Player: 2
2025-01-04 22:55:22,933 - STATE LOG: END
2025-01-04 22:55:22,956 - STATE LOG: BEGIN
2025-01-04 22:55:22,956 - Noah's Hand: [6D, 8D, AS, 7D, 6S, 2H, 8S]
2025-01-04 22:55:22,956 - Eve's Hand: [4S, 7S, 8C, TS, TH, 6C]
2025-01-04 22:55:22,956 - Boss: Rank: 11 | Suit H | Attack 5 | Health 4
2025-01-04 22:55:22,956 - Tavern: [5C, 2S, 9H, 3H, 8H, 6H, TC, 4D, AH, 4H, 3C, 2C, 3D, 2D, 9D, 5D, 7C, 7H]
2025-01-04 22:55:22,956 - Castle: [KS, KD, KC, KH, QS, QC, QH, QD, JD, JC, JS]
2025-01-04 22:55:22,956 - Discard: [3S, 4C, 9S, AC, 5H, 9C]
2025-01-04 22:55:22,956 - Active Player: 1
2025-01-04 22:55:22,956 - STATE LOG: END
2025-01-04 22:55:22,981 - STATE LOG: BEGIN
2025-01-04 22:55:22,981 - Noah's Hand: [6D, 6S, 7D, 8D]
2025-01-04 22:55:22,981 - Eve's Hand: [4S, 7S, 8C, TS, TH, 6C]
2025-01-04 22:55:22,981 - Boss: Rank: 11 | Suit H | Attack 5 | Health 2
2025-01-04 22:55:22,981 - Tavern: [5C, 2S, 9H, 3H, 8H, 6H, TC, 4D, AH, 4H, 3C, 2C, 3D, 2D, 9D, 5D, 7C, 7H]
2025-01-04 22:55:22,981 - Castle: [KS, KD, KC, KH, QS, QC, QH, QD, JD, JC, JS]
2025-01-04 22:55:22,981 - Discard: [3S, 4C, 9S, AC, 5H, 9C, AS, 8S]
2025-01-04 22:55:22,981 - Active Player: 2
2025-01-04 22:55:22,981 - STATE LOG: END
2025-01-04 22:55:23,007 - STATE LOG: BEGIN
2025-01-04 22:55:23,007 - Noah's Hand: [6D, 6S, 7D, 8D]
2025-01-04 22:55:23,007 - Eve's Hand: [4S, 6C, 7S, 8C, TS]
2025-01-04 22:55:23,007 - Boss: Rank: 11 | Suit S | Attack 10 | Health 20
2025-01-04 22:55:23,007 - Tavern: [5C, 2S, 9H, 3H, 8H, 6H, TC, 4D, AH, 4H, 3C, 2C, 3D, 2D, 9D, 5D, 7C, 7H]
2025-01-04 22:55:23,007 - Castle: [KS, KD, KC, KH, QS, QC, QH, QD, JD, JC]
2025-01-04 22:55:23,007 - Discard: [3S, 4C, 9S, AC, 5H, 9C, AS, 8S, 5S, AD, 2H, TD, TH, JH]
2025-01-04 22:55:23,007 - Active Player: 2
2025-01-04 22:55:23,007 - STATE LOG: END
2025-01-04 22:55:23,027 - STATE LOG: BEGIN
2025-01-04 22:55:23,027 - Noah's Hand: [6D, 6S, 7D, 8D]
2025-01-04 22:55:23,027 - Eve's Hand: [7S, TS]
2025-01-04 22:55:23,027 - Boss: Rank: 11 | Suit S | Attack 10 | Health 8
2025-01-04 22:55:23,027 - Tavern: [5C, 2S, 9H, 3H, 8H, 6H, TC, 4D, AH, 4H, 3C, 2C, 3D, 2D, 9D, 5D, 7C, 7H]
2025-01-04 22:55:23,027 - Castle: [KS, KD, KC, KH, QS, QC, QH, QD, JD, JC]
2025-01-04 22:55:23,027 - Discard: [3S, 4C, 9S, AC, 5H, 9C, AS, 8S, 5S, AD, 2H, TD, TH, JH, 4S, 8C]
2025-01-04 22:55:23,027 - Active Player: 1
2025-01-04 22:55:23,027 - STATE LOG: END
2025-01-04 22:55:23,082 - STATE LOG: BEGIN
2025-01-04 22:55:23,082 - Noah's Hand: [7D, 8D, 5D, 2D]
2025-01-04 22:55:23,082 - Eve's Hand: [7S, TS, 7C, 9D, 3D]
2025-01-04 22:55:23,082 - Boss: Rank: 11 | Suit S | Attack 10 | Health 2
2025-01-04 22:55:23,082 - Tavern: [5C, 2S, 9H, 3H, 8H, 6H, TC, 4D, AH, 4H, 3C, 2C]
2025-01-04 22:55:23,082 - Castle: [KS, KD, KC, KH, QS, QC, QH, QD, JD, JC]
2025-01-04 22:55:23,082 - Discard: [3S, 4C, 9S, AC, 5H, 9C, AS, 8S, 5S, AD, 2H, TD, TH, JH, 4S, 8C, 7H, 6S]
2025-01-04 22:55:23,082 - Active Player: 2
2025-01-04 22:55:23,082 - STATE LOG: END
2025-01-04 22:55:23,111 - STATE LOG: BEGIN
2025-01-04 22:55:23,111 - Noah's Hand: [7D, 8D, 5D, 2D, 3C]
2025-01-04 22:55:23,111 - Eve's Hand: [7C, 7S, 9D, TS, 2C, 4H]
2025-01-04 22:55:23,111 - Boss: Rank: 11 | Suit C | Attack 10 | Health 20
2025-01-04 22:55:23,111 - Tavern: [5C, 2S, 9H, 3H, 8H, 6H, TC, 4D, AH]
2025-01-04 22:55:23,111 - Castle: [KS, KD, KC, KH, QS, QC, QH, QD, JD]
2025-01-04 22:55:23,111 - Discard: [3S, 4C, 9S, AC, 5H, 9C, AS, 8S, 5S, AD, 2H, TD, TH, JH, 4S, 8C, 7H, 6S, 6D, 6C, 3D, JS]
2025-01-04 22:55:23,111 - Active Player: 2
2025-01-04 22:55:23,111 - STATE LOG: END
2025-01-04 22:55:23,138 - STATE LOG: BEGIN
2025-01-04 22:55:23,138 - Noah's Hand: [7D, 8D, 5D, 2D, 3C]
2025-01-04 22:55:23,138 - Eve's Hand: [2C, 4H, 7C, 7S, 9D]
2025-01-04 22:55:23,138 - Boss: Rank: 11 | Suit C | Attack 0 | Health 10
2025-01-04 22:55:23,138 - Tavern: [5C, 2S, 9H, 3H, 8H, 6H, TC, 4D, AH]
2025-01-04 22:55:23,138 - Castle: [KS, KD, KC, KH, QS, QC, QH, QD, JD]
2025-01-04 22:55:23,138 - Discard: [3S, 4C, 9S, AC, 5H, 9C, AS, 8S, 5S, AD, 2H, TD, TH, JH, 4S, 8C, 7H, 6S, 6D, 6C, 3D, JS]
2025-01-04 22:55:23,138 - Active Player: 1
2025-01-04 22:55:23,138 - STATE LOG: END
2025-01-04 22:55:23,164 - STATE LOG: BEGIN
2025-01-04 22:55:23,164 - Noah's Hand: [2D, 3C, 5D, 7D, 8D]
2025-01-04 22:55:23,164 - Eve's Hand: [2C, 4H, 7C, 7S, 9D]
2025-01-04 22:55:23,164 - Boss: Rank: 11 | Suit C | Attack 0 | Health 10
2025-01-04 22:55:23,164 - Tavern: [5C, 2S, 9H, 3H, 8H, 6H, TC, 4D, AH]
2025-01-04 22:55:23,164 - Castle: [KS, KD, KC, KH, QS, QC, QH, QD, JD]
2025-01-04 22:55:23,164 - Discard: [3S, 4C, 9S, AC, 5H, 9C, AS, 8S, 5S, AD, 2H, TD, TH, JH, 4S, 8C, 7H, 6S, 6D, 6C, 3D, JS]
2025-01-04 22:55:23,164 - Active Player: 2
2025-01-04 22:55:23,164 - STATE LOG: END
2025-01-04 22:55:23,191 - STATE LOG: BEGIN
2025-01-04 22:55:23,191 - Noah's Hand: [2D, 3C, 5D, 7D, 8D]
2025-01-04 22:55:23,191 - Eve's Hand: [2C, 7C, 7S, 9D]
2025-01-04 22:55:23,191 - Boss: Rank: 11 | Suit C | Attack 0 | Health 6
2025-01-04 22:55:23,191 - Tavern: [6D, 6C, 6S, 8S, 5C, 2S, 9H, 3H, 8H, 6H, TC, 4D, AH]
2025-01-04 22:55:23,191 - Castle: [KS, KD, KC, KH, QS, QC, QH, QD, JD]
2025-01-04 22:55:23,191 - Discard: [5H, JH, 4S, AC, 2H, 3S, 9S, 9C, 8C, JS, 7H, 4C, TH, AS, 3D, TD, AD, 5S]
2025-01-04 22:55:23,191 - Active Player: 1
2025-01-04 22:55:23,191 - STATE LOG: END
2025-01-04 22:55:23,214 - STATE LOG: BEGIN
2025-01-04 22:55:23,214 - Noah's Hand: [3C, 5D, 7D, 8D, AH]
2025-01-04 22:55:23,214 - Eve's Hand: [2C, 7C, 7S, 9D, 4D]
2025-01-04 22:55:23,214 - Boss: Rank: 11 | Suit C | Attack 0 | Health 4
2025-01-04 22:55:23,214 - Tavern: [6D, 6C, 6S, 8S, 5C, 2S, 9H, 3H, 8H, 6H, TC]
2025-01-04 22:55:23,214 - Castle: [KS, KD, KC, KH, QS, QC, QH, QD, JD]
2025-01-04 22:55:23,214 - Discard: [5H, JH, 4S, AC, 2H, 3S, 9S, 9C, 8C, JS, 7H, 4C, TH, AS, 3D, TD, AD, 5S]
2025-01-04 22:55:23,214 - Active Player: 2
2025-01-04 22:55:23,214 - STATE LOG: END
2025-01-04 22:55:23,238 - STATE LOG: BEGIN
2025-01-04 22:55:23,238 - Noah's Hand: [3C, 5D, 7D, 8D, AH]
2025-01-04 22:55:23,238 - Eve's Hand: [4D, 7C, 7S, 9D]
2025-01-04 22:55:23,238 - Boss: Rank: 11 | Suit C | Attack 0 | Health 2
2025-01-04 22:55:23,238 - Tavern: [6D, 6C, 6S, 8S, 5C, 2S, 9H, 3H, 8H, 6H, TC]
2025-01-04 22:55:23,238 - Castle: [KS, KD, KC, KH, QS, QC, QH, QD, JD]
2025-01-04 22:55:23,238 - Discard: [5H, JH, 4S, AC, 2H, 3S, 9S, 9C, 8C, JS, 7H, 4C, TH, AS, 3D, TD, AD, 5S]
2025-01-04 22:55:23,238 - Active Player: 1
2025-01-04 22:55:23,238 - STATE LOG: END
2025-01-04 22:55:23,263 - STATE LOG: BEGIN
2025-01-04 22:55:23,263 - Noah's Hand: [AH, 3C, 5D, 8D, TC, 8H, 9H]
2025-01-04 22:55:23,263 - Eve's Hand: [4D, 7C, 7S, 9D, 6H, 3H, 2S]
2025-01-04 22:55:23,263 - Boss: Rank: 11 | Suit D | Attack 10 | Health 20
2025-01-04 22:55:23,263 - Tavern: [6D, 6C, 6S, 8S, 5C]
2025-01-04 22:55:23,263 - Castle: [KS, KD, KC, KH, QS, QC, QH, QD]
2025-01-04 22:55:23,263 - Discard: [5H, JH, 4S, AC, 2H, 3S, 9S, 9C, 8C, JS, 7H, 4C, TH, AS, 3D, TD, AD, 5S, 2D, 7D, TS, 4H, 2C, JC]
2025-01-04 22:55:23,263 - Active Player: 1
2025-01-04 22:55:23,263 - STATE LOG: END
2025-01-04 22:55:23,288 - STATE LOG: BEGIN
2025-01-04 22:55:23,288 - Noah's Hand: [AH, 5D, 8D, 8H, 9H]
2025-01-04 22:55:23,288 - Eve's Hand: [4D, 7C, 7S, 9D, 6H, 3H, 2S]
2025-01-04 22:55:23,288 - Boss: Rank: 11 | Suit D | Attack 10 | Health 14
2025-01-04 22:55:23,288 - Tavern: [6D, 6C, 6S, 8S, 5C]
2025-01-04 22:55:23,288 - Castle: [KS, KD, KC, KH, QS, QC, QH, QD]
2025-01-04 22:55:23,288 - Discard: [5H, JH, 4S, AC, 2H, 3S, 9S, 9C, 8C, JS, 7H, 4C, TH, AS, 3D, TD, AD, 5S, 2D, 7D, TS, 4H, 2C, JC, TC]
2025-01-04 22:55:23,288 - Active Player: 2
2025-01-04 22:55:23,288 - STATE LOG: END
2025-01-04 22:55:23,311 - STATE LOG: BEGIN
2025-01-04 22:55:23,311 - Noah's Hand: [AH, 5D, 8D, 8H, 9H]
2025-01-04 22:55:23,311 - Eve's Hand: [4D, 7C, 7S, 9D]
2025-01-04 22:55:23,311 - Boss: Rank: 11 | Suit D | Attack 10 | Health 14
2025-01-04 22:55:23,311 - Tavern: [6D, 6C, 6S, 8S, 5C]
2025-01-04 22:55:23,311 - Castle: [KS, KD, KC, KH, QS, QC, QH, QD]
2025-01-04 22:55:23,311 - Discard: [5H, JH, 4S, AC, 2H, 3S, 9S, 9C, 8C, JS, 7H, 4C, TH, AS, 3D, TD, AD, 5S, 2D, 7D, TS, 4H, 2C, JC, TC, 3H, 2S, 6H]
2025-01-04 22:55:23,311 - Active Player: 1
2025-01-04 22:55:23,311 - STATE LOG: END
2025-01-04 22:55:23,332 - STATE LOG: BEGIN
2025-01-04 22:55:23,332 - Noah's Hand: [AH, 8D]
2025-01-04 22:55:23,332 - Eve's Hand: [4D, 7C, 7S, 9D]
2025-01-04 22:55:23,332 - Boss: Rank: 11 | Suit D | Attack 10 | Health 9
2025-01-04 22:55:23,332 - Tavern: [6D, 6C, 6S, 8S, 5C]
2025-01-04 22:55:23,332 - Castle: [KS, KD, KC, KH, QS, QC, QH, QD]
2025-01-04 22:55:23,332 - Discard: [5H, JH, 4S, AC, 2H, 3S, 9S, 9C, 8C, JS, 7H, 4C, TH, AS, 3D, TD, AD, 5S, 2D, 7D, TS, 4H, 2C, JC, TC, 3H, 2S, 6H, 9H, 8H]
2025-01-04 22:55:23,332 - Active Player: 2
2025-01-04 22:55:23,332 - STATE LOG: END
2025-01-04 22:55:23,345 - STATE LOG: BEGIN
2025-01-04 22:55:23,345 - Noah's Hand: [AH, 8D]
2025-01-04 22:55:23,345 - Eve's Hand: [4D, 9D]
2025-01-04 22:55:23,345 - Boss: Rank: 11 | Suit D | Attack 3 | Health 2
2025-01-04 22:55:23,345 - Tavern: [6D, 6C, 6S, 8S, 5C]
2025-01-04 22:55:23,345 - Castle: [KS, KD, KC, KH, QS, QC, QH, QD]
2025-01-04 22:55:23,346 - Discard: [5H, JH, 4S, AC, 2H, 3S, 9S, 9C, 8C, JS, 7H, 4C, TH, AS, 3D, TD, AD, 5S, 2D, 7D, TS, 4H, 2C, JC, TC, 3H, 2S, 6H, 9H, 8H, 7C]
2025-01-04 22:55:23,346 - Active Player: 1
2025-01-04 22:55:23,346 - STATE LOG: END
2025-01-04 22:55:23,351 - STATE LOG: BEGIN
2025-01-04 22:55:23,351 - Noah's Hand: []
2025-01-04 22:55:23,351 - Eve's Hand: [4D, 9D]
2025-01-04 22:55:23,351 - Boss: Rank: 12 | Suit D | Attack 15 | Health 30
2025-01-04 22:55:23,351 - Tavern: [3H, 4S, TC, 9H, 2C, 8C, AS, TD, 6H, 6D, 6C, 6S, 8S, 5C]
2025-01-04 22:55:23,351 - Castle: [KS, KD, KC, KH, QS, QC, QH]
2025-01-04 22:55:23,351 - Discard: [2D, 3S, TS, JC, 2S, 7C, 3D, 4C, 8H, 9C, 9S, 5S, AC, 7H, AD, 5H, JH, 2H, 4H, JS, 7D, TH, 3C, 5D, AH, 8D, 7S, JD]
2025-01-04 22:55:23,351 - Active Player: 1
2025-01-04 22:55:23,351 - STATE LOG: END
2025-01-04 22:55:23,352 - STATE LOG: BEGIN
2025-01-04 22:55:23,352 - Noah's Hand: []
2025-01-04 22:55:23,352 - Eve's Hand: [4D, 9D]
2025-01-04 22:55:23,352 - Boss: Rank: 12 | Suit D | Attack 15 | Health 30
2025-01-04 22:55:23,352 - Tavern: [3H, 4S, TC, 9H, 2C, 8C, AS, TD, 6H, 6D, 6C, 6S, 8S, 5C]
2025-01-04 22:55:23,352 - Castle: [KS, KD, KC, KH, QS, QC, QH]
2025-01-04 22:55:23,352 - Discard: [2D, 3S, TS, JC, 2S, 7C, 3D, 4C, 8H, 9C, 9S, 5S, AC, 7H, AD, 5H, JH, 2H, 4H, JS, 7D, TH, 3C, 5D, AH, 8D, 7S, JD]
2025-01-04 22:55:23,352 - Active Player: 2
2025-01-04 22:55:23,352 - STATE LOG: END
