2025-01-04 14:06:27,123 - I log states! :D
2025-01-04 14:06:27,123 - STATE LOG: BEGIN
2025-01-04 14:06:27,124 - Noah's Hand: [6H, 4D, 9D, 8S, 2C, 3D, 7S]
2025-01-04 14:06:27,124 - Eve's Hand: [TD, 6C, 4S, AD, 9S, 8D, 5S]
2025-01-04 14:06:27,124 - Boss: Rank: 11 | Suit C | Attack 10 | Health 20
2025-01-04 14:06:27,124 - Tavern: [7H, AC, 3H, 6D, 7D, AS, 5H, 2D, 3S, 4H, 5C, 9C, 2S, 6S, TC, TS, 4C, AH, 7C, 3C, 5D, 2H, 8H, TH, 8C, 9H]
2025-01-04 14:06:27,124 - Castle: [KH, KC, KD, KS, QD, QH, QC, QS, JS, JD, JH]
2025-01-04 14:06:27,124 - Discard: []
2025-01-04 14:06:27,124 - Active Player: 1
2025-01-04 14:06:27,124 - STATE LOG: END
2025-01-04 14:06:27,156 - STATE LOG: BEGIN
2025-01-04 14:06:27,156 - Noah's Hand: [2C, 4D, 6H, 7S, 8S]
2025-01-04 14:06:27,156 - Eve's Hand: [TD, 6C, 4S, AD, 9S, 8D, 5S]
2025-01-04 14:06:27,156 - Boss: Rank: 11 | Suit C | Attack 10 | Health 17
2025-01-04 14:06:27,156 - Tavern: [7H, AC, 3H, 6D, 7D, AS, 5H, 2D, 3S, 4H, 5C, 9C, 2S, 6S, TC, TS, 4C, AH, 7C, 3C, 5D, 2H, 8H, TH, 8C]
2025-01-04 14:06:27,156 - Castle: [KH, KC, KD, KS, QD, QH, QC, QS, JS, JD, JH]
2025-01-04 14:06:27,156 - Discard: [9H, 9D]
2025-01-04 14:06:27,156 - Active Player: 2
2025-01-04 14:06:27,156 - STATE LOG: END
2025-01-04 14:06:27,173 - STATE LOG: BEGIN
2025-01-04 14:06:27,173 - Noah's Hand: [2C, 4D, 6H, 7S, 8S, TH, 2H]
2025-01-04 14:06:27,174 - Eve's Hand: [4S, 6C, 8D, 9S, TD, 8C]
2025-01-04 14:06:27,174 - Boss: Rank: 11 | Suit C | Attack 4 | Health 11
2025-01-04 14:06:27,174 - Tavern: [7H, AC, 3H, 6D, 7D, AS, 5H, 2D, 3S, 4H, 5C, 9C, 2S, 6S, TC, TS, 4C, AH, 7C, 3C, 5D]
2025-01-04 14:06:27,174 - Castle: [KH, KC, KD, KS, QD, QH, QC, QS, JS, JD, JH]
2025-01-04 14:06:27,174 - Discard: [9H, 9D, 8H]
2025-01-04 14:06:27,174 - Active Player: 1
2025-01-04 14:06:27,174 - STATE LOG: END
2025-01-04 14:06:27,188 - STATE LOG: BEGIN
2025-01-04 14:06:27,188 - Noah's Hand: [2C, 2H, 4D, 6H, 7S, TH]
2025-01-04 14:06:27,188 - Eve's Hand: [4S, 6C, 8D, 9S, TD, 8C]
2025-01-04 14:06:27,188 - Boss: Rank: 11 | Suit C | Attack 0 | Health 3
2025-01-04 14:06:27,188 - Tavern: [7H, AC, 3H, 6D, 7D, AS, 5H, 2D, 3S, 4H, 5C, 9C, 2S, 6S, TC, TS, 4C, AH, 7C, 3C, 5D]
2025-01-04 14:06:27,188 - Castle: [KH, KC, KD, KS, QD, QH, QC, QS, JS, JD, JH]
2025-01-04 14:06:27,188 - Discard: [9H, 9D, 8H]
2025-01-04 14:06:27,188 - Active Player: 2
2025-01-04 14:06:27,188 - STATE LOG: END
2025-01-04 14:06:27,201 - STATE LOG: BEGIN
2025-01-04 14:06:27,201 - Noah's Hand: [2C, 2H, 4D, 6H, 7S, TH]
2025-01-04 14:06:27,201 - Eve's Hand: [4S, 8C, 8D, 9S, TD]
2025-01-04 14:06:27,201 - Boss: Rank: 11 | Suit H | Attack 10 | Health 20
2025-01-04 14:06:27,201 - Tavern: [7H, AC, 3H, 6D, 7D, AS, 5H, 2D, 3S, 4H, 5C, 9C, 2S, 6S, TC, TS, 4C, AH, 7C, 3C, 5D]
2025-01-04 14:06:27,201 - Castle: [KH, KC, KD, KS, QD, QH, QC, QS, JS, JD]
2025-01-04 14:06:27,201 - Discard: [9H, 9D, 8H, 3D, 8S, AD, 5S, 6C, JC]
2025-01-04 14:06:27,201 - Active Player: 2
2025-01-04 14:06:27,201 - STATE LOG: END
2025-01-04 14:06:27,214 - STATE LOG: BEGIN
2025-01-04 14:06:27,214 - Noah's Hand: [2C, 2H, 4D, 6H, 7S, TH]
2025-01-04 14:06:27,214 - Eve's Hand: [4S, 8C, 8D]
2025-01-04 14:06:27,214 - Boss: Rank: 11 | Suit H | Attack 1 | Health 11
2025-01-04 14:06:27,214 - Tavern: [7H, AC, 3H, 6D, 7D, AS, 5H, 2D, 3S, 4H, 5C, 9C, 2S, 6S, TC, TS, 4C, AH, 7C, 3C, 5D]
2025-01-04 14:06:27,214 - Castle: [KH, KC, KD, KS, QD, QH, QC, QS, JS, JD]
2025-01-04 14:06:27,214 - Discard: [9H, 9D, 8H, 3D, 8S, AD, 5S, 6C, JC, TD]
2025-01-04 14:06:27,214 - Active Player: 1
2025-01-04 14:06:27,214 - STATE LOG: END
2025-01-04 14:06:27,228 - STATE LOG: BEGIN
2025-01-04 14:06:27,228 - Noah's Hand: [2C, 2H, 4D, 6H, 7S]
2025-01-04 14:06:27,228 - Eve's Hand: [4S, 8C, 8D]
2025-01-04 14:06:27,228 - Boss: Rank: 11 | Suit H | Attack 1 | Health 11
2025-01-04 14:06:27,228 - Tavern: [7H, AC, 3H, 6D, 7D, AS, 5H, 2D, 3S, 4H, 5C, 9C, 2S, 6S, TC, TS, 4C, AH, 7C, 3C, 5D]
2025-01-04 14:06:27,228 - Castle: [KH, KC, KD, KS, QD, QH, QC, QS, JS, JD]
2025-01-04 14:06:27,228 - Discard: [9H, 9D, 8H, 3D, 8S, AD, 5S, 6C, JC, TD, TH]
2025-01-04 14:06:27,228 - Active Player: 2
2025-01-04 14:06:27,228 - STATE LOG: END
2025-01-04 14:06:27,241 - STATE LOG: BEGIN
2025-01-04 14:06:27,241 - Noah's Hand: [2C, 2H, 4D, 6H, 7S, 3C, AH]
2025-01-04 14:06:27,241 - Eve's Hand: [4S, 8C, 5D, 7C, 4C, TS]
2025-01-04 14:06:27,241 - Boss: Rank: 11 | Suit H | Attack 1 | Health 3
2025-01-04 14:06:27,241 - Tavern: [7H, AC, 3H, 6D, 7D, AS, 5H, 2D, 3S, 4H, 5C, 9C, 2S, 6S]
2025-01-04 14:06:27,241 - Castle: [KH, KC, KD, KS, QD, QH, QC, QS, JS, JD]
2025-01-04 14:06:27,241 - Discard: [9H, 9D, 8H, 3D, 8S, AD, 5S, 6C, JC, TD, TH, TC]
2025-01-04 14:06:27,241 - Active Player: 1
2025-01-04 14:06:27,241 - STATE LOG: END
2025-01-04 14:06:27,257 - STATE LOG: BEGIN
2025-01-04 14:06:27,257 - Noah's Hand: [AH, 3C, 4D, 6H, 7S]
2025-01-04 14:06:27,257 - Eve's Hand: [4S, 8C, 5D, 7C, 4C, TS]
2025-01-04 14:06:27,257 - Boss: Rank: 11 | Suit D | Attack 10 | Health 20
2025-01-04 14:06:27,257 - Tavern: [7H, AC, 3H, 6D, 7D, AS, 5H, 2D, 3S, 4H, 5C, 9C, 2S, 6S]
2025-01-04 14:06:27,257 - Castle: [KH, KC, KD, KS, QD, QH, QC, QS, JS]
2025-01-04 14:06:27,257 - Discard: [9H, 9D, 8H, 3D, 8S, AD, 5S, 6C, JC, TD, TH, TC, 2C, 2H, 9S, 8D, JH]
2025-01-04 14:06:27,257 - Active Player: 1
2025-01-04 14:06:27,257 - STATE LOG: END
2025-01-04 14:06:27,268 - STATE LOG: BEGIN
2025-01-04 14:06:27,268 - Noah's Hand: [3C]
2025-01-04 14:06:27,268 - Eve's Hand: [4S, 8C, 5D, 7C, 4C, TS]
2025-01-04 14:06:27,268 - Boss: Rank: 11 | Suit D | Attack 10 | Health 13
2025-01-04 14:06:27,268 - Tavern: [2C, 3D, 2H, 9H, 6C, JH, 8D, 7H, AC, 3H, 6D, 7D, AS, 5H, 2D, 3S, 4H, 5C, 9C, 2S, 6S]
2025-01-04 14:06:27,268 - Castle: [KH, KC, KD, KS, QD, QH, QC, QS, JS]
2025-01-04 14:06:27,268 - Discard: [8S, TD, 9D, TH, 8H, 5S, TC, AD, JC, 9S, 7S, 4D]
2025-01-04 14:06:27,268 - Active Player: 2
2025-01-04 14:06:27,268 - STATE LOG: END
2025-01-04 14:06:27,278 - STATE LOG: BEGIN
2025-01-04 14:06:27,278 - Noah's Hand: [3C]
2025-01-04 14:06:27,278 - Eve's Hand: [4C, 4S, 5D, 7C, 8C]
2025-01-04 14:06:27,278 - Boss: Rank: 11 | Suit D | Attack 0 | Health 3
2025-01-04 14:06:27,278 - Tavern: [2C, 3D, 2H, 9H, 6C, JH, 8D, 7H, AC, 3H, 6D, 7D, AS, 5H, 2D, 3S, 4H, 5C, 9C, 2S, 6S]
2025-01-04 14:06:27,278 - Castle: [KH, KC, KD, KS, QD, QH, QC, QS, JS]
2025-01-04 14:06:27,278 - Discard: [8S, TD, 9D, TH, 8H, 5S, TC, AD, JC, 9S, 7S, 4D]
2025-01-04 14:06:27,278 - Active Player: 1
2025-01-04 14:06:27,278 - STATE LOG: END
2025-01-04 14:06:27,286 - STATE LOG: BEGIN
2025-01-04 14:06:27,286 - Noah's Hand: [3C]
2025-01-04 14:06:27,286 - Eve's Hand: [4C, 4S, 5D, 7C, 8C]
2025-01-04 14:06:27,286 - Boss: Rank: 11 | Suit D | Attack 0 | Health 3
2025-01-04 14:06:27,286 - Tavern: [2C, 3D, 2H, 9H, 6C, JH, 8D, 7H, AC, 3H, 6D, 7D, AS, 5H, 2D, 3S, 4H, 5C, 9C, 2S, 6S]
2025-01-04 14:06:27,286 - Castle: [KH, KC, KD, KS, QD, QH, QC, QS, JS]
2025-01-04 14:06:27,286 - Discard: [8S, TD, 9D, TH, 8H, 5S, TC, AD, JC, 9S, 7S, 4D]
2025-01-04 14:06:27,286 - Active Player: 2
2025-01-04 14:06:27,286 - STATE LOG: END
2025-01-04 14:06:27,296 - STATE LOG: BEGIN
2025-01-04 14:06:27,296 - Noah's Hand: [3C]
2025-01-04 14:06:27,296 - Eve's Hand: [5D, 7C, 8C]
2025-01-04 14:06:27,296 - Boss: Rank: 11 | Suit S | Attack 10 | Health 20
2025-01-04 14:06:27,296 - Tavern: [2C, 3D, 2H, 9H, 6C, JH, 8D, 7H, AC, 3H, 6D, 7D, AS, 5H, 2D, 3S, 4H, 5C, 9C, 2S, 6S]
2025-01-04 14:06:27,296 - Castle: [KH, KC, KD, KS, QD, QH, QC, QS]
2025-01-04 14:06:27,296 - Discard: [8S, TD, 9D, TH, 8H, 5S, TC, AD, JC, 9S, 7S, 4D, AH, 6H, TS, 4C, 4S, JD]
2025-01-04 14:06:27,296 - Active Player: 2
2025-01-04 14:06:27,296 - STATE LOG: END
2025-01-04 14:06:27,304 - STATE LOG: BEGIN
2025-01-04 14:06:27,304 - Noah's Hand: [3C]
2025-01-04 14:06:27,304 - Eve's Hand: [5D]
2025-01-04 14:06:27,304 - Boss: Rank: 11 | Suit S | Attack 10 | Health 20
2025-01-04 14:06:27,304 - Tavern: [2C, 3D, 2H, 9H, 6C, JH, 8D, 7H, AC, 3H, 6D, 7D, AS, 5H, 2D, 3S, 4H, 5C, 9C, 2S, 6S]
2025-01-04 14:06:27,304 - Castle: [KH, KC, KD, KS, QD, QH, QC, QS]
2025-01-04 14:06:27,304 - Discard: [8S, TD, 9D, TH, 8H, 5S, TC, AD, JC, 9S, 7S, 4D, AH, 6H, TS, 4C, 4S, JD, 8C, 7C]
2025-01-04 14:06:27,304 - Active Player: 1
2025-01-04 14:06:27,304 - STATE LOG: END
2025-01-04 14:06:27,305 - STATE LOG: BEGIN
2025-01-04 14:06:27,305 - Noah's Hand: []
2025-01-04 14:06:27,305 - Eve's Hand: [5D]
2025-01-04 14:06:27,305 - Boss: Rank: 11 | Suit S | Attack 10 | Health 14
2025-01-04 14:06:27,305 - Tavern: [2C, 3D, 2H, 9H, 6C, JH, 8D, 7H, AC, 3H, 6D, 7D, AS, 5H, 2D, 3S, 4H, 5C, 9C, 2S, 6S]
2025-01-04 14:06:27,305 - Castle: [KH, KC, KD, KS, QD, QH, QC, QS]
2025-01-04 14:06:27,305 - Discard: [8S, TD, 9D, TH, 8H, 5S, TC, AD, JC, 9S, 7S, 4D, AH, 6H, TS, 4C, 4S, JD, 8C, 7C]
2025-01-04 14:06:27,305 - Active Player: 2
2025-01-04 14:06:27,305 - STATE LOG: END
