2025-01-04 01:50:31,932 - I log states! :D
2025-01-04 01:50:31,932 - STATE LOG: BEGIN
2025-01-04 01:50:31,932 - Noah's Hand: [4H, 3S, 2H, 5C, 4S, AH, 9S]
2025-01-04 01:50:31,932 - eve's Hand: [4C, 9C, AC, 6H, 3D, 5D, 8H]
2025-01-04 01:50:31,932 - Boss: Rank: 11 | Suit D | Attack 10 | Health 20
2025-01-04 01:50:31,932 - Tavern: [3H, 8S, 3C, 6S, TH, AS, TS, 7C, 2C, 9D, AD, 4D, 7S, 2D, 7H, TC, 9H, 8D, 2S, 6C, 7D, TD, 8C, 5H, 5S, 6D]
2025-01-04 01:50:31,932 - Castle: [KC, KH, KS, KD, QD, QC, QH, QS, JC, JS, JH]
2025-01-04 01:50:31,932 - Discard: []
2025-01-04 01:50:31,932 - Active Player: 1
2025-01-04 01:50:31,932 - STATE LOG: END
2025-01-04 01:50:38,418 - STATE LOG: BEGIN
2025-01-04 01:50:38,418 - Noah's Hand: [2H, 3S, 4H, 4S, 5C]
2025-01-04 01:50:38,418 - eve's Hand: [4C, 9C, AC, 6H, 3D, 5D, 8H]
2025-01-04 01:50:38,418 - Boss: Rank: 11 | Suit D | Attack 0 | Health 10
2025-01-04 01:50:38,418 - Tavern: [3H, 8S, 3C, 6S, TH, AS, TS, 7C, 2C, 9D, AD, 4D, 7S, 2D, 7H, TC, 9H, 8D, 2S, 6C, 7D, TD, 8C, 5H, 5S, 6D]
2025-01-04 01:50:38,418 - Castle: [KC, KH, KS, KD, QD, QC, QH, QS, JC, JS, JH]
2025-01-04 01:50:38,418 - Discard: []
2025-01-04 01:50:38,418 - Active Player: 2
2025-01-04 01:50:38,418 - STATE LOG: END
2025-01-04 01:50:46,150 - STATE LOG: BEGIN
2025-01-04 01:50:46,152 - Noah's Hand: [2H, 3S, 4H, 4S, 5C]
2025-01-04 01:50:46,152 - eve's Hand: [3D, 5D, 6H, 8H, 9C]
2025-01-04 01:50:46,152 - Boss: Rank: 11 | Suit H | Attack 10 | Health 20
2025-01-04 01:50:46,152 - Tavern: [3H, 8S, 3C, 6S, TH, AS, TS, 7C, 2C, 9D, AD, 4D, 7S, 2D, 7H, TC, 9H, 8D, 2S, 6C, 7D, TD, 8C, 5H, 5S, 6D]
2025-01-04 01:50:46,152 - Castle: [KC, KH, KS, KD, QD, QC, QH, QS, JC, JS]
2025-01-04 01:50:46,152 - Discard: [AH, 9S, AC, 4C]
2025-01-04 01:50:46,153 - Active Player: 2
2025-01-04 01:50:46,153 - STATE LOG: END
2025-01-04 01:50:51,529 - STATE LOG: BEGIN
2025-01-04 01:50:51,530 - Noah's Hand: [2H, 3S, 4H, 4S, 5C]
2025-01-04 01:50:51,530 - eve's Hand: [3D, 5D]
2025-01-04 01:50:51,530 - Boss: Rank: 11 | Suit H | Attack 10 | Health 12
2025-01-04 01:50:51,530 - Tavern: [3H, 8S, 3C, 6S, TH, AS, TS, 7C, 2C, 9D, AD, 4D, 7S, 2D, 7H, TC, 9H, 8D, 2S, 6C, 7D, TD, 8C, 5H, 5S, 6D]
2025-01-04 01:50:51,530 - Castle: [KC, KH, KS, KD, QD, QC, QH, QS, JC, JS]
2025-01-04 01:50:51,530 - Discard: [AH, 9S, AC, 4C, 9C, 6H]
2025-01-04 01:50:51,530 - Active Player: 1
2025-01-04 01:50:51,530 - STATE LOG: END
2025-01-04 01:50:53,940 - STATE LOG: BEGIN
2025-01-04 01:50:53,940 - Noah's Hand: [2H]
2025-01-04 01:50:53,940 - eve's Hand: [3D, 5D]
2025-01-04 01:50:53,940 - Boss: Rank: 11 | Suit H | Attack 10 | Health 2
2025-01-04 01:50:53,940 - Tavern: [3H, 8S, 3C, 6S, TH, AS, TS, 7C, 2C, 9D, AD, 4D, 7S, 2D, 7H, TC, 9H, 8D, 2S, 6C, 7D, TD, 8C, 5H, 5S, 6D]
2025-01-04 01:50:53,940 - Castle: [KC, KH, KS, KD, QD, QC, QH, QS, JC, JS]
2025-01-04 01:50:53,940 - Discard: [AH, 9S, AC, 4C, 9C, 6H, 4S, 4H, 3S]
2025-01-04 01:50:53,940 - Active Player: 2
2025-01-04 01:50:53,940 - STATE LOG: END
2025-01-04 01:50:56,514 - STATE LOG: BEGIN
2025-01-04 01:50:56,514 - Noah's Hand: [2H, 6D]
2025-01-04 01:50:56,514 - eve's Hand: [5D, JD, 5S]
2025-01-04 01:50:56,514 - Boss: Rank: 11 | Suit S | Attack 10 | Health 20
2025-01-04 01:50:56,514 - Tavern: [3H, 8S, 3C, 6S, TH, AS, TS, 7C, 2C, 9D, AD, 4D, 7S, 2D, 7H, TC, 9H, 8D, 2S, 6C, 7D, TD, 8C, 5H]
2025-01-04 01:50:56,514 - Castle: [KC, KH, KS, KD, QD, QC, QH, QS, JC]
2025-01-04 01:50:56,514 - Discard: [AH, 9S, AC, 4C, 9C, 6H, 4S, 4H, 3S, 5C, 8H, 3D, JH]
2025-01-04 01:50:56,514 - Active Player: 2
2025-01-04 01:50:56,514 - STATE LOG: END
2025-01-04 01:51:00,309 - STATE LOG: BEGIN
2025-01-04 01:51:00,309 - Noah's Hand: [2H, 6D, 8C, 7D, 2S, 9H, 7H]
2025-01-04 01:51:00,309 - eve's Hand: [5D, 5S, 5H, TD, 6C, 8D]
2025-01-04 01:51:00,309 - Boss: Rank: 11 | Suit S | Attack 10 | Health 9
2025-01-04 01:51:00,309 - Tavern: [3H, 8S, 3C, 6S, TH, AS, TS, 7C, 2C, 9D, AD, 4D, 7S, 2D]
2025-01-04 01:51:00,309 - Castle: [KC, KH, KS, KD, QD, QC, QH, QS, JC]
2025-01-04 01:51:00,309 - Discard: [AH, 9S, AC, 4C, 9C, 6H, 4S, 4H, 3S, 5C, 8H, 3D, JH, TC]
2025-01-04 01:51:00,309 - Active Player: 1
2025-01-04 01:51:00,309 - STATE LOG: END
2025-01-04 01:51:10,355 - STATE LOG: BEGIN
2025-01-04 01:51:10,355 - Noah's Hand: [2H, 2S, 6D, 7D]
2025-01-04 01:51:10,355 - eve's Hand: [5D, 5S, 5H, TD, 6C, 8D]
2025-01-04 01:51:10,355 - Boss: Rank: 11 | Suit S | Attack 10 | Health 2
2025-01-04 01:51:10,356 - Tavern: [JH, 9S, 6H, TC, 4C, 3D, 4H, 3H, 8S, 3C, 6S, TH, AS, TS, 7C, 2C, 9D, AD, 4D, 7S, 2D]
2025-01-04 01:51:10,356 - Castle: [KC, KH, KS, KD, QD, QC, QH, QS, JC]
2025-01-04 01:51:10,356 - Discard: [8H, 9C, AH, AC, 5C, 3S, 4S, 9H, 8C]
2025-01-04 01:51:10,356 - Active Player: 2
2025-01-04 01:51:10,356 - STATE LOG: END
2025-01-04 01:51:20,358 - STATE LOG: BEGIN
2025-01-04 01:51:20,359 - Noah's Hand: [2H, 2S, 6D, 7D]
2025-01-04 01:51:20,359 - eve's Hand: [5D, 5H, 5S, 6C, 8D]
2025-01-04 01:51:20,359 - Boss: Rank: 11 | Suit S | Attack 10 | Health 2
2025-01-04 01:51:20,359 - Tavern: [JH, 9S, 6H, TC, 4C, 3D, 4H, 3H, 8S, 3C, 6S, TH, AS, TS, 7C, 2C, 9D, AD, 4D, 7S, 2D]
2025-01-04 01:51:20,359 - Castle: [KC, KH, KS, KD, QD, QC, QH, QS, JC]
2025-01-04 01:51:20,359 - Discard: [8H, 9C, AH, AC, 5C, 3S, 4S, 9H, 8C, TD]
2025-01-04 01:51:20,359 - Active Player: 1
2025-01-04 01:51:20,359 - STATE LOG: END
2025-01-04 01:51:30,360 - STATE LOG: BEGIN
2025-01-04 01:51:30,361 - Noah's Hand: [2H, 2S, 6D, 2D, 4D, 9D, 2C]
2025-01-04 01:51:30,361 - eve's Hand: [5D, 5H, 5S, 6C, 8D, 7S, AD]
2025-01-04 01:51:30,361 - Boss: Rank: 11 | Suit C | Attack 10 | Health 20
2025-01-04 01:51:30,361 - Tavern: [JH, 9S, 6H, TC, 4C, 3D, 4H, 3H, 8S, 3C, 6S, TH, AS, TS, 7C]
2025-01-04 01:51:30,361 - Castle: [KC, KH, KS, KD, QD, QC, QH, QS]
2025-01-04 01:51:30,361 - Discard: [8H, 9C, AH, AC, 5C, 3S, 4S, 9H, 8C, TD, 7H, 7D, JD, JS]
2025-01-04 01:51:30,361 - Active Player: 1
2025-01-04 01:51:30,361 - STATE LOG: END
2025-01-04 01:51:40,362 - STATE LOG: BEGIN
2025-01-04 01:51:40,363 - Noah's Hand: [2C, 2D, 2H, 2S, 6D]
2025-01-04 01:51:40,363 - eve's Hand: [5D, 5H, 5S, 6C, 8D, 7S, AD]
2025-01-04 01:51:40,363 - Boss: Rank: 11 | Suit C | Attack 10 | Health 16
2025-01-04 01:51:40,363 - Tavern: [JH, 9S, 6H, TC, 4C, 3D, 4H, 3H, 8S, 3C, 6S, TH, AS, TS]
2025-01-04 01:51:40,363 - Castle: [KC, KH, KS, KD, QD, QC, QH, QS]
2025-01-04 01:51:40,363 - Discard: [8H, 9C, AH, AC, 5C, 3S, 4S, 9H, 8C, TD, 7H, 7D, JD, JS, 7C, 9D]
2025-01-04 01:51:40,363 - Active Player: 2
2025-01-04 01:51:40,363 - STATE LOG: END
2025-01-04 01:51:50,365 - STATE LOG: BEGIN
2025-01-04 01:51:50,365 - Noah's Hand: [2C, 2D, 2H, 2S, 6D]
2025-01-04 01:51:50,365 - eve's Hand: [AD, 5D, 5H, 5S, 6C]
2025-01-04 01:51:50,365 - Boss: Rank: 11 | Suit C | Attack 10 | Health 16
2025-01-04 01:51:50,365 - Tavern: [JH, 9S, 6H, TC, 4C, 3D, 4H, 3H, 8S, 3C, 6S, TH, AS, TS]
2025-01-04 01:51:50,365 - Castle: [KC, KH, KS, KD, QD, QC, QH, QS]
2025-01-04 01:51:50,365 - Discard: [8H, 9C, AH, AC, 5C, 3S, 4S, 9H, 8C, TD, 7H, 7D, JD, JS, 7C, 9D, 8D, 7S]
2025-01-04 01:51:50,365 - Active Player: 1
2025-01-04 01:51:50,365 - STATE LOG: END
2025-01-04 01:52:00,380 - STATE LOG: BEGIN
2025-01-04 01:52:00,384 - Noah's Hand: [2C, 2D, 2H, 2S, TS]
2025-01-04 01:52:00,384 - eve's Hand: [AD, 5D, 5H, 5S, 6C, AS, 6S]
2025-01-04 01:52:00,384 - Boss: Rank: 11 | Suit C | Attack 10 | Health 10
2025-01-04 01:52:00,384 - Tavern: [JH, 9S, 6H, TC, 4C, 3D, 4H, 3H, 8S]
2025-01-04 01:52:00,384 - Castle: [KC, KH, KS, KD, QD, QC, QH, QS]
2025-01-04 01:52:00,385 - Discard: [8H, 9C, AH, AC, 5C, 3S, 4S, 9H, 8C, TD, 7H, 7D, JD, JS, 7C, 9D, 8D, 7S, 3C, TH]
2025-01-04 01:52:00,385 - Active Player: 2
2025-01-04 01:52:00,385 - STATE LOG: END
2025-01-04 01:52:11,860 - STATE LOG: BEGIN
2025-01-04 01:52:11,866 - Noah's Hand: [2C, 2D, 2H, 2S, TS]
2025-01-04 01:52:11,866 - eve's Hand: [AD, 5D, 5H, 5S]
2025-01-04 01:52:11,866 - Boss: Rank: 11 | Suit C | Attack 9 | Health 9
2025-01-04 01:52:11,866 - Tavern: [JH, 9S, 6H, TC, 4C, 3D, 4H, 3H, 8S]
2025-01-04 01:52:11,866 - Castle: [KC, KH, KS, KD, QD, QC, QH, QS]
2025-01-04 01:52:11,866 - Discard: [8H, 9C, AH, AC, 5C, 3S, 4S, 9H, 8C, TD, 7H, 7D, JD, JS, 7C, 9D, 8D, 7S, 3C, TH, 6S, 6C]
2025-01-04 01:52:11,866 - Active Player: 1
2025-01-04 01:52:11,866 - STATE LOG: END
2025-01-04 01:52:21,874 - STATE LOG: BEGIN
2025-01-04 01:52:21,878 - Noah's Hand: [TS, 8S, 4H, 4C, 6H]
2025-01-04 01:52:21,878 - eve's Hand: [AD, 5D, 5H, 5S, 3H, 3D, TC]
2025-01-04 01:52:21,881 - Boss: Rank: 11 | Suit C | Attack 1 | Health 1
2025-01-04 01:52:21,883 - Tavern: [8H, 4S, TH, 8D, JD, 3C, 6C, 7C, JH]
2025-01-04 01:52:21,883 - Castle: [KC, KH, KS, KD, QD, QC, QH, QS]
2025-01-04 01:52:21,883 - Discard: [8C, TD, 7S, 7D, 9C, 7H, AH, 5C, 3S, 9H, AC, 6S, JS, 9D, 9S]
2025-01-04 01:52:21,883 - Active Player: 2
2025-01-04 01:52:21,883 - STATE LOG: END
2025-01-04 01:52:31,891 - STATE LOG: BEGIN
2025-01-04 01:52:31,892 - Noah's Hand: [TS, 8S, 4H, 4C, 6H, 7C, 3C]
2025-01-04 01:52:31,892 - eve's Hand: [AD, 5D, 5H, 5S, TC, JH, 6C]
2025-01-04 01:52:31,892 - Boss: Rank: 12 | Suit S | Attack 15 | Health 30
2025-01-04 01:52:31,892 - Tavern: [6S, 7S, TD, 3S, JS, 7D, 8H, 4S, TH, 8D, JD]
2025-01-04 01:52:31,892 - Castle: [KC, KH, KS, KD, QD, QC, QH]
2025-01-04 01:52:31,892 - Discard: [7H, AC, 9H, 8C, 9D, AH, 9S, 5C, 9C, 4D, 6D, 2C, 2D, 2H, 2S, AS, 3D, 3H, JC]
2025-01-04 01:52:31,892 - Active Player: 2
2025-01-04 01:52:31,892 - STATE LOG: END
2025-01-04 01:52:41,894 - STATE LOG: BEGIN
2025-01-04 01:52:41,894 - Noah's Hand: [TS, 8S, 4H, 4C, 6H, 7C, 3C]
2025-01-04 01:52:41,894 - eve's Hand: [AD, 5D, 5H, 5S, 6C]
2025-01-04 01:52:41,894 - Boss: Rank: 12 | Suit S | Attack 15 | Health 30
2025-01-04 01:52:41,894 - Tavern: [6S, 7S, TD, 3S, JS, 7D, 8H, 4S, TH, 8D, JD]
2025-01-04 01:52:41,894 - Castle: [KC, KH, KS, KD, QD, QC, QH]
2025-01-04 01:52:41,894 - Discard: [7H, AC, 9H, 8C, 9D, AH, 9S, 5C, 9C, 4D, 6D, 2C, 2D, 2H, 2S, AS, 3D, 3H, JC, JH, TC]
2025-01-04 01:52:41,894 - Active Player: 1
2025-01-04 01:52:41,894 - STATE LOG: END
2025-01-04 01:52:49,449 - STATE LOG: BEGIN
2025-01-04 01:52:49,453 - Noah's Hand: [3C, 4C, 4H, 7C]
2025-01-04 01:52:49,453 - eve's Hand: [AD, 5D, 5H, 5S, 6C]
2025-01-04 01:52:49,453 - Boss: Rank: 12 | Suit S | Attack 15 | Health 24
2025-01-04 01:52:49,453 - Tavern: [2D, 5C, AH, AC, TC, 2C, 6S, 7S, TD, 3S, JS, 7D, 8H, 4S, TH, 8D, JD]
2025-01-04 01:52:49,454 - Castle: [KC, KH, KS, KD, QD, QC, QH]
2025-01-04 01:52:49,454 - Discard: [2S, 9S, 3D, 4D, 7H, 2H, JH, AS, 6D, 9C, 3H, 9H, JC, 9D, 8C, TS, 8S]
2025-01-04 01:52:49,454 - Active Player: 2
2025-01-04 01:52:49,455 - STATE LOG: END
2025-01-04 01:52:52,369 - STATE LOG: BEGIN
2025-01-04 01:52:52,369 - Noah's Hand: [3C, 4C, 4H, 7C, 8D, 4S, 7D]
2025-01-04 01:52:52,369 - eve's Hand: [AD, 5S, 6C, JD, TH]
2025-01-04 01:52:52,369 - Boss: Rank: 12 | Suit S | Attack 15 | Health 14
2025-01-04 01:52:52,369 - Tavern: [2S, 3D, 3H, TS, AS, JH, 7H, 9H, 9D, 9S, 2D, 5C, AH, AC, TC, 2C, 6S, 7S, TD, 3S]
2025-01-04 01:52:52,369 - Castle: [KC, KH, KS, KD, QD, QC, QH]
2025-01-04 01:52:52,369 - Discard: [4D, 9C, 8C, 6D, 2H, 8S, JC, JS, 8H]
2025-01-04 01:52:52,369 - Active Player: 1
2025-01-04 01:52:52,369 - STATE LOG: END
2025-01-04 01:53:02,370 - STATE LOG: BEGIN
2025-01-04 01:53:02,371 - Noah's Hand: [3C, 4C, 4H, 4S, 7D, 8D]
2025-01-04 01:53:02,371 - eve's Hand: [AD, 5S, 6C, JD, TH]
2025-01-04 01:53:02,371 - Boss: Rank: 12 | Suit H | Attack 15 | Health 30
2025-01-04 01:53:02,371 - Tavern: [2S, 3D, 3H, TS, AS, JH, 7H, 9H, 9D, 9S, 2D, 5C, AH, AC, TC, 2C, 6S, 7S, TD, 3S]
2025-01-04 01:53:02,371 - Castle: [KC, KH, KS, KD, QD, QC]
2025-01-04 01:53:02,371 - Discard: [4D, 9C, 8C, 6D, 2H, 8S, JC, JS, 8H, 6H, 7C, 5D, 5H]
2025-01-04 01:53:02,371 - Active Player: 1
2025-01-04 01:53:02,371 - STATE LOG: END
2025-01-04 01:53:09,666 - STATE LOG: BEGIN
2025-01-04 01:53:09,667 - Noah's Hand: [3C, 4C, 7D]
2025-01-04 01:53:09,667 - eve's Hand: [AD, 5S, 6C, JD, TH]
2025-01-04 01:53:09,667 - Boss: Rank: 12 | Suit H | Attack 7 | Health 22
2025-01-04 01:53:09,667 - Tavern: [2S, 3D, 3H, TS, AS, JH, 7H, 9H, 9D, 9S, 2D, 5C, AH, AC, TC, 2C, 6S, 7S, TD, 3S]
2025-01-04 01:53:09,667 - Castle: [KC, KH, KS, KD, QD, QC]
2025-01-04 01:53:09,667 - Discard: [4D, 9C, 8C, 6D, 2H, 8S, JC, JS, 8H, 6H, 7C, 5D, 5H, 8D]
2025-01-04 01:53:09,667 - Active Player: 2
2025-01-04 01:53:09,667 - STATE LOG: END
2025-01-04 01:53:16,519 - STATE LOG: BEGIN
2025-01-04 01:53:16,519 - Noah's Hand: [3C, 4C, 7D, 3S, 7S, 2C, AC]
2025-01-04 01:53:16,519 - eve's Hand: [5S, 6C, JD, QS, TD, 6S]
2025-01-04 01:53:16,519 - Boss: Rank: 12 | Suit H | Attack 7 | Health 11
2025-01-04 01:53:16,519 - Tavern: [2S, 3D, 3H, TS, AS, JH, 7H, 9H, 9D, 9S, 2D, 5C, AH]
2025-01-04 01:53:16,519 - Castle: [KC, KH, KS, KD, QD, QC]
2025-01-04 01:53:16,519 - Discard: [4D, 9C, 8C, 6D, 2H, 8S, JC, JS, 8H, 6H, 7C, 5D, 5H, 8D, TC]
2025-01-04 01:53:16,519 - Active Player: 1
2025-01-04 01:53:16,519 - STATE LOG: END
2025-01-04 01:53:26,527 - STATE LOG: BEGIN
2025-01-04 01:53:26,529 - Noah's Hand: [2C, 3C, 3S, 4C, 7S, AH, 2D]
2025-01-04 01:53:26,529 - eve's Hand: [5S, 6C, JD, QS, TD, 6S, 5C]
2025-01-04 01:53:26,529 - Boss: Rank: 12 | Suit C | Attack 15 | Health 30
2025-01-04 01:53:26,529 - Tavern: [2S, 3D, 3H, TS, AS, JH, 7H, 9H, 9D, 9S]
2025-01-04 01:53:26,529 - Castle: [KC, KH, KS, KD, QD]
2025-01-04 01:53:26,529 - Discard: [4D, 9C, 8C, 6D, 2H, 8S, JC, JS, 8H, 6H, 7C, 5D, 5H, 8D, TC, 4H, 4S, AC, 7D, AD, TH, QH]
2025-01-04 01:53:26,529 - Active Player: 1
2025-01-04 01:53:26,529 - STATE LOG: END
2025-01-04 01:53:33,769 - STATE LOG: BEGIN
2025-01-04 01:53:33,770 - Noah's Hand: [2C, 2D, 3C]
2025-01-04 01:53:33,770 - eve's Hand: [5S, 6C, JD, QS, TD, 6S, 5C]
2025-01-04 01:53:33,770 - Boss: Rank: 12 | Suit C | Attack 7 | Health 22
2025-01-04 01:53:33,771 - Tavern: [4D, 6D, 7C, TH, QH, JS, 5D, 8H, 2S, 3D, 3H, TS, AS, JH, 7H, 9H, 9D, 9S]
2025-01-04 01:53:33,771 - Castle: [KC, KH, KS, KD, QD]
2025-01-04 01:53:33,771 - Discard: [8S, AD, 8C, 4H, 8D, 6H, 7D, TC, 9C, 4S, JC, 5H, 2H, AC, 4C, 3S]
2025-01-04 01:53:33,771 - Active Player: 2
2025-01-04 01:53:33,771 - STATE LOG: END
2025-01-04 01:53:43,783 - STATE LOG: BEGIN
2025-01-04 01:53:43,788 - Noah's Hand: [2C, 2D, 3C]
2025-01-04 01:53:43,788 - eve's Hand: [5C, 5S, 6C, 6S, TD, JD]
2025-01-04 01:53:43,788 - Boss: Rank: 12 | Suit C | Attack 7 | Health 22
2025-01-04 01:53:43,788 - Tavern: [4D, 6D, 7C, TH, QH, JS, 5D, 8H, 2S, 3D, 3H, TS, AS, JH, 7H, 9H, 9D, 9S]
2025-01-04 01:53:43,788 - Castle: [KC, KH, KS, KD, QD]
2025-01-04 01:53:43,788 - Discard: [8S, AD, 8C, 4H, 8D, 6H, 7D, TC, 9C, 4S, JC, 5H, 2H, AC, 4C, 3S, QS]
2025-01-04 01:53:43,788 - Active Player: 1
2025-01-04 01:53:43,788 - STATE LOG: END
2025-01-04 01:53:46,050 - STATE LOG: BEGIN
2025-01-04 01:53:46,050 - Noah's Hand: [2C, 3C]
2025-01-04 01:53:46,050 - eve's Hand: [5C, 5S, 6C, 6S, TD, JD, 9D]
2025-01-04 01:53:46,050 - Boss: Rank: 12 | Suit C | Attack 7 | Health 20
2025-01-04 01:53:46,050 - Tavern: [4D, 6D, 7C, TH, QH, JS, 5D, 8H, 2S, 3D, 3H, TS, AS, JH, 7H, 9H]
2025-01-04 01:53:46,050 - Castle: [KC, KH, KS, KD, QD]
2025-01-04 01:53:46,050 - Discard: [8S, AD, 8C, 4H, 8D, 6H, 7D, TC, 9C, 4S, JC, 5H, 2H, AC, 4C, 3S, QS, 9S]
2025-01-04 01:53:46,050 - Active Player: 2
2025-01-04 01:53:46,050 - STATE LOG: END
2025-01-04 01:53:48,065 - STATE LOG: BEGIN
2025-01-04 01:53:48,065 - Noah's Hand: [2C, 3C]
2025-01-04 01:53:48,065 - eve's Hand: [5C, 6C, 6S, 9D, TD]
2025-01-04 01:53:48,065 - Boss: Rank: 12 | Suit C | Attack 2 | Health 15
2025-01-04 01:53:48,065 - Tavern: [4D, 6D, 7C, TH, QH, JS, 5D, 8H, 2S, 3D, 3H, TS, AS, JH, 7H, 9H]
2025-01-04 01:53:48,065 - Castle: [KC, KH, KS, KD, QD]
2025-01-04 01:53:48,065 - Discard: [8S, AD, 8C, 4H, 8D, 6H, 7D, TC, 9C, 4S, JC, 5H, 2H, AC, 4C, 3S, QS, 9S, JD]
2025-01-04 01:53:48,065 - Active Player: 1
2025-01-04 01:53:48,065 - STATE LOG: END
2025-01-04 01:53:48,605 - STATE LOG: BEGIN
2025-01-04 01:53:48,605 - Noah's Hand: [2C]
2025-01-04 01:53:48,605 - eve's Hand: [5C, 6C, 6S, 9D, TD]
2025-01-04 01:53:48,605 - Boss: Rank: 12 | Suit C | Attack 2 | Health 15
2025-01-04 01:53:48,605 - Tavern: [4D, 6D, 7C, TH, QH, JS, 5D, 8H, 2S, 3D, 3H, TS, AS, JH, 7H, 9H]
2025-01-04 01:53:48,605 - Castle: [KC, KH, KS, KD, QD]
2025-01-04 01:53:48,605 - Discard: [8S, AD, 8C, 4H, 8D, 6H, 7D, TC, 9C, 4S, JC, 5H, 2H, AC, 4C, 3S, QS, 9S, JD, 3C]
2025-01-04 01:53:48,605 - Active Player: 2
2025-01-04 01:53:48,605 - STATE LOG: END
2025-01-04 01:53:50,462 - STATE LOG: BEGIN
2025-01-04 01:53:50,462 - Noah's Hand: [2C]
2025-01-04 01:53:50,462 - eve's Hand: [5C, 6C, 9D, TD]
2025-01-04 01:53:50,462 - Boss: Rank: 12 | Suit C | Attack 0 | Health 9
2025-01-04 01:53:50,462 - Tavern: [4D, 6D, 7C, TH, QH, JS, 5D, 8H, 2S, 3D, 3H, TS, AS, JH, 7H, 9H]
2025-01-04 01:53:50,463 - Castle: [KC, KH, KS, KD, QD]
2025-01-04 01:53:50,463 - Discard: [8S, AD, 8C, 4H, 8D, 6H, 7D, TC, 9C, 4S, JC, 5H, 2H, AC, 4C, 3S, QS, 9S, JD, 3C]
2025-01-04 01:53:50,463 - Active Player: 1
2025-01-04 01:53:50,463 - STATE LOG: END
2025-01-04 01:53:51,377 - STATE LOG: BEGIN
2025-01-04 01:53:51,377 - Noah's Hand: []
2025-01-04 01:53:51,377 - eve's Hand: [5C, 6C, 9D, TD]
2025-01-04 01:53:51,377 - Boss: Rank: 12 | Suit C | Attack 0 | Health 7
2025-01-04 01:53:51,377 - Tavern: [4D, 6D, 7C, TH, QH, JS, 5D, 8H, 2S, 3D, 3H, TS, AS, JH, 7H, 9H]
2025-01-04 01:53:51,377 - Castle: [KC, KH, KS, KD, QD]
2025-01-04 01:53:51,377 - Discard: [8S, AD, 8C, 4H, 8D, 6H, 7D, TC, 9C, 4S, JC, 5H, 2H, AC, 4C, 3S, QS, 9S, JD, 3C]
2025-01-04 01:53:51,377 - Active Player: 2
2025-01-04 01:53:51,377 - STATE LOG: END
2025-01-04 01:53:51,403 - STATE LOG: BEGIN
2025-01-04 01:53:51,403 - Noah's Hand: []
2025-01-04 01:53:51,403 - eve's Hand: [5C, 9D, TD]
2025-01-04 01:53:51,403 - Boss: Rank: 12 | Suit C | Attack 0 | Health 1
2025-01-04 01:53:51,403 - Tavern: [4D, 6D, 7C, TH, QH, JS, 5D, 8H, 2S, 3D, 3H, TS, AS, JH, 7H, 9H]
2025-01-04 01:53:51,403 - Castle: [KC, KH, KS, KD, QD]
2025-01-04 01:53:51,403 - Discard: [8S, AD, 8C, 4H, 8D, 6H, 7D, TC, 9C, 4S, JC, 5H, 2H, AC, 4C, 3S, QS, 9S, JD, 3C]
2025-01-04 01:53:51,403 - Active Player: 1
2025-01-04 01:53:51,403 - STATE LOG: END
2025-01-04 01:53:51,676 - STATE LOG: BEGIN
2025-01-04 01:53:51,676 - Noah's Hand: []
2025-01-04 01:53:51,676 - eve's Hand: [5C, 9D, TD]
2025-01-04 01:53:51,676 - Boss: Rank: 12 | Suit C | Attack 0 | Health 1
2025-01-04 01:53:51,676 - Tavern: [4D, 6D, 7C, TH, QH, JS, 5D, 8H, 2S, 3D, 3H, TS, AS, JH, 7H, 9H]
2025-01-04 01:53:51,676 - Castle: [KC, KH, KS, KD, QD]
2025-01-04 01:53:51,676 - Discard: [8S, AD, 8C, 4H, 8D, 6H, 7D, TC, 9C, 4S, JC, 5H, 2H, AC, 4C, 3S, QS, 9S, JD, 3C]
2025-01-04 01:53:51,676 - Active Player: 2
2025-01-04 01:53:51,676 - STATE LOG: END
2025-01-04 01:53:52,925 - STATE LOG: BEGIN
2025-01-04 01:53:52,925 - Noah's Hand: [7H, AS, 3H, 2S]
2025-01-04 01:53:52,925 - eve's Hand: [5C, TD, 9H, JH, TS, 3D, 8H]
2025-01-04 01:53:52,925 - Boss: Rank: 12 | Suit D | Attack 15 | Health 30
2025-01-04 01:53:52,925 - Tavern: [4D, 6D, 7C, TH, QH, JS, 5D]
2025-01-04 01:53:52,925 - Castle: [KC, KH, KS, KD]
2025-01-04 01:53:52,925 - Discard: [8S, AD, 8C, 4H, 8D, 6H, 7D, TC, 9C, 4S, JC, 5H, 2H, AC, 4C, 3S, QS, 9S, JD, 3C, AH, 7S, 2D, 2C, 5S, 6S, 6C, 9D, QC]
2025-01-04 01:53:52,925 - Active Player: 2
2025-01-04 01:53:52,925 - STATE LOG: END
2025-01-04 01:53:53,319 - STATE LOG: BEGIN
2025-01-04 01:53:53,319 - Noah's Hand: [7H, AS, 3H, 2S]
2025-01-04 01:53:53,319 - eve's Hand: [3D, 5C, 8H, 9H, TD]
2025-01-04 01:53:53,319 - Boss: Rank: 12 | Suit D | Attack 5 | Health 20
2025-01-04 01:53:53,319 - Tavern: [4D, 6D, 7C, TH, QH, JS, 5D]
2025-01-04 01:53:53,319 - Castle: [KC, KH, KS, KD]
2025-01-04 01:53:53,319 - Discard: [8S, AD, 8C, 4H, 8D, 6H, 7D, TC, 9C, 4S, JC, 5H, 2H, AC, 4C, 3S, QS, 9S, JD, 3C, AH, 7S, 2D, 2C, 5S, 6S, 6C, 9D, QC, JH]
2025-01-04 01:53:53,319 - Active Player: 1
2025-01-04 01:53:53,319 - STATE LOG: END
2025-01-04 01:53:53,362 - STATE LOG: BEGIN
2025-01-04 01:53:53,362 - Noah's Hand: [2S, 3H]
2025-01-04 01:53:53,362 - eve's Hand: [3D, 5C, 8H, 9H, TD]
2025-01-04 01:53:53,362 - Boss: Rank: 12 | Suit D | Attack 0 | Health 12
2025-01-04 01:53:53,362 - Tavern: [2H, 5S, AC, 4C, 9D, QC, 8D, 6H, 4D, 6D, 7C, TH, QH, JS, 5D]
2025-01-04 01:53:53,362 - Castle: [KC, KH, KS, KD]
2025-01-04 01:53:53,362 - Discard: [3S, QS, 8C, JC, 9C, 9S, AH, 2D, 2C, 7S, AD, 3C, JD, 5H, 6C, 4H, JH, 8S, 7D, TC, 4S, 6S]
2025-01-04 01:53:53,362 - Active Player: 2
2025-01-04 01:53:53,362 - STATE LOG: END
2025-01-04 01:53:54,261 - STATE LOG: BEGIN
2025-01-04 01:53:54,261 - Noah's Hand: [2S, 3H]
2025-01-04 01:53:54,261 - eve's Hand: [3D, 5C, 8H, 9H, TD]
2025-01-04 01:53:54,261 - Boss: Rank: 12 | Suit D | Attack 0 | Health 12
2025-01-04 01:53:54,261 - Tavern: [2H, 5S, AC, 4C, 9D, QC, 8D, 6H, 4D, 6D, 7C, TH, QH, JS, 5D]
2025-01-04 01:53:54,261 - Castle: [KC, KH, KS, KD]
2025-01-04 01:53:54,261 - Discard: [3S, QS, 8C, JC, 9C, 9S, AH, 2D, 2C, 7S, AD, 3C, JD, 5H, 6C, 4H, JH, 8S, 7D, TC, 4S, 6S]
2025-01-04 01:53:54,261 - Active Player: 1
2025-01-04 01:53:54,261 - STATE LOG: END
2025-01-04 01:53:54,314 - STATE LOG: BEGIN
2025-01-04 01:53:54,314 - Noah's Hand: [3H]
2025-01-04 01:53:54,314 - eve's Hand: [3D, 5C, 8H, 9H, TD]
2025-01-04 01:53:54,314 - Boss: Rank: 12 | Suit D | Attack 0 | Health 10
2025-01-04 01:53:54,314 - Tavern: [2H, 5S, AC, 4C, 9D, QC, 8D, 6H, 4D, 6D, 7C, TH, QH, JS, 5D]
2025-01-04 01:53:54,314 - Castle: [KC, KH, KS, KD]
2025-01-04 01:53:54,314 - Discard: [3S, QS, 8C, JC, 9C, 9S, AH, 2D, 2C, 7S, AD, 3C, JD, 5H, 6C, 4H, JH, 8S, 7D, TC, 4S, 6S]
2025-01-04 01:53:54,314 - Active Player: 2
2025-01-04 01:53:54,314 - STATE LOG: END
2025-01-04 01:53:54,569 - STATE LOG: BEGIN
2025-01-04 01:53:54,569 - Noah's Hand: [3H]
2025-01-04 01:53:54,569 - eve's Hand: [3D, 5C, 8H, 9H, TD]
2025-01-04 01:53:54,569 - Boss: Rank: 12 | Suit D | Attack 0 | Health 10
2025-01-04 01:53:54,569 - Tavern: [2H, 5S, AC, 4C, 9D, QC, 8D, 6H, 4D, 6D, 7C, TH, QH, JS, 5D]
2025-01-04 01:53:54,569 - Castle: [KC, KH, KS, KD]
2025-01-04 01:53:54,569 - Discard: [3S, QS, 8C, JC, 9C, 9S, AH, 2D, 2C, 7S, AD, 3C, JD, 5H, 6C, 4H, JH, 8S, 7D, TC, 4S, 6S]
2025-01-04 01:53:54,569 - Active Player: 1
2025-01-04 01:53:54,569 - STATE LOG: END
2025-01-04 01:53:54,598 - STATE LOG: BEGIN
2025-01-04 01:53:54,599 - Noah's Hand: []
2025-01-04 01:53:54,600 - eve's Hand: [3D, 5C, 8H, 9H, TD]
2025-01-04 01:53:54,600 - Boss: Rank: 12 | Suit D | Attack 0 | Health 7
2025-01-04 01:53:54,600 - Tavern: [8S, 2C, TC, 2H, 5S, AC, 4C, 9D, QC, 8D, 6H, 4D, 6D, 7C, TH, QH, JS, 5D]
2025-01-04 01:53:54,600 - Castle: [KC, KH, KS, KD]
2025-01-04 01:53:54,600 - Discard: [6S, JD, 9C, 8C, 7D, 4S, QS, 2D, 6C, JH, 3S, AH, 4H, 5H, AD, 7S, JC, 9S, 3C]
2025-01-04 01:53:54,600 - Active Player: 2
2025-01-04 01:53:54,600 - STATE LOG: END
2025-01-04 01:53:54,616 - STATE LOG: BEGIN
2025-01-04 01:53:54,616 - Noah's Hand: []
2025-01-04 01:53:54,616 - eve's Hand: [5C, 8H, 9H, TD]
2025-01-04 01:53:54,616 - Boss: Rank: 12 | Suit D | Attack 0 | Health 4
2025-01-04 01:53:54,616 - Tavern: [8S, 2C, TC, 2H, 5S, AC, 4C, 9D, QC, 8D, 6H, 4D, 6D, 7C, TH, QH, JS, 5D]
2025-01-04 01:53:54,616 - Castle: [KC, KH, KS, KD]
2025-01-04 01:53:54,616 - Discard: [6S, JD, 9C, 8C, 7D, 4S, QS, 2D, 6C, JH, 3S, AH, 4H, 5H, AD, 7S, JC, 9S, 3C]
2025-01-04 01:53:54,616 - Active Player: 1
2025-01-04 01:53:54,616 - STATE LOG: END
2025-01-04 01:53:54,653 - STATE LOG: BEGIN
2025-01-04 01:53:54,653 - Noah's Hand: []
2025-01-04 01:53:54,653 - eve's Hand: [5C, 8H, 9H, TD]
2025-01-04 01:53:54,653 - Boss: Rank: 12 | Suit D | Attack 0 | Health 4
2025-01-04 01:53:54,653 - Tavern: [8S, 2C, TC, 2H, 5S, AC, 4C, 9D, QC, 8D, 6H, 4D, 6D, 7C, TH, QH, JS, 5D]
2025-01-04 01:53:54,653 - Castle: [KC, KH, KS, KD]
2025-01-04 01:53:54,653 - Discard: [6S, JD, 9C, 8C, 7D, 4S, QS, 2D, 6C, JH, 3S, AH, 4H, 5H, AD, 7S, JC, 9S, 3C]
2025-01-04 01:53:54,653 - Active Player: 2
2025-01-04 01:53:54,653 - STATE LOG: END
2025-01-04 01:53:54,689 - STATE LOG: BEGIN
2025-01-04 01:53:54,689 - Noah's Hand: []
2025-01-04 01:53:54,689 - eve's Hand: [5C, 8H, 9H]
2025-01-04 01:53:54,689 - Boss: Rank: 13 | Suit D | Attack 20 | Health 40
2025-01-04 01:53:54,689 - Tavern: [8S, 2C, TC, 2H, 5S, AC, 4C, 9D, QC, 8D, 6H, 4D, 6D, 7C, TH, QH, JS, 5D]
2025-01-04 01:53:54,689 - Castle: [KC, KH, KS]
2025-01-04 01:53:54,689 - Discard: [6S, JD, 9C, 8C, 7D, 4S, QS, 2D, 6C, JH, 3S, AH, 4H, 5H, AD, 7S, JC, 9S, 3C, AS, 7H, 2S, 3H, TS, 3D, TD, QD]
2025-01-04 01:53:54,689 - Active Player: 2
2025-01-04 01:53:54,689 - STATE LOG: END
2025-01-04 01:53:54,697 - STATE LOG: BEGIN
2025-01-04 01:53:54,697 - Noah's Hand: []
2025-01-04 01:53:54,697 - eve's Hand: [8H, 9H]
2025-01-04 01:53:54,697 - Boss: Rank: 13 | Suit D | Attack 20 | Health 30
2025-01-04 01:53:54,697 - Tavern: [8S, 2C, TC, 2H, 5S, AC, 4C, 9D, QC, 8D, 6H, 4D, 6D, 7C, TH, QH, JS, 5D]
2025-01-04 01:53:54,697 - Castle: [KC, KH, KS]
2025-01-04 01:53:54,697 - Discard: [6S, JD, 9C, 8C, 7D, 4S, QS, 2D, 6C, JH, 3S, AH, 4H, 5H, AD, 7S, JC, 9S, 3C, AS, 7H, 2S, 3H, TS, 3D, TD, QD]
2025-01-04 01:53:54,697 - Active Player: 1
2025-01-04 01:53:54,697 - STATE LOG: END
