2025-01-04 13:48:20,504 - I log states! :D
2025-01-04 13:48:20,504 - STATE LOG: BEGIN
2025-01-04 13:48:20,504 - Noah's Hand: [8H, 9D, 5H, AH, 9S, 2S, AS]
2025-01-04 13:48:20,504 - Eve's Hand: [TD, 2D, 3D, 7D, 4S, AC, 6H]
2025-01-04 13:48:20,504 - Boss: Rank: 11 | Suit H | Attack 10 | Health 20
2025-01-04 13:48:20,504 - Tavern: [2H, TC, 4D, 8C, 4C, 5S, 7S, 5D, 6D, 6S, 3C, TH, 8S, 8D, TS, 3S, 6C, 5C, 4H, 7C, 9H, 7H, 2C, AD, 3H, 9C]
2025-01-04 13:48:20,504 - Castle: [KD, KH, KS, KC, QC, QS, QD, QH, JC, JD, JS]
2025-01-04 13:48:20,504 - Discard: []
2025-01-04 13:48:20,504 - Active Player: 1
2025-01-04 13:48:20,504 - STATE LOG: END
2025-01-04 13:48:22,186 - STATE LOG: BEGIN
2025-01-04 13:48:22,187 - Noah's Hand: [AS, 5H, 8H, 9D]
2025-01-04 13:48:22,187 - Eve's Hand: [TD, 2D, 3D, 7D, 4S, AC, 6H]
2025-01-04 13:48:22,187 - Boss: Rank: 11 | Suit H | Attack 7 | Health 17
2025-01-04 13:48:22,187 - Tavern: [2H, TC, 4D, 8C, 4C, 5S, 7S, 5D, 6D, 6S, 3C, TH, 8S, 8D, TS, 3S, 6C, 5C, 4H, 7C, 9H, 7H, 2C, AD, 3H, 9C]
2025-01-04 13:48:22,187 - Castle: [KD, KH, KS, KC, QC, QS, QD, QH, JC, JD, JS]
2025-01-04 13:48:22,187 - Discard: [9S]
2025-01-04 13:48:22,187 - Active Player: 2
2025-01-04 13:48:22,187 - STATE LOG: END
2025-01-04 13:48:23,747 - STATE LOG: BEGIN
2025-01-04 13:48:23,747 - Noah's Hand: [AS, 5H, 8H, 9D]
2025-01-04 13:48:23,747 - Eve's Hand: [AC, 2D, 3D, 6H, 7D]
2025-01-04 13:48:23,747 - Boss: Rank: 11 | Suit H | Attack 3 | Health 13
2025-01-04 13:48:23,747 - Tavern: [2H, TC, 4D, 8C, 4C, 5S, 7S, 5D, 6D, 6S, 3C, TH, 8S, 8D, TS, 3S, 6C, 5C, 4H, 7C, 9H, 7H, 2C, AD, 3H, 9C]
2025-01-04 13:48:23,747 - Castle: [KD, KH, KS, KC, QC, QS, QD, QH, JC, JD, JS]
2025-01-04 13:48:23,747 - Discard: [9S, TD]
2025-01-04 13:48:23,747 - Active Player: 1
2025-01-04 13:48:23,747 - STATE LOG: END
2025-01-04 13:48:25,203 - STATE LOG: BEGIN
2025-01-04 13:48:25,204 - Noah's Hand: [5H, 8H, 9C, AD, 7H, 9H, 7C]
2025-01-04 13:48:25,204 - Eve's Hand: [AC, 2D, 3D, 6H, 7D, 3H, 2C]
2025-01-04 13:48:25,204 - Boss: Rank: 11 | Suit H | Attack 0 | Health 3
2025-01-04 13:48:25,204 - Tavern: [2H, TC, 4D, 8C, 4C, 5S, 7S, 5D, 6D, 6S, 3C, TH, 8S, 8D, TS, 3S, 6C, 5C, 4H]
2025-01-04 13:48:25,204 - Castle: [KD, KH, KS, KC, QC, QS, QD, QH, JC, JD, JS]
2025-01-04 13:48:25,204 - Discard: [9S, TD]
2025-01-04 13:48:25,204 - Active Player: 2
2025-01-04 13:48:25,204 - STATE LOG: END
2025-01-04 13:48:26,890 - STATE LOG: BEGIN
2025-01-04 13:48:26,890 - Noah's Hand: [5H, 8H, 9C, AD, 7H, 9H, 7C]
2025-01-04 13:48:26,890 - Eve's Hand: [2C, 2D, 3D, 3H, 6H, 7D]
2025-01-04 13:48:26,890 - Boss: Rank: 11 | Suit H | Attack 0 | Health 1
2025-01-04 13:48:26,890 - Tavern: [2H, TC, 4D, 8C, 4C, 5S, 7S, 5D, 6D, 6S, 3C, TH, 8S, 8D, TS, 3S, 6C, 5C, 4H]
2025-01-04 13:48:26,890 - Castle: [KD, KH, KS, KC, QC, QS, QD, QH, JC, JD, JS]
2025-01-04 13:48:26,890 - Discard: [9S, TD]
2025-01-04 13:48:26,890 - Active Player: 1
2025-01-04 13:48:26,890 - STATE LOG: END
2025-01-04 13:48:28,421 - STATE LOG: BEGIN
2025-01-04 13:48:28,421 - Noah's Hand: [AD, 5H, 7C, 7H, 8H, 9C, 9H]
2025-01-04 13:48:28,421 - Eve's Hand: [2C, 2D, 3D, 3H, 6H, 7D]
2025-01-04 13:48:28,421 - Boss: Rank: 11 | Suit H | Attack 0 | Health 1
2025-01-04 13:48:28,421 - Tavern: [2H, TC, 4D, 8C, 4C, 5S, 7S, 5D, 6D, 6S, 3C, TH, 8S, 8D, TS, 3S, 6C, 5C, 4H]
2025-01-04 13:48:28,421 - Castle: [KD, KH, KS, KC, QC, QS, QD, QH, JC, JD, JS]
2025-01-04 13:48:28,421 - Discard: [9S, TD]
2025-01-04 13:48:28,421 - Active Player: 2
2025-01-04 13:48:28,421 - STATE LOG: END
2025-01-04 13:48:30,027 - STATE LOG: BEGIN
2025-01-04 13:48:30,027 - Noah's Hand: [AD, 5H, 7C, 7H, 8H, 9C, 9H]
2025-01-04 13:48:30,027 - Eve's Hand: [2C, 2D, 3D, 3H, 6H, 4H, 5C]
2025-01-04 13:48:30,027 - Boss: Rank: 11 | Suit S | Attack 10 | Health 20
2025-01-04 13:48:30,027 - Tavern: [2H, TC, 4D, 8C, 4C, 5S, 7S, 5D, 6D, 6S, 3C, TH, 8S, 8D, TS, 3S, 6C]
2025-01-04 13:48:30,027 - Castle: [KD, KH, KS, KC, QC, QS, QD, QH, JC, JD]
2025-01-04 13:48:30,027 - Discard: [9S, TD, AH, 2S, AS, 9D, 4S, AC, 7D, JH]
2025-01-04 13:48:30,027 - Active Player: 2
2025-01-04 13:48:30,027 - STATE LOG: END
2025-01-04 13:48:31,523 - STATE LOG: BEGIN
2025-01-04 13:48:31,523 - Noah's Hand: [AD, 5H, 7C, 7H, 8H, 9C, 9H]
2025-01-04 13:48:31,523 - Eve's Hand: [2D, 3D, 3H, 4H]
2025-01-04 13:48:31,523 - Boss: Rank: 11 | Suit S | Attack 10 | Health 16
2025-01-04 13:48:31,523 - Tavern: [2H, TC, 4D, 8C, 4C, 5S, 7S, 5D, 6D, 6S, 3C, TH, 8S, 8D, TS, 3S, 6C]
2025-01-04 13:48:31,523 - Castle: [KD, KH, KS, KC, QC, QS, QD, QH, JC, JD]
2025-01-04 13:48:31,523 - Discard: [9S, TD, AH, 2S, AS, 9D, 4S, AC, 7D, JH, 6H, 5C]
2025-01-04 13:48:31,523 - Active Player: 1
2025-01-04 13:48:31,523 - STATE LOG: END
2025-01-04 13:48:32,789 - STATE LOG: BEGIN
2025-01-04 13:48:32,789 - Noah's Hand: [AD, 5H, 7C, 7H, 8H]
2025-01-04 13:48:32,789 - Eve's Hand: [2D, 3D, 3H, 4H]
2025-01-04 13:48:32,789 - Boss: Rank: 11 | Suit S | Attack 10 | Health 16
2025-01-04 13:48:32,789 - Tavern: [2H, TC, 4D, 8C, 4C, 5S, 7S, 5D, 6D, 6S, 3C, TH, 8S, 8D, TS, 3S, 6C]
2025-01-04 13:48:32,789 - Castle: [KD, KH, KS, KC, QC, QS, QD, QH, JC, JD]
2025-01-04 13:48:32,789 - Discard: [9S, TD, AH, 2S, AS, 9D, 4S, AC, 7D, JH, 6H, 5C, 9H, 9C]
2025-01-04 13:48:32,789 - Active Player: 2
2025-01-04 13:48:32,789 - STATE LOG: END
2025-01-04 13:48:33,103 - STATE LOG: BEGIN
2025-01-04 13:48:33,104 - Noah's Hand: [AD, 5H, 7C, 7H, 8H, 3S]
2025-01-04 13:48:33,104 - Eve's Hand: [3D, 3H]
2025-01-04 13:48:33,104 - Boss: Rank: 11 | Suit S | Attack 10 | Health 14
2025-01-04 13:48:33,104 - Tavern: [2H, TC, 4D, 8C, 4C, 5S, 7S, 5D, 6D, 6S, 3C, TH, 8S, 8D, TS]
2025-01-04 13:48:33,104 - Castle: [KD, KH, KS, KC, QC, QS, QD, QH, JC, JD]
2025-01-04 13:48:33,104 - Discard: [9S, TD, AH, 2S, AS, 9D, 4S, AC, 7D, JH, 6H, 5C, 9H, 9C, 6C, 4H]
2025-01-04 13:48:33,104 - Active Player: 1
2025-01-04 13:48:33,104 - STATE LOG: END
2025-01-04 13:48:33,850 - STATE LOG: BEGIN
2025-01-04 13:48:33,850 - Noah's Hand: [3S, 5H, 7C, 7H, TS]
2025-01-04 13:48:33,850 - Eve's Hand: [3D, 3H, 8D, TH, 6S, 6D, 5D]
2025-01-04 13:48:33,850 - Boss: Rank: 11 | Suit S | Attack 10 | Health 5
2025-01-04 13:48:33,850 - Tavern: [JH, 2S, 9C, TD, 4H, 4S, 5C, AC, 6H, 2H, TC, 4D, 8C, 4C, 5S, 7S]
2025-01-04 13:48:33,850 - Castle: [KD, KH, KS, KC, QC, QS, QD, QH, JC, JD]
2025-01-04 13:48:33,850 - Discard: [7D, 9H, 6C, 9D, 9S, AS, AH, 3C, 8S]
2025-01-04 13:48:33,850 - Active Player: 2
2025-01-04 13:48:33,850 - STATE LOG: END
2025-01-04 13:48:35,155 - STATE LOG: BEGIN
2025-01-04 13:48:35,156 - Noah's Hand: [3S, 5H, 7C, 7H, TS, 5S, 8C]
2025-01-04 13:48:35,156 - Eve's Hand: [5D, 6D, 6S, 8D, TH, 7S, 4C]
2025-01-04 13:48:35,156 - Boss: Rank: 11 | Suit D | Attack 10 | Health 20
2025-01-04 13:48:35,156 - Tavern: [8S, AH, 9H, 3C, 7D, AS, JH, 2S, 9C, TD, 4H, 4S, 5C, AC, 6H, 2H, TC, 4D]
2025-01-04 13:48:35,156 - Castle: [KD, KH, KS, KC, QC, QS, QD, QH, JC]
2025-01-04 13:48:35,156 - Discard: [9S, 6C, 9D, AD, 8H, 2C, 2D, 3D, 3H, JS]
2025-01-04 13:48:35,156 - Active Player: 2
2025-01-04 13:48:35,156 - STATE LOG: END
2025-01-04 13:48:36,536 - STATE LOG: BEGIN
2025-01-04 13:48:36,536 - Noah's Hand: [3S, 5H, 7C, 7H, TS, 5S, 8C]
2025-01-04 13:48:36,536 - Eve's Hand: [4C, 5D, 6D, 7S, 8D]
2025-01-04 13:48:36,536 - Boss: Rank: 11 | Suit D | Attack 4 | Health 14
2025-01-04 13:48:36,536 - Tavern: [8S, AH, 9H, 3C, 7D, AS, JH, 2S, 9C, TD, 4H, 4S, 5C, AC, 6H, 2H, TC, 4D]
2025-01-04 13:48:36,536 - Castle: [KD, KH, KS, KC, QC, QS, QD, QH, JC]
2025-01-04 13:48:36,536 - Discard: [9S, 6C, 9D, AD, 8H, 2C, 2D, 3D, 3H, JS, TH]
2025-01-04 13:48:36,536 - Active Player: 1
2025-01-04 13:48:36,536 - STATE LOG: END
2025-01-04 13:48:37,856 - STATE LOG: BEGIN
2025-01-04 13:48:37,856 - Noah's Hand: [3S, 5H, 5S, 7H, 8C, TS]
2025-01-04 13:48:37,856 - Eve's Hand: [4C, 5D, 6D, 7S, 8D]
2025-01-04 13:48:37,856 - Boss: Rank: 11 | Suit C | Attack 10 | Health 20
2025-01-04 13:48:37,856 - Tavern: [8S, AH, 9H, 3C, 7D, AS, JH, 2S, 9C, TD, 4H, 4S, 5C, AC, 6H, 2H, TC, 4D]
2025-01-04 13:48:37,856 - Castle: [KD, KH, KS, KC, QC, QS, QD, QH]
2025-01-04 13:48:37,856 - Discard: [9S, 6C, 9D, AD, 8H, 2C, 2D, 3D, 3H, JS, TH, 7C, 6S]
2025-01-04 13:48:37,856 - Active Player: 1
2025-01-04 13:48:37,856 - STATE LOG: END
2025-01-04 13:48:39,379 - STATE LOG: BEGIN
2025-01-04 13:48:39,379 - Noah's Hand: [3S, 5H, 5S, 7H, 8C]
2025-01-04 13:48:39,379 - Eve's Hand: [4C, 5D, 6D, 7S, 8D]
2025-01-04 13:48:39,379 - Boss: Rank: 11 | Suit C | Attack 10 | Health 20
2025-01-04 13:48:39,379 - Tavern: [8S, AH, 9H, 3C, 7D, AS, JH, 2S, 9C, TD, 4H, 4S, 5C, AC, 6H, 2H, TC, 4D]
2025-01-04 13:48:39,379 - Castle: [KD, KH, KS, KC, QC, QS, QD, QH]
2025-01-04 13:48:39,379 - Discard: [9S, 6C, 9D, AD, 8H, 2C, 2D, 3D, 3H, JS, TH, 7C, 6S, TS]
2025-01-04 13:48:39,379 - Active Player: 2
2025-01-04 13:48:39,379 - STATE LOG: END
2025-01-04 13:48:41,103 - STATE LOG: BEGIN
2025-01-04 13:48:41,103 - Noah's Hand: [3S, 5H, 5S, 7H, 8C, 4D, 2H]
2025-01-04 13:48:41,103 - Eve's Hand: [4C, 6D, 7S, 8D, JD]
2025-01-04 13:48:41,103 - Boss: Rank: 11 | Suit C | Attack 10 | Health 15
2025-01-04 13:48:41,103 - Tavern: [8S, AH, 9H, 3C, 7D, AS, JH, 2S, 9C, TD, 4H, 4S, 5C, AC]
2025-01-04 13:48:41,103 - Castle: [KD, KH, KS, KC, QC, QS, QD, QH]
2025-01-04 13:48:41,103 - Discard: [9S, 6C, 9D, AD, 8H, 2C, 2D, 3D, 3H, JS, TH, 7C, 6S, TS, 6H, TC]
2025-01-04 13:48:41,103 - Active Player: 1
2025-01-04 13:48:41,103 - STATE LOG: END
2025-01-04 13:48:42,848 - STATE LOG: BEGIN
2025-01-04 13:48:42,849 - Noah's Hand: [3S, 4D, 5H, 5S]
2025-01-04 13:48:42,849 - Eve's Hand: [4C, 6D, 7S, 8D, JD]
2025-01-04 13:48:42,849 - Boss: Rank: 11 | Suit C | Attack 10 | Health 13
2025-01-04 13:48:42,849 - Tavern: [TH, 2D, 8S, AH, 9H, 3C, 7D, AS, JH, 2S, 9C, TD, 4H, 4S, 5C, AC]
2025-01-04 13:48:42,849 - Castle: [KD, KH, KS, KC, QC, QS, QD, QH]
2025-01-04 13:48:42,849 - Discard: [JS, 9S, 3D, 6H, 7C, TC, 9D, TS, 6S, 6C, AD, 2C, 8H, 3H, 8C, 7H]
2025-01-04 13:48:42,849 - Active Player: 2
2025-01-04 13:48:42,849 - STATE LOG: END
2025-01-04 13:48:43,681 - STATE LOG: BEGIN
2025-01-04 13:48:43,681 - Noah's Hand: [3S, 4D, 5H, 5S]
2025-01-04 13:48:43,681 - Eve's Hand: [4C, 6D, 7S, 8D]
2025-01-04 13:48:43,681 - Boss: Rank: 11 | Suit C | Attack 10 | Health 13
2025-01-04 13:48:43,681 - Tavern: [TH, 2D, 8S, AH, 9H, 3C, 7D, AS, JH, 2S, 9C, TD, 4H, 4S, 5C, AC]
2025-01-04 13:48:43,681 - Castle: [KD, KH, KS, KC, QC, QS, QD, QH]
2025-01-04 13:48:43,681 - Discard: [JS, 9S, 3D, 6H, 7C, TC, 9D, TS, 6S, 6C, AD, 2C, 8H, 3H, 8C, 7H, JD]
2025-01-04 13:48:43,681 - Active Player: 1
2025-01-04 13:48:43,681 - STATE LOG: END
2025-01-04 13:48:43,920 - STATE LOG: BEGIN
2025-01-04 13:48:43,920 - Noah's Hand: [3S, 4D]
2025-01-04 13:48:43,920 - Eve's Hand: [4C, 6D, 7S, 8D]
2025-01-04 13:48:43,920 - Boss: Rank: 11 | Suit C | Attack 5 | Health 8
2025-01-04 13:48:43,920 - Tavern: [TH, 2D, 8S, AH, 9H, 3C, 7D, AS, JH, 2S, 9C, TD, 4H, 4S, 5C, AC]
2025-01-04 13:48:43,920 - Castle: [KD, KH, KS, KC, QC, QS, QD, QH]
2025-01-04 13:48:43,920 - Discard: [JS, 9S, 3D, 6H, 7C, TC, 9D, TS, 6S, 6C, AD, 2C, 8H, 3H, 8C, 7H, JD, 5H]
2025-01-04 13:48:43,920 - Active Player: 2
2025-01-04 13:48:43,920 - STATE LOG: END
2025-01-04 13:48:44,316 - STATE LOG: BEGIN
2025-01-04 13:48:44,317 - Noah's Hand: [3S, 4D, 5C, 4H, 9C, JH]
2025-01-04 13:48:44,317 - Eve's Hand: [4C, 6D, 7S, AC, 4S, TD, 2S]
2025-01-04 13:48:44,317 - Boss: Rank: 12 | Suit H | Attack 15 | Health 30
2025-01-04 13:48:44,317 - Tavern: [TH, 2D, 8S, AH, 9H, 3C, 7D, AS]
2025-01-04 13:48:44,317 - Castle: [KD, KH, KS, KC, QC, QS, QD]
2025-01-04 13:48:44,317 - Discard: [JS, 9S, 3D, 6H, 7C, TC, 9D, TS, 6S, 6C, AD, 2C, 8H, 3H, 8C, 7H, JD, 5H, 2H, 5S, 5D, 8D]
2025-01-04 13:48:44,317 - Active Player: 2
2025-01-04 13:48:44,317 - STATE LOG: END
2025-01-04 13:48:45,828 - STATE LOG: BEGIN
2025-01-04 13:48:45,829 - Noah's Hand: [3S, 4D, 5C, 4H, 9C, JH]
2025-01-04 13:48:45,829 - Eve's Hand: [AC, 2S, 4C, 4S, 6D]
2025-01-04 13:48:45,829 - Boss: Rank: 12 | Suit H | Attack 8 | Health 23
2025-01-04 13:48:45,829 - Tavern: [TH, 2D, 8S, AH, 9H, 3C, 7D, AS]
2025-01-04 13:48:45,829 - Castle: [KD, KH, KS, KC, QC, QS, QD]
2025-01-04 13:48:45,829 - Discard: [JS, 9S, 3D, 6H, 7C, TC, 9D, TS, 6S, 6C, AD, 2C, 8H, 3H, 8C, 7H, JD, 5H, 2H, 5S, 5D, 8D, TD]
2025-01-04 13:48:45,829 - Active Player: 1
2025-01-04 13:48:45,829 - STATE LOG: END
2025-01-04 13:48:47,051 - STATE LOG: BEGIN
2025-01-04 13:48:47,051 - Noah's Hand: [4D, 4H, 5C, 9C]
2025-01-04 13:48:47,051 - Eve's Hand: [AC, 2S, 4C, 4S, 6D]
2025-01-04 13:48:47,051 - Boss: Rank: 12 | Suit H | Attack 5 | Health 20
2025-01-04 13:48:47,051 - Tavern: [TH, 2D, 8S, AH, 9H, 3C, 7D, AS]
2025-01-04 13:48:47,052 - Castle: [KD, KH, KS, KC, QC, QS, QD]
2025-01-04 13:48:47,052 - Discard: [JS, 9S, 3D, 6H, 7C, TC, 9D, TS, 6S, 6C, AD, 2C, 8H, 3H, 8C, 7H, JD, 5H, 2H, 5S, 5D, 8D, TD, JH]
2025-01-04 13:48:47,052 - Active Player: 2
2025-01-04 13:48:47,052 - STATE LOG: END
2025-01-04 13:48:48,117 - STATE LOG: BEGIN
2025-01-04 13:48:48,117 - Noah's Hand: [4D, 4H, 5C, 9C]
2025-01-04 13:48:48,117 - Eve's Hand: [AC, 4C, 4S]
2025-01-04 13:48:48,117 - Boss: Rank: 12 | Suit H | Attack 3 | Health 18
2025-01-04 13:48:48,117 - Tavern: [TH, 2D, 8S, AH, 9H, 3C, 7D, AS]
2025-01-04 13:48:48,117 - Castle: [KD, KH, KS, KC, QC, QS, QD]
2025-01-04 13:48:48,117 - Discard: [JS, 9S, 3D, 6H, 7C, TC, 9D, TS, 6S, 6C, AD, 2C, 8H, 3H, 8C, 7H, JD, 5H, 2H, 5S, 5D, 8D, TD, JH, 6D]
2025-01-04 13:48:48,117 - Active Player: 1
2025-01-04 13:48:48,117 - STATE LOG: END
2025-01-04 13:48:48,611 - STATE LOG: BEGIN
2025-01-04 13:48:48,611 - Noah's Hand: [5C, 9C, JC, 7D, 9H]
2025-01-04 13:48:48,611 - Eve's Hand: [AC, 4C, 4S, AS, 3C, AH, 2D]
2025-01-04 13:48:48,611 - Boss: Rank: 12 | Suit H | Attack 3 | Health 10
2025-01-04 13:48:48,611 - Tavern: [TH]
2025-01-04 13:48:48,611 - Castle: [KD, KH, KS, KC, QC, QS, QD]
2025-01-04 13:48:48,611 - Discard: [JS, 9S, 3D, 6H, 7C, TC, 9D, TS, 6S, 6C, AD, 2C, 8H, 3H, 8C, 7H, JD, 5H, 2H, 5S, 5D, 8D, TD, JH, 6D, 8S]
2025-01-04 13:48:48,611 - Active Player: 2
2025-01-04 13:48:48,611 - STATE LOG: END
2025-01-04 13:48:49,325 - STATE LOG: BEGIN
2025-01-04 13:48:49,326 - Noah's Hand: [5C, 9C, JC, 7D, 9H]
2025-01-04 13:48:49,326 - Eve's Hand: [AC, AH, 2D, 3C, 4C]
2025-01-04 13:48:49,326 - Boss: Rank: 12 | Suit H | Attack 2 | Health 9
2025-01-04 13:48:49,326 - Tavern: [TH]
2025-01-04 13:48:49,326 - Castle: [KD, KH, KS, KC, QC, QS, QD]
2025-01-04 13:48:49,326 - Discard: [JS, 9S, 3D, 6H, 7C, TC, 9D, TS, 6S, 6C, AD, 2C, 8H, 3H, 8C, 7H, JD, 5H, 2H, 5S, 5D, 8D, TD, JH, 6D, 8S, 4S]
2025-01-04 13:48:49,326 - Active Player: 1
2025-01-04 13:48:49,326 - STATE LOG: END
2025-01-04 13:48:49,990 - STATE LOG: BEGIN
2025-01-04 13:48:49,990 - Noah's Hand: [5C, 7D, 9C, 9H]
2025-01-04 13:48:49,990 - Eve's Hand: [AC, AH, 2D, 3C, 4C]
2025-01-04 13:48:49,990 - Boss: Rank: 12 | Suit H | Attack 2 | Health 9
2025-01-04 13:48:49,990 - Tavern: [TH]
2025-01-04 13:48:49,990 - Castle: [KD, KH, KS, KC, QC, QS, QD]
2025-01-04 13:48:49,990 - Discard: [JS, 9S, 3D, 6H, 7C, TC, 9D, TS, 6S, 6C, AD, 2C, 8H, 3H, 8C, 7H, JD, 5H, 2H, 5S, 5D, 8D, TD, JH, 6D, 8S, 4S, JC]
2025-01-04 13:48:49,990 - Active Player: 2
2025-01-04 13:48:49,991 - STATE LOG: END
2025-01-04 13:48:50,583 - STATE LOG: BEGIN
2025-01-04 13:48:50,583 - Noah's Hand: [5C, 7D, 9C, 9H]
2025-01-04 13:48:50,583 - Eve's Hand: [AC, 2D, 3C]
2025-01-04 13:48:50,583 - Boss: Rank: 12 | Suit H | Attack 2 | Health 8
2025-01-04 13:48:50,583 - Tavern: [TH]
2025-01-04 13:48:50,583 - Castle: [KD, KH, KS, KC, QC, QS, QD]
2025-01-04 13:48:50,583 - Discard: [JS, 9S, 3D, 6H, 7C, TC, 9D, TS, 6S, 6C, AD, 2C, 8H, 3H, 8C, 7H, JD, 5H, 2H, 5S, 5D, 8D, TD, JH, 6D, 8S, 4S, JC, 4C]
2025-01-04 13:48:50,583 - Active Player: 1
2025-01-04 13:48:50,583 - STATE LOG: END
2025-01-04 13:48:50,694 - STATE LOG: BEGIN
2025-01-04 13:48:50,694 - Noah's Hand: [5C, 7D, 9C]
2025-01-04 13:48:50,694 - Eve's Hand: [AC, 2D, 3C]
2025-01-04 13:48:50,695 - Boss: Rank: 12 | Suit H | Attack 2 | Health 8
2025-01-04 13:48:50,695 - Tavern: [TH]
2025-01-04 13:48:50,695 - Castle: [KD, KH, KS, KC, QC, QS, QD]
2025-01-04 13:48:50,695 - Discard: [JS, 9S, 3D, 6H, 7C, TC, 9D, TS, 6S, 6C, AD, 2C, 8H, 3H, 8C, 7H, JD, 5H, 2H, 5S, 5D, 8D, TD, JH, 6D, 8S, 4S, JC, 4C, 9H]
2025-01-04 13:48:50,695 - Active Player: 2
2025-01-04 13:48:50,695 - STATE LOG: END
2025-01-04 13:48:50,780 - STATE LOG: BEGIN
2025-01-04 13:48:50,780 - Noah's Hand: [5C, 7D, 9C]
2025-01-04 13:48:50,780 - Eve's Hand: [3C]
2025-01-04 13:48:50,780 - Boss: Rank: 12 | Suit H | Attack 2 | Health 2
2025-01-04 13:48:50,780 - Tavern: []
2025-01-04 13:48:50,780 - Castle: [KD, KH, KS, KC, QC, QS, QD]
2025-01-04 13:48:50,780 - Discard: [JS, 9S, 3D, 6H, 7C, TC, 9D, TS, 6S, 6C, AD, 2C, 8H, 3H, 8C, 7H, JD, 5H, 2H, 5S, 5D, 8D, TD, JH, 6D, 8S, 4S, JC, 4C, 9H, TH]
2025-01-04 13:48:50,780 - Active Player: 1
2025-01-04 13:48:50,780 - STATE LOG: END
2025-01-04 13:48:50,799 - STATE LOG: BEGIN
2025-01-04 13:48:50,799 - Noah's Hand: [5C, 7D]
2025-01-04 13:48:50,799 - Eve's Hand: [3C]
2025-01-04 13:48:50,799 - Boss: Rank: 12 | Suit H | Attack 2 | Health 2
2025-01-04 13:48:50,799 - Tavern: []
2025-01-04 13:48:50,799 - Castle: [KD, KH, KS, KC, QC, QS, QD]
2025-01-04 13:48:50,799 - Discard: [JS, 9S, 3D, 6H, 7C, TC, 9D, TS, 6S, 6C, AD, 2C, 8H, 3H, 8C, 7H, JD, 5H, 2H, 5S, 5D, 8D, TD, JH, 6D, 8S, 4S, JC, 4C, 9H, TH, 9C]
2025-01-04 13:48:50,799 - Active Player: 2
2025-01-04 13:48:50,799 - STATE LOG: END
2025-01-04 13:48:50,802 - STATE LOG: BEGIN
2025-01-04 13:48:50,802 - Noah's Hand: [5C, 7D]
2025-01-04 13:48:50,802 - Eve's Hand: []
2025-01-04 13:48:50,802 - Boss: Rank: 12 | Suit D | Attack 15 | Health 30
2025-01-04 13:48:50,802 - Tavern: []
2025-01-04 13:48:50,802 - Castle: [KD, KH, KS, KC, QC, QS]
2025-01-04 13:48:50,802 - Discard: [JS, 9S, 3D, 6H, 7C, TC, 9D, TS, 6S, 6C, AD, 2C, 8H, 3H, 8C, 7H, JD, 5H, 2H, 5S, 5D, 8D, TD, JH, 6D, 8S, 4S, JC, 4C, 9H, TH, 9C, 3S, 4D, 4H, 7S, 2S, AS, AH, AC, 2D, 3C, QH]
2025-01-04 13:48:50,802 - Active Player: 2
2025-01-04 13:48:50,802 - STATE LOG: END
2025-01-04 13:48:50,804 - STATE LOG: BEGIN
2025-01-04 13:48:50,804 - Noah's Hand: [5C, 7D]
2025-01-04 13:48:50,804 - Eve's Hand: []
2025-01-04 13:48:50,804 - Boss: Rank: 12 | Suit D | Attack 15 | Health 30
2025-01-04 13:48:50,804 - Tavern: []
2025-01-04 13:48:50,804 - Castle: [KD, KH, KS, KC, QC, QS]
2025-01-04 13:48:50,804 - Discard: [JS, 9S, 3D, 6H, 7C, TC, 9D, TS, 6S, 6C, AD, 2C, 8H, 3H, 8C, 7H, JD, 5H, 2H, 5S, 5D, 8D, TD, JH, 6D, 8S, 4S, JC, 4C, 9H, TH, 9C, 3S, 4D, 4H, 7S, 2S, AS, AH, AC, 2D, 3C, QH]
2025-01-04 13:48:50,804 - Active Player: 1
2025-01-04 13:48:50,804 - STATE LOG: END
