2025-01-04 21:25:16,415 - I log states! :D
2025-01-04 21:25:16,415 - STATE LOG: BEGIN
2025-01-04 21:25:16,415 - Noah's Hand: [5H, 6S, 3S, TS, 7C, AD, 9D]
2025-01-04 21:25:16,415 - Eve's Hand: [9C, TC, 6C, 5S, 4S, 2C, TD]
2025-01-04 21:25:16,415 - Boss: Rank: 11 | Suit S | Attack 10 | Health 20
2025-01-04 21:25:16,415 - Tavern: [9S, 5D, 3H, 4C, 8C, 2H, AS, AC, 2S, 4H, 5C, 8S, 9H, 8H, TH, 4D, 3C, 2D, 8D, 3D, 7S, 6D, 7D, 7H, AH, 6H]
2025-01-04 21:25:16,415 - Castle: [KH, KC, KD, KS, QD, QH, QC, QS, JD, JC, JH]
2025-01-04 21:25:16,415 - Discard: []
2025-01-04 21:25:16,415 - Active Player: 1
2025-01-04 21:25:16,415 - STATE LOG: END
2025-01-04 21:25:16,606 - STATE LOG: BEGIN
2025-01-04 21:25:16,606 - Noah's Hand: [5H, 6S, 9D, 6H]
2025-01-04 21:25:16,606 - Eve's Hand: [9C, TC, 6C, 5S, 4S, 2C, TD]
2025-01-04 21:25:16,606 - Boss: Rank: 11 | Suit S | Attack 10 | Health 4
2025-01-04 21:25:16,606 - Tavern: [9S, 5D, 3H, 4C, 8C, 2H, AS, AC, 2S, 4H, 5C, 8S, 9H, 8H, TH, 4D, 3C, 2D, 8D, 3D, 7S, 6D, 7D, 7H]
2025-01-04 21:25:16,606 - Castle: [KH, KC, KD, KS, QD, QH, QC, QS, JD, JC, JH]
2025-01-04 21:25:16,606 - Discard: [3S, AH, TS]
2025-01-04 21:25:16,606 - Active Player: 2
2025-01-04 21:25:16,606 - STATE LOG: END
2025-01-04 21:25:16,781 - STATE LOG: BEGIN
2025-01-04 21:25:16,781 - Noah's Hand: [5H, 6S, 9D, 6H]
2025-01-04 21:25:16,781 - Eve's Hand: [2C, 4S, 5S, 6C, TC, TD]
2025-01-04 21:25:16,781 - Boss: Rank: 11 | Suit H | Attack 10 | Health 20
2025-01-04 21:25:16,781 - Tavern: [9S, 5D, 3H, 4C, 8C, 2H, AS, AC, 2S, 4H, 5C, 8S, 9H, 8H, TH, 4D, 3C, 2D, 8D, 3D, 7S, 6D, 7D, 7H]
2025-01-04 21:25:16,781 - Castle: [KH, KC, KD, KS, QD, QH, QC, QS, JD, JC]
2025-01-04 21:25:16,781 - Discard: [3S, AH, TS, AD, 7C, 9C, JS]
2025-01-04 21:25:16,781 - Active Player: 2
2025-01-04 21:25:16,781 - STATE LOG: END
2025-01-04 21:25:16,912 - STATE LOG: BEGIN
2025-01-04 21:25:16,912 - Noah's Hand: [5H, 6S, 9D, 6H, 7D, 7S, 3D]
2025-01-04 21:25:16,912 - Eve's Hand: [2C, 4S, 5S, TC, 6D]
2025-01-04 21:25:16,912 - Boss: Rank: 11 | Suit H | Attack 10 | Health 10
2025-01-04 21:25:16,912 - Tavern: [9S, 5D, 3H, 4C, 8C, 2H, AS, AC, 2S, 4H, 5C, 8S, 9H, 8H, TH, 4D, 3C, 2D, 8D]
2025-01-04 21:25:16,912 - Castle: [KH, KC, KD, KS, QD, QH, QC, QS, JD, JC]
2025-01-04 21:25:16,912 - Discard: [3S, AH, TS, AD, 7C, 9C, JS, 7H, 6C]
2025-01-04 21:25:16,912 - Active Player: 1
2025-01-04 21:25:16,912 - STATE LOG: END
2025-01-04 21:25:17,061 - STATE LOG: BEGIN
2025-01-04 21:25:17,061 - Noah's Hand: [6S, 7D, 7S, 9D, 8D]
2025-01-04 21:25:17,061 - Eve's Hand: [2C, 4S, 5S, TC, 6D, 2D, 3C]
2025-01-04 21:25:17,061 - Boss: Rank: 11 | Suit H | Attack 10 | Health 7
2025-01-04 21:25:17,061 - Tavern: [9S, 5D, 3H, 4C, 8C, 2H, AS, AC, 2S, 4H, 5C, 8S, 9H, 8H, TH, 4D]
2025-01-04 21:25:17,061 - Castle: [KH, KC, KD, KS, QD, QH, QC, QS, JD, JC]
2025-01-04 21:25:17,061 - Discard: [3S, AH, TS, AD, 7C, 9C, JS, 7H, 6C, 5H, 6H]
2025-01-04 21:25:17,061 - Active Player: 2
2025-01-04 21:25:17,061 - STATE LOG: END
2025-01-04 21:25:17,212 - STATE LOG: BEGIN
2025-01-04 21:25:17,212 - Noah's Hand: [6S, 7D, 7S, 9D, 8D]
2025-01-04 21:25:17,212 - Eve's Hand: [2D, 3C, 5S, 6D]
2025-01-04 21:25:17,212 - Boss: Rank: 11 | Suit H | Attack 6 | Health 3
2025-01-04 21:25:17,212 - Tavern: [9S, 5D, 3H, 4C, 8C, 2H, AS, AC, 2S, 4H, 5C, 8S, 9H, 8H, TH, 4D]
2025-01-04 21:25:17,212 - Castle: [KH, KC, KD, KS, QD, QH, QC, QS, JD, JC]
2025-01-04 21:25:17,212 - Discard: [3S, AH, TS, AD, 7C, 9C, JS, 7H, 6C, 5H, 6H, 2C, TC]
2025-01-04 21:25:17,212 - Active Player: 1
2025-01-04 21:25:17,212 - STATE LOG: END
2025-01-04 21:25:17,379 - STATE LOG: BEGIN
2025-01-04 21:25:17,379 - Noah's Hand: [6S, 7D, 7S, 9D, 4D, 8H, 8S]
2025-01-04 21:25:17,379 - Eve's Hand: [2D, 3C, 5S, 6D, TH, 9H, 5C]
2025-01-04 21:25:17,379 - Boss: Rank: 11 | Suit C | Attack 10 | Health 20
2025-01-04 21:25:17,379 - Tavern: [9S, 5D, 3H, 4C, 8C, 2H, AS, AC, 2S, 4H]
2025-01-04 21:25:17,379 - Castle: [KH, KC, KD, KS, QD, QH, QC, QS, JD]
2025-01-04 21:25:17,379 - Discard: [3S, AH, TS, AD, 7C, 9C, JS, 7H, 6C, 5H, 6H, 2C, TC, 3D, 8D, TD, 4S, JH]
2025-01-04 21:25:17,379 - Active Player: 1
2025-01-04 21:25:17,379 - STATE LOG: END
2025-01-04 21:25:17,531 - STATE LOG: BEGIN
2025-01-04 21:25:17,531 - Noah's Hand: [4D, 6S, 7D, 8S, 9D]
2025-01-04 21:25:17,531 - Eve's Hand: [2D, 3C, 5S, 6D, TH, 9H, 5C]
2025-01-04 21:25:17,531 - Boss: Rank: 11 | Suit C | Attack 3 | Health 13
2025-01-04 21:25:17,531 - Tavern: [9S, 5D, 3H, 4C, 8C, 2H, AS, AC, 2S, 4H]
2025-01-04 21:25:17,531 - Castle: [KH, KC, KD, KS, QD, QH, QC, QS, JD]
2025-01-04 21:25:17,531 - Discard: [3S, AH, TS, AD, 7C, 9C, JS, 7H, 6C, 5H, 6H, 2C, TC, 3D, 8D, TD, 4S, JH, 8H]
2025-01-04 21:25:17,531 - Active Player: 2
2025-01-04 21:25:17,531 - STATE LOG: END
2025-01-04 21:25:17,722 - STATE LOG: BEGIN
2025-01-04 21:25:17,722 - Noah's Hand: [4D, 6S, 7D, 8S, 9D, 2S]
2025-01-04 21:25:17,722 - Eve's Hand: [3C, 5S, 6D, 9H, TH, 4H]
2025-01-04 21:25:17,722 - Boss: Rank: 11 | Suit C | Attack 3 | Health 11
2025-01-04 21:25:17,722 - Tavern: [9S, 5D, 3H, 4C, 8C, 2H, AS, AC]
2025-01-04 21:25:17,722 - Castle: [KH, KC, KD, KS, QD, QH, QC, QS, JD]
2025-01-04 21:25:17,723 - Discard: [3S, AH, TS, AD, 7C, 9C, JS, 7H, 6C, 5H, 6H, 2C, TC, 3D, 8D, TD, 4S, JH, 8H, 5C]
2025-01-04 21:25:17,723 - Active Player: 1
2025-01-04 21:25:17,723 - STATE LOG: END
2025-01-04 21:25:17,860 - STATE LOG: BEGIN
2025-01-04 21:25:17,861 - Noah's Hand: [2S, 4D, 6S, 7D, 9D]
2025-01-04 21:25:17,861 - Eve's Hand: [3C, 5S, 6D, 9H, TH, 4H]
2025-01-04 21:25:17,861 - Boss: Rank: 11 | Suit C | Attack 3 | Health 11
2025-01-04 21:25:17,861 - Tavern: [9S, 5D, 3H, 4C, 8C, 2H, AS, AC]
2025-01-04 21:25:17,861 - Castle: [KH, KC, KD, KS, QD, QH, QC, QS, JD]
2025-01-04 21:25:17,861 - Discard: [3S, AH, TS, AD, 7C, 9C, JS, 7H, 6C, 5H, 6H, 2C, TC, 3D, 8D, TD, 4S, JH, 8H, 5C, 8S]
2025-01-04 21:25:17,861 - Active Player: 2
2025-01-04 21:25:17,861 - STATE LOG: END
2025-01-04 21:25:17,995 - STATE LOG: BEGIN
2025-01-04 21:25:17,995 - Noah's Hand: [2S, 4D, 6S, 7D, 9D, AS, 8C]
2025-01-04 21:25:17,995 - Eve's Hand: [3C, 4H, 5S, TH, AC, 2H]
2025-01-04 21:25:17,995 - Boss: Rank: 11 | Suit C | Attack 3 | Health 5
2025-01-04 21:25:17,995 - Tavern: [9S, 5D, 3H, 4C]
2025-01-04 21:25:17,995 - Castle: [KH, KC, KD, KS, QD, QH, QC, QS, JD]
2025-01-04 21:25:17,995 - Discard: [3S, AH, TS, AD, 7C, 9C, JS, 7H, 6C, 5H, 6H, 2C, TC, 3D, 8D, TD, 4S, JH, 8H, 5C, 8S, 9H]
2025-01-04 21:25:17,996 - Active Player: 1
2025-01-04 21:25:17,996 - STATE LOG: END
2025-01-04 21:25:18,161 - STATE LOG: BEGIN
2025-01-04 21:25:18,161 - Noah's Hand: [AS, 2S, 4D, 7D, 8C, 9D]
2025-01-04 21:25:18,161 - Eve's Hand: [3C, 4H, 5S, TH, AC, 2H]
2025-01-04 21:25:18,161 - Boss: Rank: 11 | Suit C | Attack 3 | Health 5
2025-01-04 21:25:18,161 - Tavern: [9S, 5D, 3H, 4C]
2025-01-04 21:25:18,161 - Castle: [KH, KC, KD, KS, QD, QH, QC, QS, JD]
2025-01-04 21:25:18,161 - Discard: [3S, AH, TS, AD, 7C, 9C, JS, 7H, 6C, 5H, 6H, 2C, TC, 3D, 8D, TD, 4S, JH, 8H, 5C, 8S, 9H, 6S]
2025-01-04 21:25:18,161 - Active Player: 2
2025-01-04 21:25:18,162 - STATE LOG: END
2025-01-04 21:25:18,291 - STATE LOG: BEGIN
2025-01-04 21:25:18,291 - Noah's Hand: [AS, 2S, 4D, 7D, 8C, 9D]
2025-01-04 21:25:18,291 - Eve's Hand: [3C, 4H, 5S]
2025-01-04 21:25:18,291 - Boss: Rank: 11 | Suit C | Attack 3 | Health 4
2025-01-04 21:25:18,291 - Tavern: [9S, 5D, 3H, 4C]
2025-01-04 21:25:18,291 - Castle: [KH, KC, KD, KS, QD, QH, QC, QS, JD]
2025-01-04 21:25:18,291 - Discard: [3S, AH, TS, AD, 7C, 9C, JS, 7H, 6C, 5H, 6H, 2C, TC, 3D, 8D, TD, 4S, JH, 8H, 5C, 8S, 9H, 6S, 2H, TH]
2025-01-04 21:25:18,291 - Active Player: 1
2025-01-04 21:25:18,291 - STATE LOG: END
2025-01-04 21:25:18,409 - STATE LOG: BEGIN
2025-01-04 21:25:18,409 - Noah's Hand: [AS, 2S, 4D, 7D, 8C, 4C, 5D]
2025-01-04 21:25:18,409 - Eve's Hand: [3C, 4H, 5S, 3H, 9S]
2025-01-04 21:25:18,409 - Boss: Rank: 11 | Suit D | Attack 10 | Health 20
2025-01-04 21:25:18,409 - Tavern: []
2025-01-04 21:25:18,409 - Castle: [KH, KC, KD, KS, QD, QH, QC, QS]
2025-01-04 21:25:18,409 - Discard: [3S, AH, TS, AD, 7C, 9C, JS, 7H, 6C, 5H, 6H, 2C, TC, 3D, 8D, TD, 4S, JH, 8H, 5C, 8S, 9H, 6S, 2H, TH, 7S, 9D, 2D, 6D, AC, JC]
2025-01-04 21:25:18,409 - Active Player: 1
2025-01-04 21:25:18,409 - STATE LOG: END
2025-01-04 21:25:18,545 - STATE LOG: BEGIN
2025-01-04 21:25:18,545 - Noah's Hand: [4C, 4D, 5D, 7D]
2025-01-04 21:25:18,545 - Eve's Hand: [3C, 4H, 5S, 3H, 9S]
2025-01-04 21:25:18,545 - Boss: Rank: 11 | Suit D | Attack 7 | Health 17
2025-01-04 21:25:18,545 - Tavern: []
2025-01-04 21:25:18,545 - Castle: [KH, KC, KD, KS, QD, QH, QC, QS]
2025-01-04 21:25:18,545 - Discard: [3S, AH, TS, AD, 7C, 9C, JS, 7H, 6C, 5H, 6H, 2C, TC, 3D, 8D, TD, 4S, JH, 8H, 5C, 8S, 9H, 6S, 2H, TH, 7S, 9D, 2D, 6D, AC, JC, 8C]
2025-01-04 21:25:18,545 - Active Player: 2
2025-01-04 21:25:18,545 - STATE LOG: END
2025-01-04 21:25:18,650 - STATE LOG: BEGIN
2025-01-04 21:25:18,650 - Noah's Hand: [4C, 4D, 5D, 7D]
2025-01-04 21:25:18,650 - Eve's Hand: [3H, 4H, 9S]
2025-01-04 21:25:18,650 - Boss: Rank: 11 | Suit D | Attack 2 | Health 12
2025-01-04 21:25:18,650 - Tavern: []
2025-01-04 21:25:18,650 - Castle: [KH, KC, KD, KS, QD, QH, QC, QS]
2025-01-04 21:25:18,650 - Discard: [3S, AH, TS, AD, 7C, 9C, JS, 7H, 6C, 5H, 6H, 2C, TC, 3D, 8D, TD, 4S, JH, 8H, 5C, 8S, 9H, 6S, 2H, TH, 7S, 9D, 2D, 6D, AC, JC, 8C, 3C]
2025-01-04 21:25:18,650 - Active Player: 1
2025-01-04 21:25:18,650 - STATE LOG: END
2025-01-04 21:25:18,739 - STATE LOG: BEGIN
2025-01-04 21:25:18,739 - Noah's Hand: [4D, 5D, 7D]
2025-01-04 21:25:18,739 - Eve's Hand: [3H, 4H, 9S]
2025-01-04 21:25:18,739 - Boss: Rank: 11 | Suit D | Attack 2 | Health 12
2025-01-04 21:25:18,739 - Tavern: []
2025-01-04 21:25:18,739 - Castle: [KH, KC, KD, KS, QD, QH, QC, QS]
2025-01-04 21:25:18,739 - Discard: [3S, AH, TS, AD, 7C, 9C, JS, 7H, 6C, 5H, 6H, 2C, TC, 3D, 8D, TD, 4S, JH, 8H, 5C, 8S, 9H, 6S, 2H, TH, 7S, 9D, 2D, 6D, AC, JC, 8C, 3C, 4C]
2025-01-04 21:25:18,739 - Active Player: 2
2025-01-04 21:25:18,739 - STATE LOG: END
2025-01-04 21:25:18,750 - STATE LOG: BEGIN
2025-01-04 21:25:18,750 - Noah's Hand: [4D, 5D, 7D]
2025-01-04 21:25:18,750 - Eve's Hand: [3H, 4H]
2025-01-04 21:25:18,750 - Boss: Rank: 11 | Suit D | Attack 0 | Health 3
2025-01-04 21:25:18,750 - Tavern: []
2025-01-04 21:25:18,750 - Castle: [KH, KC, KD, KS, QD, QH, QC, QS]
2025-01-04 21:25:18,750 - Discard: [3S, AH, TS, AD, 7C, 9C, JS, 7H, 6C, 5H, 6H, 2C, TC, 3D, 8D, TD, 4S, JH, 8H, 5C, 8S, 9H, 6S, 2H, TH, 7S, 9D, 2D, 6D, AC, JC, 8C, 3C, 4C]
2025-01-04 21:25:18,750 - Active Player: 1
2025-01-04 21:25:18,750 - STATE LOG: END
2025-01-04 21:25:18,768 - STATE LOG: BEGIN
2025-01-04 21:25:18,768 - Noah's Hand: [4D, 5D, 7D]
2025-01-04 21:25:18,768 - Eve's Hand: [3H, 4H]
2025-01-04 21:25:18,768 - Boss: Rank: 11 | Suit D | Attack 0 | Health 3
2025-01-04 21:25:18,768 - Tavern: []
2025-01-04 21:25:18,768 - Castle: [KH, KC, KD, KS, QD, QH, QC, QS]
2025-01-04 21:25:18,768 - Discard: [3S, AH, TS, AD, 7C, 9C, JS, 7H, 6C, 5H, 6H, 2C, TC, 3D, 8D, TD, 4S, JH, 8H, 5C, 8S, 9H, 6S, 2H, TH, 7S, 9D, 2D, 6D, AC, JC, 8C, 3C, 4C]
2025-01-04 21:25:18,768 - Active Player: 2
2025-01-04 21:25:18,768 - STATE LOG: END
2025-01-04 21:25:18,775 - STATE LOG: BEGIN
2025-01-04 21:25:18,775 - Noah's Hand: [4D, 5D, 7D]
2025-01-04 21:25:18,775 - Eve's Hand: [4H]
2025-01-04 21:25:18,775 - Boss: Rank: 12 | Suit S | Attack 15 | Health 30
2025-01-04 21:25:18,775 - Tavern: [5H, 5C, 8H]
2025-01-04 21:25:18,775 - Castle: [KH, KC, KD, KS, QD, QH, QC]
2025-01-04 21:25:18,775 - Discard: [7S, TS, AD, 3D, 9H, 6S, 8C, 2D, 6C, JS, TC, 3C, 4S, 3S, JC, JH, 9C, 2H, 8D, TD, 2C, AC, 6D, 7H, 7C, 4C, TH, 9D, 6H, 8S, AH, AS, 2S, 5S, 9S, 3H]
2025-01-04 21:25:18,775 - Active Player: 2
2025-01-04 21:25:18,775 - STATE LOG: END
2025-01-04 21:25:18,777 - STATE LOG: BEGIN
2025-01-04 21:25:18,777 - Noah's Hand: [4D, 5D, 7D]
2025-01-04 21:25:18,777 - Eve's Hand: [4H]
2025-01-04 21:25:18,777 - Boss: Rank: 12 | Suit S | Attack 15 | Health 30
2025-01-04 21:25:18,777 - Tavern: [5H, 5C, 8H]
2025-01-04 21:25:18,777 - Castle: [KH, KC, KD, KS, QD, QH, QC]
2025-01-04 21:25:18,777 - Discard: [7S, TS, AD, 3D, 9H, 6S, 8C, 2D, 6C, JS, TC, 3C, 4S, 3S, JC, JH, 9C, 2H, 8D, TD, 2C, AC, 6D, 7H, 7C, 4C, TH, 9D, 6H, 8S, AH, AS, 2S, 5S, 9S, 3H]
2025-01-04 21:25:18,777 - Active Player: 1
2025-01-04 21:25:18,777 - STATE LOG: END
