2025-01-04 19:56:15,874 - I log states! :D
2025-01-04 19:56:15,874 - STATE LOG: BEGIN
2025-01-04 19:56:15,874 - Noah's Hand: [TC, 5S, AD, AH, TD, 2S, 6D]
2025-01-04 19:56:15,874 - Eve's Hand: [5C, 6H, 8C, 7S, 4D, 3C, 7H]
2025-01-04 19:56:15,874 - Boss: Rank: 11 | Suit C | Attack 10 | Health 20
2025-01-04 19:56:15,874 - Tavern: [4C, 5D, 7C, 2D, 8H, 8D, 9D, 3D, 3H, 7D, 6S, TH, 9C, 4H, 2C, 4S, 9H, 8S, 6C, 9S, AC, 5H, 3S, 2H, AS, TS]
2025-01-04 19:56:15,874 - Castle: [KH, KS, KD, KC, QS, QC, QH, QD, JH, JS, JD]
2025-01-04 19:56:15,874 - Discard: []
2025-01-04 19:56:15,875 - Active Player: 1
2025-01-04 19:56:15,875 - STATE LOG: END
2025-01-04 19:56:23,726 - STATE LOG: BEGIN
2025-01-04 19:56:23,727 - Noah's Hand: [AD, 2S, 6D, TC]
2025-01-04 19:56:23,727 - Eve's Hand: [5C, 6H, 8C, 7S, 4D, 3C, 7H]
2025-01-04 19:56:23,727 - Boss: Rank: 11 | Suit C | Attack 4 | Health 14
2025-01-04 19:56:23,728 - Tavern: [4C, 5D, 7C, 2D, 8H, 8D, 9D, 3D, 3H, 7D, 6S, TH, 9C, 4H, 2C, 4S, 9H, 8S, 6C, 9S, AC, 5H, 3S, 2H, AS, TS]
2025-01-04 19:56:23,728 - Castle: [KH, KS, KD, KC, QS, QC, QH, QD, JH, JS, JD]
2025-01-04 19:56:23,728 - Discard: [TD]
2025-01-04 19:56:23,728 - Active Player: 2
2025-01-04 19:56:23,728 - STATE LOG: END
2025-01-04 19:56:39,352 - STATE LOG: BEGIN
2025-01-04 19:56:39,352 - Noah's Hand: [AD, 2S, 6D, TC, AS, 2H, 3S]
2025-01-04 19:56:39,352 - Eve's Hand: [3C, 5C, 6H, 7H, 7S, 8C]
2025-01-04 19:56:39,352 - Boss: Rank: 11 | Suit C | Attack 4 | Health 10
2025-01-04 19:56:39,352 - Tavern: [4C, 5D, 7C, 2D, 8H, 8D, 9D, 3D, 3H, 7D, 6S, TH, 9C, 4H, 2C, 4S, 9H, 8S, 6C, 9S, AC, 5H]
2025-01-04 19:56:39,352 - Castle: [KH, KS, KD, KC, QS, QC, QH, QD, JH, JS, JD]
2025-01-04 19:56:39,352 - Discard: [TD, TS]
2025-01-04 19:56:39,352 - Active Player: 1
2025-01-04 19:56:39,352 - STATE LOG: END
2025-01-04 19:56:41,760 - STATE LOG: BEGIN
2025-01-04 19:56:41,760 - Noah's Hand: [AS, 2H, 2S, 3S, TC, 5H]
2025-01-04 19:56:41,761 - Eve's Hand: [3C, 5C, 6H, 7H, 7S, 8C, AC]
2025-01-04 19:56:41,761 - Boss: Rank: 11 | Suit C | Attack 4 | Health 3
2025-01-04 19:56:41,761 - Tavern: [4C, 5D, 7C, 2D, 8H, 8D, 9D, 3D, 3H, 7D, 6S, TH, 9C, 4H, 2C, 4S, 9H, 8S, 6C]
2025-01-04 19:56:41,761 - Castle: [KH, KS, KD, KC, QS, QC, QH, QD, JH, JS, JD]
2025-01-04 19:56:41,761 - Discard: [TD, TS, 9S]
2025-01-04 19:56:41,761 - Active Player: 2
2025-01-04 19:56:41,761 - STATE LOG: END
2025-01-04 19:57:05,524 - STATE LOG: BEGIN
2025-01-04 19:57:05,524 - Noah's Hand: [AS, 2H, 2S, 3S, TC, 5H]
2025-01-04 19:57:05,525 - Eve's Hand: [AC, 3C, 5C, 6H, 7S, 8C]
2025-01-04 19:57:05,525 - Boss: Rank: 11 | Suit D | Attack 10 | Health 20
2025-01-04 19:57:05,525 - Tavern: [TS, TD, 9S, 4C, 5D, 7C, 2D, 8H, 8D, 9D, 3D, 3H, 7D, 6S, TH, 9C, 4H, 2C, 4S, 9H, 8S, 6C]
2025-01-04 19:57:05,525 - Castle: [KH, KS, KD, KC, QS, QC, QH, QD, JH, JS]
2025-01-04 19:57:05,525 - Discard: [AH, 5S, AD, 6D, 4D, 7H, JC]
2025-01-04 19:57:05,525 - Active Player: 2
2025-01-04 19:57:05,525 - STATE LOG: END
2025-01-04 19:57:07,975 - STATE LOG: BEGIN
2025-01-04 19:57:07,976 - Noah's Hand: [AS, 2H, 2S, 3S, TC, 5H]
2025-01-04 19:57:07,976 - Eve's Hand: [3C, 5C, 6H]
2025-01-04 19:57:07,976 - Boss: Rank: 11 | Suit D | Attack 2 | Health 4
2025-01-04 19:57:07,976 - Tavern: [TS, TD, 9S, 4C, 5D, 7C, 2D, 8H, 8D, 9D, 3D, 3H, 7D, 6S, TH, 9C, 4H, 2C, 4S, 9H, 8S, 6C]
2025-01-04 19:57:07,976 - Castle: [KH, KS, KD, KC, QS, QC, QH, QD, JH, JS]
2025-01-04 19:57:07,976 - Discard: [AH, 5S, AD, 6D, 4D, 7H, JC, 8C]
2025-01-04 19:57:07,976 - Active Player: 1
2025-01-04 19:57:07,976 - STATE LOG: END
2025-01-04 19:57:28,288 - STATE LOG: BEGIN
2025-01-04 19:57:28,290 - Noah's Hand: [2H, 3S, 5H, TC]
2025-01-04 19:57:28,290 - Eve's Hand: [3C, 5C, 6H]
2025-01-04 19:57:28,290 - Boss: Rank: 11 | Suit D | Attack 0 | Health 1
2025-01-04 19:57:28,290 - Tavern: [TS, TD, 9S, 4C, 5D, 7C, 2D, 8H, 8D, 9D, 3D, 3H, 7D, 6S, TH, 9C, 4H, 2C, 4S, 9H, 8S, 6C]
2025-01-04 19:57:28,290 - Castle: [KH, KS, KD, KC, QS, QC, QH, QD, JH, JS]
2025-01-04 19:57:28,290 - Discard: [AH, 5S, AD, 6D, 4D, 7H, JC, 8C]
2025-01-04 19:57:28,291 - Active Player: 2
2025-01-04 19:57:28,291 - STATE LOG: END
2025-01-04 19:57:28,579 - STATE LOG: BEGIN
2025-01-04 19:57:28,579 - Noah's Hand: [2H, 3S, 5H, TC]
2025-01-04 19:57:28,580 - Eve's Hand: [5C, 6H]
2025-01-04 19:57:28,580 - Boss: Rank: 11 | Suit S | Attack 10 | Health 20
2025-01-04 19:57:28,580 - Tavern: [TS, TD, 9S, 4C, 5D, 7C, 2D, 8H, 8D, 9D, 3D, 3H, 7D, 6S, TH, 9C, 4H, 2C, 4S, 9H, 8S, 6C]
2025-01-04 19:57:28,580 - Castle: [KH, KS, KD, KC, QS, QC, QH, QD, JH]
2025-01-04 19:57:28,580 - Discard: [AH, 5S, AD, 6D, 4D, 7H, JC, 8C, AS, 2S, AC, 7S, 3C, JD]
2025-01-04 19:57:28,580 - Active Player: 2
2025-01-04 19:57:28,580 - STATE LOG: END
2025-01-04 19:57:28,600 - STATE LOG: BEGIN
2025-01-04 19:57:28,600 - Noah's Hand: [2H, 3S, 5H, TC]
2025-01-04 19:57:28,600 - Eve's Hand: [6H]
2025-01-04 19:57:28,600 - Boss: Rank: 11 | Suit S | Attack 10 | Health 10
2025-01-04 19:57:28,600 - Tavern: [TS, TD, 9S, 4C, 5D, 7C, 2D, 8H, 8D, 9D, 3D, 3H, 7D, 6S, TH, 9C, 4H, 2C, 4S, 9H, 8S, 6C]
2025-01-04 19:57:28,600 - Castle: [KH, KS, KD, KC, QS, QC, QH, QD, JH]
2025-01-04 19:57:28,600 - Discard: [AH, 5S, AD, 6D, 4D, 7H, JC, 8C, AS, 2S, AC, 7S, 3C, JD]
2025-01-04 19:57:28,600 - Active Player: 1
2025-01-04 19:57:28,600 - STATE LOG: END
