2025-01-04 14:03:24,261 - I log states! :D
2025-01-04 14:03:24,262 - STATE LOG: BEGIN
2025-01-04 14:03:24,262 - Noah's Hand: [AS, 4C, 2H, 7S, 2D, 7H, 3H]
2025-01-04 14:03:24,262 - Eve's Hand: [5D, 7C, AC, TC, 9S, AD, 4S]
2025-01-04 14:03:24,262 - Boss: Rank: 11 | Suit S | Attack 10 | Health 20
2025-01-04 14:03:24,262 - Tavern: [3C, 3D, 8H, 6S, 5C, 6D, 9D, 4H, 4D, 9C, 7D, AH, 5S, TH, 2S, 8C, 3S, 8S, 6C, 2C, 6H, 9H, TD, 5H, 8D, TS]
2025-01-04 14:03:24,262 - Castle: [KC, KS, KH, KD, QS, QC, QD, QH, JD, JC, JH]
2025-01-04 14:03:24,262 - Discard: []
2025-01-04 14:03:24,262 - Active Player: 1
2025-01-04 14:03:24,262 - STATE LOG: END
2025-01-04 14:03:24,297 - STATE LOG: BEGIN
2025-01-04 14:03:24,297 - Noah's Hand: [AS, 3H, 4C, 7H, 7S]
2025-01-04 14:03:24,297 - Eve's Hand: [5D, 7C, AC, TC, 9S, AD, 4S]
2025-01-04 14:03:24,297 - Boss: Rank: 11 | Suit S | Attack 10 | Health 16
2025-01-04 14:03:24,297 - Tavern: [3C, 3D, 8H, 6S, 5C, 6D, 9D, 4H, 4D, 9C, 7D, AH, 5S, TH, 2S, 8C, 3S, 8S, 6C, 2C, 6H, 9H, TD, 5H]
2025-01-04 14:03:24,297 - Castle: [KC, KS, KH, KD, QS, QC, QD, QH, JD, JC, JH]
2025-01-04 14:03:24,297 - Discard: [8D, TS]
2025-01-04 14:03:24,297 - Active Player: 2
2025-01-04 14:03:24,297 - STATE LOG: END
2025-01-04 14:03:24,318 - STATE LOG: BEGIN
2025-01-04 14:03:24,318 - Noah's Hand: [AS, 3H, 4C, 7H, 7S]
2025-01-04 14:03:24,318 - Eve's Hand: [AD, 4S, 5D, 9S, TC]
2025-01-04 14:03:24,318 - Boss: Rank: 11 | Suit H | Attack 10 | Health 20
2025-01-04 14:03:24,318 - Tavern: [3C, 3D, 8H, 6S, 5C, 6D, 9D, 4H, 4D, 9C, 7D, AH, 5S, TH, 2S, 8C, 3S, 8S, 6C, 2C, 6H, 9H, TD, 5H]
2025-01-04 14:03:24,318 - Castle: [KC, KS, KH, KD, QS, QC, QD, QH, JD, JC]
2025-01-04 14:03:24,318 - Discard: [8D, TS, 2D, 2H, AC, 7C]
2025-01-04 14:03:24,318 - Active Player: 2
2025-01-04 14:03:24,318 - STATE LOG: END
2025-01-04 14:03:24,334 - STATE LOG: BEGIN
2025-01-04 14:03:24,334 - Noah's Hand: [AS, 3H, 4C, 7H, 7S, 5H, 9H]
2025-01-04 14:03:24,334 - Eve's Hand: [4S, 5D, TC, JS, TD, 6H, 2C]
2025-01-04 14:03:24,334 - Boss: Rank: 11 | Suit H | Attack 0 | Health 10
2025-01-04 14:03:24,334 - Tavern: [3C, 3D, 8H, 6S, 5C, 6D, 9D, 4H, 4D, 9C, 7D, AH, 5S, TH, 2S, 8C, 3S, 8S, 6C]
2025-01-04 14:03:24,334 - Castle: [KC, KS, KH, KD, QS, QC, QD, QH, JD, JC]
2025-01-04 14:03:24,334 - Discard: [8D, TS, 2D, 2H, AC, 7C]
2025-01-04 14:03:24,334 - Active Player: 1
2025-01-04 14:03:24,334 - STATE LOG: END
2025-01-04 14:03:24,350 - STATE LOG: BEGIN
2025-01-04 14:03:24,350 - Noah's Hand: [AS, 3H, 5H, 7H, 7S, 9H]
2025-01-04 14:03:24,350 - Eve's Hand: [4S, 5D, TC, JS, TD, 6H, 2C]
2025-01-04 14:03:24,350 - Boss: Rank: 11 | Suit H | Attack 0 | Health 2
2025-01-04 14:03:24,350 - Tavern: [3C, 3D, 8H, 6S, 5C, 6D, 9D, 4H, 4D, 9C, 7D, AH, 5S, TH, 2S, 8C, 3S, 8S, 6C]
2025-01-04 14:03:24,350 - Castle: [KC, KS, KH, KD, QS, QC, QD, QH, JD, JC]
2025-01-04 14:03:24,350 - Discard: [8D, TS, 2D, 2H, AC, 7C]
2025-01-04 14:03:24,350 - Active Player: 2
2025-01-04 14:03:24,350 - STATE LOG: END
2025-01-04 14:03:24,364 - STATE LOG: BEGIN
2025-01-04 14:03:24,364 - Noah's Hand: [AS, 3H, 5H, 7H, 7S, 9H]
2025-01-04 14:03:24,364 - Eve's Hand: [2C, 4S, 5D, 6H, TC, TD, JS]
2025-01-04 14:03:24,364 - Boss: Rank: 11 | Suit H | Attack 0 | Health 2
2025-01-04 14:03:24,364 - Tavern: [3C, 3D, 8H, 6S, 5C, 6D, 9D, 4H, 4D, 9C, 7D, AH, 5S, TH, 2S, 8C, 3S, 8S, 6C]
2025-01-04 14:03:24,364 - Castle: [KC, KS, KH, KD, QS, QC, QD, QH, JD, JC]
2025-01-04 14:03:24,364 - Discard: [8D, TS, 2D, 2H, AC, 7C]
2025-01-04 14:03:24,364 - Active Player: 1
2025-01-04 14:03:24,364 - STATE LOG: END
2025-01-04 14:03:24,378 - STATE LOG: BEGIN
2025-01-04 14:03:24,378 - Noah's Hand: [3H, 5H, 7H, 7S]
2025-01-04 14:03:24,378 - Eve's Hand: [2C, 4S, 5D, 6H, TC, TD, JS]
2025-01-04 14:03:24,378 - Boss: Rank: 11 | Suit C | Attack 10 | Health 20
2025-01-04 14:03:24,378 - Tavern: [3C, 3D, 8H, 6S, 5C, 6D, 9D, 4H, 4D, 9C, 7D, AH, 5S, TH, 2S, 8C, 3S, 8S, 6C]
2025-01-04 14:03:24,378 - Castle: [KC, KS, KH, KD, QS, QC, QD, QH, JD]
2025-01-04 14:03:24,378 - Discard: [8D, TS, 2D, 2H, AC, 7C, 4C, AS, 9H, AD, 9S, JH]
2025-01-04 14:03:24,378 - Active Player: 1
2025-01-04 14:03:24,378 - STATE LOG: END
2025-01-04 14:03:24,390 - STATE LOG: BEGIN
2025-01-04 14:03:24,390 - Noah's Hand: [3H, 5H]
2025-01-04 14:03:24,390 - Eve's Hand: [2C, 4S, 5D, 6H, TC, TD, JS]
2025-01-04 14:03:24,390 - Boss: Rank: 11 | Suit C | Attack 3 | Health 13
2025-01-04 14:03:24,390 - Tavern: [3C, 3D, 8H, 6S, 5C, 6D, 9D, 4H, 4D, 9C, 7D, AH, 5S, TH, 2S, 8C, 3S, 8S, 6C]
2025-01-04 14:03:24,390 - Castle: [KC, KS, KH, KD, QS, QC, QD, QH, JD]
2025-01-04 14:03:24,390 - Discard: [8D, TS, 2D, 2H, AC, 7C, 4C, AS, 9H, AD, 9S, JH, 7H]
2025-01-04 14:03:24,390 - Active Player: 2
2025-01-04 14:03:24,390 - STATE LOG: END
2025-01-04 14:03:24,401 - STATE LOG: BEGIN
2025-01-04 14:03:24,401 - Noah's Hand: [3H, 5H, 8S, 3S, 8C, 2S, TH]
2025-01-04 14:03:24,401 - Eve's Hand: [2C, 4S, 5D, 6H, TC, JS]
2025-01-04 14:03:24,401 - Boss: Rank: 11 | Suit C | Attack 3 | Health 3
2025-01-04 14:03:24,401 - Tavern: [3C, 3D, 8H, 6S, 5C, 6D, 9D, 4H, 4D, 9C, 7D, AH, 5S]
2025-01-04 14:03:24,401 - Castle: [KC, KS, KH, KD, QS, QC, QD, QH, JD]
2025-01-04 14:03:24,401 - Discard: [8D, TS, 2D, 2H, AC, 7C, 4C, AS, 9H, AD, 9S, JH, 7H, 6C]
2025-01-04 14:03:24,401 - Active Player: 1
2025-01-04 14:03:24,401 - STATE LOG: END
2025-01-04 14:03:24,415 - STATE LOG: BEGIN
2025-01-04 14:03:24,415 - Noah's Hand: [2S, 3H, 3S, 5H, 8C, 8S]
2025-01-04 14:03:24,415 - Eve's Hand: [2C, 4S, 5D, 6H, TC, JS]
2025-01-04 14:03:24,415 - Boss: Rank: 11 | Suit C | Attack 3 | Health 3
2025-01-04 14:03:24,415 - Tavern: [3C, 3D, 8H, 6S, 5C, 6D, 9D, 4H, 4D, 9C, 7D, AH, 5S]
2025-01-04 14:03:24,415 - Castle: [KC, KS, KH, KD, QS, QC, QD, QH, JD]
2025-01-04 14:03:24,415 - Discard: [8D, TS, 2D, 2H, AC, 7C, 4C, AS, 9H, AD, 9S, JH, 7H, 6C, TH]
2025-01-04 14:03:24,415 - Active Player: 2
2025-01-04 14:03:24,415 - STATE LOG: END
2025-01-04 14:03:24,429 - STATE LOG: BEGIN
2025-01-04 14:03:24,429 - Noah's Hand: [2S, 3H, 3S, 5H, 8C, 8S, AH]
2025-01-04 14:03:24,429 - Eve's Hand: [2C, 4S, 6H, TC, JS, 5S, 7D]
2025-01-04 14:03:24,429 - Boss: Rank: 11 | Suit D | Attack 10 | Health 20
2025-01-04 14:03:24,429 - Tavern: [3C, 3D, 8H, 6S, 5C, 6D, 9D, 4H, 4D, 9C]
2025-01-04 14:03:24,429 - Castle: [KC, KS, KH, KD, QS, QC, QD, QH]
2025-01-04 14:03:24,429 - Discard: [8D, TS, 2D, 2H, AC, 7C, 4C, AS, 9H, AD, 9S, JH, 7H, 6C, TH, 7S, TD, 5D, JC]
2025-01-04 14:03:24,429 - Active Player: 2
2025-01-04 14:03:24,429 - STATE LOG: END
2025-01-04 14:03:24,444 - STATE LOG: BEGIN
2025-01-04 14:03:24,444 - Noah's Hand: [2S, 3H, 3S, 5H, 8C, 8S, AH]
2025-01-04 14:03:24,444 - Eve's Hand: [2C, 4S, 5S, 7D, TC]
2025-01-04 14:03:24,444 - Boss: Rank: 11 | Suit D | Attack 10 | Health 14
2025-01-04 14:03:24,444 - Tavern: [JC, 4C, AD, AS, 7C, JH, 3C, 3D, 8H, 6S, 5C, 6D, 9D, 4H, 4D, 9C]
2025-01-04 14:03:24,444 - Castle: [KC, KS, KH, KD, QS, QC, QD, QH]
2025-01-04 14:03:24,444 - Discard: [9S, 5D, TS, TH, 2D, 7H, 8D, TD, 2H, AC, 9H, 7S, 6C, JS]
2025-01-04 14:03:24,444 - Active Player: 1
2025-01-04 14:03:24,444 - STATE LOG: END
2025-01-04 14:03:24,458 - STATE LOG: BEGIN
2025-01-04 14:03:24,458 - Noah's Hand: [2S, 3H, 3S, 5H, 8S]
2025-01-04 14:03:24,458 - Eve's Hand: [2C, 4S, 5S, 7D, TC]
2025-01-04 14:03:24,458 - Boss: Rank: 12 | Suit H | Attack 15 | Health 30
2025-01-04 14:03:24,458 - Tavern: [TS, 7H, 8D, 5D, 7S, 2D, 2H, TH, AC, JC, 4C, AD, AS, 7C, JH, 3C, 3D, 8H, 6S, 5C, 6D, 9D, 4H, 4D, 9C]
2025-01-04 14:03:24,458 - Castle: [KC, KS, KH, KD, QS, QC, QD]
2025-01-04 14:03:24,458 - Discard: [9S, TD, 9H, 6C, JS, AH, 8C, 6H, JD]
2025-01-04 14:03:24,458 - Active Player: 1
2025-01-04 14:03:24,458 - STATE LOG: END
2025-01-04 14:03:24,470 - STATE LOG: BEGIN
2025-01-04 14:03:24,470 - Noah's Hand: [2S, 3H]
2025-01-04 14:03:24,470 - Eve's Hand: [2C, 4S, 5S, 7D, TC]
2025-01-04 14:03:24,470 - Boss: Rank: 12 | Suit H | Attack 15 | Health 30
2025-01-04 14:03:24,470 - Tavern: [TS, 7H, 8D, 5D, 7S, 2D, 2H, TH, AC, JC, 4C, AD, AS, 7C, JH, 3C, 3D, 8H, 6S, 5C, 6D, 9D, 4H, 4D, 9C]
2025-01-04 14:03:24,470 - Castle: [KC, KS, KH, KD, QS, QC, QD]
2025-01-04 14:03:24,470 - Discard: [9S, TD, 9H, 6C, JS, AH, 8C, 6H, JD, 8S, 5H, 3S]
2025-01-04 14:03:24,470 - Active Player: 2
2025-01-04 14:03:24,470 - STATE LOG: END
2025-01-04 14:03:24,532 - STATE LOG: BEGIN
2025-01-04 14:03:24,532 - Noah's Hand: [2S, 3H, 4D, 9D, 5C, 6S]
2025-01-04 14:03:24,532 - Eve's Hand: [2C, 4S, 5S, TC]
2025-01-04 14:03:24,532 - Boss: Rank: 12 | Suit H | Attack 15 | Health 23
2025-01-04 14:03:24,532 - Tavern: [TS, 7H, 8D, 5D, 7S, 2D, 2H, TH, AC, JC, 4C, AD, AS, 7C, JH, 3C, 3D, 8H]
2025-01-04 14:03:24,532 - Castle: [KC, KS, KH, KD, QS, QC, QD]
2025-01-04 14:03:24,532 - Discard: [9S, TD, 9H, 6C, JS, AH, 8C, 6H, JD, 8S, 5H, 3S, 6D, 4H, 9C]
2025-01-04 14:03:24,532 - Active Player: 1
2025-01-04 14:03:24,532 - STATE LOG: END
2025-01-04 14:03:24,547 - STATE LOG: BEGIN
2025-01-04 14:03:24,547 - Noah's Hand: [2S, 3H, 4D, 5C]
2025-01-04 14:03:24,547 - Eve's Hand: [2C, 4S, 5S, TC]
2025-01-04 14:03:24,547 - Boss: Rank: 12 | Suit H | Attack 9 | Health 17
2025-01-04 14:03:24,547 - Tavern: [TS, 7H, 8D, 5D, 7S, 2D, 2H, TH, AC, JC, 4C, AD, AS, 7C, JH, 3C, 3D, 8H]
2025-01-04 14:03:24,547 - Castle: [KC, KS, KH, KD, QS, QC, QD]
2025-01-04 14:03:24,547 - Discard: [9S, TD, 9H, 6C, JS, AH, 8C, 6H, JD, 8S, 5H, 3S, 6D, 4H, 9C, 9D]
2025-01-04 14:03:24,547 - Active Player: 2
2025-01-04 14:03:24,547 - STATE LOG: END
2025-01-04 14:03:24,559 - STATE LOG: BEGIN
2025-01-04 14:03:24,559 - Noah's Hand: [2S, 3H, 4D, 5C]
2025-01-04 14:03:24,559 - Eve's Hand: [2C, 4S]
2025-01-04 14:03:24,559 - Boss: Rank: 12 | Suit H | Attack 4 | Health 12
2025-01-04 14:03:24,559 - Tavern: [TS, 7H, 8D, 5D, 7S, 2D, 2H, TH, AC, JC, 4C, AD, AS, 7C, JH, 3C, 3D, 8H]
2025-01-04 14:03:24,559 - Castle: [KC, KS, KH, KD, QS, QC, QD]
2025-01-04 14:03:24,559 - Discard: [9S, TD, 9H, 6C, JS, AH, 8C, 6H, JD, 8S, 5H, 3S, 6D, 4H, 9C, 9D, TC]
2025-01-04 14:03:24,559 - Active Player: 1
2025-01-04 14:03:24,559 - STATE LOG: END
2025-01-04 14:03:24,570 - STATE LOG: BEGIN
2025-01-04 14:03:24,570 - Noah's Hand: [2S, 3H, 5C]
2025-01-04 14:03:24,570 - Eve's Hand: [2C, 4S, 3D, JH]
2025-01-04 14:03:24,570 - Boss: Rank: 12 | Suit H | Attack 4 | Health 8
2025-01-04 14:03:24,570 - Tavern: [TS, 7H, 8D, 5D, 7S, 2D, 2H, TH, AC, JC, 4C, AD, AS, 7C]
2025-01-04 14:03:24,570 - Castle: [KC, KS, KH, KD, QS, QC, QD]
2025-01-04 14:03:24,570 - Discard: [9S, TD, 9H, 6C, JS, AH, 8C, 6H, JD, 8S, 5H, 3S, 6D, 4H, 9C, 9D, TC, 3C, 8H]
2025-01-04 14:03:24,570 - Active Player: 2
2025-01-04 14:03:24,570 - STATE LOG: END
2025-01-04 14:03:24,581 - STATE LOG: BEGIN
2025-01-04 14:03:24,581 - Noah's Hand: [2S, 3H, 5C]
2025-01-04 14:03:24,581 - Eve's Hand: [2C, 3D, JH]
2025-01-04 14:03:24,581 - Boss: Rank: 12 | Suit H | Attack 0 | Health 4
2025-01-04 14:03:24,581 - Tavern: [TS, 7H, 8D, 5D, 7S, 2D, 2H, TH, AC, JC, 4C, AD, AS, 7C]
2025-01-04 14:03:24,581 - Castle: [KC, KS, KH, KD, QS, QC, QD]
2025-01-04 14:03:24,581 - Discard: [9S, TD, 9H, 6C, JS, AH, 8C, 6H, JD, 8S, 5H, 3S, 6D, 4H, 9C, 9D, TC, 3C, 8H]
2025-01-04 14:03:24,581 - Active Player: 1
2025-01-04 14:03:24,581 - STATE LOG: END
2025-01-04 14:03:24,592 - STATE LOG: BEGIN
2025-01-04 14:03:24,592 - Noah's Hand: [2S, 3H, 5C]
2025-01-04 14:03:24,592 - Eve's Hand: [2C, 3D, JH]
2025-01-04 14:03:24,592 - Boss: Rank: 12 | Suit H | Attack 0 | Health 4
2025-01-04 14:03:24,592 - Tavern: [TS, 7H, 8D, 5D, 7S, 2D, 2H, TH, AC, JC, 4C, AD, AS, 7C]
2025-01-04 14:03:24,592 - Castle: [KC, KS, KH, KD, QS, QC, QD]
2025-01-04 14:03:24,592 - Discard: [9S, TD, 9H, 6C, JS, AH, 8C, 6H, JD, 8S, 5H, 3S, 6D, 4H, 9C, 9D, TC, 3C, 8H]
2025-01-04 14:03:24,592 - Active Player: 2
2025-01-04 14:03:24,593 - STATE LOG: END
2025-01-04 14:03:24,604 - STATE LOG: BEGIN
2025-01-04 14:03:24,604 - Noah's Hand: [2S, 3H, 5C, AS]
2025-01-04 14:03:24,604 - Eve's Hand: [2C, JH, 7C, AD]
2025-01-04 14:03:24,604 - Boss: Rank: 12 | Suit H | Attack 0 | Health 1
2025-01-04 14:03:24,604 - Tavern: [TS, 7H, 8D, 5D, 7S, 2D, 2H, TH, AC, JC, 4C]
2025-01-04 14:03:24,604 - Castle: [KC, KS, KH, KD, QS, QC, QD]
2025-01-04 14:03:24,604 - Discard: [9S, TD, 9H, 6C, JS, AH, 8C, 6H, JD, 8S, 5H, 3S, 6D, 4H, 9C, 9D, TC, 3C, 8H]
2025-01-04 14:03:24,604 - Active Player: 1
2025-01-04 14:03:24,604 - STATE LOG: END
2025-01-04 14:03:24,617 - STATE LOG: BEGIN
2025-01-04 14:03:24,617 - Noah's Hand: [AS, 2S, 3H, 5C]
2025-01-04 14:03:24,617 - Eve's Hand: [2C, JH, 7C, AD]
2025-01-04 14:03:24,617 - Boss: Rank: 12 | Suit H | Attack 0 | Health 1
2025-01-04 14:03:24,617 - Tavern: [TS, 7H, 8D, 5D, 7S, 2D, 2H, TH, AC, JC, 4C]
2025-01-04 14:03:24,617 - Castle: [KC, KS, KH, KD, QS, QC, QD]
2025-01-04 14:03:24,617 - Discard: [9S, TD, 9H, 6C, JS, AH, 8C, 6H, JD, 8S, 5H, 3S, 6D, 4H, 9C, 9D, TC, 3C, 8H]
2025-01-04 14:03:24,617 - Active Player: 2
2025-01-04 14:03:24,617 - STATE LOG: END
2025-01-04 14:03:24,631 - STATE LOG: BEGIN
2025-01-04 14:03:24,631 - Noah's Hand: [AS, 2S, 3H, 5C, JC, TH, 2D]
2025-01-04 14:03:24,631 - Eve's Hand: [2C, JH, 4C, AC, 2H, 7S, 5D]
2025-01-04 14:03:24,631 - Boss: Rank: 12 | Suit D | Attack 15 | Health 30
2025-01-04 14:03:24,631 - Tavern: [TS, 7H, 8D]
2025-01-04 14:03:24,631 - Castle: [KC, KS, KH, KD, QS, QC]
2025-01-04 14:03:24,631 - Discard: [9S, TD, 9H, 6C, JS, AH, 8C, 6H, JD, 8S, 5H, 3S, 6D, 4H, 9C, 9D, TC, 3C, 8H, 6S, 4D, 7D, 5S, 4S, 3D, AD, 7C, QH]
2025-01-04 14:03:24,631 - Active Player: 2
2025-01-04 14:03:24,631 - STATE LOG: END
2025-01-04 14:03:24,649 - STATE LOG: BEGIN
2025-01-04 14:03:24,650 - Noah's Hand: [AS, 2S, 3H, 5C, JC, TH, 2D]
2025-01-04 14:03:24,650 - Eve's Hand: [2C, 2H]
2025-01-04 14:03:24,650 - Boss: Rank: 12 | Suit D | Attack 15 | Health 6
2025-01-04 14:03:24,650 - Tavern: [9C, JD, 8C, 6H, TD, 9D, AH, 3C, QH, TC, 6C, 3D, TS, 7H, 8D]
2025-01-04 14:03:24,650 - Castle: [KC, KS, KH, KD, QS, QC]
2025-01-04 14:03:24,650 - Discard: [9S, 4S, JS, 7D, 8S, 9H, 3S, 4D, 5H, 4H, 6D, 5S, 6S, 7C, 8H, AD, 7S, 5D, 4C]
2025-01-04 14:03:24,650 - Active Player: 1
2025-01-04 14:03:24,650 - STATE LOG: END
2025-01-04 14:03:24,665 - STATE LOG: BEGIN
2025-01-04 14:03:24,665 - Noah's Hand: [AS, 2D, 2S, 3H, JC, TH]
2025-01-04 14:03:24,665 - Eve's Hand: [2C, 2H]
2025-01-04 14:03:24,665 - Boss: Rank: 12 | Suit C | Attack 15 | Health 30
2025-01-04 14:03:24,665 - Tavern: [9C, JD, 8C, 6H, TD, 9D, AH, 3C, QH, TC, 6C, 3D, TS, 7H, 8D]
2025-01-04 14:03:24,665 - Castle: [KC, KS, KH, KD, QS]
2025-01-04 14:03:24,665 - Discard: [9S, 4S, JS, 7D, 8S, 9H, 3S, 4D, 5H, 4H, 6D, 5S, 6S, 7C, 8H, AD, 7S, 5D, 4C, 5C, AC, JH, QD]
2025-01-04 14:03:24,665 - Active Player: 1
2025-01-04 14:03:24,665 - STATE LOG: END
2025-01-04 14:03:24,679 - STATE LOG: BEGIN
2025-01-04 14:03:24,679 - Noah's Hand: [2D, 3H]
2025-01-04 14:03:24,679 - Eve's Hand: [2C, 2H]
2025-01-04 14:03:24,679 - Boss: Rank: 12 | Suit C | Attack 12 | Health 27
2025-01-04 14:03:24,679 - Tavern: [9C, JD, 8C, 6H, TD, 9D, AH, 3C, QH, TC, 6C, 3D, TS, 7H, 8D]
2025-01-04 14:03:24,679 - Castle: [KC, KS, KH, KD, QS]
2025-01-04 14:03:24,679 - Discard: [9S, 4S, JS, 7D, 8S, 9H, 3S, 4D, 5H, 4H, 6D, 5S, 6S, 7C, 8H, AD, 7S, 5D, 4C, 5C, AC, JH, QD, TH, JC]
2025-01-04 14:03:24,679 - Active Player: 2
2025-01-04 14:03:24,679 - STATE LOG: END
2025-01-04 14:03:24,684 - STATE LOG: BEGIN
2025-01-04 14:03:24,684 - Noah's Hand: [2D, 3H]
2025-01-04 14:03:24,684 - Eve's Hand: [2C]
2025-01-04 14:03:24,684 - Boss: Rank: 12 | Suit C | Attack 12 | Health 25
2025-01-04 14:03:24,684 - Tavern: [4C, 4S, 9C, JD, 8C, 6H, TD, 9D, AH, 3C, QH, TC, 6C, 3D, TS, 7H, 8D]
2025-01-04 14:03:24,685 - Castle: [KC, KS, KH, KD, QS]
2025-01-04 14:03:24,685 - Discard: [4H, JH, QD, 5C, 7S, 6D, 5H, 9H, 6S, AC, AD, JC, 9S, 3S, TH, 8S, 7D, 5D, 8H, JS, 4D, 5S, 7C]
2025-01-04 14:03:24,685 - Active Player: 1
2025-01-04 14:03:24,685 - STATE LOG: END
