2025-01-04 01:38:29,927 - I log states! :D
2025-01-04 01:38:29,927 - STATE LOG: BEGIN
2025-01-04 01:38:29,929 - Noah's Hand: [5D, 6C, AC, AD, TD, 9C, AH]
2025-01-04 01:38:29,929 - Eve's Hand: [6S, AS, 2H, TS, 8C, 7S, 3C]
2025-01-04 01:38:29,929 - Boss: Rank: 11 | Suit H | Attack 10 | Health 20
2025-01-04 01:38:29,929 - Tavern: [4D, 9H, 3D, 7C, 3H, 5H, 2S, 4H, 9D, TC, 4C, 9S, 6D, 6H, 7H, 5C, TH, 8H, 8S, 8D, 2C, 5S, 4S, 3S, 7D, 2D]
2025-01-04 01:38:29,930 - Castle: [KS, KD, KC, KH, QC, QD, QH, QS, JC, JD, JS]
2025-01-04 01:38:29,930 - Discard: []
2025-01-04 01:38:29,930 - Active Player: 1
2025-01-04 01:38:29,930 - STATE LOG: END
2025-01-04 01:38:40,214 - STATE LOG: BEGIN
2025-01-04 01:38:40,217 - Noah's Hand: [AC, AH, 5D, 6C, TD, 2D, 7D]
2025-01-04 01:38:40,217 - Eve's Hand: [6S, AS, 2H, TS, 8C, 7S, 3C]
2025-01-04 01:38:40,218 - Boss: Rank: 11 | Suit S | Attack 10 | Health 20
2025-01-04 01:38:40,218 - Tavern: [4D, 9H, 3D, 7C, 3H, 5H, 2S, 4H, 9D, TC, 4C, 9S, 6D, 6H, 7H, 5C, TH, 8H, 8S, 8D, 2C, 5S, 4S, 3S]
2025-01-04 01:38:40,218 - Castle: [KS, KD, KC, KH, QC, QD, QH, QS, JC, JD]
2025-01-04 01:38:40,218 - Discard: [AD, 9C]
2025-01-04 01:38:40,218 - Active Player: 1
2025-01-04 01:38:40,218 - STATE LOG: END
2025-01-04 01:38:50,532 - STATE LOG: BEGIN
2025-01-04 01:38:50,533 - Noah's Hand: [AC, AH, 5D, 6C, 7D, TD]
2025-01-04 01:38:50,533 - Eve's Hand: [6S, AS, 2H, TS, 8C, 7S, 3C]
2025-01-04 01:38:50,533 - Boss: Rank: 11 | Suit S | Attack 10 | Health 18
2025-01-04 01:38:50,533 - Tavern: [4D, 9H, 3D, 7C, 3H, 5H, 2S, 4H, 9D, TC, 4C, 9S, 6D, 6H, 7H, 5C, TH, 8H, 8S, 8D, 2C, 5S, 4S, 3S]
2025-01-04 01:38:50,533 - Castle: [KS, KD, KC, KH, QC, QD, QH, QS, JC, JD]
2025-01-04 01:38:50,533 - Discard: [AD, 9C, JH]
2025-01-04 01:38:50,533 - Active Player: 2
2025-01-04 01:38:50,533 - STATE LOG: END
2025-01-04 01:39:00,534 - STATE LOG: BEGIN
2025-01-04 01:39:00,540 - Noah's Hand: [AC, AH, 5D, 6C, 7D, TD]
2025-01-04 01:39:00,540 - Eve's Hand: [AS, 2H, 3C, 7S, 8C]
2025-01-04 01:39:00,540 - Boss: Rank: 11 | Suit S | Attack 10 | Health 12
2025-01-04 01:39:00,540 - Tavern: [4D, 9H, 3D, 7C, 3H, 5H, 2S, 4H, 9D, TC, 4C, 9S, 6D, 6H, 7H, 5C, TH, 8H, 8S, 8D, 2C, 5S, 4S, 3S]
2025-01-04 01:39:00,540 - Castle: [KS, KD, KC, KH, QC, QD, QH, QS, JC, JD]
2025-01-04 01:39:00,540 - Discard: [AD, 9C, JH, TS]
2025-01-04 01:39:00,540 - Active Player: 1
2025-01-04 01:39:00,540 - STATE LOG: END
2025-01-04 01:39:00,828 - STATE LOG: BEGIN
2025-01-04 01:39:01,032 - Noah's Hand: [AC, 5D, 6C, 7D]
2025-01-04 01:39:01,032 - Eve's Hand: [AS, 2H, 3C, 7S, 8C]
2025-01-04 01:39:01,032 - Boss: Rank: 11 | Suit S | Attack 10 | Health 11
2025-01-04 01:39:01,032 - Tavern: [AD, 4D, 9H, 3D, 7C, 3H, 5H, 2S, 4H, 9D, TC, 4C, 9S, 6D, 6H, 7H, 5C, TH, 8H, 8S, 8D, 2C, 5S, 4S, 3S]
2025-01-04 01:39:01,032 - Castle: [KS, KD, KC, KH, QC, QD, QH, QS, JC, JD]
2025-01-04 01:39:01,032 - Discard: [9C, JH, TS, TD]
2025-01-04 01:39:01,032 - Active Player: 2
2025-01-04 01:39:01,032 - STATE LOG: END
2025-01-04 01:39:03,625 - STATE LOG: BEGIN
2025-01-04 01:39:03,625 - Noah's Hand: [AC, 5D, 6C, 7D]
2025-01-04 01:39:03,625 - Eve's Hand: [AS, 2H]
2025-01-04 01:39:03,626 - Boss: Rank: 11 | Suit S | Attack 10 | Health 5
2025-01-04 01:39:03,626 - Tavern: [AD, 4D, 9H, 3D, 7C, 3H, 5H, 2S, 4H, 9D, TC, 4C, 9S, 6D, 6H, 7H, 5C, TH, 8H, 8S, 8D, 2C, 5S, 4S, 3S]
2025-01-04 01:39:03,626 - Castle: [KS, KD, KC, KH, QC, QD, QH, QS, JC, JD]
2025-01-04 01:39:03,626 - Discard: [9C, JH, TS, TD, 8C, 7S]
2025-01-04 01:39:03,626 - Active Player: 1
2025-01-04 01:39:03,626 - STATE LOG: END
2025-01-04 01:39:03,660 - STATE LOG: BEGIN
2025-01-04 01:39:03,660 - Noah's Hand: [AC, 5D, 6C, 3S, 5S, 8D, 8H]
2025-01-04 01:39:03,660 - Eve's Hand: [AS, 2H, 4S, 2C, 8S]
2025-01-04 01:39:03,661 - Boss: Rank: 11 | Suit D | Attack 10 | Health 20
2025-01-04 01:39:03,661 - Tavern: [AD, 4D, 9H, 3D, 7C, 3H, 5H, 2S, 4H, 9D, TC, 4C, 9S, 6D, 6H, 7H, 5C, TH]
2025-01-04 01:39:03,661 - Castle: [KS, KD, KC, KH, QC, QD, QH, QS, JC]
2025-01-04 01:39:03,661 - Discard: [9C, JH, TS, TD, 8C, 7S, 2D, AH, 7D, 6S, 3C, JS]
2025-01-04 01:39:03,661 - Active Player: 1
2025-01-04 01:39:03,661 - STATE LOG: END
2025-01-04 01:39:03,856 - STATE LOG: BEGIN
2025-01-04 01:39:03,856 - Noah's Hand: [5D, 5S, 6C, 8D]
2025-01-04 01:39:03,856 - Eve's Hand: [AS, 2H, 4S, 2C, 8S]
2025-01-04 01:39:03,856 - Boss: Rank: 11 | Suit D | Attack 6 | Health 12
2025-01-04 01:39:03,856 - Tavern: [AD, 4D, 9H, 3D, 7C, 3H, 5H, 2S, 4H, 9D, TC, 4C, 9S, 6D, 6H, 7H, 5C, TH]
2025-01-04 01:39:03,856 - Castle: [KS, KD, KC, KH, QC, QD, QH, QS, JC]
2025-01-04 01:39:03,856 - Discard: [9C, JH, TS, TD, 8C, 7S, 2D, AH, 7D, 6S, 3C, JS, 8H]
2025-01-04 01:39:03,856 - Active Player: 2
2025-01-04 01:39:03,856 - STATE LOG: END
2025-01-04 01:39:10,025 - STATE LOG: BEGIN
2025-01-04 01:39:10,028 - Noah's Hand: [5D, 5S, 6C, 8D]
2025-01-04 01:39:10,029 - Eve's Hand: [AS, 4S]
2025-01-04 01:39:10,029 - Boss: Rank: 11 | Suit D | Attack 6 | Health 4
2025-01-04 01:39:10,029 - Tavern: [7S, TS, 2D, 6S, AD, 4D, 9H, 3D, 7C, 3H, 5H, 2S, 4H, 9D, TC, 4C, 9S, 6D, 6H, 7H, 5C, TH]
2025-01-04 01:39:10,029 - Castle: [KS, KD, KC, KH, QC, QD, QH, QS, JC]
2025-01-04 01:39:10,029 - Discard: [TD, 9C, JH, 3C, AH, 8H, 8C, JS, 7D, 8S]
2025-01-04 01:39:10,029 - Active Player: 1
2025-01-04 01:39:10,029 - STATE LOG: END
2025-01-04 01:39:10,444 - STATE LOG: BEGIN
2025-01-04 01:39:10,444 - Noah's Hand: [5D, 5S, 8D]
2025-01-04 01:39:10,444 - Eve's Hand: [AS, 4S]
2025-01-04 01:39:10,444 - Boss: Rank: 11 | Suit C | Attack 10 | Health 20
2025-01-04 01:39:10,445 - Tavern: [7S, TS, 2D, 6S, AD, 4D, 9H, 3D, 7C, 3H, 5H, 2S, 4H, 9D, TC, 4C, 9S, 6D, 6H, 7H, 5C, TH]
2025-01-04 01:39:10,445 - Castle: [KS, KD, KC, KH, QC, QD, QH, QS]
2025-01-04 01:39:10,446 - Discard: [TD, 9C, JH, 3C, AH, 8H, 8C, JS, 7D, 8S, AC, 3S, 6C, 2C, 2H, JD]
2025-01-04 01:39:10,446 - Active Player: 1
2025-01-04 01:39:10,446 - STATE LOG: END
2025-01-04 01:39:10,512 - STATE LOG: BEGIN
2025-01-04 01:39:10,512 - Noah's Hand: [5D, 5S, TH, 7H]
2025-01-04 01:39:10,512 - Eve's Hand: [AS, 4S, 5C, 6H, 9S, TC]
2025-01-04 01:39:10,512 - Boss: Rank: 11 | Suit C | Attack 10 | Health 12
2025-01-04 01:39:10,512 - Tavern: [7S, TS, 2D, 6S, AD, 4D, 9H, 3D, 7C, 3H, 5H, 2S, 4H, 9D]
2025-01-04 01:39:10,512 - Castle: [KS, KD, KC, KH, QC, QD, QH, QS]
2025-01-04 01:39:10,512 - Discard: [TD, 9C, JH, 3C, AH, 8H, 8C, JS, 7D, 8S, AC, 3S, 6C, 2C, 2H, JD, 4C, 6D]
2025-01-04 01:39:10,512 - Active Player: 2
2025-01-04 01:39:10,512 - STATE LOG: END
2025-01-04 01:39:18,423 - STATE LOG: BEGIN
2025-01-04 01:39:18,431 - Noah's Hand: [5D, 5S, TH, 7H]
2025-01-04 01:39:18,431 - Eve's Hand: [4S, 5C, 6H, 9S]
2025-01-04 01:39:18,431 - Boss: Rank: 11 | Suit C | Attack 9 | Health 11
2025-01-04 01:39:18,431 - Tavern: [7S, TS, 2D, 6S, AD, 4D, 9H, 3D, 7C, 3H, 5H, 2S, 4H, 9D]
2025-01-04 01:39:18,431 - Castle: [KS, KD, KC, KH, QC, QD, QH, QS]
2025-01-04 01:39:18,431 - Discard: [TD, 9C, JH, 3C, AH, 8H, 8C, JS, 7D, 8S, AC, 3S, 6C, 2C, 2H, JD, 4C, 6D, TC]
2025-01-04 01:39:18,431 - Active Player: 1
2025-01-04 01:39:18,431 - STATE LOG: END
2025-01-04 01:39:21,887 - STATE LOG: BEGIN
2025-01-04 01:39:21,888 - Noah's Hand: [7H, TH, 9D, 2S, 3H, 3D, 9H]
2025-01-04 01:39:21,888 - Eve's Hand: [4S, 5C, 6H, 9S, 4H, 5H, 7C]
2025-01-04 01:39:21,888 - Boss: Rank: 11 | Suit C | Attack 0 | Health 1
2025-01-04 01:39:21,888 - Tavern: [7S, TS, 2D, 6S, AD, 4D]
2025-01-04 01:39:21,888 - Castle: [KS, KD, KC, KH, QC, QD, QH, QS]
2025-01-04 01:39:21,888 - Discard: [TD, 9C, JH, 3C, AH, 8H, 8C, JS, 7D, 8S, AC, 3S, 6C, 2C, 2H, JD, 4C, 6D, TC]
2025-01-04 01:39:21,888 - Active Player: 2
2025-01-04 01:39:21,888 - STATE LOG: END
2025-01-04 01:39:31,889 - STATE LOG: BEGIN
2025-01-04 01:39:32,403 - Noah's Hand: [7H, TH, 9D, 2S, 3H, 3D, 9H]
2025-01-04 01:39:32,724 - Eve's Hand: [4H, 4S, 5C, 5H, 7C, 9S]
2025-01-04 01:39:32,725 - Boss: Rank: 12 | Suit S | Attack 15 | Health 30
2025-01-04 01:39:32,725 - Tavern: [8H, 7D, TD, 6D, 2C, AH, 7S, TS, 2D, 6S, AD, 4D]
2025-01-04 01:39:32,725 - Castle: [KS, KD, KC, KH, QC, QD, QH]
2025-01-04 01:39:32,725 - Discard: [JD, 8C, JH, AC, 3S, 8S, JS, 9C, 6C, 3C, 4C, TC, 2H, 8D, 5D, 5S, AS, 6H, JC]
2025-01-04 01:39:32,725 - Active Player: 2
2025-01-04 01:39:32,725 - STATE LOG: END
2025-01-04 01:39:35,493 - STATE LOG: BEGIN
2025-01-04 01:39:35,493 - Noah's Hand: [7H, TH, 9D, 2S, 3H, 3D, 9H]
2025-01-04 01:39:35,493 - Eve's Hand: [5C, 5H]
2025-01-04 01:39:35,493 - Boss: Rank: 12 | Suit S | Attack 15 | Health 22
2025-01-04 01:39:35,493 - Tavern: [AC, JC, 3S, TC, 3C, JD, 5D, 6H, 8H, 7D, TD, 6D, 2C, AH, 7S, TS, 2D, 6S, AD, 4D]
2025-01-04 01:39:35,493 - Castle: [KS, KD, KC, KH, QC, QD, QH]
2025-01-04 01:39:35,493 - Discard: [9C, 8D, 4C, JS, 8S, 2H, 5S, AS, 6C, JH, 8C, 9S, 7C]
2025-01-04 01:39:35,493 - Active Player: 1
2025-01-04 01:39:35,493 - STATE LOG: END
2025-01-04 01:39:36,727 - STATE LOG: BEGIN
2025-01-04 01:39:36,732 - Noah's Hand: [2S, 7H, 9D, 9H]
2025-01-04 01:39:36,735 - Eve's Hand: [5C, 5H, AD, 2D, TS, 7S]
2025-01-04 01:39:36,735 - Boss: Rank: 12 | Suit S | Attack 15 | Health 16
2025-01-04 01:39:36,737 - Tavern: [8S, 4C, 6C, 8C, 7C, 9C, AC, JC, 3S, TC, 3C, JD, 5D, 6H, 8H, 7D, TD, 6D, 2C, AH]
2025-01-04 01:39:36,738 - Castle: [KS, KD, KC, KH, QC, QD, QH]
2025-01-04 01:39:36,738 - Discard: [AS, 2H, 8D, 5S, 9S, JS, JH, 6S, 4D, TH]
2025-01-04 01:39:36,739 - Active Player: 2
2025-01-04 01:39:36,739 - STATE LOG: END
2025-01-04 01:39:42,015 - STATE LOG: BEGIN
2025-01-04 01:39:42,017 - Noah's Hand: [2S, 7H, 9D, 9H]
2025-01-04 01:39:42,017 - Eve's Hand: [AD, 2D, 7S, TS]
2025-01-04 01:39:42,017 - Boss: Rank: 12 | Suit H | Attack 15 | Health 30
2025-01-04 01:39:42,017 - Tavern: [JS, 4D, JH, 2H, TH, 5S, 9S, 6S, AS, 8D, 8S, 4C, 6C, 8C, 7C, 9C, AC, JC, 3S, TC, 3C, JD, 5D, 6H, 8H, 7D, TD, 6D, 2C, AH]
2025-01-04 01:39:42,017 - Castle: [KS, KD, KC, KH, QC, QD]
2025-01-04 01:39:42,017 - Discard: [3D, 3H, 4H, 4S, 5C, 5H, QS]
2025-01-04 01:39:42,017 - Active Player: 2
2025-01-04 01:39:42,017 - STATE LOG: END
2025-01-04 01:39:45,266 - STATE LOG: BEGIN
2025-01-04 01:39:45,266 - Noah's Hand: [2S, 7H, 9D, 9H, 2C, TD, 8H]
2025-01-04 01:39:45,267 - Eve's Hand: [2D, TS, AH, 6D, 7D]
2025-01-04 01:39:45,267 - Boss: Rank: 12 | Suit H | Attack 7 | Health 22
2025-01-04 01:39:45,267 - Tavern: [JS, 4D, JH, 2H, TH, 5S, 9S, 6S, AS, 8D, 8S, 4C, 6C, 8C, 7C, 9C, AC, JC, 3S, TC, 3C, JD]
2025-01-04 01:39:45,267 - Castle: [KS, KD, KC, KH, QC, QD]
2025-01-04 01:39:45,268 - Discard: [3D, 3H, 4H, 4S, 5C, 5H, QS, 5D, 6H]
2025-01-04 01:39:45,268 - Active Player: 1
2025-01-04 01:39:45,268 - STATE LOG: END
2025-01-04 01:39:55,271 - STATE LOG: BEGIN
2025-01-04 01:39:55,276 - Noah's Hand: [2C, 2S, 7H, 8H, 9D, 9H]
2025-01-04 01:39:55,276 - Eve's Hand: [2D, TS, AH, 6D, 7D]
2025-01-04 01:39:55,276 - Boss: Rank: 12 | Suit H | Attack 7 | Health 22
2025-01-04 01:39:55,276 - Tavern: [JS, 4D, JH, 2H, TH, 5S, 9S, 6S, AS, 8D, 8S, 4C, 6C, 8C, 7C, 9C, AC, JC, 3S, TC, 3C, JD]
2025-01-04 01:39:55,276 - Castle: [KS, KD, KC, KH, QC, QD]
2025-01-04 01:39:55,276 - Discard: [3D, 3H, 4H, 4S, 5C, 5H, QS, 5D, 6H, TD]
2025-01-04 01:39:55,276 - Active Player: 2
2025-01-04 01:39:55,276 - STATE LOG: END
2025-01-04 01:40:05,324 - STATE LOG: BEGIN
2025-01-04 01:40:05,828 - Noah's Hand: [2C, 2S, 7H, 8H, 9D, 9H, 3C]
2025-01-04 01:40:05,844 - Eve's Hand: [AH, 6D, 7D, TS]
2025-01-04 01:40:06,368 - Boss: Rank: 12 | Suit H | Attack 7 | Health 20
2025-01-04 01:40:06,372 - Tavern: [JS, 4D, JH, 2H, TH, 5S, 9S, 6S, AS, 8D, 8S, 4C, 6C, 8C, 7C, 9C, AC, JC, 3S, TC]
2025-01-04 01:40:06,372 - Castle: [KS, KD, KC, KH, QC, QD]
2025-01-04 01:40:06,374 - Discard: [3D, 3H, 4H, 4S, 5C, 5H, QS, 5D, 6H, TD, JD]
2025-01-04 01:40:06,375 - Active Player: 1
2025-01-04 01:40:06,379 - STATE LOG: END
2025-01-04 01:40:16,400 - STATE LOG: BEGIN
2025-01-04 01:40:16,401 - Noah's Hand: [2C, 2S, 3C, 7H, 8H, 9D]
2025-01-04 01:40:16,401 - Eve's Hand: [AH, 6D, 7D, TS]
2025-01-04 01:40:16,401 - Boss: Rank: 12 | Suit H | Attack 7 | Health 20
2025-01-04 01:40:16,401 - Tavern: [JS, 4D, JH, 2H, TH, 5S, 9S, 6S, AS, 8D, 8S, 4C, 6C, 8C, 7C, 9C, AC, JC, 3S, TC]
2025-01-04 01:40:16,401 - Castle: [KS, KD, KC, KH, QC, QD]
2025-01-04 01:40:16,401 - Discard: [3D, 3H, 4H, 4S, 5C, 5H, QS, 5D, 6H, TD, JD, 9H]
2025-01-04 01:40:16,401 - Active Player: 2
2025-01-04 01:40:16,401 - STATE LOG: END
2025-01-04 01:40:26,405 - STATE LOG: BEGIN
2025-01-04 01:40:26,409 - Noah's Hand: [2C, 2S, 3C, 7H, 8H, 9D]
2025-01-04 01:40:26,409 - Eve's Hand: [AH, 6D, 7D]
2025-01-04 01:40:26,409 - Boss: Rank: 12 | Suit H | Attack 0 | Health 10
2025-01-04 01:40:26,409 - Tavern: [JS, 4D, JH, 2H, TH, 5S, 9S, 6S, AS, 8D, 8S, 4C, 6C, 8C, 7C, 9C, AC, JC, 3S, TC]
2025-01-04 01:40:26,409 - Castle: [KS, KD, KC, KH, QC, QD]
2025-01-04 01:40:26,409 - Discard: [3D, 3H, 4H, 4S, 5C, 5H, QS, 5D, 6H, TD, JD, 9H]
2025-01-04 01:40:26,409 - Active Player: 1
2025-01-04 01:40:26,409 - STATE LOG: END
2025-01-04 01:40:36,410 - STATE LOG: BEGIN
2025-01-04 01:40:36,410 - Noah's Hand: [2C, 2S, 3C, 7H, 8H, 9D]
2025-01-04 01:40:36,410 - Eve's Hand: [AH, 6D, 7D]
2025-01-04 01:40:36,410 - Boss: Rank: 12 | Suit H | Attack 0 | Health 10
2025-01-04 01:40:36,410 - Tavern: [JS, 4D, JH, 2H, TH, 5S, 9S, 6S, AS, 8D, 8S, 4C, 6C, 8C, 7C, 9C, AC, JC, 3S, TC]
2025-01-04 01:40:36,410 - Castle: [KS, KD, KC, KH, QC, QD]
2025-01-04 01:40:36,410 - Discard: [3D, 3H, 4H, 4S, 5C, 5H, QS, 5D, 6H, TD, JD, 9H]
2025-01-04 01:40:36,411 - Active Player: 2
2025-01-04 01:40:36,411 - STATE LOG: END
2025-01-04 01:40:46,407 - STATE LOG: BEGIN
2025-01-04 01:40:46,414 - Noah's Hand: [2C, 2S, 3C, 7H, 8H, 9D, 3S]
2025-01-04 01:40:46,414 - Eve's Hand: [AH, 6D, TC, JC, AC, 9C, 7C]
2025-01-04 01:40:46,414 - Boss: Rank: 12 | Suit H | Attack 0 | Health 3
2025-01-04 01:40:46,414 - Tavern: [JS, 4D, JH, 2H, TH, 5S, 9S, 6S, AS, 8D, 8S, 4C, 6C, 8C]
2025-01-04 01:40:46,414 - Castle: [KS, KD, KC, KH, QC, QD]
2025-01-04 01:40:46,415 - Discard: [3D, 3H, 4H, 4S, 5C, 5H, QS, 5D, 6H, TD, JD, 9H]
2025-01-04 01:40:46,415 - Active Player: 1
2025-01-04 01:40:46,415 - STATE LOG: END
2025-01-04 01:40:56,556 - STATE LOG: BEGIN
2025-01-04 01:40:56,558 - Noah's Hand: [2C, 3C, 3S, 7H, 8H, 9D]
2025-01-04 01:40:56,558 - Eve's Hand: [AH, 6D, TC, JC, AC, 9C, 7C]
2025-01-04 01:40:56,559 - Boss: Rank: 12 | Suit H | Attack 0 | Health 1
2025-01-04 01:40:56,559 - Tavern: [JS, 4D, JH, 2H, TH, 5S, 9S, 6S, AS, 8D, 8S, 4C, 6C, 8C]
2025-01-04 01:40:56,560 - Castle: [KS, KD, KC, KH, QC, QD]
2025-01-04 01:40:56,561 - Discard: [3D, 3H, 4H, 4S, 5C, 5H, QS, 5D, 6H, TD, JD, 9H]
2025-01-04 01:40:56,562 - Active Player: 2
2025-01-04 01:40:56,562 - STATE LOG: END
2025-01-04 01:41:06,584 - STATE LOG: BEGIN
2025-01-04 01:41:06,600 - Noah's Hand: [2C, 3C, 3S, 7H, 8H, 9D, 6C]
2025-01-04 01:41:06,600 - Eve's Hand: [AC, 7C, 9C, TC, JC, 8C, 4C]
2025-01-04 01:41:06,600 - Boss: Rank: 12 | Suit D | Attack 15 | Health 30
2025-01-04 01:41:06,601 - Tavern: [JS, 4D, JH, 2H, TH, 5S, 9S, 6S, AS, 8D, 8S]
2025-01-04 01:41:06,601 - Castle: [KS, KD, KC, KH, QC]
2025-01-04 01:41:06,601 - Discard: [3D, 3H, 4H, 4S, 5C, 5H, QS, 5D, 6H, TD, JD, 9H, 2S, AD, 7S, 2D, TS, 7D, AH, 6D, QH]
2025-01-04 01:41:06,601 - Active Player: 2
2025-01-04 01:41:06,601 - STATE LOG: END
2025-01-04 01:41:12,729 - STATE LOG: BEGIN
2025-01-04 01:41:12,730 - Noah's Hand: [2C, 3C, 3S, 7H, 8H, 9D, 6C]
2025-01-04 01:41:12,731 - Eve's Hand: [4C, 7C, 8C]
2025-01-04 01:41:12,731 - Boss: Rank: 12 | Suit D | Attack 15 | Health 8
2025-01-04 01:41:12,731 - Tavern: [JS, 4D, JH, 2H, TH, 5S, 9S, 6S, AS, 8D, 8S]
2025-01-04 01:41:12,731 - Castle: [KS, KD, KC, KH, QC]
2025-01-04 01:41:12,731 - Discard: [3D, 3H, 4H, 4S, 5C, 5H, QS, 5D, 6H, TD, JD, 9H, 2S, AD, 7S, 2D, TS, 7D, AH, 6D, QH, JC, 9C]
2025-01-04 01:41:12,731 - Active Player: 1
2025-01-04 01:41:12,731 - STATE LOG: END
2025-01-04 01:41:13,458 - STATE LOG: BEGIN
2025-01-04 01:41:13,458 - Noah's Hand: [2C, 3C, 3S, 6C, 7H, 9D]
2025-01-04 01:41:13,458 - Eve's Hand: [4C, 7C, 8C]
2025-01-04 01:41:13,458 - Boss: Rank: 12 | Suit C | Attack 15 | Health 30
2025-01-04 01:41:13,458 - Tavern: [4S, QH, JD, AD, QS, 5H, 2D, 2S, JS, 4D, JH, 2H, TH, 5S, 9S, 6S, AS, 8D, 8S]
2025-01-04 01:41:13,458 - Castle: [KS, KD, KC, KH]
2025-01-04 01:41:13,458 - Discard: [5C, JC, 9H, AH, 5D, 3H, 6H, 7D, TD, 9C, TS, 3D, 7S, 6D, 4H, 8H, AC, TC]
2025-01-04 01:41:13,458 - Active Player: 1
2025-01-04 01:41:13,458 - STATE LOG: END
2025-01-04 01:41:15,611 - STATE LOG: BEGIN
2025-01-04 01:41:15,614 - Noah's Hand: [2C, 3C, 3S, 6C, 7H]
2025-01-04 01:41:15,614 - Eve's Hand: [4C, 7C, 8C, 8S, AS, 6S, 9S]
2025-01-04 01:41:15,614 - Boss: Rank: 12 | Suit C | Attack 15 | Health 21
2025-01-04 01:41:15,614 - Tavern: [4S, QH, JD, AD, QS, 5H, 2D, 2S, JS, 4D, JH, 2H, TH, 5S]
2025-01-04 01:41:15,614 - Castle: [KS, KD, KC, KH]
2025-01-04 01:41:15,614 - Discard: [5C, JC, 9H, AH, 5D, 3H, 6H, 7D, TD, 9C, TS, 3D, 7S, 6D, 4H, 8H, AC, TC, 8D, QD]
2025-01-04 01:41:15,614 - Active Player: 2
2025-01-04 01:41:15,614 - STATE LOG: END
2025-01-04 01:41:25,764 - STATE LOG: BEGIN
2025-01-04 01:41:25,766 - Noah's Hand: [2C, 3C, 3S, 6C, 7H]
2025-01-04 01:41:25,766 - Eve's Hand: [AS, 4C, 6S, 7C, 8C]
2025-01-04 01:41:25,766 - Boss: Rank: 12 | Suit C | Attack 6 | Health 12
2025-01-04 01:41:25,766 - Tavern: [4S, QH, JD, AD, QS, 5H, 2D, 2S, JS, 4D, JH, 2H, TH, 5S]
2025-01-04 01:41:25,766 - Castle: [KS, KD, KC, KH]
2025-01-04 01:41:25,766 - Discard: [5C, JC, 9H, AH, 5D, 3H, 6H, 7D, TD, 9C, TS, 3D, 7S, 6D, 4H, 8H, AC, TC, 8D, QD, 8S]
2025-01-04 01:41:25,766 - Active Player: 1
2025-01-04 01:41:25,766 - STATE LOG: END
2025-01-04 01:41:28,509 - STATE LOG: BEGIN
2025-01-04 01:41:28,510 - Noah's Hand: [2C, 3C, 3S, 6C]
2025-01-04 01:41:28,510 - Eve's Hand: [AS, 4C, 6S, 7C, 8C]
2025-01-04 01:41:28,510 - Boss: Rank: 12 | Suit C | Attack 6 | Health 12
2025-01-04 01:41:28,510 - Tavern: [4S, QH, JD, AD, QS, 5H, 2D, 2S, JS, 4D, JH, 2H, TH, 5S]
2025-01-04 01:41:28,510 - Castle: [KS, KD, KC, KH]
2025-01-04 01:41:28,510 - Discard: [5C, JC, 9H, AH, 5D, 3H, 6H, 7D, TD, 9C, TS, 3D, 7S, 6D, 4H, 8H, AC, TC, 8D, QD, 8S, 7H]
2025-01-04 01:41:28,510 - Active Player: 2
2025-01-04 01:41:28,510 - STATE LOG: END
2025-01-04 01:41:31,690 - STATE LOG: BEGIN
2025-01-04 01:41:31,693 - Noah's Hand: [2C, 3C, 3S, 6C]
2025-01-04 01:41:31,693 - Eve's Hand: [4C, 6S, 7C]
2025-01-04 01:41:31,693 - Boss: Rank: 12 | Suit C | Attack 5 | Health 11
2025-01-04 01:41:31,693 - Tavern: [4S, QH, JD, AD, QS, 5H, 2D, 2S, JS, 4D, JH, 2H, TH, 5S]
2025-01-04 01:41:31,694 - Castle: [KS, KD, KC, KH]
2025-01-04 01:41:31,694 - Discard: [5C, JC, 9H, AH, 5D, 3H, 6H, 7D, TD, 9C, TS, 3D, 7S, 6D, 4H, 8H, AC, TC, 8D, QD, 8S, 7H, 8C]
2025-01-04 01:41:31,694 - Active Player: 1
2025-01-04 01:41:31,694 - STATE LOG: END
2025-01-04 01:41:32,236 - STATE LOG: BEGIN
2025-01-04 01:41:32,236 - Noah's Hand: [2C, 3C, 3S]
2025-01-04 01:41:32,245 - Eve's Hand: [4C, 6S, 7C]
2025-01-04 01:41:32,245 - Boss: Rank: 12 | Suit C | Attack 5 | Health 11
2025-01-04 01:41:32,245 - Tavern: [4S, QH, JD, AD, QS, 5H, 2D, 2S, JS, 4D, JH, 2H, TH, 5S]
2025-01-04 01:41:32,245 - Castle: [KS, KD, KC, KH]
2025-01-04 01:41:32,245 - Discard: [5C, JC, 9H, AH, 5D, 3H, 6H, 7D, TD, 9C, TS, 3D, 7S, 6D, 4H, 8H, AC, TC, 8D, QD, 8S, 7H, 8C, 6C]
2025-01-04 01:41:32,245 - Active Player: 2
2025-01-04 01:41:32,245 - STATE LOG: END
2025-01-04 01:41:32,506 - STATE LOG: BEGIN
2025-01-04 01:41:32,506 - Noah's Hand: [2C, 3C, 3S]
2025-01-04 01:41:32,506 - Eve's Hand: [6S]
2025-01-04 01:41:32,506 - Boss: Rank: 12 | Suit C | Attack 5 | Health 7
2025-01-04 01:41:32,506 - Tavern: [4S, QH, JD, AD, QS, 5H, 2D, 2S, JS, 4D, JH, 2H, TH, 5S]
2025-01-04 01:41:32,506 - Castle: [KS, KD, KC, KH]
2025-01-04 01:41:32,506 - Discard: [5C, JC, 9H, AH, 5D, 3H, 6H, 7D, TD, 9C, TS, 3D, 7S, 6D, 4H, 8H, AC, TC, 8D, QD, 8S, 7H, 8C, 6C, 7C]
2025-01-04 01:41:32,506 - Active Player: 1
2025-01-04 01:41:32,507 - STATE LOG: END
2025-01-04 01:41:32,546 - STATE LOG: BEGIN
2025-01-04 01:41:32,547 - Noah's Hand: [2C]
2025-01-04 01:41:32,547 - Eve's Hand: [6S]
2025-01-04 01:41:32,547 - Boss: Rank: 12 | Suit C | Attack 5 | Health 7
2025-01-04 01:41:32,547 - Tavern: [4S, QH, JD, AD, QS, 5H, 2D, 2S, JS, 4D, JH, 2H, TH, 5S]
2025-01-04 01:41:32,547 - Castle: [KS, KD, KC, KH]
2025-01-04 01:41:32,547 - Discard: [5C, JC, 9H, AH, 5D, 3H, 6H, 7D, TD, 9C, TS, 3D, 7S, 6D, 4H, 8H, AC, TC, 8D, QD, 8S, 7H, 8C, 6C, 7C, 3S, 3C]
2025-01-04 01:41:32,547 - Active Player: 2
2025-01-04 01:41:32,547 - STATE LOG: END
2025-01-04 01:41:32,557 - STATE LOG: BEGIN
2025-01-04 01:41:32,557 - Noah's Hand: [2C]
2025-01-04 01:41:32,558 - Eve's Hand: []
2025-01-04 01:41:32,558 - Boss: Rank: 12 | Suit C | Attack 0 | Health 1
2025-01-04 01:41:32,558 - Tavern: [4S, QH, JD, AD, QS, 5H, 2D, 2S, JS, 4D, JH, 2H, TH, 5S]
2025-01-04 01:41:32,558 - Castle: [KS, KD, KC, KH]
2025-01-04 01:41:32,558 - Discard: [5C, JC, 9H, AH, 5D, 3H, 6H, 7D, TD, 9C, TS, 3D, 7S, 6D, 4H, 8H, AC, TC, 8D, QD, 8S, 7H, 8C, 6C, 7C, 3S, 3C]
2025-01-04 01:41:32,558 - Active Player: 1
2025-01-04 01:41:32,558 - STATE LOG: END
2025-01-04 01:41:32,565 - STATE LOG: BEGIN
2025-01-04 01:41:32,565 - Noah's Hand: [2C]
2025-01-04 01:41:32,565 - Eve's Hand: []
2025-01-04 01:41:32,565 - Boss: Rank: 12 | Suit C | Attack 0 | Health 1
2025-01-04 01:41:32,565 - Tavern: [4S, QH, JD, AD, QS, 5H, 2D, 2S, JS, 4D, JH, 2H, TH, 5S]
2025-01-04 01:41:32,565 - Castle: [KS, KD, KC, KH]
2025-01-04 01:41:32,565 - Discard: [5C, JC, 9H, AH, 5D, 3H, 6H, 7D, TD, 9C, TS, 3D, 7S, 6D, 4H, 8H, AC, TC, 8D, QD, 8S, 7H, 8C, 6C, 7C, 3S, 3C]
2025-01-04 01:41:32,565 - Active Player: 2
2025-01-04 01:41:32,565 - STATE LOG: END
