2025-01-04 01:56:20,897 - I log states! :D
2025-01-04 01:56:20,899 - STATE LOG: BEGIN
2025-01-04 01:56:20,901 - Noah's Hand: [8S, AS, 2H, TD, 8D, AC, AD]
2025-01-04 01:56:20,901 - Eve's Hand: [9S, 5C, 2C, 3C, 3D, 7H, TC]
2025-01-04 01:56:20,901 - Boss: Rank: 11 | Suit H | Attack 10 | Health 20
2025-01-04 01:56:20,901 - Tavern: [2D, 7S, 5D, 8C, TH, 3H, AH, 6S, 6C, 5S, 7C, 9C, 6D, 3S, 9D, 4S, TS, 4H, 5H, 8H, 6H, 2S, 7D, 4C, 9H, 4D]
2025-01-04 01:56:20,902 - Castle: [KC, KH, KD, KS, QD, QS, QH, QC, JC, JS, JD]
2025-01-04 01:56:20,904 - Discard: []
2025-01-04 01:56:20,904 - Active Player: 1
2025-01-04 01:56:20,904 - STATE LOG: END
2025-01-04 01:56:30,996 - STATE LOG: BEGIN
2025-01-04 01:56:30,997 - Noah's Hand: [AC, AD, AS, 2H, 8D, 8S]
2025-01-04 01:56:30,997 - Eve's Hand: [9S, 5C, 2C, 3C, 3D, 7H, TC]
2025-01-04 01:56:30,997 - Boss: Rank: 11 | Suit H | Attack 10 | Health 20
2025-01-04 01:56:30,997 - Tavern: [2D, 7S, 5D, 8C, TH, 3H, AH, 6S, 6C, 5S, 7C, 9C, 6D, 3S, 9D, 4S, TS, 4H, 5H, 8H, 6H, 2S, 7D, 4C, 9H, 4D]
2025-01-04 01:56:30,997 - Castle: [KC, KH, KD, KS, QD, QS, QH, QC, JC, JS, JD]
2025-01-04 01:56:30,997 - Discard: [TD]
2025-01-04 01:56:30,997 - Active Player: 2
2025-01-04 01:56:30,997 - STATE LOG: END
2025-01-04 01:56:41,001 - STATE LOG: BEGIN
2025-01-04 01:56:41,004 - Noah's Hand: [AC, AD, AS, 2H, 8D, 8S]
2025-01-04 01:56:41,005 - Eve's Hand: [2C, 3C, 3D, 5C, 7H]
2025-01-04 01:56:41,005 - Boss: Rank: 11 | Suit H | Attack 1 | Health 11
2025-01-04 01:56:41,005 - Tavern: [2D, 7S, 5D, 8C, TH, 3H, AH, 6S, 6C, 5S, 7C, 9C, 6D, 3S, 9D, 4S, TS, 4H, 5H, 8H, 6H, 2S, 7D, 4C, 9H, 4D]
2025-01-04 01:56:41,005 - Castle: [KC, KH, KD, KS, QD, QS, QH, QC, JC, JS, JD]
2025-01-04 01:56:41,005 - Discard: [TD, TC]
2025-01-04 01:56:41,005 - Active Player: 1
2025-01-04 01:56:41,005 - STATE LOG: END
2025-01-04 01:56:51,027 - STATE LOG: BEGIN
2025-01-04 01:56:51,029 - Noah's Hand: [AC, AS, 8D, 8S, 4D]
2025-01-04 01:56:51,029 - Eve's Hand: [2C, 3C, 3D, 5C, 7H, 9H]
2025-01-04 01:56:51,029 - Boss: Rank: 11 | Suit H | Attack 1 | Health 8
2025-01-04 01:56:51,030 - Tavern: [2D, 7S, 5D, 8C, TH, 3H, AH, 6S, 6C, 5S, 7C, 9C, 6D, 3S, 9D, 4S, TS, 4H, 5H, 8H, 6H, 2S, 7D]
2025-01-04 01:56:51,030 - Castle: [KC, KH, KD, KS, QD, QS, QH, QC, JC, JS, JD]
2025-01-04 01:56:51,030 - Discard: [TD, TC, 4C]
2025-01-04 01:56:51,030 - Active Player: 2
2025-01-04 01:56:51,031 - STATE LOG: END
2025-01-04 01:56:59,342 - STATE LOG: BEGIN
2025-01-04 01:56:59,342 - Noah's Hand: [AC, AS, 8D, 8S, 4D]
2025-01-04 01:56:59,342 - Eve's Hand: [2C, 3C, 3D, 5C, 7H]
2025-01-04 01:56:59,342 - Boss: Rank: 11 | Suit H | Attack 1 | Health 8
2025-01-04 01:56:59,342 - Tavern: [2D, 7S, 5D, 8C, TH, 3H, AH, 6S, 6C, 5S, 7C, 9C, 6D, 3S, 9D, 4S, TS, 4H, 5H, 8H, 6H, 2S, 7D]
2025-01-04 01:56:59,342 - Castle: [KC, KH, KD, KS, QD, QS, QH, QC, JC, JS, JD]
2025-01-04 01:56:59,342 - Discard: [TD, TC, 4C, 9H]
2025-01-04 01:56:59,342 - Active Player: 1
2025-01-04 01:56:59,342 - STATE LOG: END
2025-01-04 01:57:02,174 - STATE LOG: BEGIN
2025-01-04 01:57:02,175 - Noah's Hand: [AC, 8D, 8S, 7D, 6H, 5H]
2025-01-04 01:57:02,175 - Eve's Hand: [2C, 3C, 3D, 5C, 7H, 2S, 8H]
2025-01-04 01:57:02,175 - Boss: Rank: 11 | Suit H | Attack 0 | Health 3
2025-01-04 01:57:02,175 - Tavern: [2D, 7S, 5D, 8C, TH, 3H, AH, 6S, 6C, 5S, 7C, 9C, 6D, 3S, 9D, 4S, TS, 4H]
2025-01-04 01:57:02,175 - Castle: [KC, KH, KD, KS, QD, QS, QH, QC, JC, JS, JD]
2025-01-04 01:57:02,175 - Discard: [TD, TC, 4C, 9H]
2025-01-04 01:57:02,175 - Active Player: 2
2025-01-04 01:57:02,175 - STATE LOG: END
2025-01-04 01:57:12,176 - STATE LOG: BEGIN
2025-01-04 01:57:12,177 - Noah's Hand: [AC, 8D, 8S, 7D, 6H, 5H]
2025-01-04 01:57:12,177 - Eve's Hand: [2C, 2S, 3C, 3D, 5C, 7H, 8H]
2025-01-04 01:57:12,177 - Boss: Rank: 11 | Suit H | Attack 0 | Health 3
2025-01-04 01:57:12,177 - Tavern: [2D, 7S, 5D, 8C, TH, 3H, AH, 6S, 6C, 5S, 7C, 9C, 6D, 3S, 9D, 4S, TS, 4H]
2025-01-04 01:57:12,177 - Castle: [KC, KH, KD, KS, QD, QS, QH, QC, JC, JS, JD]
2025-01-04 01:57:12,177 - Discard: [TD, TC, 4C, 9H]
2025-01-04 01:57:12,177 - Active Player: 1
2025-01-04 01:57:12,177 - STATE LOG: END
2025-01-04 01:57:19,919 - STATE LOG: BEGIN
2025-01-04 01:57:19,919 - Noah's Hand: [5H, 6H, 7D, 8S, 4H, TS, 4S]
2025-01-04 01:57:19,919 - Eve's Hand: [2C, 2S, 3C, 3D, 5C, 7H, 8H]
2025-01-04 01:57:19,919 - Boss: Rank: 11 | Suit D | Attack 10 | Health 20
2025-01-04 01:57:19,919 - Tavern: [2D, 7S, 5D, 8C, TH, 3H, AH, 6S, 6C, 5S, 7C, 9C, 6D, 3S, 9D]
2025-01-04 01:57:19,919 - Castle: [KC, KH, KD, KS, QD, QS, QH, QC, JC, JS]
2025-01-04 01:57:19,919 - Discard: [TD, TC, 4C, 9H, AD, 2H, AS, 4D, AC, 8D, 9S, JH]
2025-01-04 01:57:19,919 - Active Player: 1
2025-01-04 01:57:19,919 - STATE LOG: END
2025-01-04 01:57:29,921 - STATE LOG: BEGIN
2025-01-04 01:57:29,922 - Noah's Hand: [4H, 4S, 5H, 6H, 7D, 8S]
2025-01-04 01:57:29,923 - Eve's Hand: [2C, 2S, 3C, 3D, 5C, 7H, 8H]
2025-01-04 01:57:29,923 - Boss: Rank: 11 | Suit D | Attack 0 | Health 10
2025-01-04 01:57:29,923 - Tavern: [2D, 7S, 5D, 8C, TH, 3H, AH, 6S, 6C, 5S, 7C, 9C, 6D, 3S, 9D]
2025-01-04 01:57:29,923 - Castle: [KC, KH, KD, KS, QD, QS, QH, QC, JC, JS]
2025-01-04 01:57:29,923 - Discard: [TD, TC, 4C, 9H, AD, 2H, AS, 4D, AC, 8D, 9S, JH]
2025-01-04 01:57:29,923 - Active Player: 2
2025-01-04 01:57:29,923 - STATE LOG: END
2025-01-04 01:57:39,932 - STATE LOG: BEGIN
2025-01-04 01:57:39,944 - Noah's Hand: [4H, 4S, 5H, 6H, 7D, 8S]
2025-01-04 01:57:39,946 - Eve's Hand: [2C, 2S, 3C, 3D, 5C, 7H, 8H]
2025-01-04 01:57:39,946 - Boss: Rank: 11 | Suit D | Attack 0 | Health 10
2025-01-04 01:57:39,946 - Tavern: [2D, 7S, 5D, 8C, TH, 3H, AH, 6S, 6C, 5S, 7C, 9C, 6D, 3S, 9D]
2025-01-04 01:57:39,946 - Castle: [KC, KH, KD, KS, QD, QS, QH, QC, JC, JS]
2025-01-04 01:57:39,946 - Discard: [TD, TC, 4C, 9H, AD, 2H, AS, 4D, AC, 8D, 9S, JH]
2025-01-04 01:57:39,946 - Active Player: 1
2025-01-04 01:57:39,946 - STATE LOG: END
2025-01-04 01:57:49,948 - STATE LOG: BEGIN
2025-01-04 01:57:49,949 - Noah's Hand: [5H, 6H, 7D, 8S]
2025-01-04 01:57:49,949 - Eve's Hand: [2C, 2S, 3C, 3D, 5C, 7H, 8H]
2025-01-04 01:57:49,949 - Boss: Rank: 11 | Suit D | Attack 0 | Health 2
2025-01-04 01:57:49,949 - Tavern: [4D, AS, 4C, 8D, TC, 9S, 2H, AD, 2D, 7S, 5D, 8C, TH, 3H, AH, 6S, 6C, 5S, 7C, 9C, 6D, 3S, 9D]
2025-01-04 01:57:49,949 - Castle: [KC, KH, KD, KS, QD, QS, QH, QC, JC, JS]
2025-01-04 01:57:49,949 - Discard: [9H, JH, TD, AC]
2025-01-04 01:57:49,949 - Active Player: 2
2025-01-04 01:57:49,949 - STATE LOG: END
2025-01-04 01:57:58,418 - STATE LOG: BEGIN
2025-01-04 01:57:58,419 - Noah's Hand: [5H, 6H, 7D, 8S]
2025-01-04 01:57:58,419 - Eve's Hand: [2C, 3C, 3D, 5C, 7H, 8H]
2025-01-04 01:57:58,419 - Boss: Rank: 11 | Suit S | Attack 10 | Health 20
2025-01-04 01:57:58,419 - Tavern: [4D, AS, 4C, 8D, TC, 9S, 2H, AD, 2D, 7S, 5D, 8C, TH, 3H, AH, 6S, 6C, 5S, 7C, 9C, 6D, 3S, 9D]
2025-01-04 01:57:58,419 - Castle: [KC, KH, KD, KS, QD, QS, QH, QC, JC]
2025-01-04 01:57:58,419 - Discard: [9H, JH, TD, AC, TS, 4H, 4S, 2S]
2025-01-04 01:57:58,419 - Active Player: 2
2025-01-04 01:57:58,419 - STATE LOG: END
2025-01-04 01:58:03,707 - STATE LOG: BEGIN
2025-01-04 01:58:03,707 - Noah's Hand: [5H, 6H, 7D, 8S, 9D, 6D, 7C]
2025-01-04 01:58:03,707 - Eve's Hand: [2C, 5C, 7H, 8H, JD]
2025-01-04 01:58:03,707 - Boss: Rank: 11 | Suit S | Attack 10 | Health 8
2025-01-04 01:58:03,707 - Tavern: [4D, AS, 4C, 8D, TC, 9S, 2H, AD, 2D, 7S, 5D, 8C, TH, 3H, AH, 6S, 6C, 5S]
2025-01-04 01:58:03,707 - Castle: [KC, KH, KD, KS, QD, QS, QH, QC, JC]
2025-01-04 01:58:03,707 - Discard: [9H, JH, TD, AC, TS, 4H, 4S, 2S, 9C, 3S]
2025-01-04 01:58:03,707 - Active Player: 1
2025-01-04 01:58:03,707 - STATE LOG: END
2025-01-04 01:58:13,752 - STATE LOG: BEGIN
2025-01-04 01:58:13,754 - Noah's Hand: [6D, 6H, 7C, 7D]
2025-01-04 01:58:13,755 - Eve's Hand: [2C, 5C, 7H, 8H, JD]
2025-01-04 01:58:13,755 - Boss: Rank: 11 | Suit S | Attack 10 | Health 3
2025-01-04 01:58:13,755 - Tavern: [9C, 9H, 4S, TS, AC, 4D, AS, 4C, 8D, TC, 9S, 2H, AD, 2D, 7S, 5D, 8C, TH, 3H, AH, 6S, 6C, 5S]
2025-01-04 01:58:13,755 - Castle: [KC, KH, KD, KS, QD, QS, QH, QC, JC]
2025-01-04 01:58:13,755 - Discard: [JH, 3S, TD, 4H, 2S, 9D, 8S]
2025-01-04 01:58:13,755 - Active Player: 2
2025-01-04 01:58:13,755 - STATE LOG: END
2025-01-04 01:58:21,971 - STATE LOG: BEGIN
2025-01-04 01:58:21,972 - Noah's Hand: [6D, 6H, 7C, 7D, 6C, AH, TH]
2025-01-04 01:58:21,972 - Eve's Hand: [2C, 5C, 7H, 8H, 5S, 6S, 3H]
2025-01-04 01:58:21,972 - Boss: Rank: 11 | Suit C | Attack 10 | Health 20
2025-01-04 01:58:21,972 - Tavern: [9C, 9H, 4S, TS, AC, 4D, AS, 4C, 8D, TC, 9S, 2H, AD, 2D, 7S, 5D, 8C]
2025-01-04 01:58:21,972 - Castle: [KC, KH, KD, KS, QD, QS, QH, QC]
2025-01-04 01:58:21,972 - Discard: [JH, 3S, TD, 4H, 2S, 9D, 8S, 5H, 3C, 3D, JD, JS]
2025-01-04 01:58:21,972 - Active Player: 2
2025-01-04 01:58:21,972 - STATE LOG: END
2025-01-04 01:58:31,975 - STATE LOG: BEGIN
2025-01-04 01:58:31,976 - Noah's Hand: [6D, 6H, 7C, 7D, 6C, AH, TH]
2025-01-04 01:58:31,976 - Eve's Hand: [2C, 3H, 5C, 5S, 6S]
2025-01-04 01:58:31,976 - Boss: Rank: 11 | Suit C | Attack 10 | Health 20
2025-01-04 01:58:31,976 - Tavern: [9C, 9H, 4S, TS, AC, 4D, AS, 4C, 8D, TC, 9S, 2H, AD, 2D, 7S, 5D, 8C]
2025-01-04 01:58:31,976 - Castle: [KC, KH, KD, KS, QD, QS, QH, QC]
2025-01-04 01:58:31,976 - Discard: [JH, 3S, TD, 4H, 2S, 9D, 8S, 5H, 3C, 3D, JD, JS, 8H, 7H]
2025-01-04 01:58:31,976 - Active Player: 1
2025-01-04 01:58:31,976 - STATE LOG: END
2025-01-04 01:58:41,977 - STATE LOG: BEGIN
2025-01-04 01:58:41,977 - Noah's Hand: [AH, 6C, 6H, 7C, 7D]
2025-01-04 01:58:41,977 - Eve's Hand: [2C, 3H, 5C, 5S, 6S, 5D, 7S]
2025-01-04 01:58:41,977 - Boss: Rank: 11 | Suit C | Attack 10 | Health 14
2025-01-04 01:58:41,977 - Tavern: [9C, 9H, 4S, TS, AC, 4D, AS, 4C, 8D, TC, 9S, 2H, AD, 2D]
2025-01-04 01:58:41,977 - Castle: [KC, KH, KD, KS, QD, QS, QH, QC]
2025-01-04 01:58:41,977 - Discard: [JH, 3S, TD, 4H, 2S, 9D, 8S, 5H, 3C, 3D, JD, JS, 8H, 7H, 8C, TH]
2025-01-04 01:58:41,978 - Active Player: 2
2025-01-04 01:58:41,978 - STATE LOG: END
2025-01-04 01:58:51,980 - STATE LOG: BEGIN
2025-01-04 01:58:51,981 - Noah's Hand: [AH, 6C, 6H, 7C, 7D]
2025-01-04 01:58:51,981 - Eve's Hand: [2C, 3H, 5C, 5D, 5S]
2025-01-04 01:58:51,981 - Boss: Rank: 11 | Suit C | Attack 3 | Health 7
2025-01-04 01:58:51,981 - Tavern: [9C, 9H, 4S, TS, AC, 4D, AS, 4C, 8D, TC, 9S, 2H, AD, 2D]
2025-01-04 01:58:51,981 - Castle: [KC, KH, KD, KS, QD, QS, QH, QC]
2025-01-04 01:58:51,981 - Discard: [JH, 3S, TD, 4H, 2S, 9D, 8S, 5H, 3C, 3D, JD, JS, 8H, 7H, 8C, TH, 6S]
2025-01-04 01:58:51,981 - Active Player: 1
2025-01-04 01:58:51,981 - STATE LOG: END
2025-01-04 01:58:56,707 - STATE LOG: BEGIN
2025-01-04 01:58:56,708 - Noah's Hand: [6C, 7C, 7D]
2025-01-04 01:58:56,708 - Eve's Hand: [2C, 3H, 5C, 5D, 5S]
2025-01-04 01:58:56,708 - Boss: Rank: 12 | Suit C | Attack 15 | Health 30
2025-01-04 01:58:56,708 - Tavern: [6S, 4H, JS, TD, 8H, JH, 2S, 9C, 9H, 4S, TS, AC, 4D, AS, 4C, 8D, TC, 9S, 2H, AD, 2D]
2025-01-04 01:58:56,708 - Castle: [KC, KH, KD, KS, QD, QS, QH]
2025-01-04 01:58:56,708 - Discard: [TH, 3S, 8C, 5H, 3C, 3D, JD, 7H, 9D, 8S, 6D, AH, 6H, 7S]
2025-01-04 01:58:56,708 - Active Player: 1
2025-01-04 01:58:56,708 - STATE LOG: END
2025-01-04 01:58:57,347 - STATE LOG: BEGIN
2025-01-04 01:58:57,347 - Noah's Hand: [6C, 7C, JC, AD, 9S]
2025-01-04 01:58:57,347 - Eve's Hand: [2C, 3H, 5C, 5D, 5S, 2D, 2H]
2025-01-04 01:58:57,347 - Boss: Rank: 12 | Suit C | Attack 15 | Health 23
2025-01-04 01:58:57,347 - Tavern: [6S, 4H, JS, TD, 8H, JH, 2S, 9C, 9H, 4S, TS, AC, 4D, AS, 4C]
2025-01-04 01:58:57,347 - Castle: [KC, KH, KD, KS, QD, QS, QH]
2025-01-04 01:58:57,347 - Discard: [TH, 3S, 8C, 5H, 3C, 3D, JD, 7H, 9D, 8S, 6D, AH, 6H, 7S, 8D, TC]
2025-01-04 01:58:57,347 - Active Player: 2
2025-01-04 01:58:57,347 - STATE LOG: END
2025-01-04 01:59:04,101 - STATE LOG: BEGIN
2025-01-04 01:59:04,102 - Noah's Hand: [6C, 7C, JC, AD, 9S, AS, AC]
2025-01-04 01:59:04,102 - Eve's Hand: [2C, 2D, 2H, 3H, 5C]
2025-01-04 01:59:04,102 - Boss: Rank: 12 | Suit C | Attack 5 | Health 13
2025-01-04 01:59:04,102 - Tavern: [6S, 4H, JS, TD, 8H, JH, 2S, 9C, 9H, 4S, TS]
2025-01-04 01:59:04,102 - Castle: [KC, KH, KD, KS, QD, QS, QH]
2025-01-04 01:59:04,102 - Discard: [TH, 3S, 8C, 5H, 3C, 3D, JD, 7H, 9D, 8S, 6D, AH, 6H, 7S, 8D, TC, 4D, 4C]
2025-01-04 01:59:04,102 - Active Player: 1
2025-01-04 01:59:04,102 - STATE LOG: END
2025-01-04 01:59:14,103 - STATE LOG: BEGIN
2025-01-04 01:59:14,104 - Noah's Hand: [AC, AD, 7C, 9S, JC]
2025-01-04 01:59:14,104 - Eve's Hand: [2C, 2D, 2H, 3H, 5C]
2025-01-04 01:59:14,104 - Boss: Rank: 12 | Suit C | Attack 0 | Health 6
2025-01-04 01:59:14,104 - Tavern: [6S, 4H, JS, TD, 8H, JH, 2S, 9C, 9H, 4S, TS]
2025-01-04 01:59:14,104 - Castle: [KC, KH, KD, KS, QD, QS, QH]
2025-01-04 01:59:14,104 - Discard: [TH, 3S, 8C, 5H, 3C, 3D, JD, 7H, 9D, 8S, 6D, AH, 6H, 7S, 8D, TC, 4D, 4C]
2025-01-04 01:59:14,104 - Active Player: 2
2025-01-04 01:59:14,104 - STATE LOG: END
2025-01-04 01:59:24,116 - STATE LOG: BEGIN
2025-01-04 01:59:24,117 - Noah's Hand: [AC, AD, 7C, 9S, JC, 4S, 9C]
2025-01-04 01:59:24,117 - Eve's Hand: [3H, 5C, TS, 9H, 2S, JH]
2025-01-04 01:59:24,117 - Boss: Rank: 12 | Suit H | Attack 15 | Health 30
2025-01-04 01:59:24,117 - Tavern: [TC, 4D, TH, JD, 5H, 9D, 6S, 4H, JS, TD, 8H]
2025-01-04 01:59:24,117 - Castle: [KC, KH, KD, KS, QD, QS]
2025-01-04 01:59:24,117 - Discard: [8D, 6H, 3D, 8S, 7S, 4C, 3C, 3S, 6D, AH, 8C, 7H, 7D, AS, 6C, 5D, 5S, 2C, 2D, 2H]
2025-01-04 01:59:24,117 - Active Player: 2
2025-01-04 01:59:24,118 - STATE LOG: END
2025-01-04 01:59:33,751 - STATE LOG: BEGIN
2025-01-04 01:59:33,753 - Noah's Hand: [AC, AD, 7C, 9S, JC, 4S, 9C]
2025-01-04 01:59:33,753 - Eve's Hand: [2S, 3H, 5C, 9H]
2025-01-04 01:59:33,753 - Boss: Rank: 12 | Suit H | Attack 5 | Health 20
2025-01-04 01:59:33,753 - Tavern: [TC, 4D, TH, JD, 5H, 9D, 6S, 4H, JS, TD, 8H]
2025-01-04 01:59:33,753 - Castle: [KC, KH, KD, KS, QD, QS]
2025-01-04 01:59:33,753 - Discard: [8D, 6H, 3D, 8S, 7S, 4C, 3C, 3S, 6D, AH, 8C, 7H, 7D, AS, 6C, 5D, 5S, 2C, 2D, 2H, JH]
2025-01-04 01:59:33,753 - Active Player: 1
2025-01-04 01:59:33,753 - STATE LOG: END
2025-01-04 01:59:42,184 - STATE LOG: BEGIN
2025-01-04 01:59:42,184 - Noah's Hand: [AC, 7C, 9C, 9S, JC, QC, TD]
2025-01-04 01:59:42,185 - Eve's Hand: [2S, 3H, 5C, 9H, 8H, JS, 4H]
2025-01-04 01:59:42,185 - Boss: Rank: 12 | Suit H | Attack 0 | Health 15
2025-01-04 01:59:42,185 - Tavern: [TC, 4D, TH, JD, 5H, 9D, 6S]
2025-01-04 01:59:42,185 - Castle: [KC, KH, KD, KS, QD, QS]
2025-01-04 01:59:42,185 - Discard: [8D, 6H, 3D, 8S, 7S, 4C, 3C, 3S, 6D, AH, 8C, 7H, 7D, AS, 6C, 5D, 5S, 2C, 2D, 2H, JH]
2025-01-04 01:59:42,185 - Active Player: 2
2025-01-04 01:59:42,185 - STATE LOG: END
2025-01-04 01:59:52,186 - STATE LOG: BEGIN
2025-01-04 01:59:52,186 - Noah's Hand: [AC, 7C, 9C, 9S, JC, QC, TD]
2025-01-04 01:59:52,186 - Eve's Hand: [3H, 4H, 5C, 8H, 9H, JS]
2025-01-04 01:59:52,186 - Boss: Rank: 12 | Suit H | Attack 0 | Health 13
2025-01-04 01:59:52,186 - Tavern: [TC, 4D, TH, JD, 5H, 9D, 6S]
2025-01-04 01:59:52,186 - Castle: [KC, KH, KD, KS, QD, QS]
2025-01-04 01:59:52,186 - Discard: [8D, 6H, 3D, 8S, 7S, 4C, 3C, 3S, 6D, AH, 8C, 7H, 7D, AS, 6C, 5D, 5S, 2C, 2D, 2H, JH]
2025-01-04 01:59:52,186 - Active Player: 1
2025-01-04 01:59:52,186 - STATE LOG: END
2025-01-04 02:00:02,187 - STATE LOG: BEGIN
2025-01-04 02:00:02,189 - Noah's Hand: [AC, 7C, 9C, 9S, TD, JC, QC]
2025-01-04 02:00:02,189 - Eve's Hand: [3H, 4H, 5C, 8H, 9H, JS]
2025-01-04 02:00:02,189 - Boss: Rank: 12 | Suit H | Attack 0 | Health 13
2025-01-04 02:00:02,189 - Tavern: [TC, 4D, TH, JD, 5H, 9D, 6S]
2025-01-04 02:00:02,189 - Castle: [KC, KH, KD, KS, QD, QS]
2025-01-04 02:00:02,189 - Discard: [8D, 6H, 3D, 8S, 7S, 4C, 3C, 3S, 6D, AH, 8C, 7H, 7D, AS, 6C, 5D, 5S, 2C, 2D, 2H, JH]
2025-01-04 02:00:02,189 - Active Player: 2
2025-01-04 02:00:02,189 - STATE LOG: END
2025-01-04 02:00:12,190 - STATE LOG: BEGIN
2025-01-04 02:00:12,191 - Noah's Hand: [AC, 7C, 9C, 9S, TD, JC, QC]
2025-01-04 02:00:12,191 - Eve's Hand: [3H, 5C, 8H, 9H, JS]
2025-01-04 02:00:12,191 - Boss: Rank: 12 | Suit H | Attack 0 | Health 9
2025-01-04 02:00:12,191 - Tavern: [TC, 4D, TH, JD, 5H, 9D, 6S]
2025-01-04 02:00:12,191 - Castle: [KC, KH, KD, KS, QD, QS]
2025-01-04 02:00:12,191 - Discard: [8D, 6H, 3D, 8S, 7S, 4C, 3C, 3S, 6D, AH, 8C, 7H, 7D, AS, 6C, 5D, 5S, 2C, 2D, 2H, JH]
2025-01-04 02:00:12,191 - Active Player: 1
2025-01-04 02:00:12,191 - STATE LOG: END
2025-01-04 02:00:22,053 - STATE LOG: BEGIN
2025-01-04 02:00:22,054 - Noah's Hand: [AC, 7C, 9C, 9S, JC, QC, 6S]
2025-01-04 02:00:22,054 - Eve's Hand: [3H, 5C, 8H, 9H, JS, 9D, 5H]
2025-01-04 02:00:22,054 - Boss: Rank: 12 | Suit S | Attack 15 | Health 30
2025-01-04 02:00:22,054 - Tavern: [TC, 4D, TH, JD]
2025-01-04 02:00:22,054 - Castle: [KC, KH, KD, KS, QD]
2025-01-04 02:00:22,054 - Discard: [8D, 6H, 3D, 8S, 7S, 4C, 3C, 3S, 6D, AH, 8C, 7H, 7D, AS, 6C, 5D, 5S, 2C, 2D, 2H, JH, AD, 4S, TD, TS, 2S, 4H, QH]
2025-01-04 02:00:22,054 - Active Player: 1
2025-01-04 02:00:22,054 - STATE LOG: END
2025-01-04 02:00:30,370 - STATE LOG: BEGIN
2025-01-04 02:00:30,371 - Noah's Hand: [AC, 6S, 7C, 9C, 9S]
2025-01-04 02:00:30,371 - Eve's Hand: [3H, 5C, 8H, 9H, JS, 9D, 5H]
2025-01-04 02:00:30,371 - Boss: Rank: 12 | Suit S | Attack 15 | Health 30
2025-01-04 02:00:30,371 - Tavern: [TC, 4D, TH, JD]
2025-01-04 02:00:30,371 - Castle: [KC, KH, KD, KS, QD]
2025-01-04 02:00:30,371 - Discard: [8D, 6H, 3D, 8S, 7S, 4C, 3C, 3S, 6D, AH, 8C, 7H, 7D, AS, 6C, 5D, 5S, 2C, 2D, 2H, JH, AD, 4S, TD, TS, 2S, 4H, QH, QC, JC]
2025-01-04 02:00:30,371 - Active Player: 2
2025-01-04 02:00:30,371 - STATE LOG: END
2025-01-04 02:00:37,141 - STATE LOG: BEGIN
2025-01-04 02:00:37,147 - Noah's Hand: [AC, 6S, 7C, 9C, 9S]
2025-01-04 02:00:37,147 - Eve's Hand: [3H, 5C, 5H, 9D]
2025-01-04 02:00:37,147 - Boss: Rank: 12 | Suit S | Attack 15 | Health 22
2025-01-04 02:00:37,148 - Tavern: [7D, 4C, 6H, 3C, 5D, 2S, JC, AD, TC, 4D, TH, JD]
2025-01-04 02:00:37,148 - Castle: [KC, KH, KD, KS, QD]
2025-01-04 02:00:37,150 - Discard: [QC, 8D, 4H, JH, 3D, 2D, 4S, 5S, 2H, 7H, 6D, 6C, 8S, AH, 2C, 8C, 3S, AS, TD, QH, TS, 7S, JS, 9H]
2025-01-04 02:00:37,150 - Active Player: 1
2025-01-04 02:00:37,150 - STATE LOG: END
2025-01-04 02:00:38,888 - STATE LOG: BEGIN
2025-01-04 02:00:38,888 - Noah's Hand: [AC, 7C]
2025-01-04 02:00:38,888 - Eve's Hand: [3H, 5C, 5H, 9D]
2025-01-04 02:00:38,888 - Boss: Rank: 12 | Suit S | Attack 15 | Health 16
2025-01-04 02:00:38,888 - Tavern: [7D, 4C, 6H, 3C, 5D, 2S, JC, AD, TC, 4D, TH, JD]
2025-01-04 02:00:38,888 - Castle: [KC, KH, KD, KS, QD]
2025-01-04 02:00:38,888 - Discard: [QC, 8D, 4H, JH, 3D, 2D, 4S, 5S, 2H, 7H, 6D, 6C, 8S, AH, 2C, 8C, 3S, AS, TD, QH, TS, 7S, JS, 9H, 9S, 9C]
2025-01-04 02:00:38,888 - Active Player: 2
2025-01-04 02:00:38,888 - STATE LOG: END
2025-01-04 02:00:39,621 - STATE LOG: BEGIN
2025-01-04 02:00:39,624 - Noah's Hand: [AC, 7C, TH, TC, JC, 5D, 3C]
2025-01-04 02:00:39,624 - Eve's Hand: [3H, 5C, 5H]
2025-01-04 02:00:39,624 - Boss: Rank: 12 | Suit S | Attack 15 | Health 7
2025-01-04 02:00:39,624 - Tavern: [7D, 4C, 6H]
2025-01-04 02:00:39,624 - Castle: [KC, KH, KD, KS, QD]
2025-01-04 02:00:39,624 - Discard: [QC, 8D, 4H, JH, 3D, 2D, 4S, 5S, 2H, 7H, 6D, 6C, 8S, AH, 2C, 8C, 3S, AS, TD, QH, TS, 7S, JS, 9H, 9S, 9C, 2S, AD, 4D, JD]
2025-01-04 02:00:39,624 - Active Player: 1
2025-01-04 02:00:39,624 - STATE LOG: END
2025-01-04 02:00:41,464 - STATE LOG: BEGIN
2025-01-04 02:00:41,464 - Noah's Hand: [AC, 3C, 5D, 7C, TC]
2025-01-04 02:00:41,464 - Eve's Hand: [3H, 5C, 5H]
2025-01-04 02:00:41,464 - Boss: Rank: 12 | Suit S | Attack 15 | Health 7
2025-01-04 02:00:41,464 - Tavern: [7D, 4C, 6H]
2025-01-04 02:00:41,464 - Castle: [KC, KH, KD, KS, QD]
2025-01-04 02:00:41,464 - Discard: [QC, 8D, 4H, JH, 3D, 2D, 4S, 5S, 2H, 7H, 6D, 6C, 8S, AH, 2C, 8C, 3S, AS, TD, QH, TS, 7S, JS, 9H, 9S, 9C, 2S, AD, 4D, JD, JC, TH]
2025-01-04 02:00:41,464 - Active Player: 2
2025-01-04 02:00:41,464 - STATE LOG: END
2025-01-04 02:00:41,480 - STATE LOG: BEGIN
2025-01-04 02:00:41,480 - Noah's Hand: [AC, 3C, 5D, 7C, TC]
2025-01-04 02:00:41,480 - Eve's Hand: [3H]
2025-01-04 02:00:41,480 - Boss: Rank: 12 | Suit D | Attack 15 | Health 30
2025-01-04 02:00:41,480 - Tavern: [JH, TH, 2C, TD, 3D, 7H, 6D, 8S, 6C, 2D, 7D, 4C, 6H]
2025-01-04 02:00:41,480 - Castle: [KC, KH, KD, KS]
2025-01-04 02:00:41,480 - Discard: [QH, 3S, 9S, AS, 2S, AH, 2H, AD, TS, 7S, 4D, 8D, QC, 8C, JS, JC, 9C, JD, 9H, 5S, 4H, 4S, 6S, 8H, 9D, 5C, 5H, QS]
2025-01-04 02:00:41,480 - Active Player: 2
2025-01-04 02:00:41,480 - STATE LOG: END
2025-01-04 02:00:41,485 - STATE LOG: BEGIN
2025-01-04 02:00:41,485 - Noah's Hand: [AC, 3C, 5D, 7C, TC]
2025-01-04 02:00:41,485 - Eve's Hand: []
2025-01-04 02:00:41,485 - Boss: Rank: 12 | Suit D | Attack 15 | Health 27
2025-01-04 02:00:41,485 - Tavern: [5C, 2H, QC, JH, TH, 2C, TD, 3D, 7H, 6D, 8S, 6C, 2D, 7D, 4C, 6H]
2025-01-04 02:00:41,485 - Castle: [KC, KH, KD, KS]
2025-01-04 02:00:41,485 - Discard: [8C, JS, 9D, AH, 8D, 6S, 2S, 9C, QS, 8H, 9H, 4D, TS, 3S, 4H, 7S, 4S, AS, 5S, 9S, JC, 5H, JD, AD, QH]
2025-01-04 02:00:41,485 - Active Player: 1
2025-01-04 02:00:41,485 - STATE LOG: END
