2025-01-04 23:19:00,775 - I log states! :D
2025-01-04 23:19:00,775 - STATE LOG: BEGIN
2025-01-04 23:19:00,775 - Noah's Hand: [8H, 8C, AS, 5S, 6D, 7S, 4S]
2025-01-04 23:19:00,775 - Eve's Hand: [TD, TS, AD, 6C, 7D, 8S, 7C]
2025-01-04 23:19:00,775 - Boss: Rank: 11 | Suit C | Attack 10 | Health 20
2025-01-04 23:19:00,775 - Tavern: [AC, 2H, 6S, 7H, 8D, 9H, 5H, 9S, 4H, 2S, 9D, 3C, 3H, 4D, 4C, 2C, 5C, 5D, 9C, TH, 3S, AH, TC, 6H, 3D, 2D]
2025-01-04 23:19:00,775 - Castle: [KH, KC, KS, KD, QD, QS, QH, QC, JS, JH, JD]
2025-01-04 23:19:00,775 - Discard: []
2025-01-04 23:19:00,775 - Active Player: 1
2025-01-04 23:19:00,775 - STATE LOG: END
2025-01-04 23:19:10,844 - STATE LOG: BEGIN
2025-01-04 23:19:10,845 - Noah's Hand: [4S, 7S, 8C, 8H, 2D, 3D]
2025-01-04 23:19:10,845 - Eve's Hand: [TD, TS, AD, 6C, 7D, 8S, 7C]
2025-01-04 23:19:10,845 - Boss: Rank: 11 | Suit C | Attack 3 | Health 13
2025-01-04 23:19:10,845 - Tavern: [AC, 2H, 6S, 7H, 8D, 9H, 5H, 9S, 4H, 2S, 9D, 3C, 3H, 4D, 4C, 2C, 5C, 5D, 9C, TH, 3S, AH, TC, 6H]
2025-01-04 23:19:10,845 - Castle: [KH, KC, KS, KD, QD, QS, QH, QC, JS, JH, JD]
2025-01-04 23:19:10,845 - Discard: [5S]
2025-01-04 23:19:10,845 - Active Player: 2
2025-01-04 23:19:10,845 - STATE LOG: END
2025-01-04 23:19:20,846 - STATE LOG: BEGIN
2025-01-04 23:19:20,847 - Noah's Hand: [4S, 7S, 8C, 8H, 2D, 3D]
2025-01-04 23:19:20,847 - Eve's Hand: [AD, 7C, 7D, 8S, TD, TS]
2025-01-04 23:19:20,847 - Boss: Rank: 11 | Suit C | Attack 3 | Health 13
2025-01-04 23:19:20,847 - Tavern: [AC, 2H, 6S, 7H, 8D, 9H, 5H, 9S, 4H, 2S, 9D, 3C, 3H, 4D, 4C, 2C, 5C, 5D, 9C, TH, 3S, AH, TC, 6H]
2025-01-04 23:19:20,847 - Castle: [KH, KC, KS, KD, QD, QS, QH, QC, JS, JH, JD]
2025-01-04 23:19:20,847 - Discard: [5S, 6C]
2025-01-04 23:19:20,847 - Active Player: 1
2025-01-04 23:19:20,847 - STATE LOG: END
2025-01-04 23:19:30,848 - STATE LOG: BEGIN
2025-01-04 23:19:30,850 - Noah's Hand: [2D, 4S, 7S, 8C, 8H]
2025-01-04 23:19:30,850 - Eve's Hand: [AD, 7C, 7D, 8S, TD, TS, TC]
2025-01-04 23:19:30,850 - Boss: Rank: 11 | Suit C | Attack 3 | Health 10
2025-01-04 23:19:30,850 - Tavern: [AC, 2H, 6S, 7H, 8D, 9H, 5H, 9S, 4H, 2S, 9D, 3C, 3H, 4D, 4C, 2C, 5C, 5D, 9C, TH, 3S]
2025-01-04 23:19:30,850 - Castle: [KH, KC, KS, KD, QD, QS, QH, QC, JS, JH, JD]
2025-01-04 23:19:30,850 - Discard: [5S, 6C, AH, 6H]
2025-01-04 23:19:30,850 - Active Player: 2
2025-01-04 23:19:30,850 - STATE LOG: END
2025-01-04 23:19:40,852 - STATE LOG: BEGIN
2025-01-04 23:19:40,853 - Noah's Hand: [2D, 4S, 7S, 8C, 8H, TH, 5D]
2025-01-04 23:19:40,853 - Eve's Hand: [7C, 7D, 8S, TD, TS, 3S, 9C]
2025-01-04 23:19:40,853 - Boss: Rank: 11 | Suit D | Attack 10 | Health 20
2025-01-04 23:19:40,853 - Tavern: [AC, 2H, 6S, 7H, 8D, 9H, 5H, 9S, 4H, 2S, 9D, 3C, 3H, 4D, 4C, 2C, 5C]
2025-01-04 23:19:40,853 - Castle: [KH, KC, KS, KD, QD, QS, QH, QC, JS, JH]
2025-01-04 23:19:40,853 - Discard: [5S, 6C, AH, 6H, AS, 6D, 3D, AD, TC, JC]
2025-01-04 23:19:40,853 - Active Player: 2
2025-01-04 23:19:40,853 - STATE LOG: END
2025-01-04 23:19:50,853 - STATE LOG: BEGIN
2025-01-04 23:19:50,854 - Noah's Hand: [2D, 4S, 7S, 8C, 8H, TH, 5D]
2025-01-04 23:19:50,854 - Eve's Hand: [3S, 7C, 7D, 8S, 9C, TD]
2025-01-04 23:19:50,854 - Boss: Rank: 11 | Suit D | Attack 0 | Health 10
2025-01-04 23:19:50,854 - Tavern: [AC, 2H, 6S, 7H, 8D, 9H, 5H, 9S, 4H, 2S, 9D, 3C, 3H, 4D, 4C, 2C, 5C]
2025-01-04 23:19:50,855 - Castle: [KH, KC, KS, KD, QD, QS, QH, QC, JS, JH]
2025-01-04 23:19:50,855 - Discard: [5S, 6C, AH, 6H, AS, 6D, 3D, AD, TC, JC]
2025-01-04 23:19:50,855 - Active Player: 1
2025-01-04 23:19:50,855 - STATE LOG: END
2025-01-04 23:20:00,856 - STATE LOG: BEGIN
2025-01-04 23:20:00,856 - Noah's Hand: [2D, 4S, 5D, 7S, 8C, 8H]
2025-01-04 23:20:00,856 - Eve's Hand: [3S, 7C, 7D, 8S, 9C, TD]
2025-01-04 23:20:00,856 - Boss: Rank: 11 | Suit H | Attack 10 | Health 20
2025-01-04 23:20:00,856 - Tavern: [AH, AS, 3D, 5S, 6C, 6D, 6H, TC, JC, AD, AC, 2H, 6S, 7H, 8D, 9H, 5H, 9S, 4H, 2S, 9D, 3C, 3H, 4D, 4C, 2C, 5C]
2025-01-04 23:20:00,856 - Castle: [KH, KC, KS, KD, QD, QS, QH, QC, JS]
2025-01-04 23:20:00,856 - Discard: [TH, TS]
2025-01-04 23:20:00,856 - Active Player: 1
2025-01-04 23:20:00,856 - STATE LOG: END
2025-01-04 23:20:10,858 - STATE LOG: BEGIN
2025-01-04 23:20:10,859 - Noah's Hand: [2D, 5D, 7S, 8H]
2025-01-04 23:20:10,859 - Eve's Hand: [3S, 7C, 7D, 8S, 9C, TD]
2025-01-04 23:20:10,859 - Boss: Rank: 11 | Suit H | Attack 6 | Health 16
2025-01-04 23:20:10,859 - Tavern: [AH, AS, 3D, 5S, 6C, 6D, 6H, TC, JC, AD, AC, 2H, 6S, 7H, 8D, 9H, 5H, 9S, 4H, 2S, 9D, 3C, 3H, 4D, 4C, 2C, 5C]
2025-01-04 23:20:10,859 - Castle: [KH, KC, KS, KD, QD, QS, QH, QC, JS]
2025-01-04 23:20:10,859 - Discard: [TH, TS, 8C]
2025-01-04 23:20:10,859 - Active Player: 2
2025-01-04 23:20:10,859 - STATE LOG: END
2025-01-04 23:20:20,922 - STATE LOG: BEGIN
2025-01-04 23:20:20,923 - Noah's Hand: [2D, 5D, 7S, 8H, 5C, 4C, 4D]
2025-01-04 23:20:20,923 - Eve's Hand: [3S, 8S, 9C, TD, JD, 2C]
2025-01-04 23:20:20,923 - Boss: Rank: 11 | Suit H | Attack 6 | Health 9
2025-01-04 23:20:20,923 - Tavern: [AH, AS, 3D, 5S, 6C, 6D, 6H, TC, JC, AD, AC, 2H, 6S, 7H, 8D, 9H, 5H, 9S, 4H, 2S, 9D, 3C, 3H]
2025-01-04 23:20:20,923 - Castle: [KH, KC, KS, KD, QD, QS, QH, QC, JS]
2025-01-04 23:20:20,923 - Discard: [TH, TS, 8C, 7C]
2025-01-04 23:20:20,923 - Active Player: 1
2025-01-04 23:20:20,923 - STATE LOG: END
2025-01-04 23:20:30,924 - STATE LOG: BEGIN
2025-01-04 23:20:30,925 - Noah's Hand: [2D, 4C, 4D, 5D, 7S]
2025-01-04 23:20:30,925 - Eve's Hand: [3S, 8S, 9C, TD, JD, 2C]
2025-01-04 23:20:30,925 - Boss: Rank: 11 | Suit H | Attack 6 | Health 9
2025-01-04 23:20:30,925 - Tavern: [AH, AS, 3D, 5S, 6C, 6D, 6H, TC, JC, AD, AC, 2H, 6S, 7H, 8D, 9H, 5H, 9S, 4H, 2S, 9D, 3C, 3H]
2025-01-04 23:20:30,925 - Castle: [KH, KC, KS, KD, QD, QS, QH, QC, JS]
2025-01-04 23:20:30,925 - Discard: [TH, TS, 8C, 7C, 5C, 8H]
2025-01-04 23:20:30,925 - Active Player: 2
2025-01-04 23:20:30,925 - STATE LOG: END
2025-01-04 23:20:40,926 - STATE LOG: BEGIN
2025-01-04 23:20:40,927 - Noah's Hand: [2D, 4C, 4D, 5D, 7S]
2025-01-04 23:20:40,927 - Eve's Hand: [2C, 8S, TD, JD]
2025-01-04 23:20:40,927 - Boss: Rank: 11 | Suit H | Attack 3 | Health 6
2025-01-04 23:20:40,927 - Tavern: [AH, AS, 3D, 5S, 6C, 6D, 6H, TC, JC, AD, AC, 2H, 6S, 7H, 8D, 9H, 5H, 9S, 4H, 2S, 9D, 3C, 3H]
2025-01-04 23:20:40,927 - Castle: [KH, KC, KS, KD, QD, QS, QH, QC, JS]
2025-01-04 23:20:40,927 - Discard: [TH, TS, 8C, 7C, 5C, 8H, 9C]
2025-01-04 23:20:40,927 - Active Player: 1
2025-01-04 23:20:40,927 - STATE LOG: END
2025-01-04 23:20:49,908 - STATE LOG: BEGIN
2025-01-04 23:20:49,909 - Noah's Hand: [2D, 4C, 4D, 3H, 9D, 4H]
2025-01-04 23:20:49,909 - Eve's Hand: [2C, 8S, TD, JD, 3C, 2S]
2025-01-04 23:20:49,909 - Boss: Rank: 11 | Suit H | Attack 3 | Health 1
2025-01-04 23:20:49,909 - Tavern: [AH, AS, 3D, 5S, 6C, 6D, 6H, TC, JC, AD, AC, 2H, 6S, 7H, 8D, 9H, 5H, 9S]
2025-01-04 23:20:49,909 - Castle: [KH, KC, KS, KD, QD, QS, QH, QC, JS]
2025-01-04 23:20:49,909 - Discard: [TH, TS, 8C, 7C, 5C, 8H, 9C, 7S]
2025-01-04 23:20:49,909 - Active Player: 2
2025-01-04 23:20:49,909 - STATE LOG: END
2025-01-04 23:20:59,910 - STATE LOG: BEGIN
2025-01-04 23:20:59,911 - Noah's Hand: [2D, 4C, 4D, 3H, 9D, 4H]
2025-01-04 23:20:59,911 - Eve's Hand: [2S, 3C, 8S, TD, JD]
2025-01-04 23:20:59,911 - Boss: Rank: 11 | Suit S | Attack 10 | Health 20
2025-01-04 23:20:59,911 - Tavern: [AH, AS, 3D, 5S, 6C, 6D, 6H, TC, JC, AD, AC, 2H, 6S, 7H, 8D, 9H, 5H, 9S]
2025-01-04 23:20:59,911 - Castle: [KH, KC, KS, KD, QD, QS, QH, QC]
2025-01-04 23:20:59,911 - Discard: [TH, TS, 8C, 7C, 5C, 8H, 9C, 7S, 4S, 5D, 7D, 3S, 2C, JH]
2025-01-04 23:20:59,911 - Active Player: 2
2025-01-04 23:20:59,911 - STATE LOG: END
2025-01-04 23:21:09,912 - STATE LOG: BEGIN
2025-01-04 23:21:09,913 - Noah's Hand: [2D, 4C, 4D, 3H, 9D, 4H]
2025-01-04 23:21:09,913 - Eve's Hand: [TD, JD]
2025-01-04 23:21:09,913 - Boss: Rank: 11 | Suit S | Attack 10 | Health 18
2025-01-04 23:21:09,913 - Tavern: [AH, AS, 3D, 5S, 6C, 6D, 6H, TC, JC, AD, AC, 2H, 6S, 7H, 8D, 9H, 5H, 9S]
2025-01-04 23:21:09,913 - Castle: [KH, KC, KS, KD, QD, QS, QH, QC]
2025-01-04 23:21:09,913 - Discard: [TH, TS, 8C, 7C, 5C, 8H, 9C, 7S, 4S, 5D, 7D, 3S, 2C, JH, 3C, 8S]
2025-01-04 23:21:09,913 - Active Player: 1
2025-01-04 23:21:09,913 - STATE LOG: END
2025-01-04 23:21:19,914 - STATE LOG: BEGIN
2025-01-04 23:21:19,914 - Noah's Hand: [2D, 4D, 9D]
2025-01-04 23:21:19,914 - Eve's Hand: [TD, JD]
2025-01-04 23:21:19,914 - Boss: Rank: 11 | Suit S | Attack 10 | Health 18
2025-01-04 23:21:19,914 - Tavern: [AH, AS, 3D, 5S, 6C, 6D, 6H, TC, JC, AD, AC, 2H, 6S, 7H, 8D, 9H, 5H, 9S]
2025-01-04 23:21:19,914 - Castle: [KH, KC, KS, KD, QD, QS, QH, QC]
2025-01-04 23:21:19,914 - Discard: [TH, TS, 8C, 7C, 5C, 8H, 9C, 7S, 4S, 5D, 7D, 3S, 2C, JH, 3C, 8S, 4H, 4C, 3H]
2025-01-04 23:21:19,914 - Active Player: 2
2025-01-04 23:21:19,914 - STATE LOG: END
2025-01-04 23:21:29,915 - STATE LOG: BEGIN
2025-01-04 23:21:29,916 - Noah's Hand: [2D, 4D, 9D, 5H, 8D, 6S, AC]
2025-01-04 23:21:29,916 - Eve's Hand: [JD, 9S, 9H, 7H, AD]
2025-01-04 23:21:29,916 - Boss: Rank: 11 | Suit S | Attack 10 | Health 8
2025-01-04 23:21:29,916 - Tavern: [AH, AS, 3D, 5S, 6C, 6D, 6H, TC]
2025-01-04 23:21:29,917 - Castle: [KH, KC, KS, KD, QD, QS, QH, QC]
2025-01-04 23:21:29,917 - Discard: [TH, TS, 8C, 7C, 5C, 8H, 9C, 7S, 4S, 5D, 7D, 3S, 2C, JH, 3C, 8S, 4H, 4C, 3H, 2H, JC]
2025-01-04 23:21:29,917 - Active Player: 1
2025-01-04 23:21:29,917 - STATE LOG: END
2025-01-04 23:21:39,918 - STATE LOG: BEGIN
2025-01-04 23:21:39,919 - Noah's Hand: [4D, 5H, 6S, 8D, 9D, 6D]
2025-01-04 23:21:39,919 - Eve's Hand: [JD, 9S, 9H, 7H, AD, 6H]
2025-01-04 23:21:39,919 - Boss: Rank: 11 | Suit S | Attack 10 | Health 2
2025-01-04 23:21:39,919 - Tavern: [AH, AS, 3D, 5S, 6C]
2025-01-04 23:21:39,919 - Castle: [KH, KC, KS, KD, QD, QS, QH, QC]
2025-01-04 23:21:39,919 - Discard: [TH, TS, 8C, 7C, 5C, 8H, 9C, 7S, 4S, 5D, 7D, 3S, 2C, JH, 3C, 8S, 4H, 4C, 3H, 2H, JC, TC]
2025-01-04 23:21:39,919 - Active Player: 2
2025-01-04 23:21:39,919 - STATE LOG: END
2025-01-04 23:21:49,920 - STATE LOG: BEGIN
2025-01-04 23:21:49,921 - Noah's Hand: [4D, 5H, 6S, 8D, 9D, 6D, 5S]
2025-01-04 23:21:49,921 - Eve's Hand: [6H, 7H, 9S, JD, 6C, 3D, AS]
2025-01-04 23:21:49,921 - Boss: Rank: 12 | Suit C | Attack 15 | Health 30
2025-01-04 23:21:49,921 - Tavern: [TH, 7S, TS, 8S, 5D, 8C, JH, 2H, JC, 2C, AH]
2025-01-04 23:21:49,921 - Castle: [KH, KC, KS, KD, QD, QS, QH]
2025-01-04 23:21:49,921 - Discard: [TC, 3C, 9C, 8H, 7C, 4S, 5C, 7D, 3H, 4C, 3S, 4H, AC, 2D, 2S, TD, AD, 9H, JS]
2025-01-04 23:21:49,921 - Active Player: 2
2025-01-04 23:21:49,921 - STATE LOG: END
2025-01-04 23:21:59,922 - STATE LOG: BEGIN
2025-01-04 23:21:59,923 - Noah's Hand: [4D, 5H, 6S, 8D, 9D, 6D, 5S]
2025-01-04 23:21:59,923 - Eve's Hand: [AS, 3D, 6C, 6H, JD]
2025-01-04 23:21:59,923 - Boss: Rank: 12 | Suit C | Attack 6 | Health 21
2025-01-04 23:21:59,923 - Tavern: [TH, 7S, TS, 8S, 5D, 8C, JH, 2H, JC, 2C, AH]
2025-01-04 23:21:59,923 - Castle: [KH, KC, KS, KD, QD, QS, QH]
2025-01-04 23:21:59,923 - Discard: [TC, 3C, 9C, 8H, 7C, 4S, 5C, 7D, 3H, 4C, 3S, 4H, AC, 2D, 2S, TD, AD, 9H, JS, 7H]
2025-01-04 23:21:59,923 - Active Player: 1
2025-01-04 23:21:59,923 - STATE LOG: END
2025-01-04 23:22:09,999 - STATE LOG: BEGIN
2025-01-04 23:22:10,000 - Noah's Hand: [4D, 5H, 6D, 8D, 9D]
2025-01-04 23:22:10,000 - Eve's Hand: [AS, 3D, 6C, 6H, JD]
2025-01-04 23:22:10,000 - Boss: Rank: 12 | Suit C | Attack 6 | Health 21
2025-01-04 23:22:10,000 - Tavern: [TH, 7S, TS, 8S, 5D, 8C, JH, 2H, JC, 2C, AH]
2025-01-04 23:22:10,000 - Castle: [KH, KC, KS, KD, QD, QS, QH]
2025-01-04 23:22:10,000 - Discard: [TC, 3C, 9C, 8H, 7C, 4S, 5C, 7D, 3H, 4C, 3S, 4H, AC, 2D, 2S, TD, AD, 9H, JS, 7H, 5S, 6S]
2025-01-04 23:22:10,000 - Active Player: 2
2025-01-04 23:22:10,000 - STATE LOG: END
2025-01-04 23:22:20,001 - STATE LOG: BEGIN
2025-01-04 23:22:20,001 - Noah's Hand: [4D, 5H, 6D, 8D, 9D]
2025-01-04 23:22:20,001 - Eve's Hand: [3D, 6C, JD]
2025-01-04 23:22:20,001 - Boss: Rank: 12 | Suit C | Attack 0 | Health 14
2025-01-04 23:22:20,001 - Tavern: [4H, JS, TC, 7C, 2S, 4S, 6S, TH, 7S, TS, 8S, 5D, 8C, JH, 2H, JC, 2C, AH]
2025-01-04 23:22:20,002 - Castle: [KH, KC, KS, KD, QD, QS, QH]
2025-01-04 23:22:20,002 - Discard: [2D, TD, 3C, 9H, 8H, AC, AD, 3S, 3H, 9C, 5C, 7D, 5S, 4C, 7H]
2025-01-04 23:22:20,002 - Active Player: 1
2025-01-04 23:22:20,002 - STATE LOG: END
2025-01-04 23:22:30,004 - STATE LOG: BEGIN
2025-01-04 23:22:30,005 - Noah's Hand: [5H, 6D, 8D, 9D, AH, JC]
2025-01-04 23:22:30,005 - Eve's Hand: [3D, 6C, JD, 2C, 2H]
2025-01-04 23:22:30,005 - Boss: Rank: 12 | Suit C | Attack 0 | Health 10
2025-01-04 23:22:30,005 - Tavern: [4H, JS, TC, 7C, 2S, 4S, 6S, TH, 7S, TS, 8S, 5D, 8C, JH]
2025-01-04 23:22:30,005 - Castle: [KH, KC, KS, KD, QD, QS, QH]
2025-01-04 23:22:30,005 - Discard: [2D, TD, 3C, 9H, 8H, AC, AD, 3S, 3H, 9C, 5C, 7D, 5S, 4C, 7H]
2025-01-04 23:22:30,005 - Active Player: 2
2025-01-04 23:22:30,005 - STATE LOG: END
2025-01-04 23:22:40,007 - STATE LOG: BEGIN
2025-01-04 23:22:40,007 - Noah's Hand: [5H, 6D, 8D, 9D, AH, JC]
2025-01-04 23:22:40,007 - Eve's Hand: [2H, 3D, 6C, JD]
2025-01-04 23:22:40,007 - Boss: Rank: 12 | Suit C | Attack 0 | Health 8
2025-01-04 23:22:40,007 - Tavern: [4H, JS, TC, 7C, 2S, 4S, 6S, TH, 7S, TS, 8S, 5D, 8C, JH]
2025-01-04 23:22:40,007 - Castle: [KH, KC, KS, KD, QD, QS, QH]
2025-01-04 23:22:40,007 - Discard: [2D, TD, 3C, 9H, 8H, AC, AD, 3S, 3H, 9C, 5C, 7D, 5S, 4C, 7H]
2025-01-04 23:22:40,007 - Active Player: 1
2025-01-04 23:22:40,007 - STATE LOG: END
2025-01-04 23:22:50,009 - STATE LOG: BEGIN
2025-01-04 23:22:50,009 - Noah's Hand: [5H, 8D, 9D, JC, JH, 5D, TS]
2025-01-04 23:22:50,009 - Eve's Hand: [2H, 3D, 6C, JD, 8C, 8S, 7S]
2025-01-04 23:22:50,009 - Boss: Rank: 12 | Suit C | Attack 0 | Health 1
2025-01-04 23:22:50,009 - Tavern: [9C, 9H, 3S, 7D, 3C, 5S, AC, 4H, JS, TC, 7C, 2S, 4S, 6S, TH]
2025-01-04 23:22:50,009 - Castle: [KH, KC, KS, KD, QD, QS, QH]
2025-01-04 23:22:50,009 - Discard: [5C, 8H, TD, 2D, 7H, 4C, 3H, AD]
2025-01-04 23:22:50,009 - Active Player: 2
2025-01-04 23:22:50,009 - STATE LOG: END
2025-01-04 23:23:00,016 - STATE LOG: BEGIN
2025-01-04 23:23:00,017 - Noah's Hand: [5H, 8D, 9D, JC, JH, 5D, TS]
2025-01-04 23:23:00,017 - Eve's Hand: [2H, 3D, 6C, 7S, 8C, 8S, JD]
2025-01-04 23:23:00,017 - Boss: Rank: 12 | Suit C | Attack 0 | Health 1
2025-01-04 23:23:00,017 - Tavern: [9C, 9H, 3S, 7D, 3C, 5S, AC, 4H, JS, TC, 7C, 2S, 4S, 6S, TH]
2025-01-04 23:23:00,017 - Castle: [KH, KC, KS, KD, QD, QS, QH]
2025-01-04 23:23:00,017 - Discard: [5C, 8H, TD, 2D, 7H, 4C, 3H, AD]
2025-01-04 23:23:00,017 - Active Player: 1
2025-01-04 23:23:00,017 - STATE LOG: END
2025-01-04 23:23:10,019 - STATE LOG: BEGIN
2025-01-04 23:23:10,020 - Noah's Hand: [5D, 8D, 9D, JC, JH, TS]
2025-01-04 23:23:10,020 - Eve's Hand: [2H, 3D, 6C, 7S, 8C, 8S, JD]
2025-01-04 23:23:10,020 - Boss: Rank: 12 | Suit H | Attack 15 | Health 30
2025-01-04 23:23:10,020 - Tavern: [4C, AD, 8H, 3H, 7H, 9C, 9H, 3S, 7D, 3C, 5S, AC, 4H, JS, TC, 7C, 2S, 4S, 6S, TH]
2025-01-04 23:23:10,020 - Castle: [KH, KC, KS, KD, QD, QS]
2025-01-04 23:23:10,020 - Discard: [2D, TD, 5C, 4D, AH, 6D, 5H, 9S, AS, 6H, 2C, QC]
2025-01-04 23:23:10,020 - Active Player: 1
2025-01-04 23:23:10,020 - STATE LOG: END
2025-01-04 23:23:20,079 - STATE LOG: BEGIN
2025-01-04 23:23:20,080 - Noah's Hand: [5D, 8D, 9D, JH]
2025-01-04 23:23:20,080 - Eve's Hand: [2H, 3D, 6C, 7S, 8C, 8S, JD]
2025-01-04 23:23:20,080 - Boss: Rank: 12 | Suit H | Attack 5 | Health 20
2025-01-04 23:23:20,080 - Tavern: [4C, AD, 8H, 3H, 7H, 9C, 9H, 3S, 7D, 3C, 5S, AC, 4H, JS, TC, 7C, 2S, 4S, 6S, TH]
2025-01-04 23:23:20,080 - Castle: [KH, KC, KS, KD, QD, QS]
2025-01-04 23:23:20,080 - Discard: [2D, TD, 5C, 4D, AH, 6D, 5H, 9S, AS, 6H, 2C, QC, JC]
2025-01-04 23:23:20,080 - Active Player: 2
2025-01-04 23:23:20,080 - STATE LOG: END
2025-01-04 23:23:30,082 - STATE LOG: BEGIN
2025-01-04 23:23:30,082 - Noah's Hand: [5D, 8D, 9D, JH]
2025-01-04 23:23:30,082 - Eve's Hand: [2H, 3D, 6C, 8C, 8S, JD]
2025-01-04 23:23:30,082 - Boss: Rank: 12 | Suit H | Attack 0 | Health 13
2025-01-04 23:23:30,082 - Tavern: [4C, AD, 8H, 3H, 7H, 9C, 9H, 3S, 7D, 3C, 5S, AC, 4H, JS, TC, 7C, 2S, 4S, 6S, TH]
2025-01-04 23:23:30,082 - Castle: [KH, KC, KS, KD, QD, QS]
2025-01-04 23:23:30,082 - Discard: [2D, TD, 5C, 4D, AH, 6D, 5H, 9S, AS, 6H, 2C, QC, JC]
2025-01-04 23:23:30,082 - Active Player: 1
2025-01-04 23:23:30,082 - STATE LOG: END
2025-01-04 23:23:40,179 - STATE LOG: BEGIN
2025-01-04 23:23:40,180 - Noah's Hand: [5D, 8D, 9D, JH]
2025-01-04 23:23:40,180 - Eve's Hand: [2H, 3D, 6C, 8C, 8S, JD]
2025-01-04 23:23:40,180 - Boss: Rank: 12 | Suit H | Attack 0 | Health 13
2025-01-04 23:23:40,180 - Tavern: [4C, AD, 8H, 3H, 7H, 9C, 9H, 3S, 7D, 3C, 5S, AC, 4H, JS, TC, 7C, 2S, 4S, 6S, TH]
2025-01-04 23:23:40,180 - Castle: [KH, KC, KS, KD, QD, QS]
2025-01-04 23:23:40,180 - Discard: [2D, TD, 5C, 4D, AH, 6D, 5H, 9S, AS, 6H, 2C, QC, JC]
2025-01-04 23:23:40,180 - Active Player: 2
2025-01-04 23:23:40,180 - STATE LOG: END
2025-01-04 23:23:49,963 - STATE LOG: BEGIN
2025-01-04 23:23:49,964 - Noah's Hand: [5D, 8D, 9D, JH]
2025-01-04 23:23:49,964 - Eve's Hand: [3D, 6C, 8C, 8S, JD]
2025-01-04 23:23:49,964 - Boss: Rank: 12 | Suit H | Attack 0 | Health 11
2025-01-04 23:23:49,964 - Tavern: [4C, AD, 8H, 3H, 7H, 9C, 9H, 3S, 7D, 3C, 5S, AC, 4H, JS, TC, 7C, 2S, 4S, 6S, TH]
2025-01-04 23:23:49,964 - Castle: [KH, KC, KS, KD, QD, QS]
2025-01-04 23:23:49,964 - Discard: [2D, TD, 5C, 4D, AH, 6D, 5H, 9S, AS, 6H, 2C, QC, JC]
2025-01-04 23:23:49,964 - Active Player: 1
2025-01-04 23:23:49,964 - STATE LOG: END
2025-01-04 23:23:59,967 - STATE LOG: BEGIN
2025-01-04 23:23:59,967 - Noah's Hand: [5D, 8D, 9D, JH]
2025-01-04 23:23:59,967 - Eve's Hand: [3D, 6C, 8C, 8S, JD]
2025-01-04 23:23:59,967 - Boss: Rank: 12 | Suit H | Attack 0 | Health 11
2025-01-04 23:23:59,967 - Tavern: [4C, AD, 8H, 3H, 7H, 9C, 9H, 3S, 7D, 3C, 5S, AC, 4H, JS, TC, 7C, 2S, 4S, 6S, TH]
2025-01-04 23:23:59,967 - Castle: [KH, KC, KS, KD, QD, QS]
2025-01-04 23:23:59,967 - Discard: [2D, TD, 5C, 4D, AH, 6D, 5H, 9S, AS, 6H, 2C, QC, JC]
2025-01-04 23:23:59,967 - Active Player: 2
2025-01-04 23:23:59,967 - STATE LOG: END
2025-01-04 23:24:05,934 - STATE LOG: BEGIN
2025-01-04 23:24:05,934 - Noah's Hand: [5D, 8D, 9D, JH, 6S]
2025-01-04 23:24:05,934 - Eve's Hand: [6C, 8C, 8S, JD, TH, 4S]
2025-01-04 23:24:05,934 - Boss: Rank: 12 | Suit H | Attack 0 | Health 8
2025-01-04 23:24:05,934 - Tavern: [4C, AD, 8H, 3H, 7H, 9C, 9H, 3S, 7D, 3C, 5S, AC, 4H, JS, TC, 7C, 2S]
2025-01-04 23:24:05,934 - Castle: [KH, KC, KS, KD, QD, QS]
2025-01-04 23:24:05,934 - Discard: [2D, TD, 5C, 4D, AH, 6D, 5H, 9S, AS, 6H, 2C, QC, JC]
2025-01-04 23:24:05,934 - Active Player: 1
2025-01-04 23:24:05,934 - STATE LOG: END
2025-01-04 23:24:15,936 - STATE LOG: BEGIN
2025-01-04 23:24:15,937 - Noah's Hand: [5D, 8D, 9D, JH]
2025-01-04 23:24:15,937 - Eve's Hand: [6C, 8C, 8S, JD, TH, 4S]
2025-01-04 23:24:15,937 - Boss: Rank: 12 | Suit H | Attack 0 | Health 2
2025-01-04 23:24:15,937 - Tavern: [4C, AD, 8H, 3H, 7H, 9C, 9H, 3S, 7D, 3C, 5S, AC, 4H, JS, TC, 7C, 2S]
2025-01-04 23:24:15,937 - Castle: [KH, KC, KS, KD, QD, QS]
2025-01-04 23:24:15,937 - Discard: [2D, TD, 5C, 4D, AH, 6D, 5H, 9S, AS, 6H, 2C, QC, JC]
2025-01-04 23:24:15,937 - Active Player: 2
2025-01-04 23:24:15,937 - STATE LOG: END
2025-01-04 23:24:23,446 - STATE LOG: BEGIN
2025-01-04 23:24:23,447 - Noah's Hand: [5D, 8D, 9D, JH]
2025-01-04 23:24:23,447 - Eve's Hand: [4S, 6C, 8C, 8S, TH, JD]
2025-01-04 23:24:23,447 - Boss: Rank: 12 | Suit H | Attack 0 | Health 2
2025-01-04 23:24:23,447 - Tavern: [4C, AD, 8H, 3H, 7H, 9C, 9H, 3S, 7D, 3C, 5S, AC, 4H, JS, TC, 7C, 2S]
2025-01-04 23:24:23,447 - Castle: [KH, KC, KS, KD, QD, QS]
2025-01-04 23:24:23,447 - Discard: [2D, TD, 5C, 4D, AH, 6D, 5H, 9S, AS, 6H, 2C, QC, JC]
2025-01-04 23:24:23,447 - Active Player: 1
2025-01-04 23:24:23,447 - STATE LOG: END
2025-01-04 23:24:31,627 - STATE LOG: BEGIN
2025-01-04 23:24:31,628 - Noah's Hand: [5D, 8D, 9D]
2025-01-04 23:24:31,628 - Eve's Hand: [4S, 6C, 8C, 8S, TH, JD]
2025-01-04 23:24:31,628 - Boss: Rank: 12 | Suit S | Attack 15 | Health 30
2025-01-04 23:24:31,628 - Tavern: [4C, AD, 8H, 3H, 7H, 9C, 9H, 3S, 7D, 3C, 5S, AC, 4H, JS, TC, 7C, 2S]
2025-01-04 23:24:31,628 - Castle: [KH, KC, KS, KD, QD]
2025-01-04 23:24:31,628 - Discard: [2D, TD, 5C, 4D, AH, 6D, 5H, 9S, AS, 6H, 2C, QC, JC, TS, 6S, JH, 7S, 2H, 3D, QH]
2025-01-04 23:24:31,628 - Active Player: 1
2025-01-04 23:24:31,628 - STATE LOG: END
2025-01-04 23:24:34,162 - STATE LOG: BEGIN
2025-01-04 23:24:34,162 - Noah's Hand: [5D, 9D, TC]
2025-01-04 23:24:34,162 - Eve's Hand: [4S, 6C, 8C, 8S, TH, JD, 7C]
2025-01-04 23:24:34,162 - Boss: Rank: 12 | Suit S | Attack 15 | Health 22
2025-01-04 23:24:34,162 - Tavern: [4C, AD, 8H, 3H, 7H, 9C, 9H, 3S, 7D, 3C, 5S]
2025-01-04 23:24:34,162 - Castle: [KH, KC, KS, KD, QD]
2025-01-04 23:24:34,162 - Discard: [2D, TD, 5C, 4D, AH, 6D, 5H, 9S, AS, 6H, 2C, QC, JC, TS, 6S, JH, 7S, 2H, 3D, QH, AC, 2S, 4H, JS]
2025-01-04 23:24:34,162 - Active Player: 2
2025-01-04 23:24:34,162 - STATE LOG: END
2025-01-04 23:24:37,060 - STATE LOG: BEGIN
2025-01-04 23:24:37,060 - Noah's Hand: [5D, 9D, TC]
2025-01-04 23:24:37,060 - Eve's Hand: [8C, TH, JD]
2025-01-04 23:24:37,060 - Boss: Rank: 12 | Suit S | Attack 15 | Health 8
2025-01-04 23:24:37,060 - Tavern: [4C, AD, 8H, 3H, 7H, 9C, 9H, 3S, 7D, 3C, 5S]
2025-01-04 23:24:37,060 - Castle: [KH, KC, KS, KD, QD]
2025-01-04 23:24:37,060 - Discard: [2D, TD, 5C, 4D, AH, 6D, 5H, 9S, AS, 6H, 2C, QC, JC, TS, 6S, JH, 7S, 2H, 3D, QH, AC, 2S, 4H, JS, 6C, 4S, 8S]
2025-01-04 23:24:37,060 - Active Player: 1
2025-01-04 23:24:37,060 - STATE LOG: END
2025-01-04 23:24:38,482 - STATE LOG: BEGIN
2025-01-04 23:24:38,483 - Noah's Hand: [9D]
2025-01-04 23:24:38,483 - Eve's Hand: [8C, TH, JD]
2025-01-04 23:24:38,483 - Boss: Rank: 12 | Suit S | Attack 15 | Health 8
2025-01-04 23:24:38,483 - Tavern: [4C, AD, 8H, 3H, 7H, 9C, 9H, 3S, 7D, 3C, 5S]
2025-01-04 23:24:38,483 - Castle: [KH, KC, KS, KD, QD]
2025-01-04 23:24:38,483 - Discard: [2D, TD, 5C, 4D, AH, 6D, 5H, 9S, AS, 6H, 2C, QC, JC, TS, 6S, JH, 7S, 2H, 3D, QH, AC, 2S, 4H, JS, 6C, 4S, 8S, TC, 5D]
2025-01-04 23:24:38,483 - Active Player: 2
2025-01-04 23:24:38,483 - STATE LOG: END
2025-01-04 23:24:39,246 - STATE LOG: BEGIN
2025-01-04 23:24:39,247 - Noah's Hand: [9D, 3C, 3S, 9C, 3H, AD, 4C]
2025-01-04 23:24:39,247 - Eve's Hand: [8C, TH, 5S, 7D, 9H, 7H, 8H]
2025-01-04 23:24:39,247 - Boss: Rank: 12 | Suit D | Attack 15 | Health 30
2025-01-04 23:24:39,247 - Tavern: []
2025-01-04 23:24:39,247 - Castle: [KH, KC, KS, KD]
2025-01-04 23:24:39,247 - Discard: [2D, TD, 5C, 4D, AH, 6D, 5H, 9S, AS, 6H, 2C, QC, JC, TS, 6S, JH, 7S, 2H, 3D, QH, AC, 2S, 4H, JS, 6C, 4S, 8S, TC, 5D, 8D, 7C, JD, QS]
2025-01-04 23:24:39,247 - Active Player: 2
2025-01-04 23:24:39,247 - STATE LOG: END
2025-01-04 23:24:42,944 - STATE LOG: BEGIN
2025-01-04 23:24:42,944 - Noah's Hand: [9D, 3C, 3S, 9C, 3H, AD, 4C]
2025-01-04 23:24:42,944 - Eve's Hand: [7D, 8H, 9H, TH]
2025-01-04 23:24:42,944 - Boss: Rank: 12 | Suit D | Attack 10 | Health 25
2025-01-04 23:24:42,944 - Tavern: []
2025-01-04 23:24:42,944 - Castle: [KH, KC, KS, KD]
2025-01-04 23:24:42,944 - Discard: [2D, TD, 5C, 4D, AH, 6D, 5H, 9S, AS, 6H, 2C, QC, JC, TS, 6S, JH, 7S, 2H, 3D, QH, AC, 2S, 4H, JS, 6C, 4S, 8S, TC, 5D, 8D, 7C, JD, QS, 7H, 8C]
2025-01-04 23:24:42,944 - Active Player: 1
2025-01-04 23:24:42,944 - STATE LOG: END
2025-01-04 23:24:44,599 - STATE LOG: BEGIN
2025-01-04 23:24:44,599 - Noah's Hand: [AD, 3C, 9C, 9D]
2025-01-04 23:24:44,599 - Eve's Hand: [7D, 8H, 9H, TH]
2025-01-04 23:24:44,599 - Boss: Rank: 12 | Suit D | Attack 4 | Health 19
2025-01-04 23:24:44,599 - Tavern: [2D, JS, AC, 4S, 4H, 6S]
2025-01-04 23:24:44,599 - Castle: [KH, KC, KS, KD]
2025-01-04 23:24:44,599 - Discard: [2H, JH, 7C, 8C, QC, JC, 5D, 5C, TD, 2S, 7H, QH, 9S, 2C, TC, 6C, 8D, 6H, 8S, JD, TS, 3D, AH, QS, AS, 6D, 7S, 4D, 5H, 4C]
2025-01-04 23:24:44,599 - Active Player: 2
2025-01-04 23:24:44,599 - STATE LOG: END
2025-01-04 23:24:45,225 - STATE LOG: BEGIN
2025-01-04 23:24:45,225 - Noah's Hand: [AD, 3C, 9C, 9D]
2025-01-04 23:24:45,225 - Eve's Hand: [7D, 9H, TH]
2025-01-04 23:24:45,225 - Boss: Rank: 12 | Suit D | Attack 4 | Health 19
2025-01-04 23:24:45,225 - Tavern: [2D, JS, AC, 4S, 4H, 6S]
2025-01-04 23:24:45,225 - Castle: [KH, KC, KS, KD]
2025-01-04 23:24:45,225 - Discard: [2H, JH, 7C, 8C, QC, JC, 5D, 5C, TD, 2S, 7H, QH, 9S, 2C, TC, 6C, 8D, 6H, 8S, JD, TS, 3D, AH, QS, AS, 6D, 7S, 4D, 5H, 4C, 8H]
2025-01-04 23:24:45,225 - Active Player: 1
2025-01-04 23:24:45,225 - STATE LOG: END
2025-01-04 23:24:45,418 - STATE LOG: BEGIN
2025-01-04 23:24:45,418 - Noah's Hand: [9D]
2025-01-04 23:24:45,418 - Eve's Hand: [7D, 9H, TH]
2025-01-04 23:24:45,418 - Boss: Rank: 12 | Suit D | Attack 4 | Health 11
2025-01-04 23:24:45,418 - Tavern: [2D, JS, AC, 4S, 4H, 6S]
2025-01-04 23:24:45,418 - Castle: [KH, KC, KS, KD]
2025-01-04 23:24:45,418 - Discard: [2H, JH, 7C, 8C, QC, JC, 5D, 5C, TD, 2S, 7H, QH, 9S, 2C, TC, 6C, 8D, 6H, 8S, JD, TS, 3D, AH, QS, AS, 6D, 7S, 4D, 5H, 4C, 8H, 9C]
2025-01-04 23:24:45,418 - Active Player: 2
2025-01-04 23:24:45,418 - STATE LOG: END
2025-01-04 23:24:45,439 - STATE LOG: BEGIN
2025-01-04 23:24:45,439 - Noah's Hand: [9D]
2025-01-04 23:24:45,439 - Eve's Hand: [9H]
2025-01-04 23:24:45,439 - Boss: Rank: 12 | Suit D | Attack 4 | Health 4
2025-01-04 23:24:45,440 - Tavern: [2D, JS, AC, 4S, 4H, 6S]
2025-01-04 23:24:45,440 - Castle: [KH, KC, KS, KD]
2025-01-04 23:24:45,440 - Discard: [2H, JH, 7C, 8C, QC, JC, 5D, 5C, TD, 2S, 7H, QH, 9S, 2C, TC, 6C, 8D, 6H, 8S, JD, TS, 3D, AH, QS, AS, 6D, 7S, 4D, 5H, 4C, 8H, 9C, TH]
2025-01-04 23:24:45,440 - Active Player: 1
2025-01-04 23:24:45,440 - STATE LOG: END
2025-01-04 23:24:45,445 - STATE LOG: BEGIN
2025-01-04 23:24:45,445 - Noah's Hand: []
2025-01-04 23:24:45,445 - Eve's Hand: [9H]
2025-01-04 23:24:45,445 - Boss: Rank: 13 | Suit D | Attack 20 | Health 40
2025-01-04 23:24:45,445 - Tavern: [2D, JS, AC, 4S, 4H, 6S]
2025-01-04 23:24:45,445 - Castle: [KH, KC, KS]
2025-01-04 23:24:45,445 - Discard: [2H, JH, 7C, 8C, QC, JC, 5D, 5C, TD, 2S, 7H, QH, 9S, 2C, TC, 6C, 8D, 6H, 8S, JD, TS, 3D, AH, QS, AS, 6D, 7S, 4D, 5H, 4C, 8H, 9C, TH, 3H, 3S, AD, 3C, 9D, 5S, 7D, QD]
2025-01-04 23:24:45,446 - Active Player: 1
2025-01-04 23:24:45,446 - STATE LOG: END
2025-01-04 23:24:45,448 - STATE LOG: BEGIN
2025-01-04 23:24:45,448 - Noah's Hand: []
2025-01-04 23:24:45,448 - Eve's Hand: [9H]
2025-01-04 23:24:45,448 - Boss: Rank: 13 | Suit D | Attack 20 | Health 40
2025-01-04 23:24:45,448 - Tavern: [2D, JS, AC, 4S, 4H, 6S]
2025-01-04 23:24:45,448 - Castle: [KH, KC, KS]
2025-01-04 23:24:45,448 - Discard: [2H, JH, 7C, 8C, QC, JC, 5D, 5C, TD, 2S, 7H, QH, 9S, 2C, TC, 6C, 8D, 6H, 8S, JD, TS, 3D, AH, QS, AS, 6D, 7S, 4D, 5H, 4C, 8H, 9C, TH, 3H, 3S, AD, 3C, 9D, 5S, 7D, QD]
2025-01-04 23:24:45,448 - Active Player: 2
2025-01-04 23:24:45,448 - STATE LOG: END
