2025-01-04 18:55:43,762 - I log states! :D
2025-01-04 18:55:43,762 - STATE LOG: BEGIN
2025-01-04 18:55:43,762 - Noah's Hand: [3H, 2S, 8S, 9S, 9H, 6H, 8H]
2025-01-04 18:55:43,762 - Eve's Hand: [3S, 3C, 7C, 3D, TS, 9D, 2C]
2025-01-04 18:55:43,763 - Boss: Rank: 11 | Suit S | Attack 10 | Health 20
2025-01-04 18:55:43,763 - Tavern: [6S, 5C, 9C, 7S, TD, 4S, 5H, 7H, 4C, 5S, AH, 2D, 2H, 7D, 4D, AC, 8C, AS, AD, 4H, TH, 6D, 8D, 6C, TC, 5D]
2025-01-04 18:55:43,763 - Castle: [KD, KH, KS, KC, QS, QD, QH, QC, JH, JD, JC]
2025-01-04 18:55:43,763 - Discard: []
2025-01-04 18:55:43,763 - Active Player: 1
2025-01-04 18:55:43,763 - STATE LOG: END
2025-01-04 18:55:51,766 - STATE LOG: BEGIN
2025-01-04 18:55:51,768 - Noah's Hand: [2S, 3H, 6H, 8H, 8S]
2025-01-04 18:55:51,768 - Eve's Hand: [3S, 3C, 7C, 3D, TS, 9D, 2C]
2025-01-04 18:55:51,768 - Boss: Rank: 11 | Suit S | Attack 10 | Health 20
2025-01-04 18:55:51,768 - Tavern: [6S, 5C, 9C, 7S, TD, 4S, 5H, 7H, 4C, 5S, AH, 2D, 2H, 7D, 4D, AC, 8C, AS, AD, 4H, TH, 6D, 8D, 6C, TC, 5D]
2025-01-04 18:55:51,768 - Castle: [KD, KH, KS, KC, QS, QD, QH, QC, JH, JD, JC]
2025-01-04 18:55:51,768 - Discard: [9S, 9H]
2025-01-04 18:55:51,768 - Active Player: 2
2025-01-04 18:55:51,768 - STATE LOG: END
2025-01-04 18:56:01,480 - STATE LOG: BEGIN
2025-01-04 18:56:01,480 - Noah's Hand: [2S, 3H, 6H, 8H, 8S, TC, 8D]
2025-01-04 18:56:01,480 - Eve's Hand: [2C, 7C, 9D, TS, 5D]
2025-01-04 18:56:01,480 - Boss: Rank: 11 | Suit S | Attack 10 | Health 2
2025-01-04 18:56:01,480 - Tavern: [6S, 5C, 9C, 7S, TD, 4S, 5H, 7H, 4C, 5S, AH, 2D, 2H, 7D, 4D, AC, 8C, AS, AD, 4H, TH]
2025-01-04 18:56:01,480 - Castle: [KD, KH, KS, KC, QS, QD, QH, QC, JH, JD, JC]
2025-01-04 18:56:01,480 - Discard: [9S, 9H, 6D, 6C]
2025-01-04 18:56:01,480 - Active Player: 1
2025-01-04 18:56:01,480 - STATE LOG: END
2025-01-04 18:56:11,482 - STATE LOG: BEGIN
2025-01-04 18:56:11,482 - Noah's Hand: [2S, 3H, 6H, 8H, 8S, TC, TH]
2025-01-04 18:56:11,482 - Eve's Hand: [2C, 7C, 9D, TS, 5D, 4H, AD]
2025-01-04 18:56:11,482 - Boss: Rank: 11 | Suit C | Attack 10 | Health 20
2025-01-04 18:56:11,483 - Tavern: [6S, 5C, 9C, 7S, TD, 4S, 5H, 7H, 4C, 5S, AH, 2D, 2H, 7D, 4D, AC, 8C, AS]
2025-01-04 18:56:11,483 - Castle: [KD, KH, KS, KC, QS, QD, QH, QC, JH, JD]
2025-01-04 18:56:11,483 - Discard: [9S, 9H, 6D, 6C, 8D, 3C, 3D, 3S, JS]
2025-01-04 18:56:11,483 - Active Player: 1
2025-01-04 18:56:11,483 - STATE LOG: END
2025-01-04 18:56:21,483 - STATE LOG: BEGIN
2025-01-04 18:56:21,483 - Noah's Hand: [3H, 6H, 8H, 8S, TC]
2025-01-04 18:56:21,483 - Eve's Hand: [2C, 7C, 9D, TS, 5D, 4H, AD]
2025-01-04 18:56:21,483 - Boss: Rank: 11 | Suit C | Attack 8 | Health 18
2025-01-04 18:56:21,483 - Tavern: [6S, 5C, 9C, 7S, TD, 4S, 5H, 7H, 4C, 5S, AH, 2D, 2H, 7D, 4D, AC, 8C, AS]
2025-01-04 18:56:21,483 - Castle: [KD, KH, KS, KC, QS, QD, QH, QC, JH, JD]
2025-01-04 18:56:21,483 - Discard: [9S, 9H, 6D, 6C, 8D, 3C, 3D, 3S, JS, TH]
2025-01-04 18:56:21,483 - Active Player: 2
2025-01-04 18:56:21,483 - STATE LOG: END
2025-01-04 18:56:31,485 - STATE LOG: BEGIN
2025-01-04 18:56:31,485 - Noah's Hand: [3H, 6H, 8H, 8S, TC, 8C, 4D]
2025-01-04 18:56:31,485 - Eve's Hand: [2C, 4H, 5D, 7C, 9D, AS, AC]
2025-01-04 18:56:31,485 - Boss: Rank: 11 | Suit C | Attack 0 | Health 7
2025-01-04 18:56:31,485 - Tavern: [6S, 5C, 9C, 7S, TD, 4S, 5H, 7H, 4C, 5S, AH, 2D, 2H, 7D]
2025-01-04 18:56:31,486 - Castle: [KD, KH, KS, KC, QS, QD, QH, QC, JH, JD]
2025-01-04 18:56:31,486 - Discard: [9S, 9H, 6D, 6C, 8D, 3C, 3D, 3S, JS, TH]
2025-01-04 18:56:31,486 - Active Player: 1
2025-01-04 18:56:31,486 - STATE LOG: END
2025-01-04 18:56:41,593 - STATE LOG: BEGIN
2025-01-04 18:56:41,593 - Noah's Hand: [3H, 4D, 6H, 8C, 8H, 8S, TC]
2025-01-04 18:56:41,594 - Eve's Hand: [2C, 4H, 5D, 7C, 9D, AS, AC]
2025-01-04 18:56:41,594 - Boss: Rank: 11 | Suit C | Attack 0 | Health 7
2025-01-04 18:56:41,594 - Tavern: [6S, 5C, 9C, 7S, TD, 4S, 5H, 7H, 4C, 5S, AH, 2D, 2H, 7D]
2025-01-04 18:56:41,594 - Castle: [KD, KH, KS, KC, QS, QD, QH, QC, JH, JD]
2025-01-04 18:56:41,594 - Discard: [9S, 9H, 6D, 6C, 8D, 3C, 3D, 3S, JS, TH]
2025-01-04 18:56:41,594 - Active Player: 2
2025-01-04 18:56:41,594 - STATE LOG: END
2025-01-04 18:56:51,596 - STATE LOG: BEGIN
2025-01-04 18:56:51,597 - Noah's Hand: [3H, 4D, 6H, 8C, 8H, 8S, TC]
2025-01-04 18:56:51,597 - Eve's Hand: [AC, AS, 4H, 5D, 7C, 9D]
2025-01-04 18:56:51,597 - Boss: Rank: 11 | Suit C | Attack 0 | Health 5
2025-01-04 18:56:51,597 - Tavern: [6S, 5C, 9C, 7S, TD, 4S, 5H, 7H, 4C, 5S, AH, 2D, 2H, 7D]
2025-01-04 18:56:51,597 - Castle: [KD, KH, KS, KC, QS, QD, QH, QC, JH, JD]
2025-01-04 18:56:51,597 - Discard: [9S, 9H, 6D, 6C, 8D, 3C, 3D, 3S, JS, TH]
2025-01-04 18:56:51,597 - Active Player: 1
2025-01-04 18:56:51,597 - STATE LOG: END
2025-01-04 18:57:01,598 - STATE LOG: BEGIN
2025-01-04 18:57:01,598 - Noah's Hand: [3H, 4D, 6H, 8C, 8H, 8S, TC]
2025-01-04 18:57:01,598 - Eve's Hand: [AC, AS, 4H, 5D, 7C, 9D]
2025-01-04 18:57:01,598 - Boss: Rank: 11 | Suit C | Attack 0 | Health 5
2025-01-04 18:57:01,598 - Tavern: [6S, 5C, 9C, 7S, TD, 4S, 5H, 7H, 4C, 5S, AH, 2D, 2H, 7D]
2025-01-04 18:57:01,598 - Castle: [KD, KH, KS, KC, QS, QD, QH, QC, JH, JD]
2025-01-04 18:57:01,598 - Discard: [9S, 9H, 6D, 6C, 8D, 3C, 3D, 3S, JS, TH]
2025-01-04 18:57:01,598 - Active Player: 2
2025-01-04 18:57:01,598 - STATE LOG: END
2025-01-04 18:57:10,517 - STATE LOG: BEGIN
2025-01-04 18:57:10,518 - Noah's Hand: [3H, 4D, 6H, 8C, 8H, 8S, TC]
2025-01-04 18:57:10,518 - Eve's Hand: [AC, AS, 5D, 7C, 9D]
2025-01-04 18:57:10,518 - Boss: Rank: 11 | Suit C | Attack 0 | Health 1
2025-01-04 18:57:10,518 - Tavern: [9S, TH, 8D, 6D, 6S, 5C, 9C, 7S, TD, 4S, 5H, 7H, 4C, 5S, AH, 2D, 2H, 7D]
2025-01-04 18:57:10,518 - Castle: [KD, KH, KS, KC, QS, QD, QH, QC, JH, JD]
2025-01-04 18:57:10,518 - Discard: [3D, 9H, 6C, 3S, 3C, JS]
2025-01-04 18:57:10,518 - Active Player: 1
2025-01-04 18:57:10,518 - STATE LOG: END
2025-01-04 18:57:18,891 - STATE LOG: BEGIN
2025-01-04 18:57:18,892 - Noah's Hand: [3H, 4D, 8C, 8H, 8S, TC]
2025-01-04 18:57:18,892 - Eve's Hand: [AC, AS, 5D, 7C, 9D]
2025-01-04 18:57:18,892 - Boss: Rank: 11 | Suit D | Attack 10 | Health 20
2025-01-04 18:57:18,892 - Tavern: [3C, 3S, 6C, JS, 3D, 9H, 9S, TH, 8D, 6D, 6S, 5C, 9C, 7S, TD, 4S, 5H, 7H, 4C, 5S, AH, 2D, 2H, 7D]
2025-01-04 18:57:18,892 - Castle: [KD, KH, KS, KC, QS, QD, QH, QC, JH]
2025-01-04 18:57:18,892 - Discard: [2S, 6H, AD, TS, 2C, 4H, JC]
2025-01-04 18:57:18,892 - Active Player: 1
2025-01-04 18:57:18,892 - STATE LOG: END
2025-01-04 18:57:25,630 - STATE LOG: BEGIN
2025-01-04 18:57:25,630 - Noah's Hand: [3H, 4D, 8C, 8H, 8S]
2025-01-04 18:57:25,630 - Eve's Hand: [AC, AS, 5D, 7C, 9D]
2025-01-04 18:57:25,630 - Boss: Rank: 11 | Suit H | Attack 10 | Health 20
2025-01-04 18:57:25,630 - Tavern: [3C, 3S, 6C, JS, 3D, 9H, 9S, TH, 8D, 6D, 6S, 5C, 9C, 7S, TD, 4S, 5H, 7H, 4C, 5S, AH, 2D, 2H, 7D]
2025-01-04 18:57:25,630 - Castle: [KD, KH, KS, KC, QS, QD, QH, QC]
2025-01-04 18:57:25,630 - Discard: [2S, 6H, AD, TS, 2C, 4H, JC, TC]
2025-01-04 18:57:25,630 - Active Player: 1
2025-01-04 18:57:25,630 - STATE LOG: END
2025-01-04 18:57:35,139 - STATE LOG: BEGIN
2025-01-04 18:57:35,139 - Noah's Hand: [3H, 4D, 8C]
2025-01-04 18:57:35,139 - Eve's Hand: [AC, AS, 5D, 7C, 9D]
2025-01-04 18:57:35,139 - Boss: Rank: 11 | Suit H | Attack 2 | Health 12
2025-01-04 18:57:35,139 - Tavern: [3C, 3S, 6C, JS, 3D, 9H, 9S, TH, 8D, 6D, 6S, 5C, 9C, 7S, TD, 4S, 5H, 7H, 4C, 5S, AH, 2D, 2H, 7D]
2025-01-04 18:57:35,139 - Castle: [KD, KH, KS, KC, QS, QD, QH, QC]
2025-01-04 18:57:35,139 - Discard: [2S, 6H, AD, TS, 2C, 4H, JC, TC, 8H]
2025-01-04 18:57:35,139 - Active Player: 2
2025-01-04 18:57:35,139 - STATE LOG: END
2025-01-04 18:57:41,500 - STATE LOG: BEGIN
2025-01-04 18:57:41,500 - Noah's Hand: [3H, 4D, 8C]
2025-01-04 18:57:41,500 - Eve's Hand: [AS, 5D, 9D]
2025-01-04 18:57:41,500 - Boss: Rank: 12 | Suit C | Attack 15 | Health 30
2025-01-04 18:57:41,500 - Tavern: [3C, 3S, 6C, JS, 3D, 9H, 9S, TH, 8D, 6D, 6S, 5C, 9C, 7S, TD, 4S, 5H, 7H, 4C, 5S, AH, 2D, 2H, 7D]
2025-01-04 18:57:41,500 - Castle: [KD, KH, KS, KC, QS, QD, QH]
2025-01-04 18:57:41,500 - Discard: [2S, 6H, AD, TS, 2C, 4H, JC, TC, 8H, 8S, AC, 7C, JH]
2025-01-04 18:57:41,500 - Active Player: 2
2025-01-04 18:57:41,500 - STATE LOG: END
2025-01-04 18:57:43,320 - STATE LOG: BEGIN
2025-01-04 18:57:43,321 - Noah's Hand: [3H, 4D, 8C, 7D, 2D, 5S, 7H]
2025-01-04 18:57:43,321 - Eve's Hand: [5D, JD, 2H, AH, 4C]
2025-01-04 18:57:43,321 - Boss: Rank: 12 | Suit C | Attack 5 | Health 20
2025-01-04 18:57:43,321 - Tavern: [3C, 3S, 6C, JS, 3D, 9H, 9S, TH, 8D, 6D, 6S, 5C, 9C, 7S, TD]
2025-01-04 18:57:43,321 - Castle: [KD, KH, KS, KC, QS, QD, QH]
2025-01-04 18:57:43,321 - Discard: [2S, 6H, AD, TS, 2C, 4H, JC, TC, 8H, 8S, AC, 7C, JH, 4S, 5H]
2025-01-04 18:57:43,321 - Active Player: 1
2025-01-04 18:57:43,321 - STATE LOG: END
2025-01-04 18:57:53,321 - STATE LOG: BEGIN
2025-01-04 18:57:53,322 - Noah's Hand: [2D, 3H, 4D, 7D, 7H, 8C]
2025-01-04 18:57:53,322 - Eve's Hand: [5D, JD, 2H, AH, 4C]
2025-01-04 18:57:53,322 - Boss: Rank: 12 | Suit C | Attack 0 | Health 15
2025-01-04 18:57:53,322 - Tavern: [3C, 3S, 6C, JS, 3D, 9H, 9S, TH, 8D, 6D, 6S, 5C, 9C, 7S, TD]
2025-01-04 18:57:53,322 - Castle: [KD, KH, KS, KC, QS, QD, QH]
2025-01-04 18:57:53,322 - Discard: [2S, 6H, AD, TS, 2C, 4H, JC, TC, 8H, 8S, AC, 7C, JH, 4S, 5H]
2025-01-04 18:57:53,322 - Active Player: 2
2025-01-04 18:57:53,322 - STATE LOG: END
2025-01-04 18:58:03,324 - STATE LOG: BEGIN
2025-01-04 18:58:03,324 - Noah's Hand: [2D, 3H, 4D, 7D, 7H, 8C]
2025-01-04 18:58:03,324 - Eve's Hand: [4C, 5D, JD]
2025-01-04 18:58:03,324 - Boss: Rank: 12 | Suit C | Attack 0 | Health 12
2025-01-04 18:58:03,324 - Tavern: [JH, 5H, AC, 3C, 3S, 6C, JS, 3D, 9H, 9S, TH, 8D, 6D, 6S, 5C, 9C, 7S, TD]
2025-01-04 18:58:03,324 - Castle: [KD, KH, KS, KC, QS, QD, QH]
2025-01-04 18:58:03,324 - Discard: [JC, 4H, TS, 2C, 2S, 8S, 7C, AD, 4S, TC, 8H, 6H]
2025-01-04 18:58:03,324 - Active Player: 1
2025-01-04 18:58:03,324 - STATE LOG: END
2025-01-04 18:58:13,325 - STATE LOG: BEGIN
2025-01-04 18:58:13,325 - Noah's Hand: [2D, 3H, 4D, 7H, 8C, TD, 9C]
2025-01-04 18:58:13,325 - Eve's Hand: [4C, 5D, JD, 7S, 5C, 6S, 6D]
2025-01-04 18:58:13,325 - Boss: Rank: 12 | Suit C | Attack 0 | Health 5
2025-01-04 18:58:13,325 - Tavern: [JH, 5H, AC, 3C, 3S, 6C, JS, 3D, 9H, 9S, TH, 8D]
2025-01-04 18:58:13,325 - Castle: [KD, KH, KS, KC, QS, QD, QH]
2025-01-04 18:58:13,325 - Discard: [JC, 4H, TS, 2C, 2S, 8S, 7C, AD, 4S, TC, 8H, 6H]
2025-01-04 18:58:13,325 - Active Player: 2
2025-01-04 18:58:13,325 - STATE LOG: END
2025-01-04 18:58:23,327 - STATE LOG: BEGIN
2025-01-04 18:58:23,327 - Noah's Hand: [2D, 3H, 4D, 7H, 8C, TD, 9C]
2025-01-04 18:58:23,327 - Eve's Hand: [4C, 5C, 5D, 6D, 6S, 7S, JD]
2025-01-04 18:58:23,327 - Boss: Rank: 12 | Suit C | Attack 0 | Health 5
2025-01-04 18:58:23,327 - Tavern: [JH, 5H, AC, 3C, 3S, 6C, JS, 3D, 9H, 9S, TH, 8D]
2025-01-04 18:58:23,327 - Castle: [KD, KH, KS, KC, QS, QD, QH]
2025-01-04 18:58:23,327 - Discard: [JC, 4H, TS, 2C, 2S, 8S, 7C, AD, 4S, TC, 8H, 6H]
2025-01-04 18:58:23,327 - Active Player: 1
2025-01-04 18:58:23,327 - STATE LOG: END
2025-01-04 18:58:33,329 - STATE LOG: BEGIN
2025-01-04 18:58:33,329 - Noah's Hand: [3H, 4D, 7H, 8C, 9C, TD, 8D]
2025-01-04 18:58:33,329 - Eve's Hand: [4C, 5C, 5D, 6D, 6S, 7S, JD]
2025-01-04 18:58:33,329 - Boss: Rank: 12 | Suit C | Attack 0 | Health 3
2025-01-04 18:58:33,329 - Tavern: [JH, 5H, AC, 3C, 3S, 6C, JS, 3D, 9H, 9S, TH]
2025-01-04 18:58:33,329 - Castle: [KD, KH, KS, KC, QS, QD, QH]
2025-01-04 18:58:33,329 - Discard: [JC, 4H, TS, 2C, 2S, 8S, 7C, AD, 4S, TC, 8H, 6H]
2025-01-04 18:58:33,329 - Active Player: 2
2025-01-04 18:58:33,329 - STATE LOG: END
2025-01-04 18:58:43,330 - STATE LOG: BEGIN
2025-01-04 18:58:43,330 - Noah's Hand: [3H, 4D, 7H, 8C, 9C, TD, 8D]
2025-01-04 18:58:43,330 - Eve's Hand: [4C, 5C, 5D, 6D, 6S, 7S, JD]
2025-01-04 18:58:43,330 - Boss: Rank: 12 | Suit C | Attack 0 | Health 3
2025-01-04 18:58:43,330 - Tavern: [JH, 5H, AC, 3C, 3S, 6C, JS, 3D, 9H, 9S, TH]
2025-01-04 18:58:43,330 - Castle: [KD, KH, KS, KC, QS, QD, QH]
2025-01-04 18:58:43,330 - Discard: [JC, 4H, TS, 2C, 2S, 8S, 7C, AD, 4S, TC, 8H, 6H]
2025-01-04 18:58:43,330 - Active Player: 1
2025-01-04 18:58:43,330 - STATE LOG: END
2025-01-04 18:58:53,331 - STATE LOG: BEGIN
2025-01-04 18:58:53,331 - Noah's Hand: [4D, 7H, 8C, 8D, 9C, TD]
2025-01-04 18:58:53,331 - Eve's Hand: [4C, 5C, 5D, 6D, 6S, 7S, JD]
2025-01-04 18:58:53,331 - Boss: Rank: 12 | Suit H | Attack 15 | Health 30
2025-01-04 18:58:53,331 - Tavern: [8H, 8S, 7C, JH, 5H, AC, 3C, 3S, 6C, JS, 3D, 9H, 9S, TH]
2025-01-04 18:58:53,331 - Castle: [KD, KH, KS, KC, QS, QD]
2025-01-04 18:58:53,331 - Discard: [TS, TC, 4H, 2S, 2C, 4S, AD, 6H, JC, 5S, 7D, 2D, 3H, AS, 9D, AH, 2H]
2025-01-04 18:58:53,331 - Active Player: 1
2025-01-04 18:58:53,331 - STATE LOG: END
2025-01-04 18:59:03,333 - STATE LOG: BEGIN
2025-01-04 18:59:03,333 - Noah's Hand: [4D, 7H, 8C, 8D]
2025-01-04 18:59:03,333 - Eve's Hand: [4C, 5C, 5D, 6D, 6S, 7S, JD]
2025-01-04 18:59:03,333 - Boss: Rank: 12 | Suit H | Attack 15 | Health 30
2025-01-04 18:59:03,333 - Tavern: [8H, 8S, 7C, JH, 5H, AC, 3C, 3S, 6C, JS, 3D, 9H, 9S, TH]
2025-01-04 18:59:03,333 - Castle: [KD, KH, KS, KC, QS, QD]
2025-01-04 18:59:03,333 - Discard: [TS, TC, 4H, 2S, 2C, 4S, AD, 6H, JC, 5S, 7D, 2D, 3H, AS, 9D, AH, 2H, TD, 9C]
2025-01-04 18:59:03,333 - Active Player: 2
2025-01-04 18:59:03,333 - STATE LOG: END
2025-01-04 18:59:13,334 - STATE LOG: BEGIN
2025-01-04 18:59:13,334 - Noah's Hand: [4D, 7H, 8C, 8D]
2025-01-04 18:59:13,335 - Eve's Hand: [4C, 5C, 5D, 6D, 7S]
2025-01-04 18:59:13,335 - Boss: Rank: 12 | Suit H | Attack 9 | Health 24
2025-01-04 18:59:13,335 - Tavern: [8H, 8S, 7C, JH, 5H, AC, 3C, 3S, 6C, JS, 3D, 9H, 9S, TH]
2025-01-04 18:59:13,335 - Castle: [KD, KH, KS, KC, QS, QD]
2025-01-04 18:59:13,335 - Discard: [TS, TC, 4H, 2S, 2C, 4S, AD, 6H, JC, 5S, 7D, 2D, 3H, AS, 9D, AH, 2H, TD, 9C, JD]
2025-01-04 18:59:13,335 - Active Player: 1
2025-01-04 18:59:13,335 - STATE LOG: END
2025-01-04 18:59:18,823 - STATE LOG: BEGIN
2025-01-04 18:59:18,823 - Noah's Hand: [4D, 7H, 8C, QC, 9S, 3D]
2025-01-04 18:59:18,823 - Eve's Hand: [4C, 5C, 5D, 6D, 7S, TH, 9H]
2025-01-04 18:59:18,823 - Boss: Rank: 12 | Suit H | Attack 9 | Health 16
2025-01-04 18:59:18,823 - Tavern: [8H, 8S, 7C, JH, 5H, AC, 3C, 3S, 6C]
2025-01-04 18:59:18,823 - Castle: [KD, KH, KS, KC, QS, QD]
2025-01-04 18:59:18,823 - Discard: [TS, TC, 4H, 2S, 2C, 4S, AD, 6H, JC, 5S, 7D, 2D, 3H, AS, 9D, AH, 2H, TD, 9C, JD, JS]
2025-01-04 18:59:18,823 - Active Player: 2
2025-01-04 18:59:18,823 - STATE LOG: END
2025-01-04 18:59:28,896 - STATE LOG: BEGIN
2025-01-04 18:59:28,896 - Noah's Hand: [4D, 7H, 8C, QC, 9S, 3D, 3S]
2025-01-04 18:59:28,896 - Eve's Hand: [4C, 5C, 5D, 7S, 9H]
2025-01-04 18:59:28,896 - Boss: Rank: 12 | Suit H | Attack 9 | Health 10
2025-01-04 18:59:28,896 - Tavern: [8H, 8S, 7C, JH, 5H, AC, 3C]
2025-01-04 18:59:28,896 - Castle: [KD, KH, KS, KC, QS, QD]
2025-01-04 18:59:28,896 - Discard: [TS, TC, 4H, 2S, 2C, 4S, AD, 6H, JC, 5S, 7D, 2D, 3H, AS, 9D, AH, 2H, TD, 9C, JD, JS, 6C, TH]
2025-01-04 18:59:28,896 - Active Player: 1
2025-01-04 18:59:28,896 - STATE LOG: END
2025-01-04 18:59:36,646 - STATE LOG: BEGIN
2025-01-04 18:59:36,647 - Noah's Hand: [4D, 7H, 8C, 9S, QC, 3C]
2025-01-04 18:59:36,647 - Eve's Hand: [4C, 5C, 5D, 7S, 9H, AC, JH]
2025-01-04 18:59:36,647 - Boss: Rank: 12 | Suit H | Attack 3 | Health 4
2025-01-04 18:59:36,647 - Tavern: [8H, 8S, 7C]
2025-01-04 18:59:36,647 - Castle: [KD, KH, KS, KC, QS, QD]
2025-01-04 18:59:36,647 - Discard: [TS, TC, 4H, 2S, 2C, 4S, AD, 6H, JC, 5S, 7D, 2D, 3H, AS, 9D, AH, 2H, TD, 9C, JD, JS, 6C, TH, 5H]
2025-01-04 18:59:36,647 - Active Player: 2
2025-01-04 18:59:36,647 - STATE LOG: END
2025-01-04 18:59:46,478 - STATE LOG: BEGIN
2025-01-04 18:59:46,479 - Noah's Hand: [4D, 7H, 8C, 9S, QC, 3C, 8S]
2025-01-04 18:59:46,479 - Eve's Hand: [4C, 5C, 7S, 9H, JH, 7C, 8H]
2025-01-04 18:59:46,479 - Boss: Rank: 12 | Suit D | Attack 15 | Health 30
2025-01-04 18:59:46,479 - Tavern: []
2025-01-04 18:59:46,479 - Castle: [KD, KH, KS, KC, QS]
2025-01-04 18:59:46,479 - Discard: [TS, TC, 4H, 2S, 2C, 4S, AD, 6H, JC, 5S, 7D, 2D, 3H, AS, 9D, AH, 2H, TD, 9C, JD, JS, 6C, TH, 5H, 8D, 3D, 3S, 6S, 6D, AC, 5D, QH]
2025-01-04 18:59:46,479 - Active Player: 2
2025-01-04 18:59:46,479 - STATE LOG: END
2025-01-04 18:59:52,438 - STATE LOG: BEGIN
2025-01-04 18:59:52,439 - Noah's Hand: [4D, 7H, 8C, 9S, QC, 3C, 8S]
2025-01-04 18:59:52,439 - Eve's Hand: [4C, 5C, 7C, 8H, 9H]
2025-01-04 18:59:52,439 - Boss: Rank: 12 | Suit D | Attack 8 | Health 23
2025-01-04 18:59:52,439 - Tavern: []
2025-01-04 18:59:52,439 - Castle: [KD, KH, KS, KC, QS]
2025-01-04 18:59:52,439 - Discard: [TS, TC, 4H, 2S, 2C, 4S, AD, 6H, JC, 5S, 7D, 2D, 3H, AS, 9D, AH, 2H, TD, 9C, JD, JS, 6C, TH, 5H, 8D, 3D, 3S, 6S, 6D, AC, 5D, QH, JH]
2025-01-04 18:59:52,439 - Active Player: 1
2025-01-04 18:59:52,439 - STATE LOG: END
2025-01-04 19:00:00,360 - STATE LOG: BEGIN
2025-01-04 19:00:00,360 - Noah's Hand: [3C, 4D, 7H, 8C, 9S, QC]
2025-01-04 19:00:00,360 - Eve's Hand: [4C, 5C, 7C, 8H, 9H]
2025-01-04 19:00:00,360 - Boss: Rank: 12 | Suit D | Attack 0 | Health 15
2025-01-04 19:00:00,360 - Tavern: []
2025-01-04 19:00:00,360 - Castle: [KD, KH, KS, KC, QS]
2025-01-04 19:00:00,360 - Discard: [TS, TC, 4H, 2S, 2C, 4S, AD, 6H, JC, 5S, 7D, 2D, 3H, AS, 9D, AH, 2H, TD, 9C, JD, JS, 6C, TH, 5H, 8D, 3D, 3S, 6S, 6D, AC, 5D, QH, JH]
2025-01-04 19:00:00,360 - Active Player: 2
2025-01-04 19:00:00,360 - STATE LOG: END
2025-01-04 19:00:06,544 - STATE LOG: BEGIN
2025-01-04 19:00:06,544 - Noah's Hand: [3C, 4D, 7H, 8C, 9S, QC]
2025-01-04 19:00:06,544 - Eve's Hand: [4C, 5C, 7C, 9H]
2025-01-04 19:00:06,544 - Boss: Rank: 12 | Suit D | Attack 0 | Health 7
2025-01-04 19:00:06,545 - Tavern: [6S, AD, QH, TS, JD, 2D, AS, JC]
2025-01-04 19:00:06,545 - Castle: [KD, KH, KS, KC, QS]
2025-01-04 19:00:06,545 - Discard: [3H, AC, 5H, 6D, 4H, 3S, 5S, JH, 6H, TC, 9D, 7D, 2S, TH, JS, TD, 5D, 9C, 2C, 6C, 3D, 8D, 4S, 2H, AH]
2025-01-04 19:00:06,545 - Active Player: 1
2025-01-04 19:00:06,545 - STATE LOG: END
2025-01-04 19:00:08,075 - STATE LOG: BEGIN
2025-01-04 19:00:08,075 - Noah's Hand: [3C, 4D, 7H, 8C, 9S]
2025-01-04 19:00:08,075 - Eve's Hand: [4C, 5C, 7C, 9H]
2025-01-04 19:00:08,075 - Boss: Rank: 12 | Suit S | Attack 15 | Health 30
2025-01-04 19:00:08,075 - Tavern: [6S, AD, QH, TS, JD, 2D, AS, JC]
2025-01-04 19:00:08,075 - Castle: [KD, KH, KS, KC]
2025-01-04 19:00:08,075 - Discard: [3H, AC, 5H, 6D, 4H, 3S, 5S, JH, 6H, TC, 9D, 7D, 2S, TH, JS, TD, 5D, 9C, 2C, 6C, 3D, 8D, 4S, 2H, AH, 8S, QC, 7S, 8H, QD]
2025-01-04 19:00:08,075 - Active Player: 1
2025-01-04 19:00:08,075 - STATE LOG: END
2025-01-04 19:00:08,553 - STATE LOG: BEGIN
2025-01-04 19:00:08,553 - Noah's Hand: [3C, 7H, 8C]
2025-01-04 19:00:08,553 - Eve's Hand: [4C, 5C, 7C, 9H, AS, JD]
2025-01-04 19:00:08,553 - Boss: Rank: 12 | Suit S | Attack 15 | Health 26
2025-01-04 19:00:08,553 - Tavern: [6S, AD, QH, TS]
2025-01-04 19:00:08,553 - Castle: [KD, KH, KS, KC]
2025-01-04 19:00:08,553 - Discard: [3H, AC, 5H, 6D, 4H, 3S, 5S, JH, 6H, TC, 9D, 7D, 2S, TH, JS, TD, 5D, 9C, 2C, 6C, 3D, 8D, 4S, 2H, AH, 8S, QC, 7S, 8H, QD, 2D, JC, 9S]
2025-01-04 19:00:08,553 - Active Player: 2
2025-01-04 19:00:08,553 - STATE LOG: END
2025-01-04 19:00:09,017 - STATE LOG: BEGIN
2025-01-04 19:00:09,017 - Noah's Hand: [3C, 7H, 8C]
2025-01-04 19:00:09,017 - Eve's Hand: [4C, 7C]
2025-01-04 19:00:09,017 - Boss: Rank: 12 | Suit S | Attack 15 | Health 14
2025-01-04 19:00:09,017 - Tavern: [6S, AD, QH, TS]
2025-01-04 19:00:09,017 - Castle: [KD, KH, KS, KC]
2025-01-04 19:00:09,017 - Discard: [3H, AC, 5H, 6D, 4H, 3S, 5S, JH, 6H, TC, 9D, 7D, 2S, TH, JS, TD, 5D, 9C, 2C, 6C, 3D, 8D, 4S, 2H, AH, 8S, QC, 7S, 8H, QD, 2D, JC, 9S, JD, 9H]
2025-01-04 19:00:09,017 - Active Player: 1
2025-01-04 19:00:09,017 - STATE LOG: END
2025-01-04 19:00:09,034 - STATE LOG: BEGIN
2025-01-04 19:00:09,034 - Noah's Hand: [3C]
2025-01-04 19:00:09,034 - Eve's Hand: [4C, 7C]
2025-01-04 19:00:09,034 - Boss: Rank: 12 | Suit S | Attack 15 | Health 14
2025-01-04 19:00:09,034 - Tavern: [6S, AD, QH, TS]
2025-01-04 19:00:09,034 - Castle: [KD, KH, KS, KC]
2025-01-04 19:00:09,034 - Discard: [3H, AC, 5H, 6D, 4H, 3S, 5S, JH, 6H, TC, 9D, 7D, 2S, TH, JS, TD, 5D, 9C, 2C, 6C, 3D, 8D, 4S, 2H, AH, 8S, QC, 7S, 8H, QD, 2D, JC, 9S, JD, 9H, 8C, 7H]
2025-01-04 19:00:09,034 - Active Player: 2
2025-01-04 19:00:09,034 - STATE LOG: END
2025-01-04 19:00:09,042 - STATE LOG: BEGIN
2025-01-04 19:00:09,042 - Noah's Hand: [3C]
2025-01-04 19:00:09,042 - Eve's Hand: [4C]
2025-01-04 19:00:09,042 - Boss: Rank: 13 | Suit C | Attack 20 | Health 40
2025-01-04 19:00:09,042 - Tavern: [6S, AD, QH, TS]
2025-01-04 19:00:09,042 - Castle: [KD, KH, KS]
2025-01-04 19:00:09,042 - Discard: [3H, AC, 5H, 6D, 4H, 3S, 5S, JH, 6H, TC, 9D, 7D, 2S, TH, JS, TD, 5D, 9C, 2C, 6C, 3D, 8D, 4S, 2H, AH, 8S, QC, 7S, 8H, QD, 2D, JC, 9S, JD, 9H, 8C, 7H, 4D, AS, 5C, 7C]
2025-01-04 19:00:09,042 - Active Player: 2
2025-01-04 19:00:09,042 - STATE LOG: END
2025-01-04 19:00:09,046 - STATE LOG: BEGIN
2025-01-04 19:00:09,046 - Noah's Hand: [3C]
2025-01-04 19:00:09,046 - Eve's Hand: [4C]
2025-01-04 19:00:09,046 - Boss: Rank: 13 | Suit C | Attack 20 | Health 40
2025-01-04 19:00:09,046 - Tavern: [6S, AD, QH, TS]
2025-01-04 19:00:09,046 - Castle: [KD, KH, KS]
2025-01-04 19:00:09,046 - Discard: [3H, AC, 5H, 6D, 4H, 3S, 5S, JH, 6H, TC, 9D, 7D, 2S, TH, JS, TD, 5D, 9C, 2C, 6C, 3D, 8D, 4S, 2H, AH, 8S, QC, 7S, 8H, QD, 2D, JC, 9S, JD, 9H, 8C, 7H, 4D, AS, 5C, 7C]
2025-01-04 19:00:09,046 - Active Player: 1
2025-01-04 19:00:09,046 - STATE LOG: END
