2025-01-04 02:05:51,667 - I log states! :D
2025-01-04 02:05:51,668 - STATE LOG: BEGIN
2025-01-04 02:05:51,668 - Noah's Hand: [7C, AC, 5S, 9D, 9H, 9C, 7H]
2025-01-04 02:05:51,668 - Eve's Hand: [6D, TD, 3S, 3H, 7D, 6S, 4C]
2025-01-04 02:05:51,668 - Boss: Rank: 11 | Suit C | Attack 10 | Health 20
2025-01-04 02:05:51,668 - Tavern: [8C, 8S, AS, 4D, AD, 4H, 2S, 4S, 9S, 8H, 5H, 8D, 5C, 7S, 3D, 6C, TS, 2H, 2D, TC, TH, 3C, 2C, 6H, AH, 5D]
2025-01-04 02:05:51,668 - Castle: [KS, KH, KC, KD, QC, QD, QH, QS, JS, JD, JH]
2025-01-04 02:05:51,668 - Discard: []
2025-01-04 02:05:51,669 - Active Player: 1
2025-01-04 02:05:51,669 - STATE LOG: END
2025-01-04 02:06:01,764 - STATE LOG: BEGIN
2025-01-04 02:06:01,779 - Noah's Hand: [AC, 7C, 7H, 9C, 9D]
2025-01-04 02:06:01,779 - Eve's Hand: [6D, TD, 3S, 3H, 7D, 6S, 4C]
2025-01-04 02:06:01,779 - Boss: Rank: 11 | Suit C | Attack 5 | Health 15
2025-01-04 02:06:01,779 - Tavern: [8C, 8S, AS, 4D, AD, 4H, 2S, 4S, 9S, 8H, 5H, 8D, 5C, 7S, 3D, 6C, TS, 2H, 2D, TC, TH, 3C, 2C, 6H, AH, 5D]
2025-01-04 02:06:01,779 - Castle: [KS, KH, KC, KD, QC, QD, QH, QS, JS, JD, JH]
2025-01-04 02:06:01,779 - Discard: [9H]
2025-01-04 02:06:01,779 - Active Player: 2
2025-01-04 02:06:01,779 - STATE LOG: END
2025-01-04 02:06:11,782 - STATE LOG: BEGIN
2025-01-04 02:06:11,783 - Noah's Hand: [AC, 7C, 7H, 9C, 9D]
2025-01-04 02:06:11,783 - Eve's Hand: [4C, 6D, 6S, 7D, TD]
2025-01-04 02:06:11,783 - Boss: Rank: 11 | Suit C | Attack 0 | Health 9
2025-01-04 02:06:11,783 - Tavern: [9H, 8C, 8S, AS, 4D, AD, 4H, 2S, 4S, 9S, 8H, 5H, 8D, 5C, 7S, 3D, 6C, TS, 2H, 2D, TC, TH, 3C, 2C, 6H, AH, 5D]
2025-01-04 02:06:11,783 - Castle: [KS, KH, KC, KD, QC, QD, QH, QS, JS, JD, JH]
2025-01-04 02:06:11,783 - Discard: []
2025-01-04 02:06:11,783 - Active Player: 1
2025-01-04 02:06:11,783 - STATE LOG: END
2025-01-04 02:06:23,570 - STATE LOG: BEGIN
2025-01-04 02:06:23,638 - Noah's Hand: [7C, 7H, 9C, 9D]
2025-01-04 02:06:23,642 - Eve's Hand: [4C, 6D, 6S, 7D, TD]
2025-01-04 02:06:23,648 - Boss: Rank: 11 | Suit C | Attack 0 | Health 8
2025-01-04 02:06:23,648 - Tavern: [9H, 8C, 8S, AS, 4D, AD, 4H, 2S, 4S, 9S, 8H, 5H, 8D, 5C, 7S, 3D, 6C, TS, 2H, 2D, TC, TH, 3C, 2C, 6H, AH, 5D]
2025-01-04 02:06:23,648 - Castle: [KS, KH, KC, KD, QC, QD, QH, QS, JS, JD, JH]
2025-01-04 02:06:23,648 - Discard: []
2025-01-04 02:06:23,648 - Active Player: 2
2025-01-04 02:06:23,648 - STATE LOG: END
2025-01-04 02:06:33,649 - STATE LOG: BEGIN
2025-01-04 02:06:33,649 - Noah's Hand: [7C, 7H, 9C, 9D, AH, 2C, TH]
2025-01-04 02:06:33,649 - Eve's Hand: [4C, 6S, 7D, TD, 5D, 6H, 3C]
2025-01-04 02:06:33,649 - Boss: Rank: 11 | Suit C | Attack 0 | Health 2
2025-01-04 02:06:33,649 - Tavern: [9H, 8C, 8S, AS, 4D, AD, 4H, 2S, 4S, 9S, 8H, 5H, 8D, 5C, 7S, 3D, 6C, TS, 2H, 2D, TC]
2025-01-04 02:06:33,649 - Castle: [KS, KH, KC, KD, QC, QD, QH, QS, JS, JD, JH]
2025-01-04 02:06:33,649 - Discard: []
2025-01-04 02:06:33,649 - Active Player: 1
2025-01-04 02:06:33,649 - STATE LOG: END
2025-01-04 02:06:43,651 - STATE LOG: BEGIN
2025-01-04 02:06:43,652 - Noah's Hand: [2C, 7C, 7H, 9C, 9D, TH]
2025-01-04 02:06:43,652 - Eve's Hand: [4C, 6S, 7D, TD, 5D, 6H, 3C]
2025-01-04 02:06:43,652 - Boss: Rank: 11 | Suit C | Attack 0 | Health 1
2025-01-04 02:06:43,652 - Tavern: [9H, 8C, 8S, AS, 4D, AD, 4H, 2S, 4S, 9S, 8H, 5H, 8D, 5C, 7S, 3D, 6C, TS, 2H, 2D, TC]
2025-01-04 02:06:43,652 - Castle: [KS, KH, KC, KD, QC, QD, QH, QS, JS, JD, JH]
2025-01-04 02:06:43,652 - Discard: []
2025-01-04 02:06:43,652 - Active Player: 2
2025-01-04 02:06:43,652 - STATE LOG: END
2025-01-04 02:06:53,655 - STATE LOG: BEGIN
2025-01-04 02:06:53,663 - Noah's Hand: [2C, 7C, 7H, 9C, 9D, TH]
2025-01-04 02:06:53,663 - Eve's Hand: [3C, 4C, 5D, 6H, 6S, 7D, TD]
2025-01-04 02:06:53,663 - Boss: Rank: 11 | Suit C | Attack 0 | Health 1
2025-01-04 02:06:53,663 - Tavern: [9H, 8C, 8S, AS, 4D, AD, 4H, 2S, 4S, 9S, 8H, 5H, 8D, 5C, 7S, 3D, 6C, TS, 2H, 2D, TC]
2025-01-04 02:06:53,663 - Castle: [KS, KH, KC, KD, QC, QD, QH, QS, JS, JD, JH]
2025-01-04 02:06:53,663 - Discard: []
2025-01-04 02:06:53,663 - Active Player: 1
2025-01-04 02:06:53,663 - STATE LOG: END
2025-01-04 02:07:03,665 - STATE LOG: BEGIN
2025-01-04 02:07:03,665 - Noah's Hand: [2C, 7C, 7H, 9C, TH, TC, 2D]
2025-01-04 02:07:03,665 - Eve's Hand: [3C, 4C, 5D, 6H, 6S, 7D, TD]
2025-01-04 02:07:03,665 - Boss: Rank: 11 | Suit H | Attack 10 | Health 20
2025-01-04 02:07:03,665 - Tavern: [9H, 8C, 8S, AS, 4D, AD, 4H, 2S, 4S, 9S, 8H, 5H, 8D, 5C, 7S, 3D, 6C, TS, 2H]
2025-01-04 02:07:03,665 - Castle: [KS, KH, KC, KD, QC, QD, QH, QS, JS, JD]
2025-01-04 02:07:03,665 - Discard: [5S, AC, AH, 9D, 3H, 3S, 6D, JC]
2025-01-04 02:07:03,665 - Active Player: 1
2025-01-04 02:07:03,665 - STATE LOG: END
2025-01-04 02:07:13,666 - STATE LOG: BEGIN
2025-01-04 02:07:13,667 - Noah's Hand: [2C, 2D, 7C, 7H, 9C, TC]
2025-01-04 02:07:13,667 - Eve's Hand: [3C, 4C, 5D, 6H, 6S, 7D, TD]
2025-01-04 02:07:13,667 - Boss: Rank: 11 | Suit H | Attack 10 | Health 20
2025-01-04 02:07:13,667 - Tavern: [9H, 8C, 8S, AS, 4D, AD, 4H, 2S, 4S, 9S, 8H, 5H, 8D, 5C, 7S, 3D, 6C, TS, 2H]
2025-01-04 02:07:13,667 - Castle: [KS, KH, KC, KD, QC, QD, QH, QS, JS, JD]
2025-01-04 02:07:13,667 - Discard: [5S, AC, AH, 9D, 3H, 3S, 6D, JC, TH]
2025-01-04 02:07:13,667 - Active Player: 2
2025-01-04 02:07:13,667 - STATE LOG: END
2025-01-04 02:07:23,671 - STATE LOG: BEGIN
2025-01-04 02:07:23,671 - Noah's Hand: [2C, 2D, 7C, 7H, 9C, TC, TS]
2025-01-04 02:07:23,671 - Eve's Hand: [3C, 4C, 5D, 6H, 6S]
2025-01-04 02:07:23,672 - Boss: Rank: 11 | Suit H | Attack 10 | Health 13
2025-01-04 02:07:23,672 - Tavern: [9H, 8C, 8S, AS, 4D, AD, 4H, 2S, 4S, 9S, 8H, 5H, 8D, 5C, 7S, 3D, 6C]
2025-01-04 02:07:23,672 - Castle: [KS, KH, KC, KD, QC, QD, QH, QS, JS, JD]
2025-01-04 02:07:23,672 - Discard: [5S, AC, AH, 9D, 3H, 3S, 6D, JC, TH, 2H, TD]
2025-01-04 02:07:23,672 - Active Player: 1
2025-01-04 02:07:23,672 - STATE LOG: END
2025-01-04 02:07:33,675 - STATE LOG: BEGIN
2025-01-04 02:07:33,675 - Noah's Hand: [7C, 7H, 9C, TC, TS]
2025-01-04 02:07:33,676 - Eve's Hand: [3C, 4C, 5D, 6H, 6S, 3D, 5C]
2025-01-04 02:07:33,676 - Boss: Rank: 11 | Suit H | Attack 10 | Health 5
2025-01-04 02:07:33,676 - Tavern: [9H, 8C, 8S, AS, 4D, AD, 4H, 2S, 4S, 9S, 8H, 5H, 8D]
2025-01-04 02:07:33,676 - Castle: [KS, KH, KC, KD, QC, QD, QH, QS, JS, JD]
2025-01-04 02:07:33,676 - Discard: [5S, AC, AH, 9D, 3H, 3S, 6D, JC, TH, 2H, TD, 7S, 6C]
2025-01-04 02:07:33,676 - Active Player: 2
2025-01-04 02:07:33,676 - STATE LOG: END
2025-01-04 02:07:44,092 - STATE LOG: BEGIN
2025-01-04 02:07:44,098 - Noah's Hand: [7C, 7H, 9C, TC, TS, 5H, 9S]
2025-01-04 02:07:44,098 - Eve's Hand: [4C, 5C, 5D, 6H, 6S, 8D, 8H]
2025-01-04 02:07:44,098 - Boss: Rank: 11 | Suit D | Attack 10 | Health 20
2025-01-04 02:07:44,098 - Tavern: [9H, 8C, 8S, AS, 4D, AD, 4H, 2S, 4S]
2025-01-04 02:07:44,098 - Castle: [KS, KH, KC, KD, QC, QD, QH, QS, JS]
2025-01-04 02:07:44,098 - Discard: [5S, AC, AH, 9D, 3H, 3S, 6D, JC, TH, 2H, TD, 7S, 6C, 2C, 2D, 7D, 3C, 3D, JH]
2025-01-04 02:07:44,098 - Active Player: 2
2025-01-04 02:07:44,098 - STATE LOG: END
2025-01-04 02:07:54,322 - STATE LOG: BEGIN
2025-01-04 02:07:54,332 - Noah's Hand: [7C, 7H, 9C, TC, TS, 5H, 9S]
2025-01-04 02:07:54,332 - Eve's Hand: [4C, 5C, 5D, 6H, 8D]
2025-01-04 02:07:54,332 - Boss: Rank: 11 | Suit D | Attack 4 | Health 14
2025-01-04 02:07:54,332 - Tavern: [9H, 8C, 8S, AS, 4D, AD, 4H, 2S, 4S]
2025-01-04 02:07:54,332 - Castle: [KS, KH, KC, KD, QC, QD, QH, QS, JS]
2025-01-04 02:07:54,332 - Discard: [5S, AC, AH, 9D, 3H, 3S, 6D, JC, TH, 2H, TD, 7S, 6C, 2C, 2D, 7D, 3C, 3D, JH, 8H]
2025-01-04 02:07:54,332 - Active Player: 1
2025-01-04 02:07:54,332 - STATE LOG: END
2025-01-04 02:08:04,343 - STATE LOG: BEGIN
2025-01-04 02:08:04,345 - Noah's Hand: [5H, 7C, 7H, 9S, TC, TS]
2025-01-04 02:08:04,345 - Eve's Hand: [4C, 5C, 5D, 6H, 8D]
2025-01-04 02:08:04,345 - Boss: Rank: 11 | Suit S | Attack 10 | Health 20
2025-01-04 02:08:04,345 - Tavern: [9H, 8C, 8S, AS, 4D, AD, 4H, 2S, 4S]
2025-01-04 02:08:04,345 - Castle: [KS, KH, KC, KD, QC, QD, QH, QS]
2025-01-04 02:08:04,345 - Discard: [5S, AC, AH, 9D, 3H, 3S, 6D, JC, TH, 2H, TD, 7S, 6C, 2C, 2D, 7D, 3C, 3D, JH, 8H, 9C, 6S, JD]
2025-01-04 02:08:04,345 - Active Player: 1
2025-01-04 02:08:04,345 - STATE LOG: END
2025-01-04 02:08:10,509 - STATE LOG: BEGIN
2025-01-04 02:08:10,510 - Noah's Hand: [5H, 7C, 7H, 9S, TC]
2025-01-04 02:08:10,510 - Eve's Hand: [4C, 5C, 5D, 6H, 8D]
2025-01-04 02:08:10,510 - Boss: Rank: 11 | Suit S | Attack 10 | Health 20
2025-01-04 02:08:10,510 - Tavern: [9H, 8C, 8S, AS, 4D, AD, 4H, 2S, 4S]
2025-01-04 02:08:10,510 - Castle: [KS, KH, KC, KD, QC, QD, QH, QS]
2025-01-04 02:08:10,510 - Discard: [5S, AC, AH, 9D, 3H, 3S, 6D, JC, TH, 2H, TD, 7S, 6C, 2C, 2D, 7D, 3C, 3D, JH, 8H, 9C, 6S, JD, TS]
2025-01-04 02:08:10,510 - Active Player: 2
2025-01-04 02:08:10,510 - STATE LOG: END
2025-01-04 02:08:16,771 - STATE LOG: BEGIN
2025-01-04 02:08:16,772 - Noah's Hand: [5H, 7C, 7H, 9S, TC, 2S, AD]
2025-01-04 02:08:16,772 - Eve's Hand: [4C, 6H, 8D, 4S, 4H, 4D, AS]
2025-01-04 02:08:16,772 - Boss: Rank: 12 | Suit S | Attack 15 | Health 30
2025-01-04 02:08:16,772 - Tavern: [9H, 8C, 8S]
2025-01-04 02:08:16,772 - Castle: [KS, KH, KC, KD, QC, QD, QH]
2025-01-04 02:08:16,772 - Discard: [5S, AC, AH, 9D, 3H, 3S, 6D, JC, TH, 2H, TD, 7S, 6C, 2C, 2D, 7D, 3C, 3D, JH, 8H, 9C, 6S, JD, TS, 5C, 5D]
2025-01-04 02:08:16,772 - Active Player: 2
2025-01-04 02:08:16,772 - STATE LOG: END
2025-01-04 02:08:26,774 - STATE LOG: BEGIN
2025-01-04 02:08:26,774 - Noah's Hand: [5H, 7C, 7H, 9S, TC, 2S, AD]
2025-01-04 02:08:26,774 - Eve's Hand: [AS, 4C, 4D]
2025-01-04 02:08:26,774 - Boss: Rank: 12 | Suit S | Attack 15 | Health 24
2025-01-04 02:08:26,774 - Tavern: [3C, 7S, 8H, JH, 5D, TD, 9H, 8C, 8S]
2025-01-04 02:08:26,774 - Castle: [KS, KH, KC, KD, QC, QD, QH]
2025-01-04 02:08:26,774 - Discard: [7D, 6S, 2D, 5C, 2H, JC, 9C, JD, TS, 3D, 6C, AC, 3S, 6D, 9D, TH, 2C, 5S, 3H, AH, 8D, 4S, 4H]
2025-01-04 02:08:26,774 - Active Player: 1
2025-01-04 02:08:26,774 - STATE LOG: END
2025-01-04 02:08:30,551 - STATE LOG: BEGIN
2025-01-04 02:08:30,552 - Noah's Hand: [AD, 2S, 7C, 7H]
2025-01-04 02:08:30,552 - Eve's Hand: [AS, 4C, 4D]
2025-01-04 02:08:30,552 - Boss: Rank: 12 | Suit S | Attack 15 | Health 19
2025-01-04 02:08:30,552 - Tavern: [TS, AC, 3S, 9C, 2D, 3C, 7S, 8H, JH, 5D, TD, 9H, 8C, 8S]
2025-01-04 02:08:30,552 - Castle: [KS, KH, KC, KD, QC, QD, QH]
2025-01-04 02:08:30,552 - Discard: [3H, 4H, 2C, 7D, 6C, 4S, 3D, 5S, 5C, TH, JD, 2H, 6D, AH, 9D, 8D, JC, 6S, TC, 9S]
2025-01-04 02:08:30,552 - Active Player: 2
2025-01-04 02:08:30,552 - STATE LOG: END
2025-01-04 02:08:32,083 - STATE LOG: BEGIN
2025-01-04 02:08:32,084 - Noah's Hand: [AD, 2S, 7C, 7H, 8S, 9H, 5D]
2025-01-04 02:08:32,084 - Eve's Hand: [AS, JS, 8C, TD]
2025-01-04 02:08:32,084 - Boss: Rank: 12 | Suit S | Attack 15 | Health 3
2025-01-04 02:08:32,084 - Tavern: [TS, AC, 3S, 9C, 2D, 3C, 7S]
2025-01-04 02:08:32,084 - Castle: [KS, KH, KC, KD, QC, QD, QH]
2025-01-04 02:08:32,084 - Discard: [3H, 4H, 2C, 7D, 6C, 4S, 3D, 5S, 5C, TH, JD, 2H, 6D, AH, 9D, 8D, JC, 6S, TC, 9S, 8H, JH]
2025-01-04 02:08:32,084 - Active Player: 1
2025-01-04 02:08:32,084 - STATE LOG: END
2025-01-04 02:08:42,203 - STATE LOG: BEGIN
2025-01-04 02:08:42,204 - Noah's Hand: [2S, 5D, 7C, 8S, 9H, 7S, 2D]
2025-01-04 02:08:42,204 - Eve's Hand: [AS, JS, 8C, TD, 3C, 9C, 3S]
2025-01-04 02:08:42,204 - Boss: Rank: 12 | Suit H | Attack 15 | Health 30
2025-01-04 02:08:42,204 - Tavern: [TC, TH, 3H, 2H, 5C, 6D, 4S, 2C, TS, AC]
2025-01-04 02:08:42,204 - Castle: [KS, KH, KC, KD, QC, QD]
2025-01-04 02:08:42,204 - Discard: [4H, 9S, 8D, 5S, JC, 8H, 3D, 7D, 9D, 6C, JD, JH, 6S, AH, 5H, AD, 7H, 6H, 4C, 4D, QS]
2025-01-04 02:08:42,204 - Active Player: 1
2025-01-04 02:08:42,204 - STATE LOG: END
2025-01-04 02:08:52,205 - STATE LOG: BEGIN
2025-01-04 02:08:52,206 - Noah's Hand: [2D, 2S, 5D, 7C, 8S]
2025-01-04 02:08:52,206 - Eve's Hand: [AS, JS, 8C, TD, 3C, 9C, 3S]
2025-01-04 02:08:52,206 - Boss: Rank: 12 | Suit H | Attack 8 | Health 23
2025-01-04 02:08:52,206 - Tavern: [TC, TH, 3H, 2H, 5C, 6D, 4S, 2C, TS, AC]
2025-01-04 02:08:52,206 - Castle: [KS, KH, KC, KD, QC, QD]
2025-01-04 02:08:52,206 - Discard: [4H, 9S, 8D, 5S, JC, 8H, 3D, 7D, 9D, 6C, JD, JH, 6S, AH, 5H, AD, 7H, 6H, 4C, 4D, QS, 9H]
2025-01-04 02:08:52,206 - Active Player: 2
2025-01-04 02:08:52,206 - STATE LOG: END
2025-01-04 02:09:02,208 - STATE LOG: BEGIN
2025-01-04 02:09:02,209 - Noah's Hand: [2D, 2S, 5D, 7C, 8S]
2025-01-04 02:09:02,209 - Eve's Hand: [AS, 3C, 3S, 8C, 9C, TD]
2025-01-04 02:09:02,209 - Boss: Rank: 12 | Suit H | Attack 8 | Health 23
2025-01-04 02:09:02,209 - Tavern: [TC, TH, 3H, 2H, 5C, 6D, 4S, 2C, TS, AC]
2025-01-04 02:09:02,209 - Castle: [KS, KH, KC, KD, QC, QD]
2025-01-04 02:09:02,209 - Discard: [4H, 9S, 8D, 5S, JC, 8H, 3D, 7D, 9D, 6C, JD, JH, 6S, AH, 5H, AD, 7H, 6H, 4C, 4D, QS, 9H, JS]
2025-01-04 02:09:02,209 - Active Player: 1
2025-01-04 02:09:02,209 - STATE LOG: END
2025-01-04 02:09:08,457 - STATE LOG: BEGIN
2025-01-04 02:09:08,460 - Noah's Hand: [2S, 5D, 7C]
2025-01-04 02:09:08,460 - Eve's Hand: [AS, 3C, 3S, 8C, 9C, TD, TS]
2025-01-04 02:09:08,460 - Boss: Rank: 12 | Suit H | Attack 8 | Health 21
2025-01-04 02:09:08,460 - Tavern: [TC, TH, 3H, 2H, 5C, 6D, 4S, 2C]
2025-01-04 02:09:08,460 - Castle: [KS, KH, KC, KD, QC, QD]
2025-01-04 02:09:08,460 - Discard: [4H, 9S, 8D, 5S, JC, 8H, 3D, 7D, 9D, 6C, JD, JH, 6S, AH, 5H, AD, 7H, 6H, 4C, 4D, QS, 9H, JS, AC, 8S]
2025-01-04 02:09:08,460 - Active Player: 2
2025-01-04 02:09:08,460 - STATE LOG: END
2025-01-04 02:09:14,335 - STATE LOG: BEGIN
2025-01-04 02:09:14,335 - Noah's Hand: [2S, 5D, 7C]
2025-01-04 02:09:14,335 - Eve's Hand: [AS, 3C, 3S, 8C, 9C, TD]
2025-01-04 02:09:14,335 - Boss: Rank: 12 | Suit H | Attack 0 | Health 11
2025-01-04 02:09:14,335 - Tavern: [TC, TH, 3H, 2H, 5C, 6D, 4S, 2C]
2025-01-04 02:09:14,335 - Castle: [KS, KH, KC, KD, QC, QD]
2025-01-04 02:09:14,336 - Discard: [4H, 9S, 8D, 5S, JC, 8H, 3D, 7D, 9D, 6C, JD, JH, 6S, AH, 5H, AD, 7H, 6H, 4C, 4D, QS, 9H, JS, AC, 8S]
2025-01-04 02:09:14,336 - Active Player: 1
2025-01-04 02:09:14,336 - STATE LOG: END
2025-01-04 02:09:17,126 - STATE LOG: BEGIN
2025-01-04 02:09:17,126 - Noah's Hand: [2S, 7C, 2C, 6D, 5C, 2H]
2025-01-04 02:09:17,126 - Eve's Hand: [AS, 3C, 3S, 8C, 9C, TD, 4S]
2025-01-04 02:09:17,126 - Boss: Rank: 12 | Suit H | Attack 0 | Health 6
2025-01-04 02:09:17,126 - Tavern: [TC, TH, 3H]
2025-01-04 02:09:17,126 - Castle: [KS, KH, KC, KD, QC, QD]
2025-01-04 02:09:17,126 - Discard: [4H, 9S, 8D, 5S, JC, 8H, 3D, 7D, 9D, 6C, JD, JH, 6S, AH, 5H, AD, 7H, 6H, 4C, 4D, QS, 9H, JS, AC, 8S]
2025-01-04 02:09:17,126 - Active Player: 2
2025-01-04 02:09:17,126 - STATE LOG: END
2025-01-04 02:09:27,128 - STATE LOG: BEGIN
2025-01-04 02:09:27,128 - Noah's Hand: [2S, 7C, 2C, 6D, 5C, 2H]
2025-01-04 02:09:27,128 - Eve's Hand: [3C, 3S, 4S, 8C, TD]
2025-01-04 02:09:27,128 - Boss: Rank: 12 | Suit D | Attack 15 | Health 30
2025-01-04 02:09:27,128 - Tavern: [TC, TH, 3H]
2025-01-04 02:09:27,128 - Castle: [KS, KH, KC, KD, QC]
2025-01-04 02:09:27,128 - Discard: [4H, 9S, 8D, 5S, JC, 8H, 3D, 7D, 9D, 6C, JD, JH, 6S, AH, 5H, AD, 7H, 6H, 4C, 4D, QS, 9H, JS, AC, 8S, 7S, 2D, 5D, TS, AS, 9C, QH]
2025-01-04 02:09:27,128 - Active Player: 2
2025-01-04 02:09:27,128 - STATE LOG: END
2025-01-04 02:09:28,057 - STATE LOG: BEGIN
2025-01-04 02:09:28,057 - Noah's Hand: [2S, 7C, 2C, 6D, 5C, 2H]
2025-01-04 02:09:28,057 - Eve's Hand: [4S, 8C]
2025-01-04 02:09:28,057 - Boss: Rank: 12 | Suit D | Attack 9 | Health 18
2025-01-04 02:09:28,057 - Tavern: [TC, TH, 3H]
2025-01-04 02:09:28,057 - Castle: [KS, KH, KC, KD, QC]
2025-01-04 02:09:28,057 - Discard: [4H, 9S, 8D, 5S, JC, 8H, 3D, 7D, 9D, 6C, JD, JH, 6S, AH, 5H, AD, 7H, 6H, 4C, 4D, QS, 9H, JS, AC, 8S, 7S, 2D, 5D, TS, AS, 9C, QH, TD]
2025-01-04 02:09:28,057 - Active Player: 1
2025-01-04 02:09:28,057 - STATE LOG: END
2025-01-04 02:09:28,228 - STATE LOG: BEGIN
2025-01-04 02:09:28,228 - Noah's Hand: [2H, 2S, 5C]
2025-01-04 02:09:28,228 - Eve's Hand: [4S, 8C]
2025-01-04 02:09:28,228 - Boss: Rank: 12 | Suit D | Attack 9 | Health 14
2025-01-04 02:09:28,228 - Tavern: [TC, TH, 3H]
2025-01-04 02:09:28,228 - Castle: [KS, KH, KC, KD, QC]
2025-01-04 02:09:28,228 - Discard: [4H, 9S, 8D, 5S, JC, 8H, 3D, 7D, 9D, 6C, JD, JH, 6S, AH, 5H, AD, 7H, 6H, 4C, 4D, QS, 9H, JS, AC, 8S, 7S, 2D, 5D, TS, AS, 9C, QH, TD, 7C, 6D]
2025-01-04 02:09:28,228 - Active Player: 2
2025-01-04 02:09:28,228 - STATE LOG: END
2025-01-04 02:09:28,236 - STATE LOG: BEGIN
2025-01-04 02:09:28,236 - Noah's Hand: [2H, 2S, 5C]
2025-01-04 02:09:28,236 - Eve's Hand: [4S]
2025-01-04 02:09:28,236 - Boss: Rank: 12 | Suit C | Attack 15 | Health 30
2025-01-04 02:09:28,236 - Tavern: [TC, TH, 3H]
2025-01-04 02:09:28,236 - Castle: [KS, KH, KC, KD]
2025-01-04 02:09:28,236 - Discard: [4H, 9S, 8D, 5S, JC, 8H, 3D, 7D, 9D, 6C, JD, JH, 6S, AH, 5H, AD, 7H, 6H, 4C, 4D, QS, 9H, JS, AC, 8S, 7S, 2D, 5D, TS, AS, 9C, QH, TD, 7C, 6D, 2C, 3C, 3S, 8C, QD]
2025-01-04 02:09:28,236 - Active Player: 2
2025-01-04 02:09:28,236 - STATE LOG: END
2025-01-04 02:09:28,240 - STATE LOG: BEGIN
2025-01-04 02:09:28,240 - Noah's Hand: [2H, 2S, 5C]
2025-01-04 02:09:28,240 - Eve's Hand: [4S]
2025-01-04 02:09:28,240 - Boss: Rank: 12 | Suit C | Attack 15 | Health 30
2025-01-04 02:09:28,240 - Tavern: [TC, TH, 3H]
2025-01-04 02:09:28,240 - Castle: [KS, KH, KC, KD]
2025-01-04 02:09:28,240 - Discard: [4H, 9S, 8D, 5S, JC, 8H, 3D, 7D, 9D, 6C, JD, JH, 6S, AH, 5H, AD, 7H, 6H, 4C, 4D, QS, 9H, JS, AC, 8S, 7S, 2D, 5D, TS, AS, 9C, QH, TD, 7C, 6D, 2C, 3C, 3S, 8C, QD]
2025-01-04 02:09:28,240 - Active Player: 1
2025-01-04 02:09:28,240 - STATE LOG: END
