2025-01-04 22:50:57,383 - I log states! :D
2025-01-04 22:50:57,384 - STATE LOG: BEGIN
2025-01-04 22:50:57,384 - Noah's Hand: [3D, 8H, 7C, 9D, TH, 2H, 5S]
2025-01-04 22:50:57,384 - Eve's Hand: [7D, 4D, AC, 5C, 8D, 9S, TS]
2025-01-04 22:50:57,384 - Boss: Rank: 11 | Suit H | Attack 10 | Health 20
2025-01-04 22:50:57,384 - Tavern: [8C, 8S, AH, 2S, 2C, 3H, 6H, AD, 4S, 6S, 4C, 3C, 7H, 2D, TD, 6D, 5H, 5D, AS, 7S, 3S, 4H, TC, 9C, 6C, 9H]
2025-01-04 22:50:57,384 - Castle: [KS, KD, KH, KC, QC, QS, QD, QH, JC, JD, JS]
2025-01-04 22:50:57,384 - Discard: []
2025-01-04 22:50:57,384 - Active Player: 1
2025-01-04 22:50:57,384 - STATE LOG: END
2025-01-04 22:50:57,438 - STATE LOG: BEGIN
2025-01-04 22:50:57,438 - Noah's Hand: [2H, 3D, 5S, 8H, 9D]
2025-01-04 22:50:57,438 - Eve's Hand: [7D, 4D, AC, 5C, 8D, 9S, TS]
2025-01-04 22:50:57,438 - Boss: Rank: 11 | Suit H | Attack 10 | Health 6
2025-01-04 22:50:57,438 - Tavern: [8C, 8S, AH, 2S, 2C, 3H, 6H, AD, 4S, 6S, 4C, 3C, 7H, 2D, TD, 6D, 5H, 5D, AS, 7S, 3S, 4H, TC, 9C, 6C, 9H]
2025-01-04 22:50:57,438 - Castle: [KS, KD, KH, KC, QC, QS, QD, QH, JC, JD, JS]
2025-01-04 22:50:57,438 - Discard: [TH]
2025-01-04 22:50:57,438 - Active Player: 2
2025-01-04 22:50:57,438 - STATE LOG: END
2025-01-04 22:50:57,473 - STATE LOG: BEGIN
2025-01-04 22:50:57,473 - Noah's Hand: [2H, 3D, 5S, 8H, 9D]
2025-01-04 22:50:57,473 - Eve's Hand: [AC, 4D, 7D, 8D, 9S, TS]
2025-01-04 22:50:57,473 - Boss: Rank: 11 | Suit S | Attack 10 | Health 20
2025-01-04 22:50:57,473 - Tavern: [8C, 8S, AH, 2S, 2C, 3H, 6H, AD, 4S, 6S, 4C, 3C, 7H, 2D, TD, 6D, 5H, 5D, AS, 7S, 3S, 4H, TC, 9C, 6C, 9H]
2025-01-04 22:50:57,473 - Castle: [KS, KD, KH, KC, QC, QS, QD, QH, JC, JD]
2025-01-04 22:50:57,473 - Discard: [TH, 7C, 5C, JH]
2025-01-04 22:50:57,473 - Active Player: 2
2025-01-04 22:50:57,473 - STATE LOG: END
2025-01-04 22:50:57,502 - STATE LOG: BEGIN
2025-01-04 22:50:57,502 - Noah's Hand: [2H, 3D, 5S, 8H, 9D, 6C, TC]
2025-01-04 22:50:57,502 - Eve's Hand: [AC, 4D, 8D, TS, 9H]
2025-01-04 22:50:57,502 - Boss: Rank: 11 | Suit S | Attack 10 | Health 13
2025-01-04 22:50:57,502 - Tavern: [8C, 8S, AH, 2S, 2C, 3H, 6H, AD, 4S, 6S, 4C, 3C, 7H, 2D, TD, 6D, 5H, 5D, AS, 7S, 3S, 4H]
2025-01-04 22:50:57,502 - Castle: [KS, KD, KH, KC, QC, QS, QD, QH, JC, JD]
2025-01-04 22:50:57,502 - Discard: [TH, 7C, 5C, JH, 9C, 9S]
2025-01-04 22:50:57,502 - Active Player: 1
2025-01-04 22:50:57,502 - STATE LOG: END
2025-01-04 22:50:57,531 - STATE LOG: BEGIN
2025-01-04 22:50:57,531 - Noah's Hand: [2H, 3D, 5S, 6C, 8H, 9D]
2025-01-04 22:50:57,531 - Eve's Hand: [AC, 4D, 8D, TS, 9H]
2025-01-04 22:50:57,531 - Boss: Rank: 11 | Suit S | Attack 10 | Health 13
2025-01-04 22:50:57,531 - Tavern: [8C, 8S, AH, 2S, 2C, 3H, 6H, AD, 4S, 6S, 4C, 3C, 7H, 2D, TD, 6D, 5H, 5D, AS, 7S, 3S, 4H]
2025-01-04 22:50:57,531 - Castle: [KS, KD, KH, KC, QC, QS, QD, QH, JC, JD]
2025-01-04 22:50:57,531 - Discard: [TH, 7C, 5C, JH, 9C, 9S, TC]
2025-01-04 22:50:57,531 - Active Player: 2
2025-01-04 22:50:57,531 - STATE LOG: END
2025-01-04 22:50:57,559 - STATE LOG: BEGIN
2025-01-04 22:50:57,559 - Noah's Hand: [2H, 3D, 5S, 6C, 8H, 9D, 3S]
2025-01-04 22:50:57,559 - Eve's Hand: [AC, 8D, 9H, 4H, 7S, AS]
2025-01-04 22:50:57,559 - Boss: Rank: 11 | Suit S | Attack 10 | Health 9
2025-01-04 22:50:57,559 - Tavern: [8C, 8S, AH, 2S, 2C, 3H, 6H, AD, 4S, 6S, 4C, 3C, 7H, 2D, TD, 6D, 5H, 5D]
2025-01-04 22:50:57,559 - Castle: [KS, KD, KH, KC, QC, QS, QD, QH, JC, JD]
2025-01-04 22:50:57,559 - Discard: [TH, 7C, 5C, JH, 9C, 9S, TC, TS]
2025-01-04 22:50:57,559 - Active Player: 1
2025-01-04 22:50:57,559 - STATE LOG: END
2025-01-04 22:50:57,590 - STATE LOG: BEGIN
2025-01-04 22:50:57,590 - Noah's Hand: [3D, 8H, 9D]
2025-01-04 22:50:57,590 - Eve's Hand: [AC, 8D, 9H, 4H, 7S, AS]
2025-01-04 22:50:57,590 - Boss: Rank: 11 | Suit S | Attack 10 | Health 4
2025-01-04 22:50:57,590 - Tavern: [8C, 8S, AH, 2S, 2C, 3H, 6H, AD, 4S, 6S, 4C, 3C, 7H, 2D, TD, 6D, 5H, 5D]
2025-01-04 22:50:57,590 - Castle: [KS, KD, KH, KC, QC, QS, QD, QH, JC, JD]
2025-01-04 22:50:57,590 - Discard: [TH, 7C, 5C, JH, 9C, 9S, TC, TS, 2H, 6C, 3S]
2025-01-04 22:50:57,590 - Active Player: 2
2025-01-04 22:50:57,590 - STATE LOG: END
2025-01-04 22:50:57,620 - STATE LOG: BEGIN
2025-01-04 22:50:57,620 - Noah's Hand: [3D, 8H, 9D, 5H, TD, 7H, 3C]
2025-01-04 22:50:57,620 - Eve's Hand: [AC, 4H, 7S, 9H, 5D, 6D, 2D]
2025-01-04 22:50:57,620 - Boss: Rank: 11 | Suit D | Attack 10 | Health 20
2025-01-04 22:50:57,620 - Tavern: [8C, 8S, AH, 2S, 2C, 3H, 6H, AD, 4S, 6S, 4C]
2025-01-04 22:50:57,620 - Castle: [KS, KD, KH, KC, QC, QS, QD, QH, JC]
2025-01-04 22:50:57,620 - Discard: [TH, 7C, 5C, JH, 9C, 9S, TC, TS, 2H, 6C, 3S, 5S, 7D, 4D, AS, 8D, JS]
2025-01-04 22:50:57,620 - Active Player: 2
2025-01-04 22:50:57,620 - STATE LOG: END
2025-01-04 22:50:57,675 - STATE LOG: BEGIN
2025-01-04 22:50:57,675 - Noah's Hand: [3D, 8H, 9D, 5H, TD, 7H, 3C]
2025-01-04 22:50:57,675 - Eve's Hand: [2D, 5D, 6D, 9H]
2025-01-04 22:50:57,675 - Boss: Rank: 11 | Suit D | Attack 2 | Health 4
2025-01-04 22:50:57,675 - Tavern: [8C, 8S, AH, 2S, 2C, 3H, 6H, AD, 4S, 6S, 4C]
2025-01-04 22:50:57,675 - Castle: [KS, KD, KH, KC, QC, QS, QD, QH, JC]
2025-01-04 22:50:57,675 - Discard: [TH, 7C, 5C, JH, 9C, 9S, TC, TS, 2H, 6C, 3S, 5S, 7D, 4D, AS, 8D, JS, 4H]
2025-01-04 22:50:57,675 - Active Player: 1
2025-01-04 22:50:57,675 - STATE LOG: END
2025-01-04 22:50:57,709 - STATE LOG: BEGIN
2025-01-04 22:50:57,709 - Noah's Hand: [3C, 3D, 5H, 7H, 9D, TD]
2025-01-04 22:50:57,709 - Eve's Hand: [2D, 5D, 6D, 9H]
2025-01-04 22:50:57,709 - Boss: Rank: 11 | Suit C | Attack 10 | Health 20
2025-01-04 22:50:57,709 - Tavern: [JS, 4D, 4H, 7C, 9S, 7D, 3S, 9C, 8C, 8S, AH, 2S, 2C, 3H, 6H, AD, 4S, 6S, 4C]
2025-01-04 22:50:57,709 - Castle: [KS, KD, KH, KC, QC, QS, QD, QH]
2025-01-04 22:50:57,709 - Discard: [2H, TC, 8D, JH, TH, 5S, 6C, AS, TS, 5C, 8H, AC, 7S, JD]
2025-01-04 22:50:57,709 - Active Player: 1
2025-01-04 22:50:57,709 - STATE LOG: END
2025-01-04 22:50:57,745 - STATE LOG: BEGIN
2025-01-04 22:50:57,745 - Noah's Hand: [3C, 3D, 5H, 9D, 4C]
2025-01-04 22:50:57,745 - Eve's Hand: [2D, 5D, 6D, 9H, 6S, AD, 6H]
2025-01-04 22:50:57,745 - Boss: Rank: 11 | Suit C | Attack 10 | Health 10
2025-01-04 22:50:57,745 - Tavern: [JS, 4D, 4H, 7C, 9S, 7D, 3S, 9C, 8C, 8S, AH, 2S, 2C, 3H]
2025-01-04 22:50:57,745 - Castle: [KS, KD, KH, KC, QC, QS, QD, QH]
2025-01-04 22:50:57,745 - Discard: [2H, TC, 8D, JH, TH, 5S, 6C, AS, TS, 5C, 8H, AC, 7S, JD, 7H, 4S]
2025-01-04 22:50:57,745 - Active Player: 2
2025-01-04 22:50:57,745 - STATE LOG: END
2025-01-04 22:50:57,781 - STATE LOG: BEGIN
2025-01-04 22:50:57,781 - Noah's Hand: [3C, 3D, 5H, 9D, 4C]
2025-01-04 22:50:57,781 - Eve's Hand: [AD, 2D, 5D, 6D, 9H]
2025-01-04 22:50:57,781 - Boss: Rank: 11 | Suit C | Attack 4 | Health 4
2025-01-04 22:50:57,781 - Tavern: [JS, 4D, 4H, 7C, 9S, 7D, 3S, 9C, 8C, 8S, AH, 2S, 2C, 3H]
2025-01-04 22:50:57,781 - Castle: [KS, KD, KH, KC, QC, QS, QD, QH]
2025-01-04 22:50:57,781 - Discard: [2H, TC, 8D, JH, TH, 5S, 6C, AS, TS, 5C, 8H, AC, 7S, JD, 7H, 4S, 6H]
2025-01-04 22:50:57,781 - Active Player: 1
2025-01-04 22:50:57,781 - STATE LOG: END
2025-01-04 22:50:57,818 - STATE LOG: BEGIN
2025-01-04 22:50:57,818 - Noah's Hand: [3C, 3D, 5H, 9D]
2025-01-04 22:50:57,818 - Eve's Hand: [AD, 2D, 5D, 6D, 9H]
2025-01-04 22:50:57,818 - Boss: Rank: 11 | Suit C | Attack 4 | Health 4
2025-01-04 22:50:57,818 - Tavern: [JS, 4D, 4H, 7C, 9S, 7D, 3S, 9C, 8C, 8S, AH, 2S, 2C, 3H]
2025-01-04 22:50:57,818 - Castle: [KS, KD, KH, KC, QC, QS, QD, QH]
2025-01-04 22:50:57,818 - Discard: [2H, TC, 8D, JH, TH, 5S, 6C, AS, TS, 5C, 8H, AC, 7S, JD, 7H, 4S, 6H, 4C]
2025-01-04 22:50:57,818 - Active Player: 2
2025-01-04 22:50:57,818 - STATE LOG: END
2025-01-04 22:50:57,854 - STATE LOG: BEGIN
2025-01-04 22:50:57,854 - Noah's Hand: [3C, 3D, 5H, 9D, 2C, AH, 8C]
2025-01-04 22:50:57,854 - Eve's Hand: [2D, 6D, 9H, 3H, 2S, 8S]
2025-01-04 22:50:57,854 - Boss: Rank: 12 | Suit H | Attack 15 | Health 30
2025-01-04 22:50:57,854 - Tavern: [JS, 4D, 4H, 7C, 9S, 7D, 3S, 9C]
2025-01-04 22:50:57,854 - Castle: [KS, KD, KH, KC, QC, QS, QD]
2025-01-04 22:50:57,854 - Discard: [2H, TC, 8D, JH, TH, 5S, 6C, AS, TS, 5C, 8H, AC, 7S, JD, 7H, 4S, 6H, 4C, TD, 6S, AD, 5D, JC]
2025-01-04 22:50:57,854 - Active Player: 2
2025-01-04 22:50:57,854 - STATE LOG: END
2025-01-04 22:50:57,884 - STATE LOG: BEGIN
2025-01-04 22:50:57,884 - Noah's Hand: [3C, 3D, 5H, 9D, 2C, AH, 8C]
2025-01-04 22:50:57,884 - Eve's Hand: [6D, 8S, 9H, 7D]
2025-01-04 22:50:57,885 - Boss: Rank: 12 | Suit H | Attack 11 | Health 26
2025-01-04 22:50:57,885 - Tavern: [JS, 4D, 4H, 7C, 9S]
2025-01-04 22:50:57,885 - Castle: [KS, KD, KH, KC, QC, QS, QD]
2025-01-04 22:50:57,885 - Discard: [2H, TC, 8D, JH, TH, 5S, 6C, AS, TS, 5C, 8H, AC, 7S, JD, 7H, 4S, 6H, 4C, TD, 6S, AD, 5D, JC, 3S, 3H, 9C]
2025-01-04 22:50:57,885 - Active Player: 1
2025-01-04 22:50:57,885 - STATE LOG: END
2025-01-04 22:50:57,909 - STATE LOG: BEGIN
2025-01-04 22:50:57,909 - Noah's Hand: [3D, 9D]
2025-01-04 22:50:57,909 - Eve's Hand: [6D, 8S, 9H, 7D]
2025-01-04 22:50:57,909 - Boss: Rank: 12 | Suit H | Attack 11 | Health 10
2025-01-04 22:50:57,909 - Tavern: [JS, 4D, 4H, 7C, 9S]
2025-01-04 22:50:57,909 - Castle: [KS, KD, KH, KC, QC, QS, QD]
2025-01-04 22:50:57,909 - Discard: [2H, TC, 8D, JH, TH, 5S, 6C, AS, TS, 5C, 8H, AC, 7S, JD, 7H, 4S, 6H, 4C, TD, 6S, AD, 5D, JC, 3S, 3H, 9C, 5H, AH, 2C, 3C]
2025-01-04 22:50:57,909 - Active Player: 2
2025-01-04 22:50:57,909 - STATE LOG: END
2025-01-04 22:50:57,929 - STATE LOG: BEGIN
2025-01-04 22:50:57,929 - Noah's Hand: [3D, 9D]
2025-01-04 22:50:57,929 - Eve's Hand: [6D, 7D]
2025-01-04 22:50:57,929 - Boss: Rank: 12 | Suit H | Attack 3 | Health 2
2025-01-04 22:50:57,929 - Tavern: [JS, 4D, 4H, 7C, 9S]
2025-01-04 22:50:57,929 - Castle: [KS, KD, KH, KC, QC, QS, QD]
2025-01-04 22:50:57,929 - Discard: [2H, TC, 8D, JH, TH, 5S, 6C, AS, TS, 5C, 8H, AC, 7S, JD, 7H, 4S, 6H, 4C, TD, 6S, AD, 5D, JC, 3S, 3H, 9C, 5H, AH, 2C, 3C, 9H]
2025-01-04 22:50:57,929 - Active Player: 1
2025-01-04 22:50:57,929 - STATE LOG: END
2025-01-04 22:50:57,949 - STATE LOG: BEGIN
2025-01-04 22:50:57,949 - Noah's Hand: [9D]
2025-01-04 22:50:57,949 - Eve's Hand: [6D, 7D]
2025-01-04 22:50:57,949 - Boss: Rank: 12 | Suit H | Attack 3 | Health 2
2025-01-04 22:50:57,949 - Tavern: [JS, 4D, 4H, 7C, 9S]
2025-01-04 22:50:57,949 - Castle: [KS, KD, KH, KC, QC, QS, QD]
2025-01-04 22:50:57,949 - Discard: [2H, TC, 8D, JH, TH, 5S, 6C, AS, TS, 5C, 8H, AC, 7S, JD, 7H, 4S, 6H, 4C, TD, 6S, AD, 5D, JC, 3S, 3H, 9C, 5H, AH, 2C, 3C, 9H, 3D]
2025-01-04 22:50:57,949 - Active Player: 2
2025-01-04 22:50:57,949 - STATE LOG: END
2025-01-04 22:50:57,969 - STATE LOG: BEGIN
2025-01-04 22:50:57,969 - Noah's Hand: [9D, 7C, 4D]
2025-01-04 22:50:57,969 - Eve's Hand: [6D, 9S, 4H, JS]
2025-01-04 22:50:57,969 - Boss: Rank: 12 | Suit D | Attack 15 | Health 30
2025-01-04 22:50:57,969 - Tavern: []
2025-01-04 22:50:57,969 - Castle: [KS, KD, KH, KC, QC, QS]
2025-01-04 22:50:57,969 - Discard: [2H, TC, 8D, JH, TH, 5S, 6C, AS, TS, 5C, 8H, AC, 7S, JD, 7H, 4S, 6H, 4C, TD, 6S, AD, 5D, JC, 3S, 3H, 9C, 5H, AH, 2C, 3C, 9H, 3D, 8C, 2D, 2S, 8S, 7D, QH]
2025-01-04 22:50:57,969 - Active Player: 2
2025-01-04 22:50:57,969 - STATE LOG: END
2025-01-04 22:50:58,008 - STATE LOG: BEGIN
2025-01-04 22:50:58,008 - Noah's Hand: [9D, 7C, 4D]
2025-01-04 22:50:58,008 - Eve's Hand: [4H, 6D]
2025-01-04 22:50:58,008 - Boss: Rank: 12 | Suit D | Attack 4 | Health 19
2025-01-04 22:50:58,008 - Tavern: []
2025-01-04 22:50:58,008 - Castle: [KS, KD, KH, KC, QC, QS]
2025-01-04 22:50:58,008 - Discard: [2H, TC, 8D, JH, TH, 5S, 6C, AS, TS, 5C, 8H, AC, 7S, JD, 7H, 4S, 6H, 4C, TD, 6S, AD, 5D, JC, 3S, 3H, 9C, 5H, AH, 2C, 3C, 9H, 3D, 8C, 2D, 2S, 8S, 7D, QH, 9S]
2025-01-04 22:50:58,008 - Active Player: 1
2025-01-04 22:50:58,008 - STATE LOG: END
2025-01-04 22:50:58,027 - STATE LOG: BEGIN
2025-01-04 22:50:58,027 - Noah's Hand: [4D]
2025-01-04 22:50:58,027 - Eve's Hand: [4H, 6D]
2025-01-04 22:50:58,027 - Boss: Rank: 12 | Suit D | Attack 4 | Health 10
2025-01-04 22:50:58,027 - Tavern: []
2025-01-04 22:50:58,027 - Castle: [KS, KD, KH, KC, QC, QS]
2025-01-04 22:50:58,027 - Discard: [2H, TC, 8D, JH, TH, 5S, 6C, AS, TS, 5C, 8H, AC, 7S, JD, 7H, 4S, 6H, 4C, TD, 6S, AD, 5D, JC, 3S, 3H, 9C, 5H, AH, 2C, 3C, 9H, 3D, 8C, 2D, 2S, 8S, 7D, QH, 9S, 7C]
2025-01-04 22:50:58,027 - Active Player: 2
2025-01-04 22:50:58,027 - STATE LOG: END
2025-01-04 22:50:58,032 - STATE LOG: BEGIN
2025-01-04 22:50:58,032 - Noah's Hand: [4D]
2025-01-04 22:50:58,032 - Eve's Hand: [6D]
2025-01-04 22:50:58,032 - Boss: Rank: 12 | Suit D | Attack 4 | Health 10
2025-01-04 22:50:58,032 - Tavern: []
2025-01-04 22:50:58,032 - Castle: [KS, KD, KH, KC, QC, QS]
2025-01-04 22:50:58,032 - Discard: [2H, TC, 8D, JH, TH, 5S, 6C, AS, TS, 5C, 8H, AC, 7S, JD, 7H, 4S, 6H, 4C, TD, 6S, AD, 5D, JC, 3S, 3H, 9C, 5H, AH, 2C, 3C, 9H, 3D, 8C, 2D, 2S, 8S, 7D, QH, 9S, 7C, 4H]
2025-01-04 22:50:58,032 - Active Player: 1
2025-01-04 22:50:58,032 - STATE LOG: END
2025-01-04 22:50:58,033 - STATE LOG: BEGIN
2025-01-04 22:50:58,033 - Noah's Hand: []
2025-01-04 22:50:58,033 - Eve's Hand: [6D]
2025-01-04 22:50:58,033 - Boss: Rank: 12 | Suit D | Attack 4 | Health 6
2025-01-04 22:50:58,033 - Tavern: []
2025-01-04 22:50:58,033 - Castle: [KS, KD, KH, KC, QC, QS]
2025-01-04 22:50:58,033 - Discard: [2H, TC, 8D, JH, TH, 5S, 6C, AS, TS, 5C, 8H, AC, 7S, JD, 7H, 4S, 6H, 4C, TD, 6S, AD, 5D, JC, 3S, 3H, 9C, 5H, AH, 2C, 3C, 9H, 3D, 8C, 2D, 2S, 8S, 7D, QH, 9S, 7C, 4H]
2025-01-04 22:50:58,033 - Active Player: 2
2025-01-04 22:50:58,033 - STATE LOG: END
