2025-01-04 15:57:52,864 - I log states! :D
2025-01-04 15:57:52,864 - STATE LOG: BEGIN
2025-01-04 15:57:52,864 - Noah's Hand: [3S, 8S, 7S, 4C, 6S, 2C, 8H]
2025-01-04 15:57:52,864 - Eve's Hand: [8D, TD, 5D, TC, 4S, 6C, 2D]
2025-01-04 15:57:52,864 - Boss: Rank: 11 | Suit H | Attack 10 | Health 20
2025-01-04 15:57:52,864 - Tavern: [5H, 2S, 2H, 5C, 6H, 8C, AH, 4H, 9D, 4D, 3C, AD, 7H, 6D, 7C, 9H, 3D, TH, 9C, 7D, 5S, AS, 3H, 9S, TS, AC]
2025-01-04 15:57:52,864 - Castle: [KS, KD, KH, KC, QC, QD, QH, QS, JD, JS, JC]
2025-01-04 15:57:52,864 - Discard: []
2025-01-04 15:57:52,864 - Active Player: 1
2025-01-04 15:57:52,864 - STATE LOG: END
2025-01-04 15:57:52,947 - STATE LOG: BEGIN
2025-01-04 15:57:52,948 - Noah's Hand: [2C, 4C, 6S, 7S, 8H]
2025-01-04 15:57:52,948 - Eve's Hand: [8D, TD, 5D, TC, 4S, 6C, 2D]
2025-01-04 15:57:52,948 - Boss: Rank: 11 | Suit H | Attack 7 | Health 17
2025-01-04 15:57:52,948 - Tavern: [5H, 2S, 2H, 5C, 6H, 8C, AH, 4H, 9D, 4D, 3C, AD, 7H, 6D, 7C, 9H, 3D, TH, 9C, 7D, 5S, AS, 3H, 9S, TS, AC]
2025-01-04 15:57:52,948 - Castle: [KS, KD, KH, KC, QC, QD, QH, QS, JD, JS, JC]
2025-01-04 15:57:52,948 - Discard: [8S]
2025-01-04 15:57:52,948 - Active Player: 2
2025-01-04 15:57:52,948 - STATE LOG: END
2025-01-04 15:57:53,007 - STATE LOG: BEGIN
2025-01-04 15:57:53,007 - Noah's Hand: [2C, 4C, 6S, 7S, 8H]
2025-01-04 15:57:53,007 - Eve's Hand: [2D, 5D, 6C, 8D, TC]
2025-01-04 15:57:53,007 - Boss: Rank: 11 | Suit H | Attack 3 | Health 13
2025-01-04 15:57:53,007 - Tavern: [5H, 2S, 2H, 5C, 6H, 8C, AH, 4H, 9D, 4D, 3C, AD, 7H, 6D, 7C, 9H, 3D, TH, 9C, 7D, 5S, AS, 3H, 9S, TS, AC]
2025-01-04 15:57:53,007 - Castle: [KS, KD, KH, KC, QC, QD, QH, QS, JD, JS, JC]
2025-01-04 15:57:53,007 - Discard: [8S, TD]
2025-01-04 15:57:53,007 - Active Player: 1
2025-01-04 15:57:53,007 - STATE LOG: END
2025-01-04 15:57:53,064 - STATE LOG: BEGIN
2025-01-04 15:57:53,064 - Noah's Hand: [2C, 4C, 7S, 8H]
2025-01-04 15:57:53,064 - Eve's Hand: [2D, 5D, 6C, 8D, TC]
2025-01-04 15:57:53,064 - Boss: Rank: 11 | Suit H | Attack 0 | Health 7
2025-01-04 15:57:53,064 - Tavern: [5H, 2S, 2H, 5C, 6H, 8C, AH, 4H, 9D, 4D, 3C, AD, 7H, 6D, 7C, 9H, 3D, TH, 9C, 7D, 5S, AS, 3H, 9S, TS, AC]
2025-01-04 15:57:53,064 - Castle: [KS, KD, KH, KC, QC, QD, QH, QS, JD, JS, JC]
2025-01-04 15:57:53,064 - Discard: [8S, TD]
2025-01-04 15:57:53,064 - Active Player: 2
2025-01-04 15:57:53,064 - STATE LOG: END
2025-01-04 15:57:53,144 - STATE LOG: BEGIN
2025-01-04 15:57:53,145 - Noah's Hand: [2C, 4C, 7S, 8H, TS, 3H, 5S]
2025-01-04 15:57:53,145 - Eve's Hand: [2D, 5D, 6C, TC, AC, 9S, AS]
2025-01-04 15:57:53,145 - Boss: Rank: 11 | Suit C | Attack 10 | Health 20
2025-01-04 15:57:53,145 - Tavern: [5H, 2S, 2H, 5C, 6H, 8C, AH, 4H, 9D, 4D, 3C, AD, 7H, 6D, 7C, 9H, 3D, TH, 9C, 7D]
2025-01-04 15:57:53,145 - Castle: [KS, KD, KH, KC, QC, QD, QH, QS, JD, JS]
2025-01-04 15:57:53,145 - Discard: [8S, TD, 3S, 6S, 4S, 8D, JH]
2025-01-04 15:57:53,145 - Active Player: 2
2025-01-04 15:57:53,145 - STATE LOG: END
2025-01-04 15:57:53,207 - STATE LOG: BEGIN
2025-01-04 15:57:53,207 - Noah's Hand: [2C, 4C, 7S, 8H, TS, 3H, 5S]
2025-01-04 15:57:53,207 - Eve's Hand: [AC, AS, 2D, 5D, 6C]
2025-01-04 15:57:53,207 - Boss: Rank: 11 | Suit C | Attack 1 | Health 11
2025-01-04 15:57:53,207 - Tavern: [5H, 2S, 2H, 5C, 6H, 8C, AH, 4H, 9D, 4D, 3C, AD, 7H, 6D, 7C, 9H, 3D, TH, 9C, 7D]
2025-01-04 15:57:53,207 - Castle: [KS, KD, KH, KC, QC, QD, QH, QS, JD, JS]
2025-01-04 15:57:53,207 - Discard: [8S, TD, 3S, 6S, 4S, 8D, JH, TC]
2025-01-04 15:57:53,207 - Active Player: 1
2025-01-04 15:57:53,207 - STATE LOG: END
2025-01-04 15:57:53,266 - STATE LOG: BEGIN
2025-01-04 15:57:53,266 - Noah's Hand: [2C, 3H, 5S, 7S, 8H]
2025-01-04 15:57:53,266 - Eve's Hand: [AC, AS, 2D, 5D, 6C]
2025-01-04 15:57:53,266 - Boss: Rank: 11 | Suit C | Attack 1 | Health 7
2025-01-04 15:57:53,266 - Tavern: [5H, 2S, 2H, 5C, 6H, 8C, AH, 4H, 9D, 4D, 3C, AD, 7H, 6D, 7C, 9H, 3D, TH, 9C, 7D]
2025-01-04 15:57:53,266 - Castle: [KS, KD, KH, KC, QC, QD, QH, QS, JD, JS]
2025-01-04 15:57:53,266 - Discard: [8S, TD, 3S, 6S, 4S, 8D, JH, TC, TS]
2025-01-04 15:57:53,266 - Active Player: 2
2025-01-04 15:57:53,266 - STATE LOG: END
2025-01-04 15:57:53,323 - STATE LOG: BEGIN
2025-01-04 15:57:53,323 - Noah's Hand: [2C, 3H, 5S, 7S, 8H, 9C]
2025-01-04 15:57:53,323 - Eve's Hand: [AC, AS, 5D, 6C]
2025-01-04 15:57:53,323 - Boss: Rank: 11 | Suit C | Attack 1 | Health 5
2025-01-04 15:57:53,323 - Tavern: [5H, 2S, 2H, 5C, 6H, 8C, AH, 4H, 9D, 4D, 3C, AD, 7H, 6D, 7C, 9H, 3D, TH]
2025-01-04 15:57:53,323 - Castle: [KS, KD, KH, KC, QC, QD, QH, QS, JD, JS]
2025-01-04 15:57:53,323 - Discard: [8S, TD, 3S, 6S, 4S, 8D, JH, TC, TS, 7D]
2025-01-04 15:57:53,323 - Active Player: 1
2025-01-04 15:57:53,323 - STATE LOG: END
2025-01-04 15:57:53,374 - STATE LOG: BEGIN
2025-01-04 15:57:53,374 - Noah's Hand: [3H, 5S, 7S, 8H]
2025-01-04 15:57:53,375 - Eve's Hand: [AC, AS, 5D, 6C]
2025-01-04 15:57:53,375 - Boss: Rank: 11 | Suit C | Attack 1 | Health 3
2025-01-04 15:57:53,375 - Tavern: [5H, 2S, 2H, 5C, 6H, 8C, AH, 4H, 9D, 4D, 3C, AD, 7H, 6D, 7C, 9H, 3D, TH]
2025-01-04 15:57:53,375 - Castle: [KS, KD, KH, KC, QC, QD, QH, QS, JD, JS]
2025-01-04 15:57:53,375 - Discard: [8S, TD, 3S, 6S, 4S, 8D, JH, TC, TS, 7D, 9C]
2025-01-04 15:57:53,375 - Active Player: 2
2025-01-04 15:57:53,375 - STATE LOG: END
2025-01-04 15:57:53,422 - STATE LOG: BEGIN
2025-01-04 15:57:53,422 - Noah's Hand: [3H, 5S, 7S, 8H, 3D, 7C, 7H]
2025-01-04 15:57:53,422 - Eve's Hand: [AS, 6C, TH, 9H, 6D]
2025-01-04 15:57:53,422 - Boss: Rank: 11 | Suit S | Attack 10 | Health 20
2025-01-04 15:57:53,422 - Tavern: [5H, 2S, 2H, 5C, 6H, 8C, AH, 4H, 9D, 4D, 3C, AD]
2025-01-04 15:57:53,422 - Castle: [KS, KD, KH, KC, QC, QD, QH, QS, JD]
2025-01-04 15:57:53,422 - Discard: [8S, TD, 3S, 6S, 4S, 8D, JH, TC, TS, 7D, 9C, 4C, 2C, 9S, 2D, AC, 5D, JC]
2025-01-04 15:57:53,422 - Active Player: 2
2025-01-04 15:57:53,422 - STATE LOG: END
2025-01-04 15:57:53,501 - STATE LOG: BEGIN
2025-01-04 15:57:53,501 - Noah's Hand: [3H, 5S, 7S, 8H, 3D, 7C, 7H]
2025-01-04 15:57:53,501 - Eve's Hand: [6D, 9H]
2025-01-04 15:57:53,501 - Boss: Rank: 11 | Suit S | Attack 10 | Health 6
2025-01-04 15:57:53,501 - Tavern: [5H, 2S, 2H, 5C, 6H, 8C, AH, 4H, 9D, 4D, 3C, AD]
2025-01-04 15:57:53,502 - Castle: [KS, KD, KH, KC, QC, QD, QH, QS, JD]
2025-01-04 15:57:53,502 - Discard: [8S, TD, 3S, 6S, 4S, 8D, JH, TC, TS, 7D, 9C, 4C, 2C, 9S, 2D, AC, 5D, JC, TH]
2025-01-04 15:57:53,502 - Active Player: 1
2025-01-04 15:57:53,502 - STATE LOG: END
2025-01-04 15:57:53,550 - STATE LOG: BEGIN
2025-01-04 15:57:53,550 - Noah's Hand: [5S, 7C, 7H, 7S, 8H, AD, 4D]
2025-01-04 15:57:53,550 - Eve's Hand: [6D, 9H, 3C, 9D, 4H, AH]
2025-01-04 15:57:53,550 - Boss: Rank: 11 | Suit D | Attack 10 | Health 20
2025-01-04 15:57:53,550 - Tavern: [4C, 6S, 2C, TC, JC, 2D, 5H, 2S, 2H, 5C, 6H, 8C]
2025-01-04 15:57:53,550 - Castle: [KS, KD, KH, KC, QC, QD, QH, QS]
2025-01-04 15:57:53,550 - Discard: [TS, 4S, TH, TD, 8D, 9S, 3S, AC, 5D, 7D, JH, 8S, 9C, 3D, 3H, AS, 6C]
2025-01-04 15:57:53,550 - Active Player: 1
2025-01-04 15:57:53,550 - STATE LOG: END
2025-01-04 15:57:53,607 - STATE LOG: BEGIN
2025-01-04 15:57:53,607 - Noah's Hand: [4D, 5S, 7H]
2025-01-04 15:57:53,607 - Eve's Hand: [6D, 9H, 3C, 9D, 4H, AH]
2025-01-04 15:57:53,607 - Boss: Rank: 11 | Suit D | Attack 10 | Health 4
2025-01-04 15:57:53,607 - Tavern: [4C, 6S, 2C, TC, JC, 2D, 5H, 2S, 2H, 5C, 6H, 8C]
2025-01-04 15:57:53,607 - Castle: [KS, KD, KH, KC, QC, QD, QH, QS]
2025-01-04 15:57:53,607 - Discard: [TS, 4S, TH, TD, 8D, 9S, 3S, AC, 5D, 7D, JH, 8S, 9C, 3D, 3H, AS, 6C, 8H, 7S]
2025-01-04 15:57:53,607 - Active Player: 2
2025-01-04 15:57:53,607 - STATE LOG: END
2025-01-04 15:57:53,662 - STATE LOG: BEGIN
2025-01-04 15:57:53,662 - Noah's Hand: [4D, 5S, 7H]
2025-01-04 15:57:53,662 - Eve's Hand: [AH, 3C, 4H, 6D]
2025-01-04 15:57:53,662 - Boss: Rank: 11 | Suit D | Attack 10 | Health 4
2025-01-04 15:57:53,662 - Tavern: [4C, 6S, 2C, TC, JC, 2D, 5H, 2S, 2H, 5C, 6H, 8C]
2025-01-04 15:57:53,662 - Castle: [KS, KD, KH, KC, QC, QD, QH, QS]
2025-01-04 15:57:53,662 - Discard: [TS, 4S, TH, TD, 8D, 9S, 3S, AC, 5D, 7D, JH, 8S, 9C, 3D, 3H, AS, 6C, 8H, 7S, 9H, 9D]
2025-01-04 15:57:53,662 - Active Player: 1
2025-01-04 15:57:53,662 - STATE LOG: END
2025-01-04 15:57:53,673 - STATE LOG: BEGIN
2025-01-04 15:57:53,673 - Noah's Hand: [5S, 7H]
2025-01-04 15:57:53,673 - Eve's Hand: [AH, 3C, 4H, 6D]
2025-01-04 15:57:53,673 - Boss: Rank: 12 | Suit S | Attack 15 | Health 30
2025-01-04 15:57:53,673 - Tavern: [4C, 6S, 2C, TC, JC, 2D, 5H, 2S, 2H, 5C, 6H, 8C]
2025-01-04 15:57:53,673 - Castle: [KS, KD, KH, KC, QC, QD, QH]
2025-01-04 15:57:53,673 - Discard: [TS, 4S, TH, TD, 8D, 9S, 3S, AC, 5D, 7D, JH, 8S, 9C, 3D, 3H, AS, 6C, 8H, 7S, 9H, 9D, AD, 7C, 4D]
2025-01-04 15:57:53,673 - Active Player: 1
2025-01-04 15:57:53,673 - STATE LOG: END
2025-01-04 15:57:53,676 - STATE LOG: BEGIN
2025-01-04 15:57:53,676 - Noah's Hand: [5S, 7H]
2025-01-04 15:57:53,676 - Eve's Hand: [AH, 3C, 4H, 6D]
2025-01-04 15:57:53,676 - Boss: Rank: 12 | Suit S | Attack 15 | Health 30
2025-01-04 15:57:53,676 - Tavern: [4C, 6S, 2C, TC, JC, 2D, 5H, 2S, 2H, 5C, 6H, 8C]
2025-01-04 15:57:53,676 - Castle: [KS, KD, KH, KC, QC, QD, QH]
2025-01-04 15:57:53,676 - Discard: [TS, 4S, TH, TD, 8D, 9S, 3S, AC, 5D, 7D, JH, 8S, 9C, 3D, 3H, AS, 6C, 8H, 7S, 9H, 9D, AD, 7C, 4D]
2025-01-04 15:57:53,676 - Active Player: 2
2025-01-04 15:57:53,676 - STATE LOG: END
