2025-01-04 22:06:09,401 - I log states! :D
2025-01-04 22:06:09,401 - STATE LOG: BEGIN
2025-01-04 22:06:09,401 - Noah's Hand: [5D, 7C, AD, TS, 2H, 6C, 2D]
2025-01-04 22:06:09,401 - Eve's Hand: [7D, 4D, 2S, 3H, 8C, 5S, 7S]
2025-01-04 22:06:09,401 - Boss: Rank: 11 | Suit S | Attack 10 | Health 20
2025-01-04 22:06:09,402 - Tavern: [7H, 9C, TC, 6H, 5H, 9D, 4H, 6D, AC, 4S, TD, 8H, 2C, 4C, AS, 8D, 3D, 3S, 6S, AH, 9S, TH, 5C, 3C, 9H, 8S]
2025-01-04 22:06:09,402 - Castle: [KC, KD, KS, KH, QC, QS, QH, QD, JC, JD, JH]
2025-01-04 22:06:09,402 - Discard: []
2025-01-04 22:06:09,402 - Active Player: 1
2025-01-04 22:06:09,402 - STATE LOG: END
2025-01-04 22:06:19,425 - STATE LOG: BEGIN
2025-01-04 22:06:19,426 - Noah's Hand: [AD, 5D, 6C, 7C, 8S]
2025-01-04 22:06:19,426 - Eve's Hand: [7D, 4D, 2S, 3H, 8C, 5S, 7S]
2025-01-04 22:06:19,426 - Boss: Rank: 11 | Suit S | Attack 10 | Health 16
2025-01-04 22:06:19,426 - Tavern: [7H, 9C, TC, 6H, 5H, 9D, 4H, 6D, AC, 4S, TD, 8H, 2C, 4C, AS, 8D, 3D, 3S, 6S, AH, 9S, TH, 5C, 3C]
2025-01-04 22:06:19,426 - Castle: [KC, KD, KS, KH, QC, QS, QH, QD, JC, JD, JH]
2025-01-04 22:06:19,426 - Discard: [9H, TS]
2025-01-04 22:06:19,426 - Active Player: 2
2025-01-04 22:06:19,426 - STATE LOG: END
2025-01-04 22:06:29,444 - STATE LOG: BEGIN
2025-01-04 22:06:29,445 - Noah's Hand: [AD, 5D, 6C, 7C, 8S, 5C, TH]
2025-01-04 22:06:29,445 - Eve's Hand: [7D, 7S, 8C, 3C]
2025-01-04 22:06:29,445 - Boss: Rank: 11 | Suit S | Attack 10 | Health 12
2025-01-04 22:06:29,445 - Tavern: [7H, 9C, TC, 6H, 5H, 9D, 4H, 6D, AC, 4S, TD, 8H, 2C, 4C, AS, 8D, 3D, 3S, 6S, AH, 9S]
2025-01-04 22:06:29,445 - Castle: [KC, KD, KS, KH, QC, QS, QH, QD, JC, JD, JH]
2025-01-04 22:06:29,445 - Discard: [9H, TS, 2S, 3H, 5S]
2025-01-04 22:06:29,445 - Active Player: 1
2025-01-04 22:06:29,445 - STATE LOG: END
2025-01-04 22:06:39,550 - STATE LOG: BEGIN
2025-01-04 22:06:39,550 - Noah's Hand: [5C, 5D, 7C, 8S, 6S]
2025-01-04 22:06:39,550 - Eve's Hand: [7D, 7S, 8C, 3C, AH, 3S, 3D]
2025-01-04 22:06:39,550 - Boss: Rank: 11 | Suit S | Attack 10 | Health 1
2025-01-04 22:06:39,550 - Tavern: [9H, 5S, 2S, TS, 3H, 7H, 9C, TC, 6H, 5H, 9D, 4H, 6D, AC, 4S, TD, 8H, 2C, 4C, AS, 8D]
2025-01-04 22:06:39,550 - Castle: [KC, KD, KS, KH, QC, QS, QH, QD, JC, JD, JH]
2025-01-04 22:06:39,550 - Discard: [6C, 9S]
2025-01-04 22:06:39,550 - Active Player: 2
2025-01-04 22:06:39,550 - STATE LOG: END
2025-01-04 22:06:49,551 - STATE LOG: BEGIN
2025-01-04 22:06:49,552 - Noah's Hand: [5C, 5D, 7C, 8S, 6S]
2025-01-04 22:06:49,552 - Eve's Hand: [AH, 3D, 3S, 7D, 7S, 8C]
2025-01-04 22:06:49,552 - Boss: Rank: 11 | Suit H | Attack 10 | Health 20
2025-01-04 22:06:49,552 - Tavern: [9H, 5S, 2S, TS, 3H, 7H, 9C, TC, 6H, 5H, 9D, 4H, 6D, AC, 4S, TD, 8H, 2C, 4C, AS, 8D]
2025-01-04 22:06:49,552 - Castle: [KC, KD, KS, KH, QC, QS, QH, QD, JC, JD]
2025-01-04 22:06:49,552 - Discard: [6C, 9S, 2D, 2H, AD, TH, 4D, 3C, JS]
2025-01-04 22:06:49,552 - Active Player: 2
2025-01-04 22:06:49,552 - STATE LOG: END
2025-01-04 22:06:59,552 - STATE LOG: BEGIN
2025-01-04 22:06:59,553 - Noah's Hand: [5C, 5D, 7C, 8S, 6S, AS, 2C]
2025-01-04 22:06:59,553 - Eve's Hand: [7D, 7S, 8D]
2025-01-04 22:06:59,553 - Boss: Rank: 11 | Suit H | Attack 10 | Health 16
2025-01-04 22:06:59,553 - Tavern: [9H, 5S, 2S, TS, 3H, 7H, 9C, TC, 6H, 5H, 9D, 4H, 6D, AC, 4S, TD, 8H]
2025-01-04 22:06:59,553 - Castle: [KC, KD, KS, KH, QC, QS, QH, QD, JC, JD]
2025-01-04 22:06:59,553 - Discard: [6C, 9S, 2D, 2H, AD, TH, 4D, 3C, JS, 3S, 4C, 8C]
2025-01-04 22:06:59,553 - Active Player: 1
2025-01-04 22:06:59,553 - STATE LOG: END
2025-01-04 22:07:05,240 - STATE LOG: BEGIN
2025-01-04 22:07:05,240 - Noah's Hand: [2C, 5C, 6S, 7C, 8S, 4S]
2025-01-04 22:07:05,240 - Eve's Hand: [7D, 7S, 8D, TD, AC, 6D, 4H]
2025-01-04 22:07:05,240 - Boss: Rank: 11 | Suit H | Attack 4 | Health 10
2025-01-04 22:07:05,240 - Tavern: [9H, 5S, 2S, TS, 3H, 7H, 9C, TC, 6H, 5H, 9D]
2025-01-04 22:07:05,240 - Castle: [KC, KD, KS, KH, QC, QS, QH, QD, JC, JD]
2025-01-04 22:07:05,240 - Discard: [6C, 9S, 2D, 2H, AD, TH, 4D, 3C, JS, 3S, 4C, 8C, 8H]
2025-01-04 22:07:05,240 - Active Player: 2
2025-01-04 22:07:05,240 - STATE LOG: END
2025-01-04 22:07:15,241 - STATE LOG: BEGIN
2025-01-04 22:07:15,242 - Noah's Hand: [2C, 5C, 6S, 7C, 8S, 4S]
2025-01-04 22:07:15,242 - Eve's Hand: [AC, 4H, 6D, 7D, 8D, TD]
2025-01-04 22:07:15,242 - Boss: Rank: 11 | Suit H | Attack 4 | Health 10
2025-01-04 22:07:15,242 - Tavern: [9H, 5S, 2S, TS, 3H, 7H, 9C, TC, 6H, 5H, 9D]
2025-01-04 22:07:15,242 - Castle: [KC, KD, KS, KH, QC, QS, QH, QD, JC, JD]
2025-01-04 22:07:15,242 - Discard: [6C, 9S, 2D, 2H, AD, TH, 4D, 3C, JS, 3S, 4C, 8C, 8H, 7S]
2025-01-04 22:07:15,242 - Active Player: 1
2025-01-04 22:07:15,242 - STATE LOG: END
2025-01-04 22:07:25,243 - STATE LOG: BEGIN
2025-01-04 22:07:25,243 - Noah's Hand: [2C, 5C, 6S, 7C, 8S]
2025-01-04 22:07:25,243 - Eve's Hand: [AC, 4H, 6D, 7D, 8D, TD]
2025-01-04 22:07:25,243 - Boss: Rank: 11 | Suit H | Attack 0 | Health 6
2025-01-04 22:07:25,243 - Tavern: [9H, 5S, 2S, TS, 3H, 7H, 9C, TC, 6H, 5H, 9D]
2025-01-04 22:07:25,243 - Castle: [KC, KD, KS, KH, QC, QS, QH, QD, JC, JD]
2025-01-04 22:07:25,243 - Discard: [6C, 9S, 2D, 2H, AD, TH, 4D, 3C, JS, 3S, 4C, 8C, 8H, 7S]
2025-01-04 22:07:25,243 - Active Player: 2
2025-01-04 22:07:25,243 - STATE LOG: END
2025-01-04 22:07:35,243 - STATE LOG: BEGIN
2025-01-04 22:07:35,244 - Noah's Hand: [2C, 5C, 6S, 7C, 8S, 5H, TC]
2025-01-04 22:07:35,244 - Eve's Hand: [AC, 4H, 6D, 7D, TD, 9D, 6H]
2025-01-04 22:07:35,244 - Boss: Rank: 11 | Suit D | Attack 10 | Health 20
2025-01-04 22:07:35,244 - Tavern: [9H, 5S, 2S, TS, 3H, 7H, 9C]
2025-01-04 22:07:35,245 - Castle: [KC, KD, KS, KH, QC, QS, QH, QD, JC]
2025-01-04 22:07:35,245 - Discard: [6C, 9S, 2D, 2H, AD, TH, 4D, 3C, JS, 3S, 4C, 8C, 8H, 7S, AS, 5D, 4S, AH, 3D, 8D, JH]
2025-01-04 22:07:35,245 - Active Player: 2
2025-01-04 22:07:35,245 - STATE LOG: END
2025-01-04 22:07:45,245 - STATE LOG: BEGIN
2025-01-04 22:07:45,246 - Noah's Hand: [2C, 5C, 6S, 7C, 8S, 5H, TC]
2025-01-04 22:07:45,246 - Eve's Hand: [AC, 6D, 7D, 9D, TD]
2025-01-04 22:07:45,246 - Boss: Rank: 11 | Suit D | Attack 10 | Health 20
2025-01-04 22:07:45,246 - Tavern: [9H, 5S, 2S, TS, 3H, 7H, 9C]
2025-01-04 22:07:45,246 - Castle: [KC, KD, KS, KH, QC, QS, QH, QD, JC]
2025-01-04 22:07:45,246 - Discard: [6C, 9S, 2D, 2H, AD, TH, 4D, 3C, JS, 3S, 4C, 8C, 8H, 7S, AS, 5D, 4S, AH, 3D, 8D, JH, 4H, 6H]
2025-01-04 22:07:45,246 - Active Player: 1
2025-01-04 22:07:45,246 - STATE LOG: END
2025-01-04 22:07:55,247 - STATE LOG: BEGIN
2025-01-04 22:07:55,248 - Noah's Hand: [2C, 6S, 7C, 8S, TC]
2025-01-04 22:07:55,248 - Eve's Hand: [AC, 6D, 7D, 9D, TD]
2025-01-04 22:07:55,248 - Boss: Rank: 11 | Suit C | Attack 10 | Health 20
2025-01-04 22:07:55,248 - Tavern: [9S, 6C, 4D, 8D, JS, AS, 2H, AD, 3D, 3C, 9H, 5S, 2S, TS, 3H, 7H, 9C]
2025-01-04 22:07:55,248 - Castle: [KC, KD, KS, KH, QC, QS, QH, QD]
2025-01-04 22:07:55,248 - Discard: [7S, 4S, 5D, 2D, 3S, 4C, TH, JH, 8H, 4H, 8C, AH, 6H, 5C, 5H]
2025-01-04 22:07:55,248 - Active Player: 1
2025-01-04 22:07:55,248 - STATE LOG: END
2025-01-04 22:08:00,996 - STATE LOG: BEGIN
2025-01-04 22:08:00,996 - Noah's Hand: [6S, 7C]
2025-01-04 22:08:00,996 - Eve's Hand: [AC, 6D, 7D, 9D, TD]
2025-01-04 22:08:00,996 - Boss: Rank: 11 | Suit C | Attack 10 | Health 18
2025-01-04 22:08:00,996 - Tavern: [9S, 6C, 4D, 8D, JS, AS, 2H, AD, 3D, 3C, 9H, 5S, 2S, TS, 3H, 7H, 9C]
2025-01-04 22:08:00,996 - Castle: [KC, KD, KS, KH, QC, QS, QH, QD]
2025-01-04 22:08:00,996 - Discard: [7S, 4S, 5D, 2D, 3S, 4C, TH, JH, 8H, 4H, 8C, AH, 6H, 5C, 5H, 8S, TC]
2025-01-04 22:08:00,996 - Active Player: 2
2025-01-04 22:08:00,996 - STATE LOG: END
2025-01-04 22:08:07,072 - STATE LOG: BEGIN
2025-01-04 22:08:07,072 - Noah's Hand: [6S, 7C, 9C, 3H, 2S, 5S]
2025-01-04 22:08:07,072 - Eve's Hand: [6D, 9D, TD, JD]
2025-01-04 22:08:07,072 - Boss: Rank: 11 | Suit C | Attack 10 | Health 11
2025-01-04 22:08:07,072 - Tavern: [9S, 6C, 4D, 8D, JS, AS, 2H, AD, 3D, 3C, 9H]
2025-01-04 22:08:07,072 - Castle: [KC, KD, KS, KH, QC, QS, QH, QD]
2025-01-04 22:08:07,072 - Discard: [7S, 4S, 5D, 2D, 3S, 4C, TH, JH, 8H, 4H, 8C, AH, 6H, 5C, 5H, 8S, TC, AC, 7H, TS]
2025-01-04 22:08:07,072 - Active Player: 1
2025-01-04 22:08:07,072 - STATE LOG: END
2025-01-04 22:08:16,115 - STATE LOG: BEGIN
2025-01-04 22:08:16,117 - Noah's Hand: [3H, 5S, 6S, 7C]
2025-01-04 22:08:16,117 - Eve's Hand: [6D, 9D, TD, JD]
2025-01-04 22:08:16,117 - Boss: Rank: 11 | Suit C | Attack 8 | Health 9
2025-01-04 22:08:16,117 - Tavern: [9S, 6C, 4D, 8D, JS, AS, 2H, AD, 3D, 3C, 9H]
2025-01-04 22:08:16,117 - Castle: [KC, KD, KS, KH, QC, QS, QH, QD]
2025-01-04 22:08:16,117 - Discard: [7S, 4S, 5D, 2D, 3S, 4C, TH, JH, 8H, 4H, 8C, AH, 6H, 5C, 5H, 8S, TC, AC, 7H, TS, 9C]
2025-01-04 22:08:16,117 - Active Player: 2
2025-01-04 22:08:16,117 - STATE LOG: END
2025-01-04 22:08:23,941 - STATE LOG: BEGIN
2025-01-04 22:08:23,941 - Noah's Hand: [3H, 5S, 6S, 7C, 3C, AD, AS]
2025-01-04 22:08:23,941 - Eve's Hand: [9D, TD, JD, 3D, 2H]
2025-01-04 22:08:23,941 - Boss: Rank: 11 | Suit C | Attack 8 | Health 3
2025-01-04 22:08:23,941 - Tavern: [9S, 6C, 4D, 8D, JS]
2025-01-04 22:08:23,941 - Castle: [KC, KD, KS, KH, QC, QS, QH, QD]
2025-01-04 22:08:23,941 - Discard: [7S, 4S, 5D, 2D, 3S, 4C, TH, JH, 8H, 4H, 8C, AH, 6H, 5C, 5H, 8S, TC, AC, 7H, TS, 9C, 9H]
2025-01-04 22:08:23,941 - Active Player: 1
2025-01-04 22:08:23,941 - STATE LOG: END
2025-01-04 22:08:28,566 - STATE LOG: BEGIN
2025-01-04 22:08:28,566 - Noah's Hand: [AD, 3C, 3H, 5S, 6S]
2025-01-04 22:08:28,566 - Eve's Hand: [9D, TD, JD, 3D, 2H]
2025-01-04 22:08:28,566 - Boss: Rank: 11 | Suit C | Attack 8 | Health 3
2025-01-04 22:08:28,566 - Tavern: [9S, 6C, 4D, 8D, JS]
2025-01-04 22:08:28,566 - Castle: [KC, KD, KS, KH, QC, QS, QH, QD]
2025-01-04 22:08:28,566 - Discard: [7S, 4S, 5D, 2D, 3S, 4C, TH, JH, 8H, 4H, 8C, AH, 6H, 5C, 5H, 8S, TC, AC, 7H, TS, 9C, 9H, AS, 7C]
2025-01-04 22:08:28,566 - Active Player: 2
2025-01-04 22:08:28,566 - STATE LOG: END
2025-01-04 22:08:33,122 - STATE LOG: BEGIN
2025-01-04 22:08:33,123 - Noah's Hand: [AD, 3C, 3H, 5S, 6S]
2025-01-04 22:08:33,123 - Eve's Hand: [3D, TD, JD]
2025-01-04 22:08:33,123 - Boss: Rank: 11 | Suit C | Attack 8 | Health 1
2025-01-04 22:08:33,123 - Tavern: [AS, TC, 9S, 6C, 4D, 8D, JS]
2025-01-04 22:08:33,123 - Castle: [KC, KD, KS, KH, QC, QS, QH, QD]
2025-01-04 22:08:33,123 - Discard: [TS, TH, 3S, 7H, 4C, 5D, AC, 7S, 8S, 5C, 8C, 8H, 9H, 6H, 4S, 4H, JH, 7C, 9C, 5H, 2D, AH, 9D]
2025-01-04 22:08:33,123 - Active Player: 1
2025-01-04 22:08:33,123 - STATE LOG: END
2025-01-04 22:08:34,351 - STATE LOG: BEGIN
2025-01-04 22:08:34,351 - Noah's Hand: [AD, 3C, 6S]
2025-01-04 22:08:34,351 - Eve's Hand: [3D, TD, JD]
2025-01-04 22:08:34,351 - Boss: Rank: 11 | Suit C | Attack 8 | Health 1
2025-01-04 22:08:34,351 - Tavern: [AS, TC, 9S, 6C, 4D, 8D, JS]
2025-01-04 22:08:34,351 - Castle: [KC, KD, KS, KH, QC, QS, QH, QD]
2025-01-04 22:08:34,351 - Discard: [TS, TH, 3S, 7H, 4C, 5D, AC, 7S, 8S, 5C, 8C, 8H, 9H, 6H, 4S, 4H, JH, 7C, 9C, 5H, 2D, AH, 9D, 5S, 3H]
2025-01-04 22:08:34,351 - Active Player: 2
2025-01-04 22:08:34,351 - STATE LOG: END
2025-01-04 22:08:36,310 - STATE LOG: BEGIN
2025-01-04 22:08:36,310 - Noah's Hand: [AD, 3C, 6S, 8D, 6C, TC]
2025-01-04 22:08:36,310 - Eve's Hand: [3D, TD, JS, 4D, 9S, AS]
2025-01-04 22:08:36,310 - Boss: Rank: 12 | Suit D | Attack 15 | Health 30
2025-01-04 22:08:36,310 - Tavern: []
2025-01-04 22:08:36,310 - Castle: [KC, KD, KS, KH, QC, QS, QH]
2025-01-04 22:08:36,310 - Discard: [TS, TH, 3S, 7H, 4C, 5D, AC, 7S, 8S, 5C, 8C, 8H, 9H, 6H, 4S, 4H, JH, 7C, 9C, 5H, 2D, AH, 9D, 5S, 3H, 2C, 2S, 7D, 6D, 2H, JD, JC]
2025-01-04 22:08:36,310 - Active Player: 2
2025-01-04 22:08:36,310 - STATE LOG: END
2025-01-04 22:08:38,014 - STATE LOG: BEGIN
2025-01-04 22:08:38,015 - Noah's Hand: [AD, 3C, 6S, 8D, 6C, TC]
2025-01-04 22:08:38,015 - Eve's Hand: [3D, 4D, TD]
2025-01-04 22:08:38,015 - Boss: Rank: 12 | Suit D | Attack 4 | Health 19
2025-01-04 22:08:38,015 - Tavern: []
2025-01-04 22:08:38,015 - Castle: [KC, KD, KS, KH, QC, QS, QH]
2025-01-04 22:08:38,015 - Discard: [TS, TH, 3S, 7H, 4C, 5D, AC, 7S, 8S, 5C, 8C, 8H, 9H, 6H, 4S, 4H, JH, 7C, 9C, 5H, 2D, AH, 9D, 5S, 3H, 2C, 2S, 7D, 6D, 2H, JD, JC, AS, 9S]
2025-01-04 22:08:38,015 - Active Player: 1
2025-01-04 22:08:38,015 - STATE LOG: END
2025-01-04 22:08:39,142 - STATE LOG: BEGIN
2025-01-04 22:08:39,142 - Noah's Hand: [AD, 3C, 6C, 8D, TC]
2025-01-04 22:08:39,142 - Eve's Hand: [3D, 4D, TD]
2025-01-04 22:08:39,142 - Boss: Rank: 12 | Suit D | Attack 0 | Health 13
2025-01-04 22:08:39,142 - Tavern: []
2025-01-04 22:08:39,142 - Castle: [KC, KD, KS, KH, QC, QS, QH]
2025-01-04 22:08:39,142 - Discard: [TS, TH, 3S, 7H, 4C, 5D, AC, 7S, 8S, 5C, 8C, 8H, 9H, 6H, 4S, 4H, JH, 7C, 9C, 5H, 2D, AH, 9D, 5S, 3H, 2C, 2S, 7D, 6D, 2H, JD, JC, AS, 9S]
2025-01-04 22:08:39,142 - Active Player: 2
2025-01-04 22:08:39,142 - STATE LOG: END
2025-01-04 22:08:40,011 - STATE LOG: BEGIN
2025-01-04 22:08:40,011 - Noah's Hand: [AD, 3C, 6C, 8D, TC]
2025-01-04 22:08:40,011 - Eve's Hand: [3D, 4D, TD]
2025-01-04 22:08:40,011 - Boss: Rank: 12 | Suit D | Attack 0 | Health 13
2025-01-04 22:08:40,011 - Tavern: []
2025-01-04 22:08:40,011 - Castle: [KC, KD, KS, KH, QC, QS, QH]
2025-01-04 22:08:40,011 - Discard: [TS, TH, 3S, 7H, 4C, 5D, AC, 7S, 8S, 5C, 8C, 8H, 9H, 6H, 4S, 4H, JH, 7C, 9C, 5H, 2D, AH, 9D, 5S, 3H, 2C, 2S, 7D, 6D, 2H, JD, JC, AS, 9S]
2025-01-04 22:08:40,011 - Active Player: 1
2025-01-04 22:08:40,011 - STATE LOG: END
2025-01-04 22:08:40,743 - STATE LOG: BEGIN
2025-01-04 22:08:40,743 - Noah's Hand: [3C, 6C, 8D, TC]
2025-01-04 22:08:40,743 - Eve's Hand: [3D, 4D, TD]
2025-01-04 22:08:40,743 - Boss: Rank: 12 | Suit D | Attack 0 | Health 12
2025-01-04 22:08:40,743 - Tavern: []
2025-01-04 22:08:40,743 - Castle: [KC, KD, KS, KH, QC, QS, QH]
2025-01-04 22:08:40,743 - Discard: [TS, TH, 3S, 7H, 4C, 5D, AC, 7S, 8S, 5C, 8C, 8H, 9H, 6H, 4S, 4H, JH, 7C, 9C, 5H, 2D, AH, 9D, 5S, 3H, 2C, 2S, 7D, 6D, 2H, JD, JC, AS, 9S]
2025-01-04 22:08:40,743 - Active Player: 2
2025-01-04 22:08:40,743 - STATE LOG: END
2025-01-04 22:08:41,133 - STATE LOG: BEGIN
2025-01-04 22:08:41,133 - Noah's Hand: [3C, 6C, 8D, TC]
2025-01-04 22:08:41,133 - Eve's Hand: [3D, 4D, TD]
2025-01-04 22:08:41,133 - Boss: Rank: 12 | Suit D | Attack 0 | Health 12
2025-01-04 22:08:41,133 - Tavern: []
2025-01-04 22:08:41,133 - Castle: [KC, KD, KS, KH, QC, QS, QH]
2025-01-04 22:08:41,133 - Discard: [TS, TH, 3S, 7H, 4C, 5D, AC, 7S, 8S, 5C, 8C, 8H, 9H, 6H, 4S, 4H, JH, 7C, 9C, 5H, 2D, AH, 9D, 5S, 3H, 2C, 2S, 7D, 6D, 2H, JD, JC, AS, 9S]
2025-01-04 22:08:41,133 - Active Player: 1
2025-01-04 22:08:41,133 - STATE LOG: END
2025-01-04 22:08:41,260 - STATE LOG: BEGIN
2025-01-04 22:08:41,260 - Noah's Hand: [6C, 8D, TC]
2025-01-04 22:08:41,260 - Eve's Hand: [3D, 4D, TD]
2025-01-04 22:08:41,260 - Boss: Rank: 12 | Suit D | Attack 0 | Health 6
2025-01-04 22:08:41,260 - Tavern: []
2025-01-04 22:08:41,260 - Castle: [KC, KD, KS, KH, QC, QS, QH]
2025-01-04 22:08:41,260 - Discard: [TS, TH, 3S, 7H, 4C, 5D, AC, 7S, 8S, 5C, 8C, 8H, 9H, 6H, 4S, 4H, JH, 7C, 9C, 5H, 2D, AH, 9D, 5S, 3H, 2C, 2S, 7D, 6D, 2H, JD, JC, AS, 9S]
2025-01-04 22:08:41,260 - Active Player: 2
2025-01-04 22:08:41,260 - STATE LOG: END
2025-01-04 22:08:41,364 - STATE LOG: BEGIN
2025-01-04 22:08:41,364 - Noah's Hand: [6C, 8D, TC]
2025-01-04 22:08:41,364 - Eve's Hand: [3D, TD]
2025-01-04 22:08:41,364 - Boss: Rank: 12 | Suit D | Attack 0 | Health 2
2025-01-04 22:08:41,364 - Tavern: []
2025-01-04 22:08:41,364 - Castle: [KC, KD, KS, KH, QC, QS, QH]
2025-01-04 22:08:41,364 - Discard: [TS, TH, 3S, 7H, 4C, 5D, AC, 7S, 8S, 5C, 8C, 8H, 9H, 6H, 4S, 4H, JH, 7C, 9C, 5H, 2D, AH, 9D, 5S, 3H, 2C, 2S, 7D, 6D, 2H, JD, JC, AS, 9S]
2025-01-04 22:08:41,364 - Active Player: 1
2025-01-04 22:08:41,364 - STATE LOG: END
2025-01-04 22:08:41,390 - STATE LOG: BEGIN
2025-01-04 22:08:41,390 - Noah's Hand: [6C, 8D, TC]
2025-01-04 22:08:41,390 - Eve's Hand: [3D, TD]
2025-01-04 22:08:41,390 - Boss: Rank: 12 | Suit D | Attack 0 | Health 2
2025-01-04 22:08:41,390 - Tavern: []
2025-01-04 22:08:41,390 - Castle: [KC, KD, KS, KH, QC, QS, QH]
2025-01-04 22:08:41,390 - Discard: [TS, TH, 3S, 7H, 4C, 5D, AC, 7S, 8S, 5C, 8C, 8H, 9H, 6H, 4S, 4H, JH, 7C, 9C, 5H, 2D, AH, 9D, 5S, 3H, 2C, 2S, 7D, 6D, 2H, JD, JC, AS, 9S]
2025-01-04 22:08:41,390 - Active Player: 2
2025-01-04 22:08:41,390 - STATE LOG: END
2025-01-04 22:08:41,400 - STATE LOG: BEGIN
2025-01-04 22:08:41,400 - Noah's Hand: [6C, 8D, TC]
2025-01-04 22:08:41,400 - Eve's Hand: [3D]
2025-01-04 22:08:41,400 - Boss: Rank: 12 | Suit H | Attack 15 | Health 30
2025-01-04 22:08:41,400 - Tavern: []
2025-01-04 22:08:41,400 - Castle: [KC, KD, KS, KH, QC, QS]
2025-01-04 22:08:41,400 - Discard: [TS, TH, 3S, 7H, 4C, 5D, AC, 7S, 8S, 5C, 8C, 8H, 9H, 6H, 4S, 4H, JH, 7C, 9C, 5H, 2D, AH, 9D, 5S, 3H, 2C, 2S, 7D, 6D, 2H, JD, JC, AS, 9S, 6S, AD, 3C, JS, 4D, TD, QD]
2025-01-04 22:08:41,400 - Active Player: 2
2025-01-04 22:08:41,400 - STATE LOG: END
2025-01-04 22:08:41,404 - STATE LOG: BEGIN
2025-01-04 22:08:41,404 - Noah's Hand: [6C, 8D, TC]
2025-01-04 22:08:41,404 - Eve's Hand: [3D]
2025-01-04 22:08:41,404 - Boss: Rank: 12 | Suit H | Attack 15 | Health 30
2025-01-04 22:08:41,404 - Tavern: []
2025-01-04 22:08:41,404 - Castle: [KC, KD, KS, KH, QC, QS]
2025-01-04 22:08:41,404 - Discard: [TS, TH, 3S, 7H, 4C, 5D, AC, 7S, 8S, 5C, 8C, 8H, 9H, 6H, 4S, 4H, JH, 7C, 9C, 5H, 2D, AH, 9D, 5S, 3H, 2C, 2S, 7D, 6D, 2H, JD, JC, AS, 9S, 6S, AD, 3C, JS, 4D, TD, QD]
2025-01-04 22:08:41,404 - Active Player: 1
2025-01-04 22:08:41,404 - STATE LOG: END
