2025-01-04 21:17:44,825 - I log states! :D
2025-01-04 21:17:44,825 - STATE LOG: BEGIN
2025-01-04 21:17:44,825 - Noah's Hand: [2S, 9H, 3H, 8H, 5S, TC, 3S]
2025-01-04 21:17:44,825 - Eve's Hand: [AS, TS, 4C, 5D, 5H, TH, 9D]
2025-01-04 21:17:44,825 - Boss: Rank: 11 | Suit C | Attack 10 | Health 20
2025-01-04 21:17:44,825 - Tavern: [7D, 8C, 3C, AD, 6D, 5C, 4H, 6C, 9S, 2C, AC, 8D, 4D, 6S, 9C, 2H, 7H, 3D, 2D, 7S, 8S, AH, 4S, 7C, TD, 6H]
2025-01-04 21:17:44,825 - Castle: [KS, KC, KD, KH, QH, QC, QS, QD, JS, JD, JH]
2025-01-04 21:17:44,825 - Discard: []
2025-01-04 21:17:44,825 - Active Player: 1
2025-01-04 21:17:44,826 - STATE LOG: END
2025-01-04 21:17:44,973 - STATE LOG: BEGIN
2025-01-04 21:17:44,973 - Noah's Hand: [2S, 5S, 8H, TC]
2025-01-04 21:17:44,973 - Eve's Hand: [AS, TS, 4C, 5D, 5H, TH, 9D]
2025-01-04 21:17:44,973 - Boss: Rank: 11 | Suit C | Attack 4 | Health 14
2025-01-04 21:17:44,973 - Tavern: [7D, 8C, 3C, AD, 6D, 5C, 4H, 6C, 9S, 2C, AC, 8D, 4D, 6S, 9C, 2H, 7H, 3D, 2D, 7S, 8S, AH, 4S, 7C, TD, 6H]
2025-01-04 21:17:44,973 - Castle: [KS, KC, KD, KH, QH, QC, QS, QD, JS, JD, JH]
2025-01-04 21:17:44,973 - Discard: [9H]
2025-01-04 21:17:44,973 - Active Player: 2
2025-01-04 21:17:44,973 - STATE LOG: END
2025-01-04 21:17:45,164 - STATE LOG: BEGIN
2025-01-04 21:17:45,164 - Noah's Hand: [2S, 5S, 8H, TC, TD, 4S, AH]
2025-01-04 21:17:45,164 - Eve's Hand: [AS, 9D, TH, TS, 6H, 7C]
2025-01-04 21:17:45,164 - Boss: Rank: 11 | Suit C | Attack 4 | Health 4
2025-01-04 21:17:45,164 - Tavern: [9H, 7D, 8C, 3C, AD, 6D, 5C, 4H, 6C, 9S, 2C, AC, 8D, 4D, 6S, 9C, 2H, 7H, 3D, 2D, 7S, 8S]
2025-01-04 21:17:45,164 - Castle: [KS, KC, KD, KH, QH, QC, QS, QD, JS, JD, JH]
2025-01-04 21:17:45,164 - Discard: [4C]
2025-01-04 21:17:45,164 - Active Player: 1
2025-01-04 21:17:45,164 - STATE LOG: END
2025-01-04 21:17:45,299 - STATE LOG: BEGIN
2025-01-04 21:17:45,299 - Noah's Hand: [AH, 2S, 4S, 5S, 8H, TC, 8S]
2025-01-04 21:17:45,299 - Eve's Hand: [AS, 9D, TH, TS, 6H, 7C, 7S]
2025-01-04 21:17:45,299 - Boss: Rank: 11 | Suit H | Attack 10 | Health 20
2025-01-04 21:17:45,299 - Tavern: [9H, 7D, 8C, 3C, AD, 6D, 5C, 4H, 6C, 9S, 2C, AC, 8D, 4D, 6S, 9C, 2H, 7H, 3D, 2D]
2025-01-04 21:17:45,299 - Castle: [KS, KC, KD, KH, QH, QC, QS, QD, JS, JD]
2025-01-04 21:17:45,299 - Discard: [4C, 3H, 3S, TD, 5D, 5H, JC]
2025-01-04 21:17:45,299 - Active Player: 1
2025-01-04 21:17:45,299 - STATE LOG: END
2025-01-04 21:17:45,422 - STATE LOG: BEGIN
2025-01-04 21:17:45,423 - Noah's Hand: [AH, 2S, 4S, 8H, TC]
2025-01-04 21:17:45,423 - Eve's Hand: [AS, 9D, TH, TS, 6H, 7C, 7S]
2025-01-04 21:17:45,423 - Boss: Rank: 11 | Suit H | Attack 2 | Health 12
2025-01-04 21:17:45,423 - Tavern: [9H, 7D, 8C, 3C, AD, 6D, 5C, 4H, 6C, 9S, 2C, AC, 8D, 4D, 6S, 9C, 2H, 7H, 3D, 2D]
2025-01-04 21:17:45,423 - Castle: [KS, KC, KD, KH, QH, QC, QS, QD, JS, JD]
2025-01-04 21:17:45,423 - Discard: [4C, 3H, 3S, TD, 5D, 5H, JC, 5S]
2025-01-04 21:17:45,423 - Active Player: 2
2025-01-04 21:17:45,423 - STATE LOG: END
2025-01-04 21:17:45,549 - STATE LOG: BEGIN
2025-01-04 21:17:45,549 - Noah's Hand: [AH, 2S, 4S, 8H, TC, 3D, 2H]
2025-01-04 21:17:45,549 - Eve's Hand: [6H, 7C, 7S, TH, TS, 2D, 7H]
2025-01-04 21:17:45,549 - Boss: Rank: 11 | Suit H | Attack 0 | Health 2
2025-01-04 21:17:45,549 - Tavern: [9H, 7D, 8C, 3C, AD, 6D, 5C, 4H, 6C, 9S, 2C, AC, 8D, 4D, 6S, 9C]
2025-01-04 21:17:45,549 - Castle: [KS, KC, KD, KH, QH, QC, QS, QD, JS, JD]
2025-01-04 21:17:45,549 - Discard: [4C, 3H, 3S, TD, 5D, 5H, JC, 5S]
2025-01-04 21:17:45,549 - Active Player: 1
2025-01-04 21:17:45,549 - STATE LOG: END
2025-01-04 21:17:45,690 - STATE LOG: BEGIN
2025-01-04 21:17:45,690 - Noah's Hand: [2H, 2S, 4S, 8H, TC, 9C, 6S]
2025-01-04 21:17:45,690 - Eve's Hand: [6H, 7C, 7S, TH, TS, 2D, 7H]
2025-01-04 21:17:45,690 - Boss: Rank: 11 | Suit D | Attack 10 | Health 20
2025-01-04 21:17:45,690 - Tavern: [9H, 7D, 8C, 3C, AD, 6D, 5C, 4H, 6C, 9S, 2C, AC, 8D, 4D]
2025-01-04 21:17:45,690 - Castle: [KS, KC, KD, KH, QH, QC, QS, QD, JS]
2025-01-04 21:17:45,690 - Discard: [4C, 3H, 3S, TD, 5D, 5H, JC, 5S, 8S, AH, 3D, AS, 9D, JH]
2025-01-04 21:17:45,690 - Active Player: 1
2025-01-04 21:17:45,690 - STATE LOG: END
2025-01-04 21:17:45,794 - STATE LOG: BEGIN
2025-01-04 21:17:45,794 - Noah's Hand: [2H, 2S, 4S, 8H, TC]
2025-01-04 21:17:45,794 - Eve's Hand: [6H, 7C, 7S, TH, TS, 2D, 7H]
2025-01-04 21:17:45,794 - Boss: Rank: 11 | Suit D | Attack 4 | Health 14
2025-01-04 21:17:45,794 - Tavern: [9H, 7D, 8C, 3C, AD, 6D, 5C, 4H, 6C, 9S, 2C, AC, 8D, 4D]
2025-01-04 21:17:45,794 - Castle: [KS, KC, KD, KH, QH, QC, QS, QD, JS]
2025-01-04 21:17:45,794 - Discard: [4C, 3H, 3S, TD, 5D, 5H, JC, 5S, 8S, AH, 3D, AS, 9D, JH, 9C]
2025-01-04 21:17:45,794 - Active Player: 2
2025-01-04 21:17:45,794 - STATE LOG: END
2025-01-04 21:17:45,926 - STATE LOG: BEGIN
2025-01-04 21:17:45,926 - Noah's Hand: [2H, 2S, 4S, 8H, TC]
2025-01-04 21:17:45,926 - Eve's Hand: [2D, 6H, 7C, 7S, TS]
2025-01-04 21:17:45,927 - Boss: Rank: 11 | Suit D | Attack 4 | Health 4
2025-01-04 21:17:45,927 - Tavern: [AH, 3S, TD, JH, 5D, 8S, 5H, 4C, 3D, 5S, 9H, 7D, 8C, 3C, AD, 6D, 5C, 4H, 6C, 9S, 2C, AC, 8D, 4D]
2025-01-04 21:17:45,927 - Castle: [KS, KC, KD, KH, QH, QC, QS, QD, JS]
2025-01-04 21:17:45,927 - Discard: [AS, 3H, 9C, 9D, JC, 7H]
2025-01-04 21:17:45,927 - Active Player: 1
2025-01-04 21:17:45,927 - STATE LOG: END
2025-01-04 21:17:46,022 - STATE LOG: BEGIN
2025-01-04 21:17:46,022 - Noah's Hand: [2H, 2S, 4S, TC]
2025-01-04 21:17:46,022 - Eve's Hand: [2D, 6H, 7C, 7S, TS]
2025-01-04 21:17:46,022 - Boss: Rank: 11 | Suit D | Attack 4 | Health 4
2025-01-04 21:17:46,022 - Tavern: [AH, 3S, TD, JH, 5D, 8S, 5H, 4C, 3D, 5S, 9H, 7D, 8C, 3C, AD, 6D, 5C, 4H, 6C, 9S, 2C, AC, 8D, 4D]
2025-01-04 21:17:46,022 - Castle: [KS, KC, KD, KH, QH, QC, QS, QD, JS]
2025-01-04 21:17:46,022 - Discard: [AS, 3H, 9C, 9D, JC, 7H, 8H]
2025-01-04 21:17:46,022 - Active Player: 2
2025-01-04 21:17:46,022 - STATE LOG: END
2025-01-04 21:17:46,126 - STATE LOG: BEGIN
2025-01-04 21:17:46,126 - Noah's Hand: [2H, 2S, 4S, TC]
2025-01-04 21:17:46,126 - Eve's Hand: [2D, 6H, 7C, TS]
2025-01-04 21:17:46,126 - Boss: Rank: 11 | Suit S | Attack 10 | Health 20
2025-01-04 21:17:46,126 - Tavern: [AH, 3S, TD, JH, 5D, 8S, 5H, 4C, 3D, 5S, 9H, 7D, 8C, 3C, AD, 6D, 5C, 4H, 6C, 9S, 2C, AC, 8D, 4D]
2025-01-04 21:17:46,126 - Castle: [KS, KC, KD, KH, QH, QC, QS, QD]
2025-01-04 21:17:46,126 - Discard: [AS, 3H, 9C, 9D, JC, 7H, 8H, 6S, TH, 7S, JD]
2025-01-04 21:17:46,126 - Active Player: 2
2025-01-04 21:17:46,126 - STATE LOG: END
2025-01-04 21:17:46,249 - STATE LOG: BEGIN
2025-01-04 21:17:46,249 - Noah's Hand: [2H, 2S, 4S, TC, 8D]
2025-01-04 21:17:46,249 - Eve's Hand: [6H, 4D]
2025-01-04 21:17:46,249 - Boss: Rank: 11 | Suit S | Attack 10 | Health 18
2025-01-04 21:17:46,249 - Tavern: [AH, 3S, TD, JH, 5D, 8S, 5H, 4C, 3D, 5S, 9H, 7D, 8C, 3C, AD, 6D, 5C, 4H, 6C, 9S, 2C, AC]
2025-01-04 21:17:46,249 - Castle: [KS, KC, KD, KH, QH, QC, QS, QD]
2025-01-04 21:17:46,249 - Discard: [AS, 3H, 9C, 9D, JC, 7H, 8H, 6S, TH, 7S, JD, 7C, TS]
2025-01-04 21:17:46,249 - Active Player: 1
2025-01-04 21:17:46,249 - STATE LOG: END
2025-01-04 21:17:46,337 - STATE LOG: BEGIN
2025-01-04 21:17:46,337 - Noah's Hand: [TC, AC, 9S]
2025-01-04 21:17:46,337 - Eve's Hand: [6H, 4D, 2C, 6C, 5C, 6D, AD]
2025-01-04 21:17:46,337 - Boss: Rank: 11 | Suit S | Attack 10 | Health 10
2025-01-04 21:17:46,337 - Tavern: [AH, 3S, TD, JH, 5D, 8S, 5H, 4C, 3D, 5S, 9H, 7D, 8C, 3C]
2025-01-04 21:17:46,337 - Castle: [KS, KC, KD, KH, QH, QC, QS, QD]
2025-01-04 21:17:46,337 - Discard: [AS, 3H, 9C, 9D, JC, 7H, 8H, 6S, TH, 7S, JD, 7C, TS, 2H, 4S, 2S, 4H]
2025-01-04 21:17:46,337 - Active Player: 2
2025-01-04 21:17:46,337 - STATE LOG: END
2025-01-04 21:17:46,466 - STATE LOG: BEGIN
2025-01-04 21:17:46,466 - Noah's Hand: [TC, AC, 9S, 8C, 7D, 9H]
2025-01-04 21:17:46,466 - Eve's Hand: [AD, 2C, 6D, 6H, 3C]
2025-01-04 21:17:46,466 - Boss: Rank: 11 | Suit S | Attack 10 | Health 6
2025-01-04 21:17:46,466 - Tavern: [AH, 3S, TD, JH, 5D, 8S, 5H, 4C, 3D, 5S]
2025-01-04 21:17:46,466 - Castle: [KS, KC, KD, KH, QH, QC, QS, QD]
2025-01-04 21:17:46,466 - Discard: [AS, 3H, 9C, 9D, JC, 7H, 8H, 6S, TH, 7S, JD, 7C, TS, 2H, 4S, 2S, 4H, 6C, 5C]
2025-01-04 21:17:46,466 - Active Player: 1
2025-01-04 21:17:46,466 - STATE LOG: END
2025-01-04 21:17:46,621 - STATE LOG: BEGIN
2025-01-04 21:17:46,621 - Noah's Hand: [AC, 8C, 9H, 9S, TC, 5S, 4C]
2025-01-04 21:17:46,621 - Eve's Hand: [AD, 2C, 6D, 6H, 3C, 3D, 5H]
2025-01-04 21:17:46,621 - Boss: Rank: 12 | Suit D | Attack 15 | Health 30
2025-01-04 21:17:46,621 - Tavern: [AH, 3S, TD, JH, 5D, 8S]
2025-01-04 21:17:46,621 - Castle: [KS, KC, KD, KH, QH, QC, QS]
2025-01-04 21:17:46,621 - Discard: [AS, 3H, 9C, 9D, JC, 7H, 8H, 6S, TH, 7S, JD, 7C, TS, 2H, 4S, 2S, 4H, 6C, 5C, 8D, 7D, 2D, 4D, JS]
2025-01-04 21:17:46,621 - Active Player: 1
2025-01-04 21:17:46,621 - STATE LOG: END
2025-01-04 21:17:46,751 - STATE LOG: BEGIN
2025-01-04 21:17:46,751 - Noah's Hand: [AC, 4C, 8C, 9H, 9S]
2025-01-04 21:17:46,751 - Eve's Hand: [AD, 2C, 6D, 6H, 3C, 3D, 5H]
2025-01-04 21:17:46,751 - Boss: Rank: 12 | Suit D | Attack 10 | Health 25
2025-01-04 21:17:46,751 - Tavern: [AH, 3S, TD, JH, 5D, 8S]
2025-01-04 21:17:46,751 - Castle: [KS, KC, KD, KH, QH, QC, QS]
2025-01-04 21:17:46,751 - Discard: [AS, 3H, 9C, 9D, JC, 7H, 8H, 6S, TH, 7S, JD, 7C, TS, 2H, 4S, 2S, 4H, 6C, 5C, 8D, 7D, 2D, 4D, JS, TC]
2025-01-04 21:17:46,751 - Active Player: 2
2025-01-04 21:17:46,751 - STATE LOG: END
2025-01-04 21:17:46,886 - STATE LOG: BEGIN
2025-01-04 21:17:46,886 - Noah's Hand: [AC, 4C, 8C, 9H, 9S]
2025-01-04 21:17:46,886 - Eve's Hand: [AD, 5H, 6D]
2025-01-04 21:17:46,886 - Boss: Rank: 12 | Suit D | Attack 10 | Health 22
2025-01-04 21:17:46,886 - Tavern: [AH, 3S, TD, JH, 5D, 8S]
2025-01-04 21:17:46,886 - Castle: [KS, KC, KD, KH, QH, QC, QS]
2025-01-04 21:17:46,886 - Discard: [AS, 3H, 9C, 9D, JC, 7H, 8H, 6S, TH, 7S, JD, 7C, TS, 2H, 4S, 2S, 4H, 6C, 5C, 8D, 7D, 2D, 4D, JS, TC, 6H, 3C, 2C]
2025-01-04 21:17:46,886 - Active Player: 1
2025-01-04 21:17:46,886 - STATE LOG: END
2025-01-04 21:17:46,972 - STATE LOG: BEGIN
2025-01-04 21:17:46,972 - Noah's Hand: [4C, 8C, 9H]
2025-01-04 21:17:46,972 - Eve's Hand: [AD, 5H, 6D]
2025-01-04 21:17:46,972 - Boss: Rank: 12 | Suit D | Attack 0 | Health 2
2025-01-04 21:17:46,972 - Tavern: [AH, 3S, TD, JH, 5D, 8S]
2025-01-04 21:17:46,972 - Castle: [KS, KC, KD, KH, QH, QC, QS]
2025-01-04 21:17:46,972 - Discard: [AS, 3H, 9C, 9D, JC, 7H, 8H, 6S, TH, 7S, JD, 7C, TS, 2H, 4S, 2S, 4H, 6C, 5C, 8D, 7D, 2D, 4D, JS, TC, 6H, 3C, 2C]
2025-01-04 21:17:46,972 - Active Player: 2
2025-01-04 21:17:46,972 - STATE LOG: END
2025-01-04 21:17:47,070 - STATE LOG: BEGIN
2025-01-04 21:17:47,070 - Noah's Hand: [4C, 8C, 9H]
2025-01-04 21:17:47,070 - Eve's Hand: [AD, 6D]
2025-01-04 21:17:47,071 - Boss: Rank: 12 | Suit S | Attack 15 | Health 30
2025-01-04 21:17:47,071 - Tavern: [6H, 8H, 8D, 4D, 2S, AH, 3S, TD, JH, 5D, 8S]
2025-01-04 21:17:47,071 - Castle: [KS, KC, KD, KH, QH, QC]
2025-01-04 21:17:47,071 - Discard: [TC, TH, 4H, 6C, 6S, 4S, 7D, AS, 3C, 2D, JC, TS, 3H, 7H, 7S, 5C, JD, 7C, JS, 9D, 2C, 9C, 2H, 5S, AC, 9S, 3D, 5H, QD]
2025-01-04 21:17:47,071 - Active Player: 2
2025-01-04 21:17:47,071 - STATE LOG: END
2025-01-04 21:17:47,124 - STATE LOG: BEGIN
2025-01-04 21:17:47,124 - Noah's Hand: [4C, 8C, 9H, 5D, TD, AH]
2025-01-04 21:17:47,124 - Eve's Hand: [AD]
2025-01-04 21:17:47,124 - Boss: Rank: 12 | Suit S | Attack 15 | Health 24
2025-01-04 21:17:47,124 - Tavern: [6H, 8H, 8D, 4D, 2S]
2025-01-04 21:17:47,124 - Castle: [KS, KC, KD, KH, QH, QC]
2025-01-04 21:17:47,124 - Discard: [TC, TH, 4H, 6C, 6S, 4S, 7D, AS, 3C, 2D, JC, TS, 3H, 7H, 7S, 5C, JD, 7C, JS, 9D, 2C, 9C, 2H, 5S, AC, 9S, 3D, 5H, QD, 8S, 3S, JH]
2025-01-04 21:17:47,124 - Active Player: 1
2025-01-04 21:17:47,124 - STATE LOG: END
2025-01-04 21:17:47,229 - STATE LOG: BEGIN
2025-01-04 21:17:47,229 - Noah's Hand: [5D, 2S, 8D, 6H]
2025-01-04 21:17:47,229 - Eve's Hand: [AD, 4D, 8H, 2D, 9D, 3H, TC]
2025-01-04 21:17:47,229 - Boss: Rank: 12 | Suit S | Attack 15 | Health 13
2025-01-04 21:17:47,229 - Tavern: [9S, JC, 6C, 8S, 7S, 6S, 2C]
2025-01-04 21:17:47,229 - Castle: [KS, KC, KD, KH, QH, QC]
2025-01-04 21:17:47,229 - Discard: [3D, 2H, 3C, 7C, AC, 4S, 9C, JD, AS, TS, TH, QD, 7H, 7D, 5S, 5H, JS, 5C, 4H, JH, 3S, 9H, 4C, 8C]
2025-01-04 21:17:47,229 - Active Player: 2
2025-01-04 21:17:47,229 - STATE LOG: END
2025-01-04 21:17:47,400 - STATE LOG: BEGIN
2025-01-04 21:17:47,400 - Noah's Hand: [5D, 2S, 8D, 6H, 6S, 8S, 6C]
2025-01-04 21:17:47,400 - Eve's Hand: [2D, 4D, 9D, 2C]
2025-01-04 21:17:47,400 - Boss: Rank: 12 | Suit S | Attack 15 | Health 4
2025-01-04 21:17:47,400 - Tavern: [JH, 5H, 7D, JS, 4S, 4C, 3S, 5C, 9C, 9S, JC]
2025-01-04 21:17:47,400 - Castle: [KS, KC, KD, KH, QH, QC]
2025-01-04 21:17:47,400 - Discard: [TS, AC, 8C, 5S, 4H, 7H, 3D, AS, 7C, TH, JD, 2H, 3C, 9H, QD, 3H, 7S, TC]
2025-01-04 21:17:47,400 - Active Player: 1
2025-01-04 21:17:47,400 - STATE LOG: END
2025-01-04 21:17:47,584 - STATE LOG: BEGIN
2025-01-04 21:17:47,584 - Noah's Hand: [5D, 6S, 8D]
2025-01-04 21:17:47,584 - Eve's Hand: [2D, 4D, 9D, 2C]
2025-01-04 21:17:47,584 - Boss: Rank: 12 | Suit S | Attack 15 | Health 2
2025-01-04 21:17:47,584 - Tavern: [JH, 5H, 7D, JS, 4S, 4C, 3S, 5C, 9C, 9S, JC]
2025-01-04 21:17:47,585 - Castle: [KS, KC, KD, KH, QH, QC]
2025-01-04 21:17:47,585 - Discard: [TS, AC, 8C, 5S, 4H, 7H, 3D, AS, 7C, TH, JD, 2H, 3C, 9H, QD, 3H, 7S, TC, 6C, 8S, 6H]
2025-01-04 21:17:47,585 - Active Player: 2
2025-01-04 21:17:47,585 - STATE LOG: END
2025-01-04 21:17:47,731 - STATE LOG: BEGIN
2025-01-04 21:17:47,731 - Noah's Hand: [5D, 6S, 8D, 9S, 5C, 4C, JS]
2025-01-04 21:17:47,731 - Eve's Hand: [2C, 2D, 4D, JC, 9C, 3S, 4S]
2025-01-04 21:17:47,731 - Boss: Rank: 12 | Suit C | Attack 15 | Health 30
2025-01-04 21:17:47,731 - Tavern: [JH, 5H, 7D]
2025-01-04 21:17:47,731 - Castle: [KS, KC, KD, KH, QH]
2025-01-04 21:17:47,731 - Discard: [TS, AC, 8C, 5S, 4H, 7H, 3D, AS, 7C, TH, JD, 2H, 3C, 9H, QD, 3H, 7S, TC, 6C, 8S, 6H, AH, TD, 2S, 6D, AD, 8H, 9D, QS]
2025-01-04 21:17:47,731 - Active Player: 2
2025-01-04 21:17:47,731 - STATE LOG: END
2025-01-04 21:17:47,919 - STATE LOG: BEGIN
2025-01-04 21:17:47,919 - Noah's Hand: [5D, 6S, 8D, 9S, 5C, 4C, JS]
2025-01-04 21:17:47,919 - Eve's Hand: [2D, 4D, JC]
2025-01-04 21:17:47,919 - Boss: Rank: 12 | Suit C | Attack 12 | Health 27
2025-01-04 21:17:47,919 - Tavern: [JH, 5H, 7D]
2025-01-04 21:17:47,919 - Castle: [KS, KC, KD, KH, QH]
2025-01-04 21:17:47,919 - Discard: [TS, AC, 8C, 5S, 4H, 7H, 3D, AS, 7C, TH, JD, 2H, 3C, 9H, QD, 3H, 7S, TC, 6C, 8S, 6H, AH, TD, 2S, 6D, AD, 8H, 9D, QS, 2C, 4S, 9C]
2025-01-04 21:17:47,919 - Active Player: 1
2025-01-04 21:17:47,919 - STATE LOG: END
2025-01-04 21:17:48,065 - STATE LOG: BEGIN
2025-01-04 21:17:48,065 - Noah's Hand: [4C, 5C, 5D, 6S, 8D]
2025-01-04 21:17:48,065 - Eve's Hand: [2D, 4D, JC]
2025-01-04 21:17:48,065 - Boss: Rank: 12 | Suit C | Attack 1 | Health 16
2025-01-04 21:17:48,065 - Tavern: [JH, 5H, 7D]
2025-01-04 21:17:48,065 - Castle: [KS, KC, KD, KH, QH]
2025-01-04 21:17:48,065 - Discard: [TS, AC, 8C, 5S, 4H, 7H, 3D, AS, 7C, TH, JD, 2H, 3C, 9H, QD, 3H, 7S, TC, 6C, 8S, 6H, AH, TD, 2S, 6D, AD, 8H, 9D, QS, 2C, 4S, 9C, 9S]
2025-01-04 21:17:48,065 - Active Player: 2
2025-01-04 21:17:48,065 - STATE LOG: END
2025-01-04 21:17:48,238 - STATE LOG: BEGIN
2025-01-04 21:17:48,238 - Noah's Hand: [4C, 5C, 5D, 6S, 8D]
2025-01-04 21:17:48,238 - Eve's Hand: [2D, 4D]
2025-01-04 21:17:48,238 - Boss: Rank: 12 | Suit C | Attack 1 | Health 16
2025-01-04 21:17:48,238 - Tavern: [JH, 5H, 7D]
2025-01-04 21:17:48,238 - Castle: [KS, KC, KD, KH, QH]
2025-01-04 21:17:48,238 - Discard: [TS, AC, 8C, 5S, 4H, 7H, 3D, AS, 7C, TH, JD, 2H, 3C, 9H, QD, 3H, 7S, TC, 6C, 8S, 6H, AH, TD, 2S, 6D, AD, 8H, 9D, QS, 2C, 4S, 9C, 9S, JC]
2025-01-04 21:17:48,238 - Active Player: 1
2025-01-04 21:17:48,238 - STATE LOG: END
2025-01-04 21:17:48,398 - STATE LOG: BEGIN
2025-01-04 21:17:48,398 - Noah's Hand: [5D, 6S, 8D]
2025-01-04 21:17:48,398 - Eve's Hand: [2D, 4D]
2025-01-04 21:17:48,398 - Boss: Rank: 12 | Suit C | Attack 1 | Health 12
2025-01-04 21:17:48,398 - Tavern: [JH, 5H, 7D]
2025-01-04 21:17:48,398 - Castle: [KS, KC, KD, KH, QH]
2025-01-04 21:17:48,398 - Discard: [TS, AC, 8C, 5S, 4H, 7H, 3D, AS, 7C, TH, JD, 2H, 3C, 9H, QD, 3H, 7S, TC, 6C, 8S, 6H, AH, TD, 2S, 6D, AD, 8H, 9D, QS, 2C, 4S, 9C, 9S, JC, 5C]
2025-01-04 21:17:48,398 - Active Player: 2
2025-01-04 21:17:48,398 - STATE LOG: END
2025-01-04 21:17:48,526 - STATE LOG: BEGIN
2025-01-04 21:17:48,526 - Noah's Hand: [5D, 6S, 8D, 5H]
2025-01-04 21:17:48,526 - Eve's Hand: [7D]
2025-01-04 21:17:48,526 - Boss: Rank: 12 | Suit C | Attack 1 | Health 10
2025-01-04 21:17:48,526 - Tavern: [JH]
2025-01-04 21:17:48,526 - Castle: [KS, KC, KD, KH, QH]
2025-01-04 21:17:48,526 - Discard: [TS, AC, 8C, 5S, 4H, 7H, 3D, AS, 7C, TH, JD, 2H, 3C, 9H, QD, 3H, 7S, TC, 6C, 8S, 6H, AH, TD, 2S, 6D, AD, 8H, 9D, QS, 2C, 4S, 9C, 9S, JC, 5C, 4D]
2025-01-04 21:17:48,526 - Active Player: 1
2025-01-04 21:17:48,526 - STATE LOG: END
2025-01-04 21:17:48,599 - STATE LOG: BEGIN
2025-01-04 21:17:48,599 - Noah's Hand: [6S, 8D, JH, 3C, QS, 5C, 6H]
2025-01-04 21:17:48,599 - Eve's Hand: [7D, 2C, 7C, JC, 2S, TC]
2025-01-04 21:17:48,599 - Boss: Rank: 12 | Suit H | Attack 15 | Health 30
2025-01-04 21:17:48,599 - Tavern: [8H]
2025-01-04 21:17:48,599 - Castle: [KS, KC, KD, KH]
2025-01-04 21:17:48,599 - Discard: [AC, 4H, 2H, 4S, 4D, 6D, 6C, 7H, 9C, TD, AH, QD, 3H, 9D, 8C, TS, 9H, 3D, TH, 9S, 8S, AS, 5S, JD, 7S, AD, JS, 4C, 5D, 5H, 3S, 2D]
2025-01-04 21:17:48,599 - Active Player: 1
2025-01-04 21:17:48,599 - STATE LOG: END
2025-01-04 21:17:48,740 - STATE LOG: BEGIN
2025-01-04 21:17:48,740 - Noah's Hand: [3C, 5C, 6H, 6S, 8D]
2025-01-04 21:17:48,740 - Eve's Hand: [7D, 2C, 7C, JC, 2S, TC]
2025-01-04 21:17:48,740 - Boss: Rank: 12 | Suit H | Attack 3 | Health 18
2025-01-04 21:17:48,740 - Tavern: [8H]
2025-01-04 21:17:48,740 - Castle: [KS, KC, KD, KH]
2025-01-04 21:17:48,740 - Discard: [AC, 4H, 2H, 4S, 4D, 6D, 6C, 7H, 9C, TD, AH, QD, 3H, 9D, 8C, TS, 9H, 3D, TH, 9S, 8S, AS, 5S, JD, 7S, AD, JS, 4C, 5D, 5H, 3S, 2D, JH]
2025-01-04 21:17:48,740 - Active Player: 2
2025-01-04 21:17:48,740 - STATE LOG: END
2025-01-04 21:17:48,907 - STATE LOG: BEGIN
2025-01-04 21:17:48,907 - Noah's Hand: [3C, 5C, 6H, 6S, 8D]
2025-01-04 21:17:48,907 - Eve's Hand: [7C, 7D, TC, JC]
2025-01-04 21:17:48,907 - Boss: Rank: 12 | Suit H | Attack 3 | Health 18
2025-01-04 21:17:48,907 - Tavern: [8H]
2025-01-04 21:17:48,907 - Castle: [KS, KC, KD, KH]
2025-01-04 21:17:48,907 - Discard: [AC, 4H, 2H, 4S, 4D, 6D, 6C, 7H, 9C, TD, AH, QD, 3H, 9D, 8C, TS, 9H, 3D, TH, 9S, 8S, AS, 5S, JD, 7S, AD, JS, 4C, 5D, 5H, 3S, 2D, JH, 2S, 2C]
2025-01-04 21:17:48,907 - Active Player: 1
2025-01-04 21:17:48,907 - STATE LOG: END
2025-01-04 21:17:49,069 - STATE LOG: BEGIN
2025-01-04 21:17:49,069 - Noah's Hand: [3C, 5C, 6H, 8D]
2025-01-04 21:17:49,069 - Eve's Hand: [7C, 7D, TC, JC]
2025-01-04 21:17:49,069 - Boss: Rank: 12 | Suit H | Attack 0 | Health 12
2025-01-04 21:17:49,069 - Tavern: [8H]
2025-01-04 21:17:49,069 - Castle: [KS, KC, KD, KH]
2025-01-04 21:17:49,069 - Discard: [AC, 4H, 2H, 4S, 4D, 6D, 6C, 7H, 9C, TD, AH, QD, 3H, 9D, 8C, TS, 9H, 3D, TH, 9S, 8S, AS, 5S, JD, 7S, AD, JS, 4C, 5D, 5H, 3S, 2D, JH, 2S, 2C]
2025-01-04 21:17:49,069 - Active Player: 2
2025-01-04 21:17:49,069 - STATE LOG: END
2025-01-04 21:17:49,126 - STATE LOG: BEGIN
2025-01-04 21:17:49,126 - Noah's Hand: [3C, 5C, 6H, 8D]
2025-01-04 21:17:49,126 - Eve's Hand: [7C, 7D, TC, JC]
2025-01-04 21:17:49,126 - Boss: Rank: 12 | Suit H | Attack 0 | Health 12
2025-01-04 21:17:49,126 - Tavern: [8H]
2025-01-04 21:17:49,126 - Castle: [KS, KC, KD, KH]
2025-01-04 21:17:49,126 - Discard: [AC, 4H, 2H, 4S, 4D, 6D, 6C, 7H, 9C, TD, AH, QD, 3H, 9D, 8C, TS, 9H, 3D, TH, 9S, 8S, AS, 5S, JD, 7S, AD, JS, 4C, 5D, 5H, 3S, 2D, JH, 2S, 2C]
2025-01-04 21:17:49,126 - Active Player: 1
2025-01-04 21:17:49,126 - STATE LOG: END
2025-01-04 21:17:49,283 - STATE LOG: BEGIN
2025-01-04 21:17:49,283 - Noah's Hand: [3C, 5C, 8D]
2025-01-04 21:17:49,283 - Eve's Hand: [7C, 7D, TC, JC]
2025-01-04 21:17:49,283 - Boss: Rank: 12 | Suit H | Attack 0 | Health 6
2025-01-04 21:17:49,283 - Tavern: [8H]
2025-01-04 21:17:49,283 - Castle: [KS, KC, KD, KH]
2025-01-04 21:17:49,283 - Discard: [AC, 4H, 2H, 4S, 4D, 6D, 6C, 7H, 9C, TD, AH, QD, 3H, 9D, 8C, TS, 9H, 3D, TH, 9S, 8S, AS, 5S, JD, 7S, AD, JS, 4C, 5D, 5H, 3S, 2D, JH, 2S, 2C]
2025-01-04 21:17:49,283 - Active Player: 2
2025-01-04 21:17:49,283 - STATE LOG: END
2025-01-04 21:17:49,354 - STATE LOG: BEGIN
2025-01-04 21:17:49,354 - Noah's Hand: [3C, 5C, 8D]
2025-01-04 21:17:49,354 - Eve's Hand: [7C, 7D, TC, JC]
2025-01-04 21:17:49,354 - Boss: Rank: 12 | Suit H | Attack 0 | Health 6
2025-01-04 21:17:49,354 - Tavern: [8H]
2025-01-04 21:17:49,354 - Castle: [KS, KC, KD, KH]
2025-01-04 21:17:49,354 - Discard: [AC, 4H, 2H, 4S, 4D, 6D, 6C, 7H, 9C, TD, AH, QD, 3H, 9D, 8C, TS, 9H, 3D, TH, 9S, 8S, AS, 5S, JD, 7S, AD, JS, 4C, 5D, 5H, 3S, 2D, JH, 2S, 2C]
2025-01-04 21:17:49,354 - Active Player: 1
2025-01-04 21:17:49,354 - STATE LOG: END
2025-01-04 21:17:49,380 - STATE LOG: BEGIN
2025-01-04 21:17:49,380 - Noah's Hand: [5C, 8D]
2025-01-04 21:17:49,380 - Eve's Hand: [7C, 7D, TC, JC]
2025-01-04 21:17:49,380 - Boss: Rank: 13 | Suit H | Attack 20 | Health 40
2025-01-04 21:17:49,381 - Tavern: [8H]
2025-01-04 21:17:49,381 - Castle: [KS, KC, KD]
2025-01-04 21:17:49,381 - Discard: [AC, 4H, 2H, 4S, 4D, 6D, 6C, 7H, 9C, TD, AH, QD, 3H, 9D, 8C, TS, 9H, 3D, TH, 9S, 8S, AS, 5S, JD, 7S, AD, JS, 4C, 5D, 5H, 3S, 2D, JH, 2S, 2C, QS, 6S, 6H, 3C]
2025-01-04 21:17:49,381 - Active Player: 1
2025-01-04 21:17:49,381 - STATE LOG: END
2025-01-04 21:17:49,397 - STATE LOG: BEGIN
2025-01-04 21:17:49,397 - Noah's Hand: []
2025-01-04 21:17:49,397 - Eve's Hand: [7C, 7D, TC, JC, QC]
2025-01-04 21:17:49,397 - Boss: Rank: 13 | Suit H | Attack 20 | Health 32
2025-01-04 21:17:49,397 - Tavern: []
2025-01-04 21:17:49,397 - Castle: [KS, KC, KD]
2025-01-04 21:17:49,397 - Discard: [AC, 4H, 2H, 4S, 4D, 6D, 6C, 7H, 9C, TD, AH, QD, 3H, 9D, 8C, TS, 9H, 3D, TH, 9S, 8S, AS, 5S, JD, 7S, AD, JS, 4C, 5D, 5H, 3S, 2D, JH, 2S, 2C, QS, 6S, 6H, 3C, QH, 5C, 8H]
2025-01-04 21:17:49,397 - Active Player: 2
2025-01-04 21:17:49,397 - STATE LOG: END
