2025-01-04 22:04:02,463 - I log states! :D
2025-01-04 22:04:02,463 - STATE LOG: BEGIN
2025-01-04 22:04:02,463 - Noah's Hand: [4H, 6D, 8H, 9D, 9S, 9C, 3C]
2025-01-04 22:04:02,463 - Eve's Hand: [AS, 5H, 5D, 7C, 9H, 3D, 6C]
2025-01-04 22:04:02,463 - Boss: Rank: 11 | Suit H | Attack 10 | Health 20
2025-01-04 22:04:02,464 - Tavern: [3S, 8S, TS, AC, 2H, TD, 6H, 2C, 2D, 2S, TC, 3H, 7H, 6S, 5S, TH, 4C, 4D, 7D, 7S, AD, AH, 8D, 8C, 5C, 4S]
2025-01-04 22:04:02,464 - Castle: [KC, KS, KH, KD, QH, QD, QS, QC, JD, JC, JS]
2025-01-04 22:04:02,464 - Discard: []
2025-01-04 22:04:02,464 - Active Player: 1
2025-01-04 22:04:02,464 - STATE LOG: END
2025-01-04 22:04:04,467 - STATE LOG: BEGIN
2025-01-04 22:04:04,468 - Noah's Hand: [3C, 6D, 8H, 9C, 9D]
2025-01-04 22:04:04,468 - Eve's Hand: [AS, 5H, 5D, 7C, 9H, 3D, 6C]
2025-01-04 22:04:04,468 - Boss: Rank: 11 | Suit H | Attack 10 | Health 20
2025-01-04 22:04:04,468 - Tavern: [3S, 8S, TS, AC, 2H, TD, 6H, 2C, 2D, 2S, TC, 3H, 7H, 6S, 5S, TH, 4C, 4D, 7D, 7S, AD, AH, 8D, 8C, 5C, 4S]
2025-01-04 22:04:04,468 - Castle: [KC, KS, KH, KD, QH, QD, QS, QC, JD, JC, JS]
2025-01-04 22:04:04,468 - Discard: [4H, 9S]
2025-01-04 22:04:04,468 - Active Player: 2
2025-01-04 22:04:04,468 - STATE LOG: END
2025-01-04 22:04:06,320 - STATE LOG: BEGIN
2025-01-04 22:04:06,321 - Noah's Hand: [3C, 6D, 8H, 9C, 9D, 5C, 8D]
2025-01-04 22:04:06,321 - Eve's Hand: [5D, 6C, 9H, 4S, 8C]
2025-01-04 22:04:06,321 - Boss: Rank: 11 | Suit H | Attack 6 | Health 16
2025-01-04 22:04:06,321 - Tavern: [3S, 8S, TS, AC, 2H, TD, 6H, 2C, 2D, 2S, TC, 3H, 7H, 6S, 5S, TH, 4C, 4D, 7D, 7S, AD, AH]
2025-01-04 22:04:06,321 - Castle: [KC, KS, KH, KD, QH, QD, QS, QC, JD, JC, JS]
2025-01-04 22:04:06,321 - Discard: [4H, 9S, 5H, 7C]
2025-01-04 22:04:06,321 - Active Player: 1
2025-01-04 22:04:06,321 - STATE LOG: END
2025-01-04 22:04:08,108 - STATE LOG: BEGIN
2025-01-04 22:04:08,109 - Noah's Hand: [3C, 5C, 8D, 9C, 9D]
2025-01-04 22:04:08,109 - Eve's Hand: [5D, 6C, 9H, 4S, 8C, AD, 7S]
2025-01-04 22:04:08,109 - Boss: Rank: 11 | Suit H | Attack 6 | Health 10
2025-01-04 22:04:08,109 - Tavern: [3S, 8S, TS, AC, 2H, TD, 6H, 2C, 2D, 2S, TC, 3H, 7H, 6S, 5S, TH, 4C, 4D, 7D]
2025-01-04 22:04:08,109 - Castle: [KC, KS, KH, KD, QH, QD, QS, QC, JD, JC, JS]
2025-01-04 22:04:08,109 - Discard: [4H, 9S, 5H, 7C, AH, 8H]
2025-01-04 22:04:08,109 - Active Player: 2
2025-01-04 22:04:08,109 - STATE LOG: END
2025-01-04 22:04:09,797 - STATE LOG: BEGIN
2025-01-04 22:04:09,797 - Noah's Hand: [3C, 5C, 8D, 9C, 9D]
2025-01-04 22:04:09,797 - Eve's Hand: [AD, 5D, 6C, 7S, 8C]
2025-01-04 22:04:09,797 - Boss: Rank: 11 | Suit H | Attack 2 | Health 6
2025-01-04 22:04:09,797 - Tavern: [3S, 8S, TS, AC, 2H, TD, 6H, 2C, 2D, 2S, TC, 3H, 7H, 6S, 5S, TH, 4C, 4D, 7D]
2025-01-04 22:04:09,797 - Castle: [KC, KS, KH, KD, QH, QD, QS, QC, JD, JC, JS]
2025-01-04 22:04:09,797 - Discard: [4H, 9S, 5H, 7C, AH, 8H, 9H]
2025-01-04 22:04:09,797 - Active Player: 1
2025-01-04 22:04:09,797 - STATE LOG: END
2025-01-04 22:04:11,443 - STATE LOG: BEGIN
2025-01-04 22:04:11,443 - Noah's Hand: [3C, 5C, 9C, 9D, 7D, 4C, 5S]
2025-01-04 22:04:11,443 - Eve's Hand: [AD, 5D, 6C, 7S, 8C, 4D, TH]
2025-01-04 22:04:11,443 - Boss: Rank: 11 | Suit S | Attack 10 | Health 20
2025-01-04 22:04:11,443 - Tavern: [3S, 8S, TS, AC, 2H, TD, 6H, 2C, 2D, 2S, TC, 3H, 7H, 6S]
2025-01-04 22:04:11,443 - Castle: [KC, KS, KH, KD, QH, QD, QS, QC, JD, JC]
2025-01-04 22:04:11,443 - Discard: [4H, 9S, 5H, 7C, AH, 8H, 9H, 6D, 8D, AS, 3D, 4S, JH]
2025-01-04 22:04:11,443 - Active Player: 1
2025-01-04 22:04:11,443 - STATE LOG: END
2025-01-04 22:04:13,074 - STATE LOG: BEGIN
2025-01-04 22:04:13,074 - Noah's Hand: [7D, 9C, 9D]
2025-01-04 22:04:13,074 - Eve's Hand: [AD, 5D, 6C, 7S, 8C, 4D, TH]
2025-01-04 22:04:13,074 - Boss: Rank: 11 | Suit S | Attack 10 | Health 14
2025-01-04 22:04:13,074 - Tavern: [3S, 8S, TS, AC, 2H, TD, 6H, 2C, 2D, 2S, TC, 3H, 7H, 6S]
2025-01-04 22:04:13,074 - Castle: [KC, KS, KH, KD, QH, QD, QS, QC, JD, JC]
2025-01-04 22:04:13,074 - Discard: [4H, 9S, 5H, 7C, AH, 8H, 9H, 6D, 8D, AS, 3D, 4S, JH, 5C, 4C, 5S]
2025-01-04 22:04:13,074 - Active Player: 2
2025-01-04 22:04:13,074 - STATE LOG: END
2025-01-04 22:04:14,570 - STATE LOG: BEGIN
2025-01-04 22:04:14,570 - Noah's Hand: [7D, 9C, 9D, 7H, 3H, TC, 2S]
2025-01-04 22:04:14,570 - Eve's Hand: [AD, 4D, 7S, 8C, TH]
2025-01-04 22:04:14,570 - Boss: Rank: 11 | Suit S | Attack 10 | Health 9
2025-01-04 22:04:14,570 - Tavern: [3S, 8S, TS, AC, 2H, TD, 6H, 2C, 2D]
2025-01-04 22:04:14,570 - Castle: [KC, KS, KH, KD, QH, QD, QS, QC, JD, JC]
2025-01-04 22:04:14,570 - Discard: [4H, 9S, 5H, 7C, AH, 8H, 9H, 6D, 8D, AS, 3D, 4S, JH, 5C, 4C, 5S, 6C, 6S]
2025-01-04 22:04:14,570 - Active Player: 1
2025-01-04 22:04:14,570 - STATE LOG: END
2025-01-04 22:04:16,201 - STATE LOG: BEGIN
2025-01-04 22:04:16,201 - Noah's Hand: [2S, 3H, 7H, 9C, 9D, 2D]
2025-01-04 22:04:16,201 - Eve's Hand: [AD, 4D, 7S, 8C, TH, 2C, 6H]
2025-01-04 22:04:16,201 - Boss: Rank: 11 | Suit S | Attack 10 | Health 2
2025-01-04 22:04:16,201 - Tavern: [3S, 8S, TS, AC, 2H, TD]
2025-01-04 22:04:16,201 - Castle: [KC, KS, KH, KD, QH, QD, QS, QC, JD, JC]
2025-01-04 22:04:16,201 - Discard: [4H, 9S, 5H, 7C, AH, 8H, 9H, 6D, 8D, AS, 3D, 4S, JH, 5C, 4C, 5S, 6C, 6S, TC]
2025-01-04 22:04:16,201 - Active Player: 2
2025-01-04 22:04:16,201 - STATE LOG: END
2025-01-04 22:04:17,839 - STATE LOG: BEGIN
2025-01-04 22:04:17,839 - Noah's Hand: [2S, 3H, 7H, 9C, 9D, 2D]
2025-01-04 22:04:17,839 - Eve's Hand: [AD, 2C, 4D, 6H, 7S, 8C]
2025-01-04 22:04:17,839 - Boss: Rank: 11 | Suit S | Attack 10 | Health 2
2025-01-04 22:04:17,839 - Tavern: [3S, 8S, TS, AC, 2H, TD]
2025-01-04 22:04:17,840 - Castle: [KC, KS, KH, KD, QH, QD, QS, QC, JD, JC]
2025-01-04 22:04:17,840 - Discard: [4H, 9S, 5H, 7C, AH, 8H, 9H, 6D, 8D, AS, 3D, 4S, JH, 5C, 4C, 5S, 6C, 6S, TC, TH]
2025-01-04 22:04:17,840 - Active Player: 1
2025-01-04 22:04:17,840 - STATE LOG: END
2025-01-04 22:04:19,369 - STATE LOG: BEGIN
2025-01-04 22:04:19,370 - Noah's Hand: [2D, 2S, 7H, 9C, 9D]
2025-01-04 22:04:19,370 - Eve's Hand: [AD, 2C, 4D, 6H, 7S, 8C]
2025-01-04 22:04:19,370 - Boss: Rank: 11 | Suit C | Attack 10 | Health 20
2025-01-04 22:04:19,370 - Tavern: [TH, 4S, 9S, 3S, 8S, TS, AC, 2H, TD]
2025-01-04 22:04:19,370 - Castle: [KC, KS, KH, KD, QH, QD, QS, QC, JD]
2025-01-04 22:04:19,370 - Discard: [5S, 5H, 8D, 8H, TC, 4C, 3D, 7C, 6C, 6D, 9H, 6S, 5C, JH, AS, 4H, AH, 3C, 7D, 3H, 5D, JS]
2025-01-04 22:04:19,370 - Active Player: 1
2025-01-04 22:04:19,370 - STATE LOG: END
2025-01-04 22:04:20,812 - STATE LOG: BEGIN
2025-01-04 22:04:20,812 - Noah's Hand: [9C, 9D, TD, AC, TS]
2025-01-04 22:04:20,813 - Eve's Hand: [AD, 2C, 4D, 6H, 7S, 8C, 2H]
2025-01-04 22:04:20,813 - Boss: Rank: 11 | Suit C | Attack 6 | Health 16
2025-01-04 22:04:20,813 - Tavern: [TH, 4S, 9S, 3S, 8S]
2025-01-04 22:04:20,813 - Castle: [KC, KS, KH, KD, QH, QD, QS, QC, JD]
2025-01-04 22:04:20,813 - Discard: [5S, 5H, 8D, 8H, TC, 4C, 3D, 7C, 6C, 6D, 9H, 6S, 5C, JH, AS, 4H, AH, 3C, 7D, 3H, 5D, JS, 7H]
2025-01-04 22:04:20,813 - Active Player: 2
2025-01-04 22:04:20,813 - STATE LOG: END
2025-01-04 22:04:22,284 - STATE LOG: BEGIN
2025-01-04 22:04:22,284 - Noah's Hand: [9C, 9D, TD, AC, TS]
2025-01-04 22:04:22,284 - Eve's Hand: [AD, 4D, 7S]
2025-01-04 22:04:22,284 - Boss: Rank: 11 | Suit C | Attack 6 | Health 10
2025-01-04 22:04:22,284 - Tavern: [5D, 5H, JH, JS, 8D, 7H, TH, 4S, 9S, 3S, 8S]
2025-01-04 22:04:22,284 - Castle: [KC, KS, KH, KD, QH, QD, QS, QC, JD]
2025-01-04 22:04:22,284 - Discard: [3C, AH, 6D, 6S, 6C, 3H, 4C, 5S, AS, 5C, 4H, 7C, 3D, TC, 8H, 7D, 9H, 2C, 2H, 8C]
2025-01-04 22:04:22,284 - Active Player: 1
2025-01-04 22:04:22,284 - STATE LOG: END
2025-01-04 22:04:23,232 - STATE LOG: BEGIN
2025-01-04 22:04:23,232 - Noah's Hand: [9C, TD, TS, 8S, 9S, TH, 8D]
2025-01-04 22:04:23,232 - Eve's Hand: [AD, 4D, 7S, 3S, 4S, 7H, JS]
2025-01-04 22:04:23,232 - Boss: Rank: 11 | Suit D | Attack 10 | Health 20
2025-01-04 22:04:23,232 - Tavern: [5D, 5H, JH]
2025-01-04 22:04:23,232 - Castle: [KC, KS, KH, KD, QH, QD, QS, QC]
2025-01-04 22:04:23,232 - Discard: [3C, AH, 6D, 6S, 6C, 3H, 4C, 5S, AS, 5C, 4H, 7C, 3D, TC, 8H, 7D, 9H, 2C, 2H, 8C, 2D, 2S, AC, 9D, 6H]
2025-01-04 22:04:23,232 - Active Player: 1
2025-01-04 22:04:23,232 - STATE LOG: END
2025-01-04 22:04:24,717 - STATE LOG: BEGIN
2025-01-04 22:04:24,717 - Noah's Hand: [8D, 8S, 9C, 9S, TD, TH]
2025-01-04 22:04:24,717 - Eve's Hand: [AD, 4D, 7S, 3S, 4S, 7H, JS]
2025-01-04 22:04:24,717 - Boss: Rank: 11 | Suit D | Attack 0 | Health 10
2025-01-04 22:04:24,717 - Tavern: [5D, 5H, JH]
2025-01-04 22:04:24,717 - Castle: [KC, KS, KH, KD, QH, QD, QS, QC]
2025-01-04 22:04:24,717 - Discard: [3C, AH, 6D, 6S, 6C, 3H, 4C, 5S, AS, 5C, 4H, 7C, 3D, TC, 8H, 7D, 9H, 2C, 2H, 8C, 2D, 2S, AC, 9D, 6H]
2025-01-04 22:04:24,717 - Active Player: 2
2025-01-04 22:04:24,717 - STATE LOG: END
2025-01-04 22:04:26,355 - STATE LOG: BEGIN
2025-01-04 22:04:26,356 - Noah's Hand: [8D, 8S, 9C, 9S, TD, TH]
2025-01-04 22:04:26,356 - Eve's Hand: [AD, 3S, 4D, 4S, 7H, 7S, JS]
2025-01-04 22:04:26,356 - Boss: Rank: 11 | Suit D | Attack 0 | Health 10
2025-01-04 22:04:26,356 - Tavern: [5D, 5H, JH]
2025-01-04 22:04:26,356 - Castle: [KC, KS, KH, KD, QH, QD, QS, QC]
2025-01-04 22:04:26,356 - Discard: [3C, AH, 6D, 6S, 6C, 3H, 4C, 5S, AS, 5C, 4H, 7C, 3D, TC, 8H, 7D, 9H, 2C, 2H, 8C, 2D, 2S, AC, 9D, 6H]
2025-01-04 22:04:26,356 - Active Player: 1
2025-01-04 22:04:26,356 - STATE LOG: END
2025-01-04 22:04:27,978 - STATE LOG: BEGIN
2025-01-04 22:04:27,978 - Noah's Hand: [8D, 8S, 9C, 9S, TD]
2025-01-04 22:04:27,978 - Eve's Hand: [AD, 3S, 4D, 4S, 7H, 7S, JS]
2025-01-04 22:04:27,978 - Boss: Rank: 12 | Suit C | Attack 15 | Health 30
2025-01-04 22:04:27,978 - Tavern: [2C, 2S, AS, 6D, 6C, 7D, 3D, 9H, AH, 4C, 5D, 5H, JH]
2025-01-04 22:04:27,978 - Castle: [KC, KS, KH, KD, QH, QD, QS]
2025-01-04 22:04:27,978 - Discard: [8C, 4H, 8H, 3C, 6S, 5S, 7C, 6H, AC, 3H, 2H, 5C, TC, 9D, 2D, TS, TH]
2025-01-04 22:04:27,978 - Active Player: 1
2025-01-04 22:04:27,978 - STATE LOG: END
2025-01-04 22:04:29,847 - STATE LOG: BEGIN
2025-01-04 22:04:29,847 - Noah's Hand: [8D, 9C, TD]
2025-01-04 22:04:29,847 - Eve's Hand: [AD, 3S, 4D, 4S, 7H, 7S, JS]
2025-01-04 22:04:29,847 - Boss: Rank: 12 | Suit C | Attack 6 | Health 21
2025-01-04 22:04:29,847 - Tavern: [2C, 2S, AS, 6D, 6C, 7D, 3D, 9H, AH, 4C, 5D, 5H, JH]
2025-01-04 22:04:29,847 - Castle: [KC, KS, KH, KD, QH, QD, QS]
2025-01-04 22:04:29,848 - Discard: [8C, 4H, 8H, 3C, 6S, 5S, 7C, 6H, AC, 3H, 2H, 5C, TC, 9D, 2D, TS, TH, 8S]
2025-01-04 22:04:29,848 - Active Player: 2
2025-01-04 22:04:29,848 - STATE LOG: END
2025-01-04 22:04:31,697 - STATE LOG: BEGIN
2025-01-04 22:04:31,697 - Noah's Hand: [8D, 9C, TD]
2025-01-04 22:04:31,697 - Eve's Hand: [AD, 3S, 4D, 4S, 7H, JS]
2025-01-04 22:04:31,697 - Boss: Rank: 12 | Suit C | Attack 0 | Health 14
2025-01-04 22:04:31,697 - Tavern: [2C, 2S, AS, 6D, 6C, 7D, 3D, 9H, AH, 4C, 5D, 5H, JH]
2025-01-04 22:04:31,697 - Castle: [KC, KS, KH, KD, QH, QD, QS]
2025-01-04 22:04:31,697 - Discard: [8C, 4H, 8H, 3C, 6S, 5S, 7C, 6H, AC, 3H, 2H, 5C, TC, 9D, 2D, TS, TH, 8S]
2025-01-04 22:04:31,697 - Active Player: 1
2025-01-04 22:04:31,697 - STATE LOG: END
2025-01-04 22:04:33,669 - STATE LOG: BEGIN
2025-01-04 22:04:33,669 - Noah's Hand: [8D, 9C, JD, JH, 5H, 5D, 4C]
2025-01-04 22:04:33,669 - Eve's Hand: [AD, 3S, 4D, 4S, 7H, JS, JC]
2025-01-04 22:04:33,669 - Boss: Rank: 12 | Suit C | Attack 0 | Health 4
2025-01-04 22:04:33,669 - Tavern: [2C, 2S, AS, 6D, 6C, 7D, 3D, 9H, AH]
2025-01-04 22:04:33,669 - Castle: [KC, KS, KH, KD, QH, QD, QS]
2025-01-04 22:04:33,669 - Discard: [8C, 4H, 8H, 3C, 6S, 5S, 7C, 6H, AC, 3H, 2H, 5C, TC, 9D, 2D, TS, TH, 8S]
2025-01-04 22:04:33,669 - Active Player: 2
2025-01-04 22:04:33,669 - STATE LOG: END
2025-01-04 22:04:35,492 - STATE LOG: BEGIN
2025-01-04 22:04:35,492 - Noah's Hand: [8D, 9C, JD, JH, 5H, 5D, 4C]
2025-01-04 22:04:35,492 - Eve's Hand: [AD, 3S, 4D, 4S, 7H, JC, JS]
2025-01-04 22:04:35,492 - Boss: Rank: 12 | Suit C | Attack 0 | Health 4
2025-01-04 22:04:35,492 - Tavern: [2C, 2S, AS, 6D, 6C, 7D, 3D, 9H, AH]
2025-01-04 22:04:35,492 - Castle: [KC, KS, KH, KD, QH, QD, QS]
2025-01-04 22:04:35,492 - Discard: [8C, 4H, 8H, 3C, 6S, 5S, 7C, 6H, AC, 3H, 2H, 5C, TC, 9D, 2D, TS, TH, 8S]
2025-01-04 22:04:35,492 - Active Player: 1
2025-01-04 22:04:35,492 - STATE LOG: END
2025-01-04 22:04:37,374 - STATE LOG: BEGIN
2025-01-04 22:04:37,374 - Noah's Hand: [5D, 5H, 8D, 9C, JD, JH]
2025-01-04 22:04:37,374 - Eve's Hand: [AD, 3S, 4D, 4S, 7H, JC, JS]
2025-01-04 22:04:37,374 - Boss: Rank: 12 | Suit S | Attack 15 | Health 30
2025-01-04 22:04:37,374 - Tavern: [2C, 2S, AS, 6D, 6C, 7D, 3D, 9H, AH]
2025-01-04 22:04:37,374 - Castle: [KC, KS, KH, KD, QH, QD]
2025-01-04 22:04:37,374 - Discard: [8C, 4H, 8H, 3C, 6S, 5S, 7C, 6H, AC, 3H, 2H, 5C, TC, 9D, 2D, TS, TH, 8S, 9S, TD, 4C, 7S]
2025-01-04 22:04:37,374 - Active Player: 1
2025-01-04 22:04:37,374 - STATE LOG: END
2025-01-04 22:04:39,102 - STATE LOG: BEGIN
2025-01-04 22:04:39,102 - Noah's Hand: [5D, 5H, 8D, JD]
2025-01-04 22:04:39,102 - Eve's Hand: [AD, 3S, 4D, 4S, 7H, JC, JS]
2025-01-04 22:04:39,102 - Boss: Rank: 12 | Suit S | Attack 15 | Health 30
2025-01-04 22:04:39,102 - Tavern: [2C, 2S, AS, 6D, 6C, 7D, 3D, 9H, AH]
2025-01-04 22:04:39,102 - Castle: [KC, KS, KH, KD, QH, QD]
2025-01-04 22:04:39,102 - Discard: [8C, 4H, 8H, 3C, 6S, 5S, 7C, 6H, AC, 3H, 2H, 5C, TC, 9D, 2D, TS, TH, 8S, 9S, TD, 4C, 7S, JH, 9C]
2025-01-04 22:04:39,102 - Active Player: 2
2025-01-04 22:04:39,102 - STATE LOG: END
2025-01-04 22:04:40,795 - STATE LOG: BEGIN
2025-01-04 22:04:40,796 - Noah's Hand: [5D, 5H, 8D, JD]
2025-01-04 22:04:40,796 - Eve's Hand: [AD, 4D, 4S, JS]
2025-01-04 22:04:40,796 - Boss: Rank: 12 | Suit S | Attack 15 | Health 27
2025-01-04 22:04:40,796 - Tavern: [2C, 2S, AS, 6D, 6C, 7D, 3D, 9H, AH]
2025-01-04 22:04:40,796 - Castle: [KC, KS, KH, KD, QH, QD]
2025-01-04 22:04:40,796 - Discard: [8C, 4H, 8H, 3C, 6S, 5S, 7C, 6H, AC, 3H, 2H, 5C, TC, 9D, 2D, TS, TH, 8S, 9S, TD, 4C, 7S, JH, 9C, 7H, JC]
2025-01-04 22:04:40,796 - Active Player: 1
2025-01-04 22:04:40,796 - STATE LOG: END
2025-01-04 22:04:42,106 - STATE LOG: BEGIN
2025-01-04 22:04:42,106 - Noah's Hand: [8D, JD, 7D, 6D]
2025-01-04 22:04:42,106 - Eve's Hand: [AD, 4D, 4S, JS, AH, 3D, 6C]
2025-01-04 22:04:42,106 - Boss: Rank: 12 | Suit S | Attack 15 | Health 17
2025-01-04 22:04:42,106 - Tavern: [8C, 9D, 9S, TS, 2H, 3H, 8H, 6S, JC, 5C, 2C, 2S]
2025-01-04 22:04:42,106 - Castle: [KC, KS, KH, KD, QH, QD]
2025-01-04 22:04:42,106 - Discard: [4C, 2D, TC, AC, TD, 4H, 7H, 8S, 6H, 5S, JH, 7S, 3C, TH, 7C, 9C, QC, AS, 9H]
2025-01-04 22:04:42,106 - Active Player: 2
2025-01-04 22:04:42,106 - STATE LOG: END
2025-01-04 22:04:43,725 - STATE LOG: BEGIN
2025-01-04 22:04:43,725 - Noah's Hand: [8D, JD, 7D, 6D, 2C, JC, 6S]
2025-01-04 22:04:43,725 - Eve's Hand: [AD, 3D, 5C]
2025-01-04 22:04:43,725 - Boss: Rank: 12 | Suit S | Attack 15 | Health 12
2025-01-04 22:04:43,725 - Tavern: [7C, JH, TH, TD, 4H, 8C, 9D, 9S, TS, 2H, 3H, 8H]
2025-01-04 22:04:43,725 - Castle: [KC, KS, KH, KD, QH, QD]
2025-01-04 22:04:43,725 - Discard: [9H, AC, 8S, 7S, 9C, TC, 2D, 3C, QC, 6H, AS, 4C, 7H, 5S, 2S, 4S, 6C, JS]
2025-01-04 22:04:43,725 - Active Player: 1
2025-01-04 22:04:43,725 - STATE LOG: END
2025-01-04 22:04:44,406 - STATE LOG: BEGIN
2025-01-04 22:04:44,406 - Noah's Hand: [2C, 6D, 7D, 8D, 8H]
2025-01-04 22:04:44,406 - Eve's Hand: [AD, 3D, 5C, 3H, 2H, TS, 9S]
2025-01-04 22:04:44,406 - Boss: Rank: 12 | Suit S | Attack 15 | Health 1
2025-01-04 22:04:44,406 - Tavern: [7C, JH, TH, TD, 4H, 8C, 9D]
2025-01-04 22:04:44,406 - Castle: [KC, KS, KH, KD, QH, QD]
2025-01-04 22:04:44,406 - Discard: [9H, AC, 8S, 7S, 9C, TC, 2D, 3C, QC, 6H, AS, 4C, 7H, 5S, 2S, 4S, 6C, JS, 6S, JC]
2025-01-04 22:04:44,406 - Active Player: 2
2025-01-04 22:04:44,406 - STATE LOG: END
2025-01-04 22:04:45,831 - STATE LOG: BEGIN
2025-01-04 22:04:45,831 - Noah's Hand: [2C, 6D, 7D, 8D, 8H, 8C, TD]
2025-01-04 22:04:45,831 - Eve's Hand: [AD, 2H, 5C, 9S, TS, 9D, 4H]
2025-01-04 22:04:45,831 - Boss: Rank: 12 | Suit D | Attack 15 | Health 30
2025-01-04 22:04:45,831 - Tavern: [QC, 2S, 6C, AC, JS, TC, 7C, JH, TH]
2025-01-04 22:04:45,831 - Castle: [KC, KS, KH, KD, QH]
2025-01-04 22:04:45,831 - Discard: [7H, 5S, 6S, 8S, 9H, 4S, 4C, AS, 2D, 9C, 7S, JC, 3C, 6H, 5D, 5H, JD, 3S, AH, 4D, 3D, 3H, QS]
2025-01-04 22:04:45,831 - Active Player: 2
2025-01-04 22:04:45,831 - STATE LOG: END
2025-01-04 22:04:46,890 - STATE LOG: BEGIN
2025-01-04 22:04:46,890 - Noah's Hand: [2C, 6D, 7D, 8D, 8H, 8C, TD]
2025-01-04 22:04:46,890 - Eve's Hand: [AD, 2H, 4H, 5C, 9D]
2025-01-04 22:04:46,890 - Boss: Rank: 12 | Suit D | Attack 5 | Health 20
2025-01-04 22:04:46,890 - Tavern: [QC, 2S, 6C, AC, JS, TC, 7C, JH, TH]
2025-01-04 22:04:46,890 - Castle: [KC, KS, KH, KD, QH]
2025-01-04 22:04:46,890 - Discard: [7H, 5S, 6S, 8S, 9H, 4S, 4C, AS, 2D, 9C, 7S, JC, 3C, 6H, 5D, 5H, JD, 3S, AH, 4D, 3D, 3H, QS, 9S]
2025-01-04 22:04:46,890 - Active Player: 1
2025-01-04 22:04:46,890 - STATE LOG: END
2025-01-04 22:04:48,413 - STATE LOG: BEGIN
2025-01-04 22:04:48,413 - Noah's Hand: [6D, 7D, 8D, TD]
2025-01-04 22:04:48,413 - Eve's Hand: [AD, 2H, 4H, 5C, 9D]
2025-01-04 22:04:48,413 - Boss: Rank: 12 | Suit D | Attack 5 | Health 12
2025-01-04 22:04:48,413 - Tavern: [7H, 8S, 3D, 6H, 5D, 9H, 4S, 6S, QC, 2S, 6C, AC, JS, TC, 7C, JH, TH]
2025-01-04 22:04:48,413 - Castle: [KC, KS, KH, KD, QH]
2025-01-04 22:04:48,413 - Discard: [5H, AH, 4D, JC, 9S, 2D, 9C, 3C, 7S, 3S, 5S, QS, 4C, 3H, JD, AS, 2C, 8C]
2025-01-04 22:04:48,413 - Active Player: 2
2025-01-04 22:04:48,413 - STATE LOG: END
2025-01-04 22:04:49,318 - STATE LOG: BEGIN
2025-01-04 22:04:49,318 - Noah's Hand: [6D, 7D, 8D, TD]
2025-01-04 22:04:49,318 - Eve's Hand: [AD, 9D]
2025-01-04 22:04:49,318 - Boss: Rank: 12 | Suit D | Attack 5 | Health 2
2025-01-04 22:04:49,318 - Tavern: [7H, 8S, 3D, 6H, 5D, 9H, 4S, 6S, QC, 2S, 6C, AC, JS, TC, 7C, JH, TH]
2025-01-04 22:04:49,318 - Castle: [KC, KS, KH, KD, QH]
2025-01-04 22:04:49,318 - Discard: [5H, AH, 4D, JC, 9S, 2D, 9C, 3C, 7S, 3S, 5S, QS, 4C, 3H, JD, AS, 2C, 8C, 4H, 2H]
2025-01-04 22:04:49,318 - Active Player: 1
2025-01-04 22:04:49,318 - STATE LOG: END
2025-01-04 22:04:49,886 - STATE LOG: BEGIN
2025-01-04 22:04:49,886 - Noah's Hand: [7D, 8D, TD]
2025-01-04 22:04:49,886 - Eve's Hand: [AD, 9D]
2025-01-04 22:04:49,886 - Boss: Rank: 12 | Suit H | Attack 15 | Health 30
2025-01-04 22:04:49,886 - Tavern: [7H, 8S, 3D, 6H, 5D, 9H, 4S, 6S, QC, 2S, 6C, AC, JS, TC, 7C, JH, TH]
2025-01-04 22:04:49,886 - Castle: [KC, KS, KH, KD]
2025-01-04 22:04:49,886 - Discard: [5H, AH, 4D, JC, 9S, 2D, 9C, 3C, 7S, 3S, 5S, QS, 4C, 3H, JD, AS, 2C, 8C, 4H, 2H, 8H, 6D, TS, 5C, QD]
2025-01-04 22:04:49,886 - Active Player: 1
2025-01-04 22:04:49,886 - STATE LOG: END
2025-01-04 22:04:51,175 - STATE LOG: BEGIN
2025-01-04 22:04:51,175 - Noah's Hand: [8D, TD, 7C, JS]
2025-01-04 22:04:51,175 - Eve's Hand: [AD, 9D, JH, TC, AC]
2025-01-04 22:04:51,175 - Boss: Rank: 12 | Suit H | Attack 15 | Health 23
2025-01-04 22:04:51,175 - Tavern: [7H, 8S, 3D, 6H, 5D, 9H, 4S, 6S, QC, 2S]
2025-01-04 22:04:51,175 - Castle: [KC, KS, KH, KD]
2025-01-04 22:04:51,175 - Discard: [5H, AH, 4D, JC, 9S, 2D, 9C, 3C, 7S, 3S, 5S, QS, 4C, 3H, JD, AS, 2C, 8C, 4H, 2H, 8H, 6D, TS, 5C, QD, 6C, TH]
2025-01-04 22:04:51,175 - Active Player: 2
2025-01-04 22:04:51,175 - STATE LOG: END
2025-01-04 22:04:52,212 - STATE LOG: BEGIN
2025-01-04 22:04:52,212 - Noah's Hand: [8D, TD, 7C, JS]
2025-01-04 22:04:52,212 - Eve's Hand: [AD, 9D]
2025-01-04 22:04:52,212 - Boss: Rank: 12 | Suit H | Attack 15 | Health 23
2025-01-04 22:04:52,212 - Tavern: [7H, 8S, 3D, 6H, 5D, 9H, 4S, 6S, QC, 2S]
2025-01-04 22:04:52,212 - Castle: [KC, KS, KH, KD]
2025-01-04 22:04:52,212 - Discard: [5H, AH, 4D, JC, 9S, 2D, 9C, 3C, 7S, 3S, 5S, QS, 4C, 3H, JD, AS, 2C, 8C, 4H, 2H, 8H, 6D, TS, 5C, QD, 6C, TH, JH, AC, TC]
2025-01-04 22:04:52,212 - Active Player: 1
2025-01-04 22:04:52,212 - STATE LOG: END
2025-01-04 22:04:52,858 - STATE LOG: BEGIN
2025-01-04 22:04:52,858 - Noah's Hand: [7C, TD, JS, 2S, 6S]
2025-01-04 22:04:52,858 - Eve's Hand: [AD, 9D, QC, 4S, 5D, 3D]
2025-01-04 22:04:52,858 - Boss: Rank: 12 | Suit H | Attack 15 | Health 15
2025-01-04 22:04:52,858 - Tavern: [7H, 8S]
2025-01-04 22:04:52,858 - Castle: [KC, KS, KH, KD]
2025-01-04 22:04:52,858 - Discard: [5H, AH, 4D, JC, 9S, 2D, 9C, 3C, 7S, 3S, 5S, QS, 4C, 3H, JD, AS, 2C, 8C, 4H, 2H, 8H, 6D, TS, 5C, QD, 6C, TH, JH, AC, TC, 9H, 6H]
2025-01-04 22:04:52,858 - Active Player: 2
2025-01-04 22:04:52,858 - STATE LOG: END
2025-01-04 22:04:53,963 - STATE LOG: BEGIN
2025-01-04 22:04:53,963 - Noah's Hand: [7C, TD, JS, 2S, 6S]
2025-01-04 22:04:53,963 - Eve's Hand: [AD, 3D, 5D, 9D]
2025-01-04 22:04:53,963 - Boss: Rank: 12 | Suit H | Attack 11 | Health 11
2025-01-04 22:04:53,963 - Tavern: [7H, 8S]
2025-01-04 22:04:53,963 - Castle: [KC, KS, KH, KD]
2025-01-04 22:04:53,963 - Discard: [5H, AH, 4D, JC, 9S, 2D, 9C, 3C, 7S, 3S, 5S, QS, 4C, 3H, JD, AS, 2C, 8C, 4H, 2H, 8H, 6D, TS, 5C, QD, 6C, TH, JH, AC, TC, 9H, 6H, QC]
2025-01-04 22:04:53,963 - Active Player: 1
2025-01-04 22:04:53,963 - STATE LOG: END
2025-01-04 22:04:54,274 - STATE LOG: BEGIN
2025-01-04 22:04:54,275 - Noah's Hand: [7C, TD]
2025-01-04 22:04:54,275 - Eve's Hand: [AD, 3D, 5D, 9D]
2025-01-04 22:04:54,275 - Boss: Rank: 12 | Suit H | Attack 9 | Health 9
2025-01-04 22:04:54,275 - Tavern: [7H, 8S]
2025-01-04 22:04:54,275 - Castle: [KC, KS, KH, KD]
2025-01-04 22:04:54,275 - Discard: [5H, AH, 4D, JC, 9S, 2D, 9C, 3C, 7S, 3S, 5S, QS, 4C, 3H, JD, AS, 2C, 8C, 4H, 2H, 8H, 6D, TS, 5C, QD, 6C, TH, JH, AC, TC, 9H, 6H, QC, 6S, JS]
2025-01-04 22:04:54,275 - Active Player: 2
2025-01-04 22:04:54,275 - STATE LOG: END
2025-01-04 22:04:54,474 - STATE LOG: BEGIN
2025-01-04 22:04:54,474 - Noah's Hand: [7C, TD, 7H]
2025-01-04 22:04:54,474 - Eve's Hand: [5D]
2025-01-04 22:04:54,474 - Boss: Rank: 12 | Suit H | Attack 9 | Health 5
2025-01-04 22:04:54,474 - Tavern: []
2025-01-04 22:04:54,474 - Castle: [KC, KS, KH, KD]
2025-01-04 22:04:54,475 - Discard: [5H, AH, 4D, JC, 9S, 2D, 9C, 3C, 7S, 3S, 5S, QS, 4C, 3H, JD, AS, 2C, 8C, 4H, 2H, 8H, 6D, TS, 5C, QD, 6C, TH, JH, AC, TC, 9H, 6H, QC, 6S, JS, 8S, 9D]
2025-01-04 22:04:54,475 - Active Player: 1
2025-01-04 22:04:54,475 - STATE LOG: END
2025-01-04 22:04:54,496 - STATE LOG: BEGIN
2025-01-04 22:04:54,496 - Noah's Hand: [TD]
2025-01-04 22:04:54,496 - Eve's Hand: [5D]
2025-01-04 22:04:54,496 - Boss: Rank: 12 | Suit H | Attack 9 | Health 5
2025-01-04 22:04:54,496 - Tavern: []
2025-01-04 22:04:54,496 - Castle: [KC, KS, KH, KD]
2025-01-04 22:04:54,496 - Discard: [5H, AH, 4D, JC, 9S, 2D, 9C, 3C, 7S, 3S, 5S, QS, 4C, 3H, JD, AS, 2C, 8C, 4H, 2H, 8H, 6D, TS, 5C, QD, 6C, TH, JH, AC, TC, 9H, 6H, QC, 6S, JS, 8S, 9D, 7C, 7H]
2025-01-04 22:04:54,496 - Active Player: 2
2025-01-04 22:04:54,496 - STATE LOG: END
2025-01-04 22:04:54,500 - STATE LOG: BEGIN
2025-01-04 22:04:54,500 - Noah's Hand: [TD]
2025-01-04 22:04:54,500 - Eve's Hand: []
2025-01-04 22:04:54,500 - Boss: Rank: 13 | Suit D | Attack 20 | Health 40
2025-01-04 22:04:54,500 - Tavern: []
2025-01-04 22:04:54,500 - Castle: [KC, KS, KH]
2025-01-04 22:04:54,500 - Discard: [5H, AH, 4D, JC, 9S, 2D, 9C, 3C, 7S, 3S, 5S, QS, 4C, 3H, JD, AS, 2C, 8C, 4H, 2H, 8H, 6D, TS, 5C, QD, 6C, TH, JH, AC, TC, 9H, 6H, QC, 6S, JS, 8S, 9D, 7C, 7H, 7D, 8D, 2S, 4S, AD, 3D, 5D]
2025-01-04 22:04:54,500 - Active Player: 2
2025-01-04 22:04:54,500 - STATE LOG: END
2025-01-04 22:04:54,502 - STATE LOG: BEGIN
2025-01-04 22:04:54,502 - Noah's Hand: [TD]
2025-01-04 22:04:54,502 - Eve's Hand: []
2025-01-04 22:04:54,502 - Boss: Rank: 13 | Suit D | Attack 20 | Health 40
2025-01-04 22:04:54,502 - Tavern: []
2025-01-04 22:04:54,502 - Castle: [KC, KS, KH]
2025-01-04 22:04:54,502 - Discard: [5H, AH, 4D, JC, 9S, 2D, 9C, 3C, 7S, 3S, 5S, QS, 4C, 3H, JD, AS, 2C, 8C, 4H, 2H, 8H, 6D, TS, 5C, QD, 6C, TH, JH, AC, TC, 9H, 6H, QC, 6S, JS, 8S, 9D, 7C, 7H, 7D, 8D, 2S, 4S, AD, 3D, 5D]
2025-01-04 22:04:54,502 - Active Player: 1
2025-01-04 22:04:54,502 - STATE LOG: END
