2025-01-04 15:57:33,287 - I log states! :D
2025-01-04 15:57:33,287 - STATE LOG: BEGIN
2025-01-04 15:57:33,287 - Noah's Hand: [3S, 8S, 7H, 5S, 8D, 2D, AC]
2025-01-04 15:57:33,287 - Eve's Hand: [TH, 2C, 6H, 8C, TD, 6C, 8H]
2025-01-04 15:57:33,287 - Boss: Rank: 11 | Suit S | Attack 10 | Health 20
2025-01-04 15:57:33,287 - Tavern: [2H, 9S, 9C, AD, 3D, 4C, 9H, 5C, 3C, 9D, 7S, 6S, 7C, 4D, 4S, 5H, AS, 2S, 5D, 4H, 7D, 6D, AH, TC, 3H, TS]
2025-01-04 15:57:33,288 - Castle: [KC, KD, KH, KS, QH, QS, QD, QC, JH, JD, JC]
2025-01-04 15:57:33,288 - Discard: []
2025-01-04 15:57:33,288 - Active Player: 1
2025-01-04 15:57:33,288 - STATE LOG: END
2025-01-04 15:57:33,362 - STATE LOG: BEGIN
2025-01-04 15:57:33,362 - Noah's Hand: [3S, 5S, 7H, 8D, 8S]
2025-01-04 15:57:33,362 - Eve's Hand: [TH, 2C, 6H, 8C, TD, 6C, 8H]
2025-01-04 15:57:33,362 - Boss: Rank: 11 | Suit S | Attack 10 | Health 14
2025-01-04 15:57:33,362 - Tavern: [2H, 9S, 9C, AD, 3D, 4C, 9H, 5C, 3C, 9D, 7S, 6S, 7C, 4D, 4S, 5H, AS, 2S, 5D, 4H, 7D, 6D, AH, TC]
2025-01-04 15:57:33,362 - Castle: [KC, KD, KH, KS, QH, QS, QD, QC, JH, JD, JC]
2025-01-04 15:57:33,362 - Discard: [3H, TS]
2025-01-04 15:57:33,362 - Active Player: 2
2025-01-04 15:57:33,362 - STATE LOG: END
2025-01-04 15:57:33,416 - STATE LOG: BEGIN
2025-01-04 15:57:33,416 - Noah's Hand: [3S, 5S, 7H, 8D, 8S]
2025-01-04 15:57:33,416 - Eve's Hand: [6C, 6H, 8C, 8H, TD]
2025-01-04 15:57:33,416 - Boss: Rank: 11 | Suit S | Attack 10 | Health 10
2025-01-04 15:57:33,416 - Tavern: [2H, 9S, 9C, AD, 3D, 4C, 9H, 5C, 3C, 9D, 7S, 6S, 7C, 4D, 4S, 5H, AS, 2S, 5D, 4H, 7D, 6D, AH, TC]
2025-01-04 15:57:33,416 - Castle: [KC, KD, KH, KS, QH, QS, QD, QC, JH, JD, JC]
2025-01-04 15:57:33,416 - Discard: [3H, TS, TH]
2025-01-04 15:57:33,416 - Active Player: 1
2025-01-04 15:57:33,416 - STATE LOG: END
2025-01-04 15:57:33,463 - STATE LOG: BEGIN
2025-01-04 15:57:33,463 - Noah's Hand: [3S, 5S, 7H, 8S, TC]
2025-01-04 15:57:33,463 - Eve's Hand: [6C, 6H, 8C, 8H, TD, AH, 7D]
2025-01-04 15:57:33,463 - Boss: Rank: 11 | Suit S | Attack 10 | Health 2
2025-01-04 15:57:33,463 - Tavern: [2H, 9S, 9C, AD, 3D, 4C, 9H, 5C, 3C, 9D, 7S, 6S, 7C, 4D, 4S, 5H, AS, 2S, 5D]
2025-01-04 15:57:33,463 - Castle: [KC, KD, KH, KS, QH, QS, QD, QC, JH, JD, JC]
2025-01-04 15:57:33,463 - Discard: [3H, TS, TH, 4H, 6D]
2025-01-04 15:57:33,463 - Active Player: 2
2025-01-04 15:57:33,463 - STATE LOG: END
2025-01-04 15:57:33,550 - STATE LOG: BEGIN
2025-01-04 15:57:33,550 - Noah's Hand: [3S, 5S, 7H, 8S, TC]
2025-01-04 15:57:33,550 - Eve's Hand: [6C, 6H, 7D, 8C, 8H]
2025-01-04 15:57:33,550 - Boss: Rank: 11 | Suit S | Attack 10 | Health 1
2025-01-04 15:57:33,550 - Tavern: [3H, 2H, 9S, 9C, AD, 3D, 4C, 9H, 5C, 3C, 9D, 7S, 6S, 7C, 4D, 4S, 5H, AS, 2S, 5D]
2025-01-04 15:57:33,550 - Castle: [KC, KD, KH, KS, QH, QS, QD, QC, JH, JD, JC]
2025-01-04 15:57:33,550 - Discard: [TH, 6D, 4H, TS, TD]
2025-01-04 15:57:33,551 - Active Player: 1
2025-01-04 15:57:33,551 - STATE LOG: END
2025-01-04 15:57:33,597 - STATE LOG: BEGIN
2025-01-04 15:57:33,597 - Noah's Hand: [5S, 7H, 8S, TC]
2025-01-04 15:57:33,597 - Eve's Hand: [6C, 6H, 7D, 8C, 8H]
2025-01-04 15:57:33,597 - Boss: Rank: 11 | Suit C | Attack 10 | Health 20
2025-01-04 15:57:33,597 - Tavern: [3H, 2H, 9S, 9C, AD, 3D, 4C, 9H, 5C, 3C, 9D, 7S, 6S, 7C, 4D, 4S, 5H, AS, 2S, 5D]
2025-01-04 15:57:33,597 - Castle: [KC, KD, KH, KS, QH, QS, QD, QC, JH, JD]
2025-01-04 15:57:33,597 - Discard: [TH, 6D, 4H, TS, TD, AC, 2D, 8D, 3S, 2C, AH, JS]
2025-01-04 15:57:33,598 - Active Player: 1
2025-01-04 15:57:33,598 - STATE LOG: END
2025-01-04 15:57:33,640 - STATE LOG: BEGIN
2025-01-04 15:57:33,641 - Noah's Hand: [5S, 7H]
2025-01-04 15:57:33,641 - Eve's Hand: [6C, 6H, 7D, 8C, 8H]
2025-01-04 15:57:33,641 - Boss: Rank: 11 | Suit C | Attack 2 | Health 12
2025-01-04 15:57:33,641 - Tavern: [3H, 2H, 9S, 9C, AD, 3D, 4C, 9H, 5C, 3C, 9D, 7S, 6S, 7C, 4D, 4S, 5H, AS, 2S, 5D]
2025-01-04 15:57:33,641 - Castle: [KC, KD, KH, KS, QH, QS, QD, QC, JH, JD]
2025-01-04 15:57:33,641 - Discard: [TH, 6D, 4H, TS, TD, AC, 2D, 8D, 3S, 2C, AH, JS, TC]
2025-01-04 15:57:33,641 - Active Player: 2
2025-01-04 15:57:33,641 - STATE LOG: END
2025-01-04 15:57:33,681 - STATE LOG: BEGIN
2025-01-04 15:57:33,681 - Noah's Hand: [5S, 7H, 2S, 5H, 4D, 7C]
2025-01-04 15:57:33,681 - Eve's Hand: [6C, 6H, 8C, 8H, 5D, AS]
2025-01-04 15:57:33,681 - Boss: Rank: 11 | Suit C | Attack 2 | Health 5
2025-01-04 15:57:33,681 - Tavern: [3H, 2H, 9S, 9C, AD, 3D, 4C, 9H, 5C, 3C, 9D, 7S, 6S]
2025-01-04 15:57:33,682 - Castle: [KC, KD, KH, KS, QH, QS, QD, QC, JH, JD]
2025-01-04 15:57:33,682 - Discard: [TH, 6D, 4H, TS, TD, AC, 2D, 8D, 3S, 2C, AH, JS, TC, 4S]
2025-01-04 15:57:33,682 - Active Player: 1
2025-01-04 15:57:33,682 - STATE LOG: END
2025-01-04 15:57:33,740 - STATE LOG: BEGIN
2025-01-04 15:57:33,740 - Noah's Hand: [2S, 4D, 5H, 5S, 7C]
2025-01-04 15:57:33,740 - Eve's Hand: [6C, 6H, 8C, 8H, 5D, AS]
2025-01-04 15:57:33,740 - Boss: Rank: 11 | Suit D | Attack 10 | Health 20
2025-01-04 15:57:33,740 - Tavern: [TH, AC, 2C, TC, 4S, 3S, 2D, 3H, 2H, 9S, 9C, AD, 3D, 4C, 9H, 5C, 3C, 9D, 7S, 6S]
2025-01-04 15:57:33,740 - Castle: [KC, KD, KH, KS, QH, QS, QD, QC, JH]
2025-01-04 15:57:33,740 - Discard: [AH, 6D, TS, 4H, TD, JS, 8D, 8S, 7H, 7D, JC]
2025-01-04 15:57:33,740 - Active Player: 1
2025-01-04 15:57:33,740 - STATE LOG: END
2025-01-04 15:57:33,791 - STATE LOG: BEGIN
2025-01-04 15:57:33,791 - Noah's Hand: [2S, 4D, 7C]
2025-01-04 15:57:33,791 - Eve's Hand: [6C, 6H, 8C, 8H, 5D, AS]
2025-01-04 15:57:33,791 - Boss: Rank: 11 | Suit D | Attack 0 | Health 10
2025-01-04 15:57:33,791 - Tavern: [AH, 8D, 4H, 8S, JC, 6D, 7H, 7D, TS, JS, TH, AC, 2C, TC, 4S, 3S, 2D, 3H, 2H, 9S, 9C, AD, 3D, 4C, 9H, 5C, 3C, 9D, 7S, 6S]
2025-01-04 15:57:33,791 - Castle: [KC, KD, KH, KS, QH, QS, QD, QC, JH]
2025-01-04 15:57:33,791 - Discard: [TD]
2025-01-04 15:57:33,791 - Active Player: 2
2025-01-04 15:57:33,791 - STATE LOG: END
2025-01-04 15:57:33,869 - STATE LOG: BEGIN
2025-01-04 15:57:33,869 - Noah's Hand: [2S, 4D, 7C]
2025-01-04 15:57:33,869 - Eve's Hand: [6C, 6H, 8C, 8H]
2025-01-04 15:57:33,869 - Boss: Rank: 11 | Suit D | Attack 0 | Health 4
2025-01-04 15:57:33,869 - Tavern: [AH, 8D, 4H, 8S, JC, 6D, 7H, 7D, TS, JS, TH, AC, 2C, TC, 4S, 3S, 2D, 3H, 2H, 9S, 9C, AD, 3D, 4C, 9H, 5C, 3C, 9D, 7S, 6S]
2025-01-04 15:57:33,869 - Castle: [KC, KD, KH, KS, QH, QS, QD, QC, JH]
2025-01-04 15:57:33,869 - Discard: [TD]
2025-01-04 15:57:33,869 - Active Player: 1
2025-01-04 15:57:33,869 - STATE LOG: END
2025-01-04 15:57:33,887 - STATE LOG: BEGIN
2025-01-04 15:57:33,887 - Noah's Hand: [4D, 7C]
2025-01-04 15:57:33,887 - Eve's Hand: [6C, 6H, 8C, 8H]
2025-01-04 15:57:33,887 - Boss: Rank: 11 | Suit D | Attack 0 | Health 2
2025-01-04 15:57:33,887 - Tavern: [AH, 8D, 4H, 8S, JC, 6D, 7H, 7D, TS, JS, TH, AC, 2C, TC, 4S, 3S, 2D, 3H, 2H, 9S, 9C, AD, 3D, 4C, 9H, 5C, 3C, 9D, 7S, 6S]
2025-01-04 15:57:33,887 - Castle: [KC, KD, KH, KS, QH, QS, QD, QC, JH]
2025-01-04 15:57:33,887 - Discard: [TD]
2025-01-04 15:57:33,887 - Active Player: 2
2025-01-04 15:57:33,887 - STATE LOG: END
2025-01-04 15:57:33,909 - STATE LOG: BEGIN
2025-01-04 15:57:33,909 - Noah's Hand: [4D, 7C]
2025-01-04 15:57:33,909 - Eve's Hand: [6C, 6H, 8C, 8H]
2025-01-04 15:57:33,909 - Boss: Rank: 11 | Suit D | Attack 0 | Health 2
2025-01-04 15:57:33,909 - Tavern: [AH, 8D, 4H, 8S, JC, 6D, 7H, 7D, TS, JS, TH, AC, 2C, TC, 4S, 3S, 2D, 3H, 2H, 9S, 9C, AD, 3D, 4C, 9H, 5C, 3C, 9D, 7S, 6S]
2025-01-04 15:57:33,909 - Castle: [KC, KD, KH, KS, QH, QS, QD, QC, JH]
2025-01-04 15:57:33,909 - Discard: [TD]
2025-01-04 15:57:33,909 - Active Player: 1
2025-01-04 15:57:33,909 - STATE LOG: END
2025-01-04 15:57:33,914 - STATE LOG: BEGIN
2025-01-04 15:57:33,914 - Noah's Hand: [4D]
2025-01-04 15:57:33,914 - Eve's Hand: [6C, 6H, 8C, 8H]
2025-01-04 15:57:33,914 - Boss: Rank: 11 | Suit H | Attack 10 | Health 20
2025-01-04 15:57:33,914 - Tavern: [AH, 8D, 4H, 8S, JC, 6D, 7H, 7D, TS, JS, TH, AC, 2C, TC, 4S, 3S, 2D, 3H, 2H, 9S, 9C, AD, 3D, 4C, 9H, 5C, 3C, 9D, 7S, 6S]
2025-01-04 15:57:33,914 - Castle: [KC, KD, KH, KS, QH, QS, QD, QC]
2025-01-04 15:57:33,914 - Discard: [TD, 5H, 5S, 2S, 7C, AS, 5D, JD]
2025-01-04 15:57:33,914 - Active Player: 1
2025-01-04 15:57:33,914 - STATE LOG: END
2025-01-04 15:57:33,916 - STATE LOG: BEGIN
2025-01-04 15:57:33,916 - Noah's Hand: [4D]
2025-01-04 15:57:33,916 - Eve's Hand: [6C, 6H, 8C, 8H]
2025-01-04 15:57:33,916 - Boss: Rank: 11 | Suit H | Attack 10 | Health 20
2025-01-04 15:57:33,916 - Tavern: [AH, 8D, 4H, 8S, JC, 6D, 7H, 7D, TS, JS, TH, AC, 2C, TC, 4S, 3S, 2D, 3H, 2H, 9S, 9C, AD, 3D, 4C, 9H, 5C, 3C, 9D, 7S, 6S]
2025-01-04 15:57:33,916 - Castle: [KC, KD, KH, KS, QH, QS, QD, QC]
2025-01-04 15:57:33,916 - Discard: [TD, 5H, 5S, 2S, 7C, AS, 5D, JD]
2025-01-04 15:57:33,916 - Active Player: 2
2025-01-04 15:57:33,916 - STATE LOG: END
