2025-01-04 19:58:50,401 - I log states! :D
2025-01-04 19:58:50,401 - STATE LOG: BEGIN
2025-01-04 19:58:50,401 - Noah's Hand: [5H, 7C, 4H, TC, 2H, 8C, 5C]
2025-01-04 19:58:50,401 - Eve's Hand: [2D, AS, 7S, 3S, 3C, 9D, TD]
2025-01-04 19:58:50,402 - Boss: Rank: 11 | Suit C | Attack 10 | Health 20
2025-01-04 19:58:50,402 - Tavern: [TS, 3D, TH, 6D, 2C, 5S, AH, 9C, AC, 5D, 7D, 8S, 9H, 3H, 9S, 4S, 6H, 6C, AD, 8H, 6S, 7H, 4C, 8D, 2S, 4D]
2025-01-04 19:58:50,402 - Castle: [KD, KS, KC, KH, QS, QH, QD, QC, JD, JH, JS]
2025-01-04 19:58:50,402 - Discard: []
2025-01-04 19:58:50,402 - Active Player: 1
2025-01-04 19:58:50,402 - STATE LOG: END
2025-01-04 19:59:00,409 - STATE LOG: BEGIN
2025-01-04 19:59:00,410 - Noah's Hand: [2H, 4H, 5C, 5H, 7C, 8C]
2025-01-04 19:59:00,410 - Eve's Hand: [2D, AS, 7S, 3S, 3C, 9D, TD]
2025-01-04 19:59:00,410 - Boss: Rank: 11 | Suit C | Attack 10 | Health 20
2025-01-04 19:59:00,410 - Tavern: [TS, 3D, TH, 6D, 2C, 5S, AH, 9C, AC, 5D, 7D, 8S, 9H, 3H, 9S, 4S, 6H, 6C, AD, 8H, 6S, 7H, 4C, 8D, 2S, 4D]
2025-01-04 19:59:00,410 - Castle: [KD, KS, KC, KH, QS, QH, QD, QC, JD, JH, JS]
2025-01-04 19:59:00,410 - Discard: [TC]
2025-01-04 19:59:00,410 - Active Player: 2
2025-01-04 19:59:00,410 - STATE LOG: END
2025-01-04 19:59:10,413 - STATE LOG: BEGIN
2025-01-04 19:59:10,413 - Noah's Hand: [2H, 4H, 5C, 5H, 7C, 8C, 2S]
2025-01-04 19:59:10,413 - Eve's Hand: [2D, 3C, 3S, 7S, TD, 4D, 8D]
2025-01-04 19:59:10,413 - Boss: Rank: 11 | Suit C | Attack 0 | Health 10
2025-01-04 19:59:10,413 - Tavern: [TS, 3D, TH, 6D, 2C, 5S, AH, 9C, AC, 5D, 7D, 8S, 9H, 3H, 9S, 4S, 6H, 6C, AD, 8H, 6S, 7H, 4C]
2025-01-04 19:59:10,413 - Castle: [KD, KS, KC, KH, QS, QH, QD, QC, JD, JH, JS]
2025-01-04 19:59:10,413 - Discard: [TC]
2025-01-04 19:59:10,413 - Active Player: 1
2025-01-04 19:59:10,413 - STATE LOG: END
2025-01-04 19:59:20,418 - STATE LOG: BEGIN
2025-01-04 19:59:20,418 - Noah's Hand: [2H, 4H, 5C, 5H, 7C, 8C]
2025-01-04 19:59:20,418 - Eve's Hand: [2D, 3C, 3S, 7S, TD, 4D, 8D]
2025-01-04 19:59:20,418 - Boss: Rank: 11 | Suit C | Attack 0 | Health 8
2025-01-04 19:59:20,418 - Tavern: [TS, 3D, TH, 6D, 2C, 5S, AH, 9C, AC, 5D, 7D, 8S, 9H, 3H, 9S, 4S, 6H, 6C, AD, 8H, 6S, 7H, 4C]
2025-01-04 19:59:20,418 - Castle: [KD, KS, KC, KH, QS, QH, QD, QC, JD, JH, JS]
2025-01-04 19:59:20,418 - Discard: [TC]
2025-01-04 19:59:20,418 - Active Player: 2
2025-01-04 19:59:20,418 - STATE LOG: END
2025-01-04 19:59:30,423 - STATE LOG: BEGIN
2025-01-04 19:59:30,423 - Noah's Hand: [2H, 4H, 5C, 5H, 7C, 8C, 7H]
2025-01-04 19:59:30,423 - Eve's Hand: [2D, 3C, 3S, 4D, 7S, TD, 4C]
2025-01-04 19:59:30,424 - Boss: Rank: 11 | Suit S | Attack 10 | Health 20
2025-01-04 19:59:30,424 - Tavern: [TS, 3D, TH, 6D, 2C, 5S, AH, 9C, AC, 5D, 7D, 8S, 9H, 3H, 9S, 4S, 6H, 6C, AD, 8H, 6S]
2025-01-04 19:59:30,424 - Castle: [KD, KS, KC, KH, QS, QH, QD, QC, JD, JH]
2025-01-04 19:59:30,424 - Discard: [TC, 2S, AS, 9D, 8D]
2025-01-04 19:59:30,424 - Active Player: 2
2025-01-04 19:59:30,424 - STATE LOG: END
2025-01-04 19:59:40,429 - STATE LOG: BEGIN
2025-01-04 19:59:40,430 - Noah's Hand: [2H, 4H, 5C, 5H, 7C, 8C, 7H]
2025-01-04 19:59:40,430 - Eve's Hand: [3C, 3S, 4C, 4D, 7S, TD]
2025-01-04 19:59:40,430 - Boss: Rank: 11 | Suit S | Attack 10 | Health 18
2025-01-04 19:59:40,430 - Tavern: [TS, 3D, TH, 6D, 2C, 5S, AH, 9C, AC, 5D, 7D, 8S, 9H, 3H, 9S, 4S, 6H, 6C, AD, 8H, 6S]
2025-01-04 19:59:40,430 - Castle: [KD, KS, KC, KH, QS, QH, QD, QC, JD, JH]
2025-01-04 19:59:40,430 - Discard: [TC, 2S, AS, 9D, 8D, JC]
2025-01-04 19:59:40,430 - Active Player: 1
2025-01-04 19:59:40,430 - STATE LOG: END
2025-01-04 19:59:50,440 - STATE LOG: BEGIN
2025-01-04 19:59:50,441 - Noah's Hand: [2H, 4H, 5C, 5H]
2025-01-04 19:59:50,441 - Eve's Hand: [3C, 3S, 4C, 4D, 7S, TD]
2025-01-04 19:59:50,441 - Boss: Rank: 11 | Suit S | Attack 10 | Health 4
2025-01-04 19:59:50,441 - Tavern: [TS, 3D, TH, 6D, 2C, 5S, AH, 9C, AC, 5D, 7D, 8S, 9H, 3H, 9S, 4S, 6H, 6C, AD, 8H, 6S]
2025-01-04 19:59:50,441 - Castle: [KD, KS, KC, KH, QS, QH, QD, QC, JD, JH]
2025-01-04 19:59:50,441 - Discard: [TC, 2S, AS, 9D, 8D, JC, 8C, 7H]
2025-01-04 19:59:50,441 - Active Player: 2
2025-01-04 19:59:50,441 - STATE LOG: END
2025-01-04 20:00:00,445 - STATE LOG: BEGIN
2025-01-04 20:00:00,446 - Noah's Hand: [2H, 4H, 5C, 5H, 8H, 6C, 4S]
2025-01-04 20:00:00,446 - Eve's Hand: [3C, 3S, 7S, TD, 6S, AD, 6H]
2025-01-04 20:00:00,446 - Boss: Rank: 11 | Suit H | Attack 10 | Health 20
2025-01-04 20:00:00,446 - Tavern: [TS, 3D, TH, 6D, 2C, 5S, AH, 9C, AC, 5D, 7D, 8S, 9H, 3H, 9S]
2025-01-04 20:00:00,446 - Castle: [KD, KS, KC, KH, QS, QH, QD, QC, JD]
2025-01-04 20:00:00,446 - Discard: [TC, 2S, AS, 9D, 8D, JC, 8C, 7H, 7C, 2D, 4C, 4D, JS]
2025-01-04 20:00:00,447 - Active Player: 2
2025-01-04 20:00:00,447 - STATE LOG: END
2025-01-04 20:00:10,454 - STATE LOG: BEGIN
2025-01-04 20:00:10,455 - Noah's Hand: [2H, 4H, 5C, 5H, 8H, 6C, 4S]
2025-01-04 20:00:10,455 - Eve's Hand: [3C, 3S, 6H, 6S, TD, 9S]
2025-01-04 20:00:10,455 - Boss: Rank: 11 | Suit H | Attack 2 | Health 12
2025-01-04 20:00:10,455 - Tavern: [TS, 3D, TH, 6D, 2C, 5S, AH, 9C, AC, 5D, 7D, 8S, 9H]
2025-01-04 20:00:10,455 - Castle: [KD, KS, KC, KH, QS, QH, QD, QC, JD]
2025-01-04 20:00:10,455 - Discard: [TC, 2S, AS, 9D, 8D, JC, 8C, 7H, 7C, 2D, 4C, 4D, JS, 3H]
2025-01-04 20:00:10,455 - Active Player: 1
2025-01-04 20:00:10,455 - STATE LOG: END
2025-01-04 20:00:20,459 - STATE LOG: BEGIN
2025-01-04 20:00:20,460 - Noah's Hand: [2H, 4H, 4S, 5C, 5H, 6C]
2025-01-04 20:00:20,460 - Eve's Hand: [3C, 3S, 6H, 6S, TD, 9S]
2025-01-04 20:00:20,460 - Boss: Rank: 11 | Suit H | Attack 2 | Health 12
2025-01-04 20:00:20,460 - Tavern: [TS, 3D, TH, 6D, 2C, 5S, AH, 9C, AC, 5D, 7D, 8S, 9H]
2025-01-04 20:00:20,460 - Castle: [KD, KS, KC, KH, QS, QH, QD, QC, JD]
2025-01-04 20:00:20,460 - Discard: [TC, 2S, AS, 9D, 8D, JC, 8C, 7H, 7C, 2D, 4C, 4D, JS, 3H, 8H]
2025-01-04 20:00:20,460 - Active Player: 2
2025-01-04 20:00:20,460 - STATE LOG: END
2025-01-04 20:00:30,466 - STATE LOG: BEGIN
2025-01-04 20:00:30,466 - Noah's Hand: [2H, 4H, 4S, 5C, 5H, 6C, 8S]
2025-01-04 20:00:30,466 - Eve's Hand: [3C, 3S, 6H, 6S, 9S, 9H]
2025-01-04 20:00:30,467 - Boss: Rank: 11 | Suit H | Attack 2 | Health 2
2025-01-04 20:00:30,467 - Tavern: [TS, 3D, TH, 6D, 2C, 5S, AH, 9C, AC, 5D]
2025-01-04 20:00:30,467 - Castle: [KD, KS, KC, KH, QS, QH, QD, QC, JD]
2025-01-04 20:00:30,467 - Discard: [TC, 2S, AS, 9D, 8D, JC, 8C, 7H, 7C, 2D, 4C, 4D, JS, 3H, 8H, 7D]
2025-01-04 20:00:30,467 - Active Player: 1
2025-01-04 20:00:30,467 - STATE LOG: END
2025-01-04 20:00:40,474 - STATE LOG: BEGIN
2025-01-04 20:00:40,474 - Noah's Hand: [4H, 4S, 5C, 5H, 6C, 8S]
2025-01-04 20:00:40,474 - Eve's Hand: [3C, 3S, 6H, 6S, 9S, 9H]
2025-01-04 20:00:40,474 - Boss: Rank: 11 | Suit D | Attack 10 | Health 20
2025-01-04 20:00:40,474 - Tavern: [TS, 3D, TH, 6D, 2C, 5S, AH, 9C, AC, 5D]
2025-01-04 20:00:40,474 - Castle: [KD, KS, KC, KH, QS, QH, QD, QC]
2025-01-04 20:00:40,474 - Discard: [TC, 2S, AS, 9D, 8D, JC, 8C, 7H, 7C, 2D, 4C, 4D, JS, 3H, 8H, 7D, 2H, AD, 7S, TD]
2025-01-04 20:00:40,474 - Active Player: 1
2025-01-04 20:00:40,474 - STATE LOG: END
2025-01-04 20:00:50,489 - STATE LOG: BEGIN
2025-01-04 20:00:50,489 - Noah's Hand: [4H, 5C, 5H, 6C]
2025-01-04 20:00:50,489 - Eve's Hand: [3C, 3S, 6H, 6S, 9S, 9H]
2025-01-04 20:00:50,489 - Boss: Rank: 11 | Suit D | Attack 6 | Health 16
2025-01-04 20:00:50,489 - Tavern: [TS, 3D, TH, 6D, 2C, 5S, AH, 9C, AC, 5D]
2025-01-04 20:00:50,489 - Castle: [KD, KS, KC, KH, QS, QH, QD, QC]
2025-01-04 20:00:50,490 - Discard: [TC, 2S, AS, 9D, 8D, JC, 8C, 7H, 7C, 2D, 4C, 4D, JS, 3H, 8H, 7D, 2H, AD, 7S, TD, 8S]
2025-01-04 20:00:50,490 - Active Player: 2
2025-01-04 20:00:50,490 - STATE LOG: END
2025-01-04 20:01:00,362 - STATE LOG: BEGIN
2025-01-04 20:01:00,362 - Noah's Hand: [4H, 5C, 5H, 6C]
2025-01-04 20:01:00,362 - Eve's Hand: [3C, 3S, 6H, 9H, 9S]
2025-01-04 20:01:00,362 - Boss: Rank: 11 | Suit D | Attack 0 | Health 10
2025-01-04 20:01:00,362 - Tavern: [TS, 3D, TH, 6D, 2C, 5S, AH, 9C, AC, 5D]
2025-01-04 20:01:00,362 - Castle: [KD, KS, KC, KH, QS, QH, QD, QC]
2025-01-04 20:01:00,363 - Discard: [TC, 2S, AS, 9D, 8D, JC, 8C, 7H, 7C, 2D, 4C, 4D, JS, 3H, 8H, 7D, 2H, AD, 7S, TD, 8S]
2025-01-04 20:01:00,363 - Active Player: 1
2025-01-04 20:01:00,363 - STATE LOG: END
2025-01-04 20:01:04,038 - STATE LOG: BEGIN
2025-01-04 20:01:04,038 - Noah's Hand: [4H, 6C]
2025-01-04 20:01:04,038 - Eve's Hand: [3C, 3S, 6H, 9H, 9S]
2025-01-04 20:01:04,038 - Boss: Rank: 12 | Suit C | Attack 15 | Health 30
2025-01-04 20:01:04,038 - Tavern: [8D, 2S, JC, TD, 8H, 7S, 2D, JS, 3H, 8C, TS, 3D, TH, 6D, 2C, 5S, AH, 9C, AC, 5D]
2025-01-04 20:01:04,038 - Castle: [KD, KS, KC, KH, QS, QH, QD]
2025-01-04 20:01:04,038 - Discard: [4D, 7H, 9D, AD, 7D, 2H, 7C, 8S, 4C, AS, TC, 4S, 5C, 5H, 6S, JD]
2025-01-04 20:01:04,038 - Active Player: 1
2025-01-04 20:01:04,038 - STATE LOG: END
2025-01-04 20:01:04,064 - STATE LOG: BEGIN
2025-01-04 20:01:04,064 - Noah's Hand: [6C]
2025-01-04 20:01:04,064 - Eve's Hand: [3C, 3S, 6H, 9H, 9S]
2025-01-04 20:01:04,065 - Boss: Rank: 12 | Suit C | Attack 15 | Health 26
2025-01-04 20:01:04,065 - Tavern: [TC, 9D, 7D, 4S, 8D, 2S, JC, TD, 8H, 7S, 2D, JS, 3H, 8C, TS, 3D, TH, 6D, 2C, 5S, AH, 9C, AC, 5D]
2025-01-04 20:01:04,065 - Castle: [KD, KS, KC, KH, QS, QH, QD]
2025-01-04 20:01:04,065 - Discard: [4D, 4C, 7H, 7C, AS, AD, 5C, JD, 2H, 6S, 8S, 5H]
2025-01-04 20:01:04,065 - Active Player: 2
2025-01-04 20:01:04,065 - STATE LOG: END
