2025-01-04 21:06:51,309 - I log states! :D
2025-01-04 21:06:51,309 - STATE LOG: BEGIN
2025-01-04 21:06:51,309 - Noah's Hand: [3D, 2C, 2H, 9H, 7C, 9C, 8D]
2025-01-04 21:06:51,309 - Eve's Hand: [5D, 8H, 5C, AS, 4H, 5H, 9D]
2025-01-04 21:06:51,309 - Boss: Rank: 11 | Suit S | Attack 10 | Health 20
2025-01-04 21:06:51,309 - Tavern: [9S, 2S, 8S, 4S, 3C, 6H, TS, AC, 5S, 4D, AD, 7D, 7H, AH, 3H, 8C, 7S, 3S, 4C, 6C, TD, TH, 6S, 2D, 6D, TC]
2025-01-04 21:06:51,309 - Castle: [KD, KH, KS, KC, QD, QC, QH, QS, JC, JH, JD]
2025-01-04 21:06:51,309 - Discard: []
2025-01-04 21:06:51,309 - Active Player: 1
2025-01-04 21:06:51,309 - STATE LOG: END
2025-01-04 21:06:52,806 - STATE LOG: BEGIN
2025-01-04 21:06:52,807 - Noah's Hand: [3D, 8D, 9H]
2025-01-04 21:06:52,807 - Eve's Hand: [5D, 8H, 5C, AS, 4H, 5H, 9D]
2025-01-04 21:06:52,807 - Boss: Rank: 11 | Suit S | Attack 10 | Health 16
2025-01-04 21:06:52,807 - Tavern: [9S, 2S, 8S, 4S, 3C, 6H, TS, AC, 5S, 4D, AD, 7D, 7H, AH, 3H, 8C, 7S, 3S, 4C, 6C, TD, TH, 6S, 2D, 6D, TC]
2025-01-04 21:06:52,807 - Castle: [KD, KH, KS, KC, QD, QC, QH, QS, JC, JH, JD]
2025-01-04 21:06:52,807 - Discard: [7C, 2H, 9C]
2025-01-04 21:06:52,807 - Active Player: 2
2025-01-04 21:06:52,807 - STATE LOG: END
2025-01-04 21:06:54,162 - STATE LOG: BEGIN
2025-01-04 21:06:54,162 - Noah's Hand: [3D, 8D, 9H, 6D, 6S, TH, TD]
2025-01-04 21:06:54,162 - Eve's Hand: [5C, 8H, 9D, 2D]
2025-01-04 21:06:54,162 - Boss: Rank: 11 | Suit S | Attack 10 | Health 10
2025-01-04 21:06:54,162 - Tavern: [9S, 2S, 8S, 4S, 3C, 6H, TS, AC, 5S, 4D, AD, 7D, 7H, AH, 3H, 8C, 7S, 3S, 4C, 6C]
2025-01-04 21:06:54,162 - Castle: [KD, KH, KS, KC, QD, QC, QH, QS, JC, JH, JD]
2025-01-04 21:06:54,162 - Discard: [7C, 2H, 9C, 5H, 4H, TC]
2025-01-04 21:06:54,162 - Active Player: 1
2025-01-04 21:06:54,162 - STATE LOG: END
2025-01-04 21:06:55,293 - STATE LOG: BEGIN
2025-01-04 21:06:55,293 - Noah's Hand: [3D, 6D, 6S, 8D, 9H, TH, 6C]
2025-01-04 21:06:55,293 - Eve's Hand: [5C, 8H, 9D, 2D, 4C, 3S, 7S]
2025-01-04 21:06:55,293 - Boss: Rank: 11 | Suit D | Attack 10 | Health 20
2025-01-04 21:06:55,293 - Tavern: [9S, 2S, 8S, 4S, 3C, 6H, TS, AC, 5S, 4D, AD, 7D, 7H, AH, 3H, 8C]
2025-01-04 21:06:55,293 - Castle: [KD, KH, KS, KC, QD, QC, QH, QS, JC, JH]
2025-01-04 21:06:55,293 - Discard: [7C, 2H, 9C, 5H, 4H, TC, 2C, TD, AS, 5D]
2025-01-04 21:06:55,293 - Active Player: 1
2025-01-04 21:06:55,293 - STATE LOG: END
2025-01-04 21:06:56,786 - STATE LOG: BEGIN
2025-01-04 21:06:56,786 - Noah's Hand: [3D, 6D, 6S, 8D, 9H]
2025-01-04 21:06:56,786 - Eve's Hand: [5C, 8H, 9D, 2D, 4C, 3S, 7S]
2025-01-04 21:06:56,786 - Boss: Rank: 11 | Suit D | Attack 10 | Health 8
2025-01-04 21:06:56,786 - Tavern: [9S, 2S, 8S, 4S, 3C, 6H, TS, AC, 5S, 4D, AD, 7D, 7H, AH, 3H, 8C]
2025-01-04 21:06:56,786 - Castle: [KD, KH, KS, KC, QD, QC, QH, QS, JC, JH]
2025-01-04 21:06:56,786 - Discard: [7C, 2H, 9C, 5H, 4H, TC, 2C, TD, AS, 5D, TH]
2025-01-04 21:06:56,786 - Active Player: 2
2025-01-04 21:06:56,786 - STATE LOG: END
2025-01-04 21:06:58,503 - STATE LOG: BEGIN
2025-01-04 21:06:58,503 - Noah's Hand: [3D, 6D, 6S, 8D, 9H]
2025-01-04 21:06:58,503 - Eve's Hand: [2D, 3S, 4C, 5C, 7S, 9D]
2025-01-04 21:06:58,503 - Boss: Rank: 11 | Suit H | Attack 10 | Health 20
2025-01-04 21:06:58,503 - Tavern: [TH, 5D, 7C, 4H, 2H, AS, TC, TD, 9S, 2S, 8S, 4S, 3C, 6H, TS, AC, 5S, 4D, AD, 7D, 7H, AH, 3H, 8C]
2025-01-04 21:06:58,503 - Castle: [KD, KH, KS, KC, QD, QC, QH, QS, JC]
2025-01-04 21:06:58,503 - Discard: [2C, 9C, 5H, 6C, 8H]
2025-01-04 21:06:58,503 - Active Player: 2
2025-01-04 21:06:58,503 - STATE LOG: END
2025-01-04 21:07:00,659 - STATE LOG: BEGIN
2025-01-04 21:07:00,659 - Noah's Hand: [3D, 6D, 6S, 8D, 9H]
2025-01-04 21:07:00,659 - Eve's Hand: [2D, 7S, 9D]
2025-01-04 21:07:00,659 - Boss: Rank: 11 | Suit H | Attack 7 | Health 17
2025-01-04 21:07:00,660 - Tavern: [TH, 5D, 7C, 4H, 2H, AS, TC, TD, 9S, 2S, 8S, 4S, 3C, 6H, TS, AC, 5S, 4D, AD, 7D, 7H, AH, 3H, 8C]
2025-01-04 21:07:00,660 - Castle: [KD, KH, KS, KC, QD, QC, QH, QS, JC]
2025-01-04 21:07:00,660 - Discard: [2C, 9C, 5H, 6C, 8H, 5C, 4C]
2025-01-04 21:07:00,660 - Active Player: 1
2025-01-04 21:07:00,660 - STATE LOG: END
2025-01-04 21:07:02,802 - STATE LOG: BEGIN
2025-01-04 21:07:02,802 - Noah's Hand: [3D, 6D, 6S, 8D]
2025-01-04 21:07:02,802 - Eve's Hand: [2D, 7S, 9D]
2025-01-04 21:07:02,802 - Boss: Rank: 11 | Suit H | Attack 7 | Health 17
2025-01-04 21:07:02,802 - Tavern: [TH, 5D, 7C, 4H, 2H, AS, TC, TD, 9S, 2S, 8S, 4S, 3C, 6H, TS, AC, 5S, 4D, AD, 7D, 7H, AH, 3H, 8C]
2025-01-04 21:07:02,802 - Castle: [KD, KH, KS, KC, QD, QC, QH, QS, JC]
2025-01-04 21:07:02,802 - Discard: [2C, 9C, 5H, 6C, 8H, 5C, 4C, 9H]
2025-01-04 21:07:02,802 - Active Player: 2
2025-01-04 21:07:02,802 - STATE LOG: END
2025-01-04 21:07:05,066 - STATE LOG: BEGIN
2025-01-04 21:07:05,066 - Noah's Hand: [3D, 6D, 6S, 8D]
2025-01-04 21:07:05,066 - Eve's Hand: [2D, 9D]
2025-01-04 21:07:05,067 - Boss: Rank: 11 | Suit H | Attack 0 | Health 10
2025-01-04 21:07:05,067 - Tavern: [TH, 5D, 7C, 4H, 2H, AS, TC, TD, 9S, 2S, 8S, 4S, 3C, 6H, TS, AC, 5S, 4D, AD, 7D, 7H, AH, 3H, 8C]
2025-01-04 21:07:05,067 - Castle: [KD, KH, KS, KC, QD, QC, QH, QS, JC]
2025-01-04 21:07:05,067 - Discard: [2C, 9C, 5H, 6C, 8H, 5C, 4C, 9H]
2025-01-04 21:07:05,067 - Active Player: 1
2025-01-04 21:07:05,067 - STATE LOG: END
2025-01-04 21:07:07,335 - STATE LOG: BEGIN
2025-01-04 21:07:07,336 - Noah's Hand: [3D, 6D, 6S, 8D]
2025-01-04 21:07:07,336 - Eve's Hand: [2D, 9D]
2025-01-04 21:07:07,336 - Boss: Rank: 11 | Suit H | Attack 0 | Health 10
2025-01-04 21:07:07,336 - Tavern: [TH, 5D, 7C, 4H, 2H, AS, TC, TD, 9S, 2S, 8S, 4S, 3C, 6H, TS, AC, 5S, 4D, AD, 7D, 7H, AH, 3H, 8C]
2025-01-04 21:07:07,336 - Castle: [KD, KH, KS, KC, QD, QC, QH, QS, JC]
2025-01-04 21:07:07,336 - Discard: [2C, 9C, 5H, 6C, 8H, 5C, 4C, 9H]
2025-01-04 21:07:07,336 - Active Player: 2
2025-01-04 21:07:07,336 - STATE LOG: END
2025-01-04 21:07:09,580 - STATE LOG: BEGIN
2025-01-04 21:07:09,581 - Noah's Hand: [3D, 6D, 6S, 8D, JS]
2025-01-04 21:07:09,581 - Eve's Hand: [9D, JD]
2025-01-04 21:07:09,581 - Boss: Rank: 11 | Suit H | Attack 0 | Health 8
2025-01-04 21:07:09,581 - Tavern: [TH, 5D, 7C, 4H, 2H, AS, TC, TD, 9S, 2S, 8S, 4S, 3C, 6H, TS, AC, 5S, 4D, AD, 7D, 7H, AH, 3H, 8C]
2025-01-04 21:07:09,581 - Castle: [KD, KH, KS, KC, QD, QC, QH, QS, JC]
2025-01-04 21:07:09,581 - Discard: [2C, 9C, 5H, 6C, 8H, 5C, 4C, 9H]
2025-01-04 21:07:09,581 - Active Player: 1
2025-01-04 21:07:09,581 - STATE LOG: END
2025-01-04 21:07:11,755 - STATE LOG: BEGIN
2025-01-04 21:07:11,755 - Noah's Hand: [3D, 6D, 8D, JS]
2025-01-04 21:07:11,755 - Eve's Hand: [9D, JD]
2025-01-04 21:07:11,755 - Boss: Rank: 11 | Suit H | Attack 0 | Health 2
2025-01-04 21:07:11,755 - Tavern: [TH, 5D, 7C, 4H, 2H, AS, TC, TD, 9S, 2S, 8S, 4S, 3C, 6H, TS, AC, 5S, 4D, AD, 7D, 7H, AH, 3H, 8C]
2025-01-04 21:07:11,755 - Castle: [KD, KH, KS, KC, QD, QC, QH, QS, JC]
2025-01-04 21:07:11,755 - Discard: [2C, 9C, 5H, 6C, 8H, 5C, 4C, 9H]
2025-01-04 21:07:11,755 - Active Player: 2
2025-01-04 21:07:11,755 - STATE LOG: END
2025-01-04 21:07:13,966 - STATE LOG: BEGIN
2025-01-04 21:07:13,967 - Noah's Hand: [3D, 6D, 8D, JS, 3H, 7H, AD]
2025-01-04 21:07:13,967 - Eve's Hand: [9D, 8C, AH, 7D, 4D, 5S, AC]
2025-01-04 21:07:13,967 - Boss: Rank: 11 | Suit C | Attack 10 | Health 20
2025-01-04 21:07:13,967 - Tavern: [TH, 5D, 7C, 4H, 2H, AS, TC, TD, 9S, 2S, 8S, 4S, 3C, 6H, TS]
2025-01-04 21:07:13,967 - Castle: [KD, KH, KS, KC, QD, QC, QH, QS]
2025-01-04 21:07:13,967 - Discard: [2C, 9C, 5H, 6C, 8H, 5C, 4C, 9H, 6S, 3S, 7S, 2D, JD, JH]
2025-01-04 21:07:13,967 - Active Player: 2
2025-01-04 21:07:13,967 - STATE LOG: END
2025-01-04 21:07:16,080 - STATE LOG: BEGIN
2025-01-04 21:07:16,081 - Noah's Hand: [3D, 6D, 8D, JS, 3H, 7H, AD]
2025-01-04 21:07:16,081 - Eve's Hand: [4D, 5S, 7D, 9D]
2025-01-04 21:07:16,081 - Boss: Rank: 11 | Suit C | Attack 10 | Health 20
2025-01-04 21:07:16,081 - Tavern: [TH, 5D, 7C, 4H, 2H, AS, TC, TD, 9S, 2S, 8S, 4S, 3C, 6H, TS]
2025-01-04 21:07:16,081 - Castle: [KD, KH, KS, KC, QD, QC, QH, QS]
2025-01-04 21:07:16,081 - Discard: [2C, 9C, 5H, 6C, 8H, 5C, 4C, 9H, 6S, 3S, 7S, 2D, JD, JH, AH, 8C, AC]
2025-01-04 21:07:16,081 - Active Player: 1
2025-01-04 21:07:16,081 - STATE LOG: END
2025-01-04 21:07:18,179 - STATE LOG: BEGIN
2025-01-04 21:07:18,179 - Noah's Hand: [AD, 3D, 3H, 6D, 7H, 8D]
2025-01-04 21:07:18,179 - Eve's Hand: [4D, 5S, 7D, 9D]
2025-01-04 21:07:18,179 - Boss: Rank: 11 | Suit C | Attack 0 | Health 9
2025-01-04 21:07:18,179 - Tavern: [TH, 5D, 7C, 4H, 2H, AS, TC, TD, 9S, 2S, 8S, 4S, 3C, 6H, TS]
2025-01-04 21:07:18,179 - Castle: [KD, KH, KS, KC, QD, QC, QH, QS]
2025-01-04 21:07:18,179 - Discard: [2C, 9C, 5H, 6C, 8H, 5C, 4C, 9H, 6S, 3S, 7S, 2D, JD, JH, AH, 8C, AC]
2025-01-04 21:07:18,179 - Active Player: 2
2025-01-04 21:07:18,179 - STATE LOG: END
2025-01-04 21:07:20,127 - STATE LOG: BEGIN
2025-01-04 21:07:20,128 - Noah's Hand: [AD, 3D, 3H, 6D, 7H, 8D]
2025-01-04 21:07:20,128 - Eve's Hand: [4D, 5S, 7D, 9D]
2025-01-04 21:07:20,128 - Boss: Rank: 11 | Suit C | Attack 0 | Health 9
2025-01-04 21:07:20,128 - Tavern: [TH, 5D, 7C, 4H, 2H, AS, TC, TD, 9S, 2S, 8S, 4S, 3C, 6H, TS]
2025-01-04 21:07:20,129 - Castle: [KD, KH, KS, KC, QD, QC, QH, QS]
2025-01-04 21:07:20,129 - Discard: [2C, 9C, 5H, 6C, 8H, 5C, 4C, 9H, 6S, 3S, 7S, 2D, JD, JH, AH, 8C, AC]
2025-01-04 21:07:20,129 - Active Player: 1
2025-01-04 21:07:20,129 - STATE LOG: END
2025-01-04 21:07:22,227 - STATE LOG: BEGIN
2025-01-04 21:07:22,227 - Noah's Hand: [3D, 3H, 6D, 8D, TS, 3C, 8S]
2025-01-04 21:07:22,227 - Eve's Hand: [4D, 5S, 7D, 9D, 6H, 4S, 2S]
2025-01-04 21:07:22,227 - Boss: Rank: 11 | Suit C | Attack 0 | Health 1
2025-01-04 21:07:22,227 - Tavern: [2C, 6C, 8C, 9C, 2D, 9H, 6S, JD, TH, 5D, 7C, 4H, 2H, AS, TC, TD, 9S]
2025-01-04 21:07:22,227 - Castle: [KD, KH, KS, KC, QD, QC, QH, QS]
2025-01-04 21:07:22,227 - Discard: [4C, 5C, 8H, AH, AC, 3S, 7S, 5H, JH]
2025-01-04 21:07:22,227 - Active Player: 2
2025-01-04 21:07:22,227 - STATE LOG: END
2025-01-04 21:07:24,122 - STATE LOG: BEGIN
2025-01-04 21:07:24,122 - Noah's Hand: [3D, 3H, 6D, 8D, TS, 3C, 8S]
2025-01-04 21:07:24,122 - Eve's Hand: [4D, 4S, 5S, 6H, 7D, 9D]
2025-01-04 21:07:24,122 - Boss: Rank: 12 | Suit S | Attack 15 | Health 30
2025-01-04 21:07:24,122 - Tavern: [2C, 6C, 8C, 9C, 2D, 9H, 6S, JD, TH, 5D, 7C, 4H, 2H, AS, TC, TD, 9S]
2025-01-04 21:07:24,122 - Castle: [KD, KH, KS, KC, QD, QC, QH]
2025-01-04 21:07:24,122 - Discard: [4C, 5C, 8H, AH, AC, 3S, 7S, 5H, JH, JS, AD, 7H, 2S, JC]
2025-01-04 21:07:24,122 - Active Player: 2
2025-01-04 21:07:24,122 - STATE LOG: END
2025-01-04 21:07:26,269 - STATE LOG: BEGIN
2025-01-04 21:07:26,270 - Noah's Hand: [3D, 3H, 6D, 8D, TS, 3C, 8S]
2025-01-04 21:07:26,270 - Eve's Hand: [7D]
2025-01-04 21:07:26,270 - Boss: Rank: 12 | Suit S | Attack 15 | Health 24
2025-01-04 21:07:26,270 - Tavern: [JS, 4C, 3S, JC, AD, 5H, 2C, 6C, 8C, 9C, 2D, 9H, 6S, JD, TH, 5D, 7C, 4H, 2H, AS, TC, TD, 9S]
2025-01-04 21:07:26,270 - Castle: [KD, KH, KS, KC, QD, QC, QH]
2025-01-04 21:07:26,270 - Discard: [AC, AH, JH, 7S, 2S, 8H, 7H, 5C, 5S, 4S, 4D, 9D]
2025-01-04 21:07:26,270 - Active Player: 1
2025-01-04 21:07:26,271 - STATE LOG: END
2025-01-04 21:07:27,268 - STATE LOG: BEGIN
2025-01-04 21:07:27,268 - Noah's Hand: [6D, 8D, 9S, TC, 2H]
2025-01-04 21:07:27,268 - Eve's Hand: [7D, TD, AS, 4H, 7C, 5D, TH]
2025-01-04 21:07:27,268 - Boss: Rank: 12 | Suit S | Attack 15 | Health 6
2025-01-04 21:07:27,268 - Tavern: [8H, 2S, 7S, 9D, 5S, JH, 5C, AH, 7H, JS, 4C, 3S, JC, AD, 5H, 2C, 6C, 8C, 9C, 2D, 9H, 6S, JD]
2025-01-04 21:07:27,268 - Castle: [KD, KH, KS, KC, QD, QC, QH]
2025-01-04 21:07:27,268 - Discard: [4S, AC, 4D, 8S, TS]
2025-01-04 21:07:27,268 - Active Player: 2
2025-01-04 21:07:27,268 - STATE LOG: END
2025-01-04 21:07:29,236 - STATE LOG: BEGIN
2025-01-04 21:07:29,236 - Noah's Hand: [6D, 8D, 9S, TC, 2H]
2025-01-04 21:07:29,236 - Eve's Hand: [AS, 4H, 5D, 7D, TD, TH]
2025-01-04 21:07:29,236 - Boss: Rank: 12 | Suit H | Attack 15 | Health 30
2025-01-04 21:07:29,236 - Tavern: [8H, 2S, 7S, 9D, 5S, JH, 5C, AH, 7H, JS, 4C, 3S, JC, AD, 5H, 2C, 6C, 8C, 9C, 2D, 9H, 6S, JD]
2025-01-04 21:07:29,236 - Castle: [KD, KH, KS, KC, QD, QC]
2025-01-04 21:07:29,236 - Discard: [4S, AC, 4D, 8S, TS, 3C, 3D, 3H, 6H, 7C, QS]
2025-01-04 21:07:29,236 - Active Player: 2
2025-01-04 21:07:29,236 - STATE LOG: END
2025-01-04 21:07:31,268 - STATE LOG: BEGIN
2025-01-04 21:07:31,268 - Noah's Hand: [6D, 8D, 9S, TC, 2H, 6S, 2D]
2025-01-04 21:07:31,268 - Eve's Hand: [4H, 7D, TD, JD, 9H, 9C]
2025-01-04 21:07:31,268 - Boss: Rank: 12 | Suit H | Attack 9 | Health 24
2025-01-04 21:07:31,268 - Tavern: [8H, 2S, 7S, 9D, 5S, JH, 5C, AH, 7H, JS, 4C, 3S, JC, AD, 5H, 2C, 6C, 8C]
2025-01-04 21:07:31,268 - Castle: [KD, KH, KS, KC, QD, QC]
2025-01-04 21:07:31,268 - Discard: [4S, AC, 4D, 8S, TS, 3C, 3D, 3H, 6H, 7C, QS, TH]
2025-01-04 21:07:31,268 - Active Player: 1
2025-01-04 21:07:31,268 - STATE LOG: END
2025-01-04 21:07:33,345 - STATE LOG: BEGIN
2025-01-04 21:07:33,346 - Noah's Hand: [2D, 2H, 6D, 6S, 8D, TC]
2025-01-04 21:07:33,347 - Eve's Hand: [4H, 7D, TD, JD, 9H, 9C]
2025-01-04 21:07:33,347 - Boss: Rank: 12 | Suit H | Attack 9 | Health 24
2025-01-04 21:07:33,347 - Tavern: [8H, 2S, 7S, 9D, 5S, JH, 5C, AH, 7H, JS, 4C, 3S, JC, AD, 5H, 2C, 6C, 8C]
2025-01-04 21:07:33,347 - Castle: [KD, KH, KS, KC, QD, QC]
2025-01-04 21:07:33,347 - Discard: [4S, AC, 4D, 8S, TS, 3C, 3D, 3H, 6H, 7C, QS, TH, 9S]
2025-01-04 21:07:33,347 - Active Player: 2
2025-01-04 21:07:33,347 - STATE LOG: END
2025-01-04 21:07:35,407 - STATE LOG: BEGIN
2025-01-04 21:07:35,407 - Noah's Hand: [2D, 2H, 6D, 6S, 8D, TC]
2025-01-04 21:07:35,407 - Eve's Hand: [7D, 9C, TD, JD]
2025-01-04 21:07:35,407 - Boss: Rank: 12 | Suit H | Attack 9 | Health 20
2025-01-04 21:07:35,407 - Tavern: [8H, 2S, 7S, 9D, 5S, JH, 5C, AH, 7H, JS, 4C, 3S, JC, AD, 5H, 2C, 6C, 8C]
2025-01-04 21:07:35,407 - Castle: [KD, KH, KS, KC, QD, QC]
2025-01-04 21:07:35,407 - Discard: [4S, AC, 4D, 8S, TS, 3C, 3D, 3H, 6H, 7C, QS, TH, 9S, 9H]
2025-01-04 21:07:35,407 - Active Player: 1
2025-01-04 21:07:35,407 - STATE LOG: END
2025-01-04 21:07:37,426 - STATE LOG: BEGIN
2025-01-04 21:07:37,426 - Noah's Hand: [2D, 6D, 8D]
2025-01-04 21:07:37,426 - Eve's Hand: [7D, 9C, TD, JD]
2025-01-04 21:07:37,426 - Boss: Rank: 12 | Suit H | Attack 9 | Health 18
2025-01-04 21:07:37,426 - Tavern: [8H, 2S, 7S, 9D, 5S, JH, 5C, AH, 7H, JS, 4C, 3S, JC, AD, 5H, 2C, 6C, 8C]
2025-01-04 21:07:37,426 - Castle: [KD, KH, KS, KC, QD, QC]
2025-01-04 21:07:37,426 - Discard: [4S, AC, 4D, 8S, TS, 3C, 3D, 3H, 6H, 7C, QS, TH, 9S, 9H, 6S, TC]
2025-01-04 21:07:37,426 - Active Player: 2
2025-01-04 21:07:37,426 - STATE LOG: END
2025-01-04 21:07:39,382 - STATE LOG: BEGIN
2025-01-04 21:07:39,382 - Noah's Hand: [2D, 6D, 8D, 6C, 5H, JC]
2025-01-04 21:07:39,382 - Eve's Hand: [TD, JD, 8C, 2C, AD, 3S]
2025-01-04 21:07:39,382 - Boss: Rank: 12 | Suit H | Attack 9 | Health 11
2025-01-04 21:07:39,382 - Tavern: [8H, 2S, 7S, 9D, 5S, JH, 5C, AH, 7H, JS, 4C]
2025-01-04 21:07:39,382 - Castle: [KD, KH, KS, KC, QD, QC]
2025-01-04 21:07:39,382 - Discard: [4S, AC, 4D, 8S, TS, 3C, 3D, 3H, 6H, 7C, QS, TH, 9S, 9H, 6S, TC, 9C]
2025-01-04 21:07:39,382 - Active Player: 1
2025-01-04 21:07:39,382 - STATE LOG: END
2025-01-04 21:07:41,715 - STATE LOG: BEGIN
2025-01-04 21:07:41,716 - Noah's Hand: [2D, 6D, 8D]
2025-01-04 21:07:41,716 - Eve's Hand: [TD, JD, 8C, 2C, AD, 3S]
2025-01-04 21:07:41,716 - Boss: Rank: 12 | Suit H | Attack 9 | Health 6
2025-01-04 21:07:41,716 - Tavern: [8H, 2S, 7S, 9D, 5S, JH, 5C, AH, 7H, JS, 4C]
2025-01-04 21:07:41,716 - Castle: [KD, KH, KS, KC, QD, QC]
2025-01-04 21:07:41,716 - Discard: [4S, AC, 4D, 8S, TS, 3C, 3D, 3H, 6H, 7C, QS, TH, 9S, 9H, 6S, TC, 9C, 6C, JC]
2025-01-04 21:07:41,716 - Active Player: 2
2025-01-04 21:07:41,716 - STATE LOG: END
2025-01-04 21:07:43,638 - STATE LOG: BEGIN
2025-01-04 21:07:43,638 - Noah's Hand: [2D, 6D, 8D]
2025-01-04 21:07:43,638 - Eve's Hand: [AD, TD, JD]
2025-01-04 21:07:43,638 - Boss: Rank: 12 | Suit H | Attack 9 | Health 6
2025-01-04 21:07:43,638 - Tavern: [8H, 2S, 7S, 9D, 5S, JH, 5C, AH, 7H, JS, 4C]
2025-01-04 21:07:43,638 - Castle: [KD, KH, KS, KC, QD, QC]
2025-01-04 21:07:43,638 - Discard: [4S, AC, 4D, 8S, TS, 3C, 3D, 3H, 6H, 7C, QS, TH, 9S, 9H, 6S, TC, 9C, 6C, JC, 3S, 2C, 8C]
2025-01-04 21:07:43,638 - Active Player: 1
2025-01-04 21:07:43,638 - STATE LOG: END
2025-01-04 21:07:45,128 - STATE LOG: BEGIN
2025-01-04 21:07:45,128 - Noah's Hand: [2D, 8D, 4C, 7H, 5C]
2025-01-04 21:07:45,128 - Eve's Hand: [AD, TD, JD, JS, AH, JH]
2025-01-04 21:07:45,128 - Boss: Rank: 12 | Suit C | Attack 15 | Health 30
2025-01-04 21:07:45,128 - Tavern: [8H, 2S, 7S, 9D, 5S]
2025-01-04 21:07:45,128 - Castle: [KD, KH, KS, KC, QD]
2025-01-04 21:07:45,128 - Discard: [4S, AC, 4D, 8S, TS, 3C, 3D, 3H, 6H, 7C, QS, TH, 9S, 9H, 6S, TC, 9C, 6C, JC, 3S, 2C, 8C, 2H, 5H, 6D, AS, 5D, 4H, 7D]
2025-01-04 21:07:45,128 - Active Player: 1
2025-01-04 21:07:45,128 - STATE LOG: END
2025-01-04 21:07:45,984 - STATE LOG: BEGIN
2025-01-04 21:07:45,984 - Noah's Hand: [8D, QH]
2025-01-04 21:07:45,984 - Eve's Hand: [AD, TD, JD, JS, AH, JH, 5S]
2025-01-04 21:07:45,984 - Boss: Rank: 12 | Suit C | Attack 15 | Health 28
2025-01-04 21:07:45,984 - Tavern: [8H, 2S, 7S, 9D]
2025-01-04 21:07:45,984 - Castle: [KD, KH, KS, KC, QD]
2025-01-04 21:07:45,984 - Discard: [4S, AC, 4D, 8S, TS, 3C, 3D, 3H, 6H, 7C, QS, TH, 9S, 9H, 6S, TC, 9C, 6C, JC, 3S, 2C, 8C, 2H, 5H, 6D, AS, 5D, 4H, 7D, 7H, 5C, 4C]
2025-01-04 21:07:45,984 - Active Player: 2
2025-01-04 21:07:45,984 - STATE LOG: END
2025-01-04 21:07:47,030 - STATE LOG: BEGIN
2025-01-04 21:07:47,030 - Noah's Hand: [8D, QH, 7S, 8H, 6D, QS, TS]
2025-01-04 21:07:47,030 - Eve's Hand: [AD, TD, JS, 9D]
2025-01-04 21:07:47,030 - Boss: Rank: 12 | Suit C | Attack 15 | Health 16
2025-01-04 21:07:47,030 - Tavern: [9H, 5H, 3H, 2C, JC, 2H, 4D, 4C, 8S]
2025-01-04 21:07:47,030 - Castle: [KD, KH, KS, KC, QD]
2025-01-04 21:07:47,030 - Discard: [TC, 3C, 5D, 9C, AC, 6C, 9S, TH, AS, 3S, 4S, 4H, 3D, 7D, 6H, 6S, 8C, 7C, 5C, 7H, 2S, 5S, JH]
2025-01-04 21:07:47,030 - Active Player: 1
2025-01-04 21:07:47,030 - STATE LOG: END
2025-01-04 21:07:48,760 - STATE LOG: BEGIN
2025-01-04 21:07:48,760 - Noah's Hand: [6D, 8D, 8H, TS, QH]
2025-01-04 21:07:48,760 - Eve's Hand: [AD, TD, JS, 9D]
2025-01-04 21:07:48,760 - Boss: Rank: 12 | Suit C | Attack 8 | Health 9
2025-01-04 21:07:48,760 - Tavern: [9H, 5H, 3H, 2C, JC, 2H, 4D, 4C, 8S]
2025-01-04 21:07:48,760 - Castle: [KD, KH, KS, KC, QD]
2025-01-04 21:07:48,760 - Discard: [TC, 3C, 5D, 9C, AC, 6C, 9S, TH, AS, 3S, 4S, 4H, 3D, 7D, 6H, 6S, 8C, 7C, 5C, 7H, 2S, 5S, JH, QS]
2025-01-04 21:07:48,760 - Active Player: 2
2025-01-04 21:07:48,760 - STATE LOG: END
2025-01-04 21:07:50,016 - STATE LOG: BEGIN
2025-01-04 21:07:50,016 - Noah's Hand: [6D, 8D, 8H, TS, QH, 4C, 2H]
2025-01-04 21:07:50,016 - Eve's Hand: [AD, TD, JS, 8S, 4D, JC, 2C]
2025-01-04 21:07:50,016 - Boss: Rank: 12 | Suit D | Attack 15 | Health 30
2025-01-04 21:07:50,016 - Tavern: [9H, 5H, 3H]
2025-01-04 21:07:50,016 - Castle: [KD, KH, KS, KC]
2025-01-04 21:07:50,016 - Discard: [TC, 3C, 5D, 9C, AC, 6C, 9S, TH, AS, 3S, 4S, 4H, 3D, 7D, 6H, 6S, 8C, 7C, 5C, 7H, 2S, 5S, JH, QS, 2D, 7S, AH, JD, 9D]
2025-01-04 21:07:50,016 - Active Player: 2
2025-01-04 21:07:50,016 - STATE LOG: END
2025-01-04 21:07:51,485 - STATE LOG: BEGIN
2025-01-04 21:07:51,485 - Noah's Hand: [6D, 8D, 8H, TS, QH, 4C, 2H]
2025-01-04 21:07:51,485 - Eve's Hand: [AD, 4D, TD, JC]
2025-01-04 21:07:51,485 - Boss: Rank: 12 | Suit D | Attack 4 | Health 19
2025-01-04 21:07:51,485 - Tavern: [9H, 5H, 3H]
2025-01-04 21:07:51,485 - Castle: [KD, KH, KS, KC]
2025-01-04 21:07:51,485 - Discard: [TC, 3C, 5D, 9C, AC, 6C, 9S, TH, AS, 3S, 4S, 4H, 3D, 7D, 6H, 6S, 8C, 7C, 5C, 7H, 2S, 5S, JH, QS, 2D, 7S, AH, JD, 9D, 2C, 8S]
2025-01-04 21:07:51,485 - Active Player: 1
2025-01-04 21:07:51,485 - STATE LOG: END
2025-01-04 21:07:52,989 - STATE LOG: BEGIN
2025-01-04 21:07:52,989 - Noah's Hand: [2H, 6D, 8D, 8H, QH]
2025-01-04 21:07:52,989 - Eve's Hand: [AD, 4D, TD, JC]
2025-01-04 21:07:52,989 - Boss: Rank: 12 | Suit D | Attack 4 | Health 11
2025-01-04 21:07:52,989 - Tavern: [9H, 5H, 3H]
2025-01-04 21:07:52,989 - Castle: [KD, KH, KS, KC]
2025-01-04 21:07:52,989 - Discard: [TC, 3C, 5D, 9C, AC, 6C, 9S, TH, AS, 3S, 4S, 4H, 3D, 7D, 6H, 6S, 8C, 7C, 5C, 7H, 2S, 5S, JH, QS, 2D, 7S, AH, JD, 9D, 2C, 8S, TS]
2025-01-04 21:07:52,989 - Active Player: 2
2025-01-04 21:07:52,989 - STATE LOG: END
2025-01-04 21:07:53,413 - STATE LOG: BEGIN
2025-01-04 21:07:53,413 - Noah's Hand: [2H, 6D, 8D, 8H, QH]
2025-01-04 21:07:53,413 - Eve's Hand: [AD, 4D, TD]
2025-01-04 21:07:53,413 - Boss: Rank: 12 | Suit D | Attack 4 | Health 11
2025-01-04 21:07:53,413 - Tavern: [9H, 5H, 3H]
2025-01-04 21:07:53,413 - Castle: [KD, KH, KS, KC]
2025-01-04 21:07:53,413 - Discard: [TC, 3C, 5D, 9C, AC, 6C, 9S, TH, AS, 3S, 4S, 4H, 3D, 7D, 6H, 6S, 8C, 7C, 5C, 7H, 2S, 5S, JH, QS, 2D, 7S, AH, JD, 9D, 2C, 8S, TS, JC]
2025-01-04 21:07:53,413 - Active Player: 1
2025-01-04 21:07:53,413 - STATE LOG: END
2025-01-04 21:07:53,725 - STATE LOG: BEGIN
2025-01-04 21:07:53,725 - Noah's Hand: [6D, 8D]
2025-01-04 21:07:53,725 - Eve's Hand: [AD, 4D, TD]
2025-01-04 21:07:53,725 - Boss: Rank: 12 | Suit D | Attack 4 | Health 3
2025-01-04 21:07:53,725 - Tavern: [AC, 3D, 8S, 7D, 8C, 9D, 3C, QS, 9H, 5H, 3H]
2025-01-04 21:07:53,725 - Castle: [KD, KH, KS, KC]
2025-01-04 21:07:53,725 - Discard: [4S, 6S, 2S, 6C, 3S, JD, 7H, 9S, 6H, 7C, 5S, 4H, TC, TS, 5D, TH, JH, 9C, 2C, 7S, AS, 2D, 5C, AH, JC, 2H, QH]
2025-01-04 21:07:53,725 - Active Player: 2
2025-01-04 21:07:53,725 - STATE LOG: END
2025-01-04 21:07:53,870 - STATE LOG: BEGIN
2025-01-04 21:07:53,870 - Noah's Hand: [6D, 8D]
2025-01-04 21:07:53,870 - Eve's Hand: [TD]
2025-01-04 21:07:53,870 - Boss: Rank: 13 | Suit C | Attack 20 | Health 40
2025-01-04 21:07:53,870 - Tavern: [AC, 3D, 8S, 7D, 8C, 9D, 3C, QS, 9H, 5H, 3H]
2025-01-04 21:07:53,870 - Castle: [KD, KH, KS]
2025-01-04 21:07:53,870 - Discard: [4S, 6S, 2S, 6C, 3S, JD, 7H, 9S, 6H, 7C, 5S, 4H, TC, TS, 5D, TH, JH, 9C, 2C, 7S, AS, 2D, 5C, AH, JC, 2H, QH, 4C, 8H, JS, AD, 4D, QD]
2025-01-04 21:07:53,870 - Active Player: 2
2025-01-04 21:07:53,870 - STATE LOG: END
2025-01-04 21:07:53,988 - STATE LOG: BEGIN
2025-01-04 21:07:53,988 - Noah's Hand: [6D, 8D, 3H, 9H, 3C, 8C, 8S]
2025-01-04 21:07:53,988 - Eve's Hand: [9D, 7D]
2025-01-04 21:07:53,988 - Boss: Rank: 13 | Suit C | Attack 20 | Health 30
2025-01-04 21:07:53,988 - Tavern: [AC, 3D]
2025-01-04 21:07:53,988 - Castle: [KD, KH, KS]
2025-01-04 21:07:53,988 - Discard: [4S, 6S, 2S, 6C, 3S, JD, 7H, 9S, 6H, 7C, 5S, 4H, TC, TS, 5D, TH, JH, 9C, 2C, 7S, AS, 2D, 5C, AH, JC, 2H, QH, 4C, 8H, JS, AD, 4D, QD, 5H, QC, QS]
2025-01-04 21:07:53,988 - Active Player: 1
2025-01-04 21:07:53,988 - STATE LOG: END
2025-01-04 21:07:54,098 - STATE LOG: BEGIN
2025-01-04 21:07:54,098 - Noah's Hand: [6D, 8D]
2025-01-04 21:07:54,098 - Eve's Hand: [9D, 7D]
2025-01-04 21:07:54,098 - Boss: Rank: 13 | Suit C | Attack 20 | Health 21
2025-01-04 21:07:54,098 - Tavern: [7H, JS, 5H, 8H, JD, AS, 9S, TS, 2S, AC, 3D]
2025-01-04 21:07:54,098 - Castle: [KD, KH, KS]
2025-01-04 21:07:54,098 - Discard: [4H, 6H, TH, 5D, 4D, 5S, 4S, AH, 7S, TC, JC, 2D, 3S, 5C, 6S, 2H, 2C, 6C, QD, QS, 4C, QH, QC, JH, AD, 7C, 9C, 8S, 8C, 3C, 3H]
2025-01-04 21:07:54,098 - Active Player: 2
2025-01-04 21:07:54,098 - STATE LOG: END
2025-01-04 21:07:54,366 - STATE LOG: BEGIN
2025-01-04 21:07:54,367 - Noah's Hand: [6D, 8D, AC, TS, AS]
2025-01-04 21:07:54,367 - Eve's Hand: [9D]
2025-01-04 21:07:54,367 - Boss: Rank: 13 | Suit C | Attack 20 | Health 14
2025-01-04 21:07:54,367 - Tavern: [7H, JS, 5H, 8H]
2025-01-04 21:07:54,367 - Castle: [KD, KH, KS]
2025-01-04 21:07:54,367 - Discard: [4H, 6H, TH, 5D, 4D, 5S, 4S, AH, 7S, TC, JC, 2D, 3S, 5C, 6S, 2H, 2C, 6C, QD, QS, 4C, QH, QC, JH, AD, 7C, 9C, 8S, 8C, 3C, 3H, 2S, 9S, 3D, JD]
2025-01-04 21:07:54,367 - Active Player: 1
2025-01-04 21:07:54,367 - STATE LOG: END
2025-01-04 21:07:54,522 - STATE LOG: BEGIN
2025-01-04 21:07:54,522 - Noah's Hand: [6D, JS]
2025-01-04 21:07:54,522 - Eve's Hand: [9D, 5H, 7H]
2025-01-04 21:07:54,522 - Boss: Rank: 13 | Suit C | Attack 11 | Health 5
2025-01-04 21:07:54,522 - Tavern: []
2025-01-04 21:07:54,522 - Castle: [KD, KH, KS]
2025-01-04 21:07:54,522 - Discard: [4H, 6H, TH, 5D, 4D, 5S, 4S, AH, 7S, TC, JC, 2D, 3S, 5C, 6S, 2H, 2C, 6C, QD, QS, 4C, QH, QC, JH, AD, 7C, 9C, 8S, 8C, 3C, 3H, 2S, 9S, 3D, JD, 8H, AC, TS]
2025-01-04 21:07:54,522 - Active Player: 2
2025-01-04 21:07:54,522 - STATE LOG: END
2025-01-04 21:07:54,602 - STATE LOG: BEGIN
2025-01-04 21:07:54,602 - Noah's Hand: [6D, JS]
2025-01-04 21:07:54,602 - Eve's Hand: [5H, 9D]
2025-01-04 21:07:54,602 - Boss: Rank: 13 | Suit S | Attack 20 | Health 40
2025-01-04 21:07:54,602 - Tavern: [TH, AD, JH, AH, 8S, 3D, 8H]
2025-01-04 21:07:54,602 - Castle: [KD, KH]
2025-01-04 21:07:54,602 - Discard: [4C, 7C, 4S, AC, 9S, TS, 5C, 3H, 6H, 8C, QD, QS, 6S, TC, 4D, 5S, JD, 7S, 3C, QC, 9C, 3S, QH, 2C, 4H, 2D, 6C, 5D, 2S, 2H, JC, 9H, AS, 8D, TD, 7D, 7H, KC]
2025-01-04 21:07:54,602 - Active Player: 2
2025-01-04 21:07:54,602 - STATE LOG: END
2025-01-04 21:07:54,697 - STATE LOG: BEGIN
2025-01-04 21:07:54,697 - Noah's Hand: [6D, JS, 3D, AH, AD]
2025-01-04 21:07:54,697 - Eve's Hand: [8S, JH]
2025-01-04 21:07:54,697 - Boss: Rank: 13 | Suit S | Attack 20 | Health 31
2025-01-04 21:07:54,697 - Tavern: []
2025-01-04 21:07:54,697 - Castle: [KD, KH]
2025-01-04 21:07:54,697 - Discard: [4C, 7C, 4S, AC, 9S, TS, 5C, 3H, 6H, 8C, QD, QS, 6S, TC, 4D, 5S, JD, 7S, 3C, QC, 9C, 3S, QH, 2C, 4H, 2D, 6C, 5D, 2S, 2H, JC, 9H, AS, 8D, TD, 7D, 7H, KC, 8H, TH, 5H]
2025-01-04 21:07:54,697 - Active Player: 1
2025-01-04 21:07:54,697 - STATE LOG: END
2025-01-04 21:07:54,738 - STATE LOG: BEGIN
2025-01-04 21:07:54,738 - Noah's Hand: [AD, 3D, JS]
2025-01-04 21:07:54,738 - Eve's Hand: [8S, JH, 2S, AS, TS]
2025-01-04 21:07:54,738 - Boss: Rank: 13 | Suit S | Attack 20 | Health 24
2025-01-04 21:07:54,738 - Tavern: []
2025-01-04 21:07:54,738 - Castle: [KD, KH]
2025-01-04 21:07:54,738 - Discard: [2D, 3H, 2C, TD, 8C, 5C, 9S, 5D, TC, 2H, 7H, 9H, QH, JD, 8H, QD, 7D, 7C, 7S, 8D, TH, 6H, 3S, 4D, 3C, 4C, 4S, 5S, KC, QC, 6C, AC, JC, QS, 5H, 6S, 4H, 9C]
2025-01-04 21:07:54,738 - Active Player: 2
2025-01-04 21:07:54,738 - STATE LOG: END
2025-01-04 21:07:54,820 - STATE LOG: BEGIN
2025-01-04 21:07:54,820 - Noah's Hand: [AD, 3D, JS]
2025-01-04 21:07:54,820 - Eve's Hand: []
2025-01-04 21:07:54,820 - Boss: Rank: 13 | Suit S | Attack 20 | Health 13
2025-01-04 21:07:54,820 - Tavern: [4H, TD, 3S, 4S, 2H, 7C, JD, TC, 5C, 7H, QC]
2025-01-04 21:07:54,820 - Castle: [KD, KH]
2025-01-04 21:07:54,820 - Discard: [7D, 8D, 5H, 2D, JC, 3H, QH, 9H, 3C, QS, 8C, TH, AC, 2C, 9C, 6H, 8H, 5D, 5S, 9S, KC, 7S, 4C, 6S, 4D, QD, 6C, AS, 8S, TS, 2S]
2025-01-04 21:07:54,820 - Active Player: 1
2025-01-04 21:07:54,820 - STATE LOG: END
