2025-01-04 22:55:59,680 - I log states! :D
2025-01-04 22:55:59,680 - STATE LOG: BEGIN
2025-01-04 22:55:59,680 - Noah's Hand: [8C, 2H, 4C, 3S, AD, 8S, AH]
2025-01-04 22:55:59,680 - Eve's Hand: [7H, AC, 4D, TC, 7D, AS, 5H]
2025-01-04 22:55:59,680 - Boss: Rank: 11 | Suit S | Attack 10 | Health 20
2025-01-04 22:55:59,680 - Tavern: [9S, 3C, 9D, 3H, 9C, 5D, 9H, 2D, 6C, 5C, 2S, TH, 8H, 8D, TD, 4H, 5S, TS, 7C, 4S, 6H, 2C, 3D, 7S, 6D, 6S]
2025-01-04 22:55:59,680 - Castle: [KS, KD, KC, KH, QC, QH, QS, QD, JH, JC, JD]
2025-01-04 22:55:59,681 - Discard: []
2025-01-04 22:55:59,681 - Active Player: 1
2025-01-04 22:55:59,681 - STATE LOG: END
2025-01-04 22:55:59,728 - STATE LOG: BEGIN
2025-01-04 22:55:59,728 - Noah's Hand: [3S, 4C, 8C, 6D]
2025-01-04 22:55:59,728 - Eve's Hand: [7H, AC, 4D, TC, 7D, AS, 5H]
2025-01-04 22:55:59,728 - Boss: Rank: 11 | Suit S | Attack 10 | Health 17
2025-01-04 22:55:59,728 - Tavern: [9S, 3C, 9D, 3H, 9C, 5D, 9H, 2D, 6C, 5C, 2S, TH, 8H, 8D, TD, 4H, 5S, TS, 7C, 4S, 6H, 2C, 3D, 7S]
2025-01-04 22:55:59,728 - Castle: [KS, KD, KC, KH, QC, QH, QS, QD, JH, JC, JD]
2025-01-04 22:55:59,728 - Discard: [AH, 8S, 6S]
2025-01-04 22:55:59,728 - Active Player: 2
2025-01-04 22:55:59,728 - STATE LOG: END
2025-01-04 22:55:59,756 - STATE LOG: BEGIN
2025-01-04 22:55:59,756 - Noah's Hand: [3S, 4C, 8C, 6D, 3D, 6H, 4S]
2025-01-04 22:55:59,756 - Eve's Hand: [5H, 7D, 7H, TC]
2025-01-04 22:55:59,756 - Boss: Rank: 11 | Suit S | Attack 10 | Health 12
2025-01-04 22:55:59,756 - Tavern: [9S, 3C, 9D, 3H, 9C, 5D, 9H, 2D, 6C, 5C, 2S, TH, 8H, 8D, TD, 4H, 5S, TS, 7C]
2025-01-04 22:55:59,756 - Castle: [KS, KD, KC, KH, QC, QH, QS, QD, JH, JC, JD]
2025-01-04 22:55:59,756 - Discard: [AH, 8S, 6S, 7S, AC, 2C]
2025-01-04 22:55:59,756 - Active Player: 1
2025-01-04 22:55:59,756 - STATE LOG: END
2025-01-04 22:55:59,780 - STATE LOG: BEGIN
2025-01-04 22:55:59,780 - Noah's Hand: [4C, 4S, 6D, 6H, 8C]
2025-01-04 22:55:59,780 - Eve's Hand: [5H, 7D, 7H, TC, TS, 5S]
2025-01-04 22:55:59,780 - Boss: Rank: 11 | Suit S | Attack 10 | Health 9
2025-01-04 22:55:59,780 - Tavern: [9S, 3C, 9D, 3H, 9C, 5D, 9H, 2D, 6C, 5C, 2S, TH, 8H, 8D, TD, 4H]
2025-01-04 22:55:59,780 - Castle: [KS, KD, KC, KH, QC, QH, QS, QD, JH, JC, JD]
2025-01-04 22:55:59,780 - Discard: [AH, 8S, 6S, 7S, AC, 2C, 7C, 3S]
2025-01-04 22:55:59,780 - Active Player: 2
2025-01-04 22:55:59,780 - STATE LOG: END
2025-01-04 22:55:59,804 - STATE LOG: BEGIN
2025-01-04 22:55:59,804 - Noah's Hand: [4C, 4S, 6D, 6H, 8C]
2025-01-04 22:55:59,804 - Eve's Hand: [7D, 7H, TS]
2025-01-04 22:55:59,804 - Boss: Rank: 11 | Suit S | Attack 10 | Health 4
2025-01-04 22:55:59,804 - Tavern: [9S, 3C, 9D, 3H, 9C, 5D, 9H, 2D, 6C, 5C, 2S, TH, 8H, 8D, TD, 4H]
2025-01-04 22:55:59,804 - Castle: [KS, KD, KC, KH, QC, QH, QS, QD, JH, JC, JD]
2025-01-04 22:55:59,804 - Discard: [AH, 8S, 6S, 7S, AC, 2C, 7C, 3S, 5H, TC]
2025-01-04 22:55:59,804 - Active Player: 1
2025-01-04 22:55:59,804 - STATE LOG: END
2025-01-04 22:55:59,822 - STATE LOG: BEGIN
2025-01-04 22:55:59,822 - Noah's Hand: [4C, 4S, 6H, 8C, 4H, 8D, TH]
2025-01-04 22:55:59,822 - Eve's Hand: [7D, 7H, TS, TD, 8H, 2S]
2025-01-04 22:55:59,823 - Boss: Rank: 11 | Suit D | Attack 10 | Health 20
2025-01-04 22:55:59,823 - Tavern: [9S, 3C, 9D, 3H, 9C, 5D, 9H, 2D, 6C, 5C]
2025-01-04 22:55:59,823 - Castle: [KS, KD, KC, KH, QC, QH, QS, QD, JH, JC]
2025-01-04 22:55:59,823 - Discard: [AH, 8S, 6S, 7S, AC, 2C, 7C, 3S, 5H, TC, AD, 2H, 3D, 6D, AS, 4D, 5S, JS]
2025-01-04 22:55:59,823 - Active Player: 1
2025-01-04 22:55:59,823 - STATE LOG: END
2025-01-04 22:55:59,848 - STATE LOG: BEGIN
2025-01-04 22:55:59,848 - Noah's Hand: [6H, 8C, 8D, TH]
2025-01-04 22:55:59,848 - Eve's Hand: [7D, 7H, TS, TD, 8H, 2S]
2025-01-04 22:55:59,848 - Boss: Rank: 11 | Suit D | Attack 2 | Health 4
2025-01-04 22:55:59,848 - Tavern: [9S, 3C, 9D, 3H, 9C, 5D, 9H, 2D, 6C, 5C]
2025-01-04 22:55:59,848 - Castle: [KS, KD, KC, KH, QC, QH, QS, QD, JH, JC]
2025-01-04 22:55:59,848 - Discard: [AH, 8S, 6S, 7S, AC, 2C, 7C, 3S, 5H, TC, AD, 2H, 3D, 6D, AS, 4D, 5S, JS, 4H]
2025-01-04 22:55:59,848 - Active Player: 2
2025-01-04 22:55:59,848 - STATE LOG: END
2025-01-04 22:55:59,870 - STATE LOG: BEGIN
2025-01-04 22:55:59,870 - Noah's Hand: [6H, 8C, 8D, TH]
2025-01-04 22:55:59,870 - Eve's Hand: [2S, 7D, 7H, TD, TS]
2025-01-04 22:55:59,870 - Boss: Rank: 11 | Suit C | Attack 10 | Health 20
2025-01-04 22:55:59,870 - Tavern: [6D, 6S, 5H, AS, 2C, AD, 2H, 7C, 9S, 3C, 9D, 3H, 9C, 5D, 9H, 2D, 6C, 5C]
2025-01-04 22:55:59,870 - Castle: [KS, KD, KC, KH, QC, QH, QS, QD, JH]
2025-01-04 22:55:59,870 - Discard: [4H, 4D, TC, 7S, 3S, 5S, 8S, 3D, AC, JS, AH, 4C, 4S, 8H, JD]
2025-01-04 22:55:59,870 - Active Player: 2
2025-01-04 22:55:59,870 - STATE LOG: END
2025-01-04 22:55:59,916 - STATE LOG: BEGIN
2025-01-04 22:55:59,916 - Noah's Hand: [6H, 8C, 8D, TH, 6C, 9H, 9C]
2025-01-04 22:55:59,916 - Eve's Hand: [2S, 7H, TD, 5C, 2D, 5D]
2025-01-04 22:55:59,917 - Boss: Rank: 11 | Suit C | Attack 10 | Health 13
2025-01-04 22:55:59,917 - Tavern: [6D, 6S, 5H, AS, 2C, AD, 2H, 7C, 9S, 3C, 9D, 3H]
2025-01-04 22:55:59,917 - Castle: [KS, KD, KC, KH, QC, QH, QS, QD, JH]
2025-01-04 22:55:59,917 - Discard: [4H, 4D, TC, 7S, 3S, 5S, 8S, 3D, AC, JS, AH, 4C, 4S, 8H, JD, TS]
2025-01-04 22:55:59,917 - Active Player: 1
2025-01-04 22:55:59,917 - STATE LOG: END
2025-01-04 22:55:59,947 - STATE LOG: BEGIN
2025-01-04 22:55:59,947 - Noah's Hand: [6H, 8C, 8D, 9H]
2025-01-04 22:55:59,947 - Eve's Hand: [2S, 7H, TD, 5C, 2D, 5D]
2025-01-04 22:55:59,947 - Boss: Rank: 11 | Suit C | Attack 10 | Health 3
2025-01-04 22:55:59,947 - Tavern: [4D, 4H, JD, 8H, 7S, 4S, 3S, 4C, AC, 8S, 6D, 6S, 5H, AS, 2C, AD, 2H, 7C, 9S, 3C, 9D, 3H]
2025-01-04 22:55:59,947 - Castle: [KS, KD, KC, KH, QC, QH, QS, QD, JH]
2025-01-04 22:55:59,947 - Discard: [TS, AH, 3D, TC, JS, 5S, 6C, 9C]
2025-01-04 22:55:59,947 - Active Player: 2
2025-01-04 22:55:59,947 - STATE LOG: END
2025-01-04 22:55:59,979 - STATE LOG: BEGIN
2025-01-04 22:55:59,979 - Noah's Hand: [6H, 8C, 8D, 9H]
2025-01-04 22:55:59,979 - Eve's Hand: [2D, 2S, 5C, 5D, TD]
2025-01-04 22:55:59,979 - Boss: Rank: 11 | Suit H | Attack 10 | Health 20
2025-01-04 22:55:59,979 - Tavern: [AH, TS, 9C, 6C, JS, TC, 3D, 4D, 4H, JD, 8H, 7S, 4S, 3S, 4C, AC, 8S, 6D, 6S, 5H, AS, 2C, AD, 2H, 7C, 9S, 3C, 9D, 3H]
2025-01-04 22:55:59,979 - Castle: [KS, KD, KC, KH, QC, QH, QS, QD]
2025-01-04 22:55:59,979 - Discard: [5S, TH, 7D, 7H, JC]
2025-01-04 22:55:59,979 - Active Player: 2
2025-01-04 22:55:59,979 - STATE LOG: END
2025-01-04 22:56:00,007 - STATE LOG: BEGIN
2025-01-04 22:56:00,007 - Noah's Hand: [6H, 8C, 8D, 9H, 9D]
2025-01-04 22:56:00,007 - Eve's Hand: [5D, TD]
2025-01-04 22:56:00,007 - Boss: Rank: 11 | Suit H | Attack 10 | Health 18
2025-01-04 22:56:00,007 - Tavern: [AH, TS, 9C, 6C, JS, TC, 3D, 4D, 4H, JD, 8H, 7S, 4S, 3S, 4C, AC, 8S, 6D, 6S, 5H, AS, 2C, AD, 2H, 7C, 9S, 3C]
2025-01-04 22:56:00,007 - Castle: [KS, KD, KC, KH, QC, QH, QS, QD]
2025-01-04 22:56:00,007 - Discard: [5S, TH, 7D, 7H, JC, 2S, 5C, 3H]
2025-01-04 22:56:00,007 - Active Player: 1
2025-01-04 22:56:00,007 - STATE LOG: END
2025-01-04 22:56:00,035 - STATE LOG: BEGIN
2025-01-04 22:56:00,035 - Noah's Hand: [8D, 9D, 9H]
2025-01-04 22:56:00,035 - Eve's Hand: [5D, TD]
2025-01-04 22:56:00,035 - Boss: Rank: 11 | Suit H | Attack 10 | Health 18
2025-01-04 22:56:00,035 - Tavern: [AH, TS, 9C, 6C, JS, TC, 3D, 4D, 4H, JD, 8H, 7S, 4S, 3S, 4C, AC, 8S, 6D, 6S, 5H, AS, 2C, AD, 2H, 7C, 9S, 3C]
2025-01-04 22:56:00,035 - Castle: [KS, KD, KC, KH, QC, QH, QS, QD]
2025-01-04 22:56:00,035 - Discard: [5S, TH, 7D, 7H, JC, 2S, 5C, 3H, 6H, 8C]
2025-01-04 22:56:00,035 - Active Player: 2
2025-01-04 22:56:00,035 - STATE LOG: END
2025-01-04 22:56:00,063 - STATE LOG: BEGIN
2025-01-04 22:56:00,063 - Noah's Hand: [8D, 9D, 9H, 9S, 2H]
2025-01-04 22:56:00,063 - Eve's Hand: [TD, AD]
2025-01-04 22:56:00,063 - Boss: Rank: 11 | Suit H | Attack 10 | Health 13
2025-01-04 22:56:00,063 - Tavern: [AH, TS, 9C, 6C, JS, TC, 3D, 4D, 4H, JD, 8H, 7S, 4S, 3S, 4C, AC, 8S, 6D, 6S, 5H, AS, 2C]
2025-01-04 22:56:00,063 - Castle: [KS, KD, KC, KH, QC, QH, QS, QD]
2025-01-04 22:56:00,063 - Discard: [5S, TH, 7D, 7H, JC, 2S, 5C, 3H, 6H, 8C, 7C, 3C]
2025-01-04 22:56:00,063 - Active Player: 1
2025-01-04 22:56:00,063 - STATE LOG: END
2025-01-04 22:56:00,089 - STATE LOG: BEGIN
2025-01-04 22:56:00,089 - Noah's Hand: [8D, 9D, 9S]
2025-01-04 22:56:00,089 - Eve's Hand: [TD, AD]
2025-01-04 22:56:00,089 - Boss: Rank: 11 | Suit H | Attack 10 | Health 13
2025-01-04 22:56:00,089 - Tavern: [AH, TS, 9C, 6C, JS, TC, 3D, 4D, 4H, JD, 8H, 7S, 4S, 3S, 4C, AC, 8S, 6D, 6S, 5H, AS, 2C]
2025-01-04 22:56:00,089 - Castle: [KS, KD, KC, KH, QC, QH, QS, QD]
2025-01-04 22:56:00,089 - Discard: [5S, TH, 7D, 7H, JC, 2S, 5C, 3H, 6H, 8C, 7C, 3C, 9H, 2H]
2025-01-04 22:56:00,089 - Active Player: 2
2025-01-04 22:56:00,089 - STATE LOG: END
2025-01-04 22:56:00,096 - STATE LOG: BEGIN
2025-01-04 22:56:00,096 - Noah's Hand: [8D, 9D, 9S, AS, 6S, 8S, 4C]
2025-01-04 22:56:00,096 - Eve's Hand: [AD, 6D, 3S]
2025-01-04 22:56:00,096 - Boss: Rank: 11 | Suit H | Attack 10 | Health 3
2025-01-04 22:56:00,096 - Tavern: [AH, TS, 9C, 6C, JS, TC, 3D, 4D, 4H, JD, 8H, 7S]
2025-01-04 22:56:00,096 - Castle: [KS, KD, KC, KH, QC, QH, QS, QD]
2025-01-04 22:56:00,096 - Discard: [5S, TH, 7D, 7H, JC, 2S, 5C, 3H, 6H, 8C, 7C, 3C, 9H, 2H, AC, 2C, 4S, 5H]
2025-01-04 22:56:00,096 - Active Player: 1
2025-01-04 22:56:00,096 - STATE LOG: END
2025-01-04 22:56:00,120 - STATE LOG: BEGIN
2025-01-04 22:56:00,120 - Noah's Hand: [AS, 4C, 6S, 8S, 9D, 9S, 7S]
2025-01-04 22:56:00,120 - Eve's Hand: [AD, 6D, 3S, 8H, JD, 4H, 4D]
2025-01-04 22:56:00,120 - Boss: Rank: 12 | Suit D | Attack 15 | Health 30
2025-01-04 22:56:00,120 - Tavern: [AH, TS, 9C, 6C, JS, TC, 3D]
2025-01-04 22:56:00,120 - Castle: [KS, KD, KC, KH, QC, QH, QS]
2025-01-04 22:56:00,120 - Discard: [5S, TH, 7D, 7H, JC, 2S, 5C, 3H, 6H, 8C, 7C, 3C, 9H, 2H, AC, 2C, 4S, 5H, 8D, 2D, 5D, TD, JH]
2025-01-04 22:56:00,120 - Active Player: 1
2025-01-04 22:56:00,120 - STATE LOG: END
2025-01-04 22:56:00,147 - STATE LOG: BEGIN
2025-01-04 22:56:00,147 - Noah's Hand: [4C, 6S, 7S, 8S]
2025-01-04 22:56:00,147 - Eve's Hand: [AD, 6D, 3S, 8H, JD, 4H, 4D]
2025-01-04 22:56:00,147 - Boss: Rank: 12 | Suit D | Attack 5 | Health 20
2025-01-04 22:56:00,147 - Tavern: [AH, TS, 9C, 6C, JS, TC, 3D]
2025-01-04 22:56:00,147 - Castle: [KS, KD, KC, KH, QC, QH, QS]
2025-01-04 22:56:00,147 - Discard: [5S, TH, 7D, 7H, JC, 2S, 5C, 3H, 6H, 8C, 7C, 3C, 9H, 2H, AC, 2C, 4S, 5H, 8D, 2D, 5D, TD, JH, 9S]
2025-01-04 22:56:00,147 - Active Player: 2
2025-01-04 22:56:00,147 - STATE LOG: END
2025-01-04 22:56:00,172 - STATE LOG: BEGIN
2025-01-04 22:56:00,172 - Noah's Hand: [4C, 6S, 7S, 8S]
2025-01-04 22:56:00,172 - Eve's Hand: [AD, 3S, 4D, 4H, 6D, JD]
2025-01-04 22:56:00,172 - Boss: Rank: 12 | Suit D | Attack 5 | Health 20
2025-01-04 22:56:00,172 - Tavern: [AH, TS, 9C, 6C, JS, TC, 3D]
2025-01-04 22:56:00,172 - Castle: [KS, KD, KC, KH, QC, QH, QS]
2025-01-04 22:56:00,172 - Discard: [5S, TH, 7D, 7H, JC, 2S, 5C, 3H, 6H, 8C, 7C, 3C, 9H, 2H, AC, 2C, 4S, 5H, 8D, 2D, 5D, TD, JH, 9S, 8H]
2025-01-04 22:56:00,172 - Active Player: 1
2025-01-04 22:56:00,173 - STATE LOG: END
2025-01-04 22:56:00,203 - STATE LOG: BEGIN
2025-01-04 22:56:00,203 - Noah's Hand: [4C, 6S, 7S]
2025-01-04 22:56:00,203 - Eve's Hand: [AD, 3S, 4D, 4H, 6D, JD]
2025-01-04 22:56:00,203 - Boss: Rank: 12 | Suit D | Attack 0 | Health 12
2025-01-04 22:56:00,203 - Tavern: [AH, TS, 9C, 6C, JS, TC, 3D]
2025-01-04 22:56:00,203 - Castle: [KS, KD, KC, KH, QC, QH, QS]
2025-01-04 22:56:00,203 - Discard: [5S, TH, 7D, 7H, JC, 2S, 5C, 3H, 6H, 8C, 7C, 3C, 9H, 2H, AC, 2C, 4S, 5H, 8D, 2D, 5D, TD, JH, 9S, 8H]
2025-01-04 22:56:00,203 - Active Player: 2
2025-01-04 22:56:00,203 - STATE LOG: END
2025-01-04 22:56:00,250 - STATE LOG: BEGIN
2025-01-04 22:56:00,251 - Noah's Hand: [4C, 6S, 7S]
2025-01-04 22:56:00,251 - Eve's Hand: [AD, 3S, 4D, 4H, 6D]
2025-01-04 22:56:00,251 - Boss: Rank: 12 | Suit D | Attack 0 | Health 1
2025-01-04 22:56:00,251 - Tavern: [AH, TS, 9C, 6C, JS, TC, 3D]
2025-01-04 22:56:00,251 - Castle: [KS, KD, KC, KH, QC, QH, QS]
2025-01-04 22:56:00,251 - Discard: [5S, TH, 7D, 7H, JC, 2S, 5C, 3H, 6H, 8C, 7C, 3C, 9H, 2H, AC, 2C, 4S, 5H, 8D, 2D, 5D, TD, JH, 9S, 8H]
2025-01-04 22:56:00,251 - Active Player: 1
2025-01-04 22:56:00,251 - STATE LOG: END
2025-01-04 22:56:00,264 - STATE LOG: BEGIN
2025-01-04 22:56:00,264 - Noah's Hand: [4C, 6S, 7S]
2025-01-04 22:56:00,264 - Eve's Hand: [AD, 3S, 4D, 4H, 6D]
2025-01-04 22:56:00,264 - Boss: Rank: 12 | Suit D | Attack 0 | Health 1
2025-01-04 22:56:00,264 - Tavern: [AH, TS, 9C, 6C, JS, TC, 3D]
2025-01-04 22:56:00,264 - Castle: [KS, KD, KC, KH, QC, QH, QS]
2025-01-04 22:56:00,264 - Discard: [5S, TH, 7D, 7H, JC, 2S, 5C, 3H, 6H, 8C, 7C, 3C, 9H, 2H, AC, 2C, 4S, 5H, 8D, 2D, 5D, TD, JH, 9S, 8H]
2025-01-04 22:56:00,264 - Active Player: 2
2025-01-04 22:56:00,264 - STATE LOG: END
2025-01-04 22:56:00,288 - STATE LOG: BEGIN
2025-01-04 22:56:00,288 - Noah's Hand: [4C, 6S, 7S]
2025-01-04 22:56:00,288 - Eve's Hand: [AD, 3S, 4D, 4H]
2025-01-04 22:56:00,288 - Boss: Rank: 12 | Suit S | Attack 15 | Health 30
2025-01-04 22:56:00,288 - Tavern: [AH, TS, 9C, 6C, JS, TC, 3D]
2025-01-04 22:56:00,288 - Castle: [KS, KD, KC, KH, QC, QH]
2025-01-04 22:56:00,288 - Discard: [5S, TH, 7D, 7H, JC, 2S, 5C, 3H, 6H, 8C, 7C, 3C, 9H, 2H, AC, 2C, 4S, 5H, 8D, 2D, 5D, TD, JH, 9S, 8H, AS, 9D, 8S, JD, 6D, QD]
2025-01-04 22:56:00,288 - Active Player: 2
2025-01-04 22:56:00,288 - STATE LOG: END
2025-01-04 22:56:00,300 - STATE LOG: BEGIN
2025-01-04 22:56:00,300 - Noah's Hand: [4C, 6S, 7S, TC, 6C, TS, JD]
2025-01-04 22:56:00,300 - Eve's Hand: [AD, 3D, 9C]
2025-01-04 22:56:00,300 - Boss: Rank: 12 | Suit S | Attack 15 | Health 22
2025-01-04 22:56:00,300 - Tavern: [2D, 2C, JH, 5S, 9S, 8S, 9H]
2025-01-04 22:56:00,300 - Castle: [KS, KD, KC, KH, QC, QH]
2025-01-04 22:56:00,300 - Discard: [7C, 6H, JC, 8D, 5C, 8C, 6D, 5H, TH, 8H, 7H, 5D, 9D, TD, 3C, QD, 7D, 2H, AS, AC, 3H, 2S, 4S, AH, JS, 3S]
2025-01-04 22:56:00,300 - Active Player: 1
2025-01-04 22:56:00,300 - STATE LOG: END
2025-01-04 22:56:00,325 - STATE LOG: BEGIN
2025-01-04 22:56:00,325 - Noah's Hand: [4C, 6S, 7S, TC, TS]
2025-01-04 22:56:00,325 - Eve's Hand: [AD, 3D, 9C, 8S, 9S, 5S, JH]
2025-01-04 22:56:00,325 - Boss: Rank: 12 | Suit S | Attack 15 | Health 11
2025-01-04 22:56:00,325 - Tavern: [2D, 2C]
2025-01-04 22:56:00,325 - Castle: [KS, KD, KC, KH, QC, QH]
2025-01-04 22:56:00,325 - Discard: [7C, 6H, JC, 8D, 5C, 8C, 6D, 5H, TH, 8H, 7H, 5D, 9D, TD, 3C, QD, 7D, 2H, AS, AC, 3H, 2S, 4S, AH, JS, 3S, 6C, 9H]
2025-01-04 22:56:00,325 - Active Player: 2
2025-01-04 22:56:00,325 - STATE LOG: END
2025-01-04 22:56:00,354 - STATE LOG: BEGIN
2025-01-04 22:56:00,354 - Noah's Hand: [4C, 6S, 7S, TC, TS]
2025-01-04 22:56:00,354 - Eve's Hand: [AD, 3D, 8S, 9C]
2025-01-04 22:56:00,354 - Boss: Rank: 12 | Suit S | Attack 15 | Health 2
2025-01-04 22:56:00,354 - Tavern: [2D, 2C]
2025-01-04 22:56:00,354 - Castle: [KS, KD, KC, KH, QC, QH]
2025-01-04 22:56:00,354 - Discard: [7C, 6H, JC, 8D, 5C, 8C, 6D, 5H, TH, 8H, 7H, 5D, 9D, TD, 3C, QD, 7D, 2H, AS, AC, 3H, 2S, 4S, AH, JS, 3S, 6C, 9H, JH, 5S]
2025-01-04 22:56:00,354 - Active Player: 1
2025-01-04 22:56:00,354 - STATE LOG: END
2025-01-04 22:56:00,379 - STATE LOG: BEGIN
2025-01-04 22:56:00,379 - Noah's Hand: [6S, 7S, TC, TS]
2025-01-04 22:56:00,379 - Eve's Hand: [AD, 3D, 8S, 9C]
2025-01-04 22:56:00,379 - Boss: Rank: 12 | Suit H | Attack 15 | Health 30
2025-01-04 22:56:00,379 - Tavern: [2D, 2C]
2025-01-04 22:56:00,379 - Castle: [KS, KD, KC, KH, QC]
2025-01-04 22:56:00,379 - Discard: [7C, 6H, JC, 8D, 5C, 8C, 6D, 5H, TH, 8H, 7H, 5D, 9D, TD, 3C, QD, 7D, 2H, AS, AC, 3H, 2S, 4S, AH, JS, 3S, 6C, 9H, JH, 5S, JD, 4C, 4D, 4H, 9S, QS]
2025-01-04 22:56:00,379 - Active Player: 1
2025-01-04 22:56:00,379 - STATE LOG: END
2025-01-04 22:56:00,391 - STATE LOG: BEGIN
2025-01-04 22:56:00,391 - Noah's Hand: [6S, 7S]
2025-01-04 22:56:00,391 - Eve's Hand: [AD, 3D, 8S, 9C]
2025-01-04 22:56:00,391 - Boss: Rank: 12 | Suit H | Attack 5 | Health 20
2025-01-04 22:56:00,391 - Tavern: [2D, 2C]
2025-01-04 22:56:00,391 - Castle: [KS, KD, KC, KH, QC]
2025-01-04 22:56:00,391 - Discard: [7C, 6H, JC, 8D, 5C, 8C, 6D, 5H, TH, 8H, 7H, 5D, 9D, TD, 3C, QD, 7D, 2H, AS, AC, 3H, 2S, 4S, AH, JS, 3S, 6C, 9H, JH, 5S, JD, 4C, 4D, 4H, 9S, QS, TC]
2025-01-04 22:56:00,391 - Active Player: 2
2025-01-04 22:56:00,391 - STATE LOG: END
2025-01-04 22:56:00,416 - STATE LOG: BEGIN
2025-01-04 22:56:00,416 - Noah's Hand: [6S, 7S]
2025-01-04 22:56:00,416 - Eve's Hand: [AD, 3D, 9C]
2025-01-04 22:56:00,416 - Boss: Rank: 12 | Suit H | Attack 5 | Health 20
2025-01-04 22:56:00,416 - Tavern: [2D, 2C]
2025-01-04 22:56:00,416 - Castle: [KS, KD, KC, KH, QC]
2025-01-04 22:56:00,416 - Discard: [7C, 6H, JC, 8D, 5C, 8C, 6D, 5H, TH, 8H, 7H, 5D, 9D, TD, 3C, QD, 7D, 2H, AS, AC, 3H, 2S, 4S, AH, JS, 3S, 6C, 9H, JH, 5S, JD, 4C, 4D, 4H, 9S, QS, TC, 8S]
2025-01-04 22:56:00,416 - Active Player: 1
2025-01-04 22:56:00,416 - STATE LOG: END
2025-01-04 22:56:00,462 - STATE LOG: BEGIN
2025-01-04 22:56:00,462 - Noah's Hand: [6S]
2025-01-04 22:56:00,462 - Eve's Hand: [AD, 3D, 9C]
2025-01-04 22:56:00,462 - Boss: Rank: 12 | Suit H | Attack 0 | Health 13
2025-01-04 22:56:00,462 - Tavern: [2D, 2C]
2025-01-04 22:56:00,462 - Castle: [KS, KD, KC, KH, QC]
2025-01-04 22:56:00,462 - Discard: [7C, 6H, JC, 8D, 5C, 8C, 6D, 5H, TH, 8H, 7H, 5D, 9D, TD, 3C, QD, 7D, 2H, AS, AC, 3H, 2S, 4S, AH, JS, 3S, 6C, 9H, JH, 5S, JD, 4C, 4D, 4H, 9S, QS, TC, 8S]
2025-01-04 22:56:00,462 - Active Player: 2
2025-01-04 22:56:00,462 - STATE LOG: END
2025-01-04 22:56:00,485 - STATE LOG: BEGIN
2025-01-04 22:56:00,485 - Noah's Hand: [6S]
2025-01-04 22:56:00,485 - Eve's Hand: [AD, 3D, 9C]
2025-01-04 22:56:00,485 - Boss: Rank: 12 | Suit H | Attack 0 | Health 13
2025-01-04 22:56:00,485 - Tavern: [2D, 2C]
2025-01-04 22:56:00,485 - Castle: [KS, KD, KC, KH, QC]
2025-01-04 22:56:00,485 - Discard: [7C, 6H, JC, 8D, 5C, 8C, 6D, 5H, TH, 8H, 7H, 5D, 9D, TD, 3C, QD, 7D, 2H, AS, AC, 3H, 2S, 4S, AH, JS, 3S, 6C, 9H, JH, 5S, JD, 4C, 4D, 4H, 9S, QS, TC, 8S]
2025-01-04 22:56:00,485 - Active Player: 1
2025-01-04 22:56:00,485 - STATE LOG: END
2025-01-04 22:56:00,494 - STATE LOG: BEGIN
2025-01-04 22:56:00,494 - Noah's Hand: []
2025-01-04 22:56:00,494 - Eve's Hand: [AD, 3D, 9C]
2025-01-04 22:56:00,494 - Boss: Rank: 12 | Suit H | Attack 0 | Health 7
2025-01-04 22:56:00,494 - Tavern: [2D, 2C]
2025-01-04 22:56:00,494 - Castle: [KS, KD, KC, KH, QC]
2025-01-04 22:56:00,494 - Discard: [7C, 6H, JC, 8D, 5C, 8C, 6D, 5H, TH, 8H, 7H, 5D, 9D, TD, 3C, QD, 7D, 2H, AS, AC, 3H, 2S, 4S, AH, JS, 3S, 6C, 9H, JH, 5S, JD, 4C, 4D, 4H, 9S, QS, TC, 8S]
2025-01-04 22:56:00,494 - Active Player: 2
2025-01-04 22:56:00,494 - STATE LOG: END
2025-01-04 22:56:00,510 - STATE LOG: BEGIN
2025-01-04 22:56:00,511 - Noah's Hand: []
2025-01-04 22:56:00,511 - Eve's Hand: [3D, 9C, 2C]
2025-01-04 22:56:00,511 - Boss: Rank: 12 | Suit H | Attack 0 | Health 6
2025-01-04 22:56:00,511 - Tavern: [2D]
2025-01-04 22:56:00,511 - Castle: [KS, KD, KC, KH, QC]
2025-01-04 22:56:00,511 - Discard: [7C, 6H, JC, 8D, 5C, 8C, 6D, 5H, TH, 8H, 7H, 5D, 9D, TD, 3C, QD, 7D, 2H, AS, AC, 3H, 2S, 4S, AH, JS, 3S, 6C, 9H, JH, 5S, JD, 4C, 4D, 4H, 9S, QS, TC, 8S]
2025-01-04 22:56:00,511 - Active Player: 1
2025-01-04 22:56:00,511 - STATE LOG: END
2025-01-04 22:56:00,532 - STATE LOG: BEGIN
2025-01-04 22:56:00,532 - Noah's Hand: []
2025-01-04 22:56:00,533 - Eve's Hand: [3D, 9C, 2C]
2025-01-04 22:56:00,533 - Boss: Rank: 12 | Suit H | Attack 0 | Health 6
2025-01-04 22:56:00,533 - Tavern: [2D]
2025-01-04 22:56:00,533 - Castle: [KS, KD, KC, KH, QC]
2025-01-04 22:56:00,533 - Discard: [7C, 6H, JC, 8D, 5C, 8C, 6D, 5H, TH, 8H, 7H, 5D, 9D, TD, 3C, QD, 7D, 2H, AS, AC, 3H, 2S, 4S, AH, JS, 3S, 6C, 9H, JH, 5S, JD, 4C, 4D, 4H, 9S, QS, TC, 8S]
2025-01-04 22:56:00,533 - Active Player: 2
2025-01-04 22:56:00,533 - STATE LOG: END
2025-01-04 22:56:00,551 - STATE LOG: BEGIN
2025-01-04 22:56:00,551 - Noah's Hand: []
2025-01-04 22:56:00,551 - Eve's Hand: [2C, 9C, 2D]
2025-01-04 22:56:00,551 - Boss: Rank: 12 | Suit H | Attack 0 | Health 3
2025-01-04 22:56:00,551 - Tavern: []
2025-01-04 22:56:00,551 - Castle: [KS, KD, KC, KH, QC]
2025-01-04 22:56:00,551 - Discard: [7C, 6H, JC, 8D, 5C, 8C, 6D, 5H, TH, 8H, 7H, 5D, 9D, TD, 3C, QD, 7D, 2H, AS, AC, 3H, 2S, 4S, AH, JS, 3S, 6C, 9H, JH, 5S, JD, 4C, 4D, 4H, 9S, QS, TC, 8S]
2025-01-04 22:56:00,551 - Active Player: 1
2025-01-04 22:56:00,551 - STATE LOG: END
2025-01-04 22:56:00,575 - STATE LOG: BEGIN
2025-01-04 22:56:00,575 - Noah's Hand: []
2025-01-04 22:56:00,575 - Eve's Hand: [2C, 9C, 2D]
2025-01-04 22:56:00,575 - Boss: Rank: 12 | Suit H | Attack 0 | Health 3
2025-01-04 22:56:00,575 - Tavern: []
2025-01-04 22:56:00,575 - Castle: [KS, KD, KC, KH, QC]
2025-01-04 22:56:00,575 - Discard: [7C, 6H, JC, 8D, 5C, 8C, 6D, 5H, TH, 8H, 7H, 5D, 9D, TD, 3C, QD, 7D, 2H, AS, AC, 3H, 2S, 4S, AH, JS, 3S, 6C, 9H, JH, 5S, JD, 4C, 4D, 4H, 9S, QS, TC, 8S]
2025-01-04 22:56:00,575 - Active Player: 2
2025-01-04 22:56:00,575 - STATE LOG: END
2025-01-04 22:56:00,593 - STATE LOG: BEGIN
2025-01-04 22:56:00,593 - Noah's Hand: []
2025-01-04 22:56:00,593 - Eve's Hand: [2C, 2D]
2025-01-04 22:56:00,593 - Boss: Rank: 12 | Suit C | Attack 15 | Health 30
2025-01-04 22:56:00,593 - Tavern: []
2025-01-04 22:56:00,593 - Castle: [KS, KD, KC, KH]
2025-01-04 22:56:00,593 - Discard: [7C, 6H, JC, 8D, 5C, 8C, 6D, 5H, TH, 8H, 7H, 5D, 9D, TD, 3C, QD, 7D, 2H, AS, AC, 3H, 2S, 4S, AH, JS, 3S, 6C, 9H, JH, 5S, JD, 4C, 4D, 4H, 9S, QS, TC, 8S, TS, 7S, 6S, AD, 3D, 9C, QH]
2025-01-04 22:56:00,593 - Active Player: 2
2025-01-04 22:56:00,594 - STATE LOG: END
2025-01-04 22:56:00,599 - STATE LOG: BEGIN
2025-01-04 22:56:00,599 - Noah's Hand: []
2025-01-04 22:56:00,599 - Eve's Hand: [2C, 2D]
2025-01-04 22:56:00,599 - Boss: Rank: 12 | Suit C | Attack 15 | Health 30
2025-01-04 22:56:00,599 - Tavern: []
2025-01-04 22:56:00,599 - Castle: [KS, KD, KC, KH]
2025-01-04 22:56:00,599 - Discard: [7C, 6H, JC, 8D, 5C, 8C, 6D, 5H, TH, 8H, 7H, 5D, 9D, TD, 3C, QD, 7D, 2H, AS, AC, 3H, 2S, 4S, AH, JS, 3S, 6C, 9H, JH, 5S, JD, 4C, 4D, 4H, 9S, QS, TC, 8S, TS, 7S, 6S, AD, 3D, 9C, QH]
2025-01-04 22:56:00,599 - Active Player: 1
2025-01-04 22:56:00,599 - STATE LOG: END
