2025-01-04 21:51:45,509 - I log states! :D
2025-01-04 21:51:45,510 - STATE LOG: BEGIN
2025-01-04 21:51:45,510 - Noah's Hand: [TS, 4C, 5S, 6D, 2D, 8C, 8D]
2025-01-04 21:51:45,510 - Eve's Hand: [9D, 2C, 9H, AH, 2S, 6H, AD]
2025-01-04 21:51:45,510 - Boss: Rank: 11 | Suit H | Attack 10 | Health 20
2025-01-04 21:51:45,510 - Tavern: [7S, 5D, 7H, 9C, AS, 5H, TH, TC, 5C, 6C, 8S, 3H, 4S, 7D, AC, 3D, 4D, 3S, TD, 6S, 7C, 8H, 3C, 2H, 9S, 4H]
2025-01-04 21:51:45,510 - Castle: [KD, KS, KH, KC, QC, QD, QS, QH, JS, JC, JD]
2025-01-04 21:51:45,510 - Discard: []
2025-01-04 21:51:45,510 - Active Player: 1
2025-01-04 21:51:45,510 - STATE LOG: END
2025-01-04 21:51:47,022 - STATE LOG: BEGIN
2025-01-04 21:51:47,022 - Noah's Hand: [2D, 5S, 6D, 8D, TS]
2025-01-04 21:51:47,022 - Eve's Hand: [9D, 2C, 9H, AH, 2S, 6H, AD]
2025-01-04 21:51:47,022 - Boss: Rank: 11 | Suit H | Attack 10 | Health 20
2025-01-04 21:51:47,022 - Tavern: [7S, 5D, 7H, 9C, AS, 5H, TH, TC, 5C, 6C, 8S, 3H, 4S, 7D, AC, 3D, 4D, 3S, TD, 6S, 7C, 8H, 3C, 2H, 9S, 4H]
2025-01-04 21:51:47,022 - Castle: [KD, KS, KH, KC, QC, QD, QS, QH, JS, JC, JD]
2025-01-04 21:51:47,022 - Discard: [8C, 4C]
2025-01-04 21:51:47,022 - Active Player: 2
2025-01-04 21:51:47,022 - STATE LOG: END
2025-01-04 21:51:48,531 - STATE LOG: BEGIN
2025-01-04 21:51:48,531 - Noah's Hand: [2D, 5S, 6D, 8D, TS]
2025-01-04 21:51:48,531 - Eve's Hand: [AD, 2C, 9D]
2025-01-04 21:51:48,531 - Boss: Rank: 11 | Suit H | Attack 7 | Health 17
2025-01-04 21:51:48,531 - Tavern: [7S, 5D, 7H, 9C, AS, 5H, TH, TC, 5C, 6C, 8S, 3H, 4S, 7D, AC, 3D, 4D, 3S, TD, 6S, 7C, 8H, 3C, 2H, 9S, 4H]
2025-01-04 21:51:48,531 - Castle: [KD, KS, KH, KC, QC, QD, QS, QH, JS, JC, JD]
2025-01-04 21:51:48,531 - Discard: [8C, 4C, 6H, 9H]
2025-01-04 21:51:48,531 - Active Player: 1
2025-01-04 21:51:48,531 - STATE LOG: END
2025-01-04 21:51:49,921 - STATE LOG: BEGIN
2025-01-04 21:51:49,921 - Noah's Hand: [2D, 5S, 8D, TS]
2025-01-04 21:51:49,921 - Eve's Hand: [AD, 2C, 9D, 9S, 3C, 7C]
2025-01-04 21:51:49,921 - Boss: Rank: 11 | Suit H | Attack 7 | Health 11
2025-01-04 21:51:49,921 - Tavern: [7S, 5D, 7H, 9C, AS, 5H, TH, TC, 5C, 6C, 8S, 3H, 4S, 7D, AC, 3D, 4D, 3S, TD, 6S]
2025-01-04 21:51:49,921 - Castle: [KD, KS, KH, KC, QC, QD, QS, QH, JS, JC, JD]
2025-01-04 21:51:49,921 - Discard: [8C, 4C, 6H, 9H, 2H, 4H, 8H]
2025-01-04 21:51:49,921 - Active Player: 2
2025-01-04 21:51:49,921 - STATE LOG: END
2025-01-04 21:51:51,380 - STATE LOG: BEGIN
2025-01-04 21:51:51,380 - Noah's Hand: [2D, 5S, 8D, TS, TD, 4D, AC]
2025-01-04 21:51:51,380 - Eve's Hand: [2C, 3C, 7C, 9D, 6S, 3S, 3D]
2025-01-04 21:51:51,380 - Boss: Rank: 11 | Suit H | Attack 0 | Health 1
2025-01-04 21:51:51,380 - Tavern: [7S, 5D, 7H, 9C, AS, 5H, TH, TC, 5C, 6C, 8S, 3H, 4S, 7D]
2025-01-04 21:51:51,380 - Castle: [KD, KS, KH, KC, QC, QD, QS, QH, JS, JC, JD]
2025-01-04 21:51:51,380 - Discard: [8C, 4C, 6H, 9H, 2H, 4H, 8H]
2025-01-04 21:51:51,380 - Active Player: 1
2025-01-04 21:51:51,380 - STATE LOG: END
2025-01-04 21:51:52,958 - STATE LOG: BEGIN
2025-01-04 21:51:52,958 - Noah's Hand: [AC, 4D, 5S, 8D, TD, TS, 7D]
2025-01-04 21:51:52,958 - Eve's Hand: [2C, 3C, 7C, 9D, 6S, 3S, 3D]
2025-01-04 21:51:52,958 - Boss: Rank: 11 | Suit D | Attack 10 | Health 20
2025-01-04 21:51:52,958 - Tavern: [7S, 5D, 7H, 9C, AS, 5H, TH, TC, 5C, 6C, 8S, 3H, 4S]
2025-01-04 21:51:52,958 - Castle: [KD, KS, KH, KC, QC, QD, QS, QH, JS, JC]
2025-01-04 21:51:52,958 - Discard: [8C, 4C, 6H, 9H, 2H, 4H, 8H, 6D, 2D, AH, 2S, AD, 9S, JH]
2025-01-04 21:51:52,958 - Active Player: 1
2025-01-04 21:51:52,958 - STATE LOG: END
2025-01-04 21:51:54,541 - STATE LOG: BEGIN
2025-01-04 21:51:54,542 - Noah's Hand: [4D, 5S, 7D, 8D, TD]
2025-01-04 21:51:54,542 - Eve's Hand: [2C, 3C, 7C, 9D, 6S, 3S, 3D]
2025-01-04 21:51:54,542 - Boss: Rank: 11 | Suit C | Attack 10 | Health 20
2025-01-04 21:51:54,542 - Tavern: [7S, 5D, 7H, 9C, AS, 5H, TH, TC, 5C, 6C, 8S, 3H, 4S]
2025-01-04 21:51:54,542 - Castle: [KD, KS, KH, KC, QC, QD, QS, QH, JS]
2025-01-04 21:51:54,542 - Discard: [8C, 4C, 6H, 9H, 2H, 4H, 8H, 6D, 2D, AH, 2S, AD, 9S, JH, AC, TS, JD]
2025-01-04 21:51:54,542 - Active Player: 1
2025-01-04 21:51:54,542 - STATE LOG: END
2025-01-04 21:51:56,212 - STATE LOG: BEGIN
2025-01-04 21:51:56,212 - Noah's Hand: [8D, TD]
2025-01-04 21:51:56,212 - Eve's Hand: [2C, 3C, 7C, 9D, 6S, 3S, 3D]
2025-01-04 21:51:56,212 - Boss: Rank: 11 | Suit C | Attack 5 | Health 15
2025-01-04 21:51:56,212 - Tavern: [7S, 5D, 7H, 9C, AS, 5H, TH, TC, 5C, 6C, 8S, 3H, 4S]
2025-01-04 21:51:56,212 - Castle: [KD, KS, KH, KC, QC, QD, QS, QH, JS]
2025-01-04 21:51:56,212 - Discard: [8C, 4C, 6H, 9H, 2H, 4H, 8H, 6D, 2D, AH, 2S, AD, 9S, JH, AC, TS, JD, 4D, 7D]
2025-01-04 21:51:56,212 - Active Player: 2
2025-01-04 21:51:56,212 - STATE LOG: END
2025-01-04 21:51:57,995 - STATE LOG: BEGIN
2025-01-04 21:51:57,995 - Noah's Hand: [8D, TD]
2025-01-04 21:51:57,995 - Eve's Hand: [2C, 3C, 3D, 3S, 7C, 9D]
2025-01-04 21:51:57,995 - Boss: Rank: 11 | Suit C | Attack 0 | Health 9
2025-01-04 21:51:57,995 - Tavern: [7S, 5D, 7H, 9C, AS, 5H, TH, TC, 5C, 6C, 8S, 3H, 4S]
2025-01-04 21:51:57,995 - Castle: [KD, KS, KH, KC, QC, QD, QS, QH, JS]
2025-01-04 21:51:57,995 - Discard: [8C, 4C, 6H, 9H, 2H, 4H, 8H, 6D, 2D, AH, 2S, AD, 9S, JH, AC, TS, JD, 4D, 7D]
2025-01-04 21:51:57,995 - Active Player: 1
2025-01-04 21:51:57,995 - STATE LOG: END
2025-01-04 21:51:59,612 - STATE LOG: BEGIN
2025-01-04 21:51:59,612 - Noah's Hand: [8D, TD]
2025-01-04 21:51:59,612 - Eve's Hand: [2C, 3C, 3D, 3S, 7C, 9D]
2025-01-04 21:51:59,612 - Boss: Rank: 11 | Suit C | Attack 0 | Health 9
2025-01-04 21:51:59,612 - Tavern: [7S, 5D, 7H, 9C, AS, 5H, TH, TC, 5C, 6C, 8S, 3H, 4S]
2025-01-04 21:51:59,612 - Castle: [KD, KS, KH, KC, QC, QD, QS, QH, JS]
2025-01-04 21:51:59,612 - Discard: [8C, 4C, 6H, 9H, 2H, 4H, 8H, 6D, 2D, AH, 2S, AD, 9S, JH, AC, TS, JD, 4D, 7D]
2025-01-04 21:51:59,612 - Active Player: 2
2025-01-04 21:51:59,612 - STATE LOG: END
2025-01-04 21:52:01,272 - STATE LOG: BEGIN
2025-01-04 21:52:01,272 - Noah's Hand: [8D, TD]
2025-01-04 21:52:01,272 - Eve's Hand: [3C, 3D, 3S, 7C, 9D]
2025-01-04 21:52:01,272 - Boss: Rank: 11 | Suit C | Attack 0 | Health 7
2025-01-04 21:52:01,272 - Tavern: [7S, 5D, 7H, 9C, AS, 5H, TH, TC, 5C, 6C, 8S, 3H, 4S]
2025-01-04 21:52:01,272 - Castle: [KD, KS, KH, KC, QC, QD, QS, QH, JS]
2025-01-04 21:52:01,272 - Discard: [8C, 4C, 6H, 9H, 2H, 4H, 8H, 6D, 2D, AH, 2S, AD, 9S, JH, AC, TS, JD, 4D, 7D]
2025-01-04 21:52:01,272 - Active Player: 1
2025-01-04 21:52:01,272 - STATE LOG: END
2025-01-04 21:52:02,948 - STATE LOG: BEGIN
2025-01-04 21:52:02,948 - Noah's Hand: [8D, TD]
2025-01-04 21:52:02,948 - Eve's Hand: [3C, 3D, 3S, 7C, 9D]
2025-01-04 21:52:02,948 - Boss: Rank: 11 | Suit C | Attack 0 | Health 7
2025-01-04 21:52:02,948 - Tavern: [7S, 5D, 7H, 9C, AS, 5H, TH, TC, 5C, 6C, 8S, 3H, 4S]
2025-01-04 21:52:02,948 - Castle: [KD, KS, KH, KC, QC, QD, QS, QH, JS]
2025-01-04 21:52:02,948 - Discard: [8C, 4C, 6H, 9H, 2H, 4H, 8H, 6D, 2D, AH, 2S, AD, 9S, JH, AC, TS, JD, 4D, 7D]
2025-01-04 21:52:02,948 - Active Player: 2
2025-01-04 21:52:02,948 - STATE LOG: END
2025-01-04 21:52:04,516 - STATE LOG: BEGIN
2025-01-04 21:52:04,516 - Noah's Hand: [8D, TD]
2025-01-04 21:52:04,516 - Eve's Hand: [3D, 3S, 7C, 9D]
2025-01-04 21:52:04,516 - Boss: Rank: 11 | Suit C | Attack 0 | Health 4
2025-01-04 21:52:04,516 - Tavern: [7S, 5D, 7H, 9C, AS, 5H, TH, TC, 5C, 6C, 8S, 3H, 4S]
2025-01-04 21:52:04,516 - Castle: [KD, KS, KH, KC, QC, QD, QS, QH, JS]
2025-01-04 21:52:04,516 - Discard: [8C, 4C, 6H, 9H, 2H, 4H, 8H, 6D, 2D, AH, 2S, AD, 9S, JH, AC, TS, JD, 4D, 7D]
2025-01-04 21:52:04,516 - Active Player: 1
2025-01-04 21:52:04,516 - STATE LOG: END
2025-01-04 21:52:06,146 - STATE LOG: BEGIN
2025-01-04 21:52:06,146 - Noah's Hand: [8D, 4S, 8S, 5C, TH, 5H, AS]
2025-01-04 21:52:06,146 - Eve's Hand: [3D, 3S, 7C, 9D, 3H, 6C, TC]
2025-01-04 21:52:06,146 - Boss: Rank: 11 | Suit S | Attack 10 | Health 20
2025-01-04 21:52:06,146 - Tavern: [7S, 5D, 7H, 9C]
2025-01-04 21:52:06,146 - Castle: [KD, KS, KH, KC, QC, QD, QS, QH]
2025-01-04 21:52:06,146 - Discard: [8C, 4C, 6H, 9H, 2H, 4H, 8H, 6D, 2D, AH, 2S, AD, 9S, JH, AC, TS, JD, 4D, 7D, 5S, TD, 6S, 2C, 3C, JC]
2025-01-04 21:52:06,146 - Active Player: 1
2025-01-04 21:52:06,146 - STATE LOG: END
2025-01-04 21:52:07,728 - STATE LOG: BEGIN
2025-01-04 21:52:07,728 - Noah's Hand: [AS, 4S, 8D, 8S]
2025-01-04 21:52:07,728 - Eve's Hand: [3D, 3S, 7C, 9D, 3H, 6C, TC]
2025-01-04 21:52:07,728 - Boss: Rank: 11 | Suit S | Attack 10 | Health 10
2025-01-04 21:52:07,728 - Tavern: [JH, JC, 9H, AD, 6D, 6S, 2D, 4C, 7D, JD, 7S, 5D, 7H, 9C]
2025-01-04 21:52:07,728 - Castle: [KD, KS, KH, KC, QC, QD, QS, QH]
2025-01-04 21:52:07,728 - Discard: [AH, 9S, 8C, AC, TD, 8H, 4H, TS, 5S, 2S, 4D, 2H, 3C, 2C, 6H, 5H, 5C]
2025-01-04 21:52:07,728 - Active Player: 2
2025-01-04 21:52:07,728 - STATE LOG: END
2025-01-04 21:52:09,388 - STATE LOG: BEGIN
2025-01-04 21:52:09,389 - Noah's Hand: [AS, 4S, 8D, 8S, 7H, 7S, JD]
2025-01-04 21:52:09,389 - Eve's Hand: [3S, 6C, 9D, TC, 5D]
2025-01-04 21:52:09,389 - Boss: Rank: 11 | Suit S | Attack 10 | Health 4
2025-01-04 21:52:09,389 - Tavern: [5H, 2S, 5S, 3C, AC, 8H, JH, JC, 9H, AD, 6D, 6S, 2D, 4C, 7D]
2025-01-04 21:52:09,389 - Castle: [KD, KS, KH, KC, QC, QD, QS, QH]
2025-01-04 21:52:09,389 - Discard: [6H, TD, 9S, 2H, TS, 4D, 5C, AH, 4H, 8C, 2C, 9C, 7C]
2025-01-04 21:52:09,389 - Active Player: 1
2025-01-04 21:52:09,389 - STATE LOG: END
2025-01-04 21:52:11,168 - STATE LOG: BEGIN
2025-01-04 21:52:11,168 - Noah's Hand: [AS, 4S, 7S, 8D, 8S, JD]
2025-01-04 21:52:11,168 - Eve's Hand: [3S, 6C, 9D, TC, 5D]
2025-01-04 21:52:11,168 - Boss: Rank: 12 | Suit H | Attack 15 | Health 30
2025-01-04 21:52:11,169 - Tavern: [7C, TS, 2C, 6H, 8C, AH, 4H, 5H, 2S, 5S, 3C, AC, 8H, JH, JC, 9H, AD, 6D, 6S, 2D, 4C, 7D]
2025-01-04 21:52:11,169 - Castle: [KD, KS, KH, KC, QC, QD, QS]
2025-01-04 21:52:11,169 - Discard: [9C, TD, 9S, 5C, 4D, 2H, TH, 7H, 3D, 3H, JS]
2025-01-04 21:52:11,169 - Active Player: 1
2025-01-04 21:52:11,169 - STATE LOG: END
2025-01-04 21:52:13,106 - STATE LOG: BEGIN
2025-01-04 21:52:13,106 - Noah's Hand: [4S, 8D, 8S, 7D, 2D, 6D]
2025-01-04 21:52:13,107 - Eve's Hand: [3S, 6C, 9D, TC, 5D, 4C, 6S]
2025-01-04 21:52:13,107 - Boss: Rank: 12 | Suit H | Attack 3 | Health 18
2025-01-04 21:52:13,107 - Tavern: [7C, TS, 2C, 6H, 8C, AH, 4H, 5H, 2S, 5S, 3C, AC, 8H, JH, JC, 9H, AD]
2025-01-04 21:52:13,107 - Castle: [KD, KS, KH, KC, QC, QD, QS]
2025-01-04 21:52:13,107 - Discard: [9C, TD, 9S, 5C, 4D, 2H, TH, 7H, 3D, 3H, JS, 7S]
2025-01-04 21:52:13,107 - Active Player: 2
2025-01-04 21:52:13,107 - STATE LOG: END
2025-01-04 21:52:15,059 - STATE LOG: BEGIN
2025-01-04 21:52:15,060 - Noah's Hand: [4S, 8D, 8S, 7D, 2D, 6D]
2025-01-04 21:52:15,060 - Eve's Hand: [4C, 5D, 6C, 6S, 9D, TC]
2025-01-04 21:52:15,060 - Boss: Rank: 12 | Suit H | Attack 0 | Health 15
2025-01-04 21:52:15,060 - Tavern: [7C, TS, 2C, 6H, 8C, AH, 4H, 5H, 2S, 5S, 3C, AC, 8H, JH, JC, 9H, AD]
2025-01-04 21:52:15,060 - Castle: [KD, KS, KH, KC, QC, QD, QS]
2025-01-04 21:52:15,060 - Discard: [9C, TD, 9S, 5C, 4D, 2H, TH, 7H, 3D, 3H, JS, 7S]
2025-01-04 21:52:15,060 - Active Player: 1
2025-01-04 21:52:15,060 - STATE LOG: END
2025-01-04 21:52:17,003 - STATE LOG: BEGIN
2025-01-04 21:52:17,003 - Noah's Hand: [2D, 6D, 7D, 8D, 8S]
2025-01-04 21:52:17,003 - Eve's Hand: [4C, 5D, 6C, 6S, 9D, TC]
2025-01-04 21:52:17,003 - Boss: Rank: 12 | Suit H | Attack 0 | Health 11
2025-01-04 21:52:17,003 - Tavern: [7C, TS, 2C, 6H, 8C, AH, 4H, 5H, 2S, 5S, 3C, AC, 8H, JH, JC, 9H, AD]
2025-01-04 21:52:17,003 - Castle: [KD, KS, KH, KC, QC, QD, QS]
2025-01-04 21:52:17,003 - Discard: [9C, TD, 9S, 5C, 4D, 2H, TH, 7H, 3D, 3H, JS, 7S]
2025-01-04 21:52:17,003 - Active Player: 2
2025-01-04 21:52:17,003 - STATE LOG: END
2025-01-04 21:52:18,907 - STATE LOG: BEGIN
2025-01-04 21:52:18,907 - Noah's Hand: [2D, 6D, 7D, 8D, 8S]
2025-01-04 21:52:18,907 - Eve's Hand: [4C, 5D, 6C, 6S, 9D, TC]
2025-01-04 21:52:18,907 - Boss: Rank: 12 | Suit H | Attack 0 | Health 11
2025-01-04 21:52:18,907 - Tavern: [7C, TS, 2C, 6H, 8C, AH, 4H, 5H, 2S, 5S, 3C, AC, 8H, JH, JC, 9H, AD]
2025-01-04 21:52:18,907 - Castle: [KD, KS, KH, KC, QC, QD, QS]
2025-01-04 21:52:18,907 - Discard: [9C, TD, 9S, 5C, 4D, 2H, TH, 7H, 3D, 3H, JS, 7S]
2025-01-04 21:52:18,907 - Active Player: 1
2025-01-04 21:52:18,907 - STATE LOG: END
2025-01-04 21:52:20,898 - STATE LOG: BEGIN
2025-01-04 21:52:20,898 - Noah's Hand: [2D, 7D, 8D, 8S, AD, JC, JH]
2025-01-04 21:52:20,898 - Eve's Hand: [4C, 5D, 6C, 6S, 9D, TC, 9H]
2025-01-04 21:52:20,898 - Boss: Rank: 12 | Suit H | Attack 0 | Health 5
2025-01-04 21:52:20,898 - Tavern: [7C, TS, 2C, 6H, 8C, AH, 4H, 5H, 2S, 5S, 3C, AC, 8H]
2025-01-04 21:52:20,898 - Castle: [KD, KS, KH, KC, QC, QD, QS]
2025-01-04 21:52:20,898 - Discard: [9C, TD, 9S, 5C, 4D, 2H, TH, 7H, 3D, 3H, JS, 7S]
2025-01-04 21:52:20,898 - Active Player: 2
2025-01-04 21:52:20,898 - STATE LOG: END
2025-01-04 21:52:22,860 - STATE LOG: BEGIN
2025-01-04 21:52:22,860 - Noah's Hand: [2D, 7D, 8D, 8S, AD, JC, JH]
2025-01-04 21:52:22,860 - Eve's Hand: [5D, 6C, 6S, 9D, 9H, TC]
2025-01-04 21:52:22,860 - Boss: Rank: 12 | Suit S | Attack 15 | Health 30
2025-01-04 21:52:22,860 - Tavern: [7C, TS, 2C, 6H, 8C, AH, 4H, 5H, 2S, 5S, 3C, AC, 8H]
2025-01-04 21:52:22,860 - Castle: [KD, KS, KH, KC, QC, QD]
2025-01-04 21:52:22,860 - Discard: [9C, TD, 9S, 5C, 4D, 2H, TH, 7H, 3D, 3H, JS, 7S, AS, JD, 4S, 6D, 3S, 4C, QH]
2025-01-04 21:52:22,860 - Active Player: 2
2025-01-04 21:52:22,860 - STATE LOG: END
2025-01-04 21:52:24,703 - STATE LOG: BEGIN
2025-01-04 21:52:24,703 - Noah's Hand: [2D, 7D, 8D, 8S, AD, JC, JH]
2025-01-04 21:52:24,703 - Eve's Hand: [5D, 9D, TC]
2025-01-04 21:52:24,703 - Boss: Rank: 12 | Suit S | Attack 15 | Health 24
2025-01-04 21:52:24,703 - Tavern: [7C, TS, 2C, 6H, 8C, AH, 4H, 5H, 2S, 5S, 3C, AC, 8H]
2025-01-04 21:52:24,703 - Castle: [KD, KS, KH, KC, QC, QD]
2025-01-04 21:52:24,703 - Discard: [9C, TD, 9S, 5C, 4D, 2H, TH, 7H, 3D, 3H, JS, 7S, AS, JD, 4S, 6D, 3S, 4C, QH, 9H, 6C]
2025-01-04 21:52:24,703 - Active Player: 1
2025-01-04 21:52:24,703 - STATE LOG: END
2025-01-04 21:52:26,432 - STATE LOG: BEGIN
2025-01-04 21:52:26,432 - Noah's Hand: [AD, 2D, 8D, 8S, JH]
2025-01-04 21:52:26,432 - Eve's Hand: [5D, 9D, TC, AC, 3C, 5S, 2S]
2025-01-04 21:52:26,432 - Boss: Rank: 12 | Suit S | Attack 15 | Health 17
2025-01-04 21:52:26,432 - Tavern: [7C, TS, 2C, 6H, 8C, AH, 4H, 5H]
2025-01-04 21:52:26,432 - Castle: [KD, KS, KH, KC, QC, QD]
2025-01-04 21:52:26,432 - Discard: [9C, TD, 9S, 5C, 4D, 2H, TH, 7H, 3D, 3H, JS, 7S, AS, JD, 4S, 6D, 3S, 4C, QH, 9H, 6C, JC, 8H]
2025-01-04 21:52:26,432 - Active Player: 2
2025-01-04 21:52:26,432 - STATE LOG: END
2025-01-04 21:52:28,050 - STATE LOG: BEGIN
2025-01-04 21:52:28,050 - Noah's Hand: [AD, 2D, 8D, 8S, JH]
2025-01-04 21:52:28,050 - Eve's Hand: [AC, 3C, 5D, 9D]
2025-01-04 21:52:28,050 - Boss: Rank: 12 | Suit S | Attack 15 | Health 17
2025-01-04 21:52:28,050 - Tavern: [7C, TS, 2C, 6H, 8C, AH, 4H, 5H]
2025-01-04 21:52:28,050 - Castle: [KD, KS, KH, KC, QC, QD]
2025-01-04 21:52:28,050 - Discard: [9C, TD, 9S, 5C, 4D, 2H, TH, 7H, 3D, 3H, JS, 7S, AS, JD, 4S, 6D, 3S, 4C, QH, 9H, 6C, JC, 8H, 5S, 2S, TC]
2025-01-04 21:52:28,050 - Active Player: 1
2025-01-04 21:52:28,050 - STATE LOG: END
2025-01-04 21:52:29,300 - STATE LOG: BEGIN
2025-01-04 21:52:29,301 - Noah's Hand: [2D, 8D, AH, TS]
2025-01-04 21:52:29,301 - Eve's Hand: [AC, 3C, 5D, 9D, 4H, 8C, 2C]
2025-01-04 21:52:29,301 - Boss: Rank: 12 | Suit S | Attack 15 | Health 5
2025-01-04 21:52:29,301 - Tavern: [9C, 9H, JC, 5S, 6C, 6D, 2H, 8H, 3S, QH, 4C, TC, 7C]
2025-01-04 21:52:29,301 - Castle: [KD, KS, KH, KC, QC, QD]
2025-01-04 21:52:29,301 - Discard: [7S, TD, 3D, TH, AS, 4D, 9S, 7H, 4S, 5C, JS, 2S, 3H, JD, 6H, 5H, 8S]
2025-01-04 21:52:29,301 - Active Player: 2
2025-01-04 21:52:29,301 - STATE LOG: END
2025-01-04 21:52:30,489 - STATE LOG: BEGIN
2025-01-04 21:52:30,489 - Noah's Hand: [2D, 8D, AH, TS]
2025-01-04 21:52:30,489 - Eve's Hand: [5D, 9D]
2025-01-04 21:52:30,489 - Boss: Rank: 12 | Suit S | Attack 15 | Health 5
2025-01-04 21:52:30,489 - Tavern: [9C, 9H, JC, 5S, 6C, 6D, 2H, 8H, 3S, QH, 4C, TC, 7C]
2025-01-04 21:52:30,489 - Castle: [KD, KS, KH, KC, QC, QD]
2025-01-04 21:52:30,489 - Discard: [7S, TD, 3D, TH, AS, 4D, 9S, 7H, 4S, 5C, JS, 2S, 3H, JD, 6H, 5H, 8S, 2C, 3C, 8C, AC, 4H]
2025-01-04 21:52:30,489 - Active Player: 1
2025-01-04 21:52:30,489 - STATE LOG: END
2025-01-04 21:52:30,750 - STATE LOG: BEGIN
2025-01-04 21:52:30,750 - Noah's Hand: [AH, 2D, TS, 7C, 4C, 3S, 2H]
2025-01-04 21:52:30,750 - Eve's Hand: [5D, 9D, TC, QH, 8H, 6D]
2025-01-04 21:52:30,750 - Boss: Rank: 12 | Suit D | Attack 15 | Health 30
2025-01-04 21:52:30,750 - Tavern: [9C, 9H, JC, 5S, 6C]
2025-01-04 21:52:30,750 - Castle: [KD, KS, KH, KC, QC]
2025-01-04 21:52:30,750 - Discard: [7S, TD, 3D, TH, AS, 4D, 9S, 7H, 4S, 5C, JS, 2S, 3H, JD, 6H, 5H, 8S, 2C, 3C, 8C, AC, 4H, 7D, AD, JH, 8D, 6S, QS]
2025-01-04 21:52:30,750 - Active Player: 1
2025-01-04 21:52:30,750 - STATE LOG: END
2025-01-04 21:52:31,534 - STATE LOG: BEGIN
2025-01-04 21:52:31,534 - Noah's Hand: [2D, 2H, 3S, 4C]
2025-01-04 21:52:31,534 - Eve's Hand: [5D, 9D, TC, QH, 8H, 6D]
2025-01-04 21:52:31,534 - Boss: Rank: 12 | Suit D | Attack 4 | Health 19
2025-01-04 21:52:31,534 - Tavern: [JD, 4H, 4S, 9S, QS, 7S, 8D, 2S, 3D, JH, 7H, 9C, 9H, JC, 5S, 6C]
2025-01-04 21:52:31,534 - Castle: [KD, KS, KH, KC, QC]
2025-01-04 21:52:31,534 - Discard: [JS, AC, 2C, 6S, 8S, 5H, TH, 4D, 3H, 5C, 7D, TD, 8C, AS, 6H, 3C, AD, 7C]
2025-01-04 21:52:31,534 - Active Player: 2
2025-01-04 21:52:31,534 - STATE LOG: END
2025-01-04 21:52:32,769 - STATE LOG: BEGIN
2025-01-04 21:52:32,769 - Noah's Hand: [2D, 2H, 3S, 4C]
2025-01-04 21:52:32,769 - Eve's Hand: [5D, 6D, 8H, 9D, QH]
2025-01-04 21:52:32,769 - Boss: Rank: 12 | Suit C | Attack 15 | Health 30
2025-01-04 21:52:32,769 - Tavern: [JD, 4H, 4S, 9S, QS, 7S, 8D, 2S, 3D, JH, 7H, 9C, 9H, JC, 5S, 6C]
2025-01-04 21:52:32,769 - Castle: [KD, KS, KH, KC]
2025-01-04 21:52:32,769 - Discard: [JS, AC, 2C, 6S, 8S, 5H, TH, 4D, 3H, 5C, 7D, TD, 8C, AS, 6H, 3C, AD, 7C, AH, TS, TC, QD]
2025-01-04 21:52:32,769 - Active Player: 2
2025-01-04 21:52:32,769 - STATE LOG: END
2025-01-04 21:52:33,185 - STATE LOG: BEGIN
2025-01-04 21:52:33,185 - Noah's Hand: [2D, 2H, 3S, 4C, 5S, 9H, 7H]
2025-01-04 21:52:33,185 - Eve's Hand: [5D, 6D, QH, 6C, JC]
2025-01-04 21:52:33,185 - Boss: Rank: 12 | Suit C | Attack 15 | Health 21
2025-01-04 21:52:33,185 - Tavern: [JD, 4H, 4S, 9S, QS, 7S, 8D, 2S, 3D, JH]
2025-01-04 21:52:33,185 - Castle: [KD, KS, KH, KC]
2025-01-04 21:52:33,185 - Discard: [JS, AC, 2C, 6S, 8S, 5H, TH, 4D, 3H, 5C, 7D, TD, 8C, AS, 6H, 3C, AD, 7C, AH, TS, TC, QD, 9C, 8H]
2025-01-04 21:52:33,185 - Active Player: 1
2025-01-04 21:52:33,185 - STATE LOG: END
2025-01-04 21:52:34,306 - STATE LOG: BEGIN
2025-01-04 21:52:34,306 - Noah's Hand: [2D, 3S, 4C]
2025-01-04 21:52:34,306 - Eve's Hand: [5D, 6D, QH, 6C, JC]
2025-01-04 21:52:34,306 - Boss: Rank: 12 | Suit C | Attack 10 | Health 16
2025-01-04 21:52:34,306 - Tavern: [JD, 4H, 4S, 9S, QS, 7S, 8D, 2S, 3D, JH]
2025-01-04 21:52:34,306 - Castle: [KD, KS, KH, KC]
2025-01-04 21:52:34,306 - Discard: [JS, AC, 2C, 6S, 8S, 5H, TH, 4D, 3H, 5C, 7D, TD, 8C, AS, 6H, 3C, AD, 7C, AH, TS, TC, QD, 9C, 8H, 7H, 2H, 9H]
2025-01-04 21:52:34,306 - Active Player: 2
2025-01-04 21:52:34,306 - STATE LOG: END
2025-01-04 21:52:34,453 - STATE LOG: BEGIN
2025-01-04 21:52:34,453 - Noah's Hand: [2D, 3S, 4C, 3D, 8D, QS]
2025-01-04 21:52:34,453 - Eve's Hand: [5D, 6C, JC, QH, 2S, 7S]
2025-01-04 21:52:34,453 - Boss: Rank: 12 | Suit C | Attack 10 | Health 10
2025-01-04 21:52:34,453 - Tavern: [JD, 4H, 4S, 9S]
2025-01-04 21:52:34,453 - Castle: [KD, KS, KH, KC]
2025-01-04 21:52:34,453 - Discard: [JS, AC, 2C, 6S, 8S, 5H, TH, 4D, 3H, 5C, 7D, TD, 8C, AS, 6H, 3C, AD, 7C, AH, TS, TC, QD, 9C, 8H, 7H, 2H, 9H, JH]
2025-01-04 21:52:34,453 - Active Player: 1
2025-01-04 21:52:34,453 - STATE LOG: END
2025-01-04 21:52:36,061 - STATE LOG: BEGIN
2025-01-04 21:52:36,061 - Noah's Hand: [2D, 4C, 8D, QS, 4H, JD]
2025-01-04 21:52:36,061 - Eve's Hand: [5D, 6C, JC, QH, 2S, 7S, 4S]
2025-01-04 21:52:36,062 - Boss: Rank: 12 | Suit C | Attack 4 | Health 4
2025-01-04 21:52:36,062 - Tavern: []
2025-01-04 21:52:36,062 - Castle: [KD, KS, KH, KC]
2025-01-04 21:52:36,062 - Discard: [JS, AC, 2C, 6S, 8S, 5H, TH, 4D, 3H, 5C, 7D, TD, 8C, AS, 6H, 3C, AD, 7C, AH, TS, TC, QD, 9C, 8H, 7H, 2H, 9H, JH, 9S]
2025-01-04 21:52:36,062 - Active Player: 2
2025-01-04 21:52:36,062 - STATE LOG: END
2025-01-04 21:52:37,682 - STATE LOG: BEGIN
2025-01-04 21:52:37,682 - Noah's Hand: [2D, 4C, 8D, QS, 4H, JD]
2025-01-04 21:52:37,682 - Eve's Hand: [5D, 6C, JC, 2S, 4S, 7S]
2025-01-04 21:52:37,682 - Boss: Rank: 13 | Suit C | Attack 20 | Health 40
2025-01-04 21:52:37,682 - Tavern: [7C, TC, 9S, 8H, 5C, AH, 6S, 7H, 9C, 4D, AS, 6H]
2025-01-04 21:52:37,682 - Castle: [KD, KS, KH]
2025-01-04 21:52:37,682 - Discard: [TS, JH, 8S, JS, AD, 3H, 8C, QD, 2H, 2C, 7D, 3C, 5H, TD, AC, TH, 9H, 5S, 3D, 3S, 9D, 6D, QH, QC]
2025-01-04 21:52:37,682 - Active Player: 2
2025-01-04 21:52:37,682 - STATE LOG: END
2025-01-04 21:52:38,565 - STATE LOG: BEGIN
2025-01-04 21:52:38,565 - Noah's Hand: [2D, 4C, 8D, QS, 4H, JD]
2025-01-04 21:52:38,565 - Eve's Hand: [5D, 2S, 4S]
2025-01-04 21:52:38,565 - Boss: Rank: 13 | Suit C | Attack 13 | Health 33
2025-01-04 21:52:38,565 - Tavern: [7C, TC, 9S, 8H, 5C, AH, 6S, 7H, 9C, 4D, AS, 6H]
2025-01-04 21:52:38,565 - Castle: [KD, KS, KH]
2025-01-04 21:52:38,565 - Discard: [TS, JH, 8S, JS, AD, 3H, 8C, QD, 2H, 2C, 7D, 3C, 5H, TD, AC, TH, 9H, 5S, 3D, 3S, 9D, 6D, QH, QC, 6C, JC]
2025-01-04 21:52:38,565 - Active Player: 1
2025-01-04 21:52:38,565 - STATE LOG: END
2025-01-04 21:52:39,047 - STATE LOG: BEGIN
2025-01-04 21:52:39,047 - Noah's Hand: [2D, 4C, 8D, JD]
2025-01-04 21:52:39,047 - Eve's Hand: [5D, 2S, 4S]
2025-01-04 21:52:39,047 - Boss: Rank: 13 | Suit C | Attack 1 | Health 21
2025-01-04 21:52:39,047 - Tavern: [7C, TC, 9S, 8H, 5C, AH, 6S, 7H, 9C, 4D, AS, 6H]
2025-01-04 21:52:39,047 - Castle: [KD, KS, KH]
2025-01-04 21:52:39,047 - Discard: [TS, JH, 8S, JS, AD, 3H, 8C, QD, 2H, 2C, 7D, 3C, 5H, TD, AC, TH, 9H, 5S, 3D, 3S, 9D, 6D, QH, QC, 6C, JC, 4H]
2025-01-04 21:52:39,048 - Active Player: 2
2025-01-04 21:52:39,048 - STATE LOG: END
2025-01-04 21:52:40,925 - STATE LOG: BEGIN
2025-01-04 21:52:40,925 - Noah's Hand: [2D, 4C, 8D, JD]
2025-01-04 21:52:40,925 - Eve's Hand: [4S, 5D]
2025-01-04 21:52:40,925 - Boss: Rank: 13 | Suit C | Attack 0 | Health 19
2025-01-04 21:52:40,925 - Tavern: [7C, TC, 9S, 8H, 5C, AH, 6S, 7H, 9C, 4D, AS, 6H]
2025-01-04 21:52:40,925 - Castle: [KD, KS, KH]
2025-01-04 21:52:40,925 - Discard: [TS, JH, 8S, JS, AD, 3H, 8C, QD, 2H, 2C, 7D, 3C, 5H, TD, AC, TH, 9H, 5S, 3D, 3S, 9D, 6D, QH, QC, 6C, JC, 4H]
2025-01-04 21:52:40,925 - Active Player: 1
2025-01-04 21:52:40,925 - STATE LOG: END
2025-01-04 21:52:41,537 - STATE LOG: BEGIN
2025-01-04 21:52:41,537 - Noah's Hand: [2D, 4C, 8D, JD]
2025-01-04 21:52:41,537 - Eve's Hand: [4S, 5D]
2025-01-04 21:52:41,537 - Boss: Rank: 13 | Suit C | Attack 0 | Health 19
2025-01-04 21:52:41,537 - Tavern: [7C, TC, 9S, 8H, 5C, AH, 6S, 7H, 9C, 4D, AS, 6H]
2025-01-04 21:52:41,537 - Castle: [KD, KS, KH]
2025-01-04 21:52:41,537 - Discard: [TS, JH, 8S, JS, AD, 3H, 8C, QD, 2H, 2C, 7D, 3C, 5H, TD, AC, TH, 9H, 5S, 3D, 3S, 9D, 6D, QH, QC, 6C, JC, 4H]
2025-01-04 21:52:41,537 - Active Player: 2
2025-01-04 21:52:41,537 - STATE LOG: END
2025-01-04 21:52:43,544 - STATE LOG: BEGIN
2025-01-04 21:52:43,544 - Noah's Hand: [2D, 4C, 8D, JD, AS, 9C]
2025-01-04 21:52:43,545 - Eve's Hand: [4S, 6H, 4D, 7H]
2025-01-04 21:52:43,545 - Boss: Rank: 13 | Suit C | Attack 0 | Health 14
2025-01-04 21:52:43,545 - Tavern: [7C, TC, 9S, 8H, 5C, AH, 6S]
2025-01-04 21:52:43,545 - Castle: [KD, KS, KH]
2025-01-04 21:52:43,545 - Discard: [TS, JH, 8S, JS, AD, 3H, 8C, QD, 2H, 2C, 7D, 3C, 5H, TD, AC, TH, 9H, 5S, 3D, 3S, 9D, 6D, QH, QC, 6C, JC, 4H]
2025-01-04 21:52:43,545 - Active Player: 1
2025-01-04 21:52:43,545 - STATE LOG: END
2025-01-04 21:52:45,545 - STATE LOG: BEGIN
2025-01-04 21:52:45,545 - Noah's Hand: [2D, 4C, 8D, JD, AS, 9C]
2025-01-04 21:52:45,545 - Eve's Hand: [4S, 6H, 4D, 7H]
2025-01-04 21:52:45,545 - Boss: Rank: 13 | Suit C | Attack 0 | Health 14
2025-01-04 21:52:45,545 - Tavern: [7C, TC, 9S, 8H, 5C, AH, 6S]
2025-01-04 21:52:45,545 - Castle: [KD, KS, KH]
2025-01-04 21:52:45,546 - Discard: [TS, JH, 8S, JS, AD, 3H, 8C, QD, 2H, 2C, 7D, 3C, 5H, TD, AC, TH, 9H, 5S, 3D, 3S, 9D, 6D, QH, QC, 6C, JC, 4H]
2025-01-04 21:52:45,546 - Active Player: 2
2025-01-04 21:52:45,546 - STATE LOG: END
2025-01-04 21:52:47,429 - STATE LOG: BEGIN
2025-01-04 21:52:47,429 - Noah's Hand: [2D, 4C, 8D, JD, AS, 9C]
2025-01-04 21:52:47,429 - Eve's Hand: [4D, 4S, 6H]
2025-01-04 21:52:47,429 - Boss: Rank: 13 | Suit C | Attack 0 | Health 7
2025-01-04 21:52:47,429 - Tavern: [3D, JS, 9H, 8C, 6C, 7D, 2H, 7C, TC, 9S, 8H, 5C, AH, 6S]
2025-01-04 21:52:47,429 - Castle: [KD, KS, KH]
2025-01-04 21:52:47,429 - Discard: [9D, JH, AC, 4H, QH, 3C, TS, 6D, QC, 3H, TH, TD, 5H, 8S, 2C, 3S, QD, 5S, JC, AD]
2025-01-04 21:52:47,429 - Active Player: 1
2025-01-04 21:52:47,429 - STATE LOG: END
2025-01-04 21:52:49,384 - STATE LOG: BEGIN
2025-01-04 21:52:49,384 - Noah's Hand: [2D, 4C, 8D, JD, AS, 9C]
2025-01-04 21:52:49,384 - Eve's Hand: [4D, 4S, 6H]
2025-01-04 21:52:49,384 - Boss: Rank: 13 | Suit C | Attack 0 | Health 7
2025-01-04 21:52:49,384 - Tavern: [3D, JS, 9H, 8C, 6C, 7D, 2H, 7C, TC, 9S, 8H, 5C, AH, 6S]
2025-01-04 21:52:49,384 - Castle: [KD, KS, KH]
2025-01-04 21:52:49,384 - Discard: [9D, JH, AC, 4H, QH, 3C, TS, 6D, QC, 3H, TH, TD, 5H, 8S, 2C, 3S, QD, 5S, JC, AD]
2025-01-04 21:52:49,384 - Active Player: 2
2025-01-04 21:52:49,384 - STATE LOG: END
2025-01-04 21:52:51,385 - STATE LOG: BEGIN
2025-01-04 21:52:51,385 - Noah's Hand: [2D, 4C, 8D, JD, AS, 9C]
2025-01-04 21:52:51,385 - Eve's Hand: [4D, 4S]
2025-01-04 21:52:51,385 - Boss: Rank: 13 | Suit C | Attack 0 | Health 1
2025-01-04 21:52:51,385 - Tavern: [QC, JC, AD, 3H, TS, QH, 3D, JS, 9H, 8C, 6C, 7D, 2H, 7C, TC, 9S, 8H, 5C, AH, 6S]
2025-01-04 21:52:51,385 - Castle: [KD, KS, KH]
2025-01-04 21:52:51,385 - Discard: [9D, 5S, JH, 5H, 6D, 3C, 3S, 2C, 4H, QD, TD, AC, TH, 8S]
2025-01-04 21:52:51,385 - Active Player: 1
2025-01-04 21:52:51,385 - STATE LOG: END
2025-01-04 21:52:53,387 - STATE LOG: BEGIN
2025-01-04 21:52:53,387 - Noah's Hand: [2D, 4C, 8D, AS, 9C, 6S, 5C]
2025-01-04 21:52:53,387 - Eve's Hand: [4D, 4S, AH, 8H, 9S, TC, 7C]
2025-01-04 21:52:53,387 - Boss: Rank: 13 | Suit H | Attack 20 | Health 40
2025-01-04 21:52:53,387 - Tavern: [QC, JC, AD, 3H, TS, QH, 3D, JS, 9H, 8C, 6C, 7D, 2H]
2025-01-04 21:52:53,387 - Castle: [KD, KS]
2025-01-04 21:52:53,387 - Discard: [9D, 5S, JH, 5H, 6D, 3C, 3S, 2C, 4H, QD, TD, AC, TH, 8S, QS, JD, 7S, 2S, 5D, 7H, 6H, KC]
2025-01-04 21:52:53,387 - Active Player: 1
2025-01-04 21:52:53,387 - STATE LOG: END
2025-01-04 21:52:55,380 - STATE LOG: BEGIN
2025-01-04 21:52:55,380 - Noah's Hand: [2D, 5C, 9C, 7D]
2025-01-04 21:52:55,380 - Eve's Hand: [4D, 4S, AH, 8H, 9S, TC, 7C]
2025-01-04 21:52:55,381 - Boss: Rank: 13 | Suit H | Attack 11 | Health 31
2025-01-04 21:52:55,381 - Tavern: [QC, JC, AD, 3H, TS, QH, 3D, JS, 9H, 8C, 6C]
2025-01-04 21:52:55,381 - Castle: [KD, KS]
2025-01-04 21:52:55,381 - Discard: [9D, 5S, JH, 5H, 6D, 3C, 3S, 2C, 4H, QD, TD, AC, TH, 8S, QS, JD, 7S, 2S, 5D, 7H, 6H, KC, 2H, 6S, 4C]
2025-01-04 21:52:55,381 - Active Player: 2
2025-01-04 21:52:55,381 - STATE LOG: END
2025-01-04 21:52:57,383 - STATE LOG: BEGIN
2025-01-04 21:52:57,383 - Noah's Hand: [2D, 5C, 9C, 7D]
2025-01-04 21:52:57,383 - Eve's Hand: [4D, 7C, 8H, TC]
2025-01-04 21:52:57,383 - Boss: Rank: 13 | Suit H | Attack 6 | Health 26
2025-01-04 21:52:57,383 - Tavern: [QC, JC, AD, 3H, TS, QH, 3D, JS, 9H, 8C, 6C]
2025-01-04 21:52:57,383 - Castle: [KD, KS]
2025-01-04 21:52:57,383 - Discard: [9D, 5S, JH, 5H, 6D, 3C, 3S, 2C, 4H, QD, TD, AC, TH, 8S, QS, JD, 7S, 2S, 5D, 7H, 6H, KC, 2H, 6S, 4C, 9S]
2025-01-04 21:52:57,383 - Active Player: 1
2025-01-04 21:52:57,383 - STATE LOG: END
2025-01-04 21:52:58,562 - STATE LOG: BEGIN
2025-01-04 21:52:58,562 - Noah's Hand: [2D, 5C, 9C, 6C, 9H, 3D]
2025-01-04 21:52:58,562 - Eve's Hand: [4D, 7C, 8H, TC, 8C, JS, QH]
2025-01-04 21:52:58,562 - Boss: Rank: 13 | Suit H | Attack 6 | Health 19
2025-01-04 21:52:58,562 - Tavern: [QC, JC, AD, 3H]
2025-01-04 21:52:58,562 - Castle: [KD, KS]
2025-01-04 21:52:58,562 - Discard: [9D, 5S, JH, 5H, 6D, 3C, 3S, 2C, 4H, QD, TD, AC, TH, 8S, QS, JD, 7S, 2S, 5D, 7H, 6H, KC, 2H, 6S, 4C, 9S, TS]
2025-01-04 21:52:58,562 - Active Player: 2
2025-01-04 21:52:58,562 - STATE LOG: END
2025-01-04 21:53:00,563 - STATE LOG: BEGIN
2025-01-04 21:53:00,564 - Noah's Hand: [2D, 5C, 9C, 6C, 9H, 3D]
2025-01-04 21:53:00,564 - Eve's Hand: [4D, 7C, 8C, TC, JS]
2025-01-04 21:53:00,564 - Boss: Rank: 13 | Suit H | Attack 6 | Health 7
2025-01-04 21:53:00,564 - Tavern: [QC, JC, AD, 3H]
2025-01-04 21:53:00,564 - Castle: [KD, KS]
2025-01-04 21:53:00,564 - Discard: [9D, 5S, JH, 5H, 6D, 3C, 3S, 2C, 4H, QD, TD, AC, TH, 8S, QS, JD, 7S, 2S, 5D, 7H, 6H, KC, 2H, 6S, 4C, 9S, TS, 8H]
2025-01-04 21:53:00,564 - Active Player: 1
2025-01-04 21:53:00,564 - STATE LOG: END
2025-01-04 21:53:01,791 - STATE LOG: BEGIN
2025-01-04 21:53:01,791 - Noah's Hand: [2D, 6C, 9C, 9H, 3H]
2025-01-04 21:53:01,791 - Eve's Hand: [4D, 7C, 8C, TC, JS, AD]
2025-01-04 21:53:01,791 - Boss: Rank: 13 | Suit H | Attack 6 | Health 4
2025-01-04 21:53:01,791 - Tavern: [QC]
2025-01-04 21:53:01,791 - Castle: [KD, KS]
2025-01-04 21:53:01,791 - Discard: [9D, 5S, JH, 5H, 6D, 3C, 3S, 2C, 4H, QD, TD, AC, TH, 8S, QS, JD, 7S, 2S, 5D, 7H, 6H, KC, 2H, 6S, 4C, 9S, TS, 8H, 5C, JC]
2025-01-04 21:53:01,791 - Active Player: 2
2025-01-04 21:53:01,791 - STATE LOG: END
2025-01-04 21:53:03,576 - STATE LOG: BEGIN
2025-01-04 21:53:03,576 - Noah's Hand: [2D, 6C, 9C, 9H, 3H]
2025-01-04 21:53:03,576 - Eve's Hand: [AD, 7C, 8C, TC, JS, QC]
2025-01-04 21:53:03,576 - Boss: Rank: 13 | Suit S | Attack 20 | Health 40
2025-01-04 21:53:03,576 - Tavern: []
2025-01-04 21:53:03,576 - Castle: [KD]
2025-01-04 21:53:03,576 - Discard: [9D, 5S, JH, 5H, 6D, 3C, 3S, 2C, 4H, QD, TD, AC, TH, 8S, QS, JD, 7S, 2S, 5D, 7H, 6H, KC, 2H, 6S, 4C, 9S, TS, 8H, 5C, JC, AS, 8D, 7D, 3D, AH, 4S, QH, 4D]
2025-01-04 21:53:03,576 - Active Player: 2
2025-01-04 21:53:03,576 - STATE LOG: END
2025-01-04 21:53:04,274 - STATE LOG: BEGIN
2025-01-04 21:53:04,274 - Noah's Hand: [2D, 6C, 9C, 9H, 3H]
2025-01-04 21:53:04,274 - Eve's Hand: [AD, 7C, 8C]
2025-01-04 21:53:04,274 - Boss: Rank: 13 | Suit S | Attack 20 | Health 16
2025-01-04 21:53:04,274 - Tavern: []
2025-01-04 21:53:04,274 - Castle: [KD]
2025-01-04 21:53:04,274 - Discard: [9D, 5S, JH, 5H, 6D, 3C, 3S, 2C, 4H, QD, TD, AC, TH, 8S, QS, JD, 7S, 2S, 5D, 7H, 6H, KC, 2H, 6S, 4C, 9S, TS, 8H, 5C, JC, AS, 8D, 7D, 3D, AH, 4S, QH, 4D, JS, TC]
2025-01-04 21:53:04,274 - Active Player: 1
2025-01-04 21:53:04,274 - STATE LOG: END
2025-01-04 21:53:04,466 - STATE LOG: BEGIN
2025-01-04 21:53:04,466 - Noah's Hand: [2D]
2025-01-04 21:53:04,466 - Eve's Hand: [AD, 7C, 8C]
2025-01-04 21:53:04,466 - Boss: Rank: 13 | Suit S | Attack 20 | Health 13
2025-01-04 21:53:04,466 - Tavern: [6D, AH, TS]
2025-01-04 21:53:04,466 - Castle: [KD]
2025-01-04 21:53:04,466 - Discard: [4C, JD, QD, JH, JS, 2H, 4D, 3D, AC, 7D, AS, QS, 6H, 4H, TH, TC, 8S, 5S, 7H, 3C, 9S, 8D, 7S, 4S, 2C, QH, 5H, 3S, KC, 5C, 8H, 2S, TD, 5D, 6S, JC, 9D, 9C, 9H, 6C]
2025-01-04 21:53:04,466 - Active Player: 2
2025-01-04 21:53:04,466 - STATE LOG: END
2025-01-04 21:53:04,511 - STATE LOG: BEGIN
2025-01-04 21:53:04,511 - Noah's Hand: [2D, TS, 6D]
2025-01-04 21:53:04,511 - Eve's Hand: [8C, KH, AH]
2025-01-04 21:53:04,511 - Boss: Rank: 13 | Suit D | Attack 20 | Health 40
2025-01-04 21:53:04,511 - Tavern: []
2025-01-04 21:53:04,511 - Castle: []
2025-01-04 21:53:04,511 - Discard: [4C, JD, QD, JH, JS, 2H, 4D, 3D, AC, 7D, AS, QS, 6H, 4H, TH, TC, 8S, 5S, 7H, 3C, 9S, 8D, 7S, 4S, 2C, QH, 5H, 3S, KC, 5C, 8H, 2S, TD, 5D, 6S, JC, 9D, 9C, 9H, 6C, 3H, QC, AD, 7C, KS]
2025-01-04 21:53:04,511 - Active Player: 2
2025-01-04 21:53:04,511 - STATE LOG: END
2025-01-04 21:53:04,523 - STATE LOG: BEGIN
2025-01-04 21:53:04,523 - Noah's Hand: [2D, TS, 6D]
2025-01-04 21:53:04,523 - Eve's Hand: [8C]
2025-01-04 21:53:04,523 - Boss: Rank: 13 | Suit D | Attack 20 | Health 26
2025-01-04 21:53:04,523 - Tavern: [5S, 3D, 7S, KS, 3S, QS, 2C, 9H, 9S, JC, AC, 8S, TD, 9C]
2025-01-04 21:53:04,523 - Castle: []
2025-01-04 21:53:04,523 - Discard: [3H, 3C, 7D, 6C, 2H, AD, 6H, QD, 7C, 4D, JD, 6S, 7H, 4H, JH, 4S, 5H, 2S, 8D, 8H, 9D, TH, QC, 5C, QH, 5D, JS, AS, 4C, KC, TC]
2025-01-04 21:53:04,523 - Active Player: 1
2025-01-04 21:53:04,523 - STATE LOG: END
