2025-01-04 01:29:24,930 - I log states! :D
2025-01-04 01:29:24,930 - STATE LOG: BEGIN
2025-01-04 01:29:24,931 - Noah's Hand: [2S, 3S, 4D, AC, 5D, 3C, 5C]
2025-01-04 01:29:24,931 - Eve's Hand: [AD, AH, 4H, TH, 6D, TC, 4C]
2025-01-04 01:29:24,932 - Boss: Rank: 11 | Suit H | Attack 10 | Health 20
2025-01-04 01:29:24,932 - Tavern: [5S, 9D, 7S, 8D, 8C, 6H, 7C, TS, 9H, 7H, 9C, 2C, 6S, 8S, TD, 5H, 7D, 3D, 2H, 3H, 6C, 4S, 8H, 2D, AS, 9S]
2025-01-04 01:29:24,932 - Castle: [KD, KC, KH, KS, QC, QS, QH, QD, JS, JC, JD]
2025-01-04 01:29:24,932 - Discard: []
2025-01-04 01:29:24,933 - Active Player: 1
2025-01-04 01:29:24,933 - STATE LOG: END
2025-01-04 01:29:34,944 - STATE LOG: BEGIN
2025-01-04 01:29:34,946 - Noah's Hand: [AC, 2S, 3C, 3S, 4D]
2025-01-04 01:29:34,946 - Eve's Hand: [AD, AH, 4H, TH, 6D, TC, 4C]
2025-01-04 01:29:34,946 - Boss: Rank: 11 | Suit H | Attack 10 | Health 20
2025-01-04 01:29:34,946 - Tavern: [5S, 9D, 7S, 8D, 8C, 6H, 7C, TS, 9H, 7H, 9C, 2C, 6S, 8S, TD, 5H, 7D, 3D, 2H, 3H, 6C, 4S, 8H, 2D, AS, 9S]
2025-01-04 01:29:34,946 - Castle: [KD, KC, KH, KS, QC, QS, QH, QD, JS, JC, JD]
2025-01-04 01:29:34,947 - Discard: [5D, 5C]
2025-01-04 01:29:34,947 - Active Player: 2
2025-01-04 01:29:34,947 - STATE LOG: END
2025-01-04 01:29:43,996 - STATE LOG: BEGIN
2025-01-04 01:29:43,998 - Noah's Hand: [AC, 2S, 3C, 3S, 4D, AS, 8H]
2025-01-04 01:29:43,998 - Eve's Hand: [AH, 4C, 4H, 6D, TH, 9S, 2D]
2025-01-04 01:29:43,998 - Boss: Rank: 11 | Suit D | Attack 10 | Health 20
2025-01-04 01:29:43,998 - Tavern: [5S, 9D, 7S, 8D, 8C, 6H, 7C, TS, 9H, 7H, 9C, 2C, 6S, 8S, TD, 5H, 7D, 3D, 2H, 3H, 6C, 4S]
2025-01-04 01:29:43,998 - Castle: [KD, KC, KH, KS, QC, QS, QH, QD, JS, JC]
2025-01-04 01:29:43,998 - Discard: [5D, 5C, AD, TC, JH]
2025-01-04 01:29:43,998 - Active Player: 2
2025-01-04 01:29:43,998 - STATE LOG: END
2025-01-04 01:29:49,825 - STATE LOG: BEGIN
2025-01-04 01:29:49,826 - Noah's Hand: [AC, 2S, 3C, 3S, 4D, AS, 8H]
2025-01-04 01:29:49,826 - Eve's Hand: [AH, 2D, 6D, 9S]
2025-01-04 01:29:49,826 - Boss: Rank: 11 | Suit D | Attack 10 | Health 4
2025-01-04 01:29:49,826 - Tavern: [5D, AD, TC, JH, 5C, 5S, 9D, 7S, 8D, 8C, 6H, 7C, TS, 9H, 7H, 9C, 2C, 6S, 8S, TD, 5H, 7D, 3D, 2H, 3H, 6C, 4S]
2025-01-04 01:29:49,826 - Castle: [KD, KC, KH, KS, QC, QS, QH, QD, JS, JC]
2025-01-04 01:29:49,826 - Discard: [TH]
2025-01-04 01:29:49,826 - Active Player: 1
2025-01-04 01:29:49,826 - STATE LOG: END
2025-01-04 01:29:50,055 - STATE LOG: BEGIN
2025-01-04 01:29:50,055 - Noah's Hand: [AS, 2S, 3S, 4D, 8H]
2025-01-04 01:29:50,055 - Eve's Hand: [AH, 2D, 6D, 9S]
2025-01-04 01:29:50,055 - Boss: Rank: 11 | Suit C | Attack 10 | Health 20
2025-01-04 01:29:50,055 - Tavern: [5D, AD, TC, JH, 5C, 5S, 9D, 7S, 8D, 8C, 6H, 7C, TS, 9H, 7H, 9C, 2C, 6S, 8S, TD, 5H, 7D, 3D, 2H, 3H, 6C, 4S]
2025-01-04 01:29:50,055 - Castle: [KD, KC, KH, KS, QC, QS, QH, QD, JS]
2025-01-04 01:29:50,055 - Discard: [TH, AC, 3C, 4C, 4H, JD]
2025-01-04 01:29:50,055 - Active Player: 1
2025-01-04 01:29:50,055 - STATE LOG: END
2025-01-04 01:29:54,992 - STATE LOG: BEGIN
2025-01-04 01:29:54,997 - Noah's Hand: [2S, 3S, 8H, 4S]
2025-01-04 01:29:54,997 - Eve's Hand: [AH, 2D, 6D, 9S, 6C, 2H]
2025-01-04 01:29:54,997 - Boss: Rank: 11 | Suit C | Attack 5 | Health 15
2025-01-04 01:29:54,997 - Tavern: [5D, AD, TC, JH, 5C, 5S, 9D, 7S, 8D, 8C, 6H, 7C, TS, 9H, 7H, 9C, 2C, 6S, 8S, TD, 5H, 7D]
2025-01-04 01:29:54,998 - Castle: [KD, KC, KH, KS, QC, QS, QH, QD, JS]
2025-01-04 01:29:54,998 - Discard: [TH, AC, 3C, 4C, 4H, JD, 3D, 3H]
2025-01-04 01:29:54,998 - Active Player: 2
2025-01-04 01:29:54,998 - STATE LOG: END
2025-01-04 01:30:05,224 - STATE LOG: BEGIN
2025-01-04 01:30:05,224 - Noah's Hand: [2S, 3S, 8H, 4S, 5H, 8S]
2025-01-04 01:30:05,225 - Eve's Hand: [AH, 6C, 6D, 9S, 7D]
2025-01-04 01:30:05,225 - Boss: Rank: 11 | Suit C | Attack 5 | Health 11
2025-01-04 01:30:05,225 - Tavern: [4H, 3D, 4C, TH, 5D, AD, TC, JH, 5C, 5S, 9D, 7S, 8D, 8C, 6H, 7C, TS, 9H, 7H, 9C, 2C, 6S]
2025-01-04 01:30:05,225 - Castle: [KD, KC, KH, KS, QC, QS, QH, QD, JS]
2025-01-04 01:30:05,225 - Discard: [3H, AC, 3C, JD, TD]
2025-01-04 01:30:05,225 - Active Player: 1
2025-01-04 01:30:05,225 - STATE LOG: END
2025-01-04 01:30:15,258 - STATE LOG: BEGIN
2025-01-04 01:30:15,588 - Noah's Hand: [3S, 4S, 5H, 8H]
2025-01-04 01:30:15,589 - Eve's Hand: [AH, 6C, 6D, 9S, 7D]
2025-01-04 01:30:15,589 - Boss: Rank: 11 | Suit C | Attack 3 | Health 9
2025-01-04 01:30:15,590 - Tavern: [4H, 3D, 4C, TH, 5D, AD, TC, JH, 5C, 5S, 9D, 7S, 8D, 8C, 6H, 7C, TS, 9H, 7H, 9C, 2C, 6S]
2025-01-04 01:30:15,590 - Castle: [KD, KC, KH, KS, QC, QS, QH, QD, JS]
2025-01-04 01:30:15,591 - Discard: [3H, AC, 3C, JD, TD, 8S]
2025-01-04 01:30:15,591 - Active Player: 2
2025-01-04 01:30:15,591 - STATE LOG: END
2025-01-04 01:30:22,894 - STATE LOG: BEGIN
2025-01-04 01:30:22,899 - Noah's Hand: [3S, 4S, 5H, 8H, 2C, 7H, TS]
2025-01-04 01:30:22,899 - Eve's Hand: [6C, 7D, 9S, 6S, 9C, 9H]
2025-01-04 01:30:22,899 - Boss: Rank: 11 | Suit C | Attack 3 | Health 2
2025-01-04 01:30:22,899 - Tavern: [8S, 3C, JD, 3H, TD, AC, 4H, 3D, 4C, TH, 5D, AD, TC, JH, 5C, 5S, 9D, 7S, 8D, 8C, 6H]
2025-01-04 01:30:22,899 - Castle: [KD, KC, KH, KS, QC, QS, QH, QD, JS]
2025-01-04 01:30:22,899 - Discard: [7C]
2025-01-04 01:30:22,899 - Active Player: 1
2025-01-04 01:30:22,899 - STATE LOG: END
2025-01-04 01:30:32,913 - STATE LOG: BEGIN
2025-01-04 01:30:32,931 - Noah's Hand: [2C, 3S, 4S, 5H, 7H, 8H]
2025-01-04 01:30:32,931 - Eve's Hand: [6C, 7D, 9S, 6S, 9C, 9H]
2025-01-04 01:30:32,931 - Boss: Rank: 11 | Suit C | Attack 3 | Health 2
2025-01-04 01:30:32,932 - Tavern: [8S, 3C, JD, 3H, TD, AC, 4H, 3D, 4C, TH, 5D, AD, TC, JH, 5C, 5S, 9D, 7S, 8D, 8C, 6H]
2025-01-04 01:30:32,932 - Castle: [KD, KC, KH, KS, QC, QS, QH, QD, JS]
2025-01-04 01:30:32,932 - Discard: [7C, TS]
2025-01-04 01:30:32,932 - Active Player: 2
2025-01-04 01:30:32,932 - STATE LOG: END
2025-01-04 01:30:42,016 - STATE LOG: BEGIN
2025-01-04 01:30:42,017 - Noah's Hand: [2C, 3S, 4S, 5H, 7H, 8H, 8C]
2025-01-04 01:30:42,019 - Eve's Hand: [6C, 6S, 9C, 9H, 9S, 6H, 8D]
2025-01-04 01:30:42,019 - Boss: Rank: 11 | Suit S | Attack 10 | Health 20
2025-01-04 01:30:42,019 - Tavern: [8S, 3C, JD, 3H, TD, AC, 4H, 3D, 4C, TH, 5D, AD, TC, JH, 5C, 5S, 9D, 7S]
2025-01-04 01:30:42,019 - Castle: [KD, KC, KH, KS, QC, QS, QH, QD]
2025-01-04 01:30:42,019 - Discard: [7C, TS, AS, 4D, 2S, 2D, 2H, AH, 6D, 7D, JC]
2025-01-04 01:30:42,019 - Active Player: 2
2025-01-04 01:30:42,019 - STATE LOG: END
2025-01-04 01:30:52,021 - STATE LOG: BEGIN
2025-01-04 01:30:52,023 - Noah's Hand: [2C, 3S, 4S, 5H, 7H, 8H, 8C]
2025-01-04 01:30:52,023 - Eve's Hand: [6C, 6H, 6S, 8D]
2025-01-04 01:30:52,023 - Boss: Rank: 11 | Suit S | Attack 10 | Health 11
2025-01-04 01:30:52,023 - Tavern: [8S, 3C, JD, 3H, TD, AC, 4H, 3D, 4C, TH, 5D, AD, TC, JH, 5C, 5S, 9D, 7S]
2025-01-04 01:30:52,023 - Castle: [KD, KC, KH, KS, QC, QS, QH, QD]
2025-01-04 01:30:52,023 - Discard: [7C, TS, AS, 4D, 2S, 2D, 2H, AH, 6D, 7D, JC, 9H, 9C]
2025-01-04 01:30:52,023 - Active Player: 1
2025-01-04 01:30:52,023 - STATE LOG: END
2025-01-04 01:30:56,909 - STATE LOG: BEGIN
2025-01-04 01:30:56,911 - Noah's Hand: [2C, 3S, 4S, 5H]
2025-01-04 01:30:56,911 - Eve's Hand: [6C, 6H, 6S, 8D]
2025-01-04 01:30:56,911 - Boss: Rank: 11 | Suit S | Attack 10 | Health 4
2025-01-04 01:30:56,912 - Tavern: [7C, 2H, TS, AH, 7D, 2S, 9H, 8S, 3C, JD, 3H, TD, AC, 4H, 3D, 4C, TH, 5D, AD, TC, JH, 5C, 5S, 9D, 7S]
2025-01-04 01:30:56,912 - Castle: [KD, KC, KH, KS, QC, QS, QH, QD]
2025-01-04 01:30:56,913 - Discard: [4D, 6D, 9C, JC, 2D, AS, 8H, 8C]
2025-01-04 01:30:56,913 - Active Player: 2
2025-01-04 01:30:56,913 - STATE LOG: END
2025-01-04 01:30:57,846 - STATE LOG: BEGIN
2025-01-04 01:30:57,847 - Noah's Hand: [2C, 3S, 4S, 5H, 9D, 5C, TC]
2025-01-04 01:30:57,849 - Eve's Hand: [6C, 6H, 6S, 7S, 5S, JH, AD]
2025-01-04 01:30:57,849 - Boss: Rank: 12 | Suit D | Attack 15 | Health 30
2025-01-04 01:30:57,850 - Tavern: [7C, 2H, TS, AH, 7D, 2S, 9H, 8S, 3C, JD, 3H, TD, AC, 4H, 3D, 4C, TH, 5D]
2025-01-04 01:30:57,850 - Castle: [KD, KC, KH, KS, QC, QS, QH]
2025-01-04 01:30:57,850 - Discard: [4D, 6D, 9C, JC, 2D, AS, 8H, 8C, 7H, 9S, 8D, JS]
2025-01-04 01:30:57,851 - Active Player: 2
2025-01-04 01:30:57,851 - STATE LOG: END
2025-01-04 01:31:04,217 - STATE LOG: BEGIN
2025-01-04 01:31:04,218 - Noah's Hand: [2C, 3S, 4S, 5H, 9D, 5C, TC]
2025-01-04 01:31:04,218 - Eve's Hand: [AD, 5S, 6C, 6H, 6S]
2025-01-04 01:31:04,218 - Boss: Rank: 12 | Suit D | Attack 8 | Health 23
2025-01-04 01:31:04,218 - Tavern: [7C, 2H, TS, AH, 7D, 2S, 9H, 8S, 3C, JD, 3H, TD, AC, 4H, 3D, 4C, TH, 5D]
2025-01-04 01:31:04,218 - Castle: [KD, KC, KH, KS, QC, QS, QH]
2025-01-04 01:31:04,218 - Discard: [4D, 6D, 9C, JC, 2D, AS, 8H, 8C, 7H, 9S, 8D, JS, JH]
2025-01-04 01:31:04,218 - Active Player: 1
2025-01-04 01:31:04,218 - STATE LOG: END
2025-01-04 01:31:09,525 - STATE LOG: BEGIN
2025-01-04 01:31:09,527 - Noah's Hand: [2C, 3S, 4S, 9D]
2025-01-04 01:31:09,527 - Eve's Hand: [AD, 5S, 6C, 6H, 6S]
2025-01-04 01:31:09,527 - Boss: Rank: 12 | Suit D | Attack 8 | Health 3
2025-01-04 01:31:09,527 - Tavern: [AS, 9S, 8D, 4D, 2D, 7H, JS, 9C, 8H, JH, 7C, 2H, TS, AH, 7D, 2S, 9H, 8S, 3C, JD, 3H, TD, AC, 4H, 3D, 4C, TH, 5D]
2025-01-04 01:31:09,527 - Castle: [KD, KC, KH, KS, QC, QS, QH]
2025-01-04 01:31:09,527 - Discard: [JC, 6D, 8C, TC]
2025-01-04 01:31:09,527 - Active Player: 2
2025-01-04 01:31:09,527 - STATE LOG: END
2025-01-04 01:31:11,592 - STATE LOG: BEGIN
2025-01-04 01:31:11,592 - Noah's Hand: [2C, 3S, 4S, 9D]
2025-01-04 01:31:11,592 - Eve's Hand: [AD, 5S, 6C, 6S]
2025-01-04 01:31:11,592 - Boss: Rank: 12 | Suit H | Attack 15 | Health 30
2025-01-04 01:31:11,592 - Tavern: [8C, 6D, TC, JC, AS, 9S, 8D, 4D, 2D, 7H, JS, 9C, 8H, JH, 7C, 2H, TS, AH, 7D, 2S, 9H, 8S, 3C, JD, 3H, TD, AC, 4H, 3D, 4C, TH, 5D]
2025-01-04 01:31:11,592 - Castle: [KD, KC, KH, KS, QC, QS]
2025-01-04 01:31:11,592 - Discard: [5C, 5H, 7S, 6H, QD]
2025-01-04 01:31:11,592 - Active Player: 2
2025-01-04 01:31:11,592 - STATE LOG: END
2025-01-04 01:31:14,347 - STATE LOG: BEGIN
2025-01-04 01:31:14,347 - Noah's Hand: [2C, 3S, 4S, 9D, TH, 3D, AC]
2025-01-04 01:31:14,347 - Eve's Hand: [5S, 6C, 5D, 4C, 4H]
2025-01-04 01:31:14,347 - Boss: Rank: 12 | Suit H | Attack 8 | Health 23
2025-01-04 01:31:14,347 - Tavern: [8C, 6D, TC, JC, AS, 9S, 8D, 4D, 2D, 7H, JS, 9C, 8H, JH, 7C, 2H, TS, AH, 7D, 2S, 9H, 8S, 3C, JD, 3H]
2025-01-04 01:31:14,347 - Castle: [KD, KC, KH, KS, QC, QS]
2025-01-04 01:31:14,347 - Discard: [5C, 5H, 7S, 6H, QD, TD]
2025-01-04 01:31:14,347 - Active Player: 1
2025-01-04 01:31:14,347 - STATE LOG: END
2025-01-04 01:31:24,364 - STATE LOG: BEGIN
2025-01-04 01:31:24,368 - Noah's Hand: [AC, 2C, 3D, 3S, 9D]
2025-01-04 01:31:24,369 - Eve's Hand: [5S, 6C, 5D, 4C, 4H]
2025-01-04 01:31:24,370 - Boss: Rank: 12 | Suit H | Attack 4 | Health 19
2025-01-04 01:31:24,371 - Tavern: [8C, 6D, TC, JC, AS, 9S, 8D, 4D, 2D, 7H, JS, 9C, 8H, JH, 7C, 2H, TS, AH, 7D, 2S, 9H, 8S, 3C, JD, 3H]
2025-01-04 01:31:24,371 - Castle: [KD, KC, KH, KS, QC, QS]
2025-01-04 01:31:24,371 - Discard: [5C, 5H, 7S, 6H, QD, TD, TH]
2025-01-04 01:31:24,371 - Active Player: 2
2025-01-04 01:31:24,371 - STATE LOG: END
2025-01-04 01:31:34,390 - STATE LOG: BEGIN
2025-01-04 01:31:34,392 - Noah's Hand: [AC, 2C, 3D, 3S, 9D]
2025-01-04 01:31:34,392 - Eve's Hand: [4C, 4H, 5D, 5S]
2025-01-04 01:31:34,392 - Boss: Rank: 12 | Suit H | Attack 4 | Health 19
2025-01-04 01:31:34,392 - Tavern: [8C, 6D, TC, JC, AS, 9S, 8D, 4D, 2D, 7H, JS, 9C, 8H, JH, 7C, 2H, TS, AH, 7D, 2S, 9H, 8S, 3C, JD, 3H]
2025-01-04 01:31:34,392 - Castle: [KD, KC, KH, KS, QC, QS]
2025-01-04 01:31:34,392 - Discard: [5C, 5H, 7S, 6H, QD, TD, TH, 6C]
2025-01-04 01:31:34,392 - Active Player: 1
2025-01-04 01:31:34,392 - STATE LOG: END
2025-01-04 01:31:46,836 - STATE LOG: BEGIN
2025-01-04 01:31:47,576 - Noah's Hand: [AC, 2C, 9D, 3H, 3C, 9H]
2025-01-04 01:31:47,883 - Eve's Hand: [4C, 4H, 5D, 5S, JD, 8S, 2S]
2025-01-04 01:31:47,883 - Boss: Rank: 12 | Suit H | Attack 0 | Health 13
2025-01-04 01:31:47,883 - Tavern: [8C, 6D, TC, JC, AS, 9S, 8D, 4D, 2D, 7H, JS, 9C, 8H, JH, 7C, 2H, TS, AH, 7D]
2025-01-04 01:31:47,884 - Castle: [KD, KC, KH, KS, QC, QS]
2025-01-04 01:31:47,884 - Discard: [5C, 5H, 7S, 6H, QD, TD, TH, 6C]
2025-01-04 01:31:47,884 - Active Player: 2
2025-01-04 01:31:47,884 - STATE LOG: END
2025-01-04 01:31:58,443 - STATE LOG: BEGIN
2025-01-04 01:31:58,451 - Noah's Hand: [AC, 2C, 9D, 3H, 3C, 9H]
2025-01-04 01:31:58,451 - Eve's Hand: [4C, 4H, 5D, 5S, JD, 8S]
2025-01-04 01:31:58,451 - Boss: Rank: 12 | Suit H | Attack 0 | Health 11
2025-01-04 01:31:58,451 - Tavern: [8C, 6D, TC, JC, AS, 9S, 8D, 4D, 2D, 7H, JS, 9C, 8H, JH, 7C, 2H, TS, AH, 7D]
2025-01-04 01:31:58,451 - Castle: [KD, KC, KH, KS, QC, QS]
2025-01-04 01:31:58,451 - Discard: [5C, 5H, 7S, 6H, QD, TD, TH, 6C]
2025-01-04 01:31:58,451 - Active Player: 1
2025-01-04 01:31:58,451 - STATE LOG: END
2025-01-04 01:32:08,456 - STATE LOG: BEGIN
2025-01-04 01:32:08,459 - Noah's Hand: [2C, 3H, 9D, 9H]
2025-01-04 01:32:08,462 - Eve's Hand: [4C, 4H, 5D, 5S, JD, 8S]
2025-01-04 01:32:08,462 - Boss: Rank: 12 | Suit H | Attack 0 | Health 3
2025-01-04 01:32:08,463 - Tavern: [8C, 6D, TC, JC, AS, 9S, 8D, 4D, 2D, 7H, JS, 9C, 8H, JH, 7C, 2H, TS, AH, 7D]
2025-01-04 01:32:08,464 - Castle: [KD, KC, KH, KS, QC, QS]
2025-01-04 01:32:08,464 - Discard: [5C, 5H, 7S, 6H, QD, TD, TH, 6C]
2025-01-04 01:32:08,464 - Active Player: 2
2025-01-04 01:32:08,464 - STATE LOG: END
2025-01-04 01:32:18,468 - STATE LOG: BEGIN
2025-01-04 01:32:18,469 - Noah's Hand: [2C, 3H, 9D, 9H]
2025-01-04 01:32:18,469 - Eve's Hand: [4C, 4H, 5D, 5S, JD, 8S]
2025-01-04 01:32:18,469 - Boss: Rank: 12 | Suit H | Attack 0 | Health 3
2025-01-04 01:32:18,469 - Tavern: [8C, 6D, TC, JC, AS, 9S, 8D, 4D, 2D, 7H, JS, 9C, 8H, JH, 7C, 2H, TS, AH, 7D]
2025-01-04 01:32:18,469 - Castle: [KD, KC, KH, KS, QC, QS]
2025-01-04 01:32:18,469 - Discard: [5C, 5H, 7S, 6H, QD, TD, TH, 6C]
2025-01-04 01:32:18,469 - Active Player: 1
2025-01-04 01:32:18,469 - STATE LOG: END
2025-01-04 01:32:21,086 - STATE LOG: BEGIN
2025-01-04 01:32:21,087 - Noah's Hand: [2C, 3H, 9H, 7D, TS, 2H, 7C]
2025-01-04 01:32:21,087 - Eve's Hand: [4C, 4H, 5D, 5S, JD, 8S, AH]
2025-01-04 01:32:21,087 - Boss: Rank: 12 | Suit S | Attack 15 | Health 30
2025-01-04 01:32:21,087 - Tavern: [8C, 6D, TC, JC, AS, 9S, 8D, 4D, 2D, 7H, JS, 9C, 8H, JH]
2025-01-04 01:32:21,087 - Castle: [KD, KC, KH, KS, QC]
2025-01-04 01:32:21,087 - Discard: [5C, 5H, 7S, 6H, QD, TD, TH, 6C, 4S, 3D, 3S, AC, 3C, 9D, AD, 6S, 2S, QH]
2025-01-04 01:32:21,087 - Active Player: 1
2025-01-04 01:32:21,087 - STATE LOG: END
2025-01-04 01:32:30,240 - STATE LOG: BEGIN
2025-01-04 01:32:30,240 - Noah's Hand: [3H, 7C, 7D]
2025-01-04 01:32:30,240 - Eve's Hand: [4C, 4H, 5D, 5S, JD, 8S, AH]
2025-01-04 01:32:30,240 - Boss: Rank: 12 | Suit S | Attack 15 | Health 22
2025-01-04 01:32:30,240 - Tavern: [6H, 2S, 6S, QD, 8C, 6D, TC, JC, AS, 9S, 8D, 4D, 2D, 7H, JS, 9C, 8H, JH]
2025-01-04 01:32:30,240 - Castle: [KD, KC, KH, KS, QC]
2025-01-04 01:32:30,240 - Discard: [7S, 3D, 4S, 3C, AC, 3S, TD, 5C, 5H, 6C, QH, TH, 9D, AD, TS, 9H]
2025-01-04 01:32:30,240 - Active Player: 2
2025-01-04 01:32:30,240 - STATE LOG: END
2025-01-04 01:32:36,199 - STATE LOG: BEGIN
2025-01-04 01:32:36,200 - Noah's Hand: [3H, 7C, 7D, 8H, JS, 7H, 2D]
2025-01-04 01:32:36,200 - Eve's Hand: [4C, 4H, 5D, 5S, 8S]
2025-01-04 01:32:36,200 - Boss: Rank: 12 | Suit S | Attack 15 | Health 10
2025-01-04 01:32:36,200 - Tavern: [9H, 6C, 3S, 5C, 7S, QH, AD, 5H, 9D, 3D, 4S, TD, 6H, 2S, 6S, QD, 8C, 6D, TC, JC, AS, 9S, 8D, 4D]
2025-01-04 01:32:36,200 - Castle: [KD, KC, KH, KS, QC]
2025-01-04 01:32:36,200 - Discard: [TS, AC, TH, 3C, 9C, JH]
2025-01-04 01:32:36,200 - Active Player: 1
2025-01-04 01:32:36,200 - STATE LOG: END
2025-01-04 01:32:46,203 - STATE LOG: BEGIN
2025-01-04 01:32:46,203 - Noah's Hand: [2D, 3H, 7D, 7H, 8H, JS]
2025-01-04 01:32:46,203 - Eve's Hand: [4C, 4H, 5D, 5S, 8S]
2025-01-04 01:32:46,203 - Boss: Rank: 12 | Suit C | Attack 15 | Health 30
2025-01-04 01:32:46,203 - Tavern: [9H, 6C, 3S, 5C, 7S, QH, AD, 5H, 9D, 3D, 4S, TD, 6H, 2S, 6S, QD, 8C, 6D, TC, JC, AS, 9S, 8D, 4D]
2025-01-04 01:32:46,203 - Castle: [KD, KC, KH, KS]
2025-01-04 01:32:46,204 - Discard: [TS, AC, TH, 3C, 9C, JH, 2C, 2H, 7C, AH, JD, QS]
2025-01-04 01:32:46,204 - Active Player: 1
2025-01-04 01:32:46,204 - STATE LOG: END
2025-01-04 01:32:55,982 - STATE LOG: BEGIN
2025-01-04 01:32:55,983 - Noah's Hand: [2D, 7D, 7H]
2025-01-04 01:32:55,983 - Eve's Hand: [4C, 4H, 5D, 5S, 8S]
2025-01-04 01:32:55,983 - Boss: Rank: 12 | Suit C | Attack 15 | Health 27
2025-01-04 01:32:55,983 - Tavern: [AH, 9C, JH, 9H, 6C, 3S, 5C, 7S, QH, AD, 5H, 9D, 3D, 4S, TD, 6H, 2S, 6S, QD, 8C, 6D, TC, JC, AS, 9S, 8D, 4D]
2025-01-04 01:32:55,983 - Castle: [KD, KC, KH, KS]
2025-01-04 01:32:55,983 - Discard: [TS, 2H, TH, 7C, 3C, AC, JD, 2C, QS, JS, 8H]
2025-01-04 01:32:55,983 - Active Player: 2
2025-01-04 01:32:55,983 - STATE LOG: END
2025-01-04 01:32:58,074 - STATE LOG: BEGIN
2025-01-04 01:32:58,074 - Noah's Hand: [2D, 7D, 7H, 8D, AS]
2025-01-04 01:32:58,074 - Eve's Hand: [4C, 4H, 5S, 8S, 4D]
2025-01-04 01:32:58,075 - Boss: Rank: 12 | Suit C | Attack 15 | Health 22
2025-01-04 01:32:58,075 - Tavern: [AH, 9C, JH, 9H, 6C, 3S, 5C, 7S, QH, AD, 5H, 9D, 3D, 4S, TD, 6H, 2S, 6S, QD, 8C, 6D, TC]
2025-01-04 01:32:58,075 - Castle: [KD, KC, KH, KS]
2025-01-04 01:32:58,075 - Discard: [TS, 2H, TH, 7C, 3C, AC, JD, 2C, QS, JS, 8H, JC, 9S]
2025-01-04 01:32:58,075 - Active Player: 1
2025-01-04 01:32:58,075 - STATE LOG: END
2025-01-04 01:33:08,076 - STATE LOG: BEGIN
2025-01-04 01:33:08,078 - Noah's Hand: [7D, 7H, 8D]
2025-01-04 01:33:08,078 - Eve's Hand: [4C, 4H, 5S, 8S, 4D, 6D]
2025-01-04 01:33:08,078 - Boss: Rank: 12 | Suit C | Attack 12 | Health 19
2025-01-04 01:33:08,078 - Tavern: [AH, 9C, JH, 9H, 6C, 3S, 5C, 7S, QH, AD, 5H, 9D, 3D, 4S, TD, 6H, 2S, 6S, QD]
2025-01-04 01:33:08,078 - Castle: [KD, KC, KH, KS]
2025-01-04 01:33:08,078 - Discard: [TS, 2H, TH, 7C, 3C, AC, JD, 2C, QS, JS, 8H, JC, 9S, 8C, TC]
2025-01-04 01:33:08,078 - Active Player: 2
2025-01-04 01:33:08,078 - STATE LOG: END
2025-01-04 01:33:18,079 - STATE LOG: BEGIN
2025-01-04 01:33:18,080 - Noah's Hand: [7D, 7H, 8D]
2025-01-04 01:33:18,080 - Eve's Hand: [4C, 4D, 4H, 5S]
2025-01-04 01:33:18,080 - Boss: Rank: 12 | Suit C | Attack 12 | Health 19
2025-01-04 01:33:18,080 - Tavern: [AH, 9C, JH, 9H, 6C, 3S, 5C, 7S, QH, AD, 5H, 9D, 3D, 4S, TD, 6H, 2S, 6S, QD]
2025-01-04 01:33:18,080 - Castle: [KD, KC, KH, KS]
2025-01-04 01:33:18,080 - Discard: [TS, 2H, TH, 7C, 3C, AC, JD, 2C, QS, JS, 8H, JC, 9S, 8C, TC, 8S, 6D]
2025-01-04 01:33:18,080 - Active Player: 1
2025-01-04 01:33:18,080 - STATE LOG: END
2025-01-04 01:33:22,162 - STATE LOG: BEGIN
2025-01-04 01:33:22,162 - Noah's Hand: [7H, 8D, QD, 2S]
2025-01-04 01:33:22,162 - Eve's Hand: [4C, 4D, 4H, 5S, 6S, 6H, 4S]
2025-01-04 01:33:22,162 - Boss: Rank: 12 | Suit C | Attack 12 | Health 12
2025-01-04 01:33:22,162 - Tavern: [AH, 9C, JH, 9H, 6C, 3S, 5C, 7S, QH, AD, 5H, 9D]
2025-01-04 01:33:22,162 - Castle: [KD, KC, KH, KS]
2025-01-04 01:33:22,162 - Discard: [TS, 2H, TH, 7C, 3C, AC, JD, 2C, QS, JS, 8H, JC, 9S, 8C, TC, 8S, 6D, 3D, TD]
2025-01-04 01:33:22,162 - Active Player: 2
2025-01-04 01:33:22,162 - STATE LOG: END
2025-01-04 01:33:32,172 - STATE LOG: BEGIN
2025-01-04 01:33:32,178 - Noah's Hand: [7H, 8D, QD, 2S]
2025-01-04 01:33:32,178 - Eve's Hand: [4C, 4D, 4H, 5S]
2025-01-04 01:33:32,178 - Boss: Rank: 12 | Suit C | Attack 8 | Health 8
2025-01-04 01:33:32,179 - Tavern: [AH, 9C, JH, 9H, 6C, 3S, 5C, 7S, QH, AD, 5H, 9D]
2025-01-04 01:33:32,179 - Castle: [KD, KC, KH, KS]
2025-01-04 01:33:32,179 - Discard: [TS, 2H, TH, 7C, 3C, AC, JD, 2C, QS, JS, 8H, JC, 9S, 8C, TC, 8S, 6D, 3D, TD, 6S, 6H]
2025-01-04 01:33:32,180 - Active Player: 1
2025-01-04 01:33:32,180 - STATE LOG: END
2025-01-04 01:33:39,757 - STATE LOG: BEGIN
2025-01-04 01:33:39,757 - Noah's Hand: [7H, QD, 2S, 9D, AD, 7S, 3S]
2025-01-04 01:33:39,757 - Eve's Hand: [4C, 4D, 4H, 5S, 5H, QH, 5C]
2025-01-04 01:33:39,757 - Boss: Rank: 13 | Suit S | Attack 20 | Health 40
2025-01-04 01:33:39,757 - Tavern: [AH, 9C, JH, 9H, 6C]
2025-01-04 01:33:39,757 - Castle: [KD, KC, KH]
2025-01-04 01:33:39,757 - Discard: [TS, 2H, TH, 7C, 3C, AC, JD, 2C, QS, JS, 8H, JC, 9S, 8C, TC, 8S, 6D, 3D, TD, 6S, 6H, 3H, AS, 2D, 7D, 8D, 5D, 4S]
2025-01-04 01:33:39,757 - Active Player: 1
2025-01-04 01:33:39,757 - STATE LOG: END
2025-01-04 01:33:50,025 - STATE LOG: BEGIN
2025-01-04 01:33:50,026 - Noah's Hand: [QD, 2S, 3S, 7S]
2025-01-04 01:33:50,026 - Eve's Hand: [4C, 4D, 4H, 5S, 5H, QH, 5C]
2025-01-04 01:33:50,026 - Boss: Rank: 13 | Suit S | Attack 20 | Health 32
2025-01-04 01:33:50,026 - Tavern: [2C, AS, 2D, 7D, 6S, 3C, 4S, 2H, AH, 9C, JH, 9H]
2025-01-04 01:33:50,026 - Castle: [KD, KC, KH]
2025-01-04 01:33:50,026 - Discard: [8D, 8C, 5D, 7C, 8H, 6D, 3D, QS, 6H, TC, AC, 3H, 8S, JS, JC, TD, TS, JD, TH, 9S, 6C, QC, 9D]
2025-01-04 01:33:50,026 - Active Player: 2
2025-01-04 01:33:50,026 - STATE LOG: END
2025-01-04 01:33:52,008 - STATE LOG: BEGIN
2025-01-04 01:33:52,009 - Noah's Hand: [QD, 2S, 3S, 7S]
2025-01-04 01:33:52,010 - Eve's Hand: [4C, 4D]
2025-01-04 01:33:52,010 - Boss: Rank: 13 | Suit S | Attack 20 | Health 12
2025-01-04 01:33:52,010 - Tavern: [9D, 8H, TH, JC, 6C, 9S, 5D, 6D, 7C, 8C, 2C, AS, 2D, 7D, 6S, 3C, 4S, 2H, AH, 9C, JH, 9H]
2025-01-04 01:33:52,011 - Castle: [KD, KC, KH]
2025-01-04 01:33:52,011 - Discard: [TC, TD, 3H, 3D, 8D, QS, 6H, 8S, QC, TS, JD, JS, AC, QH, 5S, 4H]
2025-01-04 01:33:52,011 - Active Player: 1
2025-01-04 01:33:52,011 - STATE LOG: END
2025-01-04 01:33:53,443 - STATE LOG: BEGIN
2025-01-04 01:33:53,443 - Noah's Hand: [2S, 3S, 7S, 9H, 9C, 2H, 3C]
2025-01-04 01:33:53,443 - Eve's Hand: [4C, 4D, JH, AH, 4S, 6S, 7D]
2025-01-04 01:33:53,443 - Boss: Rank: 13 | Suit H | Attack 20 | Health 40
2025-01-04 01:33:53,443 - Tavern: [9D, 8H, TH, JC, 6C, 9S, 5D, 6D, 7C, 8C, 2C, AS, 2D]
2025-01-04 01:33:53,443 - Castle: [KD, KC]
2025-01-04 01:33:53,443 - Discard: [TC, TD, 3H, 3D, 8D, QS, 6H, 8S, QC, TS, JD, JS, AC, QH, 5S, 4H, AD, 7H, QD, 5C, 5H]
2025-01-04 01:33:53,443 - Active Player: 1
2025-01-04 01:33:53,443 - STATE LOG: END
2025-01-04 01:33:59,777 - STATE LOG: BEGIN
2025-01-04 01:33:59,778 - Noah's Hand: [2H, 2S]
2025-01-04 01:33:59,778 - Eve's Hand: [4C, 4D, JH, AH, 4S, 6S, 7D]
2025-01-04 01:33:59,778 - Boss: Rank: 13 | Suit H | Attack 20 | Health 22
2025-01-04 01:33:59,778 - Tavern: [9D, 8H, TH, JC, 6C, 9S, 5D, 6D, 7C, 8C, 2C, AS, 2D]
2025-01-04 01:33:59,778 - Castle: [KD, KC]
2025-01-04 01:33:59,778 - Discard: [TC, TD, 3H, 3D, 8D, QS, 6H, 8S, QC, TS, JD, JS, AC, QH, 5S, 4H, AD, 7H, QD, 5C, 5H, 9H, 7S, 3S, 3C]
2025-01-04 01:33:59,778 - Active Player: 2
2025-01-04 01:33:59,778 - STATE LOG: END
2025-01-04 01:34:01,424 - STATE LOG: BEGIN
2025-01-04 01:34:01,424 - Noah's Hand: [2H, 2S, 2D, 2C, 8C, 7C, 6D]
2025-01-04 01:34:01,424 - Eve's Hand: [AH, 4C, 7D, JH, 6S]
2025-01-04 01:34:01,424 - Boss: Rank: 13 | Suit H | Attack 12 | Health 14
2025-01-04 01:34:01,424 - Tavern: [9D, 8H, TH, JC, 6C, 9S, 5D]
2025-01-04 01:34:01,424 - Castle: [KD, KC]
2025-01-04 01:34:01,424 - Discard: [TC, TD, 3H, 3D, 8D, QS, 6H, 8S, QC, TS, JD, JS, AC, QH, 5S, 4H, AD, 7H, QD, 5C, 5H, 9H, 7S, 3S, 3C, AS, KS]
2025-01-04 01:34:01,424 - Active Player: 1
2025-01-04 01:34:01,424 - STATE LOG: END
2025-01-04 01:34:11,469 - STATE LOG: BEGIN
2025-01-04 01:34:11,470 - Noah's Hand: [2C, 2D, 2H, 2S, 6D, 7C]
2025-01-04 01:34:11,470 - Eve's Hand: [AH, 4C, 7D, JH, 6S]
2025-01-04 01:34:11,470 - Boss: Rank: 13 | Suit C | Attack 20 | Health 40
2025-01-04 01:34:11,470 - Tavern: [9D, 8H, TH, JC, 6C, 9S, 5D]
2025-01-04 01:34:11,470 - Castle: [KD]
2025-01-04 01:34:11,470 - Discard: [TC, TD, 3H, 3D, 8D, QS, 6H, 8S, QC, TS, JD, JS, AC, QH, 5S, 4H, AD, 7H, QD, 5C, 5H, 9H, 7S, 3S, 3C, AS, KS, 9C, 8C, 4D, 4S, KH]
2025-01-04 01:34:11,470 - Active Player: 1
2025-01-04 01:34:11,470 - STATE LOG: END
2025-01-04 01:34:13,439 - STATE LOG: BEGIN
2025-01-04 01:34:13,439 - Noah's Hand: [6D, 7C, 5D, 6C, TH]
2025-01-04 01:34:13,439 - Eve's Hand: [AH, 4C, 7D, JH, 6S, 9S, JC]
2025-01-04 01:34:13,439 - Boss: Rank: 13 | Suit C | Attack 12 | Health 32
2025-01-04 01:34:13,439 - Tavern: [AS, 8C, 7S, 9C, 4S, QC, 3C, TC]
2025-01-04 01:34:13,439 - Castle: [KD]
2025-01-04 01:34:13,439 - Discard: [3H, AD, 9H, TS, 3D, 8D, QH, 6H, JD, 4D, AC, JS, 4H, 8S, TD, 5C, QD, 5S, KH, 7H, QS, KS, 3S, 5H, 9D, 8H]
2025-01-04 01:34:13,439 - Active Player: 2
2025-01-04 01:34:13,439 - STATE LOG: END
2025-01-04 01:34:23,441 - STATE LOG: BEGIN
2025-01-04 01:34:23,441 - Noah's Hand: [6D, 7C, 5D, 6C, TH]
2025-01-04 01:34:23,441 - Eve's Hand: [4C, 7D, JH, 6S]
2025-01-04 01:34:23,441 - Boss: Rank: 13 | Suit C | Attack 2 | Health 22
2025-01-04 01:34:23,441 - Tavern: [QS, JD, QH, 4H, 5S, 4D, 5C, 3S, TS, 5H, AS, 8C, 7S, 9C, 4S, QC, 3C, TC]
2025-01-04 01:34:23,441 - Castle: [KD]
2025-01-04 01:34:23,441 - Discard: [TD, QD, 9D, 7H, 8H, AC, 8D, 8S, 3H, AD, KH, 3D, KS, 9H, 6H, JS, JC]
2025-01-04 01:34:23,441 - Active Player: 1
2025-01-04 01:34:23,441 - STATE LOG: END
2025-01-04 01:34:33,801 - STATE LOG: BEGIN
2025-01-04 01:34:33,805 - Noah's Hand: [6C, 6D, 7C, TH, TC, QC]
2025-01-04 01:34:33,806 - Eve's Hand: [4C, 7D, JH, 6S, 3C, 4S]
2025-01-04 01:34:33,806 - Boss: Rank: 13 | Suit C | Attack 2 | Health 17
2025-01-04 01:34:33,806 - Tavern: [QS, JD, QH, 4H, 5S, 4D, 5C, 3S, TS, 5H, AS, 8C, 7S]
2025-01-04 01:34:33,806 - Castle: [KD]
2025-01-04 01:34:33,807 - Discard: [TD, QD, 9D, 7H, 8H, AC, 8D, 8S, 3H, AD, KH, 3D, KS, 9H, 6H, JS, JC, 9C]
2025-01-04 01:34:33,807 - Active Player: 2
2025-01-04 01:34:33,807 - STATE LOG: END
2025-01-04 01:34:44,003 - STATE LOG: BEGIN
2025-01-04 01:34:44,003 - Noah's Hand: [6C, 6D, 7C, TH, TC, QC]
2025-01-04 01:34:44,003 - Eve's Hand: [3C, 4C, 4S, 7D, JH]
2025-01-04 01:34:44,003 - Boss: Rank: 13 | Suit C | Attack 0 | Health 11
2025-01-04 01:34:44,003 - Tavern: [QS, JD, QH, 4H, 5S, 4D, 5C, 3S, TS, 5H, AS, 8C, 7S]
2025-01-04 01:34:44,003 - Castle: [KD]
2025-01-04 01:34:44,003 - Discard: [TD, QD, 9D, 7H, 8H, AC, 8D, 8S, 3H, AD, KH, 3D, KS, 9H, 6H, JS, JC, 9C]
2025-01-04 01:34:44,003 - Active Player: 1
2025-01-04 01:34:44,003 - STATE LOG: END
2025-01-04 01:34:52,380 - STATE LOG: BEGIN
2025-01-04 01:34:52,384 - Noah's Hand: [6C, 7C, TC, TH, QC, 7S, AS]
2025-01-04 01:34:52,384 - Eve's Hand: [3C, 4C, 4S, 7D, JH, 8C, 5H]
2025-01-04 01:34:52,384 - Boss: Rank: 13 | Suit C | Attack 0 | Health 5
2025-01-04 01:34:52,386 - Tavern: [QS, JD, QH, 4H, 5S, 4D, 5C, 3S, TS]
2025-01-04 01:34:52,386 - Castle: [KD]
2025-01-04 01:34:52,387 - Discard: [TD, QD, 9D, 7H, 8H, AC, 8D, 8S, 3H, AD, KH, 3D, KS, 9H, 6H, JS, JC, 9C]
2025-01-04 01:34:52,387 - Active Player: 2
2025-01-04 01:34:52,387 - STATE LOG: END
2025-01-04 01:35:02,409 - STATE LOG: BEGIN
2025-01-04 01:35:02,409 - Noah's Hand: [6C, 7C, TC, TH, QC, 7S, AS]
2025-01-04 01:35:02,409 - Eve's Hand: [3C, 4C, 4S, 5H, 8C, JH, TS]
2025-01-04 01:35:02,409 - Boss: Rank: 13 | Suit D | Attack 20 | Health 40
2025-01-04 01:35:02,409 - Tavern: [QS, JD, QH, 4H, 5S, 4D, 5C, 3S]
2025-01-04 01:35:02,409 - Castle: []
2025-01-04 01:35:02,409 - Discard: [TD, QD, 9D, 7H, 8H, AC, 8D, 8S, 3H, AD, KH, 3D, KS, 9H, 6H, JS, JC, 9C, 2C, 2D, 2H, 2S, 5D, 6D, AH, 9S, 6S, 7D, KC]
2025-01-04 01:35:02,409 - Active Player: 2
2025-01-04 01:35:02,409 - STATE LOG: END
2025-01-04 01:35:06,752 - STATE LOG: BEGIN
2025-01-04 01:35:06,752 - Noah's Hand: [6C, 7C, TC, TH, QC, 7S, AS]
2025-01-04 01:35:06,752 - Eve's Hand: [3C, 4C, 4S, 5H, 8C]
2025-01-04 01:35:06,752 - Boss: Rank: 13 | Suit D | Attack 10 | Health 30
2025-01-04 01:35:06,752 - Tavern: [QS, JD, QH, 4H, 5S, 4D, 5C, 3S]
2025-01-04 01:35:06,752 - Castle: []
2025-01-04 01:35:06,752 - Discard: [TD, QD, 9D, 7H, 8H, AC, 8D, 8S, 3H, AD, KH, 3D, KS, 9H, 6H, JS, JC, 9C, 2C, 2D, 2H, 2S, 5D, 6D, AH, 9S, 6S, 7D, KC, JH]
2025-01-04 01:35:06,752 - Active Player: 1
2025-01-04 01:35:06,752 - STATE LOG: END
2025-01-04 01:35:10,329 - STATE LOG: BEGIN
2025-01-04 01:35:10,329 - Noah's Hand: [AS, 6C, 7C, TC, TH]
2025-01-04 01:35:10,329 - Eve's Hand: [3C, 4C, 4S, 5H, 8C]
2025-01-04 01:35:10,329 - Boss: Rank: 13 | Suit D | Attack 3 | Health 23
2025-01-04 01:35:10,329 - Tavern: [QS, JD, QH, 4H, 5S, 4D, 5C, 3S]
2025-01-04 01:35:10,329 - Castle: []
2025-01-04 01:35:10,329 - Discard: [TD, QD, 9D, 7H, 8H, AC, 8D, 8S, 3H, AD, KH, 3D, KS, 9H, 6H, JS, JC, 9C, 2C, 2D, 2H, 2S, 5D, 6D, AH, 9S, 6S, 7D, KC, JH, QC]
2025-01-04 01:35:10,329 - Active Player: 2
2025-01-04 01:35:10,329 - STATE LOG: END
2025-01-04 01:35:13,513 - STATE LOG: BEGIN
2025-01-04 01:35:13,513 - Noah's Hand: [AS, 6C, 7C, TC, TH]
2025-01-04 01:35:13,513 - Eve's Hand: [3C, 4C, 5H, 8C]
2025-01-04 01:35:13,513 - Boss: Rank: 13 | Suit D | Attack 0 | Health 19
2025-01-04 01:35:13,513 - Tavern: [QS, JD, QH, 4H, 5S, 4D, 5C, 3S]
2025-01-04 01:35:13,513 - Castle: []
2025-01-04 01:35:13,513 - Discard: [TD, QD, 9D, 7H, 8H, AC, 8D, 8S, 3H, AD, KH, 3D, KS, 9H, 6H, JS, JC, 9C, 2C, 2D, 2H, 2S, 5D, 6D, AH, 9S, 6S, 7D, KC, JH, QC]
2025-01-04 01:35:13,513 - Active Player: 1
2025-01-04 01:35:13,513 - STATE LOG: END
2025-01-04 01:35:14,329 - STATE LOG: BEGIN
2025-01-04 01:35:14,329 - Noah's Hand: [AS, 6C, 7C, TC, TH]
2025-01-04 01:35:14,329 - Eve's Hand: [3C, 4C, 5H, 8C]
2025-01-04 01:35:14,329 - Boss: Rank: 13 | Suit D | Attack 0 | Health 19
2025-01-04 01:35:14,329 - Tavern: [QS, JD, QH, 4H, 5S, 4D, 5C, 3S]
2025-01-04 01:35:14,329 - Castle: []
2025-01-04 01:35:14,329 - Discard: [TD, QD, 9D, 7H, 8H, AC, 8D, 8S, 3H, AD, KH, 3D, KS, 9H, 6H, JS, JC, 9C, 2C, 2D, 2H, 2S, 5D, 6D, AH, 9S, 6S, 7D, KC, JH, QC]
2025-01-04 01:35:14,329 - Active Player: 2
2025-01-04 01:35:14,329 - STATE LOG: END
2025-01-04 01:35:14,932 - STATE LOG: BEGIN
2025-01-04 01:35:14,932 - Noah's Hand: [AS, 6C, 7C, TC, TH]
2025-01-04 01:35:14,932 - Eve's Hand: [3C, 4C, 8C]
2025-01-04 01:35:14,932 - Boss: Rank: 13 | Suit D | Attack 0 | Health 14
2025-01-04 01:35:14,932 - Tavern: [6D, 2D, JH, AH, JC, QS, JD, QH, 4H, 5S, 4D, 5C, 3S]
2025-01-04 01:35:14,932 - Castle: []
2025-01-04 01:35:14,932 - Discard: [6H, 8S, 9S, 7H, QD, 9H, KC, 2H, AC, JS, 8D, 3D, 9D, 7D, 8H, TD, AD, KS, 9C, 2S, 3H, QC, 2C, 5D, KH, 6S]
2025-01-04 01:35:14,932 - Active Player: 1
2025-01-04 01:35:14,932 - STATE LOG: END
2025-01-04 01:35:15,208 - STATE LOG: BEGIN
2025-01-04 01:35:15,208 - Noah's Hand: [AS, 6C, 7C, TC, TH]
2025-01-04 01:35:15,208 - Eve's Hand: [3C, 4C, 8C]
2025-01-04 01:35:15,208 - Boss: Rank: 13 | Suit D | Attack 0 | Health 14
2025-01-04 01:35:15,212 - Tavern: [6D, 2D, JH, AH, JC, QS, JD, QH, 4H, 5S, 4D, 5C, 3S]
2025-01-04 01:35:15,212 - Castle: []
2025-01-04 01:35:15,212 - Discard: [6H, 8S, 9S, 7H, QD, 9H, KC, 2H, AC, JS, 8D, 3D, 9D, 7D, 8H, TD, AD, KS, 9C, 2S, 3H, QC, 2C, 5D, KH, 6S]
2025-01-04 01:35:15,212 - Active Player: 2
2025-01-04 01:35:15,212 - STATE LOG: END
2025-01-04 01:35:15,328 - STATE LOG: BEGIN
2025-01-04 01:35:15,328 - Noah's Hand: [AS, 6C, 7C, TC, TH]
2025-01-04 01:35:15,328 - Eve's Hand: [3C, 8C]
2025-01-04 01:35:15,329 - Boss: Rank: 13 | Suit D | Attack 0 | Health 6
2025-01-04 01:35:15,329 - Tavern: [6D, 2D, JH, AH, JC, QS, JD, QH, 4H, 5S, 4D, 5C, 3S]
2025-01-04 01:35:15,329 - Castle: []
2025-01-04 01:35:15,329 - Discard: [6H, 8S, 9S, 7H, QD, 9H, KC, 2H, AC, JS, 8D, 3D, 9D, 7D, 8H, TD, AD, KS, 9C, 2S, 3H, QC, 2C, 5D, KH, 6S]
2025-01-04 01:35:15,329 - Active Player: 1
2025-01-04 01:35:15,329 - STATE LOG: END
2025-01-04 01:35:15,367 - STATE LOG: BEGIN
2025-01-04 01:35:15,367 - Noah's Hand: [6C, 7C, TC, TH]
2025-01-04 01:35:15,367 - Eve's Hand: [3C, 8C]
2025-01-04 01:35:15,367 - Boss: Rank: 13 | Suit D | Attack 0 | Health 5
2025-01-04 01:35:15,367 - Tavern: [6D, 2D, JH, AH, JC, QS, JD, QH, 4H, 5S, 4D, 5C, 3S]
2025-01-04 01:35:15,367 - Castle: []
2025-01-04 01:35:15,367 - Discard: [6H, 8S, 9S, 7H, QD, 9H, KC, 2H, AC, JS, 8D, 3D, 9D, 7D, 8H, TD, AD, KS, 9C, 2S, 3H, QC, 2C, 5D, KH, 6S]
2025-01-04 01:35:15,367 - Active Player: 2
2025-01-04 01:35:15,367 - STATE LOG: END
2025-01-04 01:35:15,384 - STATE LOG: BEGIN
2025-01-04 01:35:15,384 - Noah's Hand: [6C, 7C, TC, TH]
2025-01-04 01:35:15,384 - Eve's Hand: [3C, 8C]
2025-01-04 01:35:15,384 - Boss: Rank: 13 | Suit D | Attack 0 | Health 5
2025-01-04 01:35:15,384 - Tavern: [6D, 2D, JH, AH, JC, QS, JD, QH, 4H, 5S, 4D, 5C, 3S]
2025-01-04 01:35:15,384 - Castle: []
2025-01-04 01:35:15,384 - Discard: [6H, 8S, 9S, 7H, QD, 9H, KC, 2H, AC, JS, 8D, 3D, 9D, 7D, 8H, TD, AD, KS, 9C, 2S, 3H, QC, 2C, 5D, KH, 6S]
2025-01-04 01:35:15,384 - Active Player: 1
2025-01-04 01:35:15,384 - STATE LOG: END
2025-01-04 01:35:15,393 - STATE LOG: BEGIN
2025-01-04 01:35:15,393 - Noah's Hand: [6C, 7C, TC]
2025-01-04 01:35:15,393 - Eve's Hand: [3C, 8C]
