2025-01-04 22:54:00,122 - I log states! :D
2025-01-04 22:54:00,122 - STATE LOG: BEGIN
2025-01-04 22:54:00,122 - Noah's Hand: [4S, 7S, 4C, 7D, AS, 6C, 9H]
2025-01-04 22:54:00,122 - Eve's Hand: [TC, 9D, 8C, 3H, 7H, 3C, 9S]
2025-01-04 22:54:00,122 - Boss: Rank: 11 | Suit D | Attack 10 | Health 20
2025-01-04 22:54:00,122 - Tavern: [AC, 2H, 4H, 9C, 2D, TD, AH, 8D, 8S, 5S, 8H, 5H, TH, TS, 2C, 5C, 3D, 2S, 6D, 6H, 7C, 4D, 3S, AD, 5D, 6S]
2025-01-04 22:54:00,122 - Castle: [KS, KC, KH, KD, QH, QC, QS, QD, JC, JH, JS]
2025-01-04 22:54:00,122 - Discard: []
2025-01-04 22:54:00,122 - Active Player: 1
2025-01-04 22:54:00,122 - STATE LOG: END
2025-01-04 22:54:00,173 - STATE LOG: BEGIN
2025-01-04 22:54:00,173 - Noah's Hand: [4C, 4S, 7D, 7S]
2025-01-04 22:54:00,173 - Eve's Hand: [TC, 9D, 8C, 3H, 7H, 3C, 9S]
2025-01-04 22:54:00,173 - Boss: Rank: 11 | Suit D | Attack 3 | Health 6
2025-01-04 22:54:00,173 - Tavern: [AC, 2H, 4H, 9C, 2D, TD, AH, 8D, 8S, 5S, 8H, 5H, TH, TS, 2C, 5C, 3D, 2S, 6D, 6H, 7C, 4D, 3S, AD, 5D, 6S]
2025-01-04 22:54:00,173 - Castle: [KS, KC, KH, KD, QH, QC, QS, QD, JC, JH, JS]
2025-01-04 22:54:00,173 - Discard: [9H]
2025-01-04 22:54:00,173 - Active Player: 2
2025-01-04 22:54:00,173 - STATE LOG: END
2025-01-04 22:54:00,206 - STATE LOG: BEGIN
2025-01-04 22:54:00,206 - Noah's Hand: [4C, 4S, 7D, 7S]
2025-01-04 22:54:00,206 - Eve's Hand: [3C, 3H, 7H, 8C, 9D, 9S]
2025-01-04 22:54:00,206 - Boss: Rank: 11 | Suit S | Attack 10 | Health 20
2025-01-04 22:54:00,206 - Tavern: [AC, 2H, 4H, 9C, 2D, TD, AH, 8D, 8S, 5S, 8H, 5H, TH, TS, 2C, 5C, 3D, 2S, 6D, 6H, 7C, 4D, 3S, AD, 5D, 6S]
2025-01-04 22:54:00,206 - Castle: [KS, KC, KH, KD, QH, QC, QS, QD, JC, JH]
2025-01-04 22:54:00,206 - Discard: [9H, AS, 6C, TC, JD]
2025-01-04 22:54:00,206 - Active Player: 2
2025-01-04 22:54:00,206 - STATE LOG: END
2025-01-04 22:54:00,239 - STATE LOG: BEGIN
2025-01-04 22:54:00,239 - Noah's Hand: [4C, 4S, 7D, 7S]
2025-01-04 22:54:00,239 - Eve's Hand: [3C, 8C, 9D]
2025-01-04 22:54:00,239 - Boss: Rank: 11 | Suit S | Attack 10 | Health 17
2025-01-04 22:54:00,239 - Tavern: [6C, TC, AS, AC, 2H, 4H, 9C, 2D, TD, AH, 8D, 8S, 5S, 8H, 5H, TH, TS, 2C, 5C, 3D, 2S, 6D, 6H, 7C, 4D, 3S, AD, 5D, 6S]
2025-01-04 22:54:00,239 - Castle: [KS, KC, KH, KD, QH, QC, QS, QD, JC, JH]
2025-01-04 22:54:00,239 - Discard: [JD, 9H, 9S, 7H]
2025-01-04 22:54:00,239 - Active Player: 1
2025-01-04 22:54:00,239 - STATE LOG: END
2025-01-04 22:54:00,267 - STATE LOG: BEGIN
2025-01-04 22:54:00,267 - Noah's Hand: [4C, 7S, 6S, AD, 4D]
2025-01-04 22:54:00,267 - Eve's Hand: [3C, 8C, 9D, 5D, 3S, 7C]
2025-01-04 22:54:00,267 - Boss: Rank: 11 | Suit S | Attack 10 | Health 10
2025-01-04 22:54:00,267 - Tavern: [6C, TC, AS, AC, 2H, 4H, 9C, 2D, TD, AH, 8D, 8S, 5S, 8H, 5H, TH, TS, 2C, 5C, 3D, 2S, 6D]
2025-01-04 22:54:00,267 - Castle: [KS, KC, KH, KD, QH, QC, QS, QD, JC, JH]
2025-01-04 22:54:00,267 - Discard: [JD, 9H, 9S, 7H, 4S, 6H]
2025-01-04 22:54:00,267 - Active Player: 2
2025-01-04 22:54:00,267 - STATE LOG: END
2025-01-04 22:54:00,311 - STATE LOG: BEGIN
2025-01-04 22:54:00,311 - Noah's Hand: [4C, 7S, 6S, AD, 4D, 2S, 5C]
2025-01-04 22:54:00,311 - Eve's Hand: [3C, 3S, 5D, 6D, 3D]
2025-01-04 22:54:00,311 - Boss: Rank: 11 | Suit S | Attack 10 | Health 1
2025-01-04 22:54:00,311 - Tavern: [6C, TC, AS, AC, 2H, 4H, 9C, 2D, TD, AH, 8D, 8S, 5S, 8H, 5H, TH, TS, 2C]
2025-01-04 22:54:00,311 - Castle: [KS, KC, KH, KD, QH, QC, QS, QD, JC, JH]
2025-01-04 22:54:00,312 - Discard: [JD, 9H, 9S, 7H, 4S, 6H, 7C, 8C]
2025-01-04 22:54:00,312 - Active Player: 1
2025-01-04 22:54:00,312 - STATE LOG: END
2025-01-04 22:54:00,357 - STATE LOG: BEGIN
2025-01-04 22:54:00,357 - Noah's Hand: [AD, 2S, 4C, 4D, 5C, 7S]
2025-01-04 22:54:00,357 - Eve's Hand: [3C, 3S, 5D, 6D, 3D]
2025-01-04 22:54:00,357 - Boss: Rank: 11 | Suit H | Attack 10 | Health 20
2025-01-04 22:54:00,357 - Tavern: [6C, TC, AS, AC, 2H, 4H, 9C, 2D, TD, AH, 8D, 8S, 5S, 8H, 5H, TH, TS, 2C]
2025-01-04 22:54:00,357 - Castle: [KS, KC, KH, KD, QH, QC, QS, QD, JC]
2025-01-04 22:54:00,357 - Discard: [JD, 9H, 9S, 7H, 4S, 6H, 7C, 8C, 7D, 6S, 3H, 9D, JS]
2025-01-04 22:54:00,357 - Active Player: 1
2025-01-04 22:54:00,357 - STATE LOG: END
2025-01-04 22:54:00,403 - STATE LOG: BEGIN
2025-01-04 22:54:00,403 - Noah's Hand: [AD, 2S, 4C, 2C, TH]
2025-01-04 22:54:00,403 - Eve's Hand: [3C, 3S, 5D, 6D, 3D, TS, 5H]
2025-01-04 22:54:00,403 - Boss: Rank: 11 | Suit H | Attack 10 | Health 16
2025-01-04 22:54:00,403 - Tavern: [6C, TC, AS, AC, 2H, 4H, 9C, 2D, TD, AH, 8D, 8S, 5S, 8H]
2025-01-04 22:54:00,403 - Castle: [KS, KC, KH, KD, QH, QC, QS, QD, JC]
2025-01-04 22:54:00,403 - Discard: [JD, 9H, 9S, 7H, 4S, 6H, 7C, 8C, 7D, 6S, 3H, 9D, JS, 5C, 7S]
2025-01-04 22:54:00,403 - Active Player: 2
2025-01-04 22:54:00,403 - STATE LOG: END
2025-01-04 22:54:00,477 - STATE LOG: BEGIN
2025-01-04 22:54:00,477 - Noah's Hand: [AD, 2S, 4C, 2C, TH, 5S, 8S]
2025-01-04 22:54:00,477 - Eve's Hand: [3C, 3D, 5H, 6D, TS]
2025-01-04 22:54:00,477 - Boss: Rank: 11 | Suit H | Attack 10 | Health 11
2025-01-04 22:54:00,477 - Tavern: [6C, TC, AS, AC, 2H, 4H, 9C, 2D, TD, AH, 8D]
2025-01-04 22:54:00,477 - Castle: [KS, KC, KH, KD, QH, QC, QS, QD, JC]
2025-01-04 22:54:00,477 - Discard: [JD, 9H, 9S, 7H, 4S, 6H, 7C, 8C, 7D, 6S, 3H, 9D, JS, 5C, 7S, 3S, 8H]
2025-01-04 22:54:00,477 - Active Player: 1
2025-01-04 22:54:00,477 - STATE LOG: END
2025-01-04 22:54:00,518 - STATE LOG: BEGIN
2025-01-04 22:54:00,518 - Noah's Hand: [AD, 5S, 8S]
2025-01-04 22:54:00,518 - Eve's Hand: [3C, 3D, 5H, 6D, TS]
2025-01-04 22:54:00,518 - Boss: Rank: 11 | Suit H | Attack 10 | Health 7
2025-01-04 22:54:00,518 - Tavern: [6C, TC, AS, AC, 2H, 4H, 9C, 2D, TD, AH, 8D]
2025-01-04 22:54:00,518 - Castle: [KS, KC, KH, KD, QH, QC, QS, QD, JC]
2025-01-04 22:54:00,518 - Discard: [JD, 9H, 9S, 7H, 4S, 6H, 7C, 8C, 7D, 6S, 3H, 9D, JS, 5C, 7S, 3S, 8H, 4C, 2S, TH]
2025-01-04 22:54:00,518 - Active Player: 2
2025-01-04 22:54:00,518 - STATE LOG: END
2025-01-04 22:54:00,552 - STATE LOG: BEGIN
2025-01-04 22:54:00,552 - Noah's Hand: [AD, 5S, 8S, AH, 2D, 4H]
2025-01-04 22:54:00,552 - Eve's Hand: [5H, 6D, TS, 8D, TD, 9C]
2025-01-04 22:54:00,552 - Boss: Rank: 11 | Suit C | Attack 10 | Health 20
2025-01-04 22:54:00,552 - Tavern: [6C, TC, AS, AC, 2H]
2025-01-04 22:54:00,552 - Castle: [KS, KC, KH, KD, QH, QC, QS, QD]
2025-01-04 22:54:00,552 - Discard: [JD, 9H, 9S, 7H, 4S, 6H, 7C, 8C, 7D, 6S, 3H, 9D, JS, 5C, 7S, 3S, 8H, 4C, 2S, TH, 4D, 2C, 5D, 3C, 3D, JH]
2025-01-04 22:54:00,552 - Active Player: 2
2025-01-04 22:54:00,552 - STATE LOG: END
2025-01-04 22:54:00,586 - STATE LOG: BEGIN
2025-01-04 22:54:00,586 - Noah's Hand: [AD, 5S, 8S, AH, 2D, 4H]
2025-01-04 22:54:00,586 - Eve's Hand: [5H, 6D, 8D, 9C, TD]
2025-01-04 22:54:00,586 - Boss: Rank: 11 | Suit C | Attack 0 | Health 10
2025-01-04 22:54:00,586 - Tavern: [6C, TC, AS, AC, 2H]
2025-01-04 22:54:00,586 - Castle: [KS, KC, KH, KD, QH, QC, QS, QD]
2025-01-04 22:54:00,586 - Discard: [JD, 9H, 9S, 7H, 4S, 6H, 7C, 8C, 7D, 6S, 3H, 9D, JS, 5C, 7S, 3S, 8H, 4C, 2S, TH, 4D, 2C, 5D, 3C, 3D, JH]
2025-01-04 22:54:00,586 - Active Player: 1
2025-01-04 22:54:00,586 - STATE LOG: END
2025-01-04 22:54:00,623 - STATE LOG: BEGIN
2025-01-04 22:54:00,623 - Noah's Hand: [AD, AH, 2D, 5S, 8S]
2025-01-04 22:54:00,623 - Eve's Hand: [5H, 6D, 8D, 9C, TD]
2025-01-04 22:54:00,623 - Boss: Rank: 11 | Suit C | Attack 0 | Health 6
2025-01-04 22:54:00,623 - Tavern: [4C, 9D, 3S, TH, 6C, TC, AS, AC, 2H]
2025-01-04 22:54:00,623 - Castle: [KS, KC, KH, KD, QH, QC, QS, QD]
2025-01-04 22:54:00,623 - Discard: [7D, 6H, JD, 7C, 2S, 8C, 3H, 9S, 4D, 8H, JH, 7S, 2C, 3D, 9H, 4S, 6S, 5D, 5C, 3C, JS, 7H]
2025-01-04 22:54:00,623 - Active Player: 2
2025-01-04 22:54:00,623 - STATE LOG: END
2025-01-04 22:54:00,656 - STATE LOG: BEGIN
2025-01-04 22:54:00,656 - Noah's Hand: [AD, AH, 2D, 5S, 8S]
2025-01-04 22:54:00,656 - Eve's Hand: [5H, 6D, 8D, 9C, TD]
2025-01-04 22:54:00,656 - Boss: Rank: 11 | Suit C | Attack 0 | Health 6
2025-01-04 22:54:00,656 - Tavern: [4C, 9D, 3S, TH, 6C, TC, AS, AC, 2H]
2025-01-04 22:54:00,656 - Castle: [KS, KC, KH, KD, QH, QC, QS, QD]
2025-01-04 22:54:00,656 - Discard: [7D, 6H, JD, 7C, 2S, 8C, 3H, 9S, 4D, 8H, JH, 7S, 2C, 3D, 9H, 4S, 6S, 5D, 5C, 3C, JS, 7H]
2025-01-04 22:54:00,656 - Active Player: 1
2025-01-04 22:54:00,656 - STATE LOG: END
2025-01-04 22:54:00,687 - STATE LOG: BEGIN
2025-01-04 22:54:00,687 - Noah's Hand: [AH, 5S, 8S, 2H, AS]
2025-01-04 22:54:00,687 - Eve's Hand: [5H, 6D, 8D, 9C, TD, AC]
2025-01-04 22:54:00,687 - Boss: Rank: 11 | Suit C | Attack 0 | Health 3
2025-01-04 22:54:00,687 - Tavern: [4C, 9D, 3S, TH, 6C, TC]
2025-01-04 22:54:00,687 - Castle: [KS, KC, KH, KD, QH, QC, QS, QD]
2025-01-04 22:54:00,687 - Discard: [7D, 6H, JD, 7C, 2S, 8C, 3H, 9S, 4D, 8H, JH, 7S, 2C, 3D, 9H, 4S, 6S, 5D, 5C, 3C, JS, 7H]
2025-01-04 22:54:00,687 - Active Player: 2
2025-01-04 22:54:00,687 - STATE LOG: END
2025-01-04 22:54:00,716 - STATE LOG: BEGIN
2025-01-04 22:54:00,716 - Noah's Hand: [AH, 5S, 8S, 2H, AS, 6C, 3S]
2025-01-04 22:54:00,716 - Eve's Hand: [5H, 8D, 9C, TD, TC, TH, 9D]
2025-01-04 22:54:00,716 - Boss: Rank: 12 | Suit D | Attack 15 | Health 30
2025-01-04 22:54:00,716 - Tavern: [4C]
2025-01-04 22:54:00,716 - Castle: [KS, KC, KH, KD, QH, QC, QS]
2025-01-04 22:54:00,716 - Discard: [7D, 6H, JD, 7C, 2S, 8C, 3H, 9S, 4D, 8H, JH, 7S, 2C, 3D, 9H, 4S, 6S, 5D, 5C, 3C, JS, 7H, 4H, AD, 2D, TS, AC, 6D, JC]
2025-01-04 22:54:00,716 - Active Player: 2
2025-01-04 22:54:00,716 - STATE LOG: END
2025-01-04 22:54:00,743 - STATE LOG: BEGIN
2025-01-04 22:54:00,743 - Noah's Hand: [AH, 5S, 8S, 2H, AS, 6C, 3S]
2025-01-04 22:54:00,743 - Eve's Hand: [5H, 9D, TD, TH]
2025-01-04 22:54:00,743 - Boss: Rank: 12 | Suit D | Attack 15 | Health 22
2025-01-04 22:54:00,743 - Tavern: [4C]
2025-01-04 22:54:00,743 - Castle: [KS, KC, KH, KD, QH, QC, QS]
2025-01-04 22:54:00,743 - Discard: [7D, 6H, JD, 7C, 2S, 8C, 3H, 9S, 4D, 8H, JH, 7S, 2C, 3D, 9H, 4S, 6S, 5D, 5C, 3C, JS, 7H, 4H, AD, 2D, TS, AC, 6D, JC, 9C, TC]
2025-01-04 22:54:00,743 - Active Player: 1
2025-01-04 22:54:00,743 - STATE LOG: END
2025-01-04 22:54:00,768 - STATE LOG: BEGIN
2025-01-04 22:54:00,768 - Noah's Hand: [AH, 6C]
2025-01-04 22:54:00,768 - Eve's Hand: [5H, 9D, TD, TH]
2025-01-04 22:54:00,768 - Boss: Rank: 12 | Suit D | Attack 7 | Health 14
2025-01-04 22:54:00,768 - Tavern: [4C]
2025-01-04 22:54:00,768 - Castle: [KS, KC, KH, KD, QH, QC, QS]
2025-01-04 22:54:00,768 - Discard: [7D, 6H, JD, 7C, 2S, 8C, 3H, 9S, 4D, 8H, JH, 7S, 2C, 3D, 9H, 4S, 6S, 5D, 5C, 3C, JS, 7H, 4H, AD, 2D, TS, AC, 6D, JC, 9C, TC, 3S, 2H, AS, 5S]
2025-01-04 22:54:00,768 - Active Player: 2
2025-01-04 22:54:00,768 - STATE LOG: END
2025-01-04 22:54:00,789 - STATE LOG: BEGIN
2025-01-04 22:54:00,789 - Noah's Hand: [AH, 6C]
2025-01-04 22:54:00,789 - Eve's Hand: [5H, TD]
2025-01-04 22:54:00,789 - Boss: Rank: 12 | Suit D | Attack 7 | Health 5
2025-01-04 22:54:00,789 - Tavern: [4C]
2025-01-04 22:54:00,789 - Castle: [KS, KC, KH, KD, QH, QC, QS]
2025-01-04 22:54:00,789 - Discard: [7D, 6H, JD, 7C, 2S, 8C, 3H, 9S, 4D, 8H, JH, 7S, 2C, 3D, 9H, 4S, 6S, 5D, 5C, 3C, JS, 7H, 4H, AD, 2D, TS, AC, 6D, JC, 9C, TC, 3S, 2H, AS, 5S, TH]
2025-01-04 22:54:00,789 - Active Player: 1
2025-01-04 22:54:00,789 - STATE LOG: END
2025-01-04 22:54:00,797 - STATE LOG: BEGIN
2025-01-04 22:54:00,797 - Noah's Hand: [AH]
2025-01-04 22:54:00,797 - Eve's Hand: [5H, TD]
2025-01-04 22:54:00,797 - Boss: Rank: 12 | Suit S | Attack 15 | Health 30
2025-01-04 22:54:00,797 - Tavern: [4C]
2025-01-04 22:54:00,797 - Castle: [KS, KC, KH, KD, QH, QC]
2025-01-04 22:54:00,797 - Discard: [7D, 6H, JD, 7C, 2S, 8C, 3H, 9S, 4D, 8H, JH, 7S, 2C, 3D, 9H, 4S, 6S, 5D, 5C, 3C, JS, 7H, 4H, AD, 2D, TS, AC, 6D, JC, 9C, TC, 3S, 2H, AS, 5S, TH, 8S, 6C, 8D, 9D, QD]
2025-01-04 22:54:00,797 - Active Player: 1
2025-01-04 22:54:00,797 - STATE LOG: END
2025-01-04 22:54:00,800 - STATE LOG: BEGIN
2025-01-04 22:54:00,800 - Noah's Hand: [AH]
2025-01-04 22:54:00,800 - Eve's Hand: [5H, TD]
2025-01-04 22:54:00,800 - Boss: Rank: 12 | Suit S | Attack 15 | Health 30
2025-01-04 22:54:00,800 - Tavern: [4C]
2025-01-04 22:54:00,800 - Castle: [KS, KC, KH, KD, QH, QC]
2025-01-04 22:54:00,800 - Discard: [7D, 6H, JD, 7C, 2S, 8C, 3H, 9S, 4D, 8H, JH, 7S, 2C, 3D, 9H, 4S, 6S, 5D, 5C, 3C, JS, 7H, 4H, AD, 2D, TS, AC, 6D, JC, 9C, TC, 3S, 2H, AS, 5S, TH, 8S, 6C, 8D, 9D, QD]
2025-01-04 22:54:00,800 - Active Player: 2
2025-01-04 22:54:00,800 - STATE LOG: END
