2025-01-04 15:28:57,589 - I log states! :D
2025-01-04 15:28:57,589 - STATE LOG: BEGIN
2025-01-04 15:28:57,589 - Noah's Hand: [3H, 9C, 6S, 2D, AC, 7H, 4C]
2025-01-04 15:28:57,589 - Eve's Hand: [9S, 8H, 5S, 8C, TD, 4D, 9D]
2025-01-04 15:28:57,589 - Boss: Rank: 11 | Suit S | Attack 10 | Health 20
2025-01-04 15:28:57,589 - Tavern: [5H, 7D, 4H, 2C, TC, 8S, 3C, 3S, AH, 2S, 7C, TH, 4S, 2H, 3D, AD, 7S, 5D, 6H, AS, 6D, 8D, 5C, TS, 6C, 9H]
2025-01-04 15:28:57,589 - Castle: [KS, KD, KH, KC, QD, QS, QH, QC, JC, JH, JD]
2025-01-04 15:28:57,590 - Discard: []
2025-01-04 15:28:57,590 - Active Player: 1
2025-01-04 15:28:57,590 - STATE LOG: END
2025-01-04 15:28:57,617 - STATE LOG: BEGIN
2025-01-04 15:28:57,617 - Noah's Hand: [AC, 2D, 3H, 6S]
2025-01-04 15:28:57,617 - Eve's Hand: [9S, 8H, 5S, 8C, TD, 4D, 9D]
2025-01-04 15:28:57,617 - Boss: Rank: 11 | Suit S | Attack 10 | Health 12
2025-01-04 15:28:57,617 - Tavern: [5H, 7D, 4H, 2C, TC, 8S, 3C, 3S, AH, 2S, 7C, TH, 4S, 2H, 3D, AD, 7S, 5D, 6H, AS, 6D, 8D, 5C, TS, 6C, 9H]
2025-01-04 15:28:57,617 - Castle: [KS, KD, KH, KC, QD, QS, QH, QC, JC, JH, JD]
2025-01-04 15:28:57,617 - Discard: [9C, 7H]
2025-01-04 15:28:57,617 - Active Player: 2
2025-01-04 15:28:57,617 - STATE LOG: END
2025-01-04 15:28:57,633 - STATE LOG: BEGIN
2025-01-04 15:28:57,633 - Noah's Hand: [AC, 2D, 3H, 6S, 6C, TS, 5C]
2025-01-04 15:28:57,633 - Eve's Hand: [5S, 8C, 8H, 9D, 9S]
2025-01-04 15:28:57,633 - Boss: Rank: 11 | Suit S | Attack 10 | Health 8
2025-01-04 15:28:57,633 - Tavern: [5H, 7D, 4H, 2C, TC, 8S, 3C, 3S, AH, 2S, 7C, TH, 4S, 2H, 3D, AD, 7S, 5D, 6H, AS, 6D, 8D]
2025-01-04 15:28:57,633 - Castle: [KS, KD, KH, KC, QD, QS, QH, QC, JC, JH, JD]
2025-01-04 15:28:57,633 - Discard: [9C, 7H, 9H, TD]
2025-01-04 15:28:57,633 - Active Player: 1
2025-01-04 15:28:57,633 - STATE LOG: END
2025-01-04 15:28:57,647 - STATE LOG: BEGIN
2025-01-04 15:28:57,647 - Noah's Hand: [3H, 5C, 6C, 6S]
2025-01-04 15:28:57,647 - Eve's Hand: [5S, 8C, 8H, 9D, 9S, 6D]
2025-01-04 15:28:57,647 - Boss: Rank: 11 | Suit S | Attack 10 | Health 2
2025-01-04 15:28:57,647 - Tavern: [5H, 7D, 4H, 2C, TC, 8S, 3C, 3S, AH, 2S, 7C, TH, 4S, 2H, 3D, AD, 7S, 5D, 6H]
2025-01-04 15:28:57,647 - Castle: [KS, KD, KH, KC, QD, QS, QH, QC, JC, JH, JD]
2025-01-04 15:28:57,647 - Discard: [9C, 7H, 9H, TD, AS, 8D, TS]
2025-01-04 15:28:57,647 - Active Player: 2
2025-01-04 15:28:57,647 - STATE LOG: END
2025-01-04 15:28:57,659 - STATE LOG: BEGIN
2025-01-04 15:28:57,659 - Noah's Hand: [3H, 5C, 6C, 6S, 5D, AD, 3D]
2025-01-04 15:28:57,659 - Eve's Hand: [5S, 6D, 8C, 8H, 9S, 6H, 7S]
2025-01-04 15:28:57,659 - Boss: Rank: 11 | Suit D | Attack 10 | Health 20
2025-01-04 15:28:57,659 - Tavern: [5H, 7D, 4H, 2C, TC, 8S, 3C, 3S, AH, 2S, 7C, TH, 4S, 2H]
2025-01-04 15:28:57,659 - Castle: [KS, KD, KH, KC, QD, QS, QH, QC, JC, JH]
2025-01-04 15:28:57,659 - Discard: [9C, 7H, 9H, TD, AS, 8D, TS, 4C, AC, 2D, 4D, 9D, JS]
2025-01-04 15:28:57,659 - Active Player: 2
2025-01-04 15:28:57,659 - STATE LOG: END
2025-01-04 15:28:57,676 - STATE LOG: BEGIN
2025-01-04 15:28:57,676 - Noah's Hand: [3H, 5C, 6C, 6S, 5D, AD, 3D]
2025-01-04 15:28:57,676 - Eve's Hand: [5S, 6D, 6H, 7S, 8C]
2025-01-04 15:28:57,676 - Boss: Rank: 11 | Suit D | Attack 1 | Health 11
2025-01-04 15:28:57,676 - Tavern: [5H, 7D, 4H, 2C, TC, 8S, 3C, 3S, AH, 2S, 7C, TH, 4S, 2H]
2025-01-04 15:28:57,676 - Castle: [KS, KD, KH, KC, QD, QS, QH, QC, JC, JH]
2025-01-04 15:28:57,676 - Discard: [9C, 7H, 9H, TD, AS, 8D, TS, 4C, AC, 2D, 4D, 9D, JS, 8H]
2025-01-04 15:28:57,676 - Active Player: 1
2025-01-04 15:28:57,676 - STATE LOG: END
2025-01-04 15:28:57,690 - STATE LOG: BEGIN
2025-01-04 15:28:57,690 - Noah's Hand: [AD, 3D, 3H, 5C, 6C]
2025-01-04 15:28:57,690 - Eve's Hand: [5S, 6D, 6H, 7S, 8C]
2025-01-04 15:28:57,690 - Boss: Rank: 11 | Suit D | Attack 1 | Health 6
2025-01-04 15:28:57,690 - Tavern: [5H, 7D, 4H, 2C, TC, 8S, 3C, 3S, AH, 2S, 7C, TH, 4S, 2H]
2025-01-04 15:28:57,690 - Castle: [KS, KD, KH, KC, QD, QS, QH, QC, JC, JH]
2025-01-04 15:28:57,690 - Discard: [9C, 7H, 9H, TD, AS, 8D, TS, 4C, AC, 2D, 4D, 9D, JS, 8H, 6S]
2025-01-04 15:28:57,690 - Active Player: 2
2025-01-04 15:28:57,690 - STATE LOG: END
2025-01-04 15:28:57,703 - STATE LOG: BEGIN
2025-01-04 15:28:57,703 - Noah's Hand: [AD, 3D, 3H, 5C, 6C]
2025-01-04 15:28:57,703 - Eve's Hand: [5S, 6D, 6H, 8C]
2025-01-04 15:28:57,703 - Boss: Rank: 11 | Suit H | Attack 10 | Health 20
2025-01-04 15:28:57,703 - Tavern: [5H, 7D, 4H, 2C, TC, 8S, 3C, 3S, AH, 2S, 7C, TH, 4S, 2H]
2025-01-04 15:28:57,703 - Castle: [KS, KD, KH, KC, QD, QS, QH, QC, JC]
2025-01-04 15:28:57,703 - Discard: [9C, 7H, 9H, TD, AS, 8D, TS, 4C, AC, 2D, 4D, 9D, JS, 8H, 6S, 5D, 9S, 7S, JD]
2025-01-04 15:28:57,703 - Active Player: 2
2025-01-04 15:28:57,703 - STATE LOG: END
2025-01-04 15:28:57,719 - STATE LOG: BEGIN
2025-01-04 15:28:57,719 - Noah's Hand: [AD, 3D, 3H, 5C, 6C, 4S, 7C]
2025-01-04 15:28:57,719 - Eve's Hand: [5S, 6H, 8C, 2H]
2025-01-04 15:28:57,719 - Boss: Rank: 11 | Suit H | Attack 10 | Health 14
2025-01-04 15:28:57,719 - Tavern: [5H, 7D, 4H, 2C, TC, 8S, 3C, 3S]
2025-01-04 15:28:57,719 - Castle: [KS, KD, KH, KC, QD, QS, QH, QC, JC]
2025-01-04 15:28:57,719 - Discard: [9C, 7H, 9H, TD, AS, 8D, TS, 4C, AC, 2D, 4D, 9D, JS, 8H, 6S, 5D, 9S, 7S, JD, AH, 2S, TH]
2025-01-04 15:28:57,719 - Active Player: 1
2025-01-04 15:28:57,719 - STATE LOG: END
2025-01-04 15:28:57,734 - STATE LOG: BEGIN
2025-01-04 15:28:57,734 - Noah's Hand: [3D, 3H, 5C, 6C, 7C, 3S]
2025-01-04 15:28:57,734 - Eve's Hand: [5S, 6H, 8C, 2H, 3C, TC, 2C]
2025-01-04 15:28:57,734 - Boss: Rank: 11 | Suit H | Attack 5 | Health 9
2025-01-04 15:28:57,734 - Tavern: [5H, 7D, 4H]
2025-01-04 15:28:57,734 - Castle: [KS, KD, KH, KC, QD, QS, QH, QC, JC]
2025-01-04 15:28:57,734 - Discard: [9C, 7H, 9H, TD, AS, 8D, TS, 4C, AC, 2D, 4D, 9D, JS, 8H, 6S, 5D, 9S, 7S, JD, AH, 2S, TH, 8S]
2025-01-04 15:28:57,734 - Active Player: 2
2025-01-04 15:28:57,734 - STATE LOG: END
2025-01-04 15:28:57,751 - STATE LOG: BEGIN
2025-01-04 15:28:57,751 - Noah's Hand: [3D, 3H, 5C, 6C, 7C, 3S]
2025-01-04 15:28:57,751 - Eve's Hand: [3C, 5S, 6H, 8C]
2025-01-04 15:28:57,751 - Boss: Rank: 11 | Suit H | Attack 5 | Health 1
2025-01-04 15:28:57,751 - Tavern: [5H, 7D, 4H]
2025-01-04 15:28:57,751 - Castle: [KS, KD, KH, KC, QD, QS, QH, QC, JC]
2025-01-04 15:28:57,751 - Discard: [9C, 7H, 9H, TD, AS, 8D, TS, 4C, AC, 2D, 4D, 9D, JS, 8H, 6S, 5D, 9S, 7S, JD, AH, 2S, TH, 8S, TC]
2025-01-04 15:28:57,751 - Active Player: 1
2025-01-04 15:28:57,751 - STATE LOG: END
2025-01-04 15:28:57,765 - STATE LOG: BEGIN
2025-01-04 15:28:57,765 - Noah's Hand: [3D, 3H, 5C, 6C, 7C]
2025-01-04 15:28:57,765 - Eve's Hand: [3C, 5S, 6H, 8C]
2025-01-04 15:28:57,765 - Boss: Rank: 11 | Suit C | Attack 10 | Health 20
2025-01-04 15:28:57,765 - Tavern: [5H, 7D, 4H]
2025-01-04 15:28:57,765 - Castle: [KS, KD, KH, KC, QD, QS, QH, QC]
2025-01-04 15:28:57,765 - Discard: [9C, 7H, 9H, TD, AS, 8D, TS, 4C, AC, 2D, 4D, 9D, JS, 8H, 6S, 5D, 9S, 7S, JD, AH, 2S, TH, 8S, TC, AD, 4S, 3S, 6D, 2C, 2H, JH]
2025-01-04 15:28:57,765 - Active Player: 1
2025-01-04 15:28:57,765 - STATE LOG: END
2025-01-04 15:28:57,777 - STATE LOG: BEGIN
2025-01-04 15:28:57,777 - Noah's Hand: [5C, 6C, 7C, 4H, 5H]
2025-01-04 15:28:57,777 - Eve's Hand: [3C, 5S, 6H, 8C, 7D, 2C, 3S]
2025-01-04 15:28:57,777 - Boss: Rank: 11 | Suit C | Attack 10 | Health 14
2025-01-04 15:28:57,777 - Tavern: [JS, 9D, 8D]
2025-01-04 15:28:57,777 - Castle: [KS, KD, KH, KC, QD, QS, QH, QC]
2025-01-04 15:28:57,777 - Discard: [9H, 2H, TS, TC, 6S, AH, 6D, 4D, 7H, 7S, JH, 8S, TD, 8H, 9S, 2D, 2S, AS, 4C, TH, 4S, 5D, AD, 9C, AC, JD]
2025-01-04 15:28:57,777 - Active Player: 2
2025-01-04 15:28:57,777 - STATE LOG: END
2025-01-04 15:28:57,791 - STATE LOG: BEGIN
2025-01-04 15:28:57,791 - Noah's Hand: [5C, 6C, 7C, 4H, 5H]
2025-01-04 15:28:57,792 - Eve's Hand: [2C, 3S, 5S, 6H]
2025-01-04 15:28:57,792 - Boss: Rank: 11 | Suit C | Attack 10 | Health 11
2025-01-04 15:28:57,792 - Tavern: [JS, 9D, 8D]
2025-01-04 15:28:57,792 - Castle: [KS, KD, KH, KC, QD, QS, QH, QC]
2025-01-04 15:28:57,792 - Discard: [9H, 2H, TS, TC, 6S, AH, 6D, 4D, 7H, 7S, JH, 8S, TD, 8H, 9S, 2D, 2S, AS, 4C, TH, 4S, 5D, AD, 9C, AC, JD, 8C, 7D]
2025-01-04 15:28:57,792 - Active Player: 1
2025-01-04 15:28:57,792 - STATE LOG: END
2025-01-04 15:28:57,831 - STATE LOG: BEGIN
2025-01-04 15:28:57,831 - Noah's Hand: [4H, 5C]
2025-01-04 15:28:57,831 - Eve's Hand: [2C, 3S, 5S, 6H]
2025-01-04 15:28:57,831 - Boss: Rank: 11 | Suit C | Attack 10 | Health 5
2025-01-04 15:28:57,831 - Tavern: [JS, 9D, 8D]
2025-01-04 15:28:57,831 - Castle: [KS, KD, KH, KC, QD, QS, QH, QC]
2025-01-04 15:28:57,831 - Discard: [9H, 2H, TS, TC, 6S, AH, 6D, 4D, 7H, 7S, JH, 8S, TD, 8H, 9S, 2D, 2S, AS, 4C, TH, 4S, 5D, AD, 9C, AC, JD, 8C, 7D, 7C, 5H]
2025-01-04 15:28:57,831 - Active Player: 2
2025-01-04 15:28:57,831 - STATE LOG: END
2025-01-04 15:28:57,842 - STATE LOG: BEGIN
2025-01-04 15:28:57,842 - Noah's Hand: [4H, 5C]
2025-01-04 15:28:57,842 - Eve's Hand: [2C, 3S]
2025-01-04 15:28:57,842 - Boss: Rank: 11 | Suit C | Attack 10 | Health 5
2025-01-04 15:28:57,842 - Tavern: [JS, 9D, 8D]
2025-01-04 15:28:57,842 - Castle: [KS, KD, KH, KC, QD, QS, QH, QC]
2025-01-04 15:28:57,842 - Discard: [9H, 2H, TS, TC, 6S, AH, 6D, 4D, 7H, 7S, JH, 8S, TD, 8H, 9S, 2D, 2S, AS, 4C, TH, 4S, 5D, AD, 9C, AC, JD, 8C, 7D, 7C, 5H, 6H, 5S]
2025-01-04 15:28:57,842 - Active Player: 1
2025-01-04 15:28:57,842 - STATE LOG: END
2025-01-04 15:28:57,846 - STATE LOG: BEGIN
2025-01-04 15:28:57,846 - Noah's Hand: [5C]
2025-01-04 15:28:57,846 - Eve's Hand: [2C, 3S]
2025-01-04 15:28:57,846 - Boss: Rank: 11 | Suit C | Attack 10 | Health 1
2025-01-04 15:28:57,846 - Tavern: [7H, 4C, 2D, TS, JS, 9D, 8D]
2025-01-04 15:28:57,846 - Castle: [KS, KD, KH, KC, QD, QS, QH, QC]
2025-01-04 15:28:57,847 - Discard: [6S, 7C, 7S, 4S, 2H, 7D, AC, 5H, TH, 5S, JH, AH, 2S, TC, AD, 8H, 6D, 6H, 9S, JD, 8C, 5D, TD, 9C, 4D, 8S, AS, 9H]
2025-01-04 15:28:57,847 - Active Player: 2
2025-01-04 15:28:57,847 - STATE LOG: END
