2025-01-04 22:03:02,872 - I log states! :D
2025-01-04 22:03:02,873 - STATE LOG: BEGIN
2025-01-04 22:03:02,873 - Noah's Hand: [4D, 5S, TH, 7S, 5C, 8H, 2C]
2025-01-04 22:03:02,873 - Eve's Hand: [6C, 3H, 7C, 6D, 9S, 8C, 2H]
2025-01-04 22:03:02,873 - Boss: Rank: 11 | Suit H | Attack 10 | Health 20
2025-01-04 22:03:02,873 - Tavern: [5D, 4S, 9C, TS, 2D, AH, 3C, TC, 4H, 9D, 5H, 4C, 7H, 3D, 7D, 3S, 6H, 6S, TD, AC, 2S, 9H, AS, 8S, 8D, AD]
2025-01-04 22:03:02,873 - Castle: [KS, KC, KD, KH, QC, QS, QH, QD, JD, JS, JC]
2025-01-04 22:03:02,873 - Discard: []
2025-01-04 22:03:02,873 - Active Player: 1
2025-01-04 22:03:02,873 - STATE LOG: END
2025-01-04 22:03:04,322 - STATE LOG: BEGIN
2025-01-04 22:03:04,322 - Noah's Hand: [2C, 5S, 7S, TH, AD]
2025-01-04 22:03:04,322 - Eve's Hand: [6C, 3H, 7C, 6D, 9S, 8C, 2H]
2025-01-04 22:03:04,322 - Boss: Rank: 11 | Suit H | Attack 10 | Health 16
2025-01-04 22:03:04,322 - Tavern: [5D, 4S, 9C, TS, 2D, AH, 3C, TC, 4H, 9D, 5H, 4C, 7H, 3D, 7D, 3S, 6H, 6S, TD, AC, 2S, 9H, AS, 8S, 8D]
2025-01-04 22:03:04,322 - Castle: [KS, KC, KD, KH, QC, QS, QH, QD, JD, JS, JC]
2025-01-04 22:03:04,322 - Discard: [5C, 8H]
2025-01-04 22:03:04,322 - Active Player: 2
2025-01-04 22:03:04,322 - STATE LOG: END
2025-01-04 22:03:05,721 - STATE LOG: BEGIN
2025-01-04 22:03:05,721 - Noah's Hand: [2C, 5S, 7S, TH, AD, 8S, AS]
2025-01-04 22:03:05,721 - Eve's Hand: [2H, 3H, 6C, 7C, 8D]
2025-01-04 22:03:05,721 - Boss: Rank: 11 | Suit H | Attack 10 | Health 10
2025-01-04 22:03:05,721 - Tavern: [5D, 4S, 9C, TS, 2D, AH, 3C, TC, 4H, 9D, 5H, 4C, 7H, 3D, 7D, 3S, 6H, 6S, TD, AC, 2S, 9H]
2025-01-04 22:03:05,721 - Castle: [KS, KC, KD, KH, QC, QS, QH, QD, JD, JS, JC]
2025-01-04 22:03:05,721 - Discard: [5C, 8H, 8C, 9S]
2025-01-04 22:03:05,721 - Active Player: 1
2025-01-04 22:03:05,721 - STATE LOG: END
2025-01-04 22:03:07,191 - STATE LOG: BEGIN
2025-01-04 22:03:07,191 - Noah's Hand: [AD, 2C, 7S, TH]
2025-01-04 22:03:07,191 - Eve's Hand: [2H, 3H, 6C, 7C, 8D]
2025-01-04 22:03:07,191 - Boss: Rank: 11 | Suit H | Attack 4 | Health 4
2025-01-04 22:03:07,191 - Tavern: [5D, 4S, 9C, TS, 2D, AH, 3C, TC, 4H, 9D, 5H, 4C, 7H, 3D, 7D, 3S, 6H, 6S, TD, AC, 2S, 9H]
2025-01-04 22:03:07,191 - Castle: [KS, KC, KD, KH, QC, QS, QH, QD, JD, JS, JC]
2025-01-04 22:03:07,191 - Discard: [5C, 8H, 8C, 9S, 8S]
2025-01-04 22:03:07,192 - Active Player: 2
2025-01-04 22:03:07,192 - STATE LOG: END
2025-01-04 22:03:08,161 - STATE LOG: BEGIN
2025-01-04 22:03:08,161 - Noah's Hand: [AD, 2C, 7S, TH]
2025-01-04 22:03:08,161 - Eve's Hand: [2H, 3H, 7C, 8D]
2025-01-04 22:03:08,161 - Boss: Rank: 11 | Suit C | Attack 10 | Health 20
2025-01-04 22:03:08,161 - Tavern: [5D, 4S, 9C, TS, 2D, AH, 3C, TC, 4H, 9D, 5H, 4C, 7H, 3D, 7D, 3S, 6H, 6S, TD, AC, 2S, 9H]
2025-01-04 22:03:08,161 - Castle: [KS, KC, KD, KH, QC, QS, QH, QD, JD, JS]
2025-01-04 22:03:08,161 - Discard: [5C, 8H, 8C, 9S, 8S, 4D, AS, 5S, 6D, 6C, JH]
2025-01-04 22:03:08,161 - Active Player: 2
2025-01-04 22:03:08,161 - STATE LOG: END
2025-01-04 22:03:08,463 - STATE LOG: BEGIN
2025-01-04 22:03:08,463 - Noah's Hand: [AD, 2C, 7S, TH, 2S, TD, 6H]
2025-01-04 22:03:08,463 - Eve's Hand: [2H, 3H, 7C, 9H]
2025-01-04 22:03:08,463 - Boss: Rank: 11 | Suit C | Attack 10 | Health 12
2025-01-04 22:03:08,463 - Tavern: [5D, 4S, 9C, TS, 2D, AH, 3C, TC, 4H, 9D, 5H, 4C, 7H, 3D, 7D]
2025-01-04 22:03:08,463 - Castle: [KS, KC, KD, KH, QC, QS, QH, QD, JD, JS]
2025-01-04 22:03:08,463 - Discard: [5C, 8H, 8C, 9S, 8S, 4D, AS, 5S, 6D, 6C, JH, 6S, AC, 3S]
2025-01-04 22:03:08,463 - Active Player: 1
2025-01-04 22:03:08,463 - STATE LOG: END
2025-01-04 22:03:09,876 - STATE LOG: BEGIN
2025-01-04 22:03:09,876 - Noah's Hand: [AD, 2S, 6H, 7D]
2025-01-04 22:03:09,876 - Eve's Hand: [2H, 3H, 7C, 9H, 3D, 7H, 4C]
2025-01-04 22:03:09,876 - Boss: Rank: 11 | Suit C | Attack 10 | Health 2
2025-01-04 22:03:09,876 - Tavern: [5D, 4S, 9C, TS, 2D, AH, 3C, TC, 4H, 9D, 5H]
2025-01-04 22:03:09,876 - Castle: [KS, KC, KD, KH, QC, QS, QH, QD, JD, JS]
2025-01-04 22:03:09,876 - Discard: [5C, 8H, 8C, 9S, 8S, 4D, AS, 5S, 6D, 6C, JH, 6S, AC, 3S, 2C, 7S, TH]
2025-01-04 22:03:09,876 - Active Player: 2
2025-01-04 22:03:09,876 - STATE LOG: END
2025-01-04 22:03:11,272 - STATE LOG: BEGIN
2025-01-04 22:03:11,272 - Noah's Hand: [AD, 2S, 6H, 7D]
2025-01-04 22:03:11,272 - Eve's Hand: [2H, 3D, 3H, 4C, 7C]
2025-01-04 22:03:11,272 - Boss: Rank: 11 | Suit C | Attack 10 | Health 2
2025-01-04 22:03:11,272 - Tavern: [5D, 4S, 9C, TS, 2D, AH, 3C, TC, 4H, 9D, 5H]
2025-01-04 22:03:11,272 - Castle: [KS, KC, KD, KH, QC, QS, QH, QD, JD, JS]
2025-01-04 22:03:11,272 - Discard: [5C, 8H, 8C, 9S, 8S, 4D, AS, 5S, 6D, 6C, JH, 6S, AC, 3S, 2C, 7S, TH, 9H, 7H]
2025-01-04 22:03:11,272 - Active Player: 1
2025-01-04 22:03:11,272 - STATE LOG: END
2025-01-04 22:03:12,326 - STATE LOG: BEGIN
2025-01-04 22:03:12,326 - Noah's Hand: [AD, 2S, 6H, 5H, 4H, 3C, AH]
2025-01-04 22:03:12,326 - Eve's Hand: [2H, 3D, 3H, 4C, 7C, 9D, TC]
2025-01-04 22:03:12,326 - Boss: Rank: 11 | Suit S | Attack 10 | Health 20
2025-01-04 22:03:12,326 - Tavern: [5D, 4S, 9C, TS, 2D]
2025-01-04 22:03:12,326 - Castle: [KS, KC, KD, KH, QC, QS, QH, QD, JD]
2025-01-04 22:03:12,326 - Discard: [5C, 8H, 8C, 9S, 8S, 4D, AS, 5S, 6D, 6C, JH, 6S, AC, 3S, 2C, 7S, TH, 9H, 7H, TD, 7D, 8D, JC]
2025-01-04 22:03:12,326 - Active Player: 1
2025-01-04 22:03:12,326 - STATE LOG: END
2025-01-04 22:03:13,804 - STATE LOG: BEGIN
2025-01-04 22:03:13,804 - Noah's Hand: [3C, 5H, 2D]
2025-01-04 22:03:13,804 - Eve's Hand: [2H, 3D, 3H, 4C, 7C, 9D, TC]
2025-01-04 22:03:13,804 - Boss: Rank: 11 | Suit S | Attack 10 | Health 15
2025-01-04 22:03:13,804 - Tavern: [AS, 8D, 2C, 7D, AC, 5D, 4S, 9C]
2025-01-04 22:03:13,804 - Castle: [KS, KC, KD, KH, QC, QS, QH, QD, JD]
2025-01-04 22:03:13,804 - Discard: [8H, 9S, 6S, 9H, 7S, TH, 8S, TD, 6D, 6C, 5C, JH, 8C, JC, 3S, 5S, 7H, 4D, 6H, 2S, AH, TS]
2025-01-04 22:03:13,804 - Active Player: 2
2025-01-04 22:03:13,804 - STATE LOG: END
2025-01-04 22:03:14,134 - STATE LOG: BEGIN
2025-01-04 22:03:14,134 - Noah's Hand: [3C, 5H, 2D, 4S, AC, 7D, 2C]
2025-01-04 22:03:14,134 - Eve's Hand: [2H, 4C, 7C, 9D, 9C, 5D]
2025-01-04 22:03:14,134 - Boss: Rank: 11 | Suit S | Attack 10 | Health 9
2025-01-04 22:03:14,134 - Tavern: [9H, TH, TD, 7S, 5S, 3S, AS, 8D]
2025-01-04 22:03:14,134 - Castle: [KS, KC, KD, KH, QC, QS, QH, QD, JD]
2025-01-04 22:03:14,134 - Discard: [6S, JC, 9S, 8S, TS, JH, 8H, 2S, 8C, 5C, 6C, 6D, AH, 4D, 6H, 7H, TC]
2025-01-04 22:03:14,135 - Active Player: 1
2025-01-04 22:03:14,135 - STATE LOG: END
2025-01-04 22:03:15,379 - STATE LOG: BEGIN
2025-01-04 22:03:15,380 - Noah's Hand: [2C, 7D, 8D]
2025-01-04 22:03:15,380 - Eve's Hand: [2H, 4C, 7C, 9D, 9C, 5D, AS]
2025-01-04 22:03:15,380 - Boss: Rank: 11 | Suit S | Attack 10 | Health 7
2025-01-04 22:03:15,380 - Tavern: [9H, TH, TD, 7S, 5S, 3S]
2025-01-04 22:03:15,380 - Castle: [KS, KC, KD, KH, QC, QS, QH, QD, JD]
2025-01-04 22:03:15,380 - Discard: [6S, JC, 9S, 8S, TS, JH, 8H, 2S, 8C, 5C, 6C, 6D, AH, 4D, 6H, 7H, TC, 3C, 5H, AC, 4S]
2025-01-04 22:03:15,380 - Active Player: 2
2025-01-04 22:03:15,380 - STATE LOG: END
2025-01-04 22:03:16,257 - STATE LOG: BEGIN
2025-01-04 22:03:16,257 - Noah's Hand: [2C, 7D, 8D, 5S, 7S, TD, TH]
2025-01-04 22:03:16,257 - Eve's Hand: [AS, 2H, 7C, 9D]
2025-01-04 22:03:16,257 - Boss: Rank: 11 | Suit S | Attack 10 | Health 2
2025-01-04 22:03:16,257 - Tavern: [9H]
2025-01-04 22:03:16,257 - Castle: [KS, KC, KD, KH, QC, QS, QH, QD, JD]
2025-01-04 22:03:16,257 - Discard: [6S, JC, 9S, 8S, TS, JH, 8H, 2S, 8C, 5C, 6C, 6D, AH, 4D, 6H, 7H, TC, 3C, 5H, AC, 4S, 4C, 3S, 9C]
2025-01-04 22:03:16,257 - Active Player: 1
2025-01-04 22:03:16,257 - STATE LOG: END
2025-01-04 22:03:17,306 - STATE LOG: BEGIN
2025-01-04 22:03:17,306 - Noah's Hand: [2C, 5S, 7S, 8D, TD, TH, 9H]
2025-01-04 22:03:17,306 - Eve's Hand: [AS, 2H, 7C, 9D]
2025-01-04 22:03:17,306 - Boss: Rank: 11 | Suit D | Attack 10 | Health 20
2025-01-04 22:03:17,306 - Tavern: []
2025-01-04 22:03:17,306 - Castle: [KS, KC, KD, KH, QC, QS, QH, QD]
2025-01-04 22:03:17,306 - Discard: [6S, JC, 9S, 8S, TS, JH, 8H, 2S, 8C, 5C, 6C, 6D, AH, 4D, 6H, 7H, TC, 3C, 5H, AC, 4S, 4C, 3S, 9C, AD, 4H, 2D, 7D, 3D, 3H, 5D, JS]
2025-01-04 22:03:17,306 - Active Player: 1
2025-01-04 22:03:17,306 - STATE LOG: END
2025-01-04 22:03:17,654 - STATE LOG: BEGIN
2025-01-04 22:03:17,654 - Noah's Hand: [2C, 5S, 8D, 9H, TD]
2025-01-04 22:03:17,654 - Eve's Hand: [AS, 2H, 7C, 9D]
2025-01-04 22:03:17,654 - Boss: Rank: 11 | Suit D | Attack 3 | Health 13
2025-01-04 22:03:17,654 - Tavern: []
2025-01-04 22:03:17,654 - Castle: [KS, KC, KD, KH, QC, QS, QH, QD]
2025-01-04 22:03:17,654 - Discard: [6S, JC, 9S, 8S, TS, JH, 8H, 2S, 8C, 5C, 6C, 6D, AH, 4D, 6H, 7H, TC, 3C, 5H, AC, 4S, 4C, 3S, 9C, AD, 4H, 2D, 7D, 3D, 3H, 5D, JS, TH]
2025-01-04 22:03:17,654 - Active Player: 2
2025-01-04 22:03:17,654 - STATE LOG: END
2025-01-04 22:03:18,038 - STATE LOG: BEGIN
2025-01-04 22:03:18,038 - Noah's Hand: [2C, 5S, 8D, 9H, TD]
2025-01-04 22:03:18,038 - Eve's Hand: [AS, 2H, 9D]
2025-01-04 22:03:18,038 - Boss: Rank: 11 | Suit D | Attack 3 | Health 13
2025-01-04 22:03:18,038 - Tavern: []
2025-01-04 22:03:18,038 - Castle: [KS, KC, KD, KH, QC, QS, QH, QD]
2025-01-04 22:03:18,038 - Discard: [6S, JC, 9S, 8S, TS, JH, 8H, 2S, 8C, 5C, 6C, 6D, AH, 4D, 6H, 7H, TC, 3C, 5H, AC, 4S, 4C, 3S, 9C, AD, 4H, 2D, 7D, 3D, 3H, 5D, JS, TH, 7C]
2025-01-04 22:03:18,038 - Active Player: 1
2025-01-04 22:03:18,038 - STATE LOG: END
2025-01-04 22:03:18,239 - STATE LOG: BEGIN
2025-01-04 22:03:18,239 - Noah's Hand: [2C, 8D, 9H, TD]
2025-01-04 22:03:18,239 - Eve's Hand: [AS, 2H, 9D]
2025-01-04 22:03:18,239 - Boss: Rank: 11 | Suit D | Attack 0 | Health 8
2025-01-04 22:03:18,239 - Tavern: []
2025-01-04 22:03:18,239 - Castle: [KS, KC, KD, KH, QC, QS, QH, QD]
2025-01-04 22:03:18,239 - Discard: [6S, JC, 9S, 8S, TS, JH, 8H, 2S, 8C, 5C, 6C, 6D, AH, 4D, 6H, 7H, TC, 3C, 5H, AC, 4S, 4C, 3S, 9C, AD, 4H, 2D, 7D, 3D, 3H, 5D, JS, TH, 7C]
2025-01-04 22:03:18,239 - Active Player: 2
2025-01-04 22:03:18,239 - STATE LOG: END
2025-01-04 22:03:18,398 - STATE LOG: BEGIN
2025-01-04 22:03:18,399 - Noah's Hand: [2C, 8D, 9H, TD]
2025-01-04 22:03:18,399 - Eve's Hand: [AS, 9D]
2025-01-04 22:03:18,399 - Boss: Rank: 11 | Suit D | Attack 0 | Health 6
2025-01-04 22:03:18,399 - Tavern: [JS, 3C]
2025-01-04 22:03:18,399 - Castle: [KS, KC, KD, KH, QC, QS, QH, QD]
2025-01-04 22:03:18,399 - Discard: [3D, 9S, 2D, AD, 4S, AH, 6S, 5C, 7H, 8H, 8C, 6H, TH, 2S, 7D, 4D, 6C, 3H, 4H, 4C, 5H, 8S, 6D, JH, 7C, 9C, TC, TS, 3S, JC, 5D, AC]
2025-01-04 22:03:18,399 - Active Player: 1
2025-01-04 22:03:18,399 - STATE LOG: END
2025-01-04 22:03:18,464 - STATE LOG: BEGIN
2025-01-04 22:03:18,464 - Noah's Hand: [2C, 8D, 9H, TD]
2025-01-04 22:03:18,464 - Eve's Hand: [AS, 9D]
2025-01-04 22:03:18,464 - Boss: Rank: 11 | Suit D | Attack 0 | Health 6
2025-01-04 22:03:18,464 - Tavern: [JS, 3C]
2025-01-04 22:03:18,464 - Castle: [KS, KC, KD, KH, QC, QS, QH, QD]
2025-01-04 22:03:18,464 - Discard: [3D, 9S, 2D, AD, 4S, AH, 6S, 5C, 7H, 8H, 8C, 6H, TH, 2S, 7D, 4D, 6C, 3H, 4H, 4C, 5H, 8S, 6D, JH, 7C, 9C, TC, TS, 3S, JC, 5D, AC]
2025-01-04 22:03:18,464 - Active Player: 2
2025-01-04 22:03:18,464 - STATE LOG: END
2025-01-04 22:03:18,497 - STATE LOG: BEGIN
2025-01-04 22:03:18,497 - Noah's Hand: [2C, 8D, 9H, TD]
2025-01-04 22:03:18,497 - Eve's Hand: [9D]
2025-01-04 22:03:18,497 - Boss: Rank: 11 | Suit D | Attack 0 | Health 5
2025-01-04 22:03:18,497 - Tavern: [JS, 3C]
2025-01-04 22:03:18,497 - Castle: [KS, KC, KD, KH, QC, QS, QH, QD]
2025-01-04 22:03:18,497 - Discard: [3D, 9S, 2D, AD, 4S, AH, 6S, 5C, 7H, 8H, 8C, 6H, TH, 2S, 7D, 4D, 6C, 3H, 4H, 4C, 5H, 8S, 6D, JH, 7C, 9C, TC, TS, 3S, JC, 5D, AC]
2025-01-04 22:03:18,497 - Active Player: 1
2025-01-04 22:03:18,497 - STATE LOG: END
2025-01-04 22:03:18,529 - STATE LOG: BEGIN
2025-01-04 22:03:18,529 - Noah's Hand: [8D, 9H, TD]
2025-01-04 22:03:18,529 - Eve's Hand: [9D]
2025-01-04 22:03:18,529 - Boss: Rank: 11 | Suit D | Attack 0 | Health 1
2025-01-04 22:03:18,529 - Tavern: [JS, 3C]
2025-01-04 22:03:18,529 - Castle: [KS, KC, KD, KH, QC, QS, QH, QD]
2025-01-04 22:03:18,529 - Discard: [3D, 9S, 2D, AD, 4S, AH, 6S, 5C, 7H, 8H, 8C, 6H, TH, 2S, 7D, 4D, 6C, 3H, 4H, 4C, 5H, 8S, 6D, JH, 7C, 9C, TC, TS, 3S, JC, 5D, AC]
2025-01-04 22:03:18,529 - Active Player: 2
2025-01-04 22:03:18,529 - STATE LOG: END
2025-01-04 22:03:18,574 - STATE LOG: BEGIN
2025-01-04 22:03:18,574 - Noah's Hand: [8D, 9H, TD]
2025-01-04 22:03:18,574 - Eve's Hand: [9D]
2025-01-04 22:03:18,574 - Boss: Rank: 11 | Suit D | Attack 0 | Health 1
2025-01-04 22:03:18,574 - Tavern: [JS, 3C]
2025-01-04 22:03:18,574 - Castle: [KS, KC, KD, KH, QC, QS, QH, QD]
2025-01-04 22:03:18,574 - Discard: [3D, 9S, 2D, AD, 4S, AH, 6S, 5C, 7H, 8H, 8C, 6H, TH, 2S, 7D, 4D, 6C, 3H, 4H, 4C, 5H, 8S, 6D, JH, 7C, 9C, TC, TS, 3S, JC, 5D, AC]
2025-01-04 22:03:18,574 - Active Player: 1
2025-01-04 22:03:18,574 - STATE LOG: END
2025-01-04 22:03:18,587 - STATE LOG: BEGIN
2025-01-04 22:03:18,587 - Noah's Hand: [8D, 9H]
2025-01-04 22:03:18,587 - Eve's Hand: [9D]
2025-01-04 22:03:18,587 - Boss: Rank: 12 | Suit D | Attack 15 | Health 30
2025-01-04 22:03:18,587 - Tavern: [JS, 3C]
2025-01-04 22:03:18,587 - Castle: [KS, KC, KD, KH, QC, QS, QH]
2025-01-04 22:03:18,587 - Discard: [3D, 9S, 2D, AD, 4S, AH, 6S, 5C, 7H, 8H, 8C, 6H, TH, 2S, 7D, 4D, 6C, 3H, 4H, 4C, 5H, 8S, 6D, JH, 7C, 9C, TC, TS, 3S, JC, 5D, AC, 7S, 5S, 2C, TD, 2H, AS, JD]
2025-01-04 22:03:18,587 - Active Player: 1
2025-01-04 22:03:18,587 - STATE LOG: END
2025-01-04 22:03:18,590 - STATE LOG: BEGIN
2025-01-04 22:03:18,590 - Noah's Hand: [9H]
2025-01-04 22:03:18,590 - Eve's Hand: [9D]
2025-01-04 22:03:18,590 - Boss: Rank: 12 | Suit D | Attack 15 | Health 22
2025-01-04 22:03:18,590 - Tavern: [JS, 3C]
2025-01-04 22:03:18,590 - Castle: [KS, KC, KD, KH, QC, QS, QH]
2025-01-04 22:03:18,590 - Discard: [3D, 9S, 2D, AD, 4S, AH, 6S, 5C, 7H, 8H, 8C, 6H, TH, 2S, 7D, 4D, 6C, 3H, 4H, 4C, 5H, 8S, 6D, JH, 7C, 9C, TC, TS, 3S, JC, 5D, AC, 7S, 5S, 2C, TD, 2H, AS, JD]
2025-01-04 22:03:18,590 - Active Player: 2
2025-01-04 22:03:18,590 - STATE LOG: END
