2025-01-04 19:00:31,414 - I log states! :D
2025-01-04 19:00:31,414 - STATE LOG: BEGIN
2025-01-04 19:00:31,414 - Noah's Hand: [9C, 5H, 7C, 3C, 8C, 2D, 5D]
2025-01-04 19:00:31,415 - Eve's Hand: [6S, 4D, 4S, AS, AD, AH, 6D]
2025-01-04 19:00:31,415 - Boss: Rank: 11 | Suit H | Attack 10 | Health 20
2025-01-04 19:00:31,415 - Tavern: [8H, TD, 2C, 5S, TC, 8D, 4H, 9D, TH, 3H, 6C, 5C, 2S, 8S, 6H, 9H, 9S, 3S, 7S, 2H, 3D, AC, 4C, 7H, TS, 7D]
2025-01-04 19:00:31,415 - Castle: [KH, KS, KC, KD, QS, QD, QH, QC, JD, JC, JS]
2025-01-04 19:00:31,415 - Discard: []
2025-01-04 19:00:31,415 - Active Player: 1
2025-01-04 19:00:31,415 - STATE LOG: END
2025-01-04 19:00:41,421 - STATE LOG: BEGIN
2025-01-04 19:00:41,422 - Noah's Hand: [2D, 3C, 5D, 5H]
2025-01-04 19:00:41,422 - Eve's Hand: [6S, 4D, 4S, AS, AD, AH, 6D]
2025-01-04 19:00:41,422 - Boss: Rank: 11 | Suit H | Attack 10 | Health 2
2025-01-04 19:00:41,422 - Tavern: [8H, TD, 2C, 5S, TC, 8D, 4H, 9D, TH, 3H, 6C, 5C, 2S, 8S, 6H, 9H, 9S, 3S, 7S, 2H, 3D, AC, 4C, 7H, TS, 7D]
2025-01-04 19:00:41,422 - Castle: [KH, KS, KC, KD, QS, QD, QH, QC, JD, JC, JS]
2025-01-04 19:00:41,422 - Discard: [8C, 7C]
2025-01-04 19:00:41,422 - Active Player: 2
2025-01-04 19:00:41,422 - STATE LOG: END
2025-01-04 19:00:51,422 - STATE LOG: BEGIN
2025-01-04 19:00:51,423 - Noah's Hand: [2D, 3C, 5D, 5H, TS, 4C, AC]
2025-01-04 19:00:51,423 - Eve's Hand: [AD, AH, 4S, 6D, 6S, 7D, 7H]
2025-01-04 19:00:51,423 - Boss: Rank: 11 | Suit S | Attack 10 | Health 20
2025-01-04 19:00:51,423 - Tavern: [8H, TD, 2C, 5S, TC, 8D, 4H, 9D, TH, 3H, 6C, 5C, 2S, 8S, 6H, 9H, 9S, 3S, 7S, 2H, 3D]
2025-01-04 19:00:51,423 - Castle: [KH, KS, KC, KD, QS, QD, QH, QC, JD, JC]
2025-01-04 19:00:51,423 - Discard: [8C, 7C, 9C, AS, 4D, JH]
2025-01-04 19:00:51,423 - Active Player: 2
2025-01-04 19:00:51,423 - STATE LOG: END
2025-01-04 19:01:01,424 - STATE LOG: BEGIN
2025-01-04 19:01:01,424 - Noah's Hand: [2D, 3C, 5D, 5H, TS, 4C, AC]
2025-01-04 19:01:01,424 - Eve's Hand: [AD, AH, 4S, 6D, 6S]
2025-01-04 19:01:01,424 - Boss: Rank: 11 | Suit S | Attack 10 | Health 20
2025-01-04 19:01:01,424 - Tavern: [8H, TD, 2C, 5S, TC, 8D, 4H, 9D, TH, 3H, 6C, 5C, 2S, 8S, 6H, 9H, 9S, 3S, 7S, 2H, 3D]
2025-01-04 19:01:01,424 - Castle: [KH, KS, KC, KD, QS, QD, QH, QC, JD, JC]
2025-01-04 19:01:01,424 - Discard: [8C, 7C, 9C, AS, 4D, JH, 7H, 7D]
2025-01-04 19:01:01,424 - Active Player: 1
2025-01-04 19:01:01,424 - STATE LOG: END
2025-01-04 19:01:11,425 - STATE LOG: BEGIN
2025-01-04 19:01:11,425 - Noah's Hand: [AC, 2D, 4C, 5D, 5H]
2025-01-04 19:01:11,425 - Eve's Hand: [AD, AH, 4S, 6D, 6S]
2025-01-04 19:01:11,425 - Boss: Rank: 11 | Suit S | Attack 10 | Health 14
2025-01-04 19:01:11,425 - Tavern: [8H, TD, 2C, 5S, TC, 8D, 4H, 9D, TH, 3H, 6C, 5C, 2S, 8S, 6H, 9H, 9S, 3S, 7S, 2H, 3D]
2025-01-04 19:01:11,425 - Castle: [KH, KS, KC, KD, QS, QD, QH, QC, JD, JC]
2025-01-04 19:01:11,426 - Discard: [8C, 7C, 9C, AS, 4D, JH, 7H, 7D, TS]
2025-01-04 19:01:11,426 - Active Player: 2
2025-01-04 19:01:11,426 - STATE LOG: END
2025-01-04 19:01:15,942 - STATE LOG: BEGIN
2025-01-04 19:01:15,942 - Noah's Hand: [AC, 2D, 4C, 5D, 5H, 2H, 3S]
2025-01-04 19:01:15,942 - Eve's Hand: [AD, 4S, 6S, 3D, 7S]
2025-01-04 19:01:15,943 - Boss: Rank: 11 | Suit S | Attack 10 | Health 7
2025-01-04 19:01:15,943 - Tavern: [JH, 4D, 8C, 7H, AS, 9C, TS, 8H, TD, 2C, 5S, TC, 8D, 4H, 9D, TH, 3H, 6C, 5C, 2S, 8S, 6H]
2025-01-04 19:01:15,943 - Castle: [KH, KS, KC, KD, QS, QD, QH, QC, JD, JC]
2025-01-04 19:01:15,943 - Discard: [7C, 7D, 9H, 9S]
2025-01-04 19:01:15,943 - Active Player: 1
2025-01-04 19:01:15,943 - STATE LOG: END
2025-01-04 19:01:16,241 - STATE LOG: BEGIN
2025-01-04 19:01:16,242 - Noah's Hand: [2H, 3S, 4C, 5D]
2025-01-04 19:01:16,242 - Eve's Hand: [AD, 4S, 6S, 3D, 7S, 8S]
2025-01-04 19:01:16,242 - Boss: Rank: 11 | Suit S | Attack 10 | Health 1
2025-01-04 19:01:16,242 - Tavern: [JH, 4D, 8C, 7H, AS, 9C, TS, 8H, TD, 2C, 5S, TC, 8D, 4H, 9D, TH, 3H, 6C, 5C]
2025-01-04 19:01:16,242 - Castle: [KH, KS, KC, KD, QS, QD, QH, QC, JD, JC]
2025-01-04 19:01:16,242 - Discard: [7C, 7D, 9H, 9S, 2S, 6H, 5H]
2025-01-04 19:01:16,242 - Active Player: 2
2025-01-04 19:01:16,242 - STATE LOG: END
2025-01-04 19:01:23,093 - STATE LOG: BEGIN
2025-01-04 19:01:23,094 - Noah's Hand: [2H, 3S, 4C, 5D, 6C, TH, 4H]
2025-01-04 19:01:23,094 - Eve's Hand: [3D, 4S, 6S, 7S, 5C, 3H, 9D]
2025-01-04 19:01:23,094 - Boss: Rank: 11 | Suit C | Attack 10 | Health 20
2025-01-04 19:01:23,094 - Tavern: [JH, 4D, 8C, 7H, AS, 9C, TS, 8H, TD, 2C, 5S, TC, 8D]
2025-01-04 19:01:23,094 - Castle: [KH, KS, KC, KD, QS, QD, QH, QC, JD]
2025-01-04 19:01:23,094 - Discard: [7C, 7D, 9H, 9S, 2S, 6H, 5H, 3C, AC, 2D, AH, 6D, AD, 8S, JS]
2025-01-04 19:01:23,094 - Active Player: 2
2025-01-04 19:01:23,094 - STATE LOG: END
2025-01-04 19:01:33,094 - STATE LOG: BEGIN
2025-01-04 19:01:33,095 - Noah's Hand: [2H, 3S, 4C, 5D, 6C, TH, 4H]
2025-01-04 19:01:33,095 - Eve's Hand: [3D, 3H, 5C, 6S, 7S]
2025-01-04 19:01:33,095 - Boss: Rank: 11 | Suit C | Attack 6 | Health 16
2025-01-04 19:01:33,095 - Tavern: [JH, 4D, 8C, 7H, AS, 9C, TS, 8H, TD, 2C, 5S, TC, 8D]
2025-01-04 19:01:33,095 - Castle: [KH, KS, KC, KD, QS, QD, QH, QC, JD]
2025-01-04 19:01:33,095 - Discard: [7C, 7D, 9H, 9S, 2S, 6H, 5H, 3C, AC, 2D, AH, 6D, AD, 8S, JS, 9D]
2025-01-04 19:01:33,095 - Active Player: 1
2025-01-04 19:01:33,095 - STATE LOG: END
2025-01-04 19:01:33,185 - STATE LOG: BEGIN
2025-01-04 19:01:33,185 - Noah's Hand: [2H, 3S, 4H, 5D, 6C]
2025-01-04 19:01:33,185 - Eve's Hand: [3D, 3H, 5C, 6S, 7S]
2025-01-04 19:01:33,185 - Boss: Rank: 11 | Suit C | Attack 6 | Health 12
2025-01-04 19:01:33,185 - Tavern: [JH, 4D, 8C, 7H, AS, 9C, TS, 8H, TD, 2C, 5S, TC, 8D]
2025-01-04 19:01:33,185 - Castle: [KH, KS, KC, KD, QS, QD, QH, QC, JD]
2025-01-04 19:01:33,185 - Discard: [7C, 7D, 9H, 9S, 2S, 6H, 5H, 3C, AC, 2D, AH, 6D, AD, 8S, JS, 9D, TH]
2025-01-04 19:01:33,185 - Active Player: 2
2025-01-04 19:01:33,185 - STATE LOG: END
2025-01-04 19:01:38,732 - STATE LOG: BEGIN
2025-01-04 19:01:38,732 - Noah's Hand: [2H, 3S, 4H, 5D, 6C, TC, 2C]
2025-01-04 19:01:38,732 - Eve's Hand: [5C, 6S, 7S, 8D, 5S, TD]
2025-01-04 19:01:38,732 - Boss: Rank: 11 | Suit C | Attack 6 | Health 6
2025-01-04 19:01:38,732 - Tavern: [7C, 6D, 6H, TH, 3C, 5H, JH, 4D, 8C, 7H, AS, 9C, TS]
2025-01-04 19:01:38,732 - Castle: [KH, KS, KC, KD, QS, QD, QH, QC, JD]
2025-01-04 19:01:38,732 - Discard: [7D, AC, JS, 9H, 9D, AD, 2D, 9S, AH, 2S, 8S, 8H]
2025-01-04 19:01:38,732 - Active Player: 1
2025-01-04 19:01:38,732 - STATE LOG: END
2025-01-04 19:01:48,733 - STATE LOG: BEGIN
2025-01-04 19:01:48,733 - Noah's Hand: [2C, 2H, 4H, 5D, 6C]
2025-01-04 19:01:48,734 - Eve's Hand: [5C, 6S, 7S, 8D, 5S, TD]
2025-01-04 19:01:48,734 - Boss: Rank: 11 | Suit C | Attack 3 | Health 3
2025-01-04 19:01:48,734 - Tavern: [7C, 6D, 6H, TH, 3C, 5H, JH, 4D, 8C, 7H, AS, 9C, TS]
2025-01-04 19:01:48,734 - Castle: [KH, KS, KC, KD, QS, QD, QH, QC, JD]
2025-01-04 19:01:48,734 - Discard: [7D, AC, JS, 9H, 9D, AD, 2D, 9S, AH, 2S, 8S, 8H, TC]
2025-01-04 19:01:48,734 - Active Player: 2
2025-01-04 19:01:48,734 - STATE LOG: END
2025-01-04 19:01:53,750 - STATE LOG: BEGIN
2025-01-04 19:01:53,750 - Noah's Hand: [2C, 2H, 4H, 5D, 6C]
2025-01-04 19:01:53,750 - Eve's Hand: [5C, 5S, 6S, 7S, 8D]
2025-01-04 19:01:53,750 - Boss: Rank: 11 | Suit C | Attack 3 | Health 3
2025-01-04 19:01:53,750 - Tavern: [7C, 6D, 6H, TH, 3C, 5H, JH, 4D, 8C, 7H, AS, 9C, TS]
2025-01-04 19:01:53,750 - Castle: [KH, KS, KC, KD, QS, QD, QH, QC, JD]
2025-01-04 19:01:53,750 - Discard: [7D, AC, JS, 9H, 9D, AD, 2D, 9S, AH, 2S, 8S, 8H, TC, TD]
2025-01-04 19:01:53,750 - Active Player: 1
2025-01-04 19:01:53,750 - STATE LOG: END
2025-01-04 19:01:55,179 - STATE LOG: BEGIN
2025-01-04 19:01:55,179 - Noah's Hand: [2C, 2H, 4H, 6C, TS, AS, 8C]
2025-01-04 19:01:55,179 - Eve's Hand: [5C, 5S, 6S, 7S, 8D, 9C, 7H]
2025-01-04 19:01:55,179 - Boss: Rank: 11 | Suit D | Attack 10 | Health 20
2025-01-04 19:01:55,179 - Tavern: [7C, 6D, 6H, TH, 3C, 5H, JH, 4D]
2025-01-04 19:01:55,179 - Castle: [KH, KS, KC, KD, QS, QD, QH, QC]
2025-01-04 19:01:55,179 - Discard: [7D, AC, JS, 9H, 9D, AD, 2D, 9S, AH, 2S, 8S, 8H, TC, TD, 4C, 3S, 5D, 4S, 3D, 3H, JC]
2025-01-04 19:01:55,179 - Active Player: 1
2025-01-04 19:01:55,179 - STATE LOG: END
2025-01-04 19:02:04,154 - STATE LOG: BEGIN
2025-01-04 19:02:04,154 - Noah's Hand: [2H, 4H, 6C, 8C]
2025-01-04 19:02:04,154 - Eve's Hand: [5C, 5S, 6S, 7S, 8D, 9C, 7H]
2025-01-04 19:02:04,154 - Boss: Rank: 11 | Suit D | Attack 7 | Health 14
2025-01-04 19:02:04,154 - Tavern: [7C, 6D, 6H, TH, 3C, 5H, JH, 4D]
2025-01-04 19:02:04,154 - Castle: [KH, KS, KC, KD, QS, QD, QH, QC]
2025-01-04 19:02:04,154 - Discard: [7D, AC, JS, 9H, 9D, AD, 2D, 9S, AH, 2S, 8S, 8H, TC, TD, 4C, 3S, 5D, 4S, 3D, 3H, JC, TS]
2025-01-04 19:02:04,154 - Active Player: 2
2025-01-04 19:02:04,154 - STATE LOG: END
2025-01-04 19:02:06,075 - STATE LOG: BEGIN
2025-01-04 19:02:06,075 - Noah's Hand: [2H, 4H, 6C, 8C]
2025-01-04 19:02:06,075 - Eve's Hand: [5S, 6S, 7H, 7S, 8D]
2025-01-04 19:02:06,075 - Boss: Rank: 11 | Suit D | Attack 7 | Health 4
2025-01-04 19:02:06,075 - Tavern: [7C, 6D, 6H, TH, 3C, 5H, JH, 4D]
2025-01-04 19:02:06,075 - Castle: [KH, KS, KC, KD, QS, QD, QH, QC]
2025-01-04 19:02:06,075 - Discard: [7D, AC, JS, 9H, 9D, AD, 2D, 9S, AH, 2S, 8S, 8H, TC, TD, 4C, 3S, 5D, 4S, 3D, 3H, JC, TS, 9C]
2025-01-04 19:02:06,075 - Active Player: 1
2025-01-04 19:02:06,075 - STATE LOG: END
2025-01-04 19:02:06,430 - STATE LOG: BEGIN
2025-01-04 19:02:06,430 - Noah's Hand: [4H, 6C]
2025-01-04 19:02:06,430 - Eve's Hand: [5S, 6S, 7H, 7S, 8D]
2025-01-04 19:02:06,430 - Boss: Rank: 11 | Suit D | Attack 7 | Health 2
2025-01-04 19:02:06,430 - Tavern: [3S, TS, 7C, 6D, 6H, TH, 3C, 5H, JH, 4D]
2025-01-04 19:02:06,430 - Castle: [KH, KS, KC, KD, QS, QD, QH, QC]
2025-01-04 19:02:06,430 - Discard: [AC, 7D, 8S, 3H, 4C, 9C, JC, 9S, AH, JS, 2S, 5D, TD, 9H, 2D, TC, 3D, AD, 4S, 8H, 9D, 8C]
2025-01-04 19:02:06,430 - Active Player: 2
2025-01-04 19:02:06,430 - STATE LOG: END
2025-01-04 19:02:06,792 - STATE LOG: BEGIN
2025-01-04 19:02:06,792 - Noah's Hand: [4H, 6C]
2025-01-04 19:02:06,792 - Eve's Hand: [5S, 6S, 7S, 8D]
2025-01-04 19:02:06,792 - Boss: Rank: 12 | Suit C | Attack 15 | Health 30
2025-01-04 19:02:06,792 - Tavern: [9H, 8H, 4C, 5D, JC, 2S, AD, 3S, TS, 7C, 6D, 6H, TH, 3C, 5H, JH, 4D]
2025-01-04 19:02:06,792 - Castle: [KH, KS, KC, KD, QS, QD, QH]
2025-01-04 19:02:06,792 - Discard: [9C, 7D, TC, AC, TD, 9D, AH, 3D, 8S, 8C, 4S, 3H, 9S, 2D, JS, AS, 2C, 2H, 5C, 7H, JD]
2025-01-04 19:02:06,792 - Active Player: 2
2025-01-04 19:02:06,792 - STATE LOG: END
2025-01-04 19:02:07,135 - STATE LOG: BEGIN
2025-01-04 19:02:07,135 - Noah's Hand: [4H, 6C, JH, 3C, 6H, 7C]
2025-01-04 19:02:07,135 - Eve's Hand: [5S, 6S, 7S, 4D, 5H]
2025-01-04 19:02:07,135 - Boss: Rank: 12 | Suit C | Attack 15 | Health 22
2025-01-04 19:02:07,135 - Tavern: [9H, 8H, 4C, 5D, JC, 2S, AD, 3S, TS]
2025-01-04 19:02:07,135 - Castle: [KH, KS, KC, KD, QS, QD, QH]
2025-01-04 19:02:07,135 - Discard: [9C, 7D, TC, AC, TD, 9D, AH, 3D, 8S, 8C, 4S, 3H, 9S, 2D, JS, AS, 2C, 2H, 5C, 7H, JD, 6D, TH]
2025-01-04 19:02:07,135 - Active Player: 1
2025-01-04 19:02:07,135 - STATE LOG: END
2025-01-04 19:02:08,081 - STATE LOG: BEGIN
2025-01-04 19:02:08,081 - Noah's Hand: [4H, 6C, 6H]
2025-01-04 19:02:08,081 - Eve's Hand: [5S, 6S, 7S, 4D, 5H]
2025-01-04 19:02:08,081 - Boss: Rank: 12 | Suit C | Attack 15 | Health 19
2025-01-04 19:02:08,081 - Tavern: [9H, 8H, 4C, 5D, JC, 2S, AD, 3S, TS]
2025-01-04 19:02:08,081 - Castle: [KH, KS, KC, KD, QS, QD, QH]
2025-01-04 19:02:08,081 - Discard: [9C, 7D, TC, AC, TD, 9D, AH, 3D, 8S, 8C, 4S, 3H, 9S, 2D, JS, AS, 2C, 2H, 5C, 7H, JD, 6D, TH, JH, 7C]
2025-01-04 19:02:08,081 - Active Player: 2
2025-01-04 19:02:08,081 - STATE LOG: END
2025-01-04 19:02:08,268 - STATE LOG: BEGIN
2025-01-04 19:02:08,268 - Noah's Hand: [4H, 6C, 6H]
2025-01-04 19:02:08,268 - Eve's Hand: [4D, 6S]
2025-01-04 19:02:08,268 - Boss: Rank: 12 | Suit C | Attack 5 | Health 9
2025-01-04 19:02:08,268 - Tavern: [2C, AH, 9D, TH, JS, 7D, 3D, 7C, 4S, 8S, 9H, 8H, 4C, 5D, JC, 2S, AD, 3S, TS]
2025-01-04 19:02:08,268 - Castle: [KH, KS, KC, KD, QS, QD, QH]
2025-01-04 19:02:08,268 - Discard: [5C, 2H, 2D, AS, AC, 3H, JH, TC, 8C, JD, 9C, 6D, 9S, 7H, TD, 7S]
2025-01-04 19:02:08,268 - Active Player: 1
2025-01-04 19:02:08,268 - STATE LOG: END
2025-01-04 19:02:08,550 - STATE LOG: BEGIN
2025-01-04 19:02:08,550 - Noah's Hand: [4H]
2025-01-04 19:02:08,550 - Eve's Hand: [4D, 6S]
2025-01-04 19:02:08,550 - Boss: Rank: 12 | Suit C | Attack 5 | Health 3
2025-01-04 19:02:08,550 - Tavern: [2C, AH, 9D, TH, JS, 7D, 3D, 7C, 4S, 8S, 9H, 8H, 4C, 5D, JC, 2S, AD, 3S, TS]
2025-01-04 19:02:08,550 - Castle: [KH, KS, KC, KD, QS, QD, QH]
2025-01-04 19:02:08,550 - Discard: [5C, 2H, 2D, AS, AC, 3H, JH, TC, 8C, JD, 9C, 6D, 9S, 7H, TD, 7S, 6H]
2025-01-04 19:02:08,550 - Active Player: 2
2025-01-04 19:02:08,550 - STATE LOG: END
2025-01-04 19:02:08,810 - STATE LOG: BEGIN
2025-01-04 19:02:08,810 - Noah's Hand: [4H, 3S, 2S]
2025-01-04 19:02:08,810 - Eve's Hand: [6S, TS, AD]
2025-01-04 19:02:08,810 - Boss: Rank: 12 | Suit H | Attack 15 | Health 30
2025-01-04 19:02:08,810 - Tavern: [2C, AH, 9D, TH, JS, 7D, 3D, 7C, 4S, 8S, 9H, 8H, 4C, 5D, JC]
2025-01-04 19:02:08,810 - Castle: [KH, KS, KC, KD, QS, QD]
2025-01-04 19:02:08,810 - Discard: [5C, 2H, 2D, AS, AC, 3H, JH, TC, 8C, JD, 9C, 6D, 9S, 7H, TD, 7S, 6H, 3C, 6C, 8D, 5H, 5S, 4D, QC]
2025-01-04 19:02:08,810 - Active Player: 2
2025-01-04 19:02:08,810 - STATE LOG: END
2025-01-04 19:02:09,600 - STATE LOG: BEGIN
2025-01-04 19:02:09,600 - Noah's Hand: [4H, 3S, 2S, 5D, 8H, 8S, 7C]
2025-01-04 19:02:09,600 - Eve's Hand: [6S, JC, 4C, 9H, 4S, 3D]
2025-01-04 19:02:09,600 - Boss: Rank: 12 | Suit H | Attack 4 | Health 19
2025-01-04 19:02:09,600 - Tavern: [2C, AH, 9D, TH, JS]
2025-01-04 19:02:09,600 - Castle: [KH, KS, KC, KD, QS, QD]
2025-01-04 19:02:09,600 - Discard: [5C, 2H, 2D, AS, AC, 3H, JH, TC, 8C, JD, 9C, 6D, 9S, 7H, TD, 7S, 6H, 3C, 6C, 8D, 5H, 5S, 4D, QC, 7D]
2025-01-04 19:02:09,600 - Active Player: 1
2025-01-04 19:02:09,600 - STATE LOG: END
2025-01-04 19:02:19,601 - STATE LOG: BEGIN
2025-01-04 19:02:19,601 - Noah's Hand: [2S, 3S, 4H, 5D, 7C, 8H]
2025-01-04 19:02:19,601 - Eve's Hand: [6S, JC, 4C, 9H, 4S, 3D]
2025-01-04 19:02:19,601 - Boss: Rank: 12 | Suit H | Attack 4 | Health 19
2025-01-04 19:02:19,601 - Tavern: [2C, AH, 9D, TH, JS]
2025-01-04 19:02:19,601 - Castle: [KH, KS, KC, KD, QS, QD]
2025-01-04 19:02:19,601 - Discard: [5C, 2H, 2D, AS, AC, 3H, JH, TC, 8C, JD, 9C, 6D, 9S, 7H, TD, 7S, 6H, 3C, 6C, 8D, 5H, 5S, 4D, QC, 7D, 8S]
2025-01-04 19:02:19,601 - Active Player: 2
2025-01-04 19:02:19,601 - STATE LOG: END
2025-01-04 19:02:19,669 - STATE LOG: BEGIN
2025-01-04 19:02:19,669 - Noah's Hand: [2S, 3S, 4H, 5D, 7C, 8H, TH]
2025-01-04 19:02:19,669 - Eve's Hand: [4C, 6S, JC, 4S, 9H, JS]
2025-01-04 19:02:19,669 - Boss: Rank: 12 | Suit H | Attack 4 | Health 16
2025-01-04 19:02:19,669 - Tavern: [2C, AH]
2025-01-04 19:02:19,669 - Castle: [KH, KS, KC, KD, QS, QD]
2025-01-04 19:02:19,669 - Discard: [5C, 2H, 2D, AS, AC, 3H, JH, TC, 8C, JD, 9C, 6D, 9S, 7H, TD, 7S, 6H, 3C, 6C, 8D, 5H, 5S, 4D, QC, 7D, 8S, 9D]
2025-01-04 19:02:19,669 - Active Player: 1
2025-01-04 19:02:19,669 - STATE LOG: END
2025-01-04 19:02:27,291 - STATE LOG: BEGIN
2025-01-04 19:02:27,292 - Noah's Hand: [2S, 3S, 4H, 5D, 7C, 8H]
2025-01-04 19:02:27,292 - Eve's Hand: [4C, 6S, JC, 4S, 9H, JS]
2025-01-04 19:02:27,292 - Boss: Rank: 12 | Suit H | Attack 4 | Health 16
2025-01-04 19:02:27,292 - Tavern: [2C, AH]
2025-01-04 19:02:27,293 - Castle: [KH, KS, KC, KD, QS, QD]
2025-01-04 19:02:27,293 - Discard: [5C, 2H, 2D, AS, AC, 3H, JH, TC, 8C, JD, 9C, 6D, 9S, 7H, TD, 7S, 6H, 3C, 6C, 8D, 5H, 5S, 4D, QC, 7D, 8S, 9D, TH]
2025-01-04 19:02:27,293 - Active Player: 2
2025-01-04 19:02:27,293 - STATE LOG: END
2025-01-04 19:02:30,986 - STATE LOG: BEGIN
2025-01-04 19:02:30,986 - Noah's Hand: [2S, 3S, 4H, 5D, 7C, 8H]
2025-01-04 19:02:30,986 - Eve's Hand: [4C, 6S, JC, 4S, 9H]
2025-01-04 19:02:30,986 - Boss: Rank: 12 | Suit H | Attack 0 | Health 5
2025-01-04 19:02:30,986 - Tavern: [2C, AH]
2025-01-04 19:02:30,986 - Castle: [KH, KS, KC, KD, QS, QD]
2025-01-04 19:02:30,986 - Discard: [5C, 2H, 2D, AS, AC, 3H, JH, TC, 8C, JD, 9C, 6D, 9S, 7H, TD, 7S, 6H, 3C, 6C, 8D, 5H, 5S, 4D, QC, 7D, 8S, 9D, TH]
2025-01-04 19:02:30,986 - Active Player: 1
2025-01-04 19:02:30,986 - STATE LOG: END
2025-01-04 19:02:31,032 - STATE LOG: BEGIN
2025-01-04 19:02:31,032 - Noah's Hand: [2S, 4H, 5D, 7C, 8H]
2025-01-04 19:02:31,032 - Eve's Hand: [4C, 6S, JC, 4S, 9H]
2025-01-04 19:02:31,032 - Boss: Rank: 12 | Suit H | Attack 0 | Health 2
2025-01-04 19:02:31,032 - Tavern: [2C, AH]
2025-01-04 19:02:31,032 - Castle: [KH, KS, KC, KD, QS, QD]
2025-01-04 19:02:31,032 - Discard: [5C, 2H, 2D, AS, AC, 3H, JH, TC, 8C, JD, 9C, 6D, 9S, 7H, TD, 7S, 6H, 3C, 6C, 8D, 5H, 5S, 4D, QC, 7D, 8S, 9D, TH]
2025-01-04 19:02:31,032 - Active Player: 2
2025-01-04 19:02:31,032 - STATE LOG: END
2025-01-04 19:02:32,150 - STATE LOG: BEGIN
2025-01-04 19:02:32,150 - Noah's Hand: [2S, 4H, 5D, 7C, 8H]
2025-01-04 19:02:32,150 - Eve's Hand: [6S, JC, 9H]
2025-01-04 19:02:32,150 - Boss: Rank: 12 | Suit D | Attack 15 | Health 30
2025-01-04 19:02:32,150 - Tavern: [2C, AH]
2025-01-04 19:02:32,150 - Castle: [KH, KS, KC, KD, QS]
2025-01-04 19:02:32,151 - Discard: [5C, 2H, 2D, AS, AC, 3H, JH, TC, 8C, JD, 9C, 6D, 9S, 7H, TD, 7S, 6H, 3C, 6C, 8D, 5H, 5S, 4D, QC, 7D, 8S, 9D, TH, 3S, AD, TS, 3D, JS, 4C, 4S, QH]
2025-01-04 19:02:32,151 - Active Player: 2
2025-01-04 19:02:32,151 - STATE LOG: END
2025-01-04 19:02:32,249 - STATE LOG: BEGIN
2025-01-04 19:02:32,249 - Noah's Hand: [2S, 4H, 5D, 7C, 8H]
2025-01-04 19:02:32,249 - Eve's Hand: [JC]
2025-01-04 19:02:32,249 - Boss: Rank: 12 | Suit D | Attack 9 | Health 24
2025-01-04 19:02:32,249 - Tavern: [2C, AH]
2025-01-04 19:02:32,249 - Castle: [KH, KS, KC, KD, QS]
2025-01-04 19:02:32,249 - Discard: [5C, 2H, 2D, AS, AC, 3H, JH, TC, 8C, JD, 9C, 6D, 9S, 7H, TD, 7S, 6H, 3C, 6C, 8D, 5H, 5S, 4D, QC, 7D, 8S, 9D, TH, 3S, AD, TS, 3D, JS, 4C, 4S, QH, 9H]
2025-01-04 19:02:32,249 - Active Player: 1
2025-01-04 19:02:32,249 - STATE LOG: END
2025-01-04 19:02:32,280 - STATE LOG: BEGIN
2025-01-04 19:02:32,280 - Noah's Hand: [2S, 4H]
2025-01-04 19:02:32,280 - Eve's Hand: [JC]
2025-01-04 19:02:32,280 - Boss: Rank: 12 | Suit D | Attack 9 | Health 10
2025-01-04 19:02:32,280 - Tavern: [2C, AH]
2025-01-04 19:02:32,280 - Castle: [KH, KS, KC, KD, QS]
2025-01-04 19:02:32,280 - Discard: [5C, 2H, 2D, AS, AC, 3H, JH, TC, 8C, JD, 9C, 6D, 9S, 7H, TD, 7S, 6H, 3C, 6C, 8D, 5H, 5S, 4D, QC, 7D, 8S, 9D, TH, 3S, AD, TS, 3D, JS, 4C, 4S, QH, 9H, 8H, 5D]
2025-01-04 19:02:32,280 - Active Player: 2
2025-01-04 19:02:32,280 - STATE LOG: END
2025-01-04 19:02:32,286 - STATE LOG: BEGIN
2025-01-04 19:02:32,286 - Noah's Hand: [2S, 4H]
2025-01-04 19:02:32,286 - Eve's Hand: []
2025-01-04 19:02:32,286 - Boss: Rank: 12 | Suit D | Attack 9 | Health 10
2025-01-04 19:02:32,286 - Tavern: [2C, AH]
2025-01-04 19:02:32,286 - Castle: [KH, KS, KC, KD, QS]
2025-01-04 19:02:32,286 - Discard: [5C, 2H, 2D, AS, AC, 3H, JH, TC, 8C, JD, 9C, 6D, 9S, 7H, TD, 7S, 6H, 3C, 6C, 8D, 5H, 5S, 4D, QC, 7D, 8S, 9D, TH, 3S, AD, TS, 3D, JS, 4C, 4S, QH, 9H, 8H, 5D]
2025-01-04 19:02:32,286 - Active Player: 1
2025-01-04 19:02:32,286 - STATE LOG: END
