2025-01-04 16:02:08,696 - I log states! :D
2025-01-04 16:02:08,696 - STATE LOG: BEGIN
2025-01-04 16:02:08,696 - Noah's Hand: [6S, 6C, TD, 4D, 9D, TH, 3H]
2025-01-04 16:02:08,696 - Eve's Hand: [5D, 8C, 4H, TC, 8D, 7C, 2S]
2025-01-04 16:02:08,696 - Boss: Rank: 11 | Suit D | Attack 10 | Health 20
2025-01-04 16:02:08,696 - Tavern: [3C, 5C, 9S, 9H, 7H, AH, AS, 3D, 8S, 7D, 6D, 6H, 2C, AD, 8H, 3S, 4C, 5S, AC, 7S, 5H, 9C, 2D, 2H, 4S, TS]
2025-01-04 16:02:08,696 - Castle: [KC, KS, KH, KD, QC, QH, QS, QD, JC, JH, JS]
2025-01-04 16:02:08,696 - Discard: []
2025-01-04 16:02:08,696 - Active Player: 1
2025-01-04 16:02:08,696 - STATE LOG: END
2025-01-04 16:02:09,286 - STATE LOG: BEGIN
2025-01-04 16:02:09,287 - Noah's Hand: [3H, 4D, 6S, 9D, TD]
2025-01-04 16:02:09,287 - Eve's Hand: [5D, 8C, 4H, TC, 8D, 7C, 2S]
2025-01-04 16:02:09,287 - Boss: Rank: 11 | Suit D | Attack 10 | Health 8
2025-01-04 16:02:09,287 - Tavern: [3C, 5C, 9S, 9H, 7H, AH, AS, 3D, 8S, 7D, 6D, 6H, 2C, AD, 8H, 3S, 4C, 5S, AC, 7S, 5H, 9C, 2D, 2H, 4S, TS]
2025-01-04 16:02:09,287 - Castle: [KC, KS, KH, KD, QC, QH, QS, QD, JC, JH, JS]
2025-01-04 16:02:09,287 - Discard: [TH]
2025-01-04 16:02:09,287 - Active Player: 2
2025-01-04 16:02:09,287 - STATE LOG: END
2025-01-04 16:02:09,938 - STATE LOG: BEGIN
2025-01-04 16:02:09,938 - Noah's Hand: [3H, 4D, 6S, 9D, TD]
2025-01-04 16:02:09,938 - Eve's Hand: [2S, 4H, 5D, 7C, 8D, TC]
2025-01-04 16:02:09,938 - Boss: Rank: 11 | Suit S | Attack 10 | Health 20
2025-01-04 16:02:09,938 - Tavern: [3C, 5C, 9S, 9H, 7H, AH, AS, 3D, 8S, 7D, 6D, 6H, 2C, AD, 8H, 3S, 4C, 5S, AC, 7S, 5H, 9C, 2D, 2H, 4S, TS]
2025-01-04 16:02:09,938 - Castle: [KC, KS, KH, KD, QC, QH, QS, QD, JC, JH]
2025-01-04 16:02:09,938 - Discard: [TH, 6C, 8C, JD]
2025-01-04 16:02:09,938 - Active Player: 2
2025-01-04 16:02:09,938 - STATE LOG: END
2025-01-04 16:02:10,671 - STATE LOG: BEGIN
2025-01-04 16:02:10,671 - Noah's Hand: [3H, 4D, 6S, 9D, TD, 4S, 2D]
2025-01-04 16:02:10,671 - Eve's Hand: [2S, 4H, 5D, 7C, TC]
2025-01-04 16:02:10,671 - Boss: Rank: 11 | Suit S | Attack 10 | Health 12
2025-01-04 16:02:10,671 - Tavern: [3C, 5C, 9S, 9H, 7H, AH, AS, 3D, 8S, 7D, 6D, 6H, 2C, AD, 8H, 3S, 4C, 5S, AC, 7S, 5H, 9C]
2025-01-04 16:02:10,671 - Castle: [KC, KS, KH, KD, QC, QH, QS, QD, JC, JH]
2025-01-04 16:02:10,671 - Discard: [TH, 6C, 8C, JD, 2H, TS]
2025-01-04 16:02:10,671 - Active Player: 1
2025-01-04 16:02:10,671 - STATE LOG: END
2025-01-04 16:02:11,359 - STATE LOG: BEGIN
2025-01-04 16:02:11,359 - Noah's Hand: [2D, 3H, 4D, 4S, 6S]
2025-01-04 16:02:11,359 - Eve's Hand: [2S, 4H, 5D, 7C, TC, 5H, 7S]
2025-01-04 16:02:11,359 - Boss: Rank: 11 | Suit S | Attack 10 | Health 3
2025-01-04 16:02:11,359 - Tavern: [3C, 5C, 9S, 9H, 7H, AH, AS, 3D, 8S, 7D, 6D, 6H, 2C, AD, 8H, 3S, 4C, 5S, AC]
2025-01-04 16:02:11,359 - Castle: [KC, KS, KH, KD, QC, QH, QS, QD, JC, JH]
2025-01-04 16:02:11,359 - Discard: [TH, 6C, 8C, JD, 2H, TS, 9C, TD]
2025-01-04 16:02:11,359 - Active Player: 2
2025-01-04 16:02:11,359 - STATE LOG: END
2025-01-04 16:02:12,090 - STATE LOG: BEGIN
2025-01-04 16:02:12,090 - Noah's Hand: [2D, 3H, 4D, 4S, 6S]
2025-01-04 16:02:12,090 - Eve's Hand: [4H, 5D, 5H, 7C, 7S]
2025-01-04 16:02:12,090 - Boss: Rank: 11 | Suit S | Attack 10 | Health 1
2025-01-04 16:02:12,090 - Tavern: [3C, 5C, 9S, 9H, 7H, AH, AS, 3D, 8S, 7D, 6D, 6H, 2C, AD, 8H, 3S, 4C, 5S, AC]
2025-01-04 16:02:12,090 - Castle: [KC, KS, KH, KD, QC, QH, QS, QD, JC, JH]
2025-01-04 16:02:12,090 - Discard: [TH, 6C, 8C, JD, 2H, TS, 9C, TD, TC]
2025-01-04 16:02:12,090 - Active Player: 1
2025-01-04 16:02:12,090 - STATE LOG: END
2025-01-04 16:02:12,795 - STATE LOG: BEGIN
2025-01-04 16:02:12,796 - Noah's Hand: [2D, 3H, 6S, AC, 4C, 8H, AD]
2025-01-04 16:02:12,796 - Eve's Hand: [4H, 5D, 5H, 7C, 7S, 5S, 3S]
2025-01-04 16:02:12,796 - Boss: Rank: 11 | Suit H | Attack 10 | Health 20
2025-01-04 16:02:12,796 - Tavern: [3C, 5C, 9S, 9H, 7H, AH, AS, 3D, 8S, 7D, 6D, 6H, 2C]
2025-01-04 16:02:12,796 - Castle: [KC, KS, KH, KD, QC, QH, QS, QD, JC]
2025-01-04 16:02:12,796 - Discard: [TH, 6C, 8C, JD, 2H, TS, 9C, TD, TC, 9D, 4D, 4S, 8D, 2S, JS]
2025-01-04 16:02:12,796 - Active Player: 1
2025-01-04 16:02:12,796 - STATE LOG: END
2025-01-04 16:02:13,590 - STATE LOG: BEGIN
2025-01-04 16:02:13,590 - Noah's Hand: [AC, AD, 3H, 4C, 6S]
2025-01-04 16:02:13,590 - Eve's Hand: [4H, 5D, 5H, 7C, 7S, 5S, 3S]
2025-01-04 16:02:13,590 - Boss: Rank: 11 | Suit H | Attack 10 | Health 18
2025-01-04 16:02:13,590 - Tavern: [3C, 5C, 9S, 9H, 7H, AH, AS, 3D, 8S, 7D, 6D, 6H]
2025-01-04 16:02:13,590 - Castle: [KC, KS, KH, KD, QC, QH, QS, QD, JC]
2025-01-04 16:02:13,590 - Discard: [TH, 6C, 8C, JD, 2H, TS, 9C, TD, TC, 9D, 4D, 4S, 8D, 2S, JS, 2C, 8H]
2025-01-04 16:02:13,590 - Active Player: 2
2025-01-04 16:02:13,590 - STATE LOG: END
2025-01-04 16:02:14,360 - STATE LOG: BEGIN
2025-01-04 16:02:14,360 - Noah's Hand: [AC, AD, 3H, 4C, 6S, 6D, 8S]
2025-01-04 16:02:14,360 - Eve's Hand: [3S, 4H, 5H, 7C, 7S, 6H, 7D]
2025-01-04 16:02:14,360 - Boss: Rank: 11 | Suit H | Attack 0 | Health 8
2025-01-04 16:02:14,360 - Tavern: [3C, 5C, 9S, 9H, 7H, AH, AS, 3D]
2025-01-04 16:02:14,360 - Castle: [KC, KS, KH, KD, QC, QH, QS, QD, JC]
2025-01-04 16:02:14,360 - Discard: [TH, 6C, 8C, JD, 2H, TS, 9C, TD, TC, 9D, 4D, 4S, 8D, 2S, JS, 2C, 8H]
2025-01-04 16:02:14,360 - Active Player: 1
2025-01-04 16:02:14,360 - STATE LOG: END
2025-01-04 16:02:15,158 - STATE LOG: BEGIN
2025-01-04 16:02:15,158 - Noah's Hand: [AC, AD, 3H, 6D, 6S, 8S]
2025-01-04 16:02:15,158 - Eve's Hand: [3S, 4H, 5H, 7C, 7S, 6H, 7D]
2025-01-04 16:02:15,158 - Boss: Rank: 11 | Suit C | Attack 10 | Health 20
2025-01-04 16:02:15,158 - Tavern: [3C, 5C, 9S, 9H, 7H, AH, AS, 3D]
2025-01-04 16:02:15,158 - Castle: [KC, KS, KH, KD, QC, QH, QS, QD]
2025-01-04 16:02:15,158 - Discard: [TH, 6C, 8C, JD, 2H, TS, 9C, TD, TC, 9D, 4D, 4S, 8D, 2S, JS, 2C, 8H, 2D, 4C, 5D, 5S]
2025-01-04 16:02:15,158 - Active Player: 1
2025-01-04 16:02:15,158 - STATE LOG: END
2025-01-04 16:02:15,834 - STATE LOG: BEGIN
2025-01-04 16:02:15,834 - Noah's Hand: [AC, 3H, 6D, 6S, JH, 3D]
2025-01-04 16:02:15,834 - Eve's Hand: [3S, 4H, 5H, 7C, 7S, 6H, 7D]
2025-01-04 16:02:15,834 - Boss: Rank: 11 | Suit C | Attack 1 | Health 11
2025-01-04 16:02:15,834 - Tavern: [3C, 5C, 9S, 9H, 7H, AH]
2025-01-04 16:02:15,834 - Castle: [KC, KS, KH, KD, QC, QH, QS, QD]
2025-01-04 16:02:15,834 - Discard: [TH, 6C, 8C, JD, 2H, TS, 9C, TD, TC, 9D, 4D, 4S, 8D, 2S, JS, 2C, 8H, 2D, 4C, 5D, 5S, AS]
2025-01-04 16:02:15,834 - Active Player: 2
2025-01-04 16:02:15,834 - STATE LOG: END
2025-01-04 16:02:16,487 - STATE LOG: BEGIN
2025-01-04 16:02:16,487 - Noah's Hand: [AC, 3H, 6D, 6S, JH, 3D]
2025-01-04 16:02:16,487 - Eve's Hand: [3S, 4H, 5H, 6H, 7C, 7D]
2025-01-04 16:02:16,487 - Boss: Rank: 11 | Suit C | Attack 1 | Health 11
2025-01-04 16:02:16,487 - Tavern: [3C, 5C, 9S, 9H, 7H, AH]
2025-01-04 16:02:16,487 - Castle: [KC, KS, KH, KD, QC, QH, QS, QD]
2025-01-04 16:02:16,487 - Discard: [TH, 6C, 8C, JD, 2H, TS, 9C, TD, TC, 9D, 4D, 4S, 8D, 2S, JS, 2C, 8H, 2D, 4C, 5D, 5S, AS, 7S]
2025-01-04 16:02:16,487 - Active Player: 1
2025-01-04 16:02:16,487 - STATE LOG: END
2025-01-04 16:02:17,089 - STATE LOG: BEGIN
2025-01-04 16:02:17,090 - Noah's Hand: [3D, 3H, 6D, 6S]
2025-01-04 16:02:17,090 - Eve's Hand: [3S, 4H, 5H, 6H, 7C, 7D]
2025-01-04 16:02:17,090 - Boss: Rank: 11 | Suit C | Attack 1 | Health 10
2025-01-04 16:02:17,090 - Tavern: [3C, 5C, 9S, 9H, 7H, AH]
2025-01-04 16:02:17,090 - Castle: [KC, KS, KH, KD, QC, QH, QS, QD]
2025-01-04 16:02:17,090 - Discard: [TH, 6C, 8C, JD, 2H, TS, 9C, TD, TC, 9D, 4D, 4S, 8D, 2S, JS, 2C, 8H, 2D, 4C, 5D, 5S, AS, 7S, JH]
2025-01-04 16:02:17,090 - Active Player: 2
2025-01-04 16:02:17,090 - STATE LOG: END
2025-01-04 16:02:17,702 - STATE LOG: BEGIN
2025-01-04 16:02:17,702 - Noah's Hand: [3D, 3H, 6D, 6S]
2025-01-04 16:02:17,702 - Eve's Hand: [3S, 4H, 5H, 6H, 7C]
2025-01-04 16:02:17,702 - Boss: Rank: 11 | Suit C | Attack 1 | Health 10
2025-01-04 16:02:17,702 - Tavern: [3C, 5C, 9S, 9H, 7H, AH]
2025-01-04 16:02:17,702 - Castle: [KC, KS, KH, KD, QC, QH, QS, QD]
2025-01-04 16:02:17,702 - Discard: [TH, 6C, 8C, JD, 2H, TS, 9C, TD, TC, 9D, 4D, 4S, 8D, 2S, JS, 2C, 8H, 2D, 4C, 5D, 5S, AS, 7S, JH, 7D]
2025-01-04 16:02:17,702 - Active Player: 1
2025-01-04 16:02:17,702 - STATE LOG: END
2025-01-04 16:02:18,286 - STATE LOG: BEGIN
2025-01-04 16:02:18,286 - Noah's Hand: [3H, 6D, 6S, AH]
2025-01-04 16:02:18,286 - Eve's Hand: [3S, 4H, 5H, 6H, 7C, 7H]
2025-01-04 16:02:18,286 - Boss: Rank: 11 | Suit C | Attack 1 | Health 7
2025-01-04 16:02:18,286 - Tavern: [3C, 5C, 9S]
2025-01-04 16:02:18,286 - Castle: [KC, KS, KH, KD, QC, QH, QS, QD]
2025-01-04 16:02:18,286 - Discard: [TH, 6C, 8C, JD, 2H, TS, 9C, TD, TC, 9D, 4D, 4S, 8D, 2S, JS, 2C, 8H, 2D, 4C, 5D, 5S, AS, 7S, JH, 7D, 9H]
2025-01-04 16:02:18,286 - Active Player: 2
2025-01-04 16:02:18,286 - STATE LOG: END
2025-01-04 16:02:18,842 - STATE LOG: BEGIN
2025-01-04 16:02:18,842 - Noah's Hand: [3H, 6D, 6S, AH]
2025-01-04 16:02:18,842 - Eve's Hand: [3S, 4H, 5H, 6H, 7C]
2025-01-04 16:02:18,842 - Boss: Rank: 11 | Suit C | Attack 1 | Health 7
2025-01-04 16:02:18,842 - Tavern: [3C, 5C, 9S]
2025-01-04 16:02:18,842 - Castle: [KC, KS, KH, KD, QC, QH, QS, QD]
2025-01-04 16:02:18,842 - Discard: [TH, 6C, 8C, JD, 2H, TS, 9C, TD, TC, 9D, 4D, 4S, 8D, 2S, JS, 2C, 8H, 2D, 4C, 5D, 5S, AS, 7S, JH, 7D, 9H, 7H]
2025-01-04 16:02:18,842 - Active Player: 1
2025-01-04 16:02:18,842 - STATE LOG: END
2025-01-04 16:02:19,236 - STATE LOG: BEGIN
2025-01-04 16:02:19,236 - Noah's Hand: [3H, 6S, 9S, 3C, 8C, TC, 5D]
2025-01-04 16:02:19,236 - Eve's Hand: [3S, 4H, 5H, 6H, 7C, 5C, 7H]
2025-01-04 16:02:19,236 - Boss: Rank: 12 | Suit D | Attack 15 | Health 30
2025-01-04 16:02:19,236 - Tavern: [JD, 2S, AS]
2025-01-04 16:02:19,236 - Castle: [KC, KS, KH, KD, QC, QH, QS]
2025-01-04 16:02:19,236 - Discard: [2D, 9D, 6C, 4C, 7D, JH, JS, 4S, 4D, 9H, 8H, TH, TS, 9C, 8D, 2H, 7S, 5S, 2C, TD, AD, 8S, AC, 3D, AH, 6D]
2025-01-04 16:02:19,236 - Active Player: 1
2025-01-04 16:02:19,236 - STATE LOG: END
2025-01-04 16:02:19,848 - STATE LOG: BEGIN
2025-01-04 16:02:19,848 - Noah's Hand: [3C, 3H, 5D, 6S, 8C]
2025-01-04 16:02:19,848 - Eve's Hand: [3S, 4H, 5H, 6H, 7C, 5C, 7H]
2025-01-04 16:02:19,848 - Boss: Rank: 12 | Suit D | Attack 6 | Health 21
2025-01-04 16:02:19,848 - Tavern: [JD, 2S, AS]
2025-01-04 16:02:19,848 - Castle: [KC, KS, KH, KD, QC, QH, QS]
2025-01-04 16:02:19,849 - Discard: [2D, 9D, 6C, 4C, 7D, JH, JS, 4S, 4D, 9H, 8H, TH, TS, 9C, 8D, 2H, 7S, 5S, 2C, TD, AD, 8S, AC, 3D, AH, 6D, TC]
2025-01-04 16:02:19,849 - Active Player: 2
2025-01-04 16:02:19,849 - STATE LOG: END
2025-01-04 16:02:20,475 - STATE LOG: BEGIN
2025-01-04 16:02:20,475 - Noah's Hand: [3C, 3H, 5D, 6S, 8C]
2025-01-04 16:02:20,475 - Eve's Hand: [3S, 4H, 5C, 6H, 7C]
2025-01-04 16:02:20,475 - Boss: Rank: 12 | Suit D | Attack 6 | Health 16
2025-01-04 16:02:20,475 - Tavern: [AD, 5S, 2D, 6D, 7D, JD, 2S, AS]
2025-01-04 16:02:20,475 - Castle: [KC, KS, KH, KD, QC, QH, QS]
2025-01-04 16:02:20,475 - Discard: [8H, 3D, TH, TC, 2H, 4S, JS, 9D, 8D, AC, 9C, 6C, 4D, 2C, TD, TS, JH, AH, 9H, 8S, 4C, 7S, 7H]
2025-01-04 16:02:20,475 - Active Player: 1
2025-01-04 16:02:20,475 - STATE LOG: END
2025-01-04 16:02:20,927 - STATE LOG: BEGIN
2025-01-04 16:02:20,927 - Noah's Hand: [3C, 3H, 5D, 6S]
2025-01-04 16:02:20,927 - Eve's Hand: [3S, 4H, 5C, 6H, 7C]
2025-01-04 16:02:20,927 - Boss: Rank: 12 | Suit D | Attack 6 | Health 16
2025-01-04 16:02:20,927 - Tavern: [AD, 5S, 2D, 6D, 7D, JD, 2S, AS]
2025-01-04 16:02:20,927 - Castle: [KC, KS, KH, KD, QC, QH, QS]
2025-01-04 16:02:20,927 - Discard: [8H, 3D, TH, TC, 2H, 4S, JS, 9D, 8D, AC, 9C, 6C, 4D, 2C, TD, TS, JH, AH, 9H, 8S, 4C, 7S, 7H, 8C]
2025-01-04 16:02:20,927 - Active Player: 2
2025-01-04 16:02:20,927 - STATE LOG: END
2025-01-04 16:02:21,433 - STATE LOG: BEGIN
2025-01-04 16:02:21,433 - Noah's Hand: [3C, 3H, 5D, 6S]
2025-01-04 16:02:21,433 - Eve's Hand: [4H, 5C, 6H]
2025-01-04 16:02:21,433 - Boss: Rank: 12 | Suit D | Attack 3 | Health 13
2025-01-04 16:02:21,433 - Tavern: [AD, 5S, 2D, 6D, 7D, JD, 2S, AS]
2025-01-04 16:02:21,433 - Castle: [KC, KS, KH, KD, QC, QH, QS]
2025-01-04 16:02:21,433 - Discard: [8H, 3D, TH, TC, 2H, 4S, JS, 9D, 8D, AC, 9C, 6C, 4D, 2C, TD, TS, JH, AH, 9H, 8S, 4C, 7S, 7H, 8C, 7C]
2025-01-04 16:02:21,433 - Active Player: 1
2025-01-04 16:02:21,433 - STATE LOG: END
2025-01-04 16:02:21,627 - STATE LOG: BEGIN
2025-01-04 16:02:21,627 - Noah's Hand: [3C, 3H, 5D]
2025-01-04 16:02:21,627 - Eve's Hand: [4H, 5C, 6H]
2025-01-04 16:02:21,627 - Boss: Rank: 12 | Suit D | Attack 3 | Health 13
2025-01-04 16:02:21,627 - Tavern: [AD, 5S, 2D, 6D, 7D, JD, 2S, AS]
2025-01-04 16:02:21,627 - Castle: [KC, KS, KH, KD, QC, QH, QS]
2025-01-04 16:02:21,627 - Discard: [8H, 3D, TH, TC, 2H, 4S, JS, 9D, 8D, AC, 9C, 6C, 4D, 2C, TD, TS, JH, AH, 9H, 8S, 4C, 7S, 7H, 8C, 7C, 6S]
2025-01-04 16:02:21,627 - Active Player: 2
2025-01-04 16:02:21,627 - STATE LOG: END
2025-01-04 16:02:21,699 - STATE LOG: BEGIN
2025-01-04 16:02:21,700 - Noah's Hand: [3C, 3H, 5D]
2025-01-04 16:02:21,700 - Eve's Hand: [5C]
2025-01-04 16:02:21,700 - Boss: Rank: 12 | Suit D | Attack 3 | Health 9
2025-01-04 16:02:21,700 - Tavern: [9C, 4C, 2C, 8H, AD, 5S, 2D, 6D, 7D, JD, 2S, AS]
2025-01-04 16:02:21,700 - Castle: [KC, KS, KH, KD, QC, QH, QS]
2025-01-04 16:02:21,700 - Discard: [4S, TH, 4D, 2H, 6C, 9H, 8D, JS, 8S, AC, TS, 7S, JH, 7H, 8C, 9D, 7C, 6S, AH, TD, TC, 3D, 6H]
2025-01-04 16:02:21,700 - Active Player: 1
2025-01-04 16:02:21,700 - STATE LOG: END
2025-01-04 16:02:21,719 - STATE LOG: BEGIN
2025-01-04 16:02:21,719 - Noah's Hand: [3C, 3H]
2025-01-04 16:02:21,719 - Eve's Hand: [5C]
2025-01-04 16:02:21,719 - Boss: Rank: 12 | Suit D | Attack 3 | Health 9
2025-01-04 16:02:21,719 - Tavern: [9C, 4C, 2C, 8H, AD, 5S, 2D, 6D, 7D, JD, 2S, AS]
2025-01-04 16:02:21,719 - Castle: [KC, KS, KH, KD, QC, QH, QS]
2025-01-04 16:02:21,719 - Discard: [4S, TH, 4D, 2H, 6C, 9H, 8D, JS, 8S, AC, TS, 7S, JH, 7H, 8C, 9D, 7C, 6S, AH, TD, TC, 3D, 6H, 5D]
2025-01-04 16:02:21,719 - Active Player: 2
2025-01-04 16:02:21,720 - STATE LOG: END
2025-01-04 16:02:21,722 - STATE LOG: BEGIN
2025-01-04 16:02:21,722 - Noah's Hand: [3C, 3H]
2025-01-04 16:02:21,722 - Eve's Hand: []
2025-01-04 16:02:21,722 - Boss: Rank: 12 | Suit S | Attack 15 | Health 30
2025-01-04 16:02:21,722 - Tavern: [9C, 4C, 2C, 8H, AD, 5S, 2D, 6D, 7D, JD, 2S, AS]
2025-01-04 16:02:21,722 - Castle: [KC, KS, KH, KD, QC, QH]
2025-01-04 16:02:21,722 - Discard: [4S, TH, 4D, 2H, 6C, 9H, 8D, JS, 8S, AC, TS, 7S, JH, 7H, 8C, 9D, 7C, 6S, AH, TD, TC, 3D, 6H, 5D, 9S, 5H, 3S, 4H, 5C, QD]
2025-01-04 16:02:21,722 - Active Player: 2
2025-01-04 16:02:21,722 - STATE LOG: END
2025-01-04 16:02:21,724 - STATE LOG: BEGIN
2025-01-04 16:02:21,724 - Noah's Hand: [3C, 3H]
2025-01-04 16:02:21,724 - Eve's Hand: []
2025-01-04 16:02:21,724 - Boss: Rank: 12 | Suit S | Attack 15 | Health 30
2025-01-04 16:02:21,724 - Tavern: [9C, 4C, 2C, 8H, AD, 5S, 2D, 6D, 7D, JD, 2S, AS]
2025-01-04 16:02:21,724 - Castle: [KC, KS, KH, KD, QC, QH]
2025-01-04 16:02:21,724 - Discard: [4S, TH, 4D, 2H, 6C, 9H, 8D, JS, 8S, AC, TS, 7S, JH, 7H, 8C, 9D, 7C, 6S, AH, TD, TC, 3D, 6H, 5D, 9S, 5H, 3S, 4H, 5C, QD]
2025-01-04 16:02:21,724 - Active Player: 1
2025-01-04 16:02:21,724 - STATE LOG: END
