2025-01-04 19:44:35,263 - I log states! :D
2025-01-04 19:44:35,263 - STATE LOG: BEGIN
2025-01-04 19:44:35,264 - Noah's Hand: [AS, 4H, 6C, 7H, 8D, 7C, 8C]
2025-01-04 19:44:35,264 - Eve's Hand: [AC, 7S, 2H, 8H, 5H, 6H, 5C]
2025-01-04 19:44:35,264 - Boss: Rank: 11 | Suit H | Attack 10 | Health 20
2025-01-04 19:44:35,264 - Tavern: [5S, 3S, AD, 3C, 9D, 9H, 2C, TD, 4S, 5D, TS, 6D, 7D, AH, 2S, 2D, TH, 3H, 6S, TC, 9S, 4C, 9C, 4D, 8S, 3D]
2025-01-04 19:44:35,264 - Castle: [KH, KS, KD, KC, QH, QS, QC, QD, JD, JS, JC]
2025-01-04 19:44:35,264 - Discard: []
2025-01-04 19:44:35,264 - Active Player: 1
2025-01-04 19:44:35,264 - STATE LOG: END
2025-01-04 19:44:44,488 - STATE LOG: BEGIN
2025-01-04 19:44:44,489 - Noah's Hand: [4H, 7C, 7H, 8C]
2025-01-04 19:44:44,489 - Eve's Hand: [AC, 7S, 2H, 8H, 5H, 6H, 5C]
2025-01-04 19:44:44,489 - Boss: Rank: 11 | Suit H | Attack 3 | Health 6
2025-01-04 19:44:44,489 - Tavern: [5S, 3S, AD, 3C, 9D, 9H, 2C, TD, 4S, 5D, TS, 6D, 7D, AH, 2S, 2D, TH, 3H, 6S, TC, 9S, 4C, 9C, 4D, 8S, 3D]
2025-01-04 19:44:44,489 - Castle: [KH, KS, KD, KC, QH, QS, QC, QD, JD, JS, JC]
2025-01-04 19:44:44,489 - Discard: [8D]
2025-01-04 19:44:44,489 - Active Player: 2
2025-01-04 19:44:44,489 - STATE LOG: END
2025-01-04 19:44:47,601 - STATE LOG: BEGIN
2025-01-04 19:44:47,602 - Noah's Hand: [4H, 7C, 7H, 8C]
2025-01-04 19:44:47,603 - Eve's Hand: [2H, 5H, 6H, 7S, 8H]
2025-01-04 19:44:47,603 - Boss: Rank: 11 | Suit C | Attack 10 | Health 20
2025-01-04 19:44:47,603 - Tavern: [5S, 3S, AD, 3C, 9D, 9H, 2C, TD, 4S, 5D, TS, 6D, 7D, AH, 2S, 2D, TH, 3H, 6S, TC, 9S, 4C, 9C, 4D, 8S, 3D]
2025-01-04 19:44:47,603 - Castle: [KH, KS, KD, KC, QH, QS, QC, QD, JD, JS]
2025-01-04 19:44:47,603 - Discard: [8D, AS, 6C, AC, 5C, JH]
2025-01-04 19:44:47,603 - Active Player: 2
2025-01-04 19:44:47,603 - STATE LOG: END
2025-01-04 19:44:48,919 - STATE LOG: BEGIN
2025-01-04 19:44:48,919 - Noah's Hand: [4H, 7C, 7H, 8C]
2025-01-04 19:44:48,919 - Eve's Hand: [2H, 5H, 6H]
2025-01-04 19:44:48,919 - Boss: Rank: 11 | Suit C | Attack 3 | Health 13
2025-01-04 19:44:48,919 - Tavern: [5S, 3S, AD, 3C, 9D, 9H, 2C, TD, 4S, 5D, TS, 6D, 7D, AH, 2S, 2D, TH, 3H, 6S, TC, 9S, 4C, 9C, 4D, 8S, 3D]
2025-01-04 19:44:48,919 - Castle: [KH, KS, KD, KC, QH, QS, QC, QD, JD, JS]
2025-01-04 19:44:48,919 - Discard: [8D, AS, 6C, AC, 5C, JH, 8H]
2025-01-04 19:44:48,919 - Active Player: 1
2025-01-04 19:44:48,919 - STATE LOG: END
2025-01-04 19:44:49,260 - STATE LOG: BEGIN
2025-01-04 19:44:49,260 - Noah's Hand: [4H, 7C, 7H]
2025-01-04 19:44:49,260 - Eve's Hand: [2H, 5H, 6H]
2025-01-04 19:44:49,260 - Boss: Rank: 11 | Suit C | Attack 3 | Health 13
2025-01-04 19:44:49,260 - Tavern: [5S, 3S, AD, 3C, 9D, 9H, 2C, TD, 4S, 5D, TS, 6D, 7D, AH, 2S, 2D, TH, 3H, 6S, TC, 9S, 4C, 9C, 4D, 8S, 3D]
2025-01-04 19:44:49,260 - Castle: [KH, KS, KD, KC, QH, QS, QC, QD, JD, JS]
2025-01-04 19:44:49,260 - Discard: [8D, AS, 6C, AC, 5C, JH, 8H, 8C]
2025-01-04 19:44:49,261 - Active Player: 2
2025-01-04 19:44:49,261 - STATE LOG: END
2025-01-04 19:44:49,422 - STATE LOG: BEGIN
2025-01-04 19:44:49,423 - Noah's Hand: [4H, 7C, 7H]
2025-01-04 19:44:49,423 - Eve's Hand: [5H]
2025-01-04 19:44:49,423 - Boss: Rank: 11 | Suit C | Attack 3 | Health 11
2025-01-04 19:44:49,423 - Tavern: [AC, 8H, 5S, 3S, AD, 3C, 9D, 9H, 2C, TD, 4S, 5D, TS, 6D, 7D, AH, 2S, 2D, TH, 3H, 6S, TC, 9S, 4C, 9C, 4D, 8S, 3D]
2025-01-04 19:44:49,423 - Castle: [KH, KS, KD, KC, QH, QS, QC, QD, JD, JS]
2025-01-04 19:44:49,423 - Discard: [8D, 8C, 6C, 5C, AS, JH, 6H]
2025-01-04 19:44:49,423 - Active Player: 1
2025-01-04 19:44:49,423 - STATE LOG: END
2025-01-04 19:44:49,471 - STATE LOG: BEGIN
2025-01-04 19:44:49,471 - Noah's Hand: [4H]
2025-01-04 19:44:49,471 - Eve's Hand: [5H]
2025-01-04 19:44:49,471 - Boss: Rank: 11 | Suit C | Attack 3 | Health 4
2025-01-04 19:44:49,471 - Tavern: [8C, JH, AS, 5C, 6H, 8D, 6C, AC, 8H, 5S, 3S, AD, 3C, 9D, 9H, 2C, TD, 4S, 5D, TS, 6D, 7D, AH, 2S, 2D, TH, 3H, 6S, TC, 9S, 4C, 9C, 4D, 8S, 3D]
2025-01-04 19:44:49,471 - Castle: [KH, KS, KD, KC, QH, QS, QC, QD, JD, JS]
2025-01-04 19:44:49,471 - Discard: [7C]
2025-01-04 19:44:49,471 - Active Player: 2
2025-01-04 19:44:49,471 - STATE LOG: END
2025-01-04 19:44:49,483 - STATE LOG: BEGIN
2025-01-04 19:44:49,483 - Noah's Hand: [4H]
2025-01-04 19:44:49,483 - Eve's Hand: []
2025-01-04 19:44:49,483 - Boss: Rank: 11 | Suit C | Attack 3 | Health 4
2025-01-04 19:44:49,483 - Tavern: [8C, JH, AS, 5C, 6H, 8D, 6C, AC, 8H, 5S, 3S, AD, 3C, 9D, 9H, 2C, TD, 4S, 5D, TS, 6D, 7D, AH, 2S, 2D, TH, 3H, 6S, TC, 9S, 4C, 9C, 4D, 8S, 3D]
2025-01-04 19:44:49,483 - Castle: [KH, KS, KD, KC, QH, QS, QC, QD, JD, JS]
2025-01-04 19:44:49,483 - Discard: [7C]
2025-01-04 19:44:49,483 - Active Player: 1
2025-01-04 19:44:49,483 - STATE LOG: END
