2025-01-04 20:35:54,049 - I log states! :D
2025-01-04 20:35:54,049 - STATE LOG: BEGIN
2025-01-04 20:35:54,050 - Noah's Hand: [4S, TD, 8D, 6C, 9C, 7S, 3S]
2025-01-04 20:35:54,050 - Eve's Hand: [TS, 2D, 4H, AS, 9S, 8S, 6S]
2025-01-04 20:35:54,050 - Boss: Rank: 11 | Suit C | Attack 10 | Health 20
2025-01-04 20:35:54,050 - Tavern: [9H, 3D, 5H, 5S, 2C, 6D, 3H, 7C, 3C, 8H, 4C, 4D, 7D, 5C, 5D, 6H, 7H, TC, AH, TH, 8C, AC, 9D, 2S, AD, 2H]
2025-01-04 20:35:54,050 - Castle: [KH, KS, KC, KD, QH, QD, QC, QS, JS, JD, JH]
2025-01-04 20:35:54,050 - Discard: []
2025-01-04 20:35:54,050 - Active Player: 1
2025-01-04 20:35:54,050 - STATE LOG: END
2025-01-04 20:36:04,054 - STATE LOG: BEGIN
2025-01-04 20:36:04,054 - Noah's Hand: [4S, 6C, 8D, 9C, TD]
2025-01-04 20:36:04,055 - Eve's Hand: [TS, 2D, 4H, AS, 9S, 8S, 6S]
2025-01-04 20:36:04,055 - Boss: Rank: 11 | Suit C | Attack 7 | Health 17
2025-01-04 20:36:04,055 - Tavern: [9H, 3D, 5H, 5S, 2C, 6D, 3H, 7C, 3C, 8H, 4C, 4D, 7D, 5C, 5D, 6H, 7H, TC, AH, TH, 8C, AC, 9D, 2S, AD, 2H]
2025-01-04 20:36:04,055 - Castle: [KH, KS, KC, KD, QH, QD, QC, QS, JS, JD, JH]
2025-01-04 20:36:04,055 - Discard: [7S]
2025-01-04 20:36:04,055 - Active Player: 2
2025-01-04 20:36:04,055 - STATE LOG: END
2025-01-04 20:36:14,056 - STATE LOG: BEGIN
2025-01-04 20:36:14,057 - Noah's Hand: [4S, 6C, 8D, 9C, TD, AD]
2025-01-04 20:36:14,057 - Eve's Hand: [4H, 6S, 8S, 9S, 2H, 2S]
2025-01-04 20:36:14,057 - Boss: Rank: 11 | Suit C | Attack 4 | Health 14
2025-01-04 20:36:14,057 - Tavern: [9H, 3D, 5H, 5S, 2C, 6D, 3H, 7C, 3C, 8H, 4C, 4D, 7D, 5C, 5D, 6H, 7H, TC, AH, TH, 8C, AC, 9D]
2025-01-04 20:36:14,057 - Castle: [KH, KS, KC, KD, QH, QD, QC, QS, JS, JD, JH]
2025-01-04 20:36:14,057 - Discard: [7S, TS]
2025-01-04 20:36:14,057 - Active Player: 1
2025-01-04 20:36:14,057 - STATE LOG: END
2025-01-04 20:36:24,058 - STATE LOG: BEGIN
2025-01-04 20:36:24,058 - Noah's Hand: [AD, 4S, 8D, TD]
2025-01-04 20:36:24,058 - Eve's Hand: [4H, 6S, 8S, 9S, 2H, 2S]
2025-01-04 20:36:24,058 - Boss: Rank: 11 | Suit C | Attack 4 | Health 5
2025-01-04 20:36:24,058 - Tavern: [9H, 3D, 5H, 5S, 2C, 6D, 3H, 7C, 3C, 8H, 4C, 4D, 7D, 5C, 5D, 6H, 7H, TC, AH, TH, 8C, AC, 9D]
2025-01-04 20:36:24,058 - Castle: [KH, KS, KC, KD, QH, QD, QC, QS, JS, JD, JH]
2025-01-04 20:36:24,058 - Discard: [7S, TS, 6C]
2025-01-04 20:36:24,058 - Active Player: 2
2025-01-04 20:36:24,058 - STATE LOG: END
2025-01-04 20:36:34,060 - STATE LOG: BEGIN
2025-01-04 20:36:34,060 - Noah's Hand: [AD, 4S, 8D, TD]
2025-01-04 20:36:34,060 - Eve's Hand: [4H, 6S, 8S, 9S]
2025-01-04 20:36:34,060 - Boss: Rank: 11 | Suit C | Attack 0 | Health 1
2025-01-04 20:36:34,060 - Tavern: [7S, TS, 6C, 9H, 3D, 5H, 5S, 2C, 6D, 3H, 7C, 3C, 8H, 4C, 4D, 7D, 5C, 5D, 6H, 7H, TC, AH, TH, 8C, AC, 9D]
2025-01-04 20:36:34,060 - Castle: [KH, KS, KC, KD, QH, QD, QC, QS, JS, JD, JH]
2025-01-04 20:36:34,060 - Discard: []
2025-01-04 20:36:34,060 - Active Player: 1
2025-01-04 20:36:34,060 - STATE LOG: END
2025-01-04 20:36:44,061 - STATE LOG: BEGIN
2025-01-04 20:36:44,061 - Noah's Hand: [AD, 4S, 8D, TD]
2025-01-04 20:36:44,061 - Eve's Hand: [4H, 6S, 8S, 9S]
2025-01-04 20:36:44,061 - Boss: Rank: 11 | Suit C | Attack 0 | Health 1
2025-01-04 20:36:44,061 - Tavern: [7S, TS, 6C, 9H, 3D, 5H, 5S, 2C, 6D, 3H, 7C, 3C, 8H, 4C, 4D, 7D, 5C, 5D, 6H, 7H, TC, AH, TH, 8C, AC, 9D]
2025-01-04 20:36:44,061 - Castle: [KH, KS, KC, KD, QH, QD, QC, QS, JS, JD, JH]
2025-01-04 20:36:44,061 - Discard: []
2025-01-04 20:36:44,061 - Active Player: 2
2025-01-04 20:36:44,061 - STATE LOG: END
2025-01-04 20:36:47,362 - STATE LOG: BEGIN
2025-01-04 20:36:47,362 - Noah's Hand: [AD, 4S, 8D, TD]
2025-01-04 20:36:47,362 - Eve's Hand: [4H, 6S, 8S]
2025-01-04 20:36:47,363 - Boss: Rank: 11 | Suit H | Attack 10 | Health 20
2025-01-04 20:36:47,363 - Tavern: [7S, TS, 6C, 9H, 3D, 5H, 5S, 2C, 6D, 3H, 7C, 3C, 8H, 4C, 4D, 7D, 5C, 5D, 6H, 7H, TC, AH, TH, 8C, AC, 9D]
2025-01-04 20:36:47,363 - Castle: [KH, KS, KC, KD, QH, QD, QC, QS, JS, JD]
2025-01-04 20:36:47,363 - Discard: [3S, 9C, AS, 2D, 2H, 2S, 9S, JC]
2025-01-04 20:36:47,363 - Active Player: 2
2025-01-04 20:36:47,363 - STATE LOG: END
2025-01-04 20:36:48,424 - STATE LOG: BEGIN
2025-01-04 20:36:48,424 - Noah's Hand: [AD, 4S, 8D, TD]
2025-01-04 20:36:48,424 - Eve's Hand: [6S]
2025-01-04 20:36:48,424 - Boss: Rank: 11 | Suit H | Attack 2 | Health 12
2025-01-04 20:36:48,424 - Tavern: [7S, TS, 6C, 9H, 3D, 5H, 5S, 2C, 6D, 3H, 7C, 3C, 8H, 4C, 4D, 7D, 5C, 5D, 6H, 7H, TC, AH, TH, 8C, AC, 9D]
2025-01-04 20:36:48,424 - Castle: [KH, KS, KC, KD, QH, QD, QC, QS, JS, JD]
2025-01-04 20:36:48,424 - Discard: [3S, 9C, AS, 2D, 2H, 2S, 9S, JC, 4H]
2025-01-04 20:36:48,424 - Active Player: 1
2025-01-04 20:36:48,424 - STATE LOG: END
2025-01-04 20:36:48,512 - STATE LOG: BEGIN
2025-01-04 20:36:48,512 - Noah's Hand: [AD, 4S, 8D, 9D, 7H]
2025-01-04 20:36:48,512 - Eve's Hand: [6S, AC, TH, TC, 6H, 5D, 5C]
2025-01-04 20:36:48,512 - Boss: Rank: 11 | Suit H | Attack 2 | Health 2
2025-01-04 20:36:48,512 - Tavern: [7S, TS, 6C, 9H, 3D, 5H, 5S, 2C, 6D, 3H, 7C, 3C, 8H, 4C, 4D, 7D]
2025-01-04 20:36:48,512 - Castle: [KH, KS, KC, KD, QH, QD, QC, QS, JS, JD]
2025-01-04 20:36:48,512 - Discard: [3S, 9C, AS, 2D, 2H, 2S, 9S, JC, 4H, AH, 8C]
2025-01-04 20:36:48,512 - Active Player: 2
2025-01-04 20:36:48,512 - STATE LOG: END
2025-01-04 20:36:58,514 - STATE LOG: BEGIN
2025-01-04 20:36:58,514 - Noah's Hand: [AD, 4S, 8D, 9D, 7H, 4D, 4C]
2025-01-04 20:36:58,514 - Eve's Hand: [AC, 5C, 6H, 6S, TC, TH, 7D]
2025-01-04 20:36:58,514 - Boss: Rank: 11 | Suit D | Attack 10 | Health 20
2025-01-04 20:36:58,514 - Tavern: [7S, TS, 6C, 9H, 3D, 5H, 5S, 2C, 6D, 3H, 7C, 3C, 8H]
2025-01-04 20:36:58,514 - Castle: [KH, KS, KC, KD, QH, QD, QC, QS, JS]
2025-01-04 20:36:58,514 - Discard: [3S, 9C, AS, 2D, 2H, 2S, 9S, JC, 4H, AH, 8C, TD, 8S, 5D, JH]
2025-01-04 20:36:58,514 - Active Player: 2
2025-01-04 20:36:58,514 - STATE LOG: END
2025-01-04 20:37:08,516 - STATE LOG: BEGIN
2025-01-04 20:37:08,516 - Noah's Hand: [AD, 4S, 8D, 9D, 7H, 4D, 4C]
2025-01-04 20:37:08,516 - Eve's Hand: [AC, 5C, 6H, 6S, 7D, TH]
2025-01-04 20:37:08,516 - Boss: Rank: 11 | Suit S | Attack 10 | Health 20
2025-01-04 20:37:08,516 - Tavern: [7S, TS, 6C, 9H, 3D, 5H, 5S, 2C, 6D, 3H, 7C, 3C, 8H]
2025-01-04 20:37:08,516 - Castle: [KH, KS, KC, KD, QH, QD, QC, QS]
2025-01-04 20:37:08,516 - Discard: [3S, 9C, AS, 2D, 2H, 2S, 9S, JC, 4H, AH, 8C, TD, 8S, 5D, JH, TC]
2025-01-04 20:37:08,516 - Active Player: 2
2025-01-04 20:37:08,516 - STATE LOG: END
2025-01-04 20:37:18,518 - STATE LOG: BEGIN
2025-01-04 20:37:18,518 - Noah's Hand: [AD, 4S, 8D, 9D, 7H, 4D, 4C]
2025-01-04 20:37:18,518 - Eve's Hand: [7D, TH]
2025-01-04 20:37:18,518 - Boss: Rank: 11 | Suit S | Attack 10 | Health 6
2025-01-04 20:37:18,518 - Tavern: [2S, JH, TD, AS, 9C, 4H, JC, 7S, TS, 6C, 9H, 3D, 5H, 5S, 2C, 6D, 3H, 7C, 3C, 8H]
2025-01-04 20:37:18,518 - Castle: [KH, KS, KC, KD, QH, QD, QC, QS]
2025-01-04 20:37:18,518 - Discard: [AH, 2H, TC, 9S, 8C, 3S, 2D, 5D, 8S, 6S, 5C]
2025-01-04 20:37:18,518 - Active Player: 1
2025-01-04 20:37:18,518 - STATE LOG: END
2025-01-04 20:37:28,520 - STATE LOG: BEGIN
2025-01-04 20:37:28,520 - Noah's Hand: [4C, 4D, 4S, 8D, 9D, JD, 3C]
2025-01-04 20:37:28,520 - Eve's Hand: [7D, TH, 8H, 7C, 3H, 6D, 2C]
2025-01-04 20:37:28,520 - Boss: Rank: 12 | Suit S | Attack 15 | Health 30
2025-01-04 20:37:28,520 - Tavern: [2D, 6S, 8C, 5C, 3S, 2H, 8S, AH, 2S, JH, TD, AS, 9C, 4H, JC, 7S, TS, 6C, 9H, 3D, 5H, 5S]
2025-01-04 20:37:28,520 - Castle: [KH, KS, KC, KD, QH, QD, QC]
2025-01-04 20:37:28,520 - Discard: [TC, 9S, 5D, AD, 7H, AC, 6H, JS]
2025-01-04 20:37:28,520 - Active Player: 1
2025-01-04 20:37:28,520 - STATE LOG: END
2025-01-04 20:37:38,522 - STATE LOG: BEGIN
2025-01-04 20:37:38,522 - Noah's Hand: [8D, 9D, JD]
2025-01-04 20:37:38,522 - Eve's Hand: [7D, TH, 8H, 7C, 3H, 6D, 2C]
2025-01-04 20:37:38,522 - Boss: Rank: 12 | Suit S | Attack 15 | Health 14
2025-01-04 20:37:38,522 - Tavern: [2D, 6S, 8C, 5C, 3S, 2H, 8S, AH, 2S, JH, TD, AS, 9C, 4H, JC, 7S, TS, 6C, 9H, 3D]
2025-01-04 20:37:38,522 - Castle: [KH, KS, KC, KD, QH, QD, QC]
2025-01-04 20:37:38,522 - Discard: [TC, 9S, 5D, AD, 7H, AC, 6H, JS, 3C, 4S, 5S, 5H]
2025-01-04 20:37:38,522 - Active Player: 2
2025-01-04 20:37:38,522 - STATE LOG: END
2025-01-04 20:37:48,523 - STATE LOG: BEGIN
2025-01-04 20:37:48,524 - Noah's Hand: [8D, 9D, JD]
2025-01-04 20:37:48,524 - Eve's Hand: [2C, 3H, 6D, 7D, 8H]
2025-01-04 20:37:48,524 - Boss: Rank: 12 | Suit S | Attack 15 | Health 14
2025-01-04 20:37:48,524 - Tavern: [2D, 6S, 8C, 5C, 3S, 2H, 8S, AH, 2S, JH, TD, AS, 9C, 4H, JC, 7S, TS, 6C, 9H, 3D]
2025-01-04 20:37:48,524 - Castle: [KH, KS, KC, KD, QH, QD, QC]
2025-01-04 20:37:48,524 - Discard: [TC, 9S, 5D, AD, 7H, AC, 6H, JS, 3C, 4S, 5S, 5H, TH, 7C]
2025-01-04 20:37:48,524 - Active Player: 1
2025-01-04 20:37:48,524 - STATE LOG: END
2025-01-04 20:37:58,659 - STATE LOG: BEGIN
2025-01-04 20:37:58,659 - Noah's Hand: [9D, JD, 3D, 7S, 4H]
2025-01-04 20:37:58,659 - Eve's Hand: [2C, 3H, 6D, 7D, 8H, 9H, TS]
2025-01-04 20:37:58,659 - Boss: Rank: 12 | Suit S | Attack 15 | Health 6
2025-01-04 20:37:58,659 - Tavern: [2D, 6S, 8C, 5C, 3S, 2H, 8S, AH, 2S, JH, TD, AS, 9C]
2025-01-04 20:37:58,659 - Castle: [KH, KS, KC, KD, QH, QD, QC]
2025-01-04 20:37:58,659 - Discard: [TC, 9S, 5D, AD, 7H, AC, 6H, JS, 3C, 4S, 5S, 5H, TH, 7C, 6C, JC]
2025-01-04 20:37:58,659 - Active Player: 2
2025-01-04 20:37:58,659 - STATE LOG: END
2025-01-04 20:38:08,661 - STATE LOG: BEGIN
2025-01-04 20:38:08,661 - Noah's Hand: [9D, JD, 3D, 7S, 4H, AS, TD]
2025-01-04 20:38:08,661 - Eve's Hand: [2C, 3H, 7D, 8H, 9H, TS, 9C]
2025-01-04 20:38:08,661 - Boss: Rank: 12 | Suit C | Attack 15 | Health 30
2025-01-04 20:38:08,661 - Tavern: [2D, 6S, 8C, 5C, 3S, 2H, 8S, AH, 2S, JH]
2025-01-04 20:38:08,661 - Castle: [KH, KS, KC, KD, QH, QD]
2025-01-04 20:38:08,661 - Discard: [TC, 9S, 5D, AD, 7H, AC, 6H, JS, 3C, 4S, 5S, 5H, TH, 7C, 6C, JC, 4C, 4D, 8D, 6D]
2025-01-04 20:38:08,661 - Active Player: 2
2025-01-04 20:38:08,661 - STATE LOG: END
2025-01-04 20:38:18,662 - STATE LOG: BEGIN
2025-01-04 20:38:18,662 - Noah's Hand: [9D, JD, 3D, 7S, 4H, AS, TD]
2025-01-04 20:38:18,662 - Eve's Hand: [7D, 9C, 9H]
2025-01-04 20:38:18,662 - Boss: Rank: 12 | Suit C | Attack 15 | Health 27
2025-01-04 20:38:18,662 - Tavern: [6C, JC, 5D, 2D, 6S, 8C, 5C, 3S, 2H, 8S, AH, 2S, JH]
2025-01-04 20:38:18,662 - Castle: [KH, KS, KC, KD, QH, QD]
2025-01-04 20:38:18,662 - Discard: [9S, 7H, 8D, 6H, 6D, AC, JS, 4D, 5H, 7C, TC, 3C, 4C, 4S, TH, AD, 5S, 2C, TS, 8H]
2025-01-04 20:38:18,662 - Active Player: 1
2025-01-04 20:38:18,662 - STATE LOG: END
2025-01-04 20:38:26,344 - STATE LOG: BEGIN
2025-01-04 20:38:26,345 - Noah's Hand: [9D, TD, JD, QS]
2025-01-04 20:38:26,345 - Eve's Hand: [7D, 9C, 9H, JH, AH]
2025-01-04 20:38:26,345 - Boss: Rank: 12 | Suit C | Attack 11 | Health 23
2025-01-04 20:38:26,345 - Tavern: [6C, JC, 5D, 2D, 6S, 8C, 5C, 3S, 2H, 8S]
2025-01-04 20:38:26,345 - Castle: [KH, KS, KC, KD, QH, QD]
2025-01-04 20:38:26,345 - Discard: [9S, 7H, 8D, 6H, 6D, AC, JS, 4D, 5H, 7C, TC, 3C, 4C, 4S, TH, AD, 5S, 2C, TS, 8H, 2S, 7S, 4H]
2025-01-04 20:38:26,345 - Active Player: 2
2025-01-04 20:38:26,345 - STATE LOG: END
2025-01-04 20:38:36,346 - STATE LOG: BEGIN
2025-01-04 20:38:36,346 - Noah's Hand: [9D, TD, JD, QS]
2025-01-04 20:38:36,347 - Eve's Hand: [AH, 7D, JH]
2025-01-04 20:38:36,347 - Boss: Rank: 12 | Suit C | Attack 11 | Health 23
2025-01-04 20:38:36,347 - Tavern: [6C, JC, 5D, 2D, 6S, 8C, 5C, 3S, 2H, 8S]
2025-01-04 20:38:36,347 - Castle: [KH, KS, KC, KD, QH, QD]
2025-01-04 20:38:36,347 - Discard: [9S, 7H, 8D, 6H, 6D, AC, JS, 4D, 5H, 7C, TC, 3C, 4C, 4S, TH, AD, 5S, 2C, TS, 8H, 2S, 7S, 4H, 9H, 9C]
2025-01-04 20:38:36,347 - Active Player: 1
2025-01-04 20:38:36,347 - STATE LOG: END
2025-01-04 20:38:46,348 - STATE LOG: BEGIN
2025-01-04 20:38:46,348 - Noah's Hand: [TD, JD, 8S, 8C, 2D]
2025-01-04 20:38:46,348 - Eve's Hand: [AH, 7D, JH, 2H, 5C, 6S, 5D]
2025-01-04 20:38:46,348 - Boss: Rank: 12 | Suit C | Attack 11 | Health 14
2025-01-04 20:38:46,348 - Tavern: [6C, JC]
2025-01-04 20:38:46,348 - Castle: [KH, KS, KC, KD, QH, QD]
2025-01-04 20:38:46,349 - Discard: [9S, 7H, 8D, 6H, 6D, AC, JS, 4D, 5H, 7C, TC, 3C, 4C, 4S, TH, AD, 5S, 2C, TS, 8H, 2S, 7S, 4H, 9H, 9C, 3S, QS]
2025-01-04 20:38:46,349 - Active Player: 2
2025-01-04 20:38:46,349 - STATE LOG: END
2025-01-04 20:38:55,236 - STATE LOG: BEGIN
2025-01-04 20:38:55,236 - Noah's Hand: [TD, JD, 8S, 8C, 2D, 6C, 8H]
2025-01-04 20:38:55,236 - Eve's Hand: [2H, 5C, 7D, JH, 6S, 3S]
2025-01-04 20:38:55,236 - Boss: Rank: 12 | Suit C | Attack 11 | Health 8
2025-01-04 20:38:55,236 - Tavern: [TH, 4D, 2C, 4C]
2025-01-04 20:38:55,236 - Castle: [KH, KS, KC, KD, QH, QD]
2025-01-04 20:38:55,236 - Discard: [AD, 8D, 6H, 7S, 9C, 2S, 7C, 4S, 5H, 3C, JS, 9S, 5S, 7H, TC, QS, 4H, TS, 9H, AC, 6D, JC]
2025-01-04 20:38:55,236 - Active Player: 1
2025-01-04 20:38:55,236 - STATE LOG: END
2025-01-04 20:39:00,277 - STATE LOG: BEGIN
2025-01-04 20:39:00,278 - Noah's Hand: [2D, 8C, 8H, TD, JD]
2025-01-04 20:39:00,278 - Eve's Hand: [2H, 5C, 7D, JH, 6S, 3S]
2025-01-04 20:39:00,278 - Boss: Rank: 12 | Suit C | Attack 11 | Health 8
2025-01-04 20:39:00,278 - Tavern: [TH, 4D, 2C, 4C]
2025-01-04 20:39:00,278 - Castle: [KH, KS, KC, KD, QH, QD]
2025-01-04 20:39:00,278 - Discard: [AD, 8D, 6H, 7S, 9C, 2S, 7C, 4S, 5H, 3C, JS, 9S, 5S, 7H, TC, QS, 4H, TS, 9H, AC, 6D, JC, 8S, 6C]
2025-01-04 20:39:00,278 - Active Player: 2
2025-01-04 20:39:00,278 - STATE LOG: END
2025-01-04 20:39:02,686 - STATE LOG: BEGIN
2025-01-04 20:39:02,686 - Noah's Hand: [2D, 8C, 8H, TD, JD]
2025-01-04 20:39:02,686 - Eve's Hand: [3S, 5C, 7D]
2025-01-04 20:39:02,686 - Boss: Rank: 12 | Suit C | Attack 11 | Health 6
2025-01-04 20:39:02,686 - Tavern: [QS, 9C, TH, 4D, 2C, 4C]
2025-01-04 20:39:02,686 - Castle: [KH, KS, KC, KD, QH, QD]
2025-01-04 20:39:02,686 - Discard: [2S, 6C, 5S, JS, AC, 7S, 7H, 5H, 3C, AD, TC, 4S, 9S, 8S, 9H, TS, JC, 8D, 6D, 6H, 4H, 7C, 6S, JH]
2025-01-04 20:39:02,686 - Active Player: 1
2025-01-04 20:39:02,686 - STATE LOG: END
2025-01-04 20:39:03,840 - STATE LOG: BEGIN
2025-01-04 20:39:03,840 - Noah's Hand: [2D, 8C, 8H, TD, 4C, 4D, 9C]
2025-01-04 20:39:03,840 - Eve's Hand: [3S, 5C, 7D, 2C, TH, QS]
2025-01-04 20:39:03,840 - Boss: Rank: 12 | Suit D | Attack 15 | Health 30
2025-01-04 20:39:03,840 - Tavern: []
2025-01-04 20:39:03,840 - Castle: [KH, KS, KC, KD, QH]
2025-01-04 20:39:03,840 - Discard: [2S, 6C, 5S, JS, AC, 7S, 7H, 5H, 3C, AD, TC, 4S, 9S, 8S, 9H, TS, JC, 8D, 6D, 6H, 4H, 7C, 6S, JH, AS, 3D, 9D, JD, 3H, AH, 5D, 2H, QC]
2025-01-04 20:39:03,840 - Active Player: 1
2025-01-04 20:39:03,840 - STATE LOG: END
2025-01-04 20:39:05,236 - STATE LOG: BEGIN
2025-01-04 20:39:05,236 - Noah's Hand: [2D, 8H, TD]
2025-01-04 20:39:05,236 - Eve's Hand: [3S, 5C, 7D, 2C, TH, QS]
2025-01-04 20:39:05,236 - Boss: Rank: 12 | Suit D | Attack 15 | Health 14
2025-01-04 20:39:05,236 - Tavern: []
2025-01-04 20:39:05,236 - Castle: [KH, KS, KC, KD, QH]
2025-01-04 20:39:05,236 - Discard: [2S, 6C, 5S, JS, AC, 7S, 7H, 5H, 3C, AD, TC, 4S, 9S, 8S, 9H, TS, JC, 8D, 6D, 6H, 4H, 7C, 6S, JH, AS, 3D, 9D, JD, 3H, AH, 5D, 2H, QC, 8C, 9C]
2025-01-04 20:39:05,236 - Active Player: 2
2025-01-04 20:39:05,236 - STATE LOG: END
2025-01-04 20:39:05,441 - STATE LOG: BEGIN
2025-01-04 20:39:05,441 - Noah's Hand: [2D, 8H, TD]
2025-01-04 20:39:05,441 - Eve's Hand: [2C, 3S, 5C, 7D]
2025-01-04 20:39:05,441 - Boss: Rank: 12 | Suit D | Attack 3 | Health 2
2025-01-04 20:39:05,441 - Tavern: []
2025-01-04 20:39:05,441 - Castle: [KH, KS, KC, KD, QH]
2025-01-04 20:39:05,441 - Discard: [2S, 6C, 5S, JS, AC, 7S, 7H, 5H, 3C, AD, TC, 4S, 9S, 8S, 9H, TS, JC, 8D, 6D, 6H, 4H, 7C, 6S, JH, AS, 3D, 9D, JD, 3H, AH, 5D, 2H, QC, 8C, 9C, TH]
2025-01-04 20:39:05,441 - Active Player: 1
2025-01-04 20:39:05,441 - STATE LOG: END
2025-01-04 20:39:05,567 - STATE LOG: BEGIN
2025-01-04 20:39:05,567 - Noah's Hand: [2D, TD]
2025-01-04 20:39:05,567 - Eve's Hand: [2C, 3S, 5C, 7D]
2025-01-04 20:39:05,567 - Boss: Rank: 12 | Suit H | Attack 15 | Health 30
2025-01-04 20:39:05,567 - Tavern: [2S, 9S, TH, AH, AC, QC, 5S, 7C]
2025-01-04 20:39:05,567 - Castle: [KH, KS, KC, KD]
2025-01-04 20:39:05,567 - Discard: [TC, JD, 8C, 6D, 9C, JS, 4H, 7S, AD, JH, 8S, 6C, 8D, AS, 5H, 4S, 3D, 9D, TS, 2H, 3H, 3C, 9H, 6H, 5D, 6S, 7H, JC, 4C, 4D, 8H, QS, QD]
2025-01-04 20:39:05,567 - Active Player: 1
2025-01-04 20:39:05,567 - STATE LOG: END
2025-01-04 20:39:05,875 - STATE LOG: BEGIN
2025-01-04 20:39:05,875 - Noah's Hand: [2D, QC, AH]
2025-01-04 20:39:05,875 - Eve's Hand: [2C, 3S, 5C, 7D, 5S, AC, TH]
2025-01-04 20:39:05,875 - Boss: Rank: 12 | Suit H | Attack 15 | Health 20
2025-01-04 20:39:05,875 - Tavern: []
2025-01-04 20:39:05,875 - Castle: [KH, KS, KC, KD]
2025-01-04 20:39:05,875 - Discard: [TC, JD, 8C, 6D, 9C, JS, 4H, 7S, AD, JH, 8S, 6C, 8D, AS, 5H, 4S, 3D, 9D, TS, 2H, 3H, 3C, 9H, 6H, 5D, 6S, 7H, JC, 4C, 4D, 8H, QS, QD, 7C, 2S, 9S]
2025-01-04 20:39:05,875 - Active Player: 2
2025-01-04 20:39:05,875 - STATE LOG: END
2025-01-04 20:39:06,174 - STATE LOG: BEGIN
2025-01-04 20:39:06,174 - Noah's Hand: [2D, QC, AH]
2025-01-04 20:39:06,174 - Eve's Hand: [2C, 7D]
2025-01-04 20:39:06,174 - Boss: Rank: 12 | Suit H | Attack 9 | Health 8
2025-01-04 20:39:06,174 - Tavern: []
2025-01-04 20:39:06,174 - Castle: [KH, KS, KC, KD]
2025-01-04 20:39:06,174 - Discard: [TC, JD, 8C, 6D, 9C, JS, 4H, 7S, AD, JH, 8S, 6C, 8D, AS, 5H, 4S, 3D, 9D, TS, 2H, 3H, 3C, 9H, 6H, 5D, 6S, 7H, JC, 4C, 4D, 8H, QS, QD, 7C, 2S, 9S, 5C, 3S, TH]
2025-01-04 20:39:06,174 - Active Player: 1
2025-01-04 20:39:06,174 - STATE LOG: END
2025-01-04 20:39:06,230 - STATE LOG: BEGIN
2025-01-04 20:39:06,231 - Noah's Hand: [2D]
2025-01-04 20:39:06,231 - Eve's Hand: [2C, 7D]
2025-01-04 20:39:06,231 - Boss: Rank: 12 | Suit H | Attack 9 | Health 7
2025-01-04 20:39:06,231 - Tavern: []
2025-01-04 20:39:06,231 - Castle: [KH, KS, KC, KD]
2025-01-04 20:39:06,231 - Discard: [TC, JD, 8C, 6D, 9C, JS, 4H, 7S, AD, JH, 8S, 6C, 8D, AS, 5H, 4S, 3D, 9D, TS, 2H, 3H, 3C, 9H, 6H, 5D, 6S, 7H, JC, 4C, 4D, 8H, QS, QD, 7C, 2S, 9S, 5C, 3S, TH, QC]
2025-01-04 20:39:06,231 - Active Player: 2
2025-01-04 20:39:06,231 - STATE LOG: END
2025-01-04 20:39:06,249 - STATE LOG: BEGIN
2025-01-04 20:39:06,249 - Noah's Hand: [2D]
2025-01-04 20:39:06,249 - Eve's Hand: [2C]
2025-01-04 20:39:06,249 - Boss: Rank: 13 | Suit D | Attack 20 | Health 40
2025-01-04 20:39:06,249 - Tavern: []
2025-01-04 20:39:06,249 - Castle: [KH, KS, KC]
2025-01-04 20:39:06,249 - Discard: [TC, JD, 8C, 6D, 9C, JS, 4H, 7S, AD, JH, 8S, 6C, 8D, AS, 5H, 4S, 3D, 9D, TS, 2H, 3H, 3C, 9H, 6H, 5D, 6S, 7H, JC, 4C, 4D, 8H, QS, QD, 7C, 2S, 9S, 5C, 3S, TH, QC, TD, AH, AC, 5S, 7D]
2025-01-04 20:39:06,249 - Active Player: 2
2025-01-04 20:39:06,250 - STATE LOG: END
2025-01-04 20:39:06,258 - STATE LOG: BEGIN
2025-01-04 20:39:06,258 - Noah's Hand: [2D]
2025-01-04 20:39:06,258 - Eve's Hand: []
2025-01-04 20:39:06,258 - Boss: Rank: 13 | Suit D | Attack 20 | Health 36
2025-01-04 20:39:06,258 - Tavern: []
2025-01-04 20:39:06,258 - Castle: [KH, KS, KC]
2025-01-04 20:39:06,258 - Discard: [TC, JD, 8C, 6D, 9C, JS, 4H, 7S, AD, JH, 8S, 6C, 8D, AS, 5H, 4S, 3D, 9D, TS, 2H, 3H, 3C, 9H, 6H, 5D, 6S, 7H, JC, 4C, 4D, 8H, QS, QD, 7C, 2S, 9S, 5C, 3S, TH, QC, TD, AH, AC, 5S, 7D]
2025-01-04 20:39:06,258 - Active Player: 1
2025-01-04 20:39:06,258 - STATE LOG: END
