2025-01-04 20:13:27,352 - I log states! :D
2025-01-04 20:13:27,352 - STATE LOG: BEGIN
2025-01-04 20:13:27,352 - Noah's Hand: [AH, 5D, 2D, 6C, 8D, TH, 5S]
2025-01-04 20:13:27,352 - Eve's Hand: [TD, 4C, 5C, 3H, 3C, 3S, 9S]
2025-01-04 20:13:27,352 - Boss: Rank: 11 | Suit S | Attack 10 | Health 20
2025-01-04 20:13:27,353 - Tavern: [9H, 3D, 9C, AD, AS, 8C, 2H, 7S, 4S, 4H, 5H, 6D, 7H, 8S, 6H, 2C, 9D, 7D, 6S, 8H, TS, AC, 4D, TC, 7C, 2S]
2025-01-04 20:13:27,353 - Castle: [KS, KH, KC, KD, QC, QS, QH, QD, JC, JH, JD]
2025-01-04 20:13:27,353 - Discard: []
2025-01-04 20:13:27,353 - Active Player: 1
2025-01-04 20:13:27,353 - STATE LOG: END
2025-01-04 20:13:28,252 - STATE LOG: BEGIN
2025-01-04 20:13:28,252 - Noah's Hand: [AH, 2D, 5D, 5S, 6C, 8D]
2025-01-04 20:13:28,252 - Eve's Hand: [TD, 4C, 5C, 3H, 3C, 3S, 9S]
2025-01-04 20:13:28,252 - Boss: Rank: 11 | Suit S | Attack 10 | Health 20
2025-01-04 20:13:28,252 - Tavern: [9H, 3D, 9C, AD, AS, 8C, 2H, 7S, 4S, 4H, 5H, 6D, 7H, 8S, 6H, 2C, 9D, 7D, 6S, 8H, TS, AC, 4D, TC, 7C, 2S]
2025-01-04 20:13:28,252 - Castle: [KS, KH, KC, KD, QC, QS, QH, QD, JC, JH, JD]
2025-01-04 20:13:28,252 - Discard: [TH]
2025-01-04 20:13:28,252 - Active Player: 2
2025-01-04 20:13:28,252 - STATE LOG: END
2025-01-04 20:13:29,150 - STATE LOG: BEGIN
2025-01-04 20:13:29,150 - Noah's Hand: [AH, 2D, 5D, 5S, 6C, 8D]
2025-01-04 20:13:29,150 - Eve's Hand: [3C, 3H, 3S, 4C, 9S]
2025-01-04 20:13:29,150 - Boss: Rank: 11 | Suit S | Attack 10 | Health 10
2025-01-04 20:13:29,150 - Tavern: [9H, 3D, 9C, AD, AS, 8C, 2H, 7S, 4S, 4H, 5H, 6D, 7H, 8S, 6H, 2C, 9D, 7D, 6S, 8H, TS, AC, 4D, TC, 7C, 2S]
2025-01-04 20:13:29,150 - Castle: [KS, KH, KC, KD, QC, QS, QH, QD, JC, JH, JD]
2025-01-04 20:13:29,150 - Discard: [TH, TD]
2025-01-04 20:13:29,150 - Active Player: 1
2025-01-04 20:13:29,151 - STATE LOG: END
2025-01-04 20:13:29,911 - STATE LOG: BEGIN
2025-01-04 20:13:29,911 - Noah's Hand: [2D, 5D, 5S, 6C, 2S]
2025-01-04 20:13:29,911 - Eve's Hand: [3C, 3H, 3S, 4C, 9S, 7C, 4D]
2025-01-04 20:13:29,911 - Boss: Rank: 11 | Suit S | Attack 10 | Health 1
2025-01-04 20:13:29,911 - Tavern: [TH, TD, 9H, 3D, 9C, AD, AS, 8C, 2H, 7S, 4S, 4H, 5H, 6D, 7H, 8S, 6H, 2C, 9D, 7D, 6S, 8H, TS]
2025-01-04 20:13:29,911 - Castle: [KS, KH, KC, KD, QC, QS, QH, QD, JC, JH, JD]
2025-01-04 20:13:29,911 - Discard: [AC, TC]
2025-01-04 20:13:29,912 - Active Player: 2
2025-01-04 20:13:29,912 - STATE LOG: END
2025-01-04 20:13:30,592 - STATE LOG: BEGIN
2025-01-04 20:13:30,592 - Noah's Hand: [2D, 5D, 5S, 6C, 2S, 8H, 7D]
2025-01-04 20:13:30,592 - Eve's Hand: [3C, 3H, 3S, 7C, 9S, TS, 6S]
2025-01-04 20:13:30,592 - Boss: Rank: 11 | Suit D | Attack 10 | Health 20
2025-01-04 20:13:30,592 - Tavern: [TH, TD, 9H, 3D, 9C, AD, AS, 8C, 2H, 7S, 4S, 4H, 5H, 6D, 7H, 8S, 6H, 2C, 9D]
2025-01-04 20:13:30,592 - Castle: [KS, KH, KC, KD, QC, QS, QH, QD, JC, JH]
2025-01-04 20:13:30,592 - Discard: [AC, TC, AH, 8D, 5C, 4C, 4D, JS]
2025-01-04 20:13:30,593 - Active Player: 2
2025-01-04 20:13:30,593 - STATE LOG: END
2025-01-04 20:13:31,343 - STATE LOG: BEGIN
2025-01-04 20:13:31,343 - Noah's Hand: [2D, 5D, 5S, 6C, 2S, 8H, 7D]
2025-01-04 20:13:31,343 - Eve's Hand: [3C, 3H, 3S, 6S, 9S]
2025-01-04 20:13:31,343 - Boss: Rank: 11 | Suit D | Attack 10 | Health 6
2025-01-04 20:13:31,343 - Tavern: [TH, TD, 9H, 3D, 9C, AD, AS, 8C, 2H, 7S, 4S, 4H, 5H, 6D, 7H, 8S, 6H, 2C, 9D]
2025-01-04 20:13:31,343 - Castle: [KS, KH, KC, KD, QC, QS, QH, QD, JC, JH]
2025-01-04 20:13:31,344 - Discard: [AC, TC, AH, 8D, 5C, 4C, 4D, JS, TS]
2025-01-04 20:13:31,344 - Active Player: 1
2025-01-04 20:13:31,344 - STATE LOG: END
2025-01-04 20:13:32,074 - STATE LOG: BEGIN
2025-01-04 20:13:32,074 - Noah's Hand: [2D, 2S, 5D, 5S, 6C, 7D]
2025-01-04 20:13:32,074 - Eve's Hand: [3C, 3H, 3S, 6S, 9S]
2025-01-04 20:13:32,074 - Boss: Rank: 11 | Suit H | Attack 10 | Health 20
2025-01-04 20:13:32,074 - Tavern: [4C, TS, 8D, AH, JS, 5C, TC, AC, TH, TD, 9H, 3D, 9C, AD, AS, 8C, 2H, 7S, 4S, 4H, 5H, 6D, 7H, 8S, 6H, 2C, 9D]
2025-01-04 20:13:32,074 - Castle: [KS, KH, KC, KD, QC, QS, QH, QD, JC]
2025-01-04 20:13:32,074 - Discard: [4D, 8H, 7C, JD]
2025-01-04 20:13:32,074 - Active Player: 1
2025-01-04 20:13:32,074 - STATE LOG: END
2025-01-04 20:13:33,007 - STATE LOG: BEGIN
2025-01-04 20:13:33,007 - Noah's Hand: [2S, 5D, 5S, 6C]
2025-01-04 20:13:33,007 - Eve's Hand: [3C, 3H, 3S, 6S, 9S, 2C]
2025-01-04 20:13:33,007 - Boss: Rank: 11 | Suit H | Attack 10 | Health 18
2025-01-04 20:13:33,007 - Tavern: [4C, TS, 8D, AH, JS, 5C, TC, AC, TH, TD, 9H, 3D, 9C, AD, AS, 8C, 2H, 7S, 4S, 4H, 5H, 6D, 7H, 8S, 6H]
2025-01-04 20:13:33,007 - Castle: [KS, KH, KC, KD, QC, QS, QH, QD, JC]
2025-01-04 20:13:33,007 - Discard: [4D, 8H, 7C, JD, 9D, 7D]
2025-01-04 20:13:33,007 - Active Player: 2
2025-01-04 20:13:33,007 - STATE LOG: END
2025-01-04 20:13:33,829 - STATE LOG: BEGIN
2025-01-04 20:13:33,829 - Noah's Hand: [2S, 5D, 5S, 6C]
2025-01-04 20:13:33,829 - Eve's Hand: [2C, 3C, 6S]
2025-01-04 20:13:33,829 - Boss: Rank: 11 | Suit H | Attack 4 | Health 12
2025-01-04 20:13:33,830 - Tavern: [4C, TS, 8D, AH, JS, 5C, TC, AC, TH, TD, 9H, 3D, 9C, AD, AS, 8C, 2H, 7S, 4S, 4H, 5H, 6D, 7H, 8S, 6H]
2025-01-04 20:13:33,830 - Castle: [KS, KH, KC, KD, QC, QS, QH, QD, JC]
2025-01-04 20:13:33,830 - Discard: [4D, 8H, 7C, JD, 9D, 7D, 9S]
2025-01-04 20:13:33,830 - Active Player: 1
2025-01-04 20:13:33,830 - STATE LOG: END
2025-01-04 20:13:34,641 - STATE LOG: BEGIN
2025-01-04 20:13:34,641 - Noah's Hand: [2S, 6C, 6H, 7H, 5H, 4S, 2H]
2025-01-04 20:13:34,641 - Eve's Hand: [2C, 3C, 6S, 8S, 6D, 4H, 7S]
2025-01-04 20:13:34,641 - Boss: Rank: 11 | Suit H | Attack 0 | Health 2
2025-01-04 20:13:34,641 - Tavern: [4C, TS, 8D, AH, JS, 5C, TC, AC, TH, TD, 9H, 3D, 9C, AD, AS, 8C]
2025-01-04 20:13:34,641 - Castle: [KS, KH, KC, KD, QC, QS, QH, QD, JC]
2025-01-04 20:13:34,641 - Discard: [4D, 8H, 7C, JD, 9D, 7D, 9S]
2025-01-04 20:13:34,641 - Active Player: 2
2025-01-04 20:13:34,641 - STATE LOG: END
2025-01-04 20:13:35,452 - STATE LOG: BEGIN
2025-01-04 20:13:35,452 - Noah's Hand: [2S, 6C, 6H, 7H, 5H, 4S, 2H]
2025-01-04 20:13:35,452 - Eve's Hand: [2C, 3C, 4H, 6D, 7S, 8S]
2025-01-04 20:13:35,452 - Boss: Rank: 11 | Suit C | Attack 10 | Health 20
2025-01-04 20:13:35,452 - Tavern: [4C, TS, 8D, AH, JS, 5C, TC, AC, TH, TD, 9H, 3D, 9C, AD, AS, 8C]
2025-01-04 20:13:35,452 - Castle: [KS, KH, KC, KD, QC, QS, QH, QD]
2025-01-04 20:13:35,452 - Discard: [4D, 8H, 7C, JD, 9D, 7D, 9S, 2D, 5D, 5S, 3H, 3S, 6S, JH]
2025-01-04 20:13:35,452 - Active Player: 2
2025-01-04 20:13:35,452 - STATE LOG: END
2025-01-04 20:13:36,296 - STATE LOG: BEGIN
2025-01-04 20:13:36,297 - Noah's Hand: [2S, 6C, 6H, 7H, 5H, 4S, 2H]
2025-01-04 20:13:36,297 - Eve's Hand: [2C, 3C, 4H, 6D]
2025-01-04 20:13:36,297 - Boss: Rank: 11 | Suit C | Attack 3 | Health 13
2025-01-04 20:13:36,297 - Tavern: [4C, TS, 8D, AH, JS, 5C, TC, AC, TH, TD, 9H, 3D, 9C, AD, AS, 8C]
2025-01-04 20:13:36,297 - Castle: [KS, KH, KC, KD, QC, QS, QH, QD]
2025-01-04 20:13:36,297 - Discard: [4D, 8H, 7C, JD, 9D, 7D, 9S, 2D, 5D, 5S, 3H, 3S, 6S, JH, 8S]
2025-01-04 20:13:36,297 - Active Player: 1
2025-01-04 20:13:36,297 - STATE LOG: END
2025-01-04 20:13:37,178 - STATE LOG: BEGIN
2025-01-04 20:13:37,178 - Noah's Hand: [2H, 2S, 4S, 5H, 6C, 6H]
2025-01-04 20:13:37,178 - Eve's Hand: [2C, 3C, 4H, 6D]
2025-01-04 20:13:37,178 - Boss: Rank: 11 | Suit C | Attack 3 | Health 13
2025-01-04 20:13:37,178 - Tavern: [4C, TS, 8D, AH, JS, 5C, TC, AC, TH, TD, 9H, 3D, 9C, AD, AS, 8C]
2025-01-04 20:13:37,178 - Castle: [KS, KH, KC, KD, QC, QS, QH, QD]
2025-01-04 20:13:37,178 - Discard: [4D, 8H, 7C, JD, 9D, 7D, 9S, 2D, 5D, 5S, 3H, 3S, 6S, JH, 8S, 7H]
2025-01-04 20:13:37,178 - Active Player: 2
2025-01-04 20:13:37,179 - STATE LOG: END
2025-01-04 20:13:38,281 - STATE LOG: BEGIN
2025-01-04 20:13:38,281 - Noah's Hand: [2H, 2S, 4S, 5H, 6C, 6H, AS]
2025-01-04 20:13:38,281 - Eve's Hand: [2C, 3C, 4H, 8C, AD, 9C]
2025-01-04 20:13:38,281 - Boss: Rank: 11 | Suit C | Attack 3 | Health 7
2025-01-04 20:13:38,281 - Tavern: [4C, TS, 8D, AH, JS, 5C, TC, AC, TH, TD, 9H]
2025-01-04 20:13:38,281 - Castle: [KS, KH, KC, KD, QC, QS, QH, QD]
2025-01-04 20:13:38,281 - Discard: [4D, 8H, 7C, JD, 9D, 7D, 9S, 2D, 5D, 5S, 3H, 3S, 6S, JH, 8S, 7H, 3D]
2025-01-04 20:13:38,281 - Active Player: 1
2025-01-04 20:13:38,281 - STATE LOG: END
2025-01-04 20:13:39,109 - STATE LOG: BEGIN
2025-01-04 20:13:39,109 - Noah's Hand: [2H, 2S, 4S, 6C, 6H]
2025-01-04 20:13:39,109 - Eve's Hand: [2C, 3C, 4H, 8C, AD, 9C]
2025-01-04 20:13:39,109 - Boss: Rank: 11 | Suit C | Attack 0 | Health 1
2025-01-04 20:13:39,109 - Tavern: [7H, 7C, 3D, 3S, JD, 6S, 4C, TS, 8D, AH, JS, 5C, TC, AC, TH, TD, 9H]
2025-01-04 20:13:39,109 - Castle: [KS, KH, KC, KD, QC, QS, QH, QD]
2025-01-04 20:13:39,109 - Discard: [3H, 9D, 7D, 4D, 5S, 5D, 2D, 9S, 8S, JH, 8H]
2025-01-04 20:13:39,109 - Active Player: 2
2025-01-04 20:13:39,109 - STATE LOG: END
2025-01-04 20:13:39,903 - STATE LOG: BEGIN
2025-01-04 20:13:39,904 - Noah's Hand: [2H, 2S, 4S, 6C, 6H, TD, AC]
2025-01-04 20:13:39,904 - Eve's Hand: [2C, 3C, 4H, 8C, 9H, TH, TC]
2025-01-04 20:13:39,904 - Boss: Rank: 12 | Suit D | Attack 15 | Health 30
2025-01-04 20:13:39,904 - Tavern: [7H, 7C, 3D, 3S, JD, 6S, 4C, TS, 8D, AH, JS, 5C]
2025-01-04 20:13:39,904 - Castle: [KS, KH, KC, KD, QC, QS, QH]
2025-01-04 20:13:39,904 - Discard: [3H, 9D, 7D, 4D, 5S, 5D, 2D, 9S, 8S, JH, 8H, AS, 5H, 7S, 6D, AD, 9C, JC]
2025-01-04 20:13:39,904 - Active Player: 2
2025-01-04 20:13:39,904 - STATE LOG: END
2025-01-04 20:13:41,200 - STATE LOG: BEGIN
2025-01-04 20:13:41,200 - Noah's Hand: [2H, 2S, 4S, 6C, 6H, TD, AC]
2025-01-04 20:13:41,200 - Eve's Hand: [2C, 4H, 8C, 9H]
2025-01-04 20:13:41,200 - Boss: Rank: 12 | Suit D | Attack 15 | Health 24
2025-01-04 20:13:41,200 - Tavern: [7H, 7C, 3D, 3S, JD, 6S, 4C, TS, 8D, AH, JS, 5C]
2025-01-04 20:13:41,200 - Castle: [KS, KH, KC, KD, QC, QS, QH]
2025-01-04 20:13:41,200 - Discard: [3H, 9D, 7D, 4D, 5S, 5D, 2D, 9S, 8S, JH, 8H, AS, 5H, 7S, 6D, AD, 9C, JC, TH, TC]
2025-01-04 20:13:41,200 - Active Player: 1
2025-01-04 20:13:41,200 - STATE LOG: END
2025-01-04 20:13:42,803 - STATE LOG: BEGIN
2025-01-04 20:13:42,804 - Noah's Hand: [2H, 2S, 6C, 6H]
2025-01-04 20:13:42,804 - Eve's Hand: [2C, 4H, 8C, 9H]
2025-01-04 20:13:42,804 - Boss: Rank: 12 | Suit D | Attack 10 | Health 14
2025-01-04 20:13:42,804 - Tavern: [7H, 7C, 3D, 3S, JD, 6S, 4C, TS, 8D, AH, JS, 5C]
2025-01-04 20:13:42,804 - Castle: [KS, KH, KC, KD, QC, QS, QH]
2025-01-04 20:13:42,804 - Discard: [3H, 9D, 7D, 4D, 5S, 5D, 2D, 9S, 8S, JH, 8H, AS, 5H, 7S, 6D, AD, 9C, JC, TH, TC, TD]
2025-01-04 20:13:42,804 - Active Player: 2
2025-01-04 20:13:42,804 - STATE LOG: END
2025-01-04 20:13:43,570 - STATE LOG: BEGIN
2025-01-04 20:13:43,570 - Noah's Hand: [2H, 2S, 6C, 6H]
2025-01-04 20:13:43,570 - Eve's Hand: [2C, 4H, 9H]
2025-01-04 20:13:43,570 - Boss: Rank: 12 | Suit H | Attack 15 | Health 30
2025-01-04 20:13:43,570 - Tavern: [7H, 7C, 3D, 3S, JD, 6S, 4C, TS, 8D, AH, JS, 5C]
2025-01-04 20:13:43,570 - Castle: [KS, KH, KC, KD, QC, QS]
2025-01-04 20:13:43,570 - Discard: [3H, 9D, 7D, 4D, 5S, 5D, 2D, 9S, 8S, JH, 8H, AS, 5H, 7S, 6D, AD, 9C, JC, TH, TC, TD, AC, 4S, 3C, 8C, QD]
2025-01-04 20:13:43,570 - Active Player: 2
2025-01-04 20:13:43,571 - STATE LOG: END
2025-01-04 20:13:43,593 - STATE LOG: BEGIN
2025-01-04 20:13:43,593 - Noah's Hand: [2H, 2S, 6C, 6H]
2025-01-04 20:13:43,593 - Eve's Hand: [2C, 4H, 9H]
2025-01-04 20:13:43,593 - Boss: Rank: 12 | Suit H | Attack 15 | Health 30
2025-01-04 20:13:43,593 - Tavern: [7H, 7C, 3D, 3S, JD, 6S, 4C, TS, 8D, AH, JS, 5C]
2025-01-04 20:13:43,593 - Castle: [KS, KH, KC, KD, QC, QS]
2025-01-04 20:13:43,593 - Discard: [3H, 9D, 7D, 4D, 5S, 5D, 2D, 9S, 8S, JH, 8H, AS, 5H, 7S, 6D, AD, 9C, JC, TH, TC, TD, AC, 4S, 3C, 8C, QD]
2025-01-04 20:13:43,593 - Active Player: 1
2025-01-04 20:13:43,593 - STATE LOG: END
