2025-01-04 15:30:06,776 - I log states! :D
2025-01-04 15:30:06,776 - STATE LOG: BEGIN
2025-01-04 15:30:06,777 - Noah's Hand: [AC, 3C, 6D, 5S, 2D, 9S, 8S]
2025-01-04 15:30:06,777 - Eve's Hand: [8H, 3S, 6C, 6S, 4C, 3H, 8C]
2025-01-04 15:30:06,777 - Boss: Rank: 11 | Suit H | Attack 10 | Health 20
2025-01-04 15:30:06,777 - Tavern: [6H, 3D, TH, 2S, 9C, TS, 5D, 9D, 9H, 2C, AS, 7H, 4D, TC, 4H, 7S, AH, AD, TD, 5C, 2H, 8D, 7C, 5H, 7D, 4S]
2025-01-04 15:30:06,777 - Castle: [KC, KH, KD, KS, QH, QC, QS, QD, JC, JS, JD]
2025-01-04 15:30:06,777 - Discard: []
2025-01-04 15:30:06,777 - Active Player: 1
2025-01-04 15:30:06,777 - STATE LOG: END
2025-01-04 15:30:07,921 - STATE LOG: BEGIN
2025-01-04 15:30:07,921 - Noah's Hand: [AC, 2D, 3C, 5S, 6D]
2025-01-04 15:30:07,921 - Eve's Hand: [8H, 3S, 6C, 6S, 4C, 3H, 8C]
2025-01-04 15:30:07,921 - Boss: Rank: 11 | Suit H | Attack 2 | Health 12
2025-01-04 15:30:07,921 - Tavern: [6H, 3D, TH, 2S, 9C, TS, 5D, 9D, 9H, 2C, AS, 7H, 4D, TC, 4H, 7S, AH, AD, TD, 5C, 2H, 8D, 7C, 5H, 7D, 4S]
2025-01-04 15:30:07,921 - Castle: [KC, KH, KD, KS, QH, QC, QS, QD, JC, JS, JD]
2025-01-04 15:30:07,921 - Discard: [9S]
2025-01-04 15:30:07,921 - Active Player: 2
2025-01-04 15:30:07,921 - STATE LOG: END
2025-01-04 15:30:08,802 - STATE LOG: BEGIN
2025-01-04 15:30:08,802 - Noah's Hand: [AC, 2D, 3C, 5S, 6D]
2025-01-04 15:30:08,802 - Eve's Hand: [3H, 3S, 4C, 6C, 6S, 8C]
2025-01-04 15:30:08,802 - Boss: Rank: 11 | Suit H | Attack 2 | Health 12
2025-01-04 15:30:08,802 - Tavern: [6H, 3D, TH, 2S, 9C, TS, 5D, 9D, 9H, 2C, AS, 7H, 4D, TC, 4H, 7S, AH, AD, TD, 5C, 2H, 8D, 7C, 5H, 7D, 4S]
2025-01-04 15:30:08,802 - Castle: [KC, KH, KD, KS, QH, QC, QS, QD, JC, JS, JD]
2025-01-04 15:30:08,802 - Discard: [9S, 8H]
2025-01-04 15:30:08,802 - Active Player: 1
2025-01-04 15:30:08,802 - STATE LOG: END
2025-01-04 15:30:10,372 - STATE LOG: BEGIN
2025-01-04 15:30:10,372 - Noah's Hand: [AC, 3C, 5S, 6D]
2025-01-04 15:30:10,372 - Eve's Hand: [3H, 3S, 4C, 6C, 6S, 8C, 7D]
2025-01-04 15:30:10,372 - Boss: Rank: 11 | Suit H | Attack 2 | Health 10
2025-01-04 15:30:10,372 - Tavern: [6H, 3D, TH, 2S, 9C, TS, 5D, 9D, 9H, 2C, AS, 7H, 4D, TC, 4H, 7S, AH, AD, TD, 5C, 2H, 8D, 7C, 5H]
2025-01-04 15:30:10,372 - Castle: [KC, KH, KD, KS, QH, QC, QS, QD, JC, JS, JD]
2025-01-04 15:30:10,372 - Discard: [9S, 8H, 4S]
2025-01-04 15:30:10,372 - Active Player: 2
2025-01-04 15:30:10,372 - STATE LOG: END
2025-01-04 15:30:11,289 - STATE LOG: BEGIN
2025-01-04 15:30:11,289 - Noah's Hand: [AC, 3C, 5S, 6D]
2025-01-04 15:30:11,289 - Eve's Hand: [4C, 6C, 6S, 7D, 8C]
2025-01-04 15:30:11,289 - Boss: Rank: 11 | Suit H | Attack 0 | Health 4
2025-01-04 15:30:11,289 - Tavern: [6H, 3D, TH, 2S, 9C, TS, 5D, 9D, 9H, 2C, AS, 7H, 4D, TC, 4H, 7S, AH, AD, TD, 5C, 2H, 8D, 7C, 5H]
2025-01-04 15:30:11,289 - Castle: [KC, KH, KD, KS, QH, QC, QS, QD, JC, JS, JD]
2025-01-04 15:30:11,289 - Discard: [9S, 8H, 4S]
2025-01-04 15:30:11,289 - Active Player: 1
2025-01-04 15:30:11,289 - STATE LOG: END
2025-01-04 15:30:11,574 - STATE LOG: BEGIN
2025-01-04 15:30:11,574 - Noah's Hand: [3C, 5S, 5H, 8D, 5C, TD, AD]
2025-01-04 15:30:11,574 - Eve's Hand: [4C, 6C, 6S, 7D, 8C, 7C, 2H]
2025-01-04 15:30:11,574 - Boss: Rank: 11 | Suit D | Attack 10 | Health 20
2025-01-04 15:30:11,574 - Tavern: [6H, 3D, TH, 2S, 9C, TS, 5D, 9D, 9H, 2C, AS, 7H, 4D, TC, 4H, 7S, AH]
2025-01-04 15:30:11,574 - Castle: [KC, KH, KD, KS, QH, QC, QS, QD, JC, JS]
2025-01-04 15:30:11,574 - Discard: [9S, 8H, 4S, 8S, 2D, AC, 6D, 3H, 3S, JH]
2025-01-04 15:30:11,574 - Active Player: 1
2025-01-04 15:30:11,574 - STATE LOG: END
2025-01-04 15:30:12,907 - STATE LOG: BEGIN
2025-01-04 15:30:12,907 - Noah's Hand: [AD, 3C, 5S, 8D, TD]
2025-01-04 15:30:12,907 - Eve's Hand: [4C, 6C, 6S, 7D, 8C, 7C, 2H]
2025-01-04 15:30:12,907 - Boss: Rank: 11 | Suit S | Attack 10 | Health 20
2025-01-04 15:30:12,907 - Tavern: [AC, 4S, 9S, JH, 8S, 3H, 3S, 8H, 2D, 6D, 6H, 3D, TH, 2S, 9C, TS, 5D, 9D, 9H, 2C, AS, 7H, 4D, TC, 4H, 7S, AH]
2025-01-04 15:30:12,908 - Castle: [KC, KH, KD, KS, QH, QC, QS, QD, JC]
2025-01-04 15:30:12,908 - Discard: [5C, 5H]
2025-01-04 15:30:12,908 - Active Player: 1
2025-01-04 15:30:12,908 - STATE LOG: END
2025-01-04 15:30:14,544 - STATE LOG: BEGIN
2025-01-04 15:30:14,544 - Noah's Hand: [3C, 8D, TD, JD, AH]
2025-01-04 15:30:14,544 - Eve's Hand: [4C, 6C, 6S, 7D, 8C, 7C, 2H]
2025-01-04 15:30:14,544 - Boss: Rank: 11 | Suit S | Attack 10 | Health 14
2025-01-04 15:30:14,544 - Tavern: [AC, 4S, 9S, JH, 8S, 3H, 3S, 8H, 2D, 6D, 6H, 3D, TH, 2S, 9C, TS, 5D, 9D, 9H, 2C, AS, 7H, 4D, TC]
2025-01-04 15:30:14,544 - Castle: [KC, KH, KD, KS, QH, QC, QS, QD, JC]
2025-01-04 15:30:14,544 - Discard: [5C, 5H, 4H, 7S]
2025-01-04 15:30:14,544 - Active Player: 2
2025-01-04 15:30:14,544 - STATE LOG: END
2025-01-04 15:30:16,151 - STATE LOG: BEGIN
2025-01-04 15:30:16,151 - Noah's Hand: [3C, 8D, TD, JD, AH]
2025-01-04 15:30:16,151 - Eve's Hand: [2H, 4C, 6C, 6S, 7C]
2025-01-04 15:30:16,151 - Boss: Rank: 11 | Suit S | Attack 10 | Health 14
2025-01-04 15:30:16,151 - Tavern: [AC, 4S, 9S, JH, 8S, 3H, 3S, 8H, 2D, 6D, 6H, 3D, TH, 2S, 9C, TS, 5D, 9D, 9H, 2C, AS, 7H, 4D, TC]
2025-01-04 15:30:16,151 - Castle: [KC, KH, KD, KS, QH, QC, QS, QD, JC]
2025-01-04 15:30:16,151 - Discard: [5C, 5H, 4H, 7S, 8C, 7D]
2025-01-04 15:30:16,152 - Active Player: 1
2025-01-04 15:30:16,152 - STATE LOG: END
2025-01-04 15:30:17,873 - STATE LOG: BEGIN
2025-01-04 15:30:17,873 - Noah's Hand: [AH, 3C, 8D, JD]
2025-01-04 15:30:17,874 - Eve's Hand: [2H, 4C, 6C, 6S, 7C, 4D, AS]
2025-01-04 15:30:17,874 - Boss: Rank: 11 | Suit S | Attack 10 | Health 4
2025-01-04 15:30:17,874 - Tavern: [AC, 4S, 9S, JH, 8S, 3H, 3S, 8H, 2D, 6D, 6H, 3D, TH, 2S, 9C, TS, 5D, 9D, 9H]
2025-01-04 15:30:17,874 - Castle: [KC, KH, KD, KS, QH, QC, QS, QD, JC]
2025-01-04 15:30:17,874 - Discard: [5C, 5H, 4H, 7S, 8C, 7D, 2C, 7H, TC]
2025-01-04 15:30:17,874 - Active Player: 2
2025-01-04 15:30:17,874 - STATE LOG: END
2025-01-04 15:30:19,681 - STATE LOG: BEGIN
2025-01-04 15:30:19,681 - Noah's Hand: [AH, 3C, 8D, JD]
2025-01-04 15:30:19,681 - Eve's Hand: [AS, 2H, 4D, 6C, 6S, 7C]
2025-01-04 15:30:19,681 - Boss: Rank: 11 | Suit C | Attack 10 | Health 20
2025-01-04 15:30:19,681 - Tavern: [AC, 4S, 9S, JH, 8S, 3H, 3S, 8H, 2D, 6D, 6H, 3D, TH, 2S, 9C, TS, 5D, 9D, 9H]
2025-01-04 15:30:19,681 - Castle: [KC, KH, KD, KS, QH, QC, QS, QD]
2025-01-04 15:30:19,681 - Discard: [5C, 5H, 4H, 7S, 8C, 7D, 2C, 7H, TC, AD, 5S, TD, 4C, JS]
2025-01-04 15:30:19,681 - Active Player: 2
2025-01-04 15:30:19,681 - STATE LOG: END
2025-01-04 15:30:21,372 - STATE LOG: BEGIN
2025-01-04 15:30:21,372 - Noah's Hand: [AH, 3C, 8D, JD]
2025-01-04 15:30:21,372 - Eve's Hand: [AS, 2H, 4D, 6C]
2025-01-04 15:30:21,372 - Boss: Rank: 11 | Suit C | Attack 10 | Health 20
2025-01-04 15:30:21,372 - Tavern: [AC, 4S, 9S, JH, 8S, 3H, 3S, 8H, 2D, 6D, 6H, 3D, TH, 2S, 9C, TS, 5D, 9D, 9H]
2025-01-04 15:30:21,372 - Castle: [KC, KH, KD, KS, QH, QC, QS, QD]
2025-01-04 15:30:21,372 - Discard: [5C, 5H, 4H, 7S, 8C, 7D, 2C, 7H, TC, AD, 5S, TD, 4C, JS, 7C, 6S]
2025-01-04 15:30:21,372 - Active Player: 1
2025-01-04 15:30:21,372 - STATE LOG: END
2025-01-04 15:30:22,753 - STATE LOG: BEGIN
2025-01-04 15:30:22,754 - Noah's Hand: [3C, JD, 9H, 5D, 9C]
2025-01-04 15:30:22,754 - Eve's Hand: [AS, 2H, 4D, 6C, 9D, TS, 2S]
2025-01-04 15:30:22,754 - Boss: Rank: 11 | Suit C | Attack 10 | Health 11
2025-01-04 15:30:22,754 - Tavern: [7H, 5H, 7C, 5C, 5S, JS, 7D, 6S, TC, AC, 4S, 9S, JH, 8S, 3H, 3S, 8H, 2D, 6D, 6H]
2025-01-04 15:30:22,754 - Castle: [KC, KH, KD, KS, QH, QC, QS, QD]
2025-01-04 15:30:22,754 - Discard: [4H, AD, 4C, 8C, TD, 2C, 7S, 3D, TH]
2025-01-04 15:30:22,754 - Active Player: 2
2025-01-04 15:30:22,754 - STATE LOG: END
2025-01-04 15:30:24,130 - STATE LOG: BEGIN
2025-01-04 15:30:24,130 - Noah's Hand: [3C, JD, 9H, 5D, 9C, 6D, 2D]
2025-01-04 15:30:24,130 - Eve's Hand: [AS, 2H, 2S, 6C, 9D]
2025-01-04 15:30:24,130 - Boss: Rank: 11 | Suit C | Attack 10 | Health 7
2025-01-04 15:30:24,130 - Tavern: [7H, 5H, 7C, 5C, 5S, JS, 7D, 6S, TC, AC, 4S, 9S, JH, 8S, 3H, 3S, 8H]
2025-01-04 15:30:24,130 - Castle: [KC, KH, KD, KS, QH, QC, QS, QD]
2025-01-04 15:30:24,130 - Discard: [4H, AD, 4C, 8C, TD, 2C, 7S, 3D, TH, 6H, TS]
2025-01-04 15:30:24,130 - Active Player: 1
2025-01-04 15:30:24,130 - STATE LOG: END
2025-01-04 15:30:24,836 - STATE LOG: BEGIN
2025-01-04 15:30:24,836 - Noah's Hand: [2D, 3C, 5D, 6D, 9C, 9H]
2025-01-04 15:30:24,836 - Eve's Hand: [AS, 2H, 2S, 6C, 9D]
2025-01-04 15:30:24,836 - Boss: Rank: 11 | Suit C | Attack 10 | Health 7
2025-01-04 15:30:24,836 - Tavern: [7H, 5H, 7C, 5C, 5S, JS, 7D, 6S, TC, AC, 4S, 9S, JH, 8S, 3H, 3S, 8H]
2025-01-04 15:30:24,836 - Castle: [KC, KH, KD, KS, QH, QC, QS, QD]
2025-01-04 15:30:24,836 - Discard: [4H, AD, 4C, 8C, TD, 2C, 7S, 3D, TH, 6H, TS, JD]
2025-01-04 15:30:24,836 - Active Player: 2
2025-01-04 15:30:24,836 - STATE LOG: END
2025-01-04 15:30:25,839 - STATE LOG: BEGIN
2025-01-04 15:30:25,839 - Noah's Hand: [2D, 3C, 5D, 6D, 9C, 9H, 3S]
2025-01-04 15:30:25,839 - Eve's Hand: [AS, 2H, 2S, 6C, 8H, 3H, 8S]
2025-01-04 15:30:25,839 - Boss: Rank: 12 | Suit D | Attack 15 | Health 30
2025-01-04 15:30:25,839 - Tavern: [7H, 5H, 7C, 5C, 5S, JS, 7D, 6S, TC, AC, 4S, 9S, JH]
2025-01-04 15:30:25,839 - Castle: [KC, KH, KD, KS, QH, QC, QS]
2025-01-04 15:30:25,839 - Discard: [4H, AD, 4C, 8C, TD, 2C, 7S, 3D, TH, 6H, TS, JD, AH, 8D, 4D, 9D, JC]
2025-01-04 15:30:25,839 - Active Player: 2
2025-01-04 15:30:25,839 - STATE LOG: END
2025-01-04 15:30:26,889 - STATE LOG: BEGIN
2025-01-04 15:30:26,889 - Noah's Hand: [2D, 3C, 5D, 6D, 9C, 9H, 3S]
2025-01-04 15:30:26,889 - Eve's Hand: [AS, 2H, 2S, 3H, 6C]
2025-01-04 15:30:26,889 - Boss: Rank: 12 | Suit D | Attack 7 | Health 22
2025-01-04 15:30:26,889 - Tavern: [7H, 5H, 7C, 5C, 5S, JS, 7D, 6S, TC, AC, 4S, 9S, JH]
2025-01-04 15:30:26,889 - Castle: [KC, KH, KD, KS, QH, QC, QS]
2025-01-04 15:30:26,889 - Discard: [4H, AD, 4C, 8C, TD, 2C, 7S, 3D, TH, 6H, TS, JD, AH, 8D, 4D, 9D, JC, 8H]
2025-01-04 15:30:26,889 - Active Player: 1
2025-01-04 15:30:26,889 - STATE LOG: END
2025-01-04 15:30:28,104 - STATE LOG: BEGIN
2025-01-04 15:30:28,104 - Noah's Hand: [2D, 5D, 6D, 9C]
2025-01-04 15:30:28,104 - Eve's Hand: [AS, 2H, 2S, 3H, 6C]
2025-01-04 15:30:28,104 - Boss: Rank: 12 | Suit D | Attack 1 | Health 10
2025-01-04 15:30:28,104 - Tavern: [7H, 5H, 7C, 5C, 5S, JS, 7D, 6S, TC, AC, 4S, 9S, JH]
2025-01-04 15:30:28,104 - Castle: [KC, KH, KD, KS, QH, QC, QS]
2025-01-04 15:30:28,104 - Discard: [4H, AD, 4C, 8C, TD, 2C, 7S, 3D, TH, 6H, TS, JD, AH, 8D, 4D, 9D, JC, 8H, 9H]
2025-01-04 15:30:28,104 - Active Player: 2
2025-01-04 15:30:28,104 - STATE LOG: END
2025-01-04 15:30:28,623 - STATE LOG: BEGIN
2025-01-04 15:30:28,623 - Noah's Hand: [2D, 5D, 6D, 9C]
2025-01-04 15:30:28,623 - Eve's Hand: [2H, 2S, 3H, 6C]
2025-01-04 15:30:28,623 - Boss: Rank: 12 | Suit D | Attack 0 | Health 9
2025-01-04 15:30:28,623 - Tavern: [7H, 5H, 7C, 5C, 5S, JS, 7D, 6S, TC, AC, 4S, 9S, JH]
2025-01-04 15:30:28,623 - Castle: [KC, KH, KD, KS, QH, QC, QS]
2025-01-04 15:30:28,623 - Discard: [4H, AD, 4C, 8C, TD, 2C, 7S, 3D, TH, 6H, TS, JD, AH, 8D, 4D, 9D, JC, 8H, 9H]
2025-01-04 15:30:28,623 - Active Player: 1
2025-01-04 15:30:28,623 - STATE LOG: END
2025-01-04 15:30:29,049 - STATE LOG: BEGIN
2025-01-04 15:30:29,049 - Noah's Hand: [2D, 5D, 6D, 9C]
2025-01-04 15:30:29,049 - Eve's Hand: [2H, 2S, 3H, 6C]
2025-01-04 15:30:29,049 - Boss: Rank: 12 | Suit D | Attack 0 | Health 9
2025-01-04 15:30:29,049 - Tavern: [7H, 5H, 7C, 5C, 5S, JS, 7D, 6S, TC, AC, 4S, 9S, JH]
2025-01-04 15:30:29,049 - Castle: [KC, KH, KD, KS, QH, QC, QS]
2025-01-04 15:30:29,049 - Discard: [4H, AD, 4C, 8C, TD, 2C, 7S, 3D, TH, 6H, TS, JD, AH, 8D, 4D, 9D, JC, 8H, 9H]
2025-01-04 15:30:29,049 - Active Player: 2
2025-01-04 15:30:29,049 - STATE LOG: END
2025-01-04 15:30:29,500 - STATE LOG: BEGIN
2025-01-04 15:30:29,500 - Noah's Hand: [2D, 5D, 6D, 9C]
2025-01-04 15:30:29,500 - Eve's Hand: [2H, 2S, 6C]
2025-01-04 15:30:29,500 - Boss: Rank: 12 | Suit D | Attack 0 | Health 6
2025-01-04 15:30:29,500 - Tavern: [4C, AH, 6H, 7H, 5H, 7C, 5C, 5S, JS, 7D, 6S, TC, AC, 4S, 9S, JH]
2025-01-04 15:30:29,500 - Castle: [KC, KH, KD, KS, QH, QC, QS]
2025-01-04 15:30:29,500 - Discard: [JD, 3D, 4D, 2C, AD, 9H, 7S, TD, TS, 8D, 9D, 8H, 4H, JC, TH, 8C]
2025-01-04 15:30:29,500 - Active Player: 1
2025-01-04 15:30:29,500 - STATE LOG: END
2025-01-04 15:30:29,753 - STATE LOG: BEGIN
2025-01-04 15:30:29,753 - Noah's Hand: [2D, 5D, 6D, 9C]
2025-01-04 15:30:29,753 - Eve's Hand: [2H, 2S, 6C]
2025-01-04 15:30:29,753 - Boss: Rank: 12 | Suit D | Attack 0 | Health 6
2025-01-04 15:30:29,753 - Tavern: [4C, AH, 6H, 7H, 5H, 7C, 5C, 5S, JS, 7D, 6S, TC, AC, 4S, 9S, JH]
2025-01-04 15:30:29,753 - Castle: [KC, KH, KD, KS, QH, QC, QS]
2025-01-04 15:30:29,753 - Discard: [JD, 3D, 4D, 2C, AD, 9H, 7S, TD, TS, 8D, 9D, 8H, 4H, JC, TH, 8C]
2025-01-04 15:30:29,753 - Active Player: 2
2025-01-04 15:30:29,753 - STATE LOG: END
2025-01-04 15:30:30,038 - STATE LOG: BEGIN
2025-01-04 15:30:30,038 - Noah's Hand: [2D, 5D, 6D, 9C]
2025-01-04 15:30:30,038 - Eve's Hand: [2S, 6C]
2025-01-04 15:30:30,038 - Boss: Rank: 12 | Suit D | Attack 0 | Health 4
2025-01-04 15:30:30,038 - Tavern: [4H, 4D, 4C, AH, 6H, 7H, 5H, 7C, 5C, 5S, JS, 7D, 6S, TC, AC, 4S, 9S, JH]
2025-01-04 15:30:30,038 - Castle: [KC, KH, KD, KS, QH, QC, QS]
2025-01-04 15:30:30,038 - Discard: [AD, 3D, 9D, 8D, 2C, 8C, JD, 9H, TS, JC, TD, 7S, TH, 8H]
2025-01-04 15:30:30,038 - Active Player: 1
2025-01-04 15:30:30,038 - STATE LOG: END
2025-01-04 15:30:30,240 - STATE LOG: BEGIN
2025-01-04 15:30:30,240 - Noah's Hand: [5D, 6D, 9C]
2025-01-04 15:30:30,240 - Eve's Hand: [2S, 6C]
2025-01-04 15:30:30,240 - Boss: Rank: 12 | Suit D | Attack 0 | Health 2
2025-01-04 15:30:30,240 - Tavern: [4H, 4D, 4C, AH, 6H, 7H, 5H, 7C, 5C, 5S, JS, 7D, 6S, TC, AC, 4S, 9S, JH]
2025-01-04 15:30:30,240 - Castle: [KC, KH, KD, KS, QH, QC, QS]
2025-01-04 15:30:30,240 - Discard: [AD, 3D, 9D, 8D, 2C, 8C, JD, 9H, TS, JC, TD, 7S, TH, 8H]
2025-01-04 15:30:30,240 - Active Player: 2
2025-01-04 15:30:30,240 - STATE LOG: END
2025-01-04 15:30:30,313 - STATE LOG: BEGIN
2025-01-04 15:30:30,313 - Noah's Hand: [5D, 6D, 9C]
2025-01-04 15:30:30,313 - Eve's Hand: [2S, 6C]
2025-01-04 15:30:30,314 - Boss: Rank: 12 | Suit D | Attack 0 | Health 2
2025-01-04 15:30:30,314 - Tavern: [4H, 4D, 4C, AH, 6H, 7H, 5H, 7C, 5C, 5S, JS, 7D, 6S, TC, AC, 4S, 9S, JH]
2025-01-04 15:30:30,314 - Castle: [KC, KH, KD, KS, QH, QC, QS]
2025-01-04 15:30:30,314 - Discard: [AD, 3D, 9D, 8D, 2C, 8C, JD, 9H, TS, JC, TD, 7S, TH, 8H]
2025-01-04 15:30:30,314 - Active Player: 1
2025-01-04 15:30:30,314 - STATE LOG: END
2025-01-04 15:30:30,434 - STATE LOG: BEGIN
2025-01-04 15:30:30,434 - Noah's Hand: [6D, 9C]
2025-01-04 15:30:30,434 - Eve's Hand: [2S, 6C]
2025-01-04 15:30:30,434 - Boss: Rank: 12 | Suit S | Attack 15 | Health 30
2025-01-04 15:30:30,434 - Tavern: [4H, 4D, 4C, AH, 6H, 7H, 5H, 7C, 5C, 5S, JS, 7D, 6S, TC, AC, 4S, 9S, JH]
2025-01-04 15:30:30,434 - Castle: [KC, KH, KD, KS, QH, QC]
2025-01-04 15:30:30,434 - Discard: [AD, 3D, 9D, 8D, 2C, 8C, JD, 9H, TS, JC, TD, 7S, TH, 8H, 3C, 3S, 2D, 5D, 8S, AS, 3H, 2H, QD]
2025-01-04 15:30:30,434 - Active Player: 1
2025-01-04 15:30:30,434 - STATE LOG: END
2025-01-04 15:30:30,472 - STATE LOG: BEGIN
2025-01-04 15:30:30,472 - Noah's Hand: [9C]
2025-01-04 15:30:30,472 - Eve's Hand: [2S, 6C, 9S, AC, 6S]
2025-01-04 15:30:30,472 - Boss: Rank: 12 | Suit S | Attack 15 | Health 24
2025-01-04 15:30:30,472 - Tavern: [4H, 4D, 4C, AH, 6H, 7H, 5H, 7C, 5C, 5S, JS, 7D]
2025-01-04 15:30:30,472 - Castle: [KC, KH, KD, KS, QH, QC]
2025-01-04 15:30:30,472 - Discard: [AD, 3D, 9D, 8D, 2C, 8C, JD, 9H, TS, JC, TD, 7S, TH, 8H, 3C, 3S, 2D, 5D, 8S, AS, 3H, 2H, QD, TC, 4S, JH]
2025-01-04 15:30:30,472 - Active Player: 2
2025-01-04 15:30:30,472 - STATE LOG: END
2025-01-04 15:30:30,506 - STATE LOG: BEGIN
2025-01-04 15:30:30,506 - Noah's Hand: [9C]
2025-01-04 15:30:30,506 - Eve's Hand: [2S]
2025-01-04 15:30:30,506 - Boss: Rank: 12 | Suit S | Attack 15 | Health 10
2025-01-04 15:30:30,506 - Tavern: [4H, 4D, 4C, AH, 6H, 7H, 5H, 7C, 5C, 5S, JS, 7D]
2025-01-04 15:30:30,506 - Castle: [KC, KH, KD, KS, QH, QC]
2025-01-04 15:30:30,506 - Discard: [AD, 3D, 9D, 8D, 2C, 8C, JD, 9H, TS, JC, TD, 7S, TH, 8H, 3C, 3S, 2D, 5D, 8S, AS, 3H, 2H, QD, TC, 4S, JH, 9S, 6S]
2025-01-04 15:30:30,506 - Active Player: 1
2025-01-04 15:30:30,506 - STATE LOG: END
2025-01-04 15:30:30,510 - STATE LOG: BEGIN
2025-01-04 15:30:30,510 - Noah's Hand: [9C]
2025-01-04 15:30:30,510 - Eve's Hand: [2S]
2025-01-04 15:30:30,510 - Boss: Rank: 12 | Suit S | Attack 15 | Health 10
2025-01-04 15:30:30,510 - Tavern: [4H, 4D, 4C, AH, 6H, 7H, 5H, 7C, 5C, 5S, JS, 7D]
2025-01-04 15:30:30,510 - Castle: [KC, KH, KD, KS, QH, QC]
2025-01-04 15:30:30,510 - Discard: [AD, 3D, 9D, 8D, 2C, 8C, JD, 9H, TS, JC, TD, 7S, TH, 8H, 3C, 3S, 2D, 5D, 8S, AS, 3H, 2H, QD, TC, 4S, JH, 9S, 6S]
2025-01-04 15:30:30,510 - Active Player: 2
2025-01-04 15:30:30,510 - STATE LOG: END
