2025-01-04 03:35:47,415 - I log states! :D
2025-01-04 03:35:47,415 - STATE LOG: BEGIN
2025-01-04 03:35:47,415 - Noah's Hand: [3S, 5C, 3C, 5S, AC, 9C, 8D]
2025-01-04 03:35:47,415 - Eve's Hand: [7H, 7D, TD, 3D, 4D, 9H, TS]
2025-01-04 03:35:47,415 - Boss: Rank: 11 | Suit S | Attack 10 | Health 20
2025-01-04 03:35:47,415 - Tavern: [AS, 8H, 8C, AD, 6S, 5H, 2H, 9S, 4S, 2C, 9D, 3H, 8S, 6D, TC, 2S, 6H, 2D, 5D, 6C, TH, 4C, 7C, AH, 7S, 4H]
2025-01-04 03:35:47,416 - Castle: [KC, KS, KD, KH, QS, QH, QC, QD, JC, JD, JH]
2025-01-04 03:35:47,416 - Discard: []
2025-01-04 03:35:47,416 - Active Player: 1
2025-01-04 03:35:47,416 - STATE LOG: END
2025-01-04 03:35:52,422 - STATE LOG: BEGIN
2025-01-04 03:35:52,422 - Noah's Hand: [3C, 3S, 5C, 5S, 9C]
2025-01-04 03:35:52,422 - Eve's Hand: [7H, 7D, TD, 3D, 4D, 9H, TS]
2025-01-04 03:35:52,422 - Boss: Rank: 11 | Suit S | Attack 10 | Health 2
2025-01-04 03:35:52,422 - Tavern: [AS, 8H, 8C, AD, 6S, 5H, 2H, 9S, 4S, 2C, 9D, 3H, 8S, 6D, TC, 2S, 6H, 2D, 5D, 6C, TH, 4C, 7C, AH]
2025-01-04 03:35:52,422 - Castle: [KC, KS, KD, KH, QS, QH, QC, QD, JC, JD, JH]
2025-01-04 03:35:52,422 - Discard: [7S, 4H]
2025-01-04 03:35:52,422 - Active Player: 2
2025-01-04 03:35:52,422 - STATE LOG: END
2025-01-04 03:35:57,423 - STATE LOG: BEGIN
2025-01-04 03:35:57,423 - Noah's Hand: [3C, 3S, 5C, 5S, 9C]
2025-01-04 03:35:57,423 - Eve's Hand: [3D, 4D, 7D, 7H, 9H, TD]
2025-01-04 03:35:57,423 - Boss: Rank: 11 | Suit H | Attack 10 | Health 20
2025-01-04 03:35:57,423 - Tavern: [AS, 8H, 8C, AD, 6S, 5H, 2H, 9S, 4S, 2C, 9D, 3H, 8S, 6D, TC, 2S, 6H, 2D, 5D, 6C, TH, 4C, 7C, AH]
2025-01-04 03:35:57,423 - Castle: [KC, KS, KD, KH, QS, QH, QC, QD, JC, JD]
2025-01-04 03:35:57,423 - Discard: [7S, 4H, AC, 8D, TS, JS]
2025-01-04 03:35:57,423 - Active Player: 2
2025-01-04 03:35:57,423 - STATE LOG: END
2025-01-04 03:36:01,227 - STATE LOG: BEGIN
2025-01-04 03:36:01,227 - Noah's Hand: [3C, 3S, 5C, 5S, 9C, 7C, TH]
2025-01-04 03:36:01,227 - Eve's Hand: [3D, 4D, 7H, 9H]
2025-01-04 03:36:01,227 - Boss: Rank: 11 | Suit H | Attack 10 | Health 13
2025-01-04 03:36:01,227 - Tavern: [AS, 8H, 8C, AD, 6S, 5H, 2H, 9S, 4S, 2C, 9D, 3H, 8S, 6D, TC, 2S, 6H, 2D, 5D, 6C]
2025-01-04 03:36:01,227 - Castle: [KC, KS, KD, KH, QS, QH, QC, QD, JC, JD]
2025-01-04 03:36:01,227 - Discard: [7S, 4H, AC, 8D, TS, JS, 4C, AH, TD]
2025-01-04 03:36:01,227 - Active Player: 1
2025-01-04 03:36:01,227 - STATE LOG: END
2025-01-04 03:36:04,700 - STATE LOG: BEGIN
2025-01-04 03:36:04,700 - Noah's Hand: [3S, 5C, 5S, 7C, 9C]
2025-01-04 03:36:04,700 - Eve's Hand: [3D, 4D, 7H, 9H]
2025-01-04 03:36:04,700 - Boss: Rank: 11 | Suit H | Attack 10 | Health 7
2025-01-04 03:36:04,700 - Tavern: [AS, 8H, 8C, AD, 6S, 5H, 2H, 9S, 4S, 2C, 9D, 3H, 8S, 6D, TC, 2S, 6H, 2D, 5D, 6C]
2025-01-04 03:36:04,700 - Castle: [KC, KS, KD, KH, QS, QH, QC, QD, JC, JD]
2025-01-04 03:36:04,700 - Discard: [7S, 4H, AC, 8D, TS, JS, 4C, AH, TD, TH]
2025-01-04 03:36:04,700 - Active Player: 2
2025-01-04 03:36:04,700 - STATE LOG: END
2025-01-04 03:36:04,737 - STATE LOG: BEGIN
2025-01-04 03:36:04,737 - Noah's Hand: [3S, 5C, 5S, 7C, 9C]
2025-01-04 03:36:04,737 - Eve's Hand: [3D, 4D]
2025-01-04 03:36:04,737 - Boss: Rank: 11 | Suit H | Attack 10 | Health 7
2025-01-04 03:36:04,737 - Tavern: [AS, 8H, 8C, AD, 6S, 5H, 2H, 9S, 4S, 2C, 9D, 3H, 8S, 6D, TC, 2S, 6H, 2D, 5D, 6C]
2025-01-04 03:36:04,737 - Castle: [KC, KS, KD, KH, QS, QH, QC, QD, JC, JD]
2025-01-04 03:36:04,737 - Discard: [7S, 4H, AC, 8D, TS, JS, 4C, AH, TD, TH, 9H, 7H]
2025-01-04 03:36:04,737 - Active Player: 1
2025-01-04 03:36:04,737 - STATE LOG: END
2025-01-04 03:36:04,909 - STATE LOG: BEGIN
2025-01-04 03:36:04,909 - Noah's Hand: [5C, 5S, 7C]
2025-01-04 03:36:04,909 - Eve's Hand: [3D, 4D]
2025-01-04 03:36:04,909 - Boss: Rank: 11 | Suit H | Attack 7 | Health 4
2025-01-04 03:36:04,909 - Tavern: [AS, 8H, 8C, AD, 6S, 5H, 2H, 9S, 4S, 2C, 9D, 3H, 8S, 6D, TC, 2S, 6H, 2D, 5D, 6C]
2025-01-04 03:36:04,909 - Castle: [KC, KS, KD, KH, QS, QH, QC, QD, JC, JD]
2025-01-04 03:36:04,909 - Discard: [7S, 4H, AC, 8D, TS, JS, 4C, AH, TD, TH, 9H, 7H, 9C]
2025-01-04 03:36:04,909 - Active Player: 2
2025-01-04 03:36:04,909 - STATE LOG: END
2025-01-04 03:36:05,162 - STATE LOG: BEGIN
2025-01-04 03:36:05,162 - Noah's Hand: [5C, 5S, 7C, 5D]
2025-01-04 03:36:05,162 - Eve's Hand: [4D]
2025-01-04 03:36:05,162 - Boss: Rank: 11 | Suit H | Attack 7 | Health 1
2025-01-04 03:36:05,162 - Tavern: [AS, 8H, 8C, AD, 6S, 5H, 2H, 9S, 4S, 2C, 9D, 3H, 8S, 6D, TC, 2S, 6H]
2025-01-04 03:36:05,162 - Castle: [KC, KS, KD, KH, QS, QH, QC, QD, JC, JD]
2025-01-04 03:36:05,162 - Discard: [7S, 4H, AC, 8D, TS, JS, 4C, AH, TD, TH, 9H, 7H, 9C, 2D, 6C]
2025-01-04 03:36:05,162 - Active Player: 1
2025-01-04 03:36:05,162 - STATE LOG: END
2025-01-04 03:36:05,978 - STATE LOG: BEGIN
2025-01-04 03:36:05,978 - Noah's Hand: [5S, 7C, 6H, TC, 8S, 9D, 4S]
2025-01-04 03:36:05,978 - Eve's Hand: [4D, 2S, 6D, 3H, 2C, 9S]
2025-01-04 03:36:05,978 - Boss: Rank: 11 | Suit D | Attack 10 | Health 20
2025-01-04 03:36:05,978 - Tavern: [AS, 8H, 8C, AD, 6S, 5H, 2H]
2025-01-04 03:36:05,978 - Castle: [KC, KS, KD, KH, QS, QH, QC, QD, JC]
2025-01-04 03:36:05,978 - Discard: [7S, 4H, AC, 8D, TS, JS, 4C, AH, TD, TH, 9H, 7H, 9C, 2D, 6C, 3C, 3S, 5C, 5D, 7D, 3D, JH]
2025-01-04 03:36:05,978 - Active Player: 1
2025-01-04 03:36:05,978 - STATE LOG: END
2025-01-04 03:36:10,980 - STATE LOG: BEGIN
2025-01-04 03:36:10,981 - Noah's Hand: [4S, 5S, 6H, 7C, 8S, 9D]
2025-01-04 03:36:10,981 - Eve's Hand: [4D, 2S, 6D, 3H, 2C, 9S]
2025-01-04 03:36:10,981 - Boss: Rank: 11 | Suit C | Attack 10 | Health 20
2025-01-04 03:36:10,981 - Tavern: [AS, 8H, 8C, AD, 6S, 5H, 2H]
2025-01-04 03:36:10,981 - Castle: [KC, KS, KD, KH, QS, QH, QC, QD]
2025-01-04 03:36:10,981 - Discard: [7S, 4H, AC, 8D, TS, JS, 4C, AH, TD, TH, 9H, 7H, 9C, 2D, 6C, 3C, 3S, 5C, 5D, 7D, 3D, JH, TC]
2025-01-04 03:36:10,981 - Active Player: 1
2025-01-04 03:36:10,981 - STATE LOG: END
2025-01-04 03:36:13,499 - STATE LOG: BEGIN
2025-01-04 03:36:13,499 - Noah's Hand: [5S, 6H, 7C, 8S]
2025-01-04 03:36:13,499 - Eve's Hand: [4D, 2S, 6D, 3H, 2C, 9S]
2025-01-04 03:36:13,499 - Boss: Rank: 11 | Suit C | Attack 6 | Health 16
2025-01-04 03:36:13,499 - Tavern: [AS, 8H, 8C, AD, 6S, 5H, 2H]
2025-01-04 03:36:13,499 - Castle: [KC, KS, KD, KH, QS, QH, QC, QD]
2025-01-04 03:36:13,499 - Discard: [7S, 4H, AC, 8D, TS, JS, 4C, AH, TD, TH, 9H, 7H, 9C, 2D, 6C, 3C, 3S, 5C, 5D, 7D, 3D, JH, TC, 9D]
2025-01-04 03:36:13,499 - Active Player: 2
2025-01-04 03:36:13,499 - STATE LOG: END
2025-01-04 03:36:17,074 - STATE LOG: BEGIN
2025-01-04 03:36:17,075 - Noah's Hand: [5S, 6H, 7C, 8S]
2025-01-04 03:36:17,075 - Eve's Hand: [3H, 4D, 6D]
2025-01-04 03:36:17,075 - Boss: Rank: 11 | Suit C | Attack 2 | Health 12
2025-01-04 03:36:17,075 - Tavern: [AS, 8H, 8C, AD, 6S, 5H, 2H]
2025-01-04 03:36:17,075 - Castle: [KC, KS, KD, KH, QS, QH, QC, QD]
2025-01-04 03:36:17,075 - Discard: [7S, 4H, AC, 8D, TS, JS, 4C, AH, TD, TH, 9H, 7H, 9C, 2D, 6C, 3C, 3S, 5C, 5D, 7D, 3D, JH, TC, 9D, 9S]
2025-01-04 03:36:17,075 - Active Player: 1
2025-01-04 03:36:17,075 - STATE LOG: END
2025-01-04 03:36:18,471 - STATE LOG: BEGIN
2025-01-04 03:36:18,471 - Noah's Hand: [5S, 6H, 7C]
2025-01-04 03:36:18,471 - Eve's Hand: [3H, 4D, 6D]
2025-01-04 03:36:18,471 - Boss: Rank: 11 | Suit C | Attack 2 | Health 12
2025-01-04 03:36:18,471 - Tavern: [AS, 8H, 8C, AD, 6S, 5H, 2H]
2025-01-04 03:36:18,471 - Castle: [KC, KS, KD, KH, QS, QH, QC, QD]
2025-01-04 03:36:18,471 - Discard: [7S, 4H, AC, 8D, TS, JS, 4C, AH, TD, TH, 9H, 7H, 9C, 2D, 6C, 3C, 3S, 5C, 5D, 7D, 3D, JH, TC, 9D, 9S, 8S]
2025-01-04 03:36:18,471 - Active Player: 2
2025-01-04 03:36:18,471 - STATE LOG: END
2025-01-04 03:36:19,588 - STATE LOG: BEGIN
2025-01-04 03:36:19,588 - Noah's Hand: [5S, 6H, 7C, 2H, 6S]
2025-01-04 03:36:19,588 - Eve's Hand: [3H, 6D, JD]
2025-01-04 03:36:19,589 - Boss: Rank: 11 | Suit C | Attack 2 | Health 8
2025-01-04 03:36:19,589 - Tavern: [AS, 8H, 8C, AD]
2025-01-04 03:36:19,589 - Castle: [KC, KS, KD, KH, QS, QH, QC, QD]
2025-01-04 03:36:19,589 - Discard: [7S, 4H, AC, 8D, TS, JS, 4C, AH, TD, TH, 9H, 7H, 9C, 2D, 6C, 3C, 3S, 5C, 5D, 7D, 3D, JH, TC, 9D, 9S, 8S, 5H]
2025-01-04 03:36:19,589 - Active Player: 1
2025-01-04 03:36:19,589 - STATE LOG: END
2025-01-04 03:36:20,469 - STATE LOG: BEGIN
2025-01-04 03:36:20,469 - Noah's Hand: [2H, 5S, 6S]
2025-01-04 03:36:20,469 - Eve's Hand: [3H, 6D, JD]
2025-01-04 03:36:20,469 - Boss: Rank: 11 | Suit C | Attack 2 | Health 2
2025-01-04 03:36:20,469 - Tavern: [2D, AH, 5H, 8D, JS, 9H, AS, 8H, 8C, AD]
2025-01-04 03:36:20,469 - Castle: [KC, KS, KD, KH, QS, QH, QC, QD]
2025-01-04 03:36:20,469 - Discard: [4H, 7S, 3C, JH, TD, 9C, 5C, TS, 9S, 9D, 3D, 4C, AC, 7H, 5D, TH, 6C, 3S, 8S, 7D, TC, 7C]
2025-01-04 03:36:20,469 - Active Player: 2
2025-01-04 03:36:20,469 - STATE LOG: END
2025-01-04 03:36:21,630 - STATE LOG: BEGIN
2025-01-04 03:36:21,630 - Noah's Hand: [2H, 5S, 6S, 8C, AS, JS, 5H]
2025-01-04 03:36:21,630 - Eve's Hand: [3H, 6D, AD, 8H, 9H, 8D, AH]
2025-01-04 03:36:21,630 - Boss: Rank: 12 | Suit D | Attack 15 | Health 30
2025-01-04 03:36:21,630 - Tavern: [2D]
2025-01-04 03:36:21,630 - Castle: [KC, KS, KD, KH, QS, QH, QC]
2025-01-04 03:36:21,630 - Discard: [4H, 7S, 3C, JH, TD, 9C, 5C, TS, 9S, 9D, 3D, 4C, AC, 7H, 5D, TH, 6C, 3S, 8S, 7D, TC, 7C, 4S, 6H, 2C, 2S, 4D, JD, JC]
2025-01-04 03:36:21,630 - Active Player: 2
2025-01-04 03:36:21,630 - STATE LOG: END
2025-01-04 03:36:25,193 - STATE LOG: BEGIN
2025-01-04 03:36:25,194 - Noah's Hand: [2H, 5S, 6S, 8C, AS, JS, 5H]
2025-01-04 03:36:25,194 - Eve's Hand: [AD, AH, 6D, 8D]
2025-01-04 03:36:25,194 - Boss: Rank: 12 | Suit D | Attack 15 | Health 27
2025-01-04 03:36:25,194 - Tavern: [9C, 4D, 8S, 2D]
2025-01-04 03:36:25,194 - Castle: [KC, KS, KD, KH, QS, QH, QC]
2025-01-04 03:36:25,194 - Discard: [JC, 2C, 2S, 6C, 4C, TC, TH, 7D, 9S, 3D, TS, 4H, 5C, 7S, 4S, 9D, TD, 7H, 7C, 3S, 6H, JH, 3C, AC, JD, 5D, 9H, 8H]
2025-01-04 03:36:25,194 - Active Player: 1
2025-01-04 03:36:25,194 - STATE LOG: END
2025-01-04 03:36:26,445 - STATE LOG: BEGIN
2025-01-04 03:36:26,445 - Noah's Hand: [AS, 2H, 5H, 5S, 6S]
2025-01-04 03:36:26,445 - Eve's Hand: [AD, AH, 6D, 8D]
2025-01-04 03:36:26,445 - Boss: Rank: 12 | Suit D | Attack 4 | Health 16
2025-01-04 03:36:26,445 - Tavern: [9C, 4D, 8S, 2D]
2025-01-04 03:36:26,445 - Castle: [KC, KS, KD, KH, QS, QH, QC]
2025-01-04 03:36:26,445 - Discard: [JC, 2C, 2S, 6C, 4C, TC, TH, 7D, 9S, 3D, TS, 4H, 5C, 7S, 4S, 9D, TD, 7H, 7C, 3S, 6H, JH, 3C, AC, JD, 5D, 9H, 8H, 8C]
2025-01-04 03:36:26,445 - Active Player: 2
2025-01-04 03:36:26,445 - STATE LOG: END
2025-01-04 03:36:26,519 - STATE LOG: BEGIN
2025-01-04 03:36:26,519 - Noah's Hand: [AS, 2H, 5H, 5S, 6S]
2025-01-04 03:36:26,519 - Eve's Hand: [AD, AH]
2025-01-04 03:36:26,519 - Boss: Rank: 12 | Suit D | Attack 4 | Health 8
2025-01-04 03:36:26,519 - Tavern: [9C, 4D, 8S, 2D]
2025-01-04 03:36:26,519 - Castle: [KC, KS, KD, KH, QS, QH, QC]
2025-01-04 03:36:26,519 - Discard: [JC, 2C, 2S, 6C, 4C, TC, TH, 7D, 9S, 3D, TS, 4H, 5C, 7S, 4S, 9D, TD, 7H, 7C, 3S, 6H, JH, 3C, AC, JD, 5D, 9H, 8H, 8C, 6D]
2025-01-04 03:36:26,519 - Active Player: 1
2025-01-04 03:36:26,519 - STATE LOG: END
2025-01-04 03:36:26,999 - STATE LOG: BEGIN
2025-01-04 03:36:26,999 - Noah's Hand: [AS, 2H, 5H, 6S]
2025-01-04 03:36:26,999 - Eve's Hand: [AD, AH]
2025-01-04 03:36:26,999 - Boss: Rank: 12 | Suit D | Attack 0 | Health 3
2025-01-04 03:36:26,999 - Tavern: [9C, 4D, 8S, 2D]
2025-01-04 03:36:26,999 - Castle: [KC, KS, KD, KH, QS, QH, QC]
2025-01-04 03:36:26,999 - Discard: [JC, 2C, 2S, 6C, 4C, TC, TH, 7D, 9S, 3D, TS, 4H, 5C, 7S, 4S, 9D, TD, 7H, 7C, 3S, 6H, JH, 3C, AC, JD, 5D, 9H, 8H, 8C, 6D]
2025-01-04 03:36:26,999 - Active Player: 2
2025-01-04 03:36:26,999 - STATE LOG: END
2025-01-04 03:36:27,218 - STATE LOG: BEGIN
2025-01-04 03:36:27,218 - Noah's Hand: [AS, 2H, 5H, 6S]
2025-01-04 03:36:27,218 - Eve's Hand: [AD]
2025-01-04 03:36:27,218 - Boss: Rank: 12 | Suit D | Attack 0 | Health 2
2025-01-04 03:36:27,218 - Tavern: [9D, 9C, 4D, 8S, 2D]
2025-01-04 03:36:27,218 - Castle: [KC, KS, KD, KH, QS, QH, QC]
2025-01-04 03:36:27,218 - Discard: [6D, 9H, 3D, 5D, 2S, 5C, 3S, AC, JH, TH, 2C, TS, 7S, 7D, 7C, 4S, 4H, JD, 8C, TC, 6C, TD, JC, 6H, 9S, 4C, 8H, 3C, 7H]
2025-01-04 03:36:27,218 - Active Player: 1
2025-01-04 03:36:27,218 - STATE LOG: END
2025-01-04 03:36:27,292 - STATE LOG: BEGIN
2025-01-04 03:36:27,292 - Noah's Hand: [AS, 2H, 5H, 6S]
2025-01-04 03:36:27,292 - Eve's Hand: [AD]
2025-01-04 03:36:27,292 - Boss: Rank: 12 | Suit D | Attack 0 | Health 2
2025-01-04 03:36:27,292 - Tavern: [9D, 9C, 4D, 8S, 2D]
2025-01-04 03:36:27,292 - Castle: [KC, KS, KD, KH, QS, QH, QC]
2025-01-04 03:36:27,292 - Discard: [6D, 9H, 3D, 5D, 2S, 5C, 3S, AC, JH, TH, 2C, TS, 7S, 7D, 7C, 4S, 4H, JD, 8C, TC, 6C, TD, JC, 6H, 9S, 4C, 8H, 3C, 7H]
2025-01-04 03:36:27,292 - Active Player: 2
2025-01-04 03:36:27,292 - STATE LOG: END
2025-01-04 03:36:27,313 - STATE LOG: BEGIN
2025-01-04 03:36:27,313 - Noah's Hand: [AS, 2H, 5H, 6S]
2025-01-04 03:36:27,313 - Eve's Hand: []
2025-01-04 03:36:27,313 - Boss: Rank: 12 | Suit D | Attack 0 | Health 1
2025-01-04 03:36:27,313 - Tavern: [9D, 9C, 4D, 8S, 2D]
2025-01-04 03:36:27,313 - Castle: [KC, KS, KD, KH, QS, QH, QC]
2025-01-04 03:36:27,313 - Discard: [6D, 9H, 3D, 5D, 2S, 5C, 3S, AC, JH, TH, 2C, TS, 7S, 7D, 7C, 4S, 4H, JD, 8C, TC, 6C, TD, JC, 6H, 9S, 4C, 8H, 3C, 7H]
2025-01-04 03:36:27,313 - Active Player: 1
2025-01-04 03:36:27,313 - STATE LOG: END
2025-01-04 03:36:27,328 - STATE LOG: BEGIN
2025-01-04 03:36:27,328 - Noah's Hand: [5H, 6S]
2025-01-04 03:36:27,328 - Eve's Hand: []
2025-01-04 03:36:27,328 - Boss: Rank: 12 | Suit C | Attack 15 | Health 30
2025-01-04 03:36:27,328 - Tavern: [AC, 7H, 2S, 9D, 9C, 4D, 8S, 2D]
2025-01-04 03:36:27,328 - Castle: [KC, KS, KD, KH, QS, QH]
2025-01-04 03:36:27,328 - Discard: [2C, TC, 3C, 9S, 3D, JC, 8C, TH, 6D, 6C, 9H, 5D, TS, 3S, 7D, 5C, JD, 7S, JH, TD, 6H, 7C, 4S, 4C, 4H, 8H, JS, 5S, AS, 2H, 3H, 8D, AH, AD, QD]
2025-01-04 03:36:27,328 - Active Player: 1
2025-01-04 03:36:27,328 - STATE LOG: END
2025-01-04 03:36:27,333 - STATE LOG: BEGIN
2025-01-04 03:36:27,333 - Noah's Hand: [5H]
2025-01-04 03:36:27,333 - Eve's Hand: []
2025-01-04 03:36:27,333 - Boss: Rank: 12 | Suit C | Attack 9 | Health 24
2025-01-04 03:36:27,333 - Tavern: [AC, 7H, 2S, 9D, 9C, 4D, 8S, 2D]
2025-01-04 03:36:27,333 - Castle: [KC, KS, KD, KH, QS, QH]
2025-01-04 03:36:27,333 - Discard: [2C, TC, 3C, 9S, 3D, JC, 8C, TH, 6D, 6C, 9H, 5D, TS, 3S, 7D, 5C, JD, 7S, JH, TD, 6H, 7C, 4S, 4C, 4H, 8H, JS, 5S, AS, 2H, 3H, 8D, AH, AD, QD]
2025-01-04 03:36:27,333 - Active Player: 2
2025-01-04 03:36:27,333 - STATE LOG: END
