2025-01-04 20:16:06,847 - I log states! :D
2025-01-04 20:16:06,848 - STATE LOG: BEGIN
2025-01-04 20:16:06,848 - Noah's Hand: [8S, 7S, 7C, 7H, AS, 6D, 4C]
2025-01-04 20:16:06,848 - Eve's Hand: [4H, 6H, 2C, 9C, 5D, 5C, AC]
2025-01-04 20:16:06,848 - Boss: Rank: 11 | Suit S | Attack 10 | Health 20
2025-01-04 20:16:06,848 - Tavern: [3C, 9H, 9D, 3H, TH, TD, 4S, 3S, 9S, TC, 3D, 2S, 4D, 6C, 5H, 7D, 8H, 6S, 8D, 5S, 2H, AD, TS, AH, 8C, 2D]
2025-01-04 20:16:06,848 - Castle: [KD, KH, KC, KS, QS, QH, QD, QC, JC, JH, JD]
2025-01-04 20:16:06,848 - Discard: []
2025-01-04 20:16:06,848 - Active Player: 1
2025-01-04 20:16:06,848 - STATE LOG: END
2025-01-04 20:16:08,857 - STATE LOG: BEGIN
2025-01-04 20:16:08,857 - Noah's Hand: [AS, 4C, 6D, 7C, 7H]
2025-01-04 20:16:08,857 - Eve's Hand: [4H, 6H, 2C, 9C, 5D, 5C, AC]
2025-01-04 20:16:08,857 - Boss: Rank: 11 | Suit S | Attack 10 | Health 20
2025-01-04 20:16:08,857 - Tavern: [3C, 9H, 9D, 3H, TH, TD, 4S, 3S, 9S, TC, 3D, 2S, 4D, 6C, 5H, 7D, 8H, 6S, 8D, 5S, 2H, AD, TS, AH, 8C, 2D]
2025-01-04 20:16:08,857 - Castle: [KD, KH, KC, KS, QS, QH, QD, QC, JC, JH, JD]
2025-01-04 20:16:08,857 - Discard: [8S, 7S]
2025-01-04 20:16:08,857 - Active Player: 2
2025-01-04 20:16:08,857 - STATE LOG: END
2025-01-04 20:16:19,395 - STATE LOG: BEGIN
2025-01-04 20:16:19,395 - Noah's Hand: [AS, 4C, 6D, 7C, 7H, 8C, TS]
2025-01-04 20:16:19,396 - Eve's Hand: [2C, 4H, 5C, 6H]
2025-01-04 20:16:19,396 - Boss: Rank: 11 | Suit S | Attack 10 | Health 8
2025-01-04 20:16:19,396 - Tavern: [3C, 9H, 9D, 3H, TH, TD, 4S, 3S, 9S, TC, 3D, 2S, 4D, 6C, 5H, 7D, 8H, 6S, 8D, 5S, 2H, AD]
2025-01-04 20:16:19,396 - Castle: [KD, KH, KC, KS, QS, QH, QD, QC, JC, JH, JD]
2025-01-04 20:16:19,396 - Discard: [8S, 7S, AH, 2D, 9C]
2025-01-04 20:16:19,396 - Active Player: 1
2025-01-04 20:16:19,396 - STATE LOG: END
2025-01-04 20:16:21,402 - STATE LOG: BEGIN
2025-01-04 20:16:21,402 - Noah's Hand: [AS, 4C, 7C, 7H, 8C]
2025-01-04 20:16:21,402 - Eve's Hand: [2C, 4H, 5C, 6H, 2H, 5S, 8D]
2025-01-04 20:16:21,402 - Boss: Rank: 11 | Suit S | Attack 10 | Health 2
2025-01-04 20:16:21,402 - Tavern: [3C, 9H, 9D, 3H, TH, TD, 4S, 3S, 9S, TC, 3D, 2S, 4D, 6C, 5H, 7D, 8H, 6S]
2025-01-04 20:16:21,402 - Castle: [KD, KH, KC, KS, QS, QH, QD, QC, JC, JH, JD]
2025-01-04 20:16:21,402 - Discard: [8S, 7S, AH, 2D, 9C, AD, TS]
2025-01-04 20:16:21,402 - Active Player: 2
2025-01-04 20:16:21,403 - STATE LOG: END
2025-01-04 20:16:35,238 - STATE LOG: BEGIN
2025-01-04 20:16:35,239 - Noah's Hand: [AS, 4C, 7C, 7H, 8C]
2025-01-04 20:16:35,239 - Eve's Hand: [4H, 5C, 5S, 6H, 8D]
2025-01-04 20:16:35,239 - Boss: Rank: 11 | Suit D | Attack 10 | Health 20
2025-01-04 20:16:35,239 - Tavern: [9C, 7S, AD, TS, 3C, 9H, 9D, 3H, TH, TD, 4S, 3S, 9S, TC, 3D, 2S, 4D, 6C, 5H, 7D, 8H, 6S]
2025-01-04 20:16:35,239 - Castle: [KD, KH, KC, KS, QS, QH, QD, QC, JC, JH]
2025-01-04 20:16:35,239 - Discard: [2D, 8S, AH, 6D, AC, 5D, 2C, 2H, JS]
2025-01-04 20:16:35,239 - Active Player: 2
2025-01-04 20:16:35,239 - STATE LOG: END
2025-01-04 20:16:37,243 - STATE LOG: BEGIN
2025-01-04 20:16:37,243 - Noah's Hand: [AS, 4C, 7C, 7H, 8C]
2025-01-04 20:16:37,243 - Eve's Hand: [4H, 5C, 6H]
2025-01-04 20:16:37,243 - Boss: Rank: 11 | Suit D | Attack 5 | Health 15
2025-01-04 20:16:37,243 - Tavern: [9C, 7S, AD, TS, 3C, 9H, 9D, 3H, TH, TD, 4S, 3S, 9S, TC, 3D, 2S, 4D, 6C, 5H, 7D, 8H, 6S]
2025-01-04 20:16:37,243 - Castle: [KD, KH, KC, KS, QS, QH, QD, QC, JC, JH]
2025-01-04 20:16:37,243 - Discard: [2D, 8S, AH, 6D, AC, 5D, 2C, 2H, JS, 8D]
2025-01-04 20:16:37,243 - Active Player: 1
2025-01-04 20:16:37,243 - STATE LOG: END
2025-01-04 20:16:38,597 - STATE LOG: BEGIN
2025-01-04 20:16:38,597 - Noah's Hand: [AS, 4C, 7C, 7H]
2025-01-04 20:16:38,597 - Eve's Hand: [4H, 5C, 6H]
2025-01-04 20:16:38,597 - Boss: Rank: 11 | Suit H | Attack 10 | Health 20
2025-01-04 20:16:38,597 - Tavern: [9C, 7S, AD, TS, 3C, 9H, 9D, 3H, TH, TD, 4S, 3S, 9S, TC, 3D, 2S, 4D, 6C, 5H, 7D, 8H, 6S]
2025-01-04 20:16:38,597 - Castle: [KD, KH, KC, KS, QS, QH, QD, QC, JC]
2025-01-04 20:16:38,597 - Discard: [2D, 8S, AH, 6D, AC, 5D, 2C, 2H, JS, 8D, 8C, 5S, JD]
2025-01-04 20:16:38,597 - Active Player: 1
2025-01-04 20:16:38,597 - STATE LOG: END
2025-01-04 20:16:39,064 - STATE LOG: BEGIN
2025-01-04 20:16:39,064 - Noah's Hand: [7C]
2025-01-04 20:16:39,064 - Eve's Hand: [4H, 5C, 6H]
2025-01-04 20:16:39,064 - Boss: Rank: 11 | Suit H | Attack 5 | Health 10
2025-01-04 20:16:39,064 - Tavern: [9C, 7S, AD, TS, 3C, 9H, 9D, 3H, TH, TD, 4S, 3S, 9S, TC, 3D, 2S, 4D, 6C, 5H, 7D, 8H, 6S]
2025-01-04 20:16:39,064 - Castle: [KD, KH, KC, KS, QS, QH, QD, QC, JC]
2025-01-04 20:16:39,064 - Discard: [2D, 8S, AH, 6D, AC, 5D, 2C, 2H, JS, 8D, 8C, 5S, JD, 7H]
2025-01-04 20:16:39,064 - Active Player: 2
2025-01-04 20:16:39,064 - STATE LOG: END
2025-01-04 20:16:39,179 - STATE LOG: BEGIN
2025-01-04 20:16:39,179 - Noah's Hand: [7C]
2025-01-04 20:16:39,179 - Eve's Hand: [5C]
2025-01-04 20:16:39,179 - Boss: Rank: 11 | Suit H | Attack 5 | Health 6
2025-01-04 20:16:39,179 - Tavern: [9C, 7S, AD, TS, 3C, 9H, 9D, 3H, TH, TD, 4S, 3S, 9S, TC, 3D, 2S, 4D, 6C, 5H, 7D, 8H, 6S]
2025-01-04 20:16:39,179 - Castle: [KD, KH, KC, KS, QS, QH, QD, QC, JC]
2025-01-04 20:16:39,179 - Discard: [2D, 8S, AH, 6D, AC, 5D, 2C, 2H, JS, 8D, 8C, 5S, JD, 7H, 6H]
2025-01-04 20:16:39,179 - Active Player: 1
2025-01-04 20:16:39,179 - STATE LOG: END
2025-01-04 20:16:39,219 - STATE LOG: BEGIN
2025-01-04 20:16:39,219 - Noah's Hand: []
2025-01-04 20:16:39,219 - Eve's Hand: [5C]
2025-01-04 20:16:39,219 - Boss: Rank: 11 | Suit C | Attack 10 | Health 20
2025-01-04 20:16:39,219 - Tavern: [9C, 7S, AD, TS, 3C, 9H, 9D, 3H, TH, TD, 4S, 3S, 9S, TC, 3D, 2S, 4D, 6C, 5H, 7D, 8H, 6S]
2025-01-04 20:16:39,219 - Castle: [KD, KH, KC, KS, QS, QH, QD, QC]
2025-01-04 20:16:39,219 - Discard: [2D, 8S, AH, 6D, AC, 5D, 2C, 2H, JS, 8D, 8C, 5S, JD, 7H, 6H, AS, 4C, 7C, 4H, JH]
2025-01-04 20:16:39,219 - Active Player: 1
2025-01-04 20:16:39,219 - STATE LOG: END
2025-01-04 20:16:39,238 - STATE LOG: BEGIN
2025-01-04 20:16:39,238 - Noah's Hand: []
2025-01-04 20:16:39,238 - Eve's Hand: [5C]
2025-01-04 20:16:39,238 - Boss: Rank: 11 | Suit C | Attack 10 | Health 20
2025-01-04 20:16:39,239 - Tavern: [9C, 7S, AD, TS, 3C, 9H, 9D, 3H, TH, TD, 4S, 3S, 9S, TC, 3D, 2S, 4D, 6C, 5H, 7D, 8H, 6S]
2025-01-04 20:16:39,239 - Castle: [KD, KH, KC, KS, QS, QH, QD, QC]
2025-01-04 20:16:39,239 - Discard: [2D, 8S, AH, 6D, AC, 5D, 2C, 2H, JS, 8D, 8C, 5S, JD, 7H, 6H, AS, 4C, 7C, 4H, JH]
2025-01-04 20:16:39,239 - Active Player: 2
2025-01-04 20:16:39,239 - STATE LOG: END
