2025-01-04 01:11:42,584 - I log states! :D
2025-01-04 01:11:42,584 - STATE LOG: BEGIN
2025-01-04 01:11:42,584 - Noah's Hand: [TD, 9D, 2S, AH, 8H, 8D, 5D]
2025-01-04 01:11:42,584 - Eve's Hand: [3H, 2C, 7D, 7H, 6D, 9C, 9H]
2025-01-04 01:11:42,584 - Boss: Rank: 11 | Suit S | Attack 10 | Health 20
2025-01-04 01:11:42,584 - Tavern: [3C, 4H, 4C, AD, 4D, 3D, 7C, 6S, TH, 8S, TC, AS, 5S, 3S, 6H, 2D, AC, 4S, 6C, 9S, 5C, 2H, 8C, TS, 7S, 5H]
2025-01-04 01:11:42,584 - Castle: [KS, KD, KH, KC, QC, QS, QH, QD, JH, JC, JD]
2025-01-04 01:11:42,584 - Discard: []
2025-01-04 01:11:42,584 - Active Player: 1
2025-01-04 01:11:42,584 - STATE LOG: END
2025-01-04 01:11:52,606 - STATE LOG: BEGIN
2025-01-04 01:11:52,607 - Noah's Hand: [AH, 2S, 5D, 8D, 8H, 9D]
2025-01-04 01:11:52,607 - Eve's Hand: [3H, 2C, 7D, 7H, 6D, 9C, 9H]
2025-01-04 01:11:52,607 - Boss: Rank: 11 | Suit S | Attack 10 | Health 20
2025-01-04 01:11:52,607 - Tavern: [3C, 4H, 4C, AD, 4D, 3D, 7C, 6S, TH, 8S, TC, AS, 5S, 3S, 6H, 2D, AC, 4S, 6C, 9S, 5C, 2H, 8C, TS, 7S, 5H]
2025-01-04 01:11:52,607 - Castle: [KS, KD, KH, KC, QC, QS, QH, QD, JH, JC, JD]
2025-01-04 01:11:52,607 - Discard: [TD]
2025-01-04 01:11:52,607 - Active Player: 2
2025-01-04 01:11:52,607 - STATE LOG: END
2025-01-04 01:12:02,617 - STATE LOG: BEGIN
2025-01-04 01:12:02,626 - Noah's Hand: [AH, 2S, 5D, 8D, 8H, 9D, 7S]
2025-01-04 01:12:02,626 - Eve's Hand: [2C, 3H, 6D, 7H, 9C]
2025-01-04 01:12:02,626 - Boss: Rank: 11 | Suit S | Attack 10 | Health 13
2025-01-04 01:12:02,626 - Tavern: [3C, 4H, 4C, AD, 4D, 3D, 7C, 6S, TH, 8S, TC, AS, 5S, 3S, 6H, 2D, AC, 4S, 6C, 9S, 5C, 2H, 8C, TS]
2025-01-04 01:12:02,626 - Castle: [KS, KD, KH, KC, QC, QS, QH, QD, JH, JC, JD]
2025-01-04 01:12:02,626 - Discard: [TD, 5H, 9H]
2025-01-04 01:12:02,626 - Active Player: 1
2025-01-04 01:12:02,626 - STATE LOG: END
2025-01-04 01:12:12,628 - STATE LOG: BEGIN
2025-01-04 01:12:12,629 - Noah's Hand: [AH, 2S, 7S, 8D, 8H, 9D]
2025-01-04 01:12:12,629 - Eve's Hand: [2C, 3H, 6D, 7H, 9C, 8C, 2H]
2025-01-04 01:12:12,629 - Boss: Rank: 11 | Suit S | Attack 10 | Health 8
2025-01-04 01:12:12,629 - Tavern: [3C, 4H, 4C, AD, 4D, 3D, 7C, 6S, TH, 8S, TC, AS, 5S, 3S, 6H, 2D, AC, 4S, 6C, 9S, 5C]
2025-01-04 01:12:12,629 - Castle: [KS, KD, KH, KC, QC, QS, QH, QD, JH, JC, JD]
2025-01-04 01:12:12,629 - Discard: [TD, 5H, 9H, TS]
2025-01-04 01:12:12,629 - Active Player: 2
2025-01-04 01:12:12,629 - STATE LOG: END
2025-01-04 01:12:18,555 - STATE LOG: BEGIN
2025-01-04 01:12:18,555 - Noah's Hand: [AH, 2S, 7S, 8D, 8H, 9D, 9S]
2025-01-04 01:12:18,555 - Eve's Hand: [2C, 2H, 3H, 7H, 8C]
2025-01-04 01:12:18,555 - Boss: Rank: 11 | Suit S | Attack 10 | Health 2
2025-01-04 01:12:18,555 - Tavern: [3C, 4H, 4C, AD, 4D, 3D, 7C, 6S, TH, 8S, TC, AS, 5S, 3S, 6H, 2D, AC, 4S, 6C]
2025-01-04 01:12:18,555 - Castle: [KS, KD, KH, KC, QC, QS, QH, QD, JH, JC, JD]
2025-01-04 01:12:18,555 - Discard: [TD, 5H, 9H, TS, 5C, 9C]
2025-01-04 01:12:18,555 - Active Player: 1
2025-01-04 01:12:18,555 - STATE LOG: END
2025-01-04 01:12:23,272 - STATE LOG: BEGIN
2025-01-04 01:12:23,272 - Noah's Hand: [AH, 2S, 7S, 8D, 8H, 9S, 6C]
2025-01-04 01:12:23,272 - Eve's Hand: [2C, 2H, 3H, 7H, 8C, 4S, AC]
2025-01-04 01:12:23,272 - Boss: Rank: 11 | Suit D | Attack 10 | Health 20
2025-01-04 01:12:23,272 - Tavern: [3C, 4H, 4C, AD, 4D, 3D, 7C, 6S, TH, 8S, TC, AS, 5S, 3S, 6H, 2D]
2025-01-04 01:12:23,272 - Castle: [KS, KD, KH, KC, QC, QS, QH, QD, JH, JC]
2025-01-04 01:12:23,272 - Discard: [TD, 5H, 9H, TS, 5C, 9C, 5D, 9D, 7D, 6D, JS]
2025-01-04 01:12:23,272 - Active Player: 1
2025-01-04 01:12:23,272 - STATE LOG: END
2025-01-04 01:12:29,865 - STATE LOG: BEGIN
2025-01-04 01:12:29,865 - Noah's Hand: [AH, 6C, 7S, 8D, 8H]
2025-01-04 01:12:29,865 - Eve's Hand: [2C, 2H, 3H, 7H, 8C, 4S, AC]
2025-01-04 01:12:29,865 - Boss: Rank: 11 | Suit D | Attack 8 | Health 18
2025-01-04 01:12:29,865 - Tavern: [3C, 4H, 4C, AD, 4D, 3D, 7C, 6S, TH, 8S, TC, AS, 5S, 3S, 6H, 2D]
2025-01-04 01:12:29,865 - Castle: [KS, KD, KH, KC, QC, QS, QH, QD, JH, JC]
2025-01-04 01:12:29,865 - Discard: [TD, 5H, 9H, TS, 5C, 9C, 5D, 9D, 7D, 6D, JS, 9S]
2025-01-04 01:12:29,865 - Active Player: 2
2025-01-04 01:12:29,865 - STATE LOG: END
2025-01-04 01:12:39,830 - STATE LOG: BEGIN
2025-01-04 01:12:39,830 - Noah's Hand: [AH, 6C, 7S, 8D, 8H]
2025-01-04 01:12:39,830 - Eve's Hand: [2C, 2H, 3H, 4S, 7H]
2025-01-04 01:12:39,830 - Boss: Rank: 11 | Suit C | Attack 10 | Health 20
2025-01-04 01:12:39,830 - Tavern: [3C, 4H, 4C, AD, 4D, 3D, 7C, 6S, TH, 8S, TC, AS, 5S, 3S, 6H, 2D]
2025-01-04 01:12:39,831 - Castle: [KS, KD, KH, KC, QC, QS, QH, QD, JH]
2025-01-04 01:12:39,831 - Discard: [TD, 5H, 9H, TS, 5C, 9C, 5D, 9D, 7D, 6D, JS, 9S, 2S, AC, 8C]
2025-01-04 01:12:39,831 - Active Player: 2
2025-01-04 01:12:39,831 - STATE LOG: END
2025-01-04 01:12:40,906 - STATE LOG: BEGIN
2025-01-04 01:12:40,906 - Noah's Hand: [AH, 6C, 7S, 8D, 8H]
2025-01-04 01:12:40,906 - Eve's Hand: [2C, 2H, 3H]
2025-01-04 01:12:40,906 - Boss: Rank: 11 | Suit C | Attack 10 | Health 20
2025-01-04 01:12:40,906 - Tavern: [3C, 4H, 4C, AD, 4D, 3D, 7C, 6S, TH, 8S, TC, AS, 5S, 3S, 6H, 2D]
2025-01-04 01:12:40,906 - Castle: [KS, KD, KH, KC, QC, QS, QH, QD, JH]
2025-01-04 01:12:40,906 - Discard: [TD, 5H, 9H, TS, 5C, 9C, 5D, 9D, 7D, 6D, JS, 9S, 2S, AC, 8C, 7H, 4S]
2025-01-04 01:12:40,906 - Active Player: 1
2025-01-04 01:12:40,907 - STATE LOG: END
2025-01-04 01:12:42,058 - STATE LOG: BEGIN
2025-01-04 01:12:42,058 - Noah's Hand: [6C, 7S, 8H, JD, 6H, 5S]
2025-01-04 01:12:42,059 - Eve's Hand: [2C, 2H, 3H, 2D, 3S, AS, 8S]
2025-01-04 01:12:42,059 - Boss: Rank: 11 | Suit C | Attack 10 | Health 11
2025-01-04 01:12:42,059 - Tavern: [5H, 6D, 5D, 9C, TD, JS, 7H, AC, 2S, 3C, 4H, 4C, AD, 4D, 3D, 7C, 6S, TH]
2025-01-04 01:12:42,059 - Castle: [KS, KD, KH, KC, QC, QS, QH, QD, JH]
2025-01-04 01:12:42,059 - Discard: [4S, 7D, 9H, 5C, 9S, 9D, TS, 8C, TC]
2025-01-04 01:12:42,059 - Active Player: 2
2025-01-04 01:12:42,059 - STATE LOG: END
2025-01-04 01:12:52,060 - STATE LOG: BEGIN
2025-01-04 01:12:52,060 - Noah's Hand: [6C, 7S, 8H, JD, 6H, 5S, 6S]
2025-01-04 01:12:52,060 - Eve's Hand: [AS, 3H, 3S, 8S, TH]
2025-01-04 01:12:52,060 - Boss: Rank: 11 | Suit C | Attack 10 | Health 5
2025-01-04 01:12:52,060 - Tavern: [8C, TC, TS, 5C, 9D, 7D, 5H, 6D, 5D, 9C, TD, JS, 7H, AC, 2S, 3C, 4H, 4C, AD, 4D]
2025-01-04 01:12:52,060 - Castle: [KS, KD, KH, KC, QC, QS, QH, QD, JH]
2025-01-04 01:12:52,060 - Discard: [4S, 9S, 9H, 3D, 7C]
2025-01-04 01:12:52,060 - Active Player: 1
2025-01-04 01:12:52,060 - STATE LOG: END
2025-01-04 01:13:00,145 - STATE LOG: BEGIN
2025-01-04 01:13:00,146 - Noah's Hand: [5S, 6C, 6H, 6S, 7S, 8H, 4D]
2025-01-04 01:13:00,146 - Eve's Hand: [AS, 3H, 3S, 8S, TH, AD, 4C]
2025-01-04 01:13:00,146 - Boss: Rank: 11 | Suit H | Attack 10 | Health 20
2025-01-04 01:13:00,146 - Tavern: [8C, TC, TS, 5C, 9D, 7D, 5H, 6D, 5D, 9C, TD, JS, 7H, AC, 2S, 3C, 4H]
2025-01-04 01:13:00,147 - Castle: [KS, KD, KH, KC, QC, QS, QH, QD]
2025-01-04 01:13:00,147 - Discard: [4S, 9S, 9H, 3D, 7C, AH, 8D, JD, 2C, 2D, 2H, JC]
2025-01-04 01:13:00,147 - Active Player: 1
2025-01-04 01:13:00,147 - STATE LOG: END
2025-01-04 01:13:10,091 - STATE LOG: BEGIN
2025-01-04 01:13:10,092 - Noah's Hand: [5S, 6C, 6H, 6S, 7S]
2025-01-04 01:13:10,092 - Eve's Hand: [AS, 3H, 3S, 8S, TH, AD, 4C]
2025-01-04 01:13:10,092 - Boss: Rank: 11 | Suit H | Attack 10 | Health 16
2025-01-04 01:13:10,092 - Tavern: [8C, TC, TS, 5C, 9D, 7D, 5H, 6D, 5D, 9C, TD, JS, 7H, AC, 2S, 3C]
2025-01-04 01:13:10,092 - Castle: [KS, KD, KH, KC, QC, QS, QH, QD]
2025-01-04 01:13:10,092 - Discard: [4S, 9S, 9H, 3D, 7C, AH, 8D, JD, 2C, 2D, 2H, JC, 4H, 8H]
2025-01-04 01:13:10,092 - Active Player: 2
2025-01-04 01:13:10,092 - STATE LOG: END
2025-01-04 01:13:20,093 - STATE LOG: BEGIN
2025-01-04 01:13:20,095 - Noah's Hand: [5S, 6C, 6H, 6S, 7S]
2025-01-04 01:13:20,095 - Eve's Hand: [AD, 3H, 3S, 4C, 8S]
2025-01-04 01:13:20,095 - Boss: Rank: 11 | Suit H | Attack 9 | Health 15
2025-01-04 01:13:20,095 - Tavern: [8C, TC, TS, 5C, 9D, 7D, 5H, 6D, 5D, 9C, TD, JS, 7H, AC, 2S, 3C]
2025-01-04 01:13:20,095 - Castle: [KS, KD, KH, KC, QC, QS, QH, QD]
2025-01-04 01:13:20,095 - Discard: [4S, 9S, 9H, 3D, 7C, AH, 8D, JD, 2C, 2D, 2H, JC, 4H, 8H, TH]
2025-01-04 01:13:20,095 - Active Player: 1
2025-01-04 01:13:20,095 - STATE LOG: END
2025-01-04 01:13:22,273 - STATE LOG: BEGIN
2025-01-04 01:13:22,273 - Noah's Hand: [5S, 6C, 6H]
2025-01-04 01:13:22,273 - Eve's Hand: [AD, 3H, 3S, 4C, 8S]
2025-01-04 01:13:22,273 - Boss: Rank: 11 | Suit H | Attack 2 | Health 8
2025-01-04 01:13:22,273 - Tavern: [8C, TC, TS, 5C, 9D, 7D, 5H, 6D, 5D, 9C, TD, JS, 7H, AC, 2S, 3C]
2025-01-04 01:13:22,273 - Castle: [KS, KD, KH, KC, QC, QS, QH, QD]
2025-01-04 01:13:22,273 - Discard: [4S, 9S, 9H, 3D, 7C, AH, 8D, JD, 2C, 2D, 2H, JC, 4H, 8H, TH, 6S]
2025-01-04 01:13:22,273 - Active Player: 2
2025-01-04 01:13:22,273 - STATE LOG: END
2025-01-04 01:13:24,944 - STATE LOG: BEGIN
2025-01-04 01:13:24,944 - Noah's Hand: [5S, 6C, 6H, 2S, 7H, TD, 5D]
2025-01-04 01:13:24,944 - Eve's Hand: [3H, 3S, 4C, 3C, AC, JS, 9C]
2025-01-04 01:13:24,944 - Boss: Rank: 12 | Suit D | Attack 15 | Health 30
2025-01-04 01:13:24,944 - Tavern: [8C, TC, TS, 5C, 9D, 7D, 5H, 6D]
2025-01-04 01:13:24,944 - Castle: [KS, KD, KH, KC, QC, QS, QH]
2025-01-04 01:13:24,944 - Discard: [4S, 9S, 9H, 3D, 7C, AH, 8D, JD, 2C, 2D, 2H, JC, 4H, 8H, TH, 6S, 4D, 7S, AS, AD, 8S, JH]
2025-01-04 01:13:24,944 - Active Player: 2
2025-01-04 01:13:24,944 - STATE LOG: END
2025-01-04 01:13:28,503 - STATE LOG: BEGIN
2025-01-04 01:13:28,503 - Noah's Hand: [5S, 6C, 6H, 2S, 7H, TD, 5D]
2025-01-04 01:13:28,503 - Eve's Hand: [AC, 3C, 3H, 3S, 4C]
2025-01-04 01:13:28,503 - Boss: Rank: 12 | Suit D | Attack 4 | Health 19
2025-01-04 01:13:28,503 - Tavern: [8C, TC, TS, 5C, 9D, 7D, 5H, 6D]
2025-01-04 01:13:28,503 - Castle: [KS, KD, KH, KC, QC, QS, QH]
2025-01-04 01:13:28,503 - Discard: [4S, 9S, 9H, 3D, 7C, AH, 8D, JD, 2C, 2D, 2H, JC, 4H, 8H, TH, 6S, 4D, 7S, AS, AD, 8S, JH, 9C]
2025-01-04 01:13:28,503 - Active Player: 1
2025-01-04 01:13:28,503 - STATE LOG: END
2025-01-04 01:13:28,613 - STATE LOG: BEGIN
2025-01-04 01:13:28,613 - Noah's Hand: [2S, 5D, 6C, 6H, 7H, TD]
2025-01-04 01:13:28,613 - Eve's Hand: [AC, 3C, 3H, 3S, 4C]
2025-01-04 01:13:28,613 - Boss: Rank: 12 | Suit D | Attack 0 | Health 14
2025-01-04 01:13:28,613 - Tavern: [8C, TC, TS, 5C, 9D, 7D, 5H, 6D]
2025-01-04 01:13:28,613 - Castle: [KS, KD, KH, KC, QC, QS, QH]
2025-01-04 01:13:28,613 - Discard: [4S, 9S, 9H, 3D, 7C, AH, 8D, JD, 2C, 2D, 2H, JC, 4H, 8H, TH, 6S, 4D, 7S, AS, AD, 8S, JH, 9C]
2025-01-04 01:13:28,613 - Active Player: 2
2025-01-04 01:13:28,613 - STATE LOG: END
2025-01-04 01:13:34,786 - STATE LOG: BEGIN
2025-01-04 01:13:34,786 - Noah's Hand: [2S, 5D, 6C, 6H, 7H, TD]
2025-01-04 01:13:34,786 - Eve's Hand: [AC, 3C, 3H, 3S, 4C]
2025-01-04 01:13:34,786 - Boss: Rank: 12 | Suit D | Attack 0 | Health 14
2025-01-04 01:13:34,786 - Tavern: [8C, TC, TS, 5C, 9D, 7D, 5H, 6D]
2025-01-04 01:13:34,786 - Castle: [KS, KD, KH, KC, QC, QS, QH]
2025-01-04 01:13:34,786 - Discard: [4S, 9S, 9H, 3D, 7C, AH, 8D, JD, 2C, 2D, 2H, JC, 4H, 8H, TH, 6S, 4D, 7S, AS, AD, 8S, JH, 9C]
2025-01-04 01:13:34,786 - Active Player: 1
2025-01-04 01:13:34,786 - STATE LOG: END
2025-01-04 01:13:36,974 - STATE LOG: BEGIN
2025-01-04 01:13:36,974 - Noah's Hand: [5D, 6C, 6H, 7H, TD]
2025-01-04 01:13:36,974 - Eve's Hand: [AC, 3C, 3H, 3S, 4C]
2025-01-04 01:13:36,974 - Boss: Rank: 12 | Suit D | Attack 0 | Health 12
2025-01-04 01:13:36,974 - Tavern: [8C, TC, TS, 5C, 9D, 7D, 5H, 6D]
2025-01-04 01:13:36,974 - Castle: [KS, KD, KH, KC, QC, QS, QH]
2025-01-04 01:13:36,974 - Discard: [4S, 9S, 9H, 3D, 7C, AH, 8D, JD, 2C, 2D, 2H, JC, 4H, 8H, TH, 6S, 4D, 7S, AS, AD, 8S, JH, 9C]
2025-01-04 01:13:36,974 - Active Player: 2
2025-01-04 01:13:36,974 - STATE LOG: END
2025-01-04 01:13:41,061 - STATE LOG: BEGIN
2025-01-04 01:13:41,061 - Noah's Hand: [5D, 6C, 6H, 7H, TD]
2025-01-04 01:13:41,061 - Eve's Hand: [AC, 3C, 3H, 3S]
2025-01-04 01:13:41,061 - Boss: Rank: 12 | Suit D | Attack 0 | Health 4
2025-01-04 01:13:41,061 - Tavern: [8C, TC, TS, 5C, 9D, 7D, 5H, 6D]
2025-01-04 01:13:41,061 - Castle: [KS, KD, KH, KC, QC, QS, QH]
2025-01-04 01:13:41,061 - Discard: [4S, 9S, 9H, 3D, 7C, AH, 8D, JD, 2C, 2D, 2H, JC, 4H, 8H, TH, 6S, 4D, 7S, AS, AD, 8S, JH, 9C]
2025-01-04 01:13:41,061 - Active Player: 1
2025-01-04 01:13:41,061 - STATE LOG: END
2025-01-04 01:13:42,800 - STATE LOG: BEGIN
2025-01-04 01:13:42,801 - Noah's Hand: [5D, 6C, 7H, TD]
2025-01-04 01:13:42,801 - Eve's Hand: [AC, 3C, 3H, 3S]
2025-01-04 01:13:42,801 - Boss: Rank: 12 | Suit H | Attack 15 | Health 30
2025-01-04 01:13:42,801 - Tavern: [7C, AH, 3D, 9H, 4S, 4H, 8C, TC, TS, 5C, 9D, 7D, 5H, 6D]
2025-01-04 01:13:42,801 - Castle: [KS, KD, KH, KC, QC, QS]
2025-01-04 01:13:42,801 - Discard: [JD, 6S, 2C, 7S, 9S, 8D, 4D, AS, AD, JH, 2H, TH, 8H, 9C, 8S, JC, 2D, 5S, 2S, 6H, JS, 4C, QD]
2025-01-04 01:13:42,801 - Active Player: 1
2025-01-04 01:13:42,801 - STATE LOG: END
2025-01-04 01:13:43,929 - STATE LOG: BEGIN
2025-01-04 01:13:43,929 - Noah's Hand: [5D, 6C, 7H, 6D, 7D]
2025-01-04 01:13:43,929 - Eve's Hand: [AC, 3C, 3H, 3S, 5H, 9D, TS]
2025-01-04 01:13:43,929 - Boss: Rank: 12 | Suit H | Attack 15 | Health 20
2025-01-04 01:13:43,929 - Tavern: [7C, AH, 3D, 9H, 4S, 4H, 8C]
2025-01-04 01:13:43,929 - Castle: [KS, KD, KH, KC, QC, QS]
2025-01-04 01:13:43,929 - Discard: [JD, 6S, 2C, 7S, 9S, 8D, 4D, AS, AD, JH, 2H, TH, 8H, 9C, 8S, JC, 2D, 5S, 2S, 6H, JS, 4C, QD, TC, 5C]
2025-01-04 01:13:43,929 - Active Player: 2
2025-01-04 01:13:43,929 - STATE LOG: END
2025-01-04 01:13:53,447 - STATE LOG: BEGIN
2025-01-04 01:13:53,456 - Noah's Hand: [5D, 6C, 7H, 6D, 7D, 4H, 9H]
2025-01-04 01:13:53,497 - Eve's Hand: [3C, 3H, 3S, 5H, TS, 8C, 4S]
2025-01-04 01:13:53,497 - Boss: Rank: 12 | Suit S | Attack 15 | Health 30
2025-01-04 01:13:53,497 - Tavern: [7C, AH, 3D]
2025-01-04 01:13:53,497 - Castle: [KS, KD, KH, KC, QC]
2025-01-04 01:13:53,497 - Discard: [JD, 6S, 2C, 7S, 9S, 8D, 4D, AS, AD, JH, 2H, TH, 8H, 9C, 8S, JC, 2D, 5S, 2S, 6H, JS, 4C, QD, TC, 5C, TD, AC, 9D]
2025-01-04 01:13:53,497 - Active Player: 2
2025-01-04 01:13:53,497 - STATE LOG: END
2025-01-04 01:13:57,195 - STATE LOG: BEGIN
2025-01-04 01:13:57,196 - Noah's Hand: [5D, 6C, 7H, 6D, 7D, 4H, 9H]
2025-01-04 01:13:57,196 - Eve's Hand: [3S, 4S, 5H]
2025-01-04 01:13:57,196 - Boss: Rank: 12 | Suit S | Attack 15 | Health 18
2025-01-04 01:13:57,196 - Tavern: [TD, AD, 2H, 4C, 5S, 6S, 7C, AH, 3D]
2025-01-04 01:13:57,196 - Castle: [KS, KD, KH, KC, QC]
2025-01-04 01:13:57,196 - Discard: [JD, 2S, 8D, 4D, JS, 6H, JH, 9D, TC, 7S, 8S, 2D, 9C, AS, QD, 5C, TH, 8H, AC, 9S, JC, 2C, TS, 8C]
2025-01-04 01:13:57,196 - Active Player: 1
2025-01-04 01:13:57,196 - STATE LOG: END
2025-01-04 01:13:58,596 - STATE LOG: BEGIN
2025-01-04 01:13:58,596 - Noah's Hand: [4H, 5D, 6C, 6D, 7H]
2025-01-04 01:13:58,596 - Eve's Hand: [3S, 4S, 5H, 3D, AH, 7C, 6S]
2025-01-04 01:13:58,596 - Boss: Rank: 12 | Suit S | Attack 15 | Health 11
2025-01-04 01:13:58,596 - Tavern: [TD, AD, 2H, 4C, 5S]
2025-01-04 01:13:58,596 - Castle: [KS, KD, KH, KC, QC]
2025-01-04 01:13:58,596 - Discard: [JD, 2S, 8D, 4D, JS, 6H, JH, 9D, TC, 7S, 8S, 2D, 9C, AS, QD, 5C, TH, 8H, AC, 9S, JC, 2C, TS, 8C, QH, 9H]
2025-01-04 01:13:58,596 - Active Player: 2
2025-01-04 01:13:58,596 - STATE LOG: END
2025-01-04 01:14:08,003 - STATE LOG: BEGIN
2025-01-04 01:14:08,003 - Noah's Hand: [4H, 5D, 6C, 6D, 7H]
2025-01-04 01:14:08,003 - Eve's Hand: [3D, 3S, 4S, 5H, 6S]
2025-01-04 01:14:08,003 - Boss: Rank: 12 | Suit C | Attack 15 | Health 30
2025-01-04 01:14:08,003 - Tavern: [4D, 5C, 9S, QD, 8C, 6H, JH, 9C, TD, AD, 2H, 4C, 5S]
2025-01-04 01:14:08,003 - Castle: [KS, KD, KH, KC]
2025-01-04 01:14:08,003 - Discard: [8D, 8H, JC, 8S, AC, 7S, JD, QH, 9H, JS, TS, 2S, AS, TH, 2D, TC, 2C, 9D, 7D, 3C, 3H, AH, 7C, QS]
2025-01-04 01:14:08,003 - Active Player: 2
2025-01-04 01:14:08,003 - STATE LOG: END
2025-01-04 01:14:10,264 - STATE LOG: BEGIN
2025-01-04 01:14:10,264 - Noah's Hand: [4H, 5D, 6C, 6D, 7H, 4C, AD]
2025-01-04 01:14:10,264 - Eve's Hand: [4S, 5H, 6S, 5S, 2H, TD]
2025-01-04 01:14:10,264 - Boss: Rank: 12 | Suit C | Attack 9 | Health 24
2025-01-04 01:14:10,264 - Tavern: [4D, 5C, 9S, QD, 8C, 6H, JH]
2025-01-04 01:14:10,264 - Castle: [KS, KD, KH, KC]
2025-01-04 01:14:10,264 - Discard: [8D, 8H, JC, 8S, AC, 7S, JD, QH, 9H, JS, TS, 2S, AS, TH, 2D, TC, 2C, 9D, 7D, 3C, 3H, AH, 7C, QS, 9C]
2025-01-04 01:14:10,264 - Active Player: 1
2025-01-04 01:14:10,264 - STATE LOG: END
2025-01-04 01:14:20,266 - STATE LOG: BEGIN
2025-01-04 01:14:20,267 - Noah's Hand: [4H, 5D, 6C, 6D, 7H]
2025-01-04 01:14:20,267 - Eve's Hand: [4S, 5H, 6S, 5S, 2H, TD, 6H]
2025-01-04 01:14:20,267 - Boss: Rank: 12 | Suit C | Attack 9 | Health 19
2025-01-04 01:14:20,267 - Tavern: [4D, 5C, 9S, QD]
2025-01-04 01:14:20,267 - Castle: [KS, KD, KH, KC]
2025-01-04 01:14:20,267 - Discard: [8D, 8H, JC, 8S, AC, 7S, JD, QH, 9H, JS, TS, 2S, AS, TH, 2D, TC, 2C, 9D, 7D, 3C, 3H, AH, 7C, QS, 9C, 8C, JH]
2025-01-04 01:14:20,267 - Active Player: 2
2025-01-04 01:14:20,267 - STATE LOG: END
2025-01-04 01:14:30,268 - STATE LOG: BEGIN
2025-01-04 01:14:30,269 - Noah's Hand: [4H, 5D, 6C, 6D, 7H]
2025-01-04 01:14:30,269 - Eve's Hand: [2H, 4S, 5H, 5S, 6H, 6S]
2025-01-04 01:14:30,269 - Boss: Rank: 12 | Suit C | Attack 9 | Health 19
2025-01-04 01:14:30,269 - Tavern: [4D, 5C, 9S, QD]
2025-01-04 01:14:30,269 - Castle: [KS, KD, KH, KC]
2025-01-04 01:14:30,269 - Discard: [8D, 8H, JC, 8S, AC, 7S, JD, QH, 9H, JS, TS, 2S, AS, TH, 2D, TC, 2C, 9D, 7D, 3C, 3H, AH, 7C, QS, 9C, 8C, JH, TD]
2025-01-04 01:14:30,269 - Active Player: 1
2025-01-04 01:14:30,269 - STATE LOG: END
2025-01-04 01:14:36,057 - STATE LOG: BEGIN
2025-01-04 01:14:36,057 - Noah's Hand: [4H, 6C, 6D, 7H, QD]
2025-01-04 01:14:36,057 - Eve's Hand: [2H, 4S, 5H, 5S, 6H, 6S, 9S]
2025-01-04 01:14:36,057 - Boss: Rank: 12 | Suit C | Attack 9 | Health 14
2025-01-04 01:14:36,057 - Tavern: []
2025-01-04 01:14:36,057 - Castle: [KS, KD, KH, KC]
2025-01-04 01:14:36,057 - Discard: [8D, 8H, JC, 8S, AC, 7S, JD, QH, 9H, JS, TS, 2S, AS, TH, 2D, TC, 2C, 9D, 7D, 3C, 3H, AH, 7C, QS, 9C, 8C, JH, TD, 4D, 5C]
2025-01-04 01:14:36,057 - Active Player: 2
2025-01-04 01:14:36,057 - STATE LOG: END
2025-01-04 01:14:40,999 - STATE LOG: BEGIN
2025-01-04 01:14:41,000 - Noah's Hand: [4H, 6C, 6D, 7H, QD]
2025-01-04 01:14:41,000 - Eve's Hand: [2H, 5H, 5S, 6H, 6S]
2025-01-04 01:14:41,000 - Boss: Rank: 12 | Suit C | Attack 5 | Health 10
2025-01-04 01:14:41,000 - Tavern: []
2025-01-04 01:14:41,000 - Castle: [KS, KD, KH, KC]
2025-01-04 01:14:41,000 - Discard: [8D, 8H, JC, 8S, AC, 7S, JD, QH, 9H, JS, TS, 2S, AS, TH, 2D, TC, 2C, 9D, 7D, 3C, 3H, AH, 7C, QS, 9C, 8C, JH, TD, 4D, 5C, 9S]
2025-01-04 01:14:41,000 - Active Player: 1
2025-01-04 01:14:41,000 - STATE LOG: END
2025-01-04 01:14:42,111 - STATE LOG: BEGIN
2025-01-04 01:14:42,111 - Noah's Hand: [4H, 6C, 6D, 7H]
2025-01-04 01:14:42,111 - Eve's Hand: [2H, 5H, 5S, 6H, 6S]
2025-01-04 01:14:42,111 - Boss: Rank: 12 | Suit C | Attack 5 | Health 10
2025-01-04 01:14:42,111 - Tavern: []
2025-01-04 01:14:42,111 - Castle: [KS, KD, KH, KC]
2025-01-04 01:14:42,111 - Discard: [8D, 8H, JC, 8S, AC, 7S, JD, QH, 9H, JS, TS, 2S, AS, TH, 2D, TC, 2C, 9D, 7D, 3C, 3H, AH, 7C, QS, 9C, 8C, JH, TD, 4D, 5C, 9S, QD]
2025-01-04 01:14:42,111 - Active Player: 2
2025-01-04 01:14:42,111 - STATE LOG: END
2025-01-04 01:14:45,755 - STATE LOG: BEGIN
2025-01-04 01:14:45,770 - Noah's Hand: [4H, 6C, 6D, 7H]
2025-01-04 01:14:45,771 - Eve's Hand: [2H, 5H, 5S]
2025-01-04 01:14:45,772 - Boss: Rank: 12 | Suit C | Attack 5 | Health 4
2025-01-04 01:14:45,772 - Tavern: [5C, 8D, 9H, 9S, 4D, 7D]
2025-01-04 01:14:45,772 - Castle: [KS, KD, KH, KC]
2025-01-04 01:14:45,773 - Discard: [3H, QS, 8C, 2S, TC, 9C, TD, 8S, TH, QH, 3C, JC, JH, 9D, JD, TS, AS, QD, 8H, 7C, 7S, 2C, AH, AC, 2D, JS, 6S]
2025-01-04 01:14:45,773 - Active Player: 1
2025-01-04 01:14:45,774 - STATE LOG: END
2025-01-04 01:14:47,340 - STATE LOG: BEGIN
2025-01-04 01:14:47,341 - Noah's Hand: [6C, 6D, 7H]
2025-01-04 01:14:47,341 - Eve's Hand: [2H, 5H, 5S]
2025-01-04 01:14:47,341 - Boss: Rank: 13 | Suit C | Attack 20 | Health 40
2025-01-04 01:14:47,341 - Tavern: [TC, 7S, 6S, 8H, 5C, 8D, 9H, 9S, 4D, 7D]
2025-01-04 01:14:47,341 - Castle: [KS, KD, KH]
2025-01-04 01:14:47,341 - Discard: [JH, QD, QH, JS, 2D, 2C, TH, JC, QS, 9D, AC, TD, 9C, 3H, 2S, 3C, 8C, 7C, 8S, AH, TS, AS, JD, AD, 4C, 5D, 4H, 3D, 3S, 4S, 6H]
2025-01-04 01:14:47,341 - Active Player: 1
2025-01-04 01:14:47,341 - STATE LOG: END
2025-01-04 01:14:47,495 - STATE LOG: BEGIN
2025-01-04 01:14:47,495 - Noah's Hand: [6C, 7H]
2025-01-04 01:14:47,495 - Eve's Hand: [2H, 5H, 5S, 7D, 9S, 8D]
2025-01-04 01:14:47,495 - Boss: Rank: 13 | Suit C | Attack 20 | Health 34
2025-01-04 01:14:47,495 - Tavern: [TC, 7S, 6S, 8H, 5C]
2025-01-04 01:14:47,495 - Castle: [KS, KD, KH]
2025-01-04 01:14:47,495 - Discard: [JH, QD, QH, JS, 2D, 2C, TH, JC, QS, 9D, AC, TD, 9C, 3H, 2S, 3C, 8C, 7C, 8S, AH, TS, AS, JD, AD, 4C, 5D, 4H, 3D, 3S, 4S, 6H, 9H, 4D, QC]
2025-01-04 01:14:47,495 - Active Player: 2
2025-01-04 01:14:47,495 - STATE LOG: END
2025-01-04 01:14:47,810 - STATE LOG: BEGIN
2025-01-04 01:14:47,810 - Noah's Hand: [6C, 7H, 8H, 7S, TC]
2025-01-04 01:14:47,810 - Eve's Hand: [2H, 5H, 5S, 8D]
2025-01-04 01:14:47,810 - Boss: Rank: 13 | Suit C | Attack 20 | Health 27
2025-01-04 01:14:47,810 - Tavern: []
2025-01-04 01:14:47,810 - Castle: [KS, KD, KH]
2025-01-04 01:14:47,810 - Discard: [JH, QD, QH, JS, 2D, 2C, TH, JC, QS, 9D, AC, TD, 9C, 3H, 2S, 3C, 8C, 7C, 8S, AH, TS, AS, JD, AD, 4C, 5D, 4H, 3D, 3S, 4S, 6H, 9H, 4D, QC, 6S, 5C, 9S]
2025-01-04 01:14:47,810 - Active Player: 1
2025-01-04 01:14:47,810 - STATE LOG: END
2025-01-04 01:14:47,963 - STATE LOG: BEGIN
2025-01-04 01:14:47,963 - Noah's Hand: [6C]
2025-01-04 01:14:47,963 - Eve's Hand: [2H, 5H, 5S, 8D]
2025-01-04 01:14:47,963 - Boss: Rank: 13 | Suit C | Attack 20 | Health 19
2025-01-04 01:14:47,963 - Tavern: [TD, 3D, AH, 8S, 4S, 5C, 3H, AS]
2025-01-04 01:14:47,963 - Castle: [KS, KD, KH]
2025-01-04 01:14:47,963 - Discard: [JH, 9D, 8C, 4C, QD, AD, 7C, QS, 9H, TS, QC, 2S, 2C, 3C, 4H, 4D, 2D, TH, 9C, JS, AC, 5D, JC, 6S, 9S, JD, QH, 6H, 3S, TC, 7S, 7H]
2025-01-04 01:14:47,963 - Active Player: 2
2025-01-04 01:14:47,963 - STATE LOG: END
2025-01-04 01:14:48,052 - STATE LOG: BEGIN
2025-01-04 01:14:48,052 - Noah's Hand: [6C, 3H, 4S, AH, TD]
2025-01-04 01:14:48,052 - Eve's Hand: [2H, 5H]
2025-01-04 01:14:48,052 - Boss: Rank: 13 | Suit C | Attack 20 | Health 11
2025-01-04 01:14:48,052 - Tavern: []
2025-01-04 01:14:48,052 - Castle: [KS, KD, KH]
2025-01-04 01:14:48,052 - Discard: [JH, 9D, 8C, 4C, QD, AD, 7C, QS, 9H, TS, QC, 2S, 2C, 3C, 4H, 4D, 2D, TH, 9C, JS, AC, 5D, JC, 6S, 9S, JD, QH, 6H, 3S, TC, 7S, 7H, 3D, 8S, 5C, AS, 5S]
2025-01-04 01:14:48,052 - Active Player: 1
2025-01-04 01:14:48,052 - STATE LOG: END
2025-01-04 01:14:48,348 - STATE LOG: BEGIN
2025-01-04 01:14:48,348 - Noah's Hand: [3H, 4S, 6C, 5C, QS, JH, AD]
2025-01-04 01:14:48,349 - Eve's Hand: [2H, 5H, 7S, QC, 5D, 8S, 4C]
2025-01-04 01:14:48,349 - Boss: Rank: 13 | Suit H | Attack 20 | Health 40
2025-01-04 01:14:48,349 - Tavern: [9H, QH]
2025-01-04 01:14:48,349 - Castle: [KS, KD]
2025-01-04 01:14:48,349 - Discard: [6H, 6S, 9D, 7H, TS, JS, 4H, 3D, TC, 5S, 7C, 2D, 9C, 9S, AS, 2S, 4D, 8C, 3C, AC, 3S, QD, 2C, TH, JD, JC, 6D, 8H, AH, TD, 7D, 8D]
2025-01-04 01:14:48,349 - Active Player: 1
2025-01-04 01:14:48,349 - STATE LOG: END
2025-01-04 01:14:58,351 - STATE LOG: BEGIN
2025-01-04 01:14:58,351 - Noah's Hand: [AD, 3H, 4S, 5C, 6C]
2025-01-04 01:14:58,351 - Eve's Hand: [2H, 5H, 7S, QC, 5D, 8S, 4C]
2025-01-04 01:14:58,351 - Boss: Rank: 13 | Suit H | Attack 8 | Health 28
2025-01-04 01:14:58,351 - Tavern: [9H, QH]
2025-01-04 01:14:58,351 - Castle: [KS, KD]
2025-01-04 01:14:58,351 - Discard: [6H, 6S, 9D, 7H, TS, JS, 4H, 3D, TC, 5S, 7C, 2D, 9C, 9S, AS, 2S, 4D, 8C, 3C, AC, 3S, QD, 2C, TH, JD, JC, 6D, 8H, AH, TD, 7D, 8D, JH]
2025-01-04 01:14:58,352 - Active Player: 2
2025-01-04 01:14:58,352 - STATE LOG: END
2025-01-04 01:15:08,353 - STATE LOG: BEGIN
2025-01-04 01:15:08,354 - Noah's Hand: [AD, 3H, 4S, 5C, 6C, QH, 9H]
2025-01-04 01:15:08,354 - Eve's Hand: [2H, 4C, 5H, 7S, 8S, QC]
2025-01-04 01:15:08,354 - Boss: Rank: 13 | Suit H | Attack 8 | Health 23
2025-01-04 01:15:08,354 - Tavern: []
2025-01-04 01:15:08,354 - Castle: [KS, KD]
2025-01-04 01:15:08,354 - Discard: [6H, 6S, 9D, 7H, TS, JS, 4H, 3D, TC, 5S, 7C, 2D, 9C, 9S, AS, 2S, 4D, 8C, 3C, AC, 3S, QD, 2C, TH, JD, JC, 6D, 8H, AH, TD, 7D, 8D, JH, KC]
2025-01-04 01:15:08,354 - Active Player: 1
2025-01-04 01:15:08,354 - STATE LOG: END
2025-01-04 01:15:18,356 - STATE LOG: BEGIN
2025-01-04 01:15:18,357 - Noah's Hand: [AD, 3H, 4S, 5C, 6C, 9H]
2025-01-04 01:15:18,357 - Eve's Hand: [2H, 4C, 5H, 7S, 8S, QC]
2025-01-04 01:15:18,357 - Boss: Rank: 13 | Suit H | Attack 8 | Health 23
2025-01-04 01:15:18,357 - Tavern: []
2025-01-04 01:15:18,358 - Castle: [KS, KD]
2025-01-04 01:15:18,358 - Discard: [6H, 6S, 9D, 7H, TS, JS, 4H, 3D, TC, 5S, 7C, 2D, 9C, 9S, AS, 2S, 4D, 8C, 3C, AC, 3S, QD, 2C, TH, JD, JC, 6D, 8H, AH, TD, 7D, 8D, JH, KC, QH]
2025-01-04 01:15:18,358 - Active Player: 2
2025-01-04 01:15:18,358 - STATE LOG: END
2025-01-04 01:15:28,103 - STATE LOG: BEGIN
2025-01-04 01:15:28,104 - Noah's Hand: [AD, 3H, 4S, 5C, 6C, 9H]
2025-01-04 01:15:28,104 - Eve's Hand: [4C, 5H, 7S, 8S]
2025-01-04 01:15:28,104 - Boss: Rank: 13 | Suit H | Attack 8 | Health 21
2025-01-04 01:15:28,104 - Tavern: []
2025-01-04 01:15:28,104 - Castle: [KS, KD]
2025-01-04 01:15:28,104 - Discard: [6H, 6S, 9D, 7H, TS, JS, 4H, 3D, TC, 5S, 7C, 2D, 9C, 9S, AS, 2S, 4D, 8C, 3C, AC, 3S, QD, 2C, TH, JD, JC, 6D, 8H, AH, TD, 7D, 8D, JH, KC, QH, QC]
2025-01-04 01:15:28,104 - Active Player: 1
2025-01-04 01:15:28,104 - STATE LOG: END
2025-01-04 01:15:31,631 - STATE LOG: BEGIN
2025-01-04 01:15:31,632 - Noah's Hand: [AD, 3H, 4S, 5C, 6C]
2025-01-04 01:15:31,632 - Eve's Hand: [4C, 5H, 7S, 8S]
2025-01-04 01:15:31,632 - Boss: Rank: 13 | Suit H | Attack 8 | Health 21
2025-01-04 01:15:31,632 - Tavern: []
2025-01-04 01:15:31,632 - Castle: [KS, KD]
2025-01-04 01:15:31,632 - Discard: [6H, 6S, 9D, 7H, TS, JS, 4H, 3D, TC, 5S, 7C, 2D, 9C, 9S, AS, 2S, 4D, 8C, 3C, AC, 3S, QD, 2C, TH, JD, JC, 6D, 8H, AH, TD, 7D, 8D, JH, KC, QH, QC, 9H]
2025-01-04 01:15:31,632 - Active Player: 2
2025-01-04 01:15:31,632 - STATE LOG: END
2025-01-04 01:15:33,092 - STATE LOG: BEGIN
2025-01-04 01:15:33,092 - Noah's Hand: [AD, 3H, 4S, 5C, 6C]
2025-01-04 01:15:33,092 - Eve's Hand: [4C, 5H, 7S]
2025-01-04 01:15:33,092 - Boss: Rank: 13 | Suit H | Attack 0 | Health 13
2025-01-04 01:15:33,092 - Tavern: []
2025-01-04 01:15:33,092 - Castle: [KS, KD]
2025-01-04 01:15:33,092 - Discard: [6H, 6S, 9D, 7H, TS, JS, 4H, 3D, TC, 5S, 7C, 2D, 9C, 9S, AS, 2S, 4D, 8C, 3C, AC, 3S, QD, 2C, TH, JD, JC, 6D, 8H, AH, TD, 7D, 8D, JH, KC, QH, QC, 9H]
2025-01-04 01:15:33,092 - Active Player: 1
2025-01-04 01:15:33,092 - STATE LOG: END
2025-01-04 01:15:34,819 - STATE LOG: BEGIN
2025-01-04 01:15:34,819 - Noah's Hand: [3H, 4S, 5C, 6C]
2025-01-04 01:15:34,819 - Eve's Hand: [4C, 5H, 7S]
2025-01-04 01:15:34,819 - Boss: Rank: 13 | Suit H | Attack 0 | Health 12
2025-01-04 01:15:34,819 - Tavern: []
2025-01-04 01:15:34,819 - Castle: [KS, KD]
2025-01-04 01:15:34,819 - Discard: [6H, 6S, 9D, 7H, TS, JS, 4H, 3D, TC, 5S, 7C, 2D, 9C, 9S, AS, 2S, 4D, 8C, 3C, AC, 3S, QD, 2C, TH, JD, JC, 6D, 8H, AH, TD, 7D, 8D, JH, KC, QH, QC, 9H]
2025-01-04 01:15:34,819 - Active Player: 2
2025-01-04 01:15:34,819 - STATE LOG: END
2025-01-04 01:15:35,502 - STATE LOG: BEGIN
2025-01-04 01:15:35,502 - Noah's Hand: [3H, 4S, 5C, 6C]
2025-01-04 01:15:35,502 - Eve's Hand: [4C, 5H, 7S]
2025-01-04 01:15:35,502 - Boss: Rank: 13 | Suit H | Attack 0 | Health 12
2025-01-04 01:15:35,502 - Tavern: []
2025-01-04 01:15:35,502 - Castle: [KS, KD]
2025-01-04 01:15:35,502 - Discard: [6H, 6S, 9D, 7H, TS, JS, 4H, 3D, TC, 5S, 7C, 2D, 9C, 9S, AS, 2S, 4D, 8C, 3C, AC, 3S, QD, 2C, TH, JD, JC, 6D, 8H, AH, TD, 7D, 8D, JH, KC, QH, QC, 9H]
2025-01-04 01:15:35,502 - Active Player: 1
2025-01-04 01:15:35,502 - STATE LOG: END
2025-01-04 01:15:35,872 - STATE LOG: BEGIN
2025-01-04 01:15:35,874 - Noah's Hand: [4S, 5C, 6C]
2025-01-04 01:15:35,874 - Eve's Hand: [4C, 5H, 7S]
2025-01-04 01:15:35,874 - Boss: Rank: 13 | Suit H | Attack 0 | Health 9
2025-01-04 01:15:35,875 - Tavern: []
2025-01-04 01:15:35,875 - Castle: [KS, KD]
2025-01-04 01:15:35,875 - Discard: [6H, 6S, 9D, 7H, TS, JS, 4H, 3D, TC, 5S, 7C, 2D, 9C, 9S, AS, 2S, 4D, 8C, 3C, AC, 3S, QD, 2C, TH, JD, JC, 6D, 8H, AH, TD, 7D, 8D, JH, KC, QH, QC, 9H]
2025-01-04 01:15:35,875 - Active Player: 2
2025-01-04 01:15:35,875 - STATE LOG: END
2025-01-04 01:15:36,019 - STATE LOG: BEGIN
2025-01-04 01:15:36,019 - Noah's Hand: [4S, 5C, 6C]
2025-01-04 01:15:36,019 - Eve's Hand: [4C, 5H, 7S]
2025-01-04 01:15:36,019 - Boss: Rank: 13 | Suit H | Attack 0 | Health 9
2025-01-04 01:15:36,019 - Tavern: []
2025-01-04 01:15:36,019 - Castle: [KS, KD]
2025-01-04 01:15:36,020 - Discard: [6H, 6S, 9D, 7H, TS, JS, 4H, 3D, TC, 5S, 7C, 2D, 9C, 9S, AS, 2S, 4D, 8C, 3C, AC, 3S, QD, 2C, TH, JD, JC, 6D, 8H, AH, TD, 7D, 8D, JH, KC, QH, QC, 9H]
2025-01-04 01:15:36,020 - Active Player: 1
2025-01-04 01:15:36,020 - STATE LOG: END
2025-01-04 01:15:36,067 - STATE LOG: BEGIN
2025-01-04 01:15:36,068 - Noah's Hand: [5C, 6C]
2025-01-04 01:15:36,068 - Eve's Hand: [4C, 5H, 7S]
2025-01-04 01:15:36,068 - Boss: Rank: 13 | Suit H | Attack 0 | Health 5
2025-01-04 01:15:36,068 - Tavern: []
2025-01-04 01:15:36,068 - Castle: [KS, KD]
2025-01-04 01:15:36,068 - Discard: [6H, 6S, 9D, 7H, TS, JS, 4H, 3D, TC, 5S, 7C, 2D, 9C, 9S, AS, 2S, 4D, 8C, 3C, AC, 3S, QD, 2C, TH, JD, JC, 6D, 8H, AH, TD, 7D, 8D, JH, KC, QH, QC, 9H]
2025-01-04 01:15:36,068 - Active Player: 2
2025-01-04 01:15:36,068 - STATE LOG: END
2025-01-04 01:15:36,103 - STATE LOG: BEGIN
2025-01-04 01:15:36,103 - Noah's Hand: [5C, 6C]
2025-01-04 01:15:36,103 - Eve's Hand: [4C, 5H, 7S]
2025-01-04 01:15:36,103 - Boss: Rank: 13 | Suit H | Attack 0 | Health 5
2025-01-04 01:15:36,103 - Tavern: []
2025-01-04 01:15:36,103 - Castle: [KS, KD]
2025-01-04 01:15:36,103 - Discard: [6H, 6S, 9D, 7H, TS, JS, 4H, 3D, TC, 5S, 7C, 2D, 9C, 9S, AS, 2S, 4D, 8C, 3C, AC, 3S, QD, 2C, TH, JD, JC, 6D, 8H, AH, TD, 7D, 8D, JH, KC, QH, QC, 9H]
2025-01-04 01:15:36,103 - Active Player: 1
2025-01-04 01:15:36,103 - STATE LOG: END
2025-01-04 01:15:36,116 - STATE LOG: BEGIN
2025-01-04 01:15:36,116 - Noah's Hand: [6C]
2025-01-04 01:15:36,116 - Eve's Hand: [4C, 5H, 7S]
2025-01-04 01:15:36,116 - Boss: Rank: 13 | Suit D | Attack 20 | Health 40
2025-01-04 01:15:36,116 - Tavern: []
2025-01-04 01:15:36,116 - Castle: [KS]
2025-01-04 01:15:36,116 - Discard: [6H, 6S, 9D, 7H, TS, JS, 4H, 3D, TC, 5S, 7C, 2D, 9C, 9S, AS, 2S, 4D, 8C, 3C, AC, 3S, QD, 2C, TH, JD, JC, 6D, 8H, AH, TD, 7D, 8D, JH, KC, QH, QC, 9H, QS, AD, 3H, 4S, 5C, 5D, 2H, 8S, KH]
2025-01-04 01:15:36,116 - Active Player: 1
2025-01-04 01:15:36,116 - STATE LOG: END
2025-01-04 01:15:36,122 - STATE LOG: BEGIN
2025-01-04 01:15:36,122 - Noah's Hand: [6C]
2025-01-04 01:15:36,122 - Eve's Hand: [4C, 5H, 7S]
2025-01-04 01:15:36,122 - Boss: Rank: 13 | Suit D | Attack 20 | Health 40
2025-01-04 01:15:36,122 - Tavern: []
2025-01-04 01:15:36,122 - Castle: [KS]
2025-01-04 01:15:36,122 - Discard: [6H, 6S, 9D, 7H, TS, JS, 4H, 3D, TC, 5S, 7C, 2D, 9C, 9S, AS, 2S, 4D, 8C, 3C, AC, 3S, QD, 2C, TH, JD, JC, 6D, 8H, AH, TD, 7D, 8D, JH, KC, QH, QC, 9H, QS, AD, 3H, 4S, 5C, 5D, 2H, 8S, KH]
2025-01-04 01:15:36,122 - Active Player: 2
2025-01-04 01:15:36,122 - STATE LOG: END
