2025-01-04 14:02:28,427 - I log states! :D
2025-01-04 14:02:28,428 - STATE LOG: BEGIN
2025-01-04 14:02:28,428 - Noah's Hand: [TS, 9S, 7D, 2S, 8D, 2H, 7C]
2025-01-04 14:02:28,428 - Eve's Hand: [5H, 5S, 6H, AD, 8H, 4H, 4S]
2025-01-04 14:02:28,428 - Boss: Rank: 11 | Suit C | Attack 10 | Health 20
2025-01-04 14:02:28,428 - Tavern: [9H, 9D, AS, AH, AC, TH, 5D, 5C, 6D, 3H, TD, 2C, 9C, 3D, 3C, 7S, 8S, 6C, 2D, 8C, 7H, 4C, 6S, 3S, TC, 4D]
2025-01-04 14:02:28,428 - Castle: [KS, KD, KH, KC, QH, QC, QD, QS, JH, JS, JD]
2025-01-04 14:02:28,428 - Discard: []
2025-01-04 14:02:28,428 - Active Player: 1
2025-01-04 14:02:28,428 - STATE LOG: END
2025-01-04 14:02:28,459 - STATE LOG: BEGIN
2025-01-04 14:02:28,460 - Noah's Hand: [2H, 2S, 7C, 7D, 9S]
2025-01-04 14:02:28,460 - Eve's Hand: [5H, 5S, 6H, AD, 8H, 4H, 4S]
2025-01-04 14:02:28,460 - Boss: Rank: 11 | Suit C | Attack 10 | Health 12
2025-01-04 14:02:28,460 - Tavern: [9H, 9D, AS, AH, AC, TH, 5D, 5C, 6D, 3H, TD, 2C, 9C, 3D, 3C, 7S, 8S, 6C, 2D, 8C, 7H, 4C, 6S, 3S, TC]
2025-01-04 14:02:28,460 - Castle: [KS, KD, KH, KC, QH, QC, QD, QS, JH, JS, JD]
2025-01-04 14:02:28,460 - Discard: [4D, TS]
2025-01-04 14:02:28,460 - Active Player: 2
2025-01-04 14:02:28,460 - STATE LOG: END
2025-01-04 14:02:28,478 - STATE LOG: BEGIN
2025-01-04 14:02:28,478 - Noah's Hand: [2H, 2S, 7C, 7D, 9S, 3S, 4C]
2025-01-04 14:02:28,478 - Eve's Hand: [4H, 4S, 5S, 6H, 8H]
2025-01-04 14:02:28,478 - Boss: Rank: 11 | Suit C | Attack 10 | Health 6
2025-01-04 14:02:28,478 - Tavern: [4D, TS, 9H, 9D, AS, AH, AC, TH, 5D, 5C, 6D, 3H, TD, 2C, 9C, 3D, 3C, 7S, 8S, 6C, 2D, 8C, 7H]
2025-01-04 14:02:28,478 - Castle: [KS, KD, KH, KC, QH, QC, QD, QS, JH, JS, JD]
2025-01-04 14:02:28,478 - Discard: [6S, TC]
2025-01-04 14:02:28,478 - Active Player: 1
2025-01-04 14:02:28,478 - STATE LOG: END
2025-01-04 14:02:28,491 - STATE LOG: BEGIN
2025-01-04 14:02:28,491 - Noah's Hand: [2H, 2S, 3S, 4C, 7D, 9S]
2025-01-04 14:02:28,492 - Eve's Hand: [4H, 4S, 5S, 6H, 8H]
2025-01-04 14:02:28,492 - Boss: Rank: 11 | Suit D | Attack 10 | Health 20
2025-01-04 14:02:28,492 - Tavern: [4D, TS, 9H, 9D, AS, AH, AC, TH, 5D, 5C, 6D, 3H, TD, 2C, 9C, 3D, 3C, 7S, 8S, 6C, 2D, 8C, 7H]
2025-01-04 14:02:28,492 - Castle: [KS, KD, KH, KC, QH, QC, QD, QS, JH, JS]
2025-01-04 14:02:28,492 - Discard: [6S, TC, 8D, 7C, AD, 5H, JC]
2025-01-04 14:02:28,492 - Active Player: 1
2025-01-04 14:02:28,492 - STATE LOG: END
2025-01-04 14:02:28,502 - STATE LOG: BEGIN
2025-01-04 14:02:28,502 - Noah's Hand: [3S, 4C, 7D]
2025-01-04 14:02:28,503 - Eve's Hand: [4H, 4S, 5S, 6H, 8H]
2025-01-04 14:02:28,503 - Boss: Rank: 11 | Suit D | Attack 6 | Health 16
2025-01-04 14:02:28,503 - Tavern: [JC, 5H, AD, TC, 4D, TS, 9H, 9D, AS, AH, AC, TH, 5D, 5C, 6D, 3H, TD, 2C, 9C, 3D, 3C, 7S, 8S, 6C, 2D, 8C, 7H]
2025-01-04 14:02:28,503 - Castle: [KS, KD, KH, KC, QH, QC, QD, QS, JH, JS]
2025-01-04 14:02:28,503 - Discard: [7C, 6S, 8D, 9S]
2025-01-04 14:02:28,503 - Active Player: 2
2025-01-04 14:02:28,503 - STATE LOG: END
2025-01-04 14:02:28,513 - STATE LOG: BEGIN
2025-01-04 14:02:28,513 - Noah's Hand: [3S, 4C, 7D]
2025-01-04 14:02:28,513 - Eve's Hand: [5S, 6H, 8H]
2025-01-04 14:02:28,513 - Boss: Rank: 11 | Suit D | Attack 0 | Health 8
2025-01-04 14:02:28,513 - Tavern: [7C, 8D, 6S, 9S, JC, 5H, AD, TC, 4D, TS, 9H, 9D, AS, AH, AC, TH, 5D, 5C, 6D, 3H, TD, 2C, 9C, 3D, 3C, 7S, 8S, 6C, 2D, 8C, 7H]
2025-01-04 14:02:28,513 - Castle: [KS, KD, KH, KC, QH, QC, QD, QS, JH, JS]
2025-01-04 14:02:28,513 - Discard: []
2025-01-04 14:02:28,513 - Active Player: 1
2025-01-04 14:02:28,513 - STATE LOG: END
2025-01-04 14:02:28,523 - STATE LOG: BEGIN
2025-01-04 14:02:28,523 - Noah's Hand: [3S, 7D]
2025-01-04 14:02:28,523 - Eve's Hand: [5S, 6H, 8H]
2025-01-04 14:02:28,523 - Boss: Rank: 11 | Suit S | Attack 10 | Health 20
2025-01-04 14:02:28,523 - Tavern: [7C, 8D, 6S, 9S, JC, 5H, AD, TC, 4D, TS, 9H, 9D, AS, AH, AC, TH, 5D, 5C, 6D, 3H, TD, 2C, 9C, 3D, 3C, 7S, 8S, 6C, 2D, 8C, 7H]
2025-01-04 14:02:28,523 - Castle: [KS, KD, KH, KC, QH, QC, QD, QS, JH]
2025-01-04 14:02:28,523 - Discard: [2H, 2S, 4C, 4H, 4S]
2025-01-04 14:02:28,523 - Active Player: 1
2025-01-04 14:02:28,523 - STATE LOG: END
2025-01-04 14:02:28,536 - STATE LOG: BEGIN
2025-01-04 14:02:28,536 - Noah's Hand: [3S, JD, 8C]
2025-01-04 14:02:28,536 - Eve's Hand: [5S, 6H, 8H, 7H, 2D, 8S]
2025-01-04 14:02:28,536 - Boss: Rank: 11 | Suit S | Attack 10 | Health 13
2025-01-04 14:02:28,536 - Tavern: [7C, 8D, 6S, 9S, JC, 5H, AD, TC, 4D, TS, 9H, 9D, AS, AH, AC, TH, 5D, 5C, 6D, 3H, TD, 2C, 9C, 3D, 3C]
2025-01-04 14:02:28,536 - Castle: [KS, KD, KH, KC, QH, QC, QD, QS, JH]
2025-01-04 14:02:28,536 - Discard: [2H, 2S, 4C, 4H, 4S, 7S, 6C]
2025-01-04 14:02:28,536 - Active Player: 2
2025-01-04 14:02:28,536 - STATE LOG: END
2025-01-04 14:02:28,551 - STATE LOG: BEGIN
2025-01-04 14:02:28,551 - Noah's Hand: [3S, JD, 8C]
2025-01-04 14:02:28,551 - Eve's Hand: [2D, 5S, 6H]
2025-01-04 14:02:28,551 - Boss: Rank: 11 | Suit S | Attack 10 | Health 6
2025-01-04 14:02:28,551 - Tavern: [6C, 4S, 2H, 4C, 2S, 4H, 7S, 7C, 8D, 6S, 9S, JC, 5H, AD, TC, 4D, TS, 9H, 9D, AS, AH, AC, TH, 5D, 5C, 6D, 3H, TD, 2C, 9C, 3D, 3C]
2025-01-04 14:02:28,551 - Castle: [KS, KD, KH, KC, QH, QC, QD, QS, JH]
2025-01-04 14:02:28,551 - Discard: [8S, 8H]
2025-01-04 14:02:28,551 - Active Player: 1
2025-01-04 14:02:28,551 - STATE LOG: END
2025-01-04 14:02:28,567 - STATE LOG: BEGIN
2025-01-04 14:02:28,567 - Noah's Hand: [3S, 8C, 3C, 9C, TD, 6D, 5D]
2025-01-04 14:02:28,567 - Eve's Hand: [2D, 5S, 6H, 3D, 2C, 3H, 5C]
2025-01-04 14:02:28,567 - Boss: Rank: 11 | Suit H | Attack 10 | Health 20
2025-01-04 14:02:28,567 - Tavern: [6C, 4S, 2H, 4C, 2S, 4H, 7S, 7C, 8D, 6S, 9S, JC, 5H, AD, TC, 4D, TS, 9H, 9D, AS, AH, AC, TH]
2025-01-04 14:02:28,567 - Castle: [KS, KD, KH, KC, QH, QC, QD, QS]
2025-01-04 14:02:28,567 - Discard: [8S, 8H, 7D, JD, 7H, JS]
2025-01-04 14:02:28,567 - Active Player: 1
2025-01-04 14:02:28,567 - STATE LOG: END
2025-01-04 14:02:28,588 - STATE LOG: BEGIN
2025-01-04 14:02:28,588 - Noah's Hand: [3C, 3S, 5D, 6D, 8C]
2025-01-04 14:02:28,588 - Eve's Hand: [2D, 5S, 6H, 3D, 2C, 3H, 5C]
2025-01-04 14:02:28,588 - Boss: Rank: 11 | Suit H | Attack 10 | Health 2
2025-01-04 14:02:28,588 - Tavern: [6C, 4S, 2H, 4C, 2S, 4H, 7S, 7C, 8D, 6S, 9S, JC, 5H, AD, TC, 4D, TS, 9H, 9D, AS, AH, AC, TH]
2025-01-04 14:02:28,589 - Castle: [KS, KD, KH, KC, QH, QC, QD, QS]
2025-01-04 14:02:28,589 - Discard: [8S, 8H, 7D, JD, 7H, JS, TD]
2025-01-04 14:02:28,589 - Active Player: 2
2025-01-04 14:02:28,589 - STATE LOG: END
2025-01-04 14:02:28,611 - STATE LOG: BEGIN
2025-01-04 14:02:28,611 - Noah's Hand: [3C, 3S, 5D, 6D, 8C]
2025-01-04 14:02:28,611 - Eve's Hand: [2C, 2D, 3D, 5C, 5S, 6H]
2025-01-04 14:02:28,611 - Boss: Rank: 12 | Suit S | Attack 15 | Health 30
2025-01-04 14:02:28,611 - Tavern: [6C, 4S, 2H, 4C, 2S, 4H, 7S, 7C, 8D, 6S, 9S, JC, 5H, AD, TC, 4D, TS, 9H, 9D, AS, AH, AC, TH]
2025-01-04 14:02:28,611 - Castle: [KS, KD, KH, KC, QH, QC, QD]
2025-01-04 14:02:28,611 - Discard: [8S, 8H, 7D, JD, 7H, JS, TD, 9C, 3H, JH]
2025-01-04 14:02:28,611 - Active Player: 2
2025-01-04 14:02:28,611 - STATE LOG: END
2025-01-04 14:02:28,624 - STATE LOG: BEGIN
2025-01-04 14:02:28,625 - Noah's Hand: [3C, 3S, 5D, 6D, 8C, AC]
2025-01-04 14:02:28,625 - Eve's Hand: [2C, 3D, 5C, 5S]
2025-01-04 14:02:28,625 - Boss: Rank: 12 | Suit S | Attack 15 | Health 28
2025-01-04 14:02:28,625 - Tavern: [6C, 4S, 2H, 4C, 2S, 4H, 7S, 7C, 8D, 6S, 9S, JC, 5H, AD, TC, 4D, TS, 9H, 9D, AS, AH]
2025-01-04 14:02:28,625 - Castle: [KS, KD, KH, KC, QH, QC, QD]
2025-01-04 14:02:28,625 - Discard: [8S, 8H, 7D, JD, 7H, JS, TD, 9C, 3H, JH, TH, 6H]
2025-01-04 14:02:28,625 - Active Player: 1
2025-01-04 14:02:28,625 - STATE LOG: END
2025-01-04 14:02:28,640 - STATE LOG: BEGIN
2025-01-04 14:02:28,640 - Noah's Hand: [3C, 3S, 5D, 8C, AH]
2025-01-04 14:02:28,640 - Eve's Hand: [2C, 3D, 5C, 5S, AS, 9H, 4D]
2025-01-04 14:02:28,640 - Boss: Rank: 12 | Suit S | Attack 15 | Health 14
2025-01-04 14:02:28,640 - Tavern: [6C, 4S, 2H, 4C, 2S, 4H, 7S, 7C, 8D, 6S, 9S, JC, 5H, AD, TC]
2025-01-04 14:02:28,640 - Castle: [KS, KD, KH, KC, QH, QC, QD]
2025-01-04 14:02:28,640 - Discard: [8S, 8H, 7D, JD, 7H, JS, TD, 9C, 3H, JH, TH, 6H, TS, 9D]
2025-01-04 14:02:28,640 - Active Player: 2
2025-01-04 14:02:28,640 - STATE LOG: END
2025-01-04 14:02:28,684 - STATE LOG: BEGIN
2025-01-04 14:02:28,684 - Noah's Hand: [3C, 3S, 5D, 8C, AH, AD, JC]
2025-01-04 14:02:28,684 - Eve's Hand: [2C, 4D, 5C, 5S, 9H]
2025-01-04 14:02:28,684 - Boss: Rank: 12 | Suit S | Attack 15 | Health 10
2025-01-04 14:02:28,684 - Tavern: [6C, 4S, 2H, 4C, 2S, 4H, 7S, 7C, 8D, 6S, 9S]
2025-01-04 14:02:28,684 - Castle: [KS, KD, KH, KC, QH, QC, QD]
2025-01-04 14:02:28,684 - Discard: [8S, 8H, 7D, JD, 7H, JS, TD, 9C, 3H, JH, TH, 6H, TS, 9D, 5H, TC]
2025-01-04 14:02:28,684 - Active Player: 1
2025-01-04 14:02:28,684 - STATE LOG: END
2025-01-04 14:02:28,704 - STATE LOG: BEGIN
2025-01-04 14:02:28,704 - Noah's Hand: [AH, 3S, 5D, 8C, JC]
2025-01-04 14:02:28,704 - Eve's Hand: [2C, 4D, 5C, 5S, 9H, 6S, 7C]
2025-01-04 14:02:28,704 - Boss: Rank: 12 | Suit S | Attack 15 | Health 2
2025-01-04 14:02:28,704 - Tavern: [6C, 4S, 2H, 4C, 2S, 4H, 7S]
2025-01-04 14:02:28,704 - Castle: [KS, KD, KH, KC, QH, QC, QD]
2025-01-04 14:02:28,704 - Discard: [8S, 8H, 7D, JD, 7H, JS, TD, 9C, 3H, JH, TH, 6H, TS, 9D, 5H, TC, 8D, 9S]
2025-01-04 14:02:28,704 - Active Player: 2
2025-01-04 14:02:28,704 - STATE LOG: END
2025-01-04 14:02:28,718 - STATE LOG: BEGIN
2025-01-04 14:02:28,718 - Noah's Hand: [AH, 3S, 5D, 8C, JC]
2025-01-04 14:02:28,718 - Eve's Hand: [2C, 4D, 5C, 5S, 7C, 9H]
2025-01-04 14:02:28,718 - Boss: Rank: 12 | Suit D | Attack 15 | Health 30
2025-01-04 14:02:28,718 - Tavern: [6C, 4S, 2H, 4C, 2S, 4H, 7S]
2025-01-04 14:02:28,718 - Castle: [KS, KD, KH, KC, QH, QC]
2025-01-04 14:02:28,718 - Discard: [8S, 8H, 7D, JD, 7H, JS, TD, 9C, 3H, JH, TH, 6H, TS, 9D, 5H, TC, 8D, 9S, AC, 6D, AD, 3C, 2D, AS, 3D, 6S, QS]
2025-01-04 14:02:28,718 - Active Player: 2
2025-01-04 14:02:28,718 - STATE LOG: END
2025-01-04 14:02:28,733 - STATE LOG: BEGIN
2025-01-04 14:02:28,733 - Noah's Hand: [AH, 3S, 5D, 8C, JC]
2025-01-04 14:02:28,733 - Eve's Hand: [2C, 4D]
2025-01-04 14:02:28,733 - Boss: Rank: 12 | Suit D | Attack 15 | Health 21
2025-01-04 14:02:28,733 - Tavern: [JD, 8D, 3C, 6S, QS, JH, 3D, AD, 6H, 6C, 4S, 2H, 4C, 2S, 4H, 7S]
2025-01-04 14:02:28,733 - Castle: [KS, KD, KH, KC, QH, QC]
2025-01-04 14:02:28,733 - Discard: [TS, TC, 9D, AC, 8H, 3H, 9S, 7H, 5H, 7D, 9C, 2D, TD, AS, JS, TH, 6D, 8S, 7C, 5S, 5C]
2025-01-04 14:02:28,733 - Active Player: 1
2025-01-04 14:02:28,733 - STATE LOG: END
2025-01-04 14:02:28,746 - STATE LOG: BEGIN
2025-01-04 14:02:28,746 - Noah's Hand: [AH, 3S, 5D, 8C]
2025-01-04 14:02:28,746 - Eve's Hand: [2C, 4D]
2025-01-04 14:02:28,746 - Boss: Rank: 12 | Suit C | Attack 15 | Health 30
2025-01-04 14:02:28,746 - Tavern: [JD, 8D, 3C, 6S, QS, JH, 3D, AD, 6H, 6C, 4S, 2H, 4C, 2S, 4H, 7S]
2025-01-04 14:02:28,746 - Castle: [KS, KD, KH, KC, QH]
2025-01-04 14:02:28,746 - Discard: [TS, TC, 9D, AC, 8H, 3H, 9S, 7H, 5H, 7D, 9C, 2D, TD, AS, JS, TH, 6D, 8S, 7C, 5S, 5C, JC, 9H, QD]
2025-01-04 14:02:28,746 - Active Player: 1
2025-01-04 14:02:28,746 - STATE LOG: END
2025-01-04 14:02:28,760 - STATE LOG: BEGIN
2025-01-04 14:02:28,760 - Noah's Hand: [3S]
2025-01-04 14:02:28,760 - Eve's Hand: [2C, 4D, 4H, 4C, 4S]
2025-01-04 14:02:28,760 - Boss: Rank: 12 | Suit C | Attack 15 | Health 24
2025-01-04 14:02:28,760 - Tavern: [7H, JS, 5C, AC, 9D, 6D, JD, 8D, 3C, 6S, QS, JH, 3D, AD, 6H, 6C]
2025-01-04 14:02:28,760 - Castle: [KS, KD, KH, KC, QH]
2025-01-04 14:02:28,760 - Discard: [JC, 9C, 9S, 8S, 5S, TD, TC, AS, 8H, TS, 2D, 7C, 5H, 9H, QD, TH, 7D, 3H, 2H, 2S, 7S, 8C]
2025-01-04 14:02:28,760 - Active Player: 2
2025-01-04 14:02:28,760 - STATE LOG: END
2025-01-04 14:02:28,774 - STATE LOG: BEGIN
2025-01-04 14:02:28,774 - Noah's Hand: [3S, 6H, 3D, QS, 3C]
2025-01-04 14:02:28,774 - Eve's Hand: [2C, 4C, 4H, 6C, AD]
2025-01-04 14:02:28,774 - Boss: Rank: 12 | Suit C | Attack 7 | Health 16
2025-01-04 14:02:28,774 - Tavern: [7H, JS, 5C, AC, 9D, 6D, JD, 8D]
2025-01-04 14:02:28,774 - Castle: [KS, KD, KH, KC, QH]
2025-01-04 14:02:28,774 - Discard: [JC, 9C, 9S, 8S, 5S, TD, TC, AS, 8H, TS, 2D, 7C, 5H, 9H, QD, TH, 7D, 3H, 2H, 2S, 7S, 8C, 6S, JH]
2025-01-04 14:02:28,774 - Active Player: 1
2025-01-04 14:02:28,774 - STATE LOG: END
2025-01-04 14:02:28,794 - STATE LOG: BEGIN
2025-01-04 14:02:28,794 - Noah's Hand: [3C, 3S, 6H, QS]
2025-01-04 14:02:28,794 - Eve's Hand: [2C, 4C, 4H, 6C, AD, JD]
2025-01-04 14:02:28,794 - Boss: Rank: 12 | Suit C | Attack 7 | Health 13
2025-01-04 14:02:28,794 - Tavern: [7H, JS, 5C, AC, 9D]
2025-01-04 14:02:28,794 - Castle: [KS, KD, KH, KC, QH]
2025-01-04 14:02:28,794 - Discard: [JC, 9C, 9S, 8S, 5S, TD, TC, AS, 8H, TS, 2D, 7C, 5H, 9H, QD, TH, 7D, 3H, 2H, 2S, 7S, 8C, 6S, JH, 6D, 8D]
2025-01-04 14:02:28,794 - Active Player: 2
2025-01-04 14:02:28,794 - STATE LOG: END
2025-01-04 14:02:28,813 - STATE LOG: BEGIN
2025-01-04 14:02:28,813 - Noah's Hand: [3C, 3S, 6H, QS, AC, JS]
2025-01-04 14:02:28,813 - Eve's Hand: [2C, 4C, 4H, 6C, 9D, 5C]
2025-01-04 14:02:28,813 - Boss: Rank: 12 | Suit C | Attack 7 | Health 1
2025-01-04 14:02:28,813 - Tavern: []
2025-01-04 14:02:28,813 - Castle: [KS, KD, KH, KC, QH]
2025-01-04 14:02:28,813 - Discard: [JC, 9C, 9S, 8S, 5S, TD, TC, AS, 8H, TS, 2D, 7C, 5H, 9H, QD, TH, 7D, 3H, 2H, 2S, 7S, 8C, 6S, JH, 6D, 8D, 7H]
2025-01-04 14:02:28,813 - Active Player: 1
2025-01-04 14:02:28,813 - STATE LOG: END
2025-01-04 14:02:28,829 - STATE LOG: BEGIN
2025-01-04 14:02:28,829 - Noah's Hand: [3C, 3S, JS, QS]
2025-01-04 14:02:28,829 - Eve's Hand: [2C, 4C, 4H, 6C, 9D, 5C]
2025-01-04 14:02:28,829 - Boss: Rank: 12 | Suit H | Attack 15 | Health 30
2025-01-04 14:02:28,829 - Tavern: [JC, 2S, 5S, 7D, 3H, 2H, 8D]
2025-01-04 14:02:28,829 - Castle: [KS, KD, KH, KC]
2025-01-04 14:02:28,829 - Discard: [8C, 7C, 5H, QD, 6D, TC, 8H, 9S, 6S, 8S, TH, AS, 9C, 7S, 9H, TD, JH, 7H, TS, 2D, AH, 5D, 3D, AC, 6H, 4D, 4S, AD, JD, QC]
2025-01-04 14:02:28,829 - Active Player: 1
2025-01-04 14:02:28,829 - STATE LOG: END
2025-01-04 14:02:28,846 - STATE LOG: BEGIN
2025-01-04 14:02:28,846 - Noah's Hand: [3C, 3S]
2025-01-04 14:02:28,846 - Eve's Hand: [2C, 4C, 4H, 6C, 9D, 5C]
2025-01-04 14:02:28,846 - Boss: Rank: 12 | Suit H | Attack 4 | Health 19
2025-01-04 14:02:28,846 - Tavern: [JC, 2S, 5S, 7D, 3H, 2H, 8D]
2025-01-04 14:02:28,846 - Castle: [KS, KD, KH, KC]
2025-01-04 14:02:28,846 - Discard: [8C, 7C, 5H, QD, 6D, TC, 8H, 9S, 6S, 8S, TH, AS, 9C, 7S, 9H, TD, JH, 7H, TS, 2D, AH, 5D, 3D, AC, 6H, 4D, 4S, AD, JD, QC, QS]
2025-01-04 14:02:28,846 - Active Player: 2
2025-01-04 14:02:28,846 - STATE LOG: END
2025-01-04 14:02:28,862 - STATE LOG: BEGIN
2025-01-04 14:02:28,862 - Noah's Hand: [3C, 3S, 2H, 7D, 5S, 2S, JC]
2025-01-04 14:02:28,862 - Eve's Hand: [2C, 4C, 4H, 5C, 6C]
2025-01-04 14:02:28,862 - Boss: Rank: 12 | Suit H | Attack 4 | Health 10
2025-01-04 14:02:28,862 - Tavern: []
2025-01-04 14:02:28,862 - Castle: [KS, KD, KH, KC]
2025-01-04 14:02:28,862 - Discard: [8C, 7C, 5H, QD, 6D, TC, 8H, 9S, 6S, 8S, TH, AS, 9C, 7S, 9H, TD, JH, 7H, TS, 2D, AH, 5D, 3D, AC, 6H, 4D, 4S, AD, JD, QC, QS, 3H, 8D]
2025-01-04 14:02:28,862 - Active Player: 1
2025-01-04 14:02:28,862 - STATE LOG: END
2025-01-04 14:02:28,880 - STATE LOG: BEGIN
2025-01-04 14:02:28,880 - Noah's Hand: [3C, 3S, 5S, 7D, JC]
2025-01-04 14:02:28,880 - Eve's Hand: [2C, 4C, 4H, 5C, 6C]
2025-01-04 14:02:28,880 - Boss: Rank: 12 | Suit H | Attack 0 | Health 6
2025-01-04 14:02:28,880 - Tavern: []
2025-01-04 14:02:28,880 - Castle: [KS, KD, KH, KC]
2025-01-04 14:02:28,880 - Discard: [8C, 7C, 5H, QD, 6D, TC, 8H, 9S, 6S, 8S, TH, AS, 9C, 7S, 9H, TD, JH, 7H, TS, 2D, AH, 5D, 3D, AC, 6H, 4D, 4S, AD, JD, QC, QS, 3H, 8D]
2025-01-04 14:02:28,880 - Active Player: 2
2025-01-04 14:02:28,880 - STATE LOG: END
2025-01-04 14:02:28,896 - STATE LOG: BEGIN
2025-01-04 14:02:28,896 - Noah's Hand: [3C, 3S, 5S, 7D, JC]
2025-01-04 14:02:28,896 - Eve's Hand: [4C, 4H, 5C, 6C]
2025-01-04 14:02:28,896 - Boss: Rank: 12 | Suit H | Attack 0 | Health 2
2025-01-04 14:02:28,896 - Tavern: []
2025-01-04 14:02:28,896 - Castle: [KS, KD, KH, KC]
2025-01-04 14:02:28,896 - Discard: [8C, 7C, 5H, QD, 6D, TC, 8H, 9S, 6S, 8S, TH, AS, 9C, 7S, 9H, TD, JH, 7H, TS, 2D, AH, 5D, 3D, AC, 6H, 4D, 4S, AD, JD, QC, QS, 3H, 8D]
2025-01-04 14:02:28,896 - Active Player: 1
2025-01-04 14:02:28,896 - STATE LOG: END
2025-01-04 14:02:28,911 - STATE LOG: BEGIN
2025-01-04 14:02:28,911 - Noah's Hand: [3C, 3S, 5S, 7D, JC]
2025-01-04 14:02:28,911 - Eve's Hand: [4C, 4H, 5C, 6C]
2025-01-04 14:02:28,911 - Boss: Rank: 12 | Suit H | Attack 0 | Health 2
2025-01-04 14:02:28,911 - Tavern: []
2025-01-04 14:02:28,911 - Castle: [KS, KD, KH, KC]
2025-01-04 14:02:28,911 - Discard: [8C, 7C, 5H, QD, 6D, TC, 8H, 9S, 6S, 8S, TH, AS, 9C, 7S, 9H, TD, JH, 7H, TS, 2D, AH, 5D, 3D, AC, 6H, 4D, 4S, AD, JD, QC, QS, 3H, 8D]
2025-01-04 14:02:28,911 - Active Player: 2
2025-01-04 14:02:28,911 - STATE LOG: END
2025-01-04 14:02:28,926 - STATE LOG: BEGIN
2025-01-04 14:02:28,926 - Noah's Hand: [3C, 3S, 5S, 7D, JC]
2025-01-04 14:02:28,926 - Eve's Hand: [5C, 6C]
2025-01-04 14:02:28,926 - Boss: Rank: 13 | Suit C | Attack 20 | Health 40
2025-01-04 14:02:28,926 - Tavern: []
2025-01-04 14:02:28,926 - Castle: [KS, KD, KH]
2025-01-04 14:02:28,926 - Discard: [8C, 7C, 5H, QD, 6D, TC, 8H, 9S, 6S, 8S, TH, AS, 9C, 7S, 9H, TD, JH, 7H, TS, 2D, AH, 5D, 3D, AC, 6H, 4D, 4S, AD, JD, QC, QS, 3H, 8D, JS, 2H, 2S, 9D, 2C, 4C, 4H, QH]
2025-01-04 14:02:28,926 - Active Player: 2
2025-01-04 14:02:28,926 - STATE LOG: END
2025-01-04 14:02:28,931 - STATE LOG: BEGIN
2025-01-04 14:02:28,931 - Noah's Hand: [3C, 3S, 5S, 7D, JC]
2025-01-04 14:02:28,931 - Eve's Hand: [5C, 6C]
2025-01-04 14:02:28,931 - Boss: Rank: 13 | Suit C | Attack 20 | Health 40
2025-01-04 14:02:28,931 - Tavern: []
2025-01-04 14:02:28,931 - Castle: [KS, KD, KH]
2025-01-04 14:02:28,931 - Discard: [8C, 7C, 5H, QD, 6D, TC, 8H, 9S, 6S, 8S, TH, AS, 9C, 7S, 9H, TD, JH, 7H, TS, 2D, AH, 5D, 3D, AC, 6H, 4D, 4S, AD, JD, QC, QS, 3H, 8D, JS, 2H, 2S, 9D, 2C, 4C, 4H, QH]
2025-01-04 14:02:28,931 - Active Player: 1
2025-01-04 14:02:28,931 - STATE LOG: END
