2025-01-04 21:46:05,447 - I log states! :D
2025-01-04 21:46:05,447 - STATE LOG: BEGIN
2025-01-04 21:46:05,447 - Noah's Hand: [8H, 7D, 2D, 3C, 4D, 5H, AH]
2025-01-04 21:46:05,447 - Eve's Hand: [4H, TC, 3D, TD, 4S, TS, 9C]
2025-01-04 21:46:05,447 - Boss: Rank: 11 | Suit D | Attack 10 | Health 20
2025-01-04 21:46:05,447 - Tavern: [AC, 9H, 2H, 3S, 2C, 4C, 5S, AS, AD, 2S, 8D, 6D, 5D, 8C, 9S, 6H, 7H, TH, 6C, 3H, 7C, 6S, 5C, 7S, 8S, 9D]
2025-01-04 21:46:05,447 - Castle: [KH, KS, KD, KC, QH, QC, QD, QS, JS, JH, JC]
2025-01-04 21:46:05,448 - Discard: []
2025-01-04 21:46:05,448 - Active Player: 1
2025-01-04 21:46:05,448 - STATE LOG: END
2025-01-04 21:46:06,512 - STATE LOG: BEGIN
2025-01-04 21:46:06,512 - Noah's Hand: [2D, 4D, 7D]
2025-01-04 21:46:06,512 - Eve's Hand: [4H, TC, 3D, TD, 4S, TS, 9C]
2025-01-04 21:46:06,512 - Boss: Rank: 11 | Suit D | Attack 10 | Health 15
2025-01-04 21:46:06,512 - Tavern: [AC, 9H, 2H, 3S, 2C, 4C, 5S, AS, AD, 2S, 8D, 6D, 5D, 8C, 9S, 6H, 7H, TH, 6C, 3H, 7C, 6S, 5C, 7S, 8S, 9D]
2025-01-04 21:46:06,512 - Castle: [KH, KS, KD, KC, QH, QC, QD, QS, JS, JH, JC]
2025-01-04 21:46:06,512 - Discard: [AH, 8H, 3C]
2025-01-04 21:46:06,512 - Active Player: 2
2025-01-04 21:46:06,512 - STATE LOG: END
2025-01-04 21:46:06,830 - STATE LOG: BEGIN
2025-01-04 21:46:06,830 - Noah's Hand: [2D, 4D, 7D]
2025-01-04 21:46:06,830 - Eve's Hand: [3D, 4H, 4S, TC, TD, TS]
2025-01-04 21:46:06,830 - Boss: Rank: 11 | Suit C | Attack 10 | Health 20
2025-01-04 21:46:06,831 - Tavern: [AC, 9H, 2H, 3S, 2C, 4C, 5S, AS, AD, 2S, 8D, 6D, 5D, 8C, 9S, 6H, 7H, TH, 6C, 3H, 7C, 6S, 5C, 7S, 8S, 9D]
2025-01-04 21:46:06,831 - Castle: [KH, KS, KD, KC, QH, QC, QD, QS, JS, JH]
2025-01-04 21:46:06,831 - Discard: [AH, 8H, 3C, 5H, 9C, JD]
2025-01-04 21:46:06,831 - Active Player: 2
2025-01-04 21:46:06,831 - STATE LOG: END
2025-01-04 21:46:08,314 - STATE LOG: BEGIN
2025-01-04 21:46:08,314 - Noah's Hand: [2D, 4D, 7D]
2025-01-04 21:46:08,314 - Eve's Hand: [3D, 4H, 4S, TC, TD]
2025-01-04 21:46:08,314 - Boss: Rank: 11 | Suit C | Attack 0 | Health 10
2025-01-04 21:46:08,314 - Tavern: [AC, 9H, 2H, 3S, 2C, 4C, 5S, AS, AD, 2S, 8D, 6D, 5D, 8C, 9S, 6H, 7H, TH, 6C, 3H, 7C, 6S, 5C, 7S, 8S, 9D]
2025-01-04 21:46:08,314 - Castle: [KH, KS, KD, KC, QH, QC, QD, QS, JS, JH]
2025-01-04 21:46:08,314 - Discard: [AH, 8H, 3C, 5H, 9C, JD]
2025-01-04 21:46:08,314 - Active Player: 1
2025-01-04 21:46:08,314 - STATE LOG: END
2025-01-04 21:46:09,211 - STATE LOG: BEGIN
2025-01-04 21:46:09,211 - Noah's Hand: [2D, 4D, 9D, 7S, 6S, 7C, 3H]
2025-01-04 21:46:09,211 - Eve's Hand: [3D, 4H, 4S, TC, TD, 8S, 5C]
2025-01-04 21:46:09,211 - Boss: Rank: 11 | Suit C | Attack 0 | Health 3
2025-01-04 21:46:09,211 - Tavern: [AC, 9H, 2H, 3S, 2C, 4C, 5S, AS, AD, 2S, 8D, 6D, 5D, 8C, 9S, 6H, 7H, TH, 6C]
2025-01-04 21:46:09,211 - Castle: [KH, KS, KD, KC, QH, QC, QD, QS, JS, JH]
2025-01-04 21:46:09,211 - Discard: [AH, 8H, 3C, 5H, 9C, JD]
2025-01-04 21:46:09,211 - Active Player: 2
2025-01-04 21:46:09,211 - STATE LOG: END
2025-01-04 21:46:10,866 - STATE LOG: BEGIN
2025-01-04 21:46:10,866 - Noah's Hand: [2D, 4D, 9D, 7S, 6S, 7C, 3H]
2025-01-04 21:46:10,866 - Eve's Hand: [3D, 4H, 4S, 5C, 8S, TC, TD]
2025-01-04 21:46:10,866 - Boss: Rank: 11 | Suit C | Attack 0 | Health 3
2025-01-04 21:46:10,866 - Tavern: [AC, 9H, 2H, 3S, 2C, 4C, 5S, AS, AD, 2S, 8D, 6D, 5D, 8C, 9S, 6H, 7H, TH, 6C]
2025-01-04 21:46:10,866 - Castle: [KH, KS, KD, KC, QH, QC, QD, QS, JS, JH]
2025-01-04 21:46:10,866 - Discard: [AH, 8H, 3C, 5H, 9C, JD]
2025-01-04 21:46:10,866 - Active Player: 1
2025-01-04 21:46:10,866 - STATE LOG: END
2025-01-04 21:46:12,539 - STATE LOG: BEGIN
2025-01-04 21:46:12,539 - Noah's Hand: [3H, 4D, 6S, 7C, 7S, 9D, 6C]
2025-01-04 21:46:12,539 - Eve's Hand: [3D, 4H, 4S, 5C, 8S, TC, TD]
2025-01-04 21:46:12,539 - Boss: Rank: 11 | Suit C | Attack 0 | Health 1
2025-01-04 21:46:12,539 - Tavern: [AC, 9H, 2H, 3S, 2C, 4C, 5S, AS, AD, 2S, 8D, 6D, 5D, 8C, 9S, 6H, 7H, TH]
2025-01-04 21:46:12,539 - Castle: [KH, KS, KD, KC, QH, QC, QD, QS, JS, JH]
2025-01-04 21:46:12,539 - Discard: [AH, 8H, 3C, 5H, 9C, JD]
2025-01-04 21:46:12,539 - Active Player: 2
2025-01-04 21:46:12,539 - STATE LOG: END
2025-01-04 21:46:14,150 - STATE LOG: BEGIN
2025-01-04 21:46:14,150 - Noah's Hand: [3H, 4D, 6S, 7C, 7S, 9D, 6C]
2025-01-04 21:46:14,150 - Eve's Hand: [3D, 4S, 5C, 8S, TC, TD]
2025-01-04 21:46:14,150 - Boss: Rank: 11 | Suit H | Attack 10 | Health 20
2025-01-04 21:46:14,150 - Tavern: [AH, JD, 8H, 5H, AC, 9H, 2H, 3S, 2C, 4C, 5S, AS, AD, 2S, 8D, 6D, 5D, 8C, 9S, 6H, 7H, TH]
2025-01-04 21:46:14,150 - Castle: [KH, KS, KD, KC, QH, QC, QD, QS, JS]
2025-01-04 21:46:14,150 - Discard: [3C, 9C, 7D, 2D, TS, 4H, JC]
2025-01-04 21:46:14,150 - Active Player: 2
2025-01-04 21:46:14,150 - STATE LOG: END
2025-01-04 21:46:15,815 - STATE LOG: BEGIN
2025-01-04 21:46:15,815 - Noah's Hand: [3H, 4D, 6S, 7C, 7S, 9D, 6C]
2025-01-04 21:46:15,815 - Eve's Hand: [3D, 4S, 5C, 8S, TD]
2025-01-04 21:46:15,815 - Boss: Rank: 11 | Suit H | Attack 10 | Health 20
2025-01-04 21:46:15,815 - Tavern: [AH, JD, 8H, 5H, AC, 9H, 2H, 3S, 2C, 4C, 5S, AS, AD, 2S, 8D, 6D, 5D, 8C, 9S, 6H, 7H, TH]
2025-01-04 21:46:15,815 - Castle: [KH, KS, KD, KC, QH, QC, QD, QS, JS]
2025-01-04 21:46:15,815 - Discard: [3C, 9C, 7D, 2D, TS, 4H, JC, TC]
2025-01-04 21:46:15,815 - Active Player: 1
2025-01-04 21:46:15,815 - STATE LOG: END
2025-01-04 21:46:17,499 - STATE LOG: BEGIN
2025-01-04 21:46:17,499 - Noah's Hand: [4D, 6C, 6S, 7C, 9D]
2025-01-04 21:46:17,499 - Eve's Hand: [3D, 4S, 5C, 8S, TD]
2025-01-04 21:46:17,499 - Boss: Rank: 11 | Suit H | Attack 3 | Health 13
2025-01-04 21:46:17,499 - Tavern: [AH, JD, 8H, 5H, AC, 9H, 2H, 3S, 2C, 4C, 5S, AS, AD, 2S, 8D, 6D, 5D, 8C, 9S, 6H, 7H, TH]
2025-01-04 21:46:17,499 - Castle: [KH, KS, KD, KC, QH, QC, QD, QS, JS]
2025-01-04 21:46:17,499 - Discard: [3C, 9C, 7D, 2D, TS, 4H, JC, TC, 3H]
2025-01-04 21:46:17,499 - Active Player: 2
2025-01-04 21:46:17,499 - STATE LOG: END
2025-01-04 21:46:19,183 - STATE LOG: BEGIN
2025-01-04 21:46:19,183 - Noah's Hand: [4D, 6C, 6S, 7C, 9D, 7H]
2025-01-04 21:46:19,183 - Eve's Hand: [5C, 8S, TD, TH, 6H]
2025-01-04 21:46:19,183 - Boss: Rank: 11 | Suit H | Attack 3 | Health 10
2025-01-04 21:46:19,183 - Tavern: [AH, JD, 8H, 5H, AC, 9H, 2H, 3S, 2C, 4C, 5S, AS, AD, 2S, 8D, 6D, 5D, 8C, 9S]
2025-01-04 21:46:19,183 - Castle: [KH, KS, KD, KC, QH, QC, QD, QS, JS]
2025-01-04 21:46:19,183 - Discard: [3C, 9C, 7D, 2D, TS, 4H, JC, TC, 3H, 4S]
2025-01-04 21:46:19,183 - Active Player: 1
2025-01-04 21:46:19,183 - STATE LOG: END
2025-01-04 21:46:20,904 - STATE LOG: BEGIN
2025-01-04 21:46:20,905 - Noah's Hand: [4D, 6S, 7C, 9D]
2025-01-04 21:46:20,905 - Eve's Hand: [5C, 8S, TD, TH, 6H]
2025-01-04 21:46:20,905 - Boss: Rank: 11 | Suit H | Attack 3 | Health 3
2025-01-04 21:46:20,905 - Tavern: [AH, JD, 8H, 5H, AC, 9H, 2H, 3S, 2C, 4C, 5S, AS, AD, 2S, 8D, 6D, 5D, 8C, 9S]
2025-01-04 21:46:20,905 - Castle: [KH, KS, KD, KC, QH, QC, QD, QS, JS]
2025-01-04 21:46:20,905 - Discard: [3C, 9C, 7D, 2D, TS, 4H, JC, TC, 3H, 4S, 6C]
2025-01-04 21:46:20,905 - Active Player: 2
2025-01-04 21:46:20,905 - STATE LOG: END
2025-01-04 21:46:22,666 - STATE LOG: BEGIN
2025-01-04 21:46:22,666 - Noah's Hand: [4D, 6S, 7C, 9D, 8C, 6D, 2S]
2025-01-04 21:46:22,666 - Eve's Hand: [5C, 6H, 8S, TH, 9S, 5D, 8D]
2025-01-04 21:46:22,666 - Boss: Rank: 11 | Suit S | Attack 10 | Health 20
2025-01-04 21:46:22,666 - Tavern: [AH, JD, 8H, 5H, AC, 9H, 2H, 3S, 2C, 4C, 5S, AS, AD]
2025-01-04 21:46:22,666 - Castle: [KH, KS, KD, KC, QH, QC, QD, QS]
2025-01-04 21:46:22,666 - Discard: [3C, 9C, 7D, 2D, TS, 4H, JC, TC, 3H, 4S, 6C, 7S, 7H, 3D, TD, JH]
2025-01-04 21:46:22,666 - Active Player: 2
2025-01-04 21:46:22,666 - STATE LOG: END
2025-01-04 21:46:24,610 - STATE LOG: BEGIN
2025-01-04 21:46:24,610 - Noah's Hand: [4D, 6S, 7C, 9D, 8C, 6D, 2S]
2025-01-04 21:46:24,610 - Eve's Hand: [5D, 6H, 8D, 9S]
2025-01-04 21:46:24,610 - Boss: Rank: 11 | Suit S | Attack 10 | Health 10
2025-01-04 21:46:24,610 - Tavern: [7D, 9C, 6C, JC, 4H, 2D, 7S, 7H, 3C, JH, AH, JD, 8H, 5H, AC, 9H, 2H, 3S, 2C, 4C, 5S, AS, AD]
2025-01-04 21:46:24,610 - Castle: [KH, KS, KD, KC, QH, QC, QD, QS]
2025-01-04 21:46:24,610 - Discard: [TC, TD, TS, 4S, 3H, 3D, 8S, 5C]
2025-01-04 21:46:24,610 - Active Player: 1
2025-01-04 21:46:24,610 - STATE LOG: END
2025-01-04 21:46:26,413 - STATE LOG: BEGIN
2025-01-04 21:46:26,414 - Noah's Hand: [6D, 7C, 9D, AD]
2025-01-04 21:46:26,414 - Eve's Hand: [5D, 6H, 8D, 9S, AS, 5S, 4C]
2025-01-04 21:46:26,414 - Boss: Rank: 11 | Suit S | Attack 10 | Health 6
2025-01-04 21:46:26,414 - Tavern: [7D, 9C, 6C, JC, 4H, 2D, 7S, 7H, 3C, JH, AH, JD, 8H, 5H, AC, 9H, 2H, 3S, 2C]
2025-01-04 21:46:26,414 - Castle: [KH, KS, KD, KC, QH, QC, QD, QS]
2025-01-04 21:46:26,414 - Discard: [TC, TD, TS, 4S, 3H, 3D, 8S, 5C, 6S, 2S, 8C]
2025-01-04 21:46:26,414 - Active Player: 2
2025-01-04 21:46:26,414 - STATE LOG: END
2025-01-04 21:46:28,183 - STATE LOG: BEGIN
2025-01-04 21:46:28,183 - Noah's Hand: [6D, 7C, 9D, AD]
2025-01-04 21:46:28,183 - Eve's Hand: [AS, 5D, 5S, 6H, 8D, 9S]
2025-01-04 21:46:28,183 - Boss: Rank: 12 | Suit S | Attack 15 | Health 30
2025-01-04 21:46:28,183 - Tavern: [7D, 9C, 6C, JC, 4H, 2D, 7S, 7H, 3C, JH, AH, JD, 8H, 5H, AC, 9H, 2H, 3S, 2C]
2025-01-04 21:46:28,183 - Castle: [KH, KS, KD, KC, QH, QC, QD]
2025-01-04 21:46:28,183 - Discard: [TC, TD, TS, 4S, 3H, 3D, 8S, 5C, 6S, 2S, 8C, 4D, TH, 4C, JS]
2025-01-04 21:46:28,183 - Active Player: 2
2025-01-04 21:46:28,183 - STATE LOG: END
2025-01-04 21:46:29,828 - STATE LOG: BEGIN
2025-01-04 21:46:29,828 - Noah's Hand: [6D, 7C, 9D, AD, 3S, 9H, AC]
2025-01-04 21:46:29,828 - Eve's Hand: [6H, 8D, 2H]
2025-01-04 21:46:29,828 - Boss: Rank: 12 | Suit S | Attack 15 | Health 25
2025-01-04 21:46:29,828 - Tavern: [7D, 9C, 6C, JC, 4H, 2D, 7S, 7H, 3C, JH, AH, JD, 8H, 5H]
2025-01-04 21:46:29,828 - Castle: [KH, KS, KD, KC, QH, QC, QD]
2025-01-04 21:46:29,828 - Discard: [TC, TD, TS, 4S, 3H, 3D, 8S, 5C, 6S, 2S, 8C, 4D, TH, 4C, JS, AS, 2C, 9S, 5S]
2025-01-04 21:46:29,828 - Active Player: 1
2025-01-04 21:46:29,828 - STATE LOG: END
2025-01-04 21:46:30,722 - STATE LOG: BEGIN
2025-01-04 21:46:30,723 - Noah's Hand: [6D, 9D, JD]
2025-01-04 21:46:30,723 - Eve's Hand: [6H, 8D, 2H, 8H, AH, JH, 3C]
2025-01-04 21:46:30,723 - Boss: Rank: 12 | Suit S | Attack 15 | Health 15
2025-01-04 21:46:30,723 - Tavern: [4S, 5C, 3D, 3H, TS, 4C, TD, 2C, TC, 4D, 7D, 9C, 6C, JC, 4H, 2D, 7S, 7H]
2025-01-04 21:46:30,723 - Castle: [KH, KS, KD, KC, QH, QC, QD]
2025-01-04 21:46:30,723 - Discard: [6S, 8S, JS, 9S, 8C, TH, AS, 2S, 5S, 3S, 5H, AC, 7C]
2025-01-04 21:46:30,723 - Active Player: 2
2025-01-04 21:46:30,723 - STATE LOG: END
2025-01-04 21:46:32,052 - STATE LOG: BEGIN
2025-01-04 21:46:32,052 - Noah's Hand: [6D, 9D, JD]
2025-01-04 21:46:32,052 - Eve's Hand: [AH, 3C, 6H, 8D]
2025-01-04 21:46:32,052 - Boss: Rank: 12 | Suit S | Attack 15 | Health 15
2025-01-04 21:46:32,052 - Tavern: [4S, 5C, 3D, 3H, TS, 4C, TD, 2C, TC, 4D, 7D, 9C, 6C, JC, 4H, 2D, 7S, 7H]
2025-01-04 21:46:32,052 - Castle: [KH, KS, KD, KC, QH, QC, QD]
2025-01-04 21:46:32,052 - Discard: [6S, 8S, JS, 9S, 8C, TH, AS, 2S, 5S, 3S, 5H, AC, 7C, JH, 2H, 8H]
2025-01-04 21:46:32,052 - Active Player: 1
2025-01-04 21:46:32,052 - STATE LOG: END
2025-01-04 21:46:33,381 - STATE LOG: BEGIN
2025-01-04 21:46:33,382 - Noah's Hand: [9D, JD, 2D]
2025-01-04 21:46:33,382 - Eve's Hand: [AH, 3C, 6H, 8D, 7S, 4H, 6C]
2025-01-04 21:46:33,382 - Boss: Rank: 12 | Suit S | Attack 15 | Health 9
2025-01-04 21:46:33,382 - Tavern: [4S, 5C, 3D, 3H, TS, 4C, TD, 2C, TC, 4D, 7D, 9C]
2025-01-04 21:46:33,382 - Castle: [KH, KS, KD, KC, QH, QC, QD]
2025-01-04 21:46:33,382 - Discard: [6S, 8S, JS, 9S, 8C, TH, AS, 2S, 5S, 3S, 5H, AC, 7C, JH, 2H, 8H, JC, 7H]
2025-01-04 21:46:33,382 - Active Player: 2
2025-01-04 21:46:33,382 - STATE LOG: END
2025-01-04 21:46:34,349 - STATE LOG: BEGIN
2025-01-04 21:46:34,349 - Noah's Hand: [9D, JD, 2D]
2025-01-04 21:46:34,349 - Eve's Hand: [4H, 8D]
2025-01-04 21:46:34,349 - Boss: Rank: 12 | Suit S | Attack 15 | Health 3
2025-01-04 21:46:34,349 - Tavern: [2S, 6S, 2H, 9S, JS, 8H, 4S, 5C, 3D, 3H, TS, 4C, TD, 2C, TC, 4D, 7D, 9C]
2025-01-04 21:46:34,349 - Castle: [KH, KS, KD, KC, QH, QC, QD]
2025-01-04 21:46:34,349 - Discard: [5H, 8S, JC, 7C, TH, JH, AC, 7H, AS, 3S, 8C, 5S, 7S, AH, 6C, 3C]
2025-01-04 21:46:34,349 - Active Player: 1
2025-01-04 21:46:34,349 - STATE LOG: END
2025-01-04 21:46:34,770 - STATE LOG: BEGIN
2025-01-04 21:46:34,770 - Noah's Hand: [2D, JD, 9C, 4D, 2C, 4C, 3H]
2025-01-04 21:46:34,770 - Eve's Hand: [4H, 8D, 7D, TC, TD, TS]
2025-01-04 21:46:34,770 - Boss: Rank: 12 | Suit D | Attack 15 | Health 30
2025-01-04 21:46:34,770 - Tavern: [2S, 6S, 2H, 9S, JS, 8H, 4S, 5C, 3D]
2025-01-04 21:46:34,770 - Castle: [KH, KS, KD, KC, QH, QC]
2025-01-04 21:46:34,770 - Discard: [5H, 8S, JC, 7C, TH, JH, AC, 7H, AS, 3S, 8C, 5S, 7S, AH, 6C, 3C, AD, 9H, 6D, 9D, 5D, 6H, QS]
2025-01-04 21:46:34,770 - Active Player: 1
2025-01-04 21:46:34,770 - STATE LOG: END
2025-01-04 21:46:35,169 - STATE LOG: BEGIN
2025-01-04 21:46:35,169 - Noah's Hand: [2D, 3H, 4D, JD]
2025-01-04 21:46:35,169 - Eve's Hand: [4H, 8D, 7D, TC, TD, TS]
2025-01-04 21:46:35,169 - Boss: Rank: 12 | Suit D | Attack 15 | Health 30
2025-01-04 21:46:35,169 - Tavern: [2S, 6S, 2H, 9S, JS, 8H, 4S, 5C, 3D]
2025-01-04 21:46:35,169 - Castle: [KH, KS, KD, KC, QH, QC]
2025-01-04 21:46:35,169 - Discard: [5H, 8S, JC, 7C, TH, JH, AC, 7H, AS, 3S, 8C, 5S, 7S, AH, 6C, 3C, AD, 9H, 6D, 9D, 5D, 6H, QS, 9C, 4C, 2C]
2025-01-04 21:46:35,169 - Active Player: 2
2025-01-04 21:46:35,169 - STATE LOG: END
2025-01-04 21:46:35,258 - STATE LOG: BEGIN
2025-01-04 21:46:35,259 - Noah's Hand: [2D, 3H, 4D, JD]
2025-01-04 21:46:35,259 - Eve's Hand: [4H, 7D, 8D, TD]
2025-01-04 21:46:35,259 - Boss: Rank: 12 | Suit D | Attack 5 | Health 20
2025-01-04 21:46:35,259 - Tavern: [2S, 6S, 2H, 9S, JS, 8H, 4S, 5C, 3D]
2025-01-04 21:46:35,259 - Castle: [KH, KS, KD, KC, QH, QC]
2025-01-04 21:46:35,259 - Discard: [5H, 8S, JC, 7C, TH, JH, AC, 7H, AS, 3S, 8C, 5S, 7S, AH, 6C, 3C, AD, 9H, 6D, 9D, 5D, 6H, QS, 9C, 4C, 2C, TC]
2025-01-04 21:46:35,259 - Active Player: 1
2025-01-04 21:46:35,259 - STATE LOG: END
2025-01-04 21:46:35,390 - STATE LOG: BEGIN
2025-01-04 21:46:35,390 - Noah's Hand: [4D]
2025-01-04 21:46:35,390 - Eve's Hand: [4H, 7D, 8D, TD]
2025-01-04 21:46:35,390 - Boss: Rank: 12 | Suit D | Attack 5 | Health 9
2025-01-04 21:46:35,390 - Tavern: [2S, 6S, 2H, 9S, JS, 8H, 4S, 5C, 3D]
2025-01-04 21:46:35,390 - Castle: [KH, KS, KD, KC, QH, QC]
2025-01-04 21:46:35,390 - Discard: [5H, 8S, JC, 7C, TH, JH, AC, 7H, AS, 3S, 8C, 5S, 7S, AH, 6C, 3C, AD, 9H, 6D, 9D, 5D, 6H, QS, 9C, 4C, 2C, TC, 3H, 2D]
2025-01-04 21:46:35,390 - Active Player: 2
2025-01-04 21:46:35,390 - STATE LOG: END
2025-01-04 21:46:35,441 - STATE LOG: BEGIN
2025-01-04 21:46:35,441 - Noah's Hand: [4D]
2025-01-04 21:46:35,441 - Eve's Hand: [4H, 7D, 8D]
2025-01-04 21:46:35,441 - Boss: Rank: 12 | Suit C | Attack 15 | Health 30
2025-01-04 21:46:35,441 - Tavern: [2S, 6S, 2H, 9S, JS, 8H, 4S, 5C, 3D]
2025-01-04 21:46:35,441 - Castle: [KH, KS, KD, KC, QH]
2025-01-04 21:46:35,441 - Discard: [5H, 8S, JC, 7C, TH, JH, AC, 7H, AS, 3S, 8C, 5S, 7S, AH, 6C, 3C, AD, 9H, 6D, 9D, 5D, 6H, QS, 9C, 4C, 2C, TC, 3H, 2D, JD, TS, TD, QD]
2025-01-04 21:46:35,441 - Active Player: 2
2025-01-04 21:46:35,441 - STATE LOG: END
2025-01-04 21:46:35,517 - STATE LOG: BEGIN
2025-01-04 21:46:35,517 - Noah's Hand: [4D, 5C, 8H, 9S, 6S]
2025-01-04 21:46:35,517 - Eve's Hand: [4H, 7D, 3D]
2025-01-04 21:46:35,517 - Boss: Rank: 12 | Suit C | Attack 15 | Health 22
2025-01-04 21:46:35,517 - Tavern: [2S]
2025-01-04 21:46:35,517 - Castle: [KH, KS, KD, KC, QH]
2025-01-04 21:46:35,517 - Discard: [5H, 8S, JC, 7C, TH, JH, AC, 7H, AS, 3S, 8C, 5S, 7S, AH, 6C, 3C, AD, 9H, 6D, 9D, 5D, 6H, QS, 9C, 4C, 2C, TC, 3H, 2D, JD, TS, TD, QD, JS, 2H, 4S]
2025-01-04 21:46:35,517 - Active Player: 1
2025-01-04 21:46:35,517 - STATE LOG: END
2025-01-04 21:46:35,619 - STATE LOG: BEGIN
2025-01-04 21:46:35,620 - Noah's Hand: [4D]
2025-01-04 21:46:35,620 - Eve's Hand: [4H, 7D, 3D]
2025-01-04 21:46:35,620 - Boss: Rank: 12 | Suit C | Attack 15 | Health 14
2025-01-04 21:46:35,620 - Tavern: [QS, 9C, 2D, 4S, 7S, JD, 4C, 2C, 2S]
2025-01-04 21:46:35,620 - Castle: [KH, KS, KD, KC, QH]
2025-01-04 21:46:35,620 - Discard: [7H, AS, 2H, JS, QD, 5H, 6H, 3H, JC, 7C, 3C, 6D, TD, TC, 8C, TH, AD, 5S, 6C, AC, AH, 8S, 9H, JH, 5D, TS, 9D, 3S, 5C, 9S, 6S]
2025-01-04 21:46:35,620 - Active Player: 2
2025-01-04 21:46:35,620 - STATE LOG: END
2025-01-04 21:46:35,664 - STATE LOG: BEGIN
2025-01-04 21:46:35,664 - Noah's Hand: [4D, 2C, JD, 4S]
2025-01-04 21:46:35,664 - Eve's Hand: [3D, 2D]
2025-01-04 21:46:35,664 - Boss: Rank: 12 | Suit C | Attack 15 | Health 7
2025-01-04 21:46:35,664 - Tavern: [QS, 9C]
2025-01-04 21:46:35,664 - Castle: [KH, KS, KD, KC, QH]
2025-01-04 21:46:35,664 - Discard: [7H, AS, 2H, JS, QD, 5H, 6H, 3H, JC, 7C, 3C, 6D, TD, TC, 8C, TH, AD, 5S, 6C, AC, AH, 8S, 9H, JH, 5D, TS, 9D, 3S, 5C, 9S, 6S, 4H, 7S, 2S, 4C]
2025-01-04 21:46:35,664 - Active Player: 1
2025-01-04 21:46:35,664 - STATE LOG: END
2025-01-04 21:46:35,713 - STATE LOG: BEGIN
2025-01-04 21:46:35,713 - Noah's Hand: [JD]
2025-01-04 21:46:35,713 - Eve's Hand: [3D, 2D, QS]
2025-01-04 21:46:35,713 - Boss: Rank: 12 | Suit C | Attack 15 | Health 3
2025-01-04 21:46:35,713 - Tavern: []
2025-01-04 21:46:35,713 - Castle: [KH, KS, KD, KC, QH]
2025-01-04 21:46:35,713 - Discard: [7H, AS, 2H, JS, QD, 5H, 6H, 3H, JC, 7C, 3C, 6D, TD, TC, 8C, TH, AD, 5S, 6C, AC, AH, 8S, 9H, JH, 5D, TS, 9D, 3S, 5C, 9S, 6S, 4H, 7S, 2S, 4C, 4S, 2C, 9C]
2025-01-04 21:46:35,713 - Active Player: 2
2025-01-04 21:46:35,713 - STATE LOG: END
2025-01-04 21:46:35,726 - STATE LOG: BEGIN
2025-01-04 21:46:35,726 - Noah's Hand: [JD]
2025-01-04 21:46:35,726 - Eve's Hand: [2D, 3D]
2025-01-04 21:46:35,726 - Boss: Rank: 12 | Suit H | Attack 15 | Health 30
2025-01-04 21:46:35,726 - Tavern: []
2025-01-04 21:46:35,726 - Castle: [KH, KS, KD, KC]
2025-01-04 21:46:35,726 - Discard: [7H, AS, 2H, JS, QD, 5H, 6H, 3H, JC, 7C, 3C, 6D, TD, TC, 8C, TH, AD, 5S, 6C, AC, AH, 8S, 9H, JH, 5D, TS, 9D, 3S, 5C, 9S, 6S, 4H, 7S, 2S, 4C, 4S, 2C, 9C, 8H, 4D, 8D, 7D, QS, QC]
2025-01-04 21:46:35,726 - Active Player: 2
2025-01-04 21:46:35,726 - STATE LOG: END
2025-01-04 21:46:35,730 - STATE LOG: BEGIN
2025-01-04 21:46:35,730 - Noah's Hand: [JD]
2025-01-04 21:46:35,730 - Eve's Hand: [2D, 3D]
2025-01-04 21:46:35,730 - Boss: Rank: 12 | Suit H | Attack 15 | Health 30
2025-01-04 21:46:35,730 - Tavern: []
2025-01-04 21:46:35,730 - Castle: [KH, KS, KD, KC]
2025-01-04 21:46:35,730 - Discard: [7H, AS, 2H, JS, QD, 5H, 6H, 3H, JC, 7C, 3C, 6D, TD, TC, 8C, TH, AD, 5S, 6C, AC, AH, 8S, 9H, JH, 5D, TS, 9D, 3S, 5C, 9S, 6S, 4H, 7S, 2S, 4C, 4S, 2C, 9C, 8H, 4D, 8D, 7D, QS, QC]
2025-01-04 21:46:35,730 - Active Player: 1
2025-01-04 21:46:35,730 - STATE LOG: END
