2025-01-04 15:56:26,582 - I log states! :D
2025-01-04 15:56:26,582 - STATE LOG: BEGIN
2025-01-04 15:56:26,582 - Noah's Hand: [4H, 4S, TC, TS, AH, 8C, 5S]
2025-01-04 15:56:26,582 - Eve's Hand: [6C, 5H, 5D, 5C, 8D, 7C, TD]
2025-01-04 15:56:26,582 - Boss: Rank: 11 | Suit C | Attack 10 | Health 20
2025-01-04 15:56:26,582 - Tavern: [6H, 3D, 7H, 9C, 9S, TH, 2S, 6D, 3H, 3C, 7D, 6S, 8H, AD, 2D, 7S, 2C, 3S, 9D, AS, 9H, AC, 8S, 2H, 4C, 4D]
2025-01-04 15:56:26,582 - Castle: [KC, KH, KD, KS, QC, QD, QH, QS, JH, JD, JS]
2025-01-04 15:56:26,582 - Discard: []
2025-01-04 15:56:26,582 - Active Player: 1
2025-01-04 15:56:26,582 - STATE LOG: END
2025-01-04 15:56:26,669 - STATE LOG: BEGIN
2025-01-04 15:56:26,669 - Noah's Hand: [AH, 4H, 4S, 5S, TC]
2025-01-04 15:56:26,670 - Eve's Hand: [6C, 5H, 5D, 5C, 8D, 7C, TD]
2025-01-04 15:56:26,670 - Boss: Rank: 11 | Suit C | Attack 10 | Health 12
2025-01-04 15:56:26,670 - Tavern: [6H, 3D, 7H, 9C, 9S, TH, 2S, 6D, 3H, 3C, 7D, 6S, 8H, AD, 2D, 7S, 2C, 3S, 9D, AS, 9H, AC, 8S, 2H, 4C, 4D]
2025-01-04 15:56:26,670 - Castle: [KC, KH, KD, KS, QC, QD, QH, QS, JH, JD, JS]
2025-01-04 15:56:26,670 - Discard: [TS]
2025-01-04 15:56:26,670 - Active Player: 2
2025-01-04 15:56:26,670 - STATE LOG: END
2025-01-04 15:56:26,725 - STATE LOG: BEGIN
2025-01-04 15:56:26,725 - Noah's Hand: [AH, 4H, 4S, 5S, TC, 4C, 8S]
2025-01-04 15:56:26,725 - Eve's Hand: [5C, 6C, 7C, 8D]
2025-01-04 15:56:26,725 - Boss: Rank: 11 | Suit C | Attack 10 | Health 2
2025-01-04 15:56:26,725 - Tavern: [TS, 6H, 3D, 7H, 9C, 9S, TH, 2S, 6D, 3H, 3C, 7D, 6S, 8H, AD, 2D, 7S, 2C, 3S, 9D, AS, 9H, AC]
2025-01-04 15:56:26,725 - Castle: [KC, KH, KD, KS, QC, QD, QH, QS, JH, JD, JS]
2025-01-04 15:56:26,725 - Discard: [2H, 4D, TD]
2025-01-04 15:56:26,725 - Active Player: 1
2025-01-04 15:56:26,725 - STATE LOG: END
2025-01-04 15:56:26,775 - STATE LOG: BEGIN
2025-01-04 15:56:26,775 - Noah's Hand: [AH, 4C, 4S, 5S, 8S, TC]
2025-01-04 15:56:26,775 - Eve's Hand: [5C, 6C, 7C, 8D]
2025-01-04 15:56:26,775 - Boss: Rank: 11 | Suit S | Attack 10 | Health 20
2025-01-04 15:56:26,775 - Tavern: [TD, 4D, 2H, TS, 6H, 3D, 7H, 9C, 9S, TH, 2S, 6D, 3H, 3C, 7D, 6S, 8H, AD, 2D, 7S, 2C, 3S, 9D, AS, 9H, AC]
2025-01-04 15:56:26,775 - Castle: [KC, KH, KD, KS, QC, QD, QH, QS, JH, JD]
2025-01-04 15:56:26,775 - Discard: [8C, 4H, 5D, 5H, JC]
2025-01-04 15:56:26,775 - Active Player: 1
2025-01-04 15:56:26,775 - STATE LOG: END
2025-01-04 15:56:26,851 - STATE LOG: BEGIN
2025-01-04 15:56:26,851 - Noah's Hand: [AH, 4C, 4S, 8S]
2025-01-04 15:56:26,851 - Eve's Hand: [5C, 6C, 7C, 8D]
2025-01-04 15:56:26,852 - Boss: Rank: 11 | Suit S | Attack 10 | Health 15
2025-01-04 15:56:26,852 - Tavern: [TD, 4D, 2H, TS, 6H, 3D, 7H, 9C, 9S, TH, 2S, 6D, 3H, 3C, 7D, 6S, 8H, AD, 2D, 7S, 2C, 3S, 9D, AS, 9H, AC]
2025-01-04 15:56:26,852 - Castle: [KC, KH, KD, KS, QC, QD, QH, QS, JH, JD]
2025-01-04 15:56:26,852 - Discard: [8C, 4H, 5D, 5H, JC, TC]
2025-01-04 15:56:26,852 - Active Player: 2
2025-01-04 15:56:26,852 - STATE LOG: END
2025-01-04 15:56:26,900 - STATE LOG: BEGIN
2025-01-04 15:56:26,900 - Noah's Hand: [AH, 4C, 4S, 8S, 9H, 9D, 2C]
2025-01-04 15:56:26,900 - Eve's Hand: [5C, 6C, 7C, AC, AS]
2025-01-04 15:56:26,900 - Boss: Rank: 11 | Suit S | Attack 10 | Health 7
2025-01-04 15:56:26,900 - Tavern: [TD, 4D, 2H, TS, 6H, 3D, 7H, 9C, 9S, TH, 2S, 6D, 3H, 3C, 7D, 6S, 8H, AD, 2D]
2025-01-04 15:56:26,900 - Castle: [KC, KH, KD, KS, QC, QD, QH, QS, JH, JD]
2025-01-04 15:56:26,900 - Discard: [8C, 4H, 5D, 5H, JC, TC, 7S, 3S]
2025-01-04 15:56:26,900 - Active Player: 1
2025-01-04 15:56:26,901 - STATE LOG: END
2025-01-04 15:56:26,954 - STATE LOG: BEGIN
2025-01-04 15:56:26,954 - Noah's Hand: [2C, 4C, 4S, 8S, 9H, 2D, 8H]
2025-01-04 15:56:26,954 - Eve's Hand: [5C, 6C, 7C, AC, AS, AD, 6S]
2025-01-04 15:56:26,954 - Boss: Rank: 11 | Suit D | Attack 10 | Health 20
2025-01-04 15:56:26,954 - Tavern: [7S, 5D, TC, 4H, 8C, JC, 3S, 5H, TD, 4D, 2H, TS, 6H, 3D, 7H, 9C, 9S, TH, 2S, 6D, 3H, 3C, 7D]
2025-01-04 15:56:26,954 - Castle: [KC, KH, KD, KS, QC, QD, QH, QS, JH]
2025-01-04 15:56:26,954 - Discard: [5S, AH, 9D, 8D, JS]
2025-01-04 15:56:26,954 - Active Player: 1
2025-01-04 15:56:26,954 - STATE LOG: END
2025-01-04 15:56:27,015 - STATE LOG: BEGIN
2025-01-04 15:56:27,015 - Noah's Hand: [2C, 2D, 4C, 8H, 8S]
2025-01-04 15:56:27,015 - Eve's Hand: [5C, 6C, 7C, AC, AS, AD, 6S]
2025-01-04 15:56:27,015 - Boss: Rank: 11 | Suit D | Attack 6 | Health 16
2025-01-04 15:56:27,015 - Tavern: [7S, 5D, TC, 4H, 8C, JC, 3S, 5H, TD, 4D, 2H, TS, 6H, 3D, 7H, 9C, 9S, TH, 2S, 6D, 3H, 3C, 7D]
2025-01-04 15:56:27,015 - Castle: [KC, KH, KD, KS, QC, QD, QH, QS, JH]
2025-01-04 15:56:27,015 - Discard: [5S, AH, 9D, 8D, JS, 9H]
2025-01-04 15:56:27,015 - Active Player: 2
2025-01-04 15:56:27,015 - STATE LOG: END
2025-01-04 15:56:27,073 - STATE LOG: BEGIN
2025-01-04 15:56:27,073 - Noah's Hand: [2C, 2D, 4C, 8H, 8S]
2025-01-04 15:56:27,073 - Eve's Hand: [AC, AD, 5C, 6C, 7C]
2025-01-04 15:56:27,073 - Boss: Rank: 11 | Suit D | Attack 0 | Health 9
2025-01-04 15:56:27,073 - Tavern: [7S, 5D, TC, 4H, 8C, JC, 3S, 5H, TD, 4D, 2H, TS, 6H, 3D, 7H, 9C, 9S, TH, 2S, 6D, 3H, 3C, 7D]
2025-01-04 15:56:27,073 - Castle: [KC, KH, KD, KS, QC, QD, QH, QS, JH]
2025-01-04 15:56:27,073 - Discard: [5S, AH, 9D, 8D, JS, 9H]
2025-01-04 15:56:27,073 - Active Player: 1
2025-01-04 15:56:27,073 - STATE LOG: END
2025-01-04 15:56:27,152 - STATE LOG: BEGIN
2025-01-04 15:56:27,152 - Noah's Hand: [2C, 2D, 4C, 8H, 8S]
2025-01-04 15:56:27,152 - Eve's Hand: [AC, AD, 5C, 6C, 7C]
2025-01-04 15:56:27,152 - Boss: Rank: 11 | Suit D | Attack 0 | Health 9
2025-01-04 15:56:27,152 - Tavern: [7S, 5D, TC, 4H, 8C, JC, 3S, 5H, TD, 4D, 2H, TS, 6H, 3D, 7H, 9C, 9S, TH, 2S, 6D, 3H, 3C, 7D]
2025-01-04 15:56:27,152 - Castle: [KC, KH, KD, KS, QC, QD, QH, QS, JH]
2025-01-04 15:56:27,152 - Discard: [5S, AH, 9D, 8D, JS, 9H]
2025-01-04 15:56:27,152 - Active Player: 2
2025-01-04 15:56:27,152 - STATE LOG: END
2025-01-04 15:56:27,205 - STATE LOG: BEGIN
2025-01-04 15:56:27,205 - Noah's Hand: [2C, 2D, 4C, 8H, 8S]
2025-01-04 15:56:27,205 - Eve's Hand: [AD, 6C, 7C]
2025-01-04 15:56:27,205 - Boss: Rank: 11 | Suit H | Attack 10 | Health 20
2025-01-04 15:56:27,205 - Tavern: [7S, 5D, TC, 4H, 8C, JC, 3S, 5H, TD, 4D, 2H, TS, 6H, 3D, 7H, 9C, 9S, TH, 2S, 6D, 3H, 3C, 7D]
2025-01-04 15:56:27,205 - Castle: [KC, KH, KD, KS, QC, QD, QH, QS]
2025-01-04 15:56:27,205 - Discard: [5S, AH, 9D, 8D, JS, 9H, 4S, AS, 6S, AC, 5C, JD]
2025-01-04 15:56:27,205 - Active Player: 2
2025-01-04 15:56:27,205 - STATE LOG: END
2025-01-04 15:56:27,223 - STATE LOG: BEGIN
2025-01-04 15:56:27,223 - Noah's Hand: [2C, 2D, 4C, 8H, 8S, 3C, 6D]
2025-01-04 15:56:27,223 - Eve's Hand: [6C, 7D, 3H, 2S, TH]
2025-01-04 15:56:27,223 - Boss: Rank: 11 | Suit H | Attack 10 | Health 4
2025-01-04 15:56:27,223 - Tavern: [7S, 5D, TC, 4H, 8C, JC, 3S, 5H, TD, 4D, 2H, TS, 6H, 3D, 7H]
2025-01-04 15:56:27,223 - Castle: [KC, KH, KD, KS, QC, QD, QH, QS]
2025-01-04 15:56:27,223 - Discard: [5S, AH, 9D, 8D, JS, 9H, 4S, AS, 6S, AC, 5C, JD, 9C, 9S]
2025-01-04 15:56:27,223 - Active Player: 1
2025-01-04 15:56:27,223 - STATE LOG: END
2025-01-04 15:56:27,286 - STATE LOG: BEGIN
2025-01-04 15:56:27,286 - Noah's Hand: [2C, 2D, 3C, 4C, 6D]
2025-01-04 15:56:27,286 - Eve's Hand: [6C, 7D, 3H, 2S, TH]
2025-01-04 15:56:27,286 - Boss: Rank: 11 | Suit H | Attack 10 | Health 4
2025-01-04 15:56:27,286 - Tavern: [7S, 5D, TC, 4H, 8C, JC, 3S, 5H, TD, 4D, 2H, TS, 6H, 3D, 7H]
2025-01-04 15:56:27,286 - Castle: [KC, KH, KD, KS, QC, QD, QH, QS]
2025-01-04 15:56:27,286 - Discard: [5S, AH, 9D, 8D, JS, 9H, 4S, AS, 6S, AC, 5C, JD, 9C, 9S, 8S, 8H]
2025-01-04 15:56:27,286 - Active Player: 2
2025-01-04 15:56:27,286 - STATE LOG: END
2025-01-04 15:56:27,337 - STATE LOG: BEGIN
2025-01-04 15:56:27,337 - Noah's Hand: [2C, 2D, 3C, 4C, 6D]
2025-01-04 15:56:27,337 - Eve's Hand: [2S, 6C, 7D]
2025-01-04 15:56:27,337 - Boss: Rank: 11 | Suit H | Attack 10 | Health 1
2025-01-04 15:56:27,337 - Tavern: [7S, 5D, TC, 4H, 8C, JC, 3S, 5H, TD, 4D, 2H, TS, 6H, 3D, 7H]
2025-01-04 15:56:27,337 - Castle: [KC, KH, KD, KS, QC, QD, QH, QS]
2025-01-04 15:56:27,337 - Discard: [5S, AH, 9D, 8D, JS, 9H, 4S, AS, 6S, AC, 5C, JD, 9C, 9S, 8S, 8H, TH]
2025-01-04 15:56:27,337 - Active Player: 1
2025-01-04 15:56:27,337 - STATE LOG: END
2025-01-04 15:56:27,390 - STATE LOG: BEGIN
2025-01-04 15:56:27,390 - Noah's Hand: [2C, 2D, 3C, 4C, 7H, 6H, 2H]
2025-01-04 15:56:27,390 - Eve's Hand: [2S, 6C, 7D, 3D, TS, 4D]
2025-01-04 15:56:27,390 - Boss: Rank: 12 | Suit S | Attack 15 | Health 30
2025-01-04 15:56:27,390 - Tavern: [7S, 5D, TC, 4H, 8C, JC, 3S, 5H, TD]
2025-01-04 15:56:27,390 - Castle: [KC, KH, KD, KS, QC, QD, QH]
2025-01-04 15:56:27,390 - Discard: [5S, AH, 9D, 8D, JS, 9H, 4S, AS, 6S, AC, 5C, JD, 9C, 9S, 8S, 8H, TH, 6D, AD, 7C, 3H, JH]
2025-01-04 15:56:27,390 - Active Player: 1
2025-01-04 15:56:27,390 - STATE LOG: END
2025-01-04 15:56:27,473 - STATE LOG: BEGIN
2025-01-04 15:56:27,473 - Noah's Hand: [2C, 2D]
2025-01-04 15:56:27,473 - Eve's Hand: [2S, 6C, 7D, 3D, TS, 4D]
2025-01-04 15:56:27,473 - Boss: Rank: 12 | Suit S | Attack 15 | Health 24
2025-01-04 15:56:27,473 - Tavern: [JH, 9D, 7C, AS, AC, 8H, 7S, 5D, TC, 4H, 8C, JC, 3S, 5H, TD]
2025-01-04 15:56:27,473 - Castle: [KC, KH, KD, KS, QC, QD, QH]
2025-01-04 15:56:27,473 - Discard: [AD, AH, 9S, 5C, 9H, 8D, 6D, TH, 4S, 9C, JS, 3H, 6S, JD, 8S, 5S, 7H, 4C, 3C, 2H]
2025-01-04 15:56:27,473 - Active Player: 2
2025-01-04 15:56:27,473 - STATE LOG: END
2025-01-04 15:56:27,514 - STATE LOG: BEGIN
2025-01-04 15:56:27,514 - Noah's Hand: [2C, 2D, 5H, JC, 8C, 4H, TC]
2025-01-04 15:56:27,514 - Eve's Hand: [2S, 3D, 4D, 6C]
2025-01-04 15:56:27,514 - Boss: Rank: 12 | Suit S | Attack 15 | Health 17
2025-01-04 15:56:27,514 - Tavern: [JH, 9D, 7C, AS, AC, 8H, 7S, 5D]
2025-01-04 15:56:27,514 - Castle: [KC, KH, KD, KS, QC, QD, QH]
2025-01-04 15:56:27,514 - Discard: [AD, AH, 9S, 5C, 9H, 8D, 6D, TH, 4S, 9C, JS, 3H, 6S, JD, 8S, 5S, 7H, 4C, 3C, 2H, 3S, TD, TS]
2025-01-04 15:56:27,514 - Active Player: 1
2025-01-04 15:56:27,514 - STATE LOG: END
2025-01-04 15:56:27,571 - STATE LOG: BEGIN
2025-01-04 15:56:27,571 - Noah's Hand: [4H, 5H, 8C, TC]
2025-01-04 15:56:27,571 - Eve's Hand: [2S, 3D, 4D, 6C, 7S, AC]
2025-01-04 15:56:27,571 - Boss: Rank: 12 | Suit S | Attack 15 | Health 9
2025-01-04 15:56:27,571 - Tavern: [JH, 9D, 7C, AS]
2025-01-04 15:56:27,571 - Castle: [KC, KH, KD, KS, QC, QD, QH]
2025-01-04 15:56:27,571 - Discard: [AD, AH, 9S, 5C, 9H, 8D, 6D, TH, 4S, 9C, JS, 3H, 6S, JD, 8S, 5S, 7H, 4C, 3C, 2H, 3S, TD, TS, 8H, 5D, JC]
2025-01-04 15:56:27,571 - Active Player: 2
2025-01-04 15:56:27,571 - STATE LOG: END
2025-01-04 15:56:27,628 - STATE LOG: BEGIN
2025-01-04 15:56:27,628 - Noah's Hand: [4H, 5H, 8C, TC]
2025-01-04 15:56:27,628 - Eve's Hand: [AC, 3D]
2025-01-04 15:56:27,628 - Boss: Rank: 12 | Suit S | Attack 15 | Health 7
2025-01-04 15:56:27,628 - Tavern: [JH, 9D, 7C, AS]
2025-01-04 15:56:27,628 - Castle: [KC, KH, KD, KS, QC, QD, QH]
2025-01-04 15:56:27,628 - Discard: [AD, AH, 9S, 5C, 9H, 8D, 6D, TH, 4S, 9C, JS, 3H, 6S, JD, 8S, 5S, 7H, 4C, 3C, 2H, 3S, TD, TS, 8H, 5D, JC, 7S, 6C, 4D]
2025-01-04 15:56:27,628 - Active Player: 1
2025-01-04 15:56:27,628 - STATE LOG: END
2025-01-04 15:56:27,655 - STATE LOG: BEGIN
2025-01-04 15:56:27,655 - Noah's Hand: [5H]
2025-01-04 15:56:27,655 - Eve's Hand: [AC, 3D]
2025-01-04 15:56:27,655 - Boss: Rank: 12 | Suit S | Attack 15 | Health 3
2025-01-04 15:56:27,655 - Tavern: [7H, AD, TD, 9S, JH, 9D, 7C, AS]
2025-01-04 15:56:27,655 - Castle: [KC, KH, KD, KS, QC, QD, QH]
2025-01-04 15:56:27,655 - Discard: [5C, JS, 6S, 3S, 2H, 4C, 7S, 5S, TH, 3C, 8H, 9C, 4S, 6D, 9H, 4D, AH, 8D, TS, 8S, 6C, JC, 5D, 3H, JD, TC, 8C]
2025-01-04 15:56:27,655 - Active Player: 2
2025-01-04 15:56:27,655 - STATE LOG: END
2025-01-04 15:56:27,664 - STATE LOG: BEGIN
2025-01-04 15:56:27,664 - Noah's Hand: [5H, 7C]
2025-01-04 15:56:27,664 - Eve's Hand: [AC, AS, 9D]
2025-01-04 15:56:27,664 - Boss: Rank: 12 | Suit H | Attack 15 | Health 30
2025-01-04 15:56:27,664 - Tavern: [7H, AD, TD, 9S, JH]
2025-01-04 15:56:27,664 - Castle: [KC, KH, KD, KS, QC, QD]
2025-01-04 15:56:27,664 - Discard: [5C, JS, 6S, 3S, 2H, 4C, 7S, 5S, TH, 3C, 8H, 9C, 4S, 6D, 9H, 4D, AH, 8D, TS, 8S, 6C, JC, 5D, 3H, JD, TC, 8C, 6H, 2C, 2D, 4H, 7D, 2S, 3D]
2025-01-04 15:56:27,664 - Active Player: 2
2025-01-04 15:56:27,664 - STATE LOG: END
2025-01-04 15:56:27,674 - STATE LOG: BEGIN
2025-01-04 15:56:27,674 - Noah's Hand: [5H, 7C, JH, TD, 7H]
2025-01-04 15:56:27,674 - Eve's Hand: [AS]
2025-01-04 15:56:27,674 - Boss: Rank: 12 | Suit H | Attack 15 | Health 10
2025-01-04 15:56:27,674 - Tavern: []
2025-01-04 15:56:27,674 - Castle: [KC, KH, KD, KS, QC, QD]
2025-01-04 15:56:27,674 - Discard: [5C, JS, 6S, 3S, 2H, 4C, 7S, 5S, TH, 3C, 8H, 9C, 4S, 6D, 9H, 4D, AH, 8D, TS, 8S, 6C, JC, 5D, 3H, JD, TC, 8C, 6H, 2C, 2D, 4H, 7D, 2S, 3D, AD, 9S, QS]
2025-01-04 15:56:27,674 - Active Player: 1
2025-01-04 15:56:27,674 - STATE LOG: END
2025-01-04 15:56:27,715 - STATE LOG: BEGIN
2025-01-04 15:56:27,715 - Noah's Hand: [5H, 7C]
2025-01-04 15:56:27,715 - Eve's Hand: [AS]
2025-01-04 15:56:27,715 - Boss: Rank: 12 | Suit H | Attack 15 | Health 3
2025-01-04 15:56:27,715 - Tavern: []
2025-01-04 15:56:27,715 - Castle: [KC, KH, KD, KS, QC, QD]
2025-01-04 15:56:27,715 - Discard: [5C, JS, 6S, 3S, 2H, 4C, 7S, 5S, TH, 3C, 8H, 9C, 4S, 6D, 9H, 4D, AH, 8D, TS, 8S, 6C, JC, 5D, 3H, JD, TC, 8C, 6H, 2C, 2D, 4H, 7D, 2S, 3D, AD, 9S, QS, JH, TD]
2025-01-04 15:56:27,715 - Active Player: 2
2025-01-04 15:56:27,715 - STATE LOG: END
2025-01-04 15:56:27,718 - STATE LOG: BEGIN
2025-01-04 15:56:27,718 - Noah's Hand: [5H, 7C]
2025-01-04 15:56:27,718 - Eve's Hand: [AS]
2025-01-04 15:56:27,718 - Boss: Rank: 12 | Suit H | Attack 15 | Health 3
2025-01-04 15:56:27,718 - Tavern: []
2025-01-04 15:56:27,718 - Castle: [KC, KH, KD, KS, QC, QD]
2025-01-04 15:56:27,718 - Discard: [5C, JS, 6S, 3S, 2H, 4C, 7S, 5S, TH, 3C, 8H, 9C, 4S, 6D, 9H, 4D, AH, 8D, TS, 8S, 6C, JC, 5D, 3H, JD, TC, 8C, 6H, 2C, 2D, 4H, 7D, 2S, 3D, AD, 9S, QS, JH, TD]
2025-01-04 15:56:27,718 - Active Player: 1
2025-01-04 15:56:27,718 - STATE LOG: END
