2025-01-04 14:20:10,324 - I log states! :D
2025-01-04 14:20:10,324 - STATE LOG: BEGIN
2025-01-04 14:20:10,324 - Noah's Hand: [8C, 7H, 2C, 6S, 4H, 5H, 2D]
2025-01-04 14:20:10,324 - Eve's Hand: [AC, 3C, 9S, 3H, 4D, 7S, AS]
2025-01-04 14:20:10,324 - Boss: Rank: 11 | Suit D | Attack 10 | Health 20
2025-01-04 14:20:10,324 - Tavern: [2S, 5S, 5D, 4C, TH, TS, 8D, 9H, 8S, 5C, TD, AD, TC, 6H, AH, 6C, 8H, 7C, 9D, 6D, 4S, 7D, 3S, 9C, 2H, 3D]
2025-01-04 14:20:10,324 - Castle: [KS, KC, KH, KD, QH, QD, QC, QS, JC, JH, JS]
2025-01-04 14:20:10,325 - Discard: []
2025-01-04 14:20:10,325 - Active Player: 1
2025-01-04 14:20:10,325 - STATE LOG: END
2025-01-04 14:20:11,450 - STATE LOG: BEGIN
2025-01-04 14:20:11,451 - Noah's Hand: [2C, 2D, 4H, 5H, 7H]
2025-01-04 14:20:11,451 - Eve's Hand: [AC, 3C, 9S, 3H, 4D, 7S, AS]
2025-01-04 14:20:11,451 - Boss: Rank: 11 | Suit D | Attack 4 | Health 14
2025-01-04 14:20:11,451 - Tavern: [2S, 5S, 5D, 4C, TH, TS, 8D, 9H, 8S, 5C, TD, AD, TC, 6H, AH, 6C, 8H, 7C, 9D, 6D, 4S, 7D, 3S, 9C, 2H, 3D]
2025-01-04 14:20:11,451 - Castle: [KS, KC, KH, KD, QH, QD, QC, QS, JC, JH, JS]
2025-01-04 14:20:11,451 - Discard: [8C]
2025-01-04 14:20:11,451 - Active Player: 2
2025-01-04 14:20:11,451 - STATE LOG: END
2025-01-04 14:20:12,593 - STATE LOG: BEGIN
2025-01-04 14:20:12,594 - Noah's Hand: [2C, 2D, 4H, 5H, 7H]
2025-01-04 14:20:12,594 - Eve's Hand: [AS, 3C, 3H, 4D, 7S]
2025-01-04 14:20:12,594 - Boss: Rank: 11 | Suit S | Attack 10 | Health 20
2025-01-04 14:20:12,594 - Tavern: [2S, 5S, 5D, 4C, TH, TS, 8D, 9H, 8S, 5C, TD, AD, TC, 6H, AH, 6C, 8H, 7C, 9D, 6D, 4S, 7D, 3S, 9C, 2H, 3D]
2025-01-04 14:20:12,594 - Castle: [KS, KC, KH, KD, QH, QD, QC, QS, JC, JH]
2025-01-04 14:20:12,594 - Discard: [8C, 6S, AC, 9S, JD]
2025-01-04 14:20:12,594 - Active Player: 2
2025-01-04 14:20:12,594 - STATE LOG: END
2025-01-04 14:20:12,966 - STATE LOG: BEGIN
2025-01-04 14:20:12,967 - Noah's Hand: [2C, 2D, 4H, 5H, 7H, 2H, 3S]
2025-01-04 14:20:12,967 - Eve's Hand: [3C, 3H, 7S, 3D]
2025-01-04 14:20:12,967 - Boss: Rank: 11 | Suit S | Attack 10 | Health 15
2025-01-04 14:20:12,967 - Tavern: [2S, 5S, 5D, 4C, TH, TS, 8D, 9H, 8S, 5C, TD, AD, TC, 6H, AH, 6C, 8H, 7C, 9D, 6D, 4S]
2025-01-04 14:20:12,967 - Castle: [KS, KC, KH, KD, QH, QD, QC, QS, JC, JH]
2025-01-04 14:20:12,967 - Discard: [8C, 6S, AC, 9S, JD, 7D, 9C]
2025-01-04 14:20:12,967 - Active Player: 1
2025-01-04 14:20:12,967 - STATE LOG: END
2025-01-04 14:20:14,357 - STATE LOG: BEGIN
2025-01-04 14:20:14,357 - Noah's Hand: [3S, 4H, 5H, 7H, 4S]
2025-01-04 14:20:14,357 - Eve's Hand: [3C, 3H, 7S, 3D, 6D, 7C, 6C]
2025-01-04 14:20:14,357 - Boss: Rank: 11 | Suit S | Attack 10 | Health 3
2025-01-04 14:20:14,357 - Tavern: [9S, JD, 6S, AC, 8C, 9C, 2S, 5S, 5D, 4C, TH, TS, 8D, 9H, 8S, 5C, TD, AD, TC, 6H, AH]
2025-01-04 14:20:14,357 - Castle: [KS, KC, KH, KD, QH, QD, QC, QS, JC, JH]
2025-01-04 14:20:14,357 - Discard: [7D, 8H, 9D]
2025-01-04 14:20:14,357 - Active Player: 2
2025-01-04 14:20:14,357 - STATE LOG: END
2025-01-04 14:20:16,032 - STATE LOG: BEGIN
2025-01-04 14:20:16,033 - Noah's Hand: [3S, 4H, 5H, 7H, 4S, 6H, AD]
2025-01-04 14:20:16,033 - Eve's Hand: [6C, 6D, 7C, 7S, AH, TC, TD]
2025-01-04 14:20:16,033 - Boss: Rank: 11 | Suit H | Attack 10 | Health 20
2025-01-04 14:20:16,033 - Tavern: [7D, 9D, 8H, 9S, JD, 6S, AC, 8C, 9C, 2S, 5S, 5D, 4C, TH, TS, 8D, 9H, 8S, 5C]
2025-01-04 14:20:16,033 - Castle: [KS, KC, KH, KD, QH, QD, QC, QS, JC]
2025-01-04 14:20:16,033 - Discard: [2C, 2D, 2H, AS, 4D, 3C, 3D, 3H, JS]
2025-01-04 14:20:16,033 - Active Player: 2
2025-01-04 14:20:16,033 - STATE LOG: END
2025-01-04 14:20:17,696 - STATE LOG: BEGIN
2025-01-04 14:20:17,696 - Noah's Hand: [3S, 4H, 5H, 7H, 4S, 6H, AD]
2025-01-04 14:20:17,696 - Eve's Hand: [AH, 6C, 6D, 7C, 7S, TC]
2025-01-04 14:20:17,696 - Boss: Rank: 11 | Suit H | Attack 10 | Health 20
2025-01-04 14:20:17,696 - Tavern: [7D, 9D, 8H, 9S, JD, 6S, AC, 8C, 9C, 2S, 5S, 5D, 4C, TH, TS, 8D, 9H, 8S, 5C]
2025-01-04 14:20:17,696 - Castle: [KS, KC, KH, KD, QH, QD, QC, QS, JC]
2025-01-04 14:20:17,696 - Discard: [2C, 2D, 2H, AS, 4D, 3C, 3D, 3H, JS, TD]
2025-01-04 14:20:17,696 - Active Player: 1
2025-01-04 14:20:17,696 - STATE LOG: END
2025-01-04 14:20:19,241 - STATE LOG: BEGIN
2025-01-04 14:20:19,242 - Noah's Hand: [AD, 4H, 4S, 5H, 6H]
2025-01-04 14:20:19,242 - Eve's Hand: [AH, 6C, 6D, 7C, 7S, TC]
2025-01-04 14:20:19,242 - Boss: Rank: 11 | Suit H | Attack 7 | Health 17
2025-01-04 14:20:19,242 - Tavern: [7D, 9D, 8H, 9S, JD, 6S, AC, 8C, 9C, 2S, 5S, 5D, 4C, TH, TS, 8D, 9H, 8S, 5C]
2025-01-04 14:20:19,242 - Castle: [KS, KC, KH, KD, QH, QD, QC, QS, JC]
2025-01-04 14:20:19,242 - Discard: [2C, 2D, 2H, AS, 4D, 3C, 3D, 3H, JS, TD, 7H]
2025-01-04 14:20:19,242 - Active Player: 2
2025-01-04 14:20:19,242 - STATE LOG: END
2025-01-04 14:20:20,739 - STATE LOG: BEGIN
2025-01-04 14:20:20,739 - Noah's Hand: [AD, 4H, 4S, 5H, 6H]
2025-01-04 14:20:20,739 - Eve's Hand: [AH, 6C, 6D, 7C, 7S]
2025-01-04 14:20:20,739 - Boss: Rank: 11 | Suit H | Attack 7 | Health 17
2025-01-04 14:20:20,739 - Tavern: [7D, 9D, 8H, 9S, JD, 6S, AC, 8C, 9C, 2S, 5S, 5D, 4C, TH, TS, 8D, 9H, 8S, 5C]
2025-01-04 14:20:20,739 - Castle: [KS, KC, KH, KD, QH, QD, QC, QS, JC]
2025-01-04 14:20:20,739 - Discard: [2C, 2D, 2H, AS, 4D, 3C, 3D, 3H, JS, TD, 7H, TC]
2025-01-04 14:20:20,739 - Active Player: 1
2025-01-04 14:20:20,739 - STATE LOG: END
2025-01-04 14:20:22,204 - STATE LOG: BEGIN
2025-01-04 14:20:22,204 - Noah's Hand: [4H, 4S, 6H, 5C, 9H, TS]
2025-01-04 14:20:22,204 - Eve's Hand: [AH, 6C, 6D, 7C, 7S, 8S, 8D]
2025-01-04 14:20:22,204 - Boss: Rank: 11 | Suit H | Attack 7 | Health 11
2025-01-04 14:20:22,204 - Tavern: [7D, 9D, 8H, 9S, JD, 6S, AC, 8C, 9C, 2S, 5S, 5D, 4C]
2025-01-04 14:20:22,204 - Castle: [KS, KC, KH, KD, QH, QD, QC, QS, JC]
2025-01-04 14:20:22,204 - Discard: [2C, 2D, 2H, AS, 4D, 3C, 3D, 3H, JS, TD, 7H, TC, TH]
2025-01-04 14:20:22,204 - Active Player: 2
2025-01-04 14:20:22,204 - STATE LOG: END
2025-01-04 14:20:23,745 - STATE LOG: BEGIN
2025-01-04 14:20:23,745 - Noah's Hand: [4H, 4S, 6H, 5C, 9H, TS]
2025-01-04 14:20:23,745 - Eve's Hand: [AH, 6D, 7C, 7S, 8D, 8S]
2025-01-04 14:20:23,745 - Boss: Rank: 11 | Suit C | Attack 10 | Health 20
2025-01-04 14:20:23,745 - Tavern: [7D, 9D, 8H, 9S, JD, 6S, AC, 8C, 9C, 2S, 5S, 5D, 4C]
2025-01-04 14:20:23,745 - Castle: [KS, KC, KH, KD, QH, QD, QC, QS]
2025-01-04 14:20:23,745 - Discard: [2C, 2D, 2H, AS, 4D, 3C, 3D, 3H, JS, TD, 7H, TC, TH, 3S, AD, 5H, 6C, JH]
2025-01-04 14:20:23,745 - Active Player: 2
2025-01-04 14:20:23,745 - STATE LOG: END
2025-01-04 14:20:25,207 - STATE LOG: BEGIN
2025-01-04 14:20:25,207 - Noah's Hand: [4H, 4S, 6H, 5C, 9H, TS]
2025-01-04 14:20:25,207 - Eve's Hand: [AH, 6D, 7C, 8D]
2025-01-04 14:20:25,207 - Boss: Rank: 11 | Suit C | Attack 3 | Health 13
2025-01-04 14:20:25,207 - Tavern: [7D, 9D, 8H, 9S, JD, 6S, AC, 8C, 9C, 2S, 5S, 5D, 4C]
2025-01-04 14:20:25,207 - Castle: [KS, KC, KH, KD, QH, QD, QC, QS]
2025-01-04 14:20:25,207 - Discard: [2C, 2D, 2H, AS, 4D, 3C, 3D, 3H, JS, TD, 7H, TC, TH, 3S, AD, 5H, 6C, JH, 8S]
2025-01-04 14:20:25,207 - Active Player: 1
2025-01-04 14:20:25,207 - STATE LOG: END
2025-01-04 14:20:26,708 - STATE LOG: BEGIN
2025-01-04 14:20:26,709 - Noah's Hand: [4H, 4S, 5C, 9H]
2025-01-04 14:20:26,709 - Eve's Hand: [AH, 6D, 7C, 8D]
2025-01-04 14:20:26,709 - Boss: Rank: 11 | Suit C | Attack 3 | Health 7
2025-01-04 14:20:26,709 - Tavern: [4D, 2H, 3C, 3H, TH, 2C, 7D, 9D, 8H, 9S, JD, 6S, AC, 8C, 9C, 2S, 5S, 5D, 4C]
2025-01-04 14:20:26,709 - Castle: [KS, KC, KH, KD, QH, QD, QC, QS]
2025-01-04 14:20:26,709 - Discard: [6C, 7H, AS, 2D, 3S, JH, 5H, 8S, 3D, TD, TC, AD, JS, TS]
2025-01-04 14:20:26,709 - Active Player: 2
2025-01-04 14:20:26,709 - STATE LOG: END
2025-01-04 14:20:27,854 - STATE LOG: BEGIN
2025-01-04 14:20:27,854 - Noah's Hand: [4H, 4S, 5C, 9H, 5D, 2S, 8C]
2025-01-04 14:20:27,854 - Eve's Hand: [6D, 7C, 4C, 5S, 9C, AC, 6S]
2025-01-04 14:20:27,854 - Boss: Rank: 12 | Suit S | Attack 15 | Health 30
2025-01-04 14:20:27,854 - Tavern: [JS, JH, 3S, 7H, AS, TC, 8S, 2D, AD, 4D, 2H, 3C, 3H, TH, 2C, 7D, 9D, 8H, 9S, JD]
2025-01-04 14:20:27,854 - Castle: [KS, KC, KH, KD, QH, QD, QC]
2025-01-04 14:20:27,854 - Discard: [5H, 6C, TD, TS, 3D, 6H, 7S, AH, 8D, JC]
2025-01-04 14:20:27,854 - Active Player: 2
2025-01-04 14:20:27,854 - STATE LOG: END
2025-01-04 14:20:29,368 - STATE LOG: BEGIN
2025-01-04 14:20:29,368 - Noah's Hand: [4H, 4S, 5C, 9H, 5D, 2S, 8C]
2025-01-04 14:20:29,368 - Eve's Hand: [4C, 5S, 6S, 7C, 9C]
2025-01-04 14:20:29,368 - Boss: Rank: 12 | Suit S | Attack 15 | Health 16
2025-01-04 14:20:29,368 - Tavern: [JS, JH, 3S, 7H, AS, TC, 8S, 2D, AD, 4D, 2H, 3C, 3H, TH, 2C, 7D, 9D, 8H]
2025-01-04 14:20:29,368 - Castle: [KS, KC, KH, KD, QH, QD, QC]
2025-01-04 14:20:29,368 - Discard: [5H, 6C, TD, TS, 3D, 6H, 7S, AH, 8D, JC, 9S, JD]
2025-01-04 14:20:29,368 - Active Player: 1
2025-01-04 14:20:29,368 - STATE LOG: END
2025-01-04 14:20:30,664 - STATE LOG: BEGIN
2025-01-04 14:20:30,664 - Noah's Hand: [2S, 4H, 4S, 8C, 9H, 8H, 7D]
2025-01-04 14:20:30,664 - Eve's Hand: [4C, 5S, 6S, 7C, 9C, 9D, 2C]
2025-01-04 14:20:30,664 - Boss: Rank: 12 | Suit C | Attack 15 | Health 30
2025-01-04 14:20:30,665 - Tavern: [JS, JH, 3S, 7H, AS, TC, 8S, 2D, AD, 4D, 2H, 3C, 3H, TH]
2025-01-04 14:20:30,665 - Castle: [KS, KC, KH, KD, QH, QD]
2025-01-04 14:20:30,665 - Discard: [5H, 6C, TD, TS, 3D, 6H, 7S, AH, 8D, JC, 9S, JD, 5C, 5D, AC, 6D, QS]
2025-01-04 14:20:30,665 - Active Player: 1
2025-01-04 14:20:30,665 - STATE LOG: END
2025-01-04 14:20:32,119 - STATE LOG: BEGIN
2025-01-04 14:20:32,119 - Noah's Hand: [2S, 7D, 8C, 8H]
2025-01-04 14:20:32,119 - Eve's Hand: [4C, 5S, 6S, 7C, 9C, 9D, 2C]
2025-01-04 14:20:32,119 - Boss: Rank: 12 | Suit C | Attack 7 | Health 22
2025-01-04 14:20:32,119 - Tavern: [9S, 6H, QS, 8D, AH, TD, 5D, 5C, JS, JH, 3S, 7H, AS, TC, 8S, 2D, AD, 4D, 2H, 3C, 3H, TH]
2025-01-04 14:20:32,119 - Castle: [KS, KC, KH, KD, QH, QD]
2025-01-04 14:20:32,119 - Discard: [6D, JC, 7S, JD, 3D, 5H, TS, AC, 6C, 9H]
2025-01-04 14:20:32,119 - Active Player: 2
2025-01-04 14:20:32,119 - STATE LOG: END
2025-01-04 14:20:33,410 - STATE LOG: BEGIN
2025-01-04 14:20:33,411 - Noah's Hand: [2S, 7D, 8C, 8H]
2025-01-04 14:20:33,411 - Eve's Hand: [2C, 4C, 6S, 7C, 9C]
2025-01-04 14:20:33,411 - Boss: Rank: 12 | Suit C | Attack 2 | Health 17
2025-01-04 14:20:33,411 - Tavern: [9S, 6H, QS, 8D, AH, TD, 5D, 5C, JS, JH, 3S, 7H, AS, TC, 8S, 2D, AD, 4D, 2H, 3C, 3H, TH]
2025-01-04 14:20:33,411 - Castle: [KS, KC, KH, KD, QH, QD]
2025-01-04 14:20:33,411 - Discard: [6D, JC, 7S, JD, 3D, 5H, TS, AC, 6C, 9H, 9D]
2025-01-04 14:20:33,411 - Active Player: 1
2025-01-04 14:20:33,411 - STATE LOG: END
2025-01-04 14:20:33,974 - STATE LOG: BEGIN
2025-01-04 14:20:33,975 - Noah's Hand: [2S, 7D, 8C]
2025-01-04 14:20:33,975 - Eve's Hand: [2C, 4C, 6S, 7C, 9C]
2025-01-04 14:20:33,975 - Boss: Rank: 12 | Suit C | Attack 2 | Health 17
2025-01-04 14:20:33,975 - Tavern: [9S, 6H, QS, 8D, AH, TD, 5D, 5C, JS, JH, 3S, 7H, AS, TC, 8S, 2D, AD, 4D, 2H, 3C, 3H, TH]
2025-01-04 14:20:33,975 - Castle: [KS, KC, KH, KD, QH, QD]
2025-01-04 14:20:33,975 - Discard: [6D, JC, 7S, JD, 3D, 5H, TS, AC, 6C, 9H, 9D, 8H]
2025-01-04 14:20:33,975 - Active Player: 2
2025-01-04 14:20:33,975 - STATE LOG: END
2025-01-04 14:20:34,672 - STATE LOG: BEGIN
2025-01-04 14:20:34,672 - Noah's Hand: [2S, 7D, 8C]
2025-01-04 14:20:34,672 - Eve's Hand: [2C, 6S, 7C]
2025-01-04 14:20:34,672 - Boss: Rank: 12 | Suit C | Attack 2 | Health 13
2025-01-04 14:20:34,672 - Tavern: [9S, 6H, QS, 8D, AH, TD, 5D, 5C, JS, JH, 3S, 7H, AS, TC, 8S, 2D, AD, 4D, 2H, 3C, 3H, TH]
2025-01-04 14:20:34,672 - Castle: [KS, KC, KH, KD, QH, QD]
2025-01-04 14:20:34,672 - Discard: [6D, JC, 7S, JD, 3D, 5H, TS, AC, 6C, 9H, 9D, 8H, 9C]
2025-01-04 14:20:34,672 - Active Player: 1
2025-01-04 14:20:34,672 - STATE LOG: END
2025-01-04 14:20:35,042 - STATE LOG: BEGIN
2025-01-04 14:20:35,042 - Noah's Hand: [2S, 8C, TH, 3C, 4D]
2025-01-04 14:20:35,042 - Eve's Hand: [2C, 6S, 7C, 3H, 2H, AD]
2025-01-04 14:20:35,042 - Boss: Rank: 12 | Suit C | Attack 2 | Health 6
2025-01-04 14:20:35,042 - Tavern: [9S, 6H, QS, 8D, AH, TD, 5D, 5C, JS, JH, 3S, 7H, AS, TC, 8S]
2025-01-04 14:20:35,042 - Castle: [KS, KC, KH, KD, QH, QD]
2025-01-04 14:20:35,042 - Discard: [6D, JC, 7S, JD, 3D, 5H, TS, AC, 6C, 9H, 9D, 8H, 9C, 2D]
2025-01-04 14:20:35,042 - Active Player: 2
2025-01-04 14:20:35,042 - STATE LOG: END
2025-01-04 14:20:36,011 - STATE LOG: BEGIN
2025-01-04 14:20:36,011 - Noah's Hand: [2S, 8C, TH, 3C, 4D]
2025-01-04 14:20:36,011 - Eve's Hand: [AD, 2C, 2H, 3H, 6S]
2025-01-04 14:20:36,011 - Boss: Rank: 12 | Suit C | Attack 2 | Health 6
2025-01-04 14:20:36,011 - Tavern: [9S, 6H, QS, 8D, AH, TD, 5D, 5C, JS, JH, 3S, 7H, AS, TC, 8S]
2025-01-04 14:20:36,011 - Castle: [KS, KC, KH, KD, QH, QD]
2025-01-04 14:20:36,011 - Discard: [6D, JC, 7S, JD, 3D, 5H, TS, AC, 6C, 9H, 9D, 8H, 9C, 2D, 7C]
2025-01-04 14:20:36,012 - Active Player: 1
2025-01-04 14:20:36,012 - STATE LOG: END
2025-01-04 14:20:36,401 - STATE LOG: BEGIN
2025-01-04 14:20:36,401 - Noah's Hand: [3C, 4D, 8C, TH]
2025-01-04 14:20:36,401 - Eve's Hand: [AD, 2C, 2H, 3H, 6S]
2025-01-04 14:20:36,401 - Boss: Rank: 12 | Suit C | Attack 0 | Health 4
2025-01-04 14:20:36,401 - Tavern: [9S, 6H, QS, 8D, AH, TD, 5D, 5C, JS, JH, 3S, 7H, AS, TC, 8S]
2025-01-04 14:20:36,401 - Castle: [KS, KC, KH, KD, QH, QD]
2025-01-04 14:20:36,401 - Discard: [6D, JC, 7S, JD, 3D, 5H, TS, AC, 6C, 9H, 9D, 8H, 9C, 2D, 7C]
2025-01-04 14:20:36,401 - Active Player: 2
2025-01-04 14:20:36,401 - STATE LOG: END
2025-01-04 14:20:37,105 - STATE LOG: BEGIN
2025-01-04 14:20:37,105 - Noah's Hand: [3C, 4D, 8C, TH, TC, 7H, JH]
2025-01-04 14:20:37,105 - Eve's Hand: [2C, 2H, 3H, 8S, AS, 3S, JS]
2025-01-04 14:20:37,105 - Boss: Rank: 12 | Suit D | Attack 15 | Health 30
2025-01-04 14:20:37,105 - Tavern: [9S, 6H, QS, 8D, AH, TD, 5D, 5C]
2025-01-04 14:20:37,105 - Castle: [KS, KC, KH, KD, QH]
2025-01-04 14:20:37,105 - Discard: [6D, JC, 7S, JD, 3D, 5H, TS, AC, 6C, 9H, 9D, 8H, 9C, 2D, 7C, 4H, 4S, 7D, 2S, 5S, 4C, AD, 6S, QC]
2025-01-04 14:20:37,105 - Active Player: 2
2025-01-04 14:20:37,105 - STATE LOG: END
2025-01-04 14:20:38,519 - STATE LOG: BEGIN
2025-01-04 14:20:38,519 - Noah's Hand: [3C, 4D, 8C, TH, TC, 7H, JH]
2025-01-04 14:20:38,519 - Eve's Hand: [AS, 2C, 2H, 3H, 3S]
2025-01-04 14:20:38,519 - Boss: Rank: 12 | Suit D | Attack 4 | Health 19
2025-01-04 14:20:38,519 - Tavern: [9S, 6H, QS, 8D, AH, TD, 5D, 5C]
2025-01-04 14:20:38,519 - Castle: [KS, KC, KH, KD, QH]
2025-01-04 14:20:38,519 - Discard: [6D, JC, 7S, JD, 3D, 5H, TS, AC, 6C, 9H, 9D, 8H, 9C, 2D, 7C, 4H, 4S, 7D, 2S, 5S, 4C, AD, 6S, QC, 8S]
2025-01-04 14:20:38,519 - Active Player: 1
2025-01-04 14:20:38,519 - STATE LOG: END
2025-01-04 14:20:39,918 - STATE LOG: BEGIN
2025-01-04 14:20:39,918 - Noah's Hand: [4D, 7H, 8C, TC, TH]
2025-01-04 14:20:39,918 - Eve's Hand: [AS, 2C, 2H, 3H, 3S]
2025-01-04 14:20:39,918 - Boss: Rank: 12 | Suit D | Attack 4 | Health 13
2025-01-04 14:20:39,918 - Tavern: [9S, 6H, QS, 8D, AH, TD, 5D, 5C]
2025-01-04 14:20:39,918 - Castle: [KS, KC, KH, KD, QH]
2025-01-04 14:20:39,918 - Discard: [6D, JC, 7S, JD, 3D, 5H, TS, AC, 6C, 9H, 9D, 8H, 9C, 2D, 7C, 4H, 4S, 7D, 2S, 5S, 4C, AD, 6S, QC, 8S, JH]
2025-01-04 14:20:39,918 - Active Player: 2
2025-01-04 14:20:39,918 - STATE LOG: END
2025-01-04 14:20:41,172 - STATE LOG: BEGIN
2025-01-04 14:20:41,172 - Noah's Hand: [4D, 7H, 8C, TC, TH]
2025-01-04 14:20:41,173 - Eve's Hand: [AS, 2C, 2H]
2025-01-04 14:20:41,173 - Boss: Rank: 12 | Suit D | Attack 0 | Health 7
2025-01-04 14:20:41,173 - Tavern: [TS, 8S, 4S, 5S, AD, 7S, 9S, 6H, QS, 8D, AH, TD, 5D, 5C]
2025-01-04 14:20:41,173 - Castle: [KS, KC, KH, KD, QH]
2025-01-04 14:20:41,173 - Discard: [6D, 8H, AC, 6S, 9D, QC, JH, 4C, 7D, 4H, 6C, 7C, 9C, 3D, JD, 2D, JC, 9H, 2S, 5H]
2025-01-04 14:20:41,173 - Active Player: 1
2025-01-04 14:20:41,173 - STATE LOG: END
2025-01-04 14:20:41,694 - STATE LOG: BEGIN
2025-01-04 14:20:41,694 - Noah's Hand: [4D, 7H, 8C, TC, TH]
2025-01-04 14:20:41,694 - Eve's Hand: [AS, 2C, 2H]
2025-01-04 14:20:41,694 - Boss: Rank: 12 | Suit D | Attack 0 | Health 7
2025-01-04 14:20:41,694 - Tavern: [TS, 8S, 4S, 5S, AD, 7S, 9S, 6H, QS, 8D, AH, TD, 5D, 5C]
2025-01-04 14:20:41,694 - Castle: [KS, KC, KH, KD, QH]
2025-01-04 14:20:41,694 - Discard: [6D, 8H, AC, 6S, 9D, QC, JH, 4C, 7D, 4H, 6C, 7C, 9C, 3D, JD, 2D, JC, 9H, 2S, 5H]
2025-01-04 14:20:41,694 - Active Player: 2
2025-01-04 14:20:41,694 - STATE LOG: END
2025-01-04 14:20:42,252 - STATE LOG: BEGIN
2025-01-04 14:20:42,252 - Noah's Hand: [4D, 7H, 8C, TC, TH]
2025-01-04 14:20:42,252 - Eve's Hand: [AS, 2H]
2025-01-04 14:20:42,252 - Boss: Rank: 12 | Suit D | Attack 0 | Health 3
2025-01-04 14:20:42,252 - Tavern: [TS, 8S, 4S, 5S, AD, 7S, 9S, 6H, QS, 8D, AH, TD, 5D, 5C]
2025-01-04 14:20:42,252 - Castle: [KS, KC, KH, KD, QH]
2025-01-04 14:20:42,252 - Discard: [6D, 8H, AC, 6S, 9D, QC, JH, 4C, 7D, 4H, 6C, 7C, 9C, 3D, JD, 2D, JC, 9H, 2S, 5H]
2025-01-04 14:20:42,252 - Active Player: 1
2025-01-04 14:20:42,252 - STATE LOG: END
2025-01-04 14:20:42,566 - STATE LOG: BEGIN
2025-01-04 14:20:42,566 - Noah's Hand: [4D, 7H, 8C, TC, TH]
2025-01-04 14:20:42,566 - Eve's Hand: [AS, 2H]
2025-01-04 14:20:42,566 - Boss: Rank: 12 | Suit D | Attack 0 | Health 3
2025-01-04 14:20:42,566 - Tavern: [TS, 8S, 4S, 5S, AD, 7S, 9S, 6H, QS, 8D, AH, TD, 5D, 5C]
2025-01-04 14:20:42,566 - Castle: [KS, KC, KH, KD, QH]
2025-01-04 14:20:42,566 - Discard: [6D, 8H, AC, 6S, 9D, QC, JH, 4C, 7D, 4H, 6C, 7C, 9C, 3D, JD, 2D, JC, 9H, 2S, 5H]
2025-01-04 14:20:42,566 - Active Player: 2
2025-01-04 14:20:42,566 - STATE LOG: END
2025-01-04 14:20:42,806 - STATE LOG: BEGIN
2025-01-04 14:20:42,806 - Noah's Hand: [4D, 7H, 8C, TC, TH]
2025-01-04 14:20:42,806 - Eve's Hand: [AS]
2025-01-04 14:20:42,806 - Boss: Rank: 12 | Suit D | Attack 0 | Health 1
2025-01-04 14:20:42,806 - Tavern: [5H, 6D, TS, 8S, 4S, 5S, AD, 7S, 9S, 6H, QS, 8D, AH, TD, 5D, 5C]
2025-01-04 14:20:42,806 - Castle: [KS, KC, KH, KD, QH]
2025-01-04 14:20:42,806 - Discard: [9D, 4C, JH, 6C, 3D, 7D, 8H, 9H, 7C, QC, 2S, 2D, 4H, AC, 9C, JD, 6S, JC]
2025-01-04 14:20:42,806 - Active Player: 1
2025-01-04 14:20:42,806 - STATE LOG: END
2025-01-04 14:20:42,989 - STATE LOG: BEGIN
2025-01-04 14:20:42,989 - Noah's Hand: [4D, 7H, 8C, TC]
2025-01-04 14:20:42,989 - Eve's Hand: [AS]
2025-01-04 14:20:42,989 - Boss: Rank: 12 | Suit H | Attack 15 | Health 30
2025-01-04 14:20:42,989 - Tavern: [9D, 9C, 2S, JD, JC, AC, 4C, QC, 2D, JH, 5H, 6D, TS, 8S, 4S, 5S, AD, 7S, 9S, 6H, QS, 8D, AH, TD, 5D, 5C]
2025-01-04 14:20:42,989 - Castle: [KS, KC, KH, KD]
2025-01-04 14:20:42,989 - Discard: [7C, 7D, 9H, 3D, 6C, 8H, 6S, 4H, 3C, TH, JS, 3H, 3S, 2C, 2H, QD]
2025-01-04 14:20:42,989 - Active Player: 1
2025-01-04 14:20:42,989 - STATE LOG: END
2025-01-04 14:20:43,044 - STATE LOG: BEGIN
2025-01-04 14:20:43,044 - Noah's Hand: [7H, 8C, TC]
2025-01-04 14:20:43,044 - Eve's Hand: [AS, 5D, AH]
2025-01-04 14:20:43,044 - Boss: Rank: 12 | Suit H | Attack 15 | Health 26
2025-01-04 14:20:43,044 - Tavern: [9D, 9C, 2S, JD, JC, AC, 4C, QC, 2D, JH, 5H, 6D, TS, 8S, 4S, 5S, AD, 7S, 9S, 6H, QS, 8D]
2025-01-04 14:20:43,044 - Castle: [KS, KC, KH, KD]
2025-01-04 14:20:43,044 - Discard: [7C, 7D, 9H, 3D, 6C, 8H, 6S, 4H, 3C, TH, JS, 3H, 3S, 2C, 2H, QD, TD, 5C]
2025-01-04 14:20:43,044 - Active Player: 2
2025-01-04 14:20:43,044 - STATE LOG: END
2025-01-04 14:20:43,284 - STATE LOG: BEGIN
2025-01-04 14:20:43,284 - Noah's Hand: [7H, 8C, TC, QS, 9S, AD]
2025-01-04 14:20:43,284 - Eve's Hand: [AH, 8D]
2025-01-04 14:20:43,284 - Boss: Rank: 12 | Suit H | Attack 9 | Health 20
2025-01-04 14:20:43,284 - Tavern: [9D, 9C, 2S, JD, JC, AC, 4C, QC, 2D, JH, 5H, 6D, TS, 8S, 4S, 5S]
2025-01-04 14:20:43,284 - Castle: [KS, KC, KH, KD]
2025-01-04 14:20:43,284 - Discard: [7C, 7D, 9H, 3D, 6C, 8H, 6S, 4H, 3C, TH, JS, 3H, 3S, 2C, 2H, QD, TD, 5C, 7S, 6H]
2025-01-04 14:20:43,284 - Active Player: 1
2025-01-04 14:20:43,284 - STATE LOG: END
2025-01-04 14:20:44,596 - STATE LOG: BEGIN
2025-01-04 14:20:44,596 - Noah's Hand: [AD, 7H, 8C, 9S, TC]
2025-01-04 14:20:44,596 - Eve's Hand: [AH, 8D]
2025-01-04 14:20:44,596 - Boss: Rank: 12 | Suit H | Attack 9 | Health 20
2025-01-04 14:20:44,596 - Tavern: [9D, 9C, 2S, JD, JC, AC, 4C, QC, 2D, JH, 5H, 6D, TS, 8S, 4S, 5S]
2025-01-04 14:20:44,596 - Castle: [KS, KC, KH, KD]
2025-01-04 14:20:44,596 - Discard: [7C, 7D, 9H, 3D, 6C, 8H, 6S, 4H, 3C, TH, JS, 3H, 3S, 2C, 2H, QD, TD, 5C, 7S, 6H, QS]
2025-01-04 14:20:44,596 - Active Player: 2
2025-01-04 14:20:44,596 - STATE LOG: END
2025-01-04 14:20:44,983 - STATE LOG: BEGIN
2025-01-04 14:20:44,983 - Noah's Hand: [AD, 7H, 8C, 9S, TC, 4S, TS]
2025-01-04 14:20:44,983 - Eve's Hand: [AH, 5S, 8S, 6D, 5H]
2025-01-04 14:20:44,983 - Boss: Rank: 12 | Suit H | Attack 9 | Health 12
2025-01-04 14:20:44,983 - Tavern: [9D, 9C, 2S, JD, JC, AC, 4C, QC]
2025-01-04 14:20:44,983 - Castle: [KS, KC, KH, KD]
2025-01-04 14:20:44,983 - Discard: [7C, 7D, 9H, 3D, 6C, 8H, 6S, 4H, 3C, TH, JS, 3H, 3S, 2C, 2H, QD, TD, 5C, 7S, 6H, QS, 2D, JH]
2025-01-04 14:20:44,983 - Active Player: 1
2025-01-04 14:20:44,983 - STATE LOG: END
2025-01-04 14:20:46,844 - STATE LOG: BEGIN
2025-01-04 14:20:46,844 - Noah's Hand: [4S, 7H, 8C, 9S, TS, QC, AC]
2025-01-04 14:20:46,844 - Eve's Hand: [AH, 5S, 8S, 6D, 5H, 4C, JC]
2025-01-04 14:20:46,844 - Boss: Rank: 13 | Suit D | Attack 20 | Health 40
2025-01-04 14:20:46,844 - Tavern: [9D, 9C, 2S, JD]
2025-01-04 14:20:46,844 - Castle: [KS, KC, KH]
2025-01-04 14:20:46,844 - Discard: [7C, 7D, 9H, 3D, 6C, 8H, 6S, 4H, 3C, TH, JS, 3H, 3S, 2C, 2H, QD, TD, 5C, 7S, 6H, QS, 2D, JH, 4D, AD, TC, AS, 5D, 8D, QH]
2025-01-04 14:20:46,844 - Active Player: 1
2025-01-04 14:20:46,844 - STATE LOG: END
2025-01-04 14:20:48,555 - STATE LOG: BEGIN
2025-01-04 14:20:48,555 - Noah's Hand: [AC, 4S, 7H, 8C, 9S]
2025-01-04 14:20:48,555 - Eve's Hand: [AH, 5S, 8S, 6D, 5H, 4C, JC]
2025-01-04 14:20:48,555 - Boss: Rank: 13 | Suit D | Attack 10 | Health 30
2025-01-04 14:20:48,555 - Tavern: [9D, 9C, 2S, JD]
2025-01-04 14:20:48,555 - Castle: [KS, KC, KH]
2025-01-04 14:20:48,555 - Discard: [7C, 7D, 9H, 3D, 6C, 8H, 6S, 4H, 3C, TH, JS, 3H, 3S, 2C, 2H, QD, TD, 5C, 7S, 6H, QS, 2D, JH, 4D, AD, TC, AS, 5D, 8D, QH, QC]
2025-01-04 14:20:48,555 - Active Player: 2
2025-01-04 14:20:48,555 - STATE LOG: END
2025-01-04 14:20:50,291 - STATE LOG: BEGIN
2025-01-04 14:20:50,292 - Noah's Hand: [AC, 4S, 7H, 8C, 9S]
2025-01-04 14:20:50,292 - Eve's Hand: [AH, 4C, 5H, 5S, 6D]
2025-01-04 14:20:50,292 - Boss: Rank: 13 | Suit D | Attack 2 | Health 22
2025-01-04 14:20:50,292 - Tavern: [9D, 9C, 2S, JD]
2025-01-04 14:20:50,292 - Castle: [KS, KC, KH]
2025-01-04 14:20:50,292 - Discard: [7C, 7D, 9H, 3D, 6C, 8H, 6S, 4H, 3C, TH, JS, 3H, 3S, 2C, 2H, QD, TD, 5C, 7S, 6H, QS, 2D, JH, 4D, AD, TC, AS, 5D, 8D, QH, QC, JC]
2025-01-04 14:20:50,292 - Active Player: 1
2025-01-04 14:20:50,292 - STATE LOG: END
2025-01-04 14:20:52,028 - STATE LOG: BEGIN
2025-01-04 14:20:52,028 - Noah's Hand: [4S, 7H, 8C]
2025-01-04 14:20:52,028 - Eve's Hand: [AH, 4C, 5H, 5S, 6D]
2025-01-04 14:20:52,028 - Boss: Rank: 13 | Suit D | Attack 2 | Health 20
2025-01-04 14:20:52,028 - Tavern: [9D, 9C, 2S, JD]
2025-01-04 14:20:52,028 - Castle: [KS, KC, KH]
2025-01-04 14:20:52,028 - Discard: [7C, 7D, 9H, 3D, 6C, 8H, 6S, 4H, 3C, TH, JS, 3H, 3S, 2C, 2H, QD, TD, 5C, 7S, 6H, QS, 2D, JH, 4D, AD, TC, AS, 5D, 8D, QH, QC, JC, 9S]
2025-01-04 14:20:52,028 - Active Player: 2
2025-01-04 14:20:52,028 - STATE LOG: END
2025-01-04 14:20:52,100 - STATE LOG: BEGIN
2025-01-04 14:20:52,100 - Noah's Hand: [4S, 7H, 8C]
2025-01-04 14:20:52,100 - Eve's Hand: [AH, 4C, 5H, 5S]
2025-01-04 14:20:52,100 - Boss: Rank: 13 | Suit D | Attack 2 | Health 20
2025-01-04 14:20:52,100 - Tavern: [9D, 9C, 2S, JD]
2025-01-04 14:20:52,100 - Castle: [KS, KC, KH]
2025-01-04 14:20:52,100 - Discard: [7C, 7D, 9H, 3D, 6C, 8H, 6S, 4H, 3C, TH, JS, 3H, 3S, 2C, 2H, QD, TD, 5C, 7S, 6H, QS, 2D, JH, 4D, AD, TC, AS, 5D, 8D, QH, QC, JC, 9S, 6D]
2025-01-04 14:20:52,100 - Active Player: 1
2025-01-04 14:20:52,100 - STATE LOG: END
2025-01-04 14:20:52,448 - STATE LOG: BEGIN
2025-01-04 14:20:52,448 - Noah's Hand: [7H, 8C]
2025-01-04 14:20:52,448 - Eve's Hand: [AH, 4C, 5H, 5S]
2025-01-04 14:20:52,448 - Boss: Rank: 13 | Suit D | Attack 0 | Health 16
2025-01-04 14:20:52,448 - Tavern: [9D, 9C, 2S, JD]
2025-01-04 14:20:52,448 - Castle: [KS, KC, KH]
2025-01-04 14:20:52,448 - Discard: [7C, 7D, 9H, 3D, 6C, 8H, 6S, 4H, 3C, TH, JS, 3H, 3S, 2C, 2H, QD, TD, 5C, 7S, 6H, QS, 2D, JH, 4D, AD, TC, AS, 5D, 8D, QH, QC, JC, 9S, 6D]
2025-01-04 14:20:52,448 - Active Player: 2
2025-01-04 14:20:52,448 - STATE LOG: END
2025-01-04 14:20:52,839 - STATE LOG: BEGIN
2025-01-04 14:20:52,839 - Noah's Hand: [7H, 8C]
2025-01-04 14:20:52,839 - Eve's Hand: [AH, 4C, 5H, 5S]
2025-01-04 14:20:52,839 - Boss: Rank: 13 | Suit D | Attack 0 | Health 16
2025-01-04 14:20:52,839 - Tavern: [9D, 9C, 2S, JD]
2025-01-04 14:20:52,839 - Castle: [KS, KC, KH]
2025-01-04 14:20:52,839 - Discard: [7C, 7D, 9H, 3D, 6C, 8H, 6S, 4H, 3C, TH, JS, 3H, 3S, 2C, 2H, QD, TD, 5C, 7S, 6H, QS, 2D, JH, 4D, AD, TC, AS, 5D, 8D, QH, QC, JC, 9S, 6D]
2025-01-04 14:20:52,839 - Active Player: 1
2025-01-04 14:20:52,839 - STATE LOG: END
2025-01-04 14:20:52,963 - STATE LOG: BEGIN
2025-01-04 14:20:52,963 - Noah's Hand: [8C]
2025-01-04 14:20:52,963 - Eve's Hand: [AH, 4C, 5H, 5S]
2025-01-04 14:20:52,963 - Boss: Rank: 13 | Suit D | Attack 0 | Health 9
2025-01-04 14:20:52,963 - Tavern: [JC, 2C, 8H, 8D, 9H, 3D, 7C, 9D, 9C, 2S, JD]
2025-01-04 14:20:52,963 - Castle: [KS, KC, KH]
2025-01-04 14:20:52,963 - Discard: [4D, 6C, QS, 4H, 3C, QC, 5C, TH, 7S, 3H, 6S, 3S, 5D, 6D, 7D, JH, TD, 2H, AD, AS, QH, 6H, JS, QD, 2D, TC, 9S]
2025-01-04 14:20:52,963 - Active Player: 2
2025-01-04 14:20:52,963 - STATE LOG: END
2025-01-04 14:20:53,142 - STATE LOG: BEGIN
2025-01-04 14:20:53,143 - Noah's Hand: [8C]
2025-01-04 14:20:53,143 - Eve's Hand: [4C, 5H, 5S]
2025-01-04 14:20:53,143 - Boss: Rank: 13 | Suit D | Attack 0 | Health 8
2025-01-04 14:20:53,143 - Tavern: [AD, JC, 2C, 8H, 8D, 9H, 3D, 7C, 9D, 9C, 2S, JD]
2025-01-04 14:20:53,143 - Castle: [KS, KC, KH]
2025-01-04 14:20:53,143 - Discard: [TH, AS, 3S, 6C, 6S, QC, JH, QH, 5D, 2D, 4H, QS, QD, TC, TD, 3H, 5C, JS, 7D, 3C, 6H, 7S, 2H, 9S, 6D, 4D]
2025-01-04 14:20:53,143 - Active Player: 1
2025-01-04 14:20:53,143 - STATE LOG: END
2025-01-04 14:20:53,187 - STATE LOG: BEGIN
2025-01-04 14:20:53,187 - Noah's Hand: [8C]
2025-01-04 14:20:53,187 - Eve's Hand: [4C, 5H, 5S]
2025-01-04 14:20:53,187 - Boss: Rank: 13 | Suit D | Attack 0 | Health 8
2025-01-04 14:20:53,187 - Tavern: [AD, JC, 2C, 8H, 8D, 9H, 3D, 7C, 9D, 9C, 2S, JD]
2025-01-04 14:20:53,187 - Castle: [KS, KC, KH]
2025-01-04 14:20:53,187 - Discard: [TH, AS, 3S, 6C, 6S, QC, JH, QH, 5D, 2D, 4H, QS, QD, TC, TD, 3H, 5C, JS, 7D, 3C, 6H, 7S, 2H, 9S, 6D, 4D]
2025-01-04 14:20:53,187 - Active Player: 2
2025-01-04 14:20:53,187 - STATE LOG: END
2025-01-04 14:20:53,234 - STATE LOG: BEGIN
2025-01-04 14:20:53,234 - Noah's Hand: [8C]
2025-01-04 14:20:53,234 - Eve's Hand: [4C, 5S]
2025-01-04 14:20:53,234 - Boss: Rank: 13 | Suit D | Attack 0 | Health 3
2025-01-04 14:20:53,234 - Tavern: [6D, 2H, 7S, QS, 4H, AD, JC, 2C, 8H, 8D, 9H, 3D, 7C, 9D, 9C, 2S, JD]
2025-01-04 14:20:53,234 - Castle: [KS, KC, KH]
2025-01-04 14:20:53,234 - Discard: [6S, QH, 6H, TH, TC, QD, AS, 5D, 7D, 9S, 2D, 5C, JS, JH, 6C, 3C, QC, 4D, TD, 3H, 3S]
2025-01-04 14:20:53,234 - Active Player: 1
2025-01-04 14:20:53,234 - STATE LOG: END
2025-01-04 14:20:53,250 - STATE LOG: BEGIN
2025-01-04 14:20:53,250 - Noah's Hand: [8C]
2025-01-04 14:20:53,250 - Eve's Hand: [4C, 5S]
2025-01-04 14:20:53,250 - Boss: Rank: 13 | Suit D | Attack 0 | Health 3
2025-01-04 14:20:53,250 - Tavern: [6D, 2H, 7S, QS, 4H, AD, JC, 2C, 8H, 8D, 9H, 3D, 7C, 9D, 9C, 2S, JD]
2025-01-04 14:20:53,250 - Castle: [KS, KC, KH]
2025-01-04 14:20:53,250 - Discard: [6S, QH, 6H, TH, TC, QD, AS, 5D, 7D, 9S, 2D, 5C, JS, JH, 6C, 3C, QC, 4D, TD, 3H, 3S]
2025-01-04 14:20:53,250 - Active Player: 2
2025-01-04 14:20:53,250 - STATE LOG: END
2025-01-04 14:20:53,260 - STATE LOG: BEGIN
2025-01-04 14:20:53,260 - Noah's Hand: [8C]
2025-01-04 14:20:53,260 - Eve's Hand: [4C]
2025-01-04 14:20:53,260 - Boss: Rank: 13 | Suit H | Attack 20 | Health 40
2025-01-04 14:20:53,260 - Tavern: [6D, 2H, 7S, QS, 4H, AD, JC, 2C, 8H, 8D, 9H, 3D, 7C, 9D, 9C, 2S, JD]
2025-01-04 14:20:53,260 - Castle: [KS, KC]
2025-01-04 14:20:53,260 - Discard: [6S, QH, 6H, TH, TC, QD, AS, 5D, 7D, 9S, 2D, 5C, JS, JH, 6C, 3C, QC, 4D, TD, 3H, 3S, TS, AC, 4S, 7H, 8S, AH, 5H, 5S, KD]
2025-01-04 14:20:53,260 - Active Player: 2
2025-01-04 14:20:53,260 - STATE LOG: END
2025-01-04 14:20:53,264 - STATE LOG: BEGIN
2025-01-04 14:20:53,264 - Noah's Hand: [8C]
2025-01-04 14:20:53,264 - Eve's Hand: [4C]
2025-01-04 14:20:53,264 - Boss: Rank: 13 | Suit H | Attack 20 | Health 40
2025-01-04 14:20:53,264 - Tavern: [6D, 2H, 7S, QS, 4H, AD, JC, 2C, 8H, 8D, 9H, 3D, 7C, 9D, 9C, 2S, JD]
2025-01-04 14:20:53,264 - Castle: [KS, KC]
2025-01-04 14:20:53,264 - Discard: [6S, QH, 6H, TH, TC, QD, AS, 5D, 7D, 9S, 2D, 5C, JS, JH, 6C, 3C, QC, 4D, TD, 3H, 3S, TS, AC, 4S, 7H, 8S, AH, 5H, 5S, KD]
2025-01-04 14:20:53,264 - Active Player: 1
2025-01-04 14:20:53,264 - STATE LOG: END
