2025-01-04 22:12:48,232 - I log states! :D
2025-01-04 22:12:48,232 - STATE LOG: BEGIN
2025-01-04 22:12:48,232 - Noah's Hand: [2C, 5S, 3C, 4C, TC, 3S, AS]
2025-01-04 22:12:48,232 - Eve's Hand: [8H, AD, 7H, 4D, TH, 5C, 3D]
2025-01-04 22:12:48,232 - Boss: Rank: 11 | Suit H | Attack 10 | Health 20
2025-01-04 22:12:48,232 - Tavern: [6C, TS, 2S, 9S, TD, 9D, AH, 2D, 8S, 3H, 9C, 7D, AC, 6S, 7S, 4S, 4H, 5H, 8D, 6H, 6D, 9H, 5D, 8C, 2H, 7C]
2025-01-04 22:12:48,232 - Castle: [KH, KC, KD, KS, QC, QS, QH, QD, JD, JS, JC]
2025-01-04 22:12:48,232 - Discard: []
2025-01-04 22:12:48,233 - Active Player: 1
2025-01-04 22:12:48,233 - STATE LOG: END
2025-01-04 22:12:58,239 - STATE LOG: BEGIN
2025-01-04 22:12:58,239 - Noah's Hand: [3C, 4C, TC]
2025-01-04 22:12:58,239 - Eve's Hand: [8H, AD, 7H, 4D, TH, 5C, 3D]
2025-01-04 22:12:58,239 - Boss: Rank: 11 | Suit H | Attack 6 | Health 16
2025-01-04 22:12:58,239 - Tavern: [6C, TS, 2S, 9S, TD, 9D, AH, 2D, 8S, 3H, 9C, 7D, AC, 6S, 7S, 4S, 4H, 5H, 8D, 6H, 6D, 9H, 5D, 8C, 2H, 7C]
2025-01-04 22:12:58,239 - Castle: [KH, KC, KD, KS, QC, QS, QH, QD, JD, JS, JC]
2025-01-04 22:12:58,239 - Discard: [2C, 5S]
2025-01-04 22:12:58,239 - Active Player: 2
2025-01-04 22:12:58,239 - STATE LOG: END
2025-01-04 22:13:02,334 - STATE LOG: BEGIN
2025-01-04 22:13:02,335 - Noah's Hand: [3C, 4C, TC, 2H, 5D, 9H, 6D]
2025-01-04 22:13:02,335 - Eve's Hand: [3D, 4D, 5C, 7H, TH, 7C]
2025-01-04 22:13:02,335 - Boss: Rank: 11 | Suit H | Attack 6 | Health 7
2025-01-04 22:13:02,335 - Tavern: [6C, TS, 2S, 9S, TD, 9D, AH, 2D, 8S, 3H, 9C, 7D, AC, 6S, 7S, 4S, 4H, 5H, 8D, 6H]
2025-01-04 22:13:02,335 - Castle: [KH, KC, KD, KS, QC, QS, QH, QD, JD, JS, JC]
2025-01-04 22:13:02,335 - Discard: [2C, 5S, 8C]
2025-01-04 22:13:02,335 - Active Player: 1
2025-01-04 22:13:02,335 - STATE LOG: END
2025-01-04 22:13:12,336 - STATE LOG: BEGIN
2025-01-04 22:13:12,336 - Noah's Hand: [4C, 5D, 6D, 9H]
2025-01-04 22:13:12,336 - Eve's Hand: [3D, 4D, 5C, 7H, TH, 7C]
2025-01-04 22:13:12,336 - Boss: Rank: 11 | Suit H | Attack 6 | Health 5
2025-01-04 22:13:12,336 - Tavern: [6C, TS, 2S, 9S, TD, 9D, AH, 2D, 8S, 3H, 9C, 7D, AC, 6S, 7S, 4S, 4H, 5H, 8D, 6H]
2025-01-04 22:13:12,336 - Castle: [KH, KC, KD, KS, QC, QS, QH, QD, JD, JS, JC]
2025-01-04 22:13:12,336 - Discard: [2C, 5S, 8C, 3C, TC]
2025-01-04 22:13:12,336 - Active Player: 2
2025-01-04 22:13:12,336 - STATE LOG: END
2025-01-04 22:13:17,905 - STATE LOG: BEGIN
2025-01-04 22:13:17,905 - Noah's Hand: [4C, 5D, 6D, 9H]
2025-01-04 22:13:17,905 - Eve's Hand: [3D, 4D, 5C, 7H, TH]
2025-01-04 22:13:17,905 - Boss: Rank: 11 | Suit H | Attack 6 | Health 5
2025-01-04 22:13:17,905 - Tavern: [6C, TS, 2S, 9S, TD, 9D, AH, 2D, 8S, 3H, 9C, 7D, AC, 6S, 7S, 4S, 4H, 5H, 8D, 6H]
2025-01-04 22:13:17,905 - Castle: [KH, KC, KD, KS, QC, QS, QH, QD, JD, JS, JC]
2025-01-04 22:13:17,905 - Discard: [2C, 5S, 8C, 3C, TC, 7C]
2025-01-04 22:13:17,905 - Active Player: 1
2025-01-04 22:13:17,905 - STATE LOG: END
2025-01-04 22:13:23,225 - STATE LOG: BEGIN
2025-01-04 22:13:23,225 - Noah's Hand: [4C, 5D, 9H, 6H, 5H, 4S, 7S]
2025-01-04 22:13:23,225 - Eve's Hand: [3D, 4D, 5C, 7H, TH, 8D, 4H]
2025-01-04 22:13:23,225 - Boss: Rank: 11 | Suit C | Attack 10 | Health 20
2025-01-04 22:13:23,225 - Tavern: [6C, TS, 2S, 9S, TD, 9D, AH, 2D, 8S, 3H, 9C, 7D, AC, 6S]
2025-01-04 22:13:23,225 - Castle: [KH, KC, KD, KS, QC, QS, QH, QD, JD, JS]
2025-01-04 22:13:23,225 - Discard: [2C, 5S, 8C, 3C, TC, 7C, AS, 3S, 2H, 6D, AD, 8H, JH]
2025-01-04 22:13:23,225 - Active Player: 1
2025-01-04 22:13:23,225 - STATE LOG: END
2025-01-04 22:13:33,226 - STATE LOG: BEGIN
2025-01-04 22:13:33,227 - Noah's Hand: [5D, 5H, 6H, 7S]
2025-01-04 22:13:33,227 - Eve's Hand: [3D, 4D, 5C, 7H, TH, 8D, 4H]
2025-01-04 22:13:33,227 - Boss: Rank: 11 | Suit C | Attack 2 | Health 12
2025-01-04 22:13:33,227 - Tavern: [6C, TS, 2S, 9S, TD, 9D, AH, 2D, 8S, 3H, 9C, 7D, AC, 6S]
2025-01-04 22:13:33,227 - Castle: [KH, KC, KD, KS, QC, QS, QH, QD, JD, JS]
2025-01-04 22:13:33,227 - Discard: [2C, 5S, 8C, 3C, TC, 7C, AS, 3S, 2H, 6D, AD, 8H, JH, 9H]
2025-01-04 22:13:33,227 - Active Player: 2
2025-01-04 22:13:33,227 - STATE LOG: END
2025-01-04 22:13:43,228 - STATE LOG: BEGIN
2025-01-04 22:13:43,230 - Noah's Hand: [5D, 5H, 6H, 7S, AC, 7D]
2025-01-04 22:13:43,230 - Eve's Hand: [4D, 4H, 5C, 7H, 8D, 6S]
2025-01-04 22:13:43,230 - Boss: Rank: 11 | Suit C | Attack 2 | Health 9
2025-01-04 22:13:43,230 - Tavern: [6C, TS, 2S, 9S, TD, 9D, AH, 2D, 8S, 3H, 9C]
2025-01-04 22:13:43,230 - Castle: [KH, KC, KD, KS, QC, QS, QH, QD, JD, JS]
2025-01-04 22:13:43,230 - Discard: [2C, 5S, 8C, 3C, TC, 7C, AS, 3S, 2H, 6D, AD, 8H, JH, 9H, TH]
2025-01-04 22:13:43,230 - Active Player: 1
2025-01-04 22:13:43,230 - STATE LOG: END
2025-01-04 22:13:53,232 - STATE LOG: BEGIN
2025-01-04 22:13:53,232 - Noah's Hand: [AC, 5D, 5H, 6H, 7D]
2025-01-04 22:13:53,232 - Eve's Hand: [4D, 4H, 5C, 7H, 8D, 6S]
2025-01-04 22:13:53,232 - Boss: Rank: 11 | Suit C | Attack 2 | Health 9
2025-01-04 22:13:53,232 - Tavern: [6C, TS, 2S, 9S, TD, 9D, AH, 2D, 8S, 3H, 9C]
2025-01-04 22:13:53,232 - Castle: [KH, KC, KD, KS, QC, QS, QH, QD, JD, JS]
2025-01-04 22:13:53,233 - Discard: [2C, 5S, 8C, 3C, TC, 7C, AS, 3S, 2H, 6D, AD, 8H, JH, 9H, TH, 7S]
2025-01-04 22:13:53,233 - Active Player: 2
2025-01-04 22:13:53,233 - STATE LOG: END
2025-01-04 22:14:03,234 - STATE LOG: BEGIN
2025-01-04 22:14:03,235 - Noah's Hand: [AC, 5D, 5H, 6H, 7D, 3H, 2D]
2025-01-04 22:14:03,235 - Eve's Hand: [4D, 4H, 5C, 6S, 7H, 9C]
2025-01-04 22:14:03,235 - Boss: Rank: 11 | Suit C | Attack 2 | Health 1
2025-01-04 22:14:03,235 - Tavern: [6C, TS, 2S, 9S, TD, 9D, AH]
2025-01-04 22:14:03,235 - Castle: [KH, KC, KD, KS, QC, QS, QH, QD, JD, JS]
2025-01-04 22:14:03,235 - Discard: [2C, 5S, 8C, 3C, TC, 7C, AS, 3S, 2H, 6D, AD, 8H, JH, 9H, TH, 7S, 8S]
2025-01-04 22:14:03,235 - Active Player: 1
2025-01-04 22:14:03,235 - STATE LOG: END
2025-01-04 22:14:13,237 - STATE LOG: BEGIN
2025-01-04 22:14:13,239 - Noah's Hand: [3H, 5D, 5H, 6H, 7D, AH, TD]
2025-01-04 22:14:13,239 - Eve's Hand: [4D, 4H, 5C, 6S, 7H, 9C, 9D]
2025-01-04 22:14:13,239 - Boss: Rank: 11 | Suit S | Attack 10 | Health 20
2025-01-04 22:14:13,239 - Tavern: [6C, TS, 2S, 9S]
2025-01-04 22:14:13,239 - Castle: [KH, KC, KD, KS, QC, QS, QH, QD, JD]
2025-01-04 22:14:13,239 - Discard: [2C, 5S, 8C, 3C, TC, 7C, AS, 3S, 2H, 6D, AD, 8H, JH, 9H, TH, 7S, 8S, 4C, 4S, AC, 2D, 3D, 8D, JC]
2025-01-04 22:14:13,239 - Active Player: 1
2025-01-04 22:14:13,239 - STATE LOG: END
2025-01-04 22:14:23,240 - STATE LOG: BEGIN
2025-01-04 22:14:23,240 - Noah's Hand: [5D, 7D, TD]
2025-01-04 22:14:23,240 - Eve's Hand: [4D, 4H, 5C, 6S, 7H, 9C, 9D]
2025-01-04 22:14:23,240 - Boss: Rank: 11 | Suit S | Attack 10 | Health 17
2025-01-04 22:14:23,240 - Tavern: [JH, 8C, AC, 6C, TS, 2S, 9S]
2025-01-04 22:14:23,240 - Castle: [KH, KC, KD, KS, QC, QS, QH, QD, JD]
2025-01-04 22:14:23,240 - Discard: [3C, JC, TH, 7S, 4S, 6D, 2H, 8S, 7C, 2D, 3S, AS, AD, 8H, 4C, 2C, 8D, 9H, 3D, 5S, TC, 6H, AH, 5H]
2025-01-04 22:14:23,240 - Active Player: 2
2025-01-04 22:14:23,240 - STATE LOG: END
2025-01-04 22:14:32,217 - STATE LOG: BEGIN
2025-01-04 22:14:32,217 - Noah's Hand: [5D, 7D, TD]
2025-01-04 22:14:32,217 - Eve's Hand: [4D, 4H, 9C, 9D]
2025-01-04 22:14:32,217 - Boss: Rank: 11 | Suit S | Attack 10 | Health 10
2025-01-04 22:14:32,217 - Tavern: [4C, 7S, 3C, JC, 8S, 4S, 2C, JH, 8C, AC, 6C, TS, 2S, 9S]
2025-01-04 22:14:32,217 - Castle: [KH, KC, KD, KS, QC, QS, QH, QD, JD]
2025-01-04 22:14:32,217 - Discard: [7C, 6D, AD, AS, 6H, 2D, 5S, 5H, TH, AH, 9H, 8H, 3S, 2H, TC, 8D, 3D, 5C, 6S]
2025-01-04 22:14:32,217 - Active Player: 1
2025-01-04 22:14:32,217 - STATE LOG: END
2025-01-04 22:14:35,440 - STATE LOG: BEGIN
2025-01-04 22:14:35,440 - Noah's Hand: [5D, 7D, 9S, TS, AC, JH, 2C]
2025-01-04 22:14:35,440 - Eve's Hand: [4D, 4H, 9C, 9D, 2S, 6C, 8C]
2025-01-04 22:14:35,440 - Boss: Rank: 11 | Suit D | Attack 10 | Health 20
2025-01-04 22:14:35,440 - Tavern: [4C, 7S, 3C, JC, 8S, 4S]
2025-01-04 22:14:35,440 - Castle: [KH, KC, KD, KS, QC, QS, QH, QD]
2025-01-04 22:14:35,440 - Discard: [7C, 6D, AD, AS, 6H, 2D, 5S, 5H, TH, AH, 9H, 8H, 3S, 2H, TC, 8D, 3D, 5C, 6S, 3H, TD, 7H]
2025-01-04 22:14:35,440 - Active Player: 1
2025-01-04 22:14:35,440 - STATE LOG: END
2025-01-04 22:14:42,097 - STATE LOG: BEGIN
2025-01-04 22:14:42,098 - Noah's Hand: [AC, 2C, 5D, 7D, 9S, JH]
2025-01-04 22:14:42,098 - Eve's Hand: [4D, 4H, 9C, 9D, 2S, 6C, 8C]
2025-01-04 22:14:42,098 - Boss: Rank: 11 | Suit D | Attack 0 | Health 10
2025-01-04 22:14:42,098 - Tavern: [4C, 7S, 3C, JC, 8S, 4S]
2025-01-04 22:14:42,098 - Castle: [KH, KC, KD, KS, QC, QS, QH, QD]
2025-01-04 22:14:42,098 - Discard: [7C, 6D, AD, AS, 6H, 2D, 5S, 5H, TH, AH, 9H, 8H, 3S, 2H, TC, 8D, 3D, 5C, 6S, 3H, TD, 7H]
2025-01-04 22:14:42,098 - Active Player: 2
2025-01-04 22:14:42,098 - STATE LOG: END
2025-01-04 22:14:47,822 - STATE LOG: BEGIN
2025-01-04 22:14:47,822 - Noah's Hand: [AC, 2C, 5D, 7D, 9S, JH]
2025-01-04 22:14:47,822 - Eve's Hand: [2S, 4D, 4H, 6C, 8C, 9C, 9D]
2025-01-04 22:14:47,822 - Boss: Rank: 11 | Suit D | Attack 0 | Health 10
2025-01-04 22:14:47,822 - Tavern: [4C, 7S, 3C, JC, 8S, 4S]
2025-01-04 22:14:47,822 - Castle: [KH, KC, KD, KS, QC, QS, QH, QD]
2025-01-04 22:14:47,822 - Discard: [7C, 6D, AD, AS, 6H, 2D, 5S, 5H, TH, AH, 9H, 8H, 3S, 2H, TC, 8D, 3D, 5C, 6S, 3H, TD, 7H]
2025-01-04 22:14:47,822 - Active Player: 1
2025-01-04 22:14:47,822 - STATE LOG: END
2025-01-04 22:14:50,884 - STATE LOG: BEGIN
2025-01-04 22:14:50,885 - Noah's Hand: [AC, 5D, 7D, 9S, JH]
2025-01-04 22:14:50,885 - Eve's Hand: [2S, 4D, 4H, 6C, 8C, 9C, 9D]
2025-01-04 22:14:50,885 - Boss: Rank: 11 | Suit D | Attack 0 | Health 6
2025-01-04 22:14:50,885 - Tavern: [4C, 7S, 3C, JC, 8S, 4S]
2025-01-04 22:14:50,885 - Castle: [KH, KC, KD, KS, QC, QS, QH, QD]
2025-01-04 22:14:50,885 - Discard: [7C, 6D, AD, AS, 6H, 2D, 5S, 5H, TH, AH, 9H, 8H, 3S, 2H, TC, 8D, 3D, 5C, 6S, 3H, TD, 7H]
2025-01-04 22:14:50,885 - Active Player: 2
2025-01-04 22:14:50,885 - STATE LOG: END
2025-01-04 22:14:54,770 - STATE LOG: BEGIN
2025-01-04 22:14:54,770 - Noah's Hand: [AC, 5D, 7D, 9S, JH]
2025-01-04 22:14:54,770 - Eve's Hand: [2S, 6C, 8C, 9C, 9D]
2025-01-04 22:14:54,770 - Boss: Rank: 12 | Suit D | Attack 15 | Health 30
2025-01-04 22:14:54,770 - Tavern: [3S, AH, 5S, TH, 2H, 6D, TC, 2D, 4C, 7S, 3C, JC, 8S, 4S]
2025-01-04 22:14:54,770 - Castle: [KH, KC, KD, KS, QC, QS, QH]
2025-01-04 22:14:54,770 - Discard: [3D, 7C, TD, 6S, AS, 6H, 3H, 5H, 8D, 9H, 7H, AD, 8H, 5C, TS, 2C, 4D, 4H, JD]
2025-01-04 22:14:54,770 - Active Player: 2
2025-01-04 22:14:54,770 - STATE LOG: END
2025-01-04 22:14:55,543 - STATE LOG: BEGIN
2025-01-04 22:14:55,543 - Noah's Hand: [AC, 5D, 7D, 9S, JH]
2025-01-04 22:14:55,543 - Eve's Hand: [9D]
2025-01-04 22:14:55,543 - Boss: Rank: 12 | Suit D | Attack 15 | Health 18
2025-01-04 22:14:55,543 - Tavern: [3S, AH, 5S, TH, 2H, 6D, TC, 2D, 4C, 7S, 3C, JC, 8S, 4S]
2025-01-04 22:14:55,543 - Castle: [KH, KC, KD, KS, QC, QS, QH]
2025-01-04 22:14:55,543 - Discard: [3D, 7C, TD, 6S, AS, 6H, 3H, 5H, 8D, 9H, 7H, AD, 8H, 5C, TS, 2C, 4D, 4H, JD, 8C, 2S, 9C]
2025-01-04 22:14:55,543 - Active Player: 1
2025-01-04 22:14:55,543 - STATE LOG: END
2025-01-04 22:14:55,809 - STATE LOG: BEGIN
2025-01-04 22:14:55,809 - Noah's Hand: [5D, 7D, 9S]
2025-01-04 22:14:55,809 - Eve's Hand: [9D]
2025-01-04 22:14:55,809 - Boss: Rank: 12 | Suit H | Attack 15 | Health 30
2025-01-04 22:14:55,809 - Tavern: [9C, TS, 5C, 3H, 7C, 7H, 8D, 3D, 2C, JD, TD, AD, 3S, AH, 5S, TH, 2H, 6D, TC, 2D, 4C, 7S, 3C, JC, 8S, 4S]
2025-01-04 22:14:55,809 - Castle: [KH, KC, KD, KS, QC, QS]
2025-01-04 22:14:55,809 - Discard: [8C, 8H, 4D, 9H, 2S, 6S, 4H, AS, 6H, 5H, AC, JH, 6C, QD]
2025-01-04 22:14:55,809 - Active Player: 1
2025-01-04 22:14:55,809 - STATE LOG: END
2025-01-04 22:14:56,942 - STATE LOG: BEGIN
2025-01-04 22:14:56,942 - Noah's Hand: [5D, JS, 4C]
2025-01-04 22:14:56,942 - Eve's Hand: [9D, 4S, JC, 7S]
2025-01-04 22:14:56,942 - Boss: Rank: 12 | Suit H | Attack 15 | Health 23
2025-01-04 22:14:56,942 - Tavern: [9C, TS, 5C, 3H, 7C, 7H, 8D, 3D, 2C, JD, TD, AD, 3S, AH, 5S, TH, 2H, 6D, TC, 2D]
2025-01-04 22:14:56,942 - Castle: [KH, KC, KD, KS, QC, QS]
2025-01-04 22:14:56,942 - Discard: [8C, 8H, 4D, 9H, 2S, 6S, 4H, AS, 6H, 5H, AC, JH, 6C, QD, 9S, 3C, 8S]
2025-01-04 22:14:56,942 - Active Player: 2
2025-01-04 22:14:56,942 - STATE LOG: END
2025-01-04 22:14:59,152 - STATE LOG: BEGIN
2025-01-04 22:14:59,153 - Noah's Hand: [5D, JS, 4C]
2025-01-04 22:14:59,153 - Eve's Hand: [9D]
2025-01-04 22:14:59,153 - Boss: Rank: 12 | Suit H | Attack 8 | Health 16
2025-01-04 22:14:59,153 - Tavern: [9C, TS, 5C, 3H, 7C, 7H, 8D, 3D, 2C, JD, TD, AD, 3S, AH, 5S, TH, 2H, 6D, TC, 2D]
2025-01-04 22:14:59,153 - Castle: [KH, KC, KD, KS, QC, QS]
2025-01-04 22:14:59,153 - Discard: [8C, 8H, 4D, 9H, 2S, 6S, 4H, AS, 6H, 5H, AC, JH, 6C, QD, 9S, 3C, 8S, 4S, JC]
2025-01-04 22:14:59,153 - Active Player: 1
2025-01-04 22:14:59,153 - STATE LOG: END
2025-01-04 22:15:03,007 - STATE LOG: BEGIN
2025-01-04 22:15:03,007 - Noah's Hand: [4C, JS, 2D, 6D]
2025-01-04 22:15:03,007 - Eve's Hand: [9D, TC, 2H]
2025-01-04 22:15:03,007 - Boss: Rank: 12 | Suit H | Attack 8 | Health 11
2025-01-04 22:15:03,007 - Tavern: [9C, TS, 5C, 3H, 7C, 7H, 8D, 3D, 2C, JD, TD, AD, 3S, AH, 5S]
2025-01-04 22:15:03,007 - Castle: [KH, KC, KD, KS, QC, QS]
2025-01-04 22:15:03,007 - Discard: [8C, 8H, 4D, 9H, 2S, 6S, 4H, AS, 6H, 5H, AC, JH, 6C, QD, 9S, 3C, 8S, 4S, JC, TH]
2025-01-04 22:15:03,007 - Active Player: 2
2025-01-04 22:15:03,007 - STATE LOG: END
2025-01-04 22:15:06,649 - STATE LOG: BEGIN
2025-01-04 22:15:06,649 - Noah's Hand: [4C, JS, 2D, 6D, AH, AD, JD]
2025-01-04 22:15:06,649 - Eve's Hand: [2H, TC, TD, 2C, 3D]
2025-01-04 22:15:06,649 - Boss: Rank: 12 | Suit H | Attack 8 | Health 2
2025-01-04 22:15:06,649 - Tavern: [9C, TS, 5C, 3H, 7C, 7H, 8D]
2025-01-04 22:15:06,649 - Castle: [KH, KC, KD, KS, QC, QS]
2025-01-04 22:15:06,649 - Discard: [8C, 8H, 4D, 9H, 2S, 6S, 4H, AS, 6H, 5H, AC, JH, 6C, QD, 9S, 3C, 8S, 4S, JC, TH, 3S, 5S]
2025-01-04 22:15:06,649 - Active Player: 1
2025-01-04 22:15:06,649 - STATE LOG: END
2025-01-04 22:15:16,651 - STATE LOG: BEGIN
2025-01-04 22:15:16,652 - Noah's Hand: [AD, AH, 4C, 6D, JD, JS, 8D]
2025-01-04 22:15:16,652 - Eve's Hand: [2H, TC, TD, 2C, 3D, 7H]
2025-01-04 22:15:16,652 - Boss: Rank: 12 | Suit S | Attack 15 | Health 30
2025-01-04 22:15:16,652 - Tavern: [9C, TS, 5C, 3H, 7C]
2025-01-04 22:15:16,652 - Castle: [KH, KC, KD, KS, QC]
2025-01-04 22:15:16,652 - Discard: [8C, 8H, 4D, 9H, 2S, 6S, 4H, AS, 6H, 5H, AC, JH, 6C, QD, 9S, 3C, 8S, 4S, JC, TH, 3S, 5S, 7D, 5D, 2D, 7S, 9D]
2025-01-04 22:15:16,652 - Active Player: 1
2025-01-04 22:15:16,652 - STATE LOG: END
2025-01-04 22:15:26,654 - STATE LOG: BEGIN
2025-01-04 22:15:26,656 - Noah's Hand: [AD, 4C, 6D, 8D, 3H]
2025-01-04 22:15:26,656 - Eve's Hand: [2H, TC, TD, 2C, 3D, 7H, 7C]
2025-01-04 22:15:26,656 - Boss: Rank: 12 | Suit S | Attack 15 | Health 18
2025-01-04 22:15:26,656 - Tavern: [2D, 9S, 9D, 5D, 2S, 8C, 4H, 4D, 5S, 8S, AS, 5H, 9C, TS, 5C]
2025-01-04 22:15:26,656 - Castle: [KH, KC, KD, KS, QC]
2025-01-04 22:15:26,656 - Discard: [6S, AC, 7S, JH, 9H, 6C, QD, TH, 8H, 6H, 4S, 7D, JC, 3S, 3C, JS, QH]
2025-01-04 22:15:26,656 - Active Player: 2
2025-01-04 22:15:26,656 - STATE LOG: END
2025-01-04 22:15:36,484 - STATE LOG: BEGIN
2025-01-04 22:15:36,486 - Noah's Hand: [AD, 4C, 6D, 8D, 3H]
2025-01-04 22:15:36,486 - Eve's Hand: [3D, TD]
2025-01-04 22:15:36,486 - Boss: Rank: 12 | Suit S | Attack 15 | Health 10
2025-01-04 22:15:36,486 - Tavern: [6H, AC, 6C, JS, 2D, 9S, 9D, 5D, 2S, 8C, 4H, 4D, 5S, 8S, AS, 5H, 9C, TS, 5C]
2025-01-04 22:15:36,486 - Castle: [KH, KC, KD, KS, QC]
2025-01-04 22:15:36,486 - Discard: [8H, 7S, 6S, JC, 9H, 7D, TH, JH, 3C, QH, 3S, 4S, QD, 7H, 7C, TC]
2025-01-04 22:15:36,486 - Active Player: 1
2025-01-04 22:15:36,486 - STATE LOG: END
2025-01-04 22:15:42,268 - STATE LOG: BEGIN
2025-01-04 22:15:42,269 - Noah's Hand: [AD, 6D, AS]
2025-01-04 22:15:42,269 - Eve's Hand: [3D, TD, TS, 5H, 8S, 5S, 4D]
2025-01-04 22:15:42,269 - Boss: Rank: 12 | Suit S | Attack 15 | Health 2
2025-01-04 22:15:42,269 - Tavern: [6H, AC, 6C, JS, 2D, 9S, 9D, 5D, 2S, 8C, 4H]
2025-01-04 22:15:42,269 - Castle: [KH, KC, KD, KS, QC]
2025-01-04 22:15:42,269 - Discard: [8H, 7S, 6S, JC, 9H, 7D, TH, JH, 3C, QH, 3S, 4S, QD, 7H, 7C, TC, 3H, 5C, 4C, 9C]
2025-01-04 22:15:42,269 - Active Player: 2
2025-01-04 22:15:42,269 - STATE LOG: END
2025-01-04 22:15:52,270 - STATE LOG: BEGIN
2025-01-04 22:15:52,271 - Noah's Hand: [AD, 6D, AS]
2025-01-04 22:15:52,271 - Eve's Hand: [3D, 4D, 8S, TD, TS]
2025-01-04 22:15:52,271 - Boss: Rank: 12 | Suit C | Attack 15 | Health 30
2025-01-04 22:15:52,271 - Tavern: [JH, 9C, 3H, 9H, 7C, JC, 7S, 3S, 5C, 7H, 6H, AC, 6C, JS, 2D, 9S, 9D, 5D, 2S, 8C, 4H]
2025-01-04 22:15:52,271 - Castle: [KH, KC, KD, KS]
2025-01-04 22:15:52,271 - Discard: [6S, 3C, 4S, 7D, TC, QH, TH, QD, 4C, 8H, AH, JD, 8D, 2C, 2H, 5H, 5S, QS]
2025-01-04 22:15:52,271 - Active Player: 2
2025-01-04 22:15:52,271 - STATE LOG: END
2025-01-04 22:15:56,673 - STATE LOG: BEGIN
2025-01-04 22:15:56,673 - Noah's Hand: [AD, 6D, AS]
2025-01-04 22:15:56,673 - Eve's Hand: [3D, 4D, TD]
2025-01-04 22:15:56,673 - Boss: Rank: 12 | Suit C | Attack 7 | Health 22
2025-01-04 22:15:56,673 - Tavern: [JH, 9C, 3H, 9H, 7C, JC, 7S, 3S, 5C, 7H, 6H, AC, 6C, JS, 2D, 9S, 9D, 5D, 2S, 8C, 4H]
2025-01-04 22:15:56,673 - Castle: [KH, KC, KD, KS]
2025-01-04 22:15:56,673 - Discard: [6S, 3C, 4S, 7D, TC, QH, TH, QD, 4C, 8H, AH, JD, 8D, 2C, 2H, 5H, 5S, QS, TS]
2025-01-04 22:15:56,673 - Active Player: 1
2025-01-04 22:15:56,674 - STATE LOG: END
2025-01-04 22:16:00,259 - STATE LOG: BEGIN
2025-01-04 22:16:00,260 - Noah's Hand: [AD, 4H, 2S, 9D, 2D]
2025-01-04 22:16:00,260 - Eve's Hand: [3D, 4D, TD, 8C, 5D, 9S]
2025-01-04 22:16:00,260 - Boss: Rank: 12 | Suit C | Attack 0 | Health 15
2025-01-04 22:16:00,260 - Tavern: [JH, 9C, 3H, 9H, 7C, JC, 7S, 3S, 5C, 7H, 6H, AC, 6C, JS]
2025-01-04 22:16:00,260 - Castle: [KH, KC, KD, KS]
2025-01-04 22:16:00,260 - Discard: [6S, 3C, 4S, 7D, TC, QH, TH, QD, 4C, 8H, AH, JD, 8D, 2C, 2H, 5H, 5S, QS, TS]
2025-01-04 22:16:00,260 - Active Player: 2
2025-01-04 22:16:00,260 - STATE LOG: END
2025-01-04 22:16:10,262 - STATE LOG: BEGIN
2025-01-04 22:16:10,263 - Noah's Hand: [AD, 4H, 2S, 9D, 2D]
2025-01-04 22:16:10,263 - Eve's Hand: [3D, 4D, 5D, 8C, 9S, TD]
2025-01-04 22:16:10,263 - Boss: Rank: 12 | Suit C | Attack 0 | Health 15
2025-01-04 22:16:10,263 - Tavern: [JH, 9C, 3H, 9H, 7C, JC, 7S, 3S, 5C, 7H, 6H, AC, 6C, JS]
2025-01-04 22:16:10,263 - Castle: [KH, KC, KD, KS]
2025-01-04 22:16:10,263 - Discard: [6S, 3C, 4S, 7D, TC, QH, TH, QD, 4C, 8H, AH, JD, 8D, 2C, 2H, 5H, 5S, QS, TS]
2025-01-04 22:16:10,263 - Active Player: 1
2025-01-04 22:16:10,263 - STATE LOG: END
2025-01-04 22:16:20,265 - STATE LOG: BEGIN
2025-01-04 22:16:20,266 - Noah's Hand: [2D, 2S, 4H, 9D, JS]
2025-01-04 22:16:20,266 - Eve's Hand: [3D, 4D, 5D, 8C, 9S, TD]
2025-01-04 22:16:20,266 - Boss: Rank: 12 | Suit C | Attack 0 | Health 14
2025-01-04 22:16:20,266 - Tavern: [JH, 9C, 3H, 9H, 7C, JC, 7S, 3S, 5C, 7H, 6H, AC, 6C]
2025-01-04 22:16:20,266 - Castle: [KH, KC, KD, KS]
2025-01-04 22:16:20,266 - Discard: [6S, 3C, 4S, 7D, TC, QH, TH, QD, 4C, 8H, AH, JD, 8D, 2C, 2H, 5H, 5S, QS, TS]
2025-01-04 22:16:20,266 - Active Player: 2
2025-01-04 22:16:20,266 - STATE LOG: END
2025-01-04 22:16:30,268 - STATE LOG: BEGIN
2025-01-04 22:16:30,269 - Noah's Hand: [2D, 2S, 4H, 9D, JS]
2025-01-04 22:16:30,269 - Eve's Hand: [3D, 4D, 5D, 8C, 9S, TD]
2025-01-04 22:16:30,269 - Boss: Rank: 12 | Suit C | Attack 0 | Health 14
2025-01-04 22:16:30,269 - Tavern: [JH, 9C, 3H, 9H, 7C, JC, 7S, 3S, 5C, 7H, 6H, AC, 6C]
2025-01-04 22:16:30,269 - Castle: [KH, KC, KD, KS]
2025-01-04 22:16:30,269 - Discard: [6S, 3C, 4S, 7D, TC, QH, TH, QD, 4C, 8H, AH, JD, 8D, 2C, 2H, 5H, 5S, QS, TS]
2025-01-04 22:16:30,269 - Active Player: 1
2025-01-04 22:16:30,269 - STATE LOG: END
2025-01-04 22:16:40,271 - STATE LOG: BEGIN
2025-01-04 22:16:40,271 - Noah's Hand: [2S, 4H, 9D, JS, 6C]
2025-01-04 22:16:40,271 - Eve's Hand: [3D, 4D, 5D, 8C, 9S, TD, AC]
2025-01-04 22:16:40,271 - Boss: Rank: 12 | Suit C | Attack 0 | Health 12
2025-01-04 22:16:40,271 - Tavern: [JH, 9C, 3H, 9H, 7C, JC, 7S, 3S, 5C, 7H, 6H]
2025-01-04 22:16:40,271 - Castle: [KH, KC, KD, KS]
2025-01-04 22:16:40,271 - Discard: [6S, 3C, 4S, 7D, TC, QH, TH, QD, 4C, 8H, AH, JD, 8D, 2C, 2H, 5H, 5S, QS, TS]
2025-01-04 22:16:40,271 - Active Player: 2
2025-01-04 22:16:40,271 - STATE LOG: END
2025-01-04 22:16:50,272 - STATE LOG: BEGIN
2025-01-04 22:16:50,273 - Noah's Hand: [2S, 4H, 9D, JS, 6C]
2025-01-04 22:16:50,273 - Eve's Hand: [AC, 3D, 4D, 5D, 8C, 9S, TD]
2025-01-04 22:16:50,273 - Boss: Rank: 12 | Suit C | Attack 0 | Health 12
2025-01-04 22:16:50,273 - Tavern: [JH, 9C, 3H, 9H, 7C, JC, 7S, 3S, 5C, 7H, 6H]
2025-01-04 22:16:50,273 - Castle: [KH, KC, KD, KS]
2025-01-04 22:16:50,273 - Discard: [6S, 3C, 4S, 7D, TC, QH, TH, QD, 4C, 8H, AH, JD, 8D, 2C, 2H, 5H, 5S, QS, TS]
2025-01-04 22:16:50,273 - Active Player: 1
2025-01-04 22:16:50,273 - STATE LOG: END
2025-01-04 22:16:58,700 - STATE LOG: BEGIN
2025-01-04 22:16:58,701 - Noah's Hand: [2S, 6C, 9D, JS]
2025-01-04 22:16:58,701 - Eve's Hand: [AC, 3D, 4D, 5D, 8C, 9S, TD]
2025-01-04 22:16:58,701 - Boss: Rank: 12 | Suit C | Attack 0 | Health 8
2025-01-04 22:16:58,701 - Tavern: [6S, 2H, JD, 2C, JH, 9C, 3H, 9H, 7C, JC, 7S, 3S, 5C, 7H, 6H]
2025-01-04 22:16:58,701 - Castle: [KH, KC, KD, KS]
2025-01-04 22:16:58,701 - Discard: [QS, TH, TS, 5S, QD, 7D, QH, 4S, 8D, 4C, TC, 5H, 8H, AH, 3C]
2025-01-04 22:16:58,701 - Active Player: 2
2025-01-04 22:16:58,701 - STATE LOG: END
2025-01-04 22:17:08,865 - STATE LOG: BEGIN
2025-01-04 22:17:08,867 - Noah's Hand: [2S, 6C, 9D, JS, 7H, 3S, 7S]
2025-01-04 22:17:08,867 - Eve's Hand: [3D, 5D, 8C, 9S, TD, 6H, 5C]
2025-01-04 22:17:08,867 - Boss: Rank: 12 | Suit C | Attack 0 | Health 3
2025-01-04 22:17:08,867 - Tavern: [6S, 2H, JD, 2C, JH, 9C, 3H, 9H, 7C, JC]
2025-01-04 22:17:08,867 - Castle: [KH, KC, KD, KS]
2025-01-04 22:17:08,867 - Discard: [QS, TH, TS, 5S, QD, 7D, QH, 4S, 8D, 4C, TC, 5H, 8H, AH, 3C]
2025-01-04 22:17:08,867 - Active Player: 1
2025-01-04 22:17:08,867 - STATE LOG: END
2025-01-04 22:17:18,869 - STATE LOG: BEGIN
2025-01-04 22:17:18,869 - Noah's Hand: [3S, 6C, 7H, 7S, 9D, JS]
2025-01-04 22:17:18,870 - Eve's Hand: [3D, 5D, 8C, 9S, TD, 6H, 5C]
2025-01-04 22:17:18,870 - Boss: Rank: 12 | Suit C | Attack 0 | Health 1
2025-01-04 22:17:18,870 - Tavern: [6S, 2H, JD, 2C, JH, 9C, 3H, 9H, 7C, JC]
2025-01-04 22:17:18,870 - Castle: [KH, KC, KD, KS]
2025-01-04 22:17:18,870 - Discard: [QS, TH, TS, 5S, QD, 7D, QH, 4S, 8D, 4C, TC, 5H, 8H, AH, 3C]
2025-01-04 22:17:18,870 - Active Player: 2
2025-01-04 22:17:18,870 - STATE LOG: END
2025-01-04 22:17:28,871 - STATE LOG: BEGIN
2025-01-04 22:17:28,872 - Noah's Hand: [3S, 6C, 7H, 7S, 9D, JS]
2025-01-04 22:17:28,872 - Eve's Hand: [3D, 5C, 5D, 6H, 8C, 9S, TD]
2025-01-04 22:17:28,872 - Boss: Rank: 12 | Suit C | Attack 0 | Health 1
2025-01-04 22:17:28,872 - Tavern: [6S, 2H, JD, 2C, JH, 9C, 3H, 9H, 7C, JC]
2025-01-04 22:17:28,872 - Castle: [KH, KC, KD, KS]
2025-01-04 22:17:28,872 - Discard: [QS, TH, TS, 5S, QD, 7D, QH, 4S, 8D, 4C, TC, 5H, 8H, AH, 3C]
2025-01-04 22:17:28,872 - Active Player: 1
2025-01-04 22:17:28,872 - STATE LOG: END
2025-01-04 22:17:35,614 - STATE LOG: BEGIN
2025-01-04 22:17:35,614 - Noah's Hand: [3S, 6C, 7S, 9D, JS]
2025-01-04 22:17:35,614 - Eve's Hand: [3D, 5C, 5D, 6H, 8C, 9S, TD]
2025-01-04 22:17:35,614 - Boss: Rank: 13 | Suit S | Attack 20 | Health 40
2025-01-04 22:17:35,614 - Tavern: [TS, QD, 5H, 7D, 8D, 4C, QH, 6S, 2H, JD, 2C, JH, 9C, 3H, 9H, 7C, JC]
2025-01-04 22:17:35,615 - Castle: [KH, KC, KD]
2025-01-04 22:17:35,615 - Discard: [3C, TH, QS, 4S, 5S, AH, TC, 8H, AS, 6D, AD, 2D, 4H, 2S, 7H, 8S, AC, 4D, QC]
2025-01-04 22:17:35,615 - Active Player: 1
2025-01-04 22:17:35,615 - STATE LOG: END
2025-01-04 22:17:38,920 - STATE LOG: BEGIN
2025-01-04 22:17:38,920 - Noah's Hand: [9D]
2025-01-04 22:17:38,920 - Eve's Hand: [3D, 5C, 5D, 6H, 8C, 9S, TD]
2025-01-04 22:17:38,920 - Boss: Rank: 13 | Suit S | Attack 20 | Health 33
2025-01-04 22:17:38,920 - Tavern: [TS, QD, 5H, 7D, 8D, 4C, QH, 6S, 2H, JD, 2C, JH, 9C, 3H, 9H, 7C, JC]
2025-01-04 22:17:38,920 - Castle: [KH, KC, KD]
2025-01-04 22:17:38,920 - Discard: [3C, TH, QS, 4S, 5S, AH, TC, 8H, AS, 6D, AD, 2D, 4H, 2S, 7H, 8S, AC, 4D, QC, 3S, 6C, JS]
2025-01-04 22:17:38,920 - Active Player: 2
2025-01-04 22:17:38,920 - STATE LOG: END
2025-01-04 22:17:41,782 - STATE LOG: BEGIN
2025-01-04 22:17:41,782 - Noah's Hand: [9D, 7C, 9H]
2025-01-04 22:17:41,783 - Eve's Hand: [5C, 5D, 8C, TD]
2025-01-04 22:17:41,783 - Boss: Rank: 13 | Suit S | Attack 20 | Health 30
2025-01-04 22:17:41,783 - Tavern: [TS, QD, 5H, 7D, 8D, 4C, QH, 6S, 2H, JD, 2C, JH, 9C, 3H]
2025-01-04 22:17:41,783 - Castle: [KH, KC, KD]
2025-01-04 22:17:41,783 - Discard: [3C, TH, QS, 4S, 5S, AH, TC, 8H, AS, 6D, AD, 2D, 4H, 2S, 7H, 8S, AC, 4D, QC, 3S, 6C, JS, 6H, JC, 9S]
2025-01-04 22:17:41,783 - Active Player: 1
2025-01-04 22:17:41,783 - STATE LOG: END
2025-01-04 22:17:42,208 - STATE LOG: BEGIN
2025-01-04 22:17:42,208 - Noah's Hand: [7C, 9H, JD, 6S]
2025-01-04 22:17:42,208 - Eve's Hand: [5C, 5D, 8C, TD, 9C, 2C, 2H]
2025-01-04 22:17:42,208 - Boss: Rank: 13 | Suit S | Attack 20 | Health 21
2025-01-04 22:17:42,208 - Tavern: [TS, QD, 5H, 7D, 8D, 4C]
2025-01-04 22:17:42,208 - Castle: [KH, KC, KD]
2025-01-04 22:17:42,208 - Discard: [3C, TH, QS, 4S, 5S, AH, TC, 8H, AS, 6D, AD, 2D, 4H, 2S, 7H, 8S, AC, 4D, QC, 3S, 6C, JS, 6H, JC, 9S, 3H, JH, QH]
2025-01-04 22:17:42,208 - Active Player: 2
2025-01-04 22:17:42,208 - STATE LOG: END
2025-01-04 22:17:43,907 - STATE LOG: BEGIN
2025-01-04 22:17:43,908 - Noah's Hand: [7C, 9H, JD, 6S]
2025-01-04 22:17:43,908 - Eve's Hand: [5D, TD]
2025-01-04 22:17:43,908 - Boss: Rank: 13 | Suit S | Attack 20 | Health 19
2025-01-04 22:17:43,908 - Tavern: [3H, 3S, TS, QD, 5H, 7D, 8D, 4C]
2025-01-04 22:17:43,908 - Castle: [KH, KC, KD]
2025-01-04 22:17:43,908 - Discard: [AH, AS, TH, 8H, 4S, 7H, 6C, 8S, 3C, TC, JH, QH, QC, 2D, AD, 9S, 2S, JS, 6H, QS, JC, 4H, AC, 4D, 6D, 5S, 5C, 9C, 2C, 8C]
2025-01-04 22:17:43,908 - Active Player: 1
2025-01-04 22:17:43,908 - STATE LOG: END
2025-01-04 22:17:44,331 - STATE LOG: BEGIN
2025-01-04 22:17:44,331 - Noah's Hand: [7C, 7D, QD]
2025-01-04 22:17:44,331 - Eve's Hand: [5D, TD, 8D, 5H, TS, 3H]
2025-01-04 22:17:44,331 - Boss: Rank: 13 | Suit S | Attack 20 | Health 8
2025-01-04 22:17:44,331 - Tavern: []
2025-01-04 22:17:44,331 - Castle: [KH, KC, KD]
2025-01-04 22:17:44,331 - Discard: [AH, AS, TH, 8H, 4S, 7H, 6C, 8S, 3C, TC, JH, QH, QC, 2D, AD, 9S, 2S, JS, 6H, QS, JC, 4H, AC, 4D, 6D, 5S, 5C, 9C, 2C, 8C, 3S, 9H, 4C, 6S]
2025-01-04 22:17:44,331 - Active Player: 2
2025-01-04 22:17:44,331 - STATE LOG: END
2025-01-04 22:17:45,036 - STATE LOG: BEGIN
2025-01-04 22:17:45,036 - Noah's Hand: [7C, 7D, QD, 6C, 8H, 4H, TH]
2025-01-04 22:17:45,036 - Eve's Hand: [3H, 8D, TD, TS, 7H, AD, 5C]
2025-01-04 22:17:45,036 - Boss: Rank: 13 | Suit D | Attack 20 | Health 40
2025-01-04 22:17:45,036 - Tavern: [AH, 6D, QS]
2025-01-04 22:17:45,036 - Castle: [KH, KC]
2025-01-04 22:17:45,036 - Discard: [3C, AC, 8C, 9S, 3S, 6H, 9C, 4C, 6S, JC, AS, 9H, TC, JS, JH, 4D, QH, 2C, 5S, QC, 2D, 8S, 2S, 4S, 7S, 9D, JD, 3D, 2H, 5D, 5H, KS]
2025-01-04 22:17:45,036 - Active Player: 2
2025-01-04 22:17:45,036 - STATE LOG: END
2025-01-04 22:17:46,330 - STATE LOG: BEGIN
2025-01-04 22:17:46,330 - Noah's Hand: [7C, 7D, QD, 6C, 8H, 4H, TH]
2025-01-04 22:17:46,330 - Eve's Hand: [AD, 8D, TD]
2025-01-04 22:17:46,330 - Boss: Rank: 13 | Suit D | Attack 10 | Health 30
2025-01-04 22:17:46,330 - Tavern: [AH, 6D, QS]
2025-01-04 22:17:46,330 - Castle: [KH, KC]
2025-01-04 22:17:46,330 - Discard: [3C, AC, 8C, 9S, 3S, 6H, 9C, 4C, 6S, JC, AS, 9H, TC, JS, JH, 4D, QH, 2C, 5S, QC, 2D, 8S, 2S, 4S, 7S, 9D, JD, 3D, 2H, 5D, 5H, KS, 5C, 3H, 7H]
2025-01-04 22:17:46,330 - Active Player: 1
2025-01-04 22:17:46,330 - STATE LOG: END
2025-01-04 22:17:46,810 - STATE LOG: BEGIN
2025-01-04 22:17:46,810 - Noah's Hand: [4H, 6C, 7D, QD, TH]
2025-01-04 22:17:46,810 - Eve's Hand: [AD, 8D, TD]
2025-01-04 22:17:46,810 - Boss: Rank: 13 | Suit D | Attack 10 | Health 30
2025-01-04 22:17:46,810 - Tavern: [AH, 6D, QS]
2025-01-04 22:17:46,810 - Castle: [KH, KC]
2025-01-04 22:17:46,810 - Discard: [3C, AC, 8C, 9S, 3S, 6H, 9C, 4C, 6S, JC, AS, 9H, TC, JS, JH, 4D, QH, 2C, 5S, QC, 2D, 8S, 2S, 4S, 7S, 9D, JD, 3D, 2H, 5D, 5H, KS, 5C, 3H, 7H, 8H, 7C]
2025-01-04 22:17:46,810 - Active Player: 2
2025-01-04 22:17:46,810 - STATE LOG: END
2025-01-04 22:17:46,820 - STATE LOG: BEGIN
2025-01-04 22:17:46,820 - Noah's Hand: [4H, 6C, 7D, QD, TH]
2025-01-04 22:17:46,820 - Eve's Hand: [AD, 8D]
2025-01-04 22:17:46,820 - Boss: Rank: 13 | Suit D | Attack 10 | Health 20
2025-01-04 22:17:46,820 - Tavern: [AH, 6D, QS]
2025-01-04 22:17:46,820 - Castle: [KH, KC]
2025-01-04 22:17:46,820 - Discard: [3C, AC, 8C, 9S, 3S, 6H, 9C, 4C, 6S, JC, AS, 9H, TC, JS, JH, 4D, QH, 2C, 5S, QC, 2D, 8S, 2S, 4S, 7S, 9D, JD, 3D, 2H, 5D, 5H, KS, 5C, 3H, 7H, 8H, 7C]
2025-01-04 22:17:46,820 - Active Player: 1
2025-01-04 22:17:46,820 - STATE LOG: END
