2025-01-04 19:46:00,570 - I log states! :D
2025-01-04 19:46:00,570 - STATE LOG: BEGIN
2025-01-04 19:46:00,570 - Noah's Hand: [3D, 7C, AC, 4H, 3C, 8S, 5D]
2025-01-04 19:46:00,570 - Eve's Hand: [9S, 6H, 3S, 8D, 8C, 4D, 9C]
2025-01-04 19:46:00,570 - Boss: Rank: 11 | Suit S | Attack 10 | Health 20
2025-01-04 19:46:00,570 - Tavern: [3H, TD, TC, 4S, 2H, 7H, 5S, 9H, 6S, 2D, AH, 8H, 5C, 4C, 9D, 7D, 5H, 2S, 6D, TS, 6C, 7S, TH, 2C, AD, AS]
2025-01-04 19:46:00,570 - Castle: [KS, KC, KD, KH, QD, QS, QC, QH, JC, JD, JH]
2025-01-04 19:46:00,570 - Discard: []
2025-01-04 19:46:00,570 - Active Player: 1
2025-01-04 19:46:00,570 - STATE LOG: END
2025-01-04 19:46:01,562 - STATE LOG: BEGIN
2025-01-04 19:46:01,562 - Noah's Hand: [AC, 3C, 3D, 4H]
2025-01-04 19:46:01,562 - Eve's Hand: [9S, 6H, 3S, 8D, 8C, 4D, 9C]
2025-01-04 19:46:01,563 - Boss: Rank: 11 | Suit S | Attack 10 | Health 15
2025-01-04 19:46:01,563 - Tavern: [3H, TD, TC, 4S, 2H, 7H, 5S, 9H, 6S, 2D, AH, 8H, 5C, 4C, 9D, 7D, 5H, 2S, 6D, TS, 6C, 7S, TH, 2C, AD]
2025-01-04 19:46:01,563 - Castle: [KS, KC, KD, KH, QD, QS, QC, QH, JC, JD, JH]
2025-01-04 19:46:01,563 - Discard: [AS, 8S, 7C]
2025-01-04 19:46:01,563 - Active Player: 2
2025-01-04 19:46:01,563 - STATE LOG: END
2025-01-04 19:46:05,205 - STATE LOG: BEGIN
2025-01-04 19:46:05,205 - Noah's Hand: [AC, 3C, 3D, 4H, 2C, TH, 7S]
2025-01-04 19:46:05,205 - Eve's Hand: [3S, 6H, 8C, 8D, 9C]
2025-01-04 19:46:05,205 - Boss: Rank: 11 | Suit S | Attack 10 | Health 11
2025-01-04 19:46:05,205 - Tavern: [3H, TD, TC, 4S, 2H, 7H, 5S, 9H, 6S, 2D, AH, 8H, 5C, 4C, 9D, 7D, 5H, 2S, 6D, TS, 6C]
2025-01-04 19:46:05,205 - Castle: [KS, KC, KD, KH, QD, QS, QC, QH, JC, JD, JH]
2025-01-04 19:46:05,205 - Discard: [AS, 8S, 7C, AD, 9S]
2025-01-04 19:46:05,205 - Active Player: 1
2025-01-04 19:46:05,205 - STATE LOG: END
2025-01-04 19:46:11,349 - STATE LOG: BEGIN
2025-01-04 19:46:11,349 - Noah's Hand: [2C, 3C, 3D, 7S]
2025-01-04 19:46:11,349 - Eve's Hand: [3S, 6H, 8C, 8D, 9C]
2025-01-04 19:46:11,349 - Boss: Rank: 11 | Suit S | Attack 10 | Health 1
2025-01-04 19:46:11,349 - Tavern: [AS, 9S, 7C, 8S, AD, 3H, TD, TC, 4S, 2H, 7H, 5S, 9H, 6S, 2D, AH, 8H, 5C, 4C, 9D, 7D, 5H, 2S, 6D, TS, 6C]
2025-01-04 19:46:11,349 - Castle: [KS, KC, KD, KH, QD, QS, QC, QH, JC, JD, JH]
2025-01-04 19:46:11,349 - Discard: [TH]
2025-01-04 19:46:11,349 - Active Player: 2
2025-01-04 19:46:11,349 - STATE LOG: END
2025-01-04 19:46:13,588 - STATE LOG: BEGIN
2025-01-04 19:46:13,589 - Noah's Hand: [2C, 3C, 3D, 7S, TS, 2S, 7D]
2025-01-04 19:46:13,589 - Eve's Hand: [3S, 6H, 8C, 9C, 6C, 6D, 5H]
2025-01-04 19:46:13,589 - Boss: Rank: 11 | Suit H | Attack 10 | Health 20
2025-01-04 19:46:13,589 - Tavern: [AS, 9S, 7C, 8S, AD, 3H, TD, TC, 4S, 2H, 7H, 5S, 9H, 6S, 2D, AH, 8H, 5C, 4C, 9D]
2025-01-04 19:46:13,589 - Castle: [KS, KC, KD, KH, QD, QS, QC, QH, JC, JD]
2025-01-04 19:46:13,589 - Discard: [TH, 5D, AC, 4H, 4D, 8D, JS]
2025-01-04 19:46:13,589 - Active Player: 2
2025-01-04 19:46:13,589 - STATE LOG: END
2025-01-04 19:46:20,253 - STATE LOG: BEGIN
2025-01-04 19:46:20,253 - Noah's Hand: [2C, 3C, 3D, 7S, TS, 2S, 7D]
2025-01-04 19:46:20,253 - Eve's Hand: [5H, 6C, 6D, 6H, 8C]
2025-01-04 19:46:20,253 - Boss: Rank: 11 | Suit H | Attack 7 | Health 17
2025-01-04 19:46:20,253 - Tavern: [AS, 9S, 7C, 8S, AD, 3H, TD, TC, 4S, 2H, 7H, 5S, 9H, 6S, 2D, AH, 8H, 5C, 4C, 9D]
2025-01-04 19:46:20,253 - Castle: [KS, KC, KD, KH, QD, QS, QC, QH, JC, JD]
2025-01-04 19:46:20,253 - Discard: [TH, 5D, AC, 4H, 4D, 8D, JS, 9C]
2025-01-04 19:46:20,253 - Active Player: 1
2025-01-04 19:46:20,253 - STATE LOG: END
2025-01-04 19:46:26,723 - STATE LOG: BEGIN
2025-01-04 19:46:26,723 - Noah's Hand: [2C, 2S, 3C, 3D, 7S, TS]
2025-01-04 19:46:26,723 - Eve's Hand: [5H, 6C, 6D, 6H, 8C, 4C, 5C]
2025-01-04 19:46:26,723 - Boss: Rank: 11 | Suit H | Attack 7 | Health 10
2025-01-04 19:46:26,723 - Tavern: [AS, 9S, 7C, 8S, AD, 3H, TD, TC, 4S, 2H, 7H, 5S, 9H, 6S, 2D, AH, 8H]
2025-01-04 19:46:26,723 - Castle: [KS, KC, KD, KH, QD, QS, QC, QH, JC, JD]
2025-01-04 19:46:26,723 - Discard: [TH, 5D, AC, 4H, 4D, 8D, JS, 9C, 9D]
2025-01-04 19:46:26,723 - Active Player: 2
2025-01-04 19:46:26,723 - STATE LOG: END
2025-01-04 19:46:32,649 - STATE LOG: BEGIN
2025-01-04 19:46:32,649 - Noah's Hand: [2C, 2S, 3C, 3D, 7S, TS, AH]
2025-01-04 19:46:32,649 - Eve's Hand: [4C, 5C, 5H, 6C, 6H, 8C]
2025-01-04 19:46:32,649 - Boss: Rank: 11 | Suit H | Attack 7 | Health 4
2025-01-04 19:46:32,649 - Tavern: [AS, 9S, 7C, 8S, AD, 3H, TD, TC, 4S, 2H, 7H, 5S, 9H, 6S, 2D]
2025-01-04 19:46:32,649 - Castle: [KS, KC, KD, KH, QD, QS, QC, QH, JC, JD]
2025-01-04 19:46:32,649 - Discard: [TH, 5D, AC, 4H, 4D, 8D, JS, 9C, 9D, 8H]
2025-01-04 19:46:32,649 - Active Player: 1
2025-01-04 19:46:32,649 - STATE LOG: END
2025-01-04 19:46:38,648 - STATE LOG: BEGIN
2025-01-04 19:46:38,648 - Noah's Hand: [AH, 2C, 2S, 7S, TS, 2D, 9H]
2025-01-04 19:46:38,648 - Eve's Hand: [4C, 5C, 5H, 6C, 6H, 8C, 6S]
2025-01-04 19:46:38,648 - Boss: Rank: 11 | Suit D | Attack 10 | Health 20
2025-01-04 19:46:38,648 - Tavern: [AS, 9S, 7C, 8S, AD, 3H, TD, TC, 4S, 2H, 7H, 5S]
2025-01-04 19:46:38,648 - Castle: [KS, KC, KD, KH, QD, QS, QC, QH, JC]
2025-01-04 19:46:38,648 - Discard: [TH, 5D, AC, 4H, 4D, 8D, JS, 9C, 9D, 8H, 7D, 3C, 3D, 3S, 6D, JH]
2025-01-04 19:46:38,648 - Active Player: 1
2025-01-04 19:46:38,648 - STATE LOG: END
2025-01-04 19:46:45,011 - STATE LOG: BEGIN
2025-01-04 19:46:45,011 - Noah's Hand: [AH, 2C, 2D, 2S, 7S, 9H]
2025-01-04 19:46:45,011 - Eve's Hand: [4C, 5C, 5H, 6C, 6H, 8C, 6S]
2025-01-04 19:46:45,011 - Boss: Rank: 11 | Suit D | Attack 0 | Health 10
2025-01-04 19:46:45,012 - Tavern: [AS, 9S, 7C, 8S, AD, 3H, TD, TC, 4S, 2H, 7H, 5S]
2025-01-04 19:46:45,012 - Castle: [KS, KC, KD, KH, QD, QS, QC, QH, JC]
2025-01-04 19:46:45,012 - Discard: [TH, 5D, AC, 4H, 4D, 8D, JS, 9C, 9D, 8H, 7D, 3C, 3D, 3S, 6D, JH]
2025-01-04 19:46:45,012 - Active Player: 2
2025-01-04 19:46:45,012 - STATE LOG: END
2025-01-04 19:46:51,827 - STATE LOG: BEGIN
2025-01-04 19:46:51,828 - Noah's Hand: [AH, 2C, 2D, 2S, 7S, 9H]
2025-01-04 19:46:51,828 - Eve's Hand: [4C, 5C, 5H, 6C, 6H, 6S, 8C]
2025-01-04 19:46:51,828 - Boss: Rank: 11 | Suit D | Attack 0 | Health 10
2025-01-04 19:46:51,828 - Tavern: [AS, 9S, 7C, 8S, AD, 3H, TD, TC, 4S, 2H, 7H, 5S]
2025-01-04 19:46:51,828 - Castle: [KS, KC, KD, KH, QD, QS, QC, QH, JC]
2025-01-04 19:46:51,828 - Discard: [TH, 5D, AC, 4H, 4D, 8D, JS, 9C, 9D, 8H, 7D, 3C, 3D, 3S, 6D, JH]
2025-01-04 19:46:51,828 - Active Player: 1
2025-01-04 19:46:51,828 - STATE LOG: END
2025-01-04 19:46:58,701 - STATE LOG: BEGIN
2025-01-04 19:46:58,701 - Noah's Hand: [2C, 2D, 2S, 9H]
2025-01-04 19:46:58,701 - Eve's Hand: [4C, 5C, 5H, 6C, 6H, 6S, 8C]
2025-01-04 19:46:58,701 - Boss: Rank: 11 | Suit D | Attack 0 | Health 2
2025-01-04 19:46:58,701 - Tavern: [9C, 9D, 6D, 8H, TH, 7D, 3S, 5D, AS, 9S, 7C, 8S, AD, 3H, TD, TC, 4S, 2H, 7H, 5S]
2025-01-04 19:46:58,701 - Castle: [KS, KC, KD, KH, QD, QS, QC, QH, JC]
2025-01-04 19:46:58,702 - Discard: [4H, 8D, 3D, JH, 4D, AC, JS, 3C]
2025-01-04 19:46:58,702 - Active Player: 2
2025-01-04 19:46:58,702 - STATE LOG: END
2025-01-04 19:47:05,048 - STATE LOG: BEGIN
2025-01-04 19:47:05,048 - Noah's Hand: [2C, 2D, 2S, 9H]
2025-01-04 19:47:05,048 - Eve's Hand: [4C, 5C, 6C, 6H, 6S, 8C]
2025-01-04 19:47:05,048 - Boss: Rank: 11 | Suit C | Attack 10 | Health 20
2025-01-04 19:47:05,048 - Tavern: [8D, 4D, JS, AC, JH, 9C, 9D, 6D, 8H, TH, 7D, 3S, 5D, AS, 9S, 7C, 8S, AD, 3H, TD, TC, 4S, 2H, 7H, 5S]
2025-01-04 19:47:05,049 - Castle: [KS, KC, KD, KH, QD, QS, QC, QH]
2025-01-04 19:47:05,049 - Discard: [3D, 4H, 3C, TS, AH, 7S, 5H, JD]
2025-01-04 19:47:05,049 - Active Player: 2
2025-01-04 19:47:05,049 - STATE LOG: END
2025-01-04 19:47:08,306 - STATE LOG: BEGIN
2025-01-04 19:47:08,306 - Noah's Hand: [2C, 2D, 2S, 9H]
2025-01-04 19:47:08,306 - Eve's Hand: [4C, 5C, 6C, 6H]
2025-01-04 19:47:08,306 - Boss: Rank: 11 | Suit C | Attack 4 | Health 14
2025-01-04 19:47:08,306 - Tavern: [8D, 4D, JS, AC, JH, 9C, 9D, 6D, 8H, TH, 7D, 3S, 5D, AS, 9S, 7C, 8S, AD, 3H, TD, TC, 4S, 2H, 7H, 5S]
2025-01-04 19:47:08,306 - Castle: [KS, KC, KD, KH, QD, QS, QC, QH]
2025-01-04 19:47:08,306 - Discard: [3D, 4H, 3C, TS, AH, 7S, 5H, JD, 8C]
2025-01-04 19:47:08,306 - Active Player: 1
2025-01-04 19:47:08,306 - STATE LOG: END
2025-01-04 19:47:12,795 - STATE LOG: BEGIN
2025-01-04 19:47:12,796 - Noah's Hand: [9H, 5S, 2H, TC]
2025-01-04 19:47:12,796 - Eve's Hand: [4C, 5C, 6C, 6H, 7H, 4S, TD]
2025-01-04 19:47:12,796 - Boss: Rank: 11 | Suit C | Attack 0 | Health 8
2025-01-04 19:47:12,796 - Tavern: [8D, 4D, JS, AC, JH, 9C, 9D, 6D, 8H, TH, 7D, 3S, 5D, AS, 9S, 7C, 8S, AD, 3H]
2025-01-04 19:47:12,796 - Castle: [KS, KC, KD, KH, QD, QS, QC, QH]
2025-01-04 19:47:12,796 - Discard: [3D, 4H, 3C, TS, AH, 7S, 5H, JD, 8C]
2025-01-04 19:47:12,796 - Active Player: 2
2025-01-04 19:47:12,796 - STATE LOG: END
2025-01-04 19:47:17,420 - STATE LOG: BEGIN
2025-01-04 19:47:17,420 - Noah's Hand: [9H, 5S, 2H, TC, AD, 8S, 7C]
2025-01-04 19:47:17,420 - Eve's Hand: [4C, 4S, 5C, 6C, 6H, 7H, 3H]
2025-01-04 19:47:17,421 - Boss: Rank: 12 | Suit H | Attack 15 | Health 30
2025-01-04 19:47:17,421 - Tavern: [8D, 4D, JS, AC, JH, 9C, 9D, 6D, 8H, TH, 7D, 3S, 5D, AS, 9S]
2025-01-04 19:47:17,421 - Castle: [KS, KC, KD, KH, QD, QS, QC]
2025-01-04 19:47:17,421 - Discard: [3D, 4H, 3C, TS, AH, 7S, 5H, JD, 8C, 2C, 2D, 2S, 6S, TD, JC]
2025-01-04 19:47:17,421 - Active Player: 2
2025-01-04 19:47:17,421 - STATE LOG: END
2025-01-04 19:47:25,295 - STATE LOG: BEGIN
2025-01-04 19:47:25,296 - Noah's Hand: [9H, 5S, 2H, TC, AD, 8S, 7C]
2025-01-04 19:47:25,296 - Eve's Hand: [3H, 4C, 4S, 5C]
2025-01-04 19:47:25,297 - Boss: Rank: 12 | Suit H | Attack 15 | Health 30
2025-01-04 19:47:25,297 - Tavern: [8D, 4D, JS, AC, JH, 9C, 9D, 6D, 8H, TH, 7D, 3S, 5D, AS, 9S]
2025-01-04 19:47:25,297 - Castle: [KS, KC, KD, KH, QD, QS, QC]
2025-01-04 19:47:25,297 - Discard: [3D, 4H, 3C, TS, AH, 7S, 5H, JD, 8C, 2C, 2D, 2S, 6S, TD, JC, 7H, 6H, 6C]
2025-01-04 19:47:25,297 - Active Player: 1
2025-01-04 19:47:25,297 - STATE LOG: END
2025-01-04 19:47:27,518 - STATE LOG: BEGIN
2025-01-04 19:47:27,518 - Noah's Hand: [2H, 7C, 8S, 9H, TC]
2025-01-04 19:47:27,518 - Eve's Hand: [3H, 4C, 4S, 5C, AS, 3S, 7D]
2025-01-04 19:47:27,518 - Boss: Rank: 12 | Suit H | Attack 9 | Health 24
2025-01-04 19:47:27,518 - Tavern: [8D, 4D, JS, AC, JH, 9C, 9D, 6D, 8H, TH]
2025-01-04 19:47:27,518 - Castle: [KS, KC, KD, KH, QD, QS, QC]
2025-01-04 19:47:27,518 - Discard: [3D, 4H, 3C, TS, AH, 7S, 5H, JD, 8C, 2C, 2D, 2S, 6S, TD, JC, 7H, 6H, 6C, 5D, 9S]
2025-01-04 19:47:27,518 - Active Player: 2
2025-01-04 19:47:27,518 - STATE LOG: END
2025-01-04 19:47:34,014 - STATE LOG: BEGIN
2025-01-04 19:47:34,015 - Noah's Hand: [2H, 7C, 8S, 9H, TC, 8H, 9D]
2025-01-04 19:47:34,015 - Eve's Hand: [3H, 3S, 4C, 4S, 5C, TH]
2025-01-04 19:47:34,015 - Boss: Rank: 12 | Suit H | Attack 1 | Health 16
2025-01-04 19:47:34,015 - Tavern: [8D, 4D, JS, AC, JH, 9C]
2025-01-04 19:47:34,015 - Castle: [KS, KC, KD, KH, QD, QS, QC]
2025-01-04 19:47:34,015 - Discard: [3D, 4H, 3C, TS, AH, 7S, 5H, JD, 8C, 2C, 2D, 2S, 6S, TD, JC, 7H, 6H, 6C, 5D, 9S, 6D]
2025-01-04 19:47:34,015 - Active Player: 1
2025-01-04 19:47:34,015 - STATE LOG: END
2025-01-04 19:47:40,878 - STATE LOG: BEGIN
2025-01-04 19:47:40,879 - Noah's Hand: [2H, 7C, 8H, 8S, 9H, TC]
2025-01-04 19:47:40,879 - Eve's Hand: [3H, 3S, 4C, 4S, 5C, TH, JH]
2025-01-04 19:47:40,879 - Boss: Rank: 12 | Suit H | Attack 1 | Health 7
2025-01-04 19:47:40,879 - Tavern: [8D, 4D, JS, AC]
2025-01-04 19:47:40,879 - Castle: [KS, KC, KD, KH, QD, QS, QC]
2025-01-04 19:47:40,879 - Discard: [3D, 4H, 3C, TS, AH, 7S, 5H, JD, 8C, 2C, 2D, 2S, 6S, TD, JC, 7H, 6H, 6C, 5D, 9S, 6D, 9C]
2025-01-04 19:47:40,879 - Active Player: 2
2025-01-04 19:47:40,879 - STATE LOG: END
2025-01-04 19:47:47,559 - STATE LOG: BEGIN
2025-01-04 19:47:47,561 - Noah's Hand: [2H, 7C, 8H, 8S, 9H, TC]
2025-01-04 19:47:47,561 - Eve's Hand: [3H, 3S, 4C, 5C, TH, JH]
2025-01-04 19:47:47,561 - Boss: Rank: 12 | Suit H | Attack 0 | Health 3
2025-01-04 19:47:47,561 - Tavern: [8D, 4D, JS, AC]
2025-01-04 19:47:47,561 - Castle: [KS, KC, KD, KH, QD, QS, QC]
2025-01-04 19:47:47,561 - Discard: [3D, 4H, 3C, TS, AH, 7S, 5H, JD, 8C, 2C, 2D, 2S, 6S, TD, JC, 7H, 6H, 6C, 5D, 9S, 6D, 9C]
2025-01-04 19:47:47,561 - Active Player: 1
2025-01-04 19:47:47,561 - STATE LOG: END
2025-01-04 19:47:53,799 - STATE LOG: BEGIN
2025-01-04 19:47:53,799 - Noah's Hand: [7C, 8H, 8S, 9H, TC]
2025-01-04 19:47:53,799 - Eve's Hand: [3H, 3S, 4C, 5C, TH, JH]
2025-01-04 19:47:53,799 - Boss: Rank: 12 | Suit H | Attack 0 | Health 1
2025-01-04 19:47:53,799 - Tavern: [8D, 4D, JS, AC]
2025-01-04 19:47:53,799 - Castle: [KS, KC, KD, KH, QD, QS, QC]
2025-01-04 19:47:53,799 - Discard: [3D, 4H, 3C, TS, AH, 7S, 5H, JD, 8C, 2C, 2D, 2S, 6S, TD, JC, 7H, 6H, 6C, 5D, 9S, 6D, 9C]
2025-01-04 19:47:53,799 - Active Player: 2
2025-01-04 19:47:53,799 - STATE LOG: END
2025-01-04 19:47:59,611 - STATE LOG: BEGIN
2025-01-04 19:47:59,612 - Noah's Hand: [7C, 8H, 8S, 9H, TC]
2025-01-04 19:47:59,612 - Eve's Hand: [3H, 3S, 4C, 5C, TH, JH]
2025-01-04 19:47:59,612 - Boss: Rank: 12 | Suit H | Attack 0 | Health 1
2025-01-04 19:47:59,612 - Tavern: [8D, 4D, JS, AC]
2025-01-04 19:47:59,612 - Castle: [KS, KC, KD, KH, QD, QS, QC]
2025-01-04 19:47:59,612 - Discard: [3D, 4H, 3C, TS, AH, 7S, 5H, JD, 8C, 2C, 2D, 2S, 6S, TD, JC, 7H, 6H, 6C, 5D, 9S, 6D, 9C]
2025-01-04 19:47:59,612 - Active Player: 1
2025-01-04 19:47:59,612 - STATE LOG: END
2025-01-04 19:48:02,390 - STATE LOG: BEGIN
2025-01-04 19:48:02,390 - Noah's Hand: [8H, 8S, 9H, TC]
2025-01-04 19:48:02,391 - Eve's Hand: [3H, 3S, 4C, 5C, TH, JH]
2025-01-04 19:48:02,391 - Boss: Rank: 12 | Suit C | Attack 15 | Health 30
2025-01-04 19:48:02,391 - Tavern: [8D, 4D, JS, AC]
2025-01-04 19:48:02,391 - Castle: [KS, KC, KD, KH, QD, QS]
2025-01-04 19:48:02,391 - Discard: [3D, 4H, 3C, TS, AH, 7S, 5H, JD, 8C, 2C, 2D, 2S, 6S, TD, JC, 7H, 6H, 6C, 5D, 9S, 6D, 9C, AD, 5S, 9D, 2H, 7C, AS, 7D, 4S, QH]
2025-01-04 19:48:02,391 - Active Player: 1
2025-01-04 19:48:02,391 - STATE LOG: END
2025-01-04 19:48:03,292 - STATE LOG: BEGIN
2025-01-04 19:48:03,292 - Noah's Hand: [8H, 9H]
2025-01-04 19:48:03,292 - Eve's Hand: [3H, 3S, 4C, 5C, TH, JH]
2025-01-04 19:48:03,292 - Boss: Rank: 12 | Suit C | Attack 7 | Health 22
2025-01-04 19:48:03,292 - Tavern: [8D, 4D, JS, AC]
2025-01-04 19:48:03,292 - Castle: [KS, KC, KD, KH, QD, QS]
2025-01-04 19:48:03,292 - Discard: [3D, 4H, 3C, TS, AH, 7S, 5H, JD, 8C, 2C, 2D, 2S, 6S, TD, JC, 7H, 6H, 6C, 5D, 9S, 6D, 9C, AD, 5S, 9D, 2H, 7C, AS, 7D, 4S, QH, TC]
2025-01-04 19:48:03,292 - Active Player: 2
2025-01-04 19:48:03,293 - STATE LOG: END
2025-01-04 19:48:03,947 - STATE LOG: BEGIN
2025-01-04 19:48:03,947 - Noah's Hand: [8H, 9H]
2025-01-04 19:48:03,947 - Eve's Hand: [3H, 3S, 4C, 5C]
2025-01-04 19:48:03,947 - Boss: Rank: 12 | Suit C | Attack 7 | Health 11
2025-01-04 19:48:03,947 - Tavern: [8C, 2S, AS, 7H, 5D, 3C, 9D, 6H, 2D, 6D, 4S, 8D, 4D, JS, AC]
2025-01-04 19:48:03,947 - Castle: [KS, KC, KD, KH, QD, QS]
2025-01-04 19:48:03,947 - Discard: [TD, 9S, 7C, JD, QH, JC, 4H, TC, 9C, 5S, 5H, 7D, 6C, AD, 7S, 3D, AH, TS, 2C, 6S, 2H, TH]
2025-01-04 19:48:03,947 - Active Player: 1
2025-01-04 19:48:03,947 - STATE LOG: END
2025-01-04 19:48:04,087 - STATE LOG: BEGIN
2025-01-04 19:48:04,087 - Noah's Hand: []
2025-01-04 19:48:04,087 - Eve's Hand: [3H, 3S, 4C, 5C]
2025-01-04 19:48:04,087 - Boss: Rank: 12 | Suit C | Attack 7 | Health 3
2025-01-04 19:48:04,087 - Tavern: [AD, JD, 9C, 2H, 3D, 7D, TD, JC, 8C, 2S, AS, 7H, 5D, 3C, 9D, 6H, 2D, 6D, 4S, 8D, 4D, JS, AC]
2025-01-04 19:48:04,087 - Castle: [KS, KC, KD, KH, QD, QS]
2025-01-04 19:48:04,087 - Discard: [TH, TC, AH, 7S, 6C, QH, 9S, TS, 6S, 2C, 5H, 4H, 7C, 5S]
2025-01-04 19:48:04,087 - Active Player: 2
2025-01-04 19:48:04,087 - STATE LOG: END
