2025-01-04 19:45:17,713 - I log states! :D
2025-01-04 19:45:17,713 - STATE LOG: BEGIN
2025-01-04 19:45:17,713 - Noah's Hand: [9D, TD, AD, TS, 5H, 6H, 3C]
2025-01-04 19:45:17,714 - Eve's Hand: [5D, AC, 2C, AH, 4S, AS, 4C]
2025-01-04 19:45:17,714 - Boss: Rank: 11 | Suit D | Attack 10 | Health 20
2025-01-04 19:45:17,714 - Tavern: [3D, TC, 6C, 4H, 6D, 8C, 6S, 3S, TH, 7S, 7C, 7D, 5S, 4D, 7H, 9C, 9S, 8H, 8D, 5C, 8S, 3H, 9H, 2H, 2S, 2D]
2025-01-04 19:45:17,714 - Castle: [KS, KH, KC, KD, QD, QH, QC, QS, JS, JH, JC]
2025-01-04 19:45:17,714 - Discard: []
2025-01-04 19:45:17,714 - Active Player: 1
2025-01-04 19:45:17,714 - STATE LOG: END
2025-01-04 19:45:17,897 - STATE LOG: BEGIN
2025-01-04 19:45:17,897 - Noah's Hand: [3C, 5H, 6H, 9D, TD]
2025-01-04 19:45:17,897 - Eve's Hand: [5D, AC, 2C, AH, 4S, AS, 4C]
2025-01-04 19:45:17,897 - Boss: Rank: 11 | Suit D | Attack 0 | Health 9
2025-01-04 19:45:17,897 - Tavern: [3D, TC, 6C, 4H, 6D, 8C, 6S, 3S, TH, 7S, 7C, 7D, 5S, 4D, 7H, 9C, 9S, 8H, 8D, 5C, 8S, 3H, 9H, 2H, 2S, 2D]
2025-01-04 19:45:17,897 - Castle: [KS, KH, KC, KD, QD, QH, QC, QS, JS, JH, JC]
2025-01-04 19:45:17,897 - Discard: []
2025-01-04 19:45:17,897 - Active Player: 2
2025-01-04 19:45:17,897 - STATE LOG: END
2025-01-04 19:45:18,076 - STATE LOG: BEGIN
2025-01-04 19:45:18,076 - Noah's Hand: [3C, 5H, 6H, 9D, TD]
2025-01-04 19:45:18,076 - Eve's Hand: [AH, AS, 2C, 4C, 5D]
2025-01-04 19:45:18,076 - Boss: Rank: 11 | Suit C | Attack 10 | Health 20
2025-01-04 19:45:18,076 - Tavern: [3D, TC, 6C, 4H, 6D, 8C, 6S, 3S, TH, 7S, 7C, 7D, 5S, 4D, 7H, 9C, 9S, 8H, 8D, 5C, 8S, 3H, 9H, 2H, 2S, 2D]
2025-01-04 19:45:18,076 - Castle: [KS, KH, KC, KD, QD, QH, QC, QS, JS, JH]
2025-01-04 19:45:18,076 - Discard: [AD, TS, AC, 4S, JD]
2025-01-04 19:45:18,076 - Active Player: 2
2025-01-04 19:45:18,076 - STATE LOG: END
2025-01-04 19:45:18,213 - STATE LOG: BEGIN
2025-01-04 19:45:18,213 - Noah's Hand: [3C, 5H, 6H, 9D, TD, 2S, 9H]
2025-01-04 19:45:18,213 - Eve's Hand: [AH, 2C, 4C, 2D, 2H, 3H]
2025-01-04 19:45:18,213 - Boss: Rank: 11 | Suit C | Attack 4 | Health 14
2025-01-04 19:45:18,213 - Tavern: [3D, TC, 6C, 4H, 6D, 8C, 6S, 3S, TH, 7S, 7C, 7D, 5S, 4D, 7H, 9C, 9S, 8H, 8D, 5C]
2025-01-04 19:45:18,213 - Castle: [KS, KH, KC, KD, QD, QH, QC, QS, JS, JH]
2025-01-04 19:45:18,213 - Discard: [AD, TS, AC, 4S, JD, 8S]
2025-01-04 19:45:18,213 - Active Player: 1
2025-01-04 19:45:18,213 - STATE LOG: END
2025-01-04 19:45:18,417 - STATE LOG: BEGIN
2025-01-04 19:45:18,417 - Noah's Hand: [2S, 5H, 6H, 9D, 9H]
2025-01-04 19:45:18,417 - Eve's Hand: [AH, 2C, 4C, 2D, 2H, 3H]
2025-01-04 19:45:18,417 - Boss: Rank: 11 | Suit C | Attack 4 | Health 11
2025-01-04 19:45:18,417 - Tavern: [3D, TC, 6C, 4H, 6D, 8C, 6S, 3S, TH, 7S, 7C, 7D, 5S, 4D, 7H, 9C, 9S, 8H, 8D, 5C]
2025-01-04 19:45:18,418 - Castle: [KS, KH, KC, KD, QD, QH, QC, QS, JS, JH]
2025-01-04 19:45:18,418 - Discard: [AD, TS, AC, 4S, JD, 8S, TD]
2025-01-04 19:45:18,418 - Active Player: 2
2025-01-04 19:45:18,418 - STATE LOG: END
2025-01-04 19:45:18,615 - STATE LOG: BEGIN
2025-01-04 19:45:18,615 - Noah's Hand: [2S, 5H, 6H, 9D, 9H, 8D, 9S]
2025-01-04 19:45:18,615 - Eve's Hand: [AH, 3H, 4C, 5C, 8H, 9C]
2025-01-04 19:45:18,615 - Boss: Rank: 11 | Suit C | Attack 4 | Health 5
2025-01-04 19:45:18,615 - Tavern: [AD, TD, 4S, AC, TS, 8S, 3D, TC, 6C, 4H, 6D, 8C, 6S, 3S, TH, 7S, 7C, 7D, 5S, 4D]
2025-01-04 19:45:18,615 - Castle: [KS, KH, KC, KD, QD, QH, QC, QS, JS, JH]
2025-01-04 19:45:18,615 - Discard: [JD, 7H]
2025-01-04 19:45:18,615 - Active Player: 1
2025-01-04 19:45:18,615 - STATE LOG: END
2025-01-04 19:45:18,779 - STATE LOG: BEGIN
2025-01-04 19:45:18,780 - Noah's Hand: [2S, 5H, 6H, 8D, 9H, 9S, 4D]
2025-01-04 19:45:18,780 - Eve's Hand: [AH, 3H, 4C, 5C, 8H, 9C, 5S]
2025-01-04 19:45:18,780 - Boss: Rank: 11 | Suit H | Attack 10 | Health 20
2025-01-04 19:45:18,780 - Tavern: [AD, TD, 4S, AC, TS, 8S, 3D, TC, 6C, 4H, 6D, 8C, 6S, 3S, TH, 7S, 7C, 7D]
2025-01-04 19:45:18,780 - Castle: [KS, KH, KC, KD, QD, QH, QC, QS, JS]
2025-01-04 19:45:18,780 - Discard: [JD, 7H, 3C, 9D, AS, 5D, 2C, 2D, 2H, JC]
2025-01-04 19:45:18,780 - Active Player: 1
2025-01-04 19:45:18,780 - STATE LOG: END
2025-01-04 19:45:18,945 - STATE LOG: BEGIN
2025-01-04 19:45:18,945 - Noah's Hand: [2S, 5H, 6H, 8D, 9H]
2025-01-04 19:45:18,945 - Eve's Hand: [AH, 3H, 4C, 5C, 8H, 9C, 5S]
2025-01-04 19:45:18,945 - Boss: Rank: 11 | Suit H | Attack 10 | Health 16
2025-01-04 19:45:18,945 - Tavern: [AD, TD, 4S, AC, TS, 8S, 3D, TC, 6C, 4H, 6D, 8C, 6S, 3S, TH, 7S, 7C]
2025-01-04 19:45:18,945 - Castle: [KS, KH, KC, KD, QD, QH, QC, QS, JS]
2025-01-04 19:45:18,945 - Discard: [JD, 7H, 3C, 9D, AS, 5D, 2C, 2D, 2H, JC, 7D, 9S]
2025-01-04 19:45:18,945 - Active Player: 2
2025-01-04 19:45:18,946 - STATE LOG: END
2025-01-04 19:45:19,099 - STATE LOG: BEGIN
2025-01-04 19:45:19,099 - Noah's Hand: [2S, 5H, 6H, 8D, 9H]
2025-01-04 19:45:19,099 - Eve's Hand: [3H, 5C, 5S]
2025-01-04 19:45:19,099 - Boss: Rank: 11 | Suit H | Attack 10 | Health 6
2025-01-04 19:45:19,099 - Tavern: [AD, TD, 4S, AC, TS, 8S, 3D, TC, 6C, 4H, 6D, 8C, 6S, 3S, TH, 7S, 7C]
2025-01-04 19:45:19,099 - Castle: [KS, KH, KC, KD, QD, QH, QC, QS, JS]
2025-01-04 19:45:19,099 - Discard: [JD, 7H, 3C, 9D, AS, 5D, 2C, 2D, 2H, JC, 7D, 9S, 9C, 8H]
2025-01-04 19:45:19,099 - Active Player: 1
2025-01-04 19:45:19,099 - STATE LOG: END
2025-01-04 19:45:19,232 - STATE LOG: BEGIN
2025-01-04 19:45:19,232 - Noah's Hand: [2S, 5H, 6H, 9H, 7C, TH, 6S]
2025-01-04 19:45:19,232 - Eve's Hand: [3H, 5C, 5S, 7S, 3S, 8C, 6D]
2025-01-04 19:45:19,232 - Boss: Rank: 11 | Suit S | Attack 10 | Health 20
2025-01-04 19:45:19,232 - Tavern: [AD, TD, 4S, AC, TS, 8S, 3D, TC, 6C, 4H]
2025-01-04 19:45:19,232 - Castle: [KS, KH, KC, KD, QD, QH, QC, QS]
2025-01-04 19:45:19,232 - Discard: [JD, 7H, 3C, 9D, AS, 5D, 2C, 2D, 2H, JC, 7D, 9S, 9C, 8H, 4D, 8D, AH, 4C, JH]
2025-01-04 19:45:19,232 - Active Player: 1
2025-01-04 19:45:19,232 - STATE LOG: END
2025-01-04 19:45:19,395 - STATE LOG: BEGIN
2025-01-04 19:45:19,395 - Noah's Hand: [2S, 5H, 6H, 6S, 7C, 9H]
2025-01-04 19:45:19,395 - Eve's Hand: [3H, 5C, 5S, 7S, 3S, 8C, 6D]
2025-01-04 19:45:19,395 - Boss: Rank: 11 | Suit S | Attack 10 | Health 20
2025-01-04 19:45:19,395 - Tavern: [AD, TD, 4S, AC, TS, 8S, 3D, TC, 6C, 4H]
2025-01-04 19:45:19,395 - Castle: [KS, KH, KC, KD, QD, QH, QC, QS]
2025-01-04 19:45:19,395 - Discard: [JD, 7H, 3C, 9D, AS, 5D, 2C, 2D, 2H, JC, 7D, 9S, 9C, 8H, 4D, 8D, AH, 4C, JH, TH]
2025-01-04 19:45:19,395 - Active Player: 2
2025-01-04 19:45:19,395 - STATE LOG: END
2025-01-04 19:45:19,534 - STATE LOG: BEGIN
2025-01-04 19:45:19,534 - Noah's Hand: [2S, 5H, 6H, 6S, 7C, 9H, 6C]
2025-01-04 19:45:19,534 - Eve's Hand: [3H, 3S, 5C, 5S, 7S]
2025-01-04 19:45:19,534 - Boss: Rank: 11 | Suit S | Attack 10 | Health 14
2025-01-04 19:45:19,534 - Tavern: [AD, TD, 4S, AC, TS, 8S, 3D, TC]
2025-01-04 19:45:19,534 - Castle: [KS, KH, KC, KD, QD, QH, QC, QS]
2025-01-04 19:45:19,534 - Discard: [JD, 7H, 3C, 9D, AS, 5D, 2C, 2D, 2H, JC, 7D, 9S, 9C, 8H, 4D, 8D, AH, 4C, JH, TH, 4H, 8C]
2025-01-04 19:45:19,534 - Active Player: 1
2025-01-04 19:45:19,534 - STATE LOG: END
2025-01-04 19:45:19,662 - STATE LOG: BEGIN
2025-01-04 19:45:19,662 - Noah's Hand: [2S, 5H, 6C, 6H]
2025-01-04 19:45:19,662 - Eve's Hand: [3H, 3S, 5C, 5S, 7S]
2025-01-04 19:45:19,662 - Boss: Rank: 11 | Suit S | Attack 10 | Health 5
2025-01-04 19:45:19,662 - Tavern: [5D, 2C, 7H, AS, 4H, 4D, 8C, JH, 8H, AD, TD, 4S, AC, TS, 8S, 3D, TC]
2025-01-04 19:45:19,662 - Castle: [KS, KH, KC, KD, QD, QH, QC, QS]
2025-01-04 19:45:19,662 - Discard: [8D, 7D, 2H, 4C, JC, 9C, 9S, TH, AH, 3C, 9D, JD, 2D, 7C, 6S]
2025-01-04 19:45:19,662 - Active Player: 2
2025-01-04 19:45:19,663 - STATE LOG: END
2025-01-04 19:45:19,774 - STATE LOG: BEGIN
2025-01-04 19:45:19,774 - Noah's Hand: [2S, 5H, 6C, 6H]
2025-01-04 19:45:19,774 - Eve's Hand: [3H, 3S, 5C]
2025-01-04 19:45:19,774 - Boss: Rank: 11 | Suit S | Attack 10 | Health 5
2025-01-04 19:45:19,774 - Tavern: [5D, 2C, 7H, AS, 4H, 4D, 8C, JH, 8H, AD, TD, 4S, AC, TS, 8S, 3D, TC]
2025-01-04 19:45:19,774 - Castle: [KS, KH, KC, KD, QD, QH, QC, QS]
2025-01-04 19:45:19,774 - Discard: [8D, 7D, 2H, 4C, JC, 9C, 9S, TH, AH, 3C, 9D, JD, 2D, 7C, 6S, 7S, 5S]
2025-01-04 19:45:19,774 - Active Player: 1
2025-01-04 19:45:19,774 - STATE LOG: END
2025-01-04 19:45:19,873 - STATE LOG: BEGIN
2025-01-04 19:45:19,873 - Noah's Hand: [5H]
2025-01-04 19:45:19,873 - Eve's Hand: [3H, 3S, 5C]
2025-01-04 19:45:19,873 - Boss: Rank: 11 | Suit S | Attack 10 | Health 3
2025-01-04 19:45:19,873 - Tavern: [5D, 2C, 7H, AS, 4H, 4D, 8C, JH, 8H, AD, TD, 4S, AC, TS, 8S, 3D, TC]
2025-01-04 19:45:19,873 - Castle: [KS, KH, KC, KD, QD, QH, QC, QS]
2025-01-04 19:45:19,873 - Discard: [8D, 7D, 2H, 4C, JC, 9C, 9S, TH, AH, 3C, 9D, JD, 2D, 7C, 6S, 7S, 5S, 6H, 6C]
2025-01-04 19:45:19,873 - Active Player: 2
2025-01-04 19:45:19,873 - STATE LOG: END
2025-01-04 19:45:19,961 - STATE LOG: BEGIN
2025-01-04 19:45:19,962 - Noah's Hand: [5H]
2025-01-04 19:45:19,962 - Eve's Hand: []
2025-01-04 19:45:19,962 - Boss: Rank: 11 | Suit S | Attack 10 | Health 3
2025-01-04 19:45:19,962 - Tavern: [5D, 2C, 7H, AS, 4H, 4D, 8C, JH, 8H, AD, TD, 4S, AC, TS, 8S, 3D, TC]
2025-01-04 19:45:19,962 - Castle: [KS, KH, KC, KD, QD, QH, QC, QS]
2025-01-04 19:45:19,962 - Discard: [8D, 7D, 2H, 4C, JC, 9C, 9S, TH, AH, 3C, 9D, JD, 2D, 7C, 6S, 7S, 5S, 6H, 6C]
2025-01-04 19:45:19,962 - Active Player: 1
2025-01-04 19:45:19,962 - STATE LOG: END
