2025-01-04 16:01:03,849 - I log states! :D
2025-01-04 16:01:03,849 - STATE LOG: BEGIN
2025-01-04 16:01:03,849 - Noah's Hand: [3C, 3H, 4S, 8C, AH, TC, 6H]
2025-01-04 16:01:03,849 - Eve's Hand: [7S, 7C, 9H, 5C, 3D, 3S, 2D]
2025-01-04 16:01:03,849 - Boss: Rank: 11 | Suit H | Attack 10 | Health 20
2025-01-04 16:01:03,849 - Tavern: [AC, 2S, 9C, 5H, 2C, 7D, 2H, 5D, TD, 8D, 6C, TS, 9S, 8H, 8S, 6D, 6S, AD, 4C, 9D, 4H, 7H, 5S, AS, TH, 4D]
2025-01-04 16:01:03,849 - Castle: [KD, KH, KC, KS, QC, QS, QD, QH, JC, JS, JD]
2025-01-04 16:01:03,849 - Discard: []
2025-01-04 16:01:03,849 - Active Player: 1
2025-01-04 16:01:03,850 - STATE LOG: END
2025-01-04 16:01:04,461 - STATE LOG: BEGIN
2025-01-04 16:01:04,461 - Noah's Hand: [AH, 3C, 3H, 4S, 8C]
2025-01-04 16:01:04,461 - Eve's Hand: [7S, 7C, 9H, 5C, 3D, 3S, 2D]
2025-01-04 16:01:04,461 - Boss: Rank: 11 | Suit H | Attack 10 | Health 14
2025-01-04 16:01:04,461 - Tavern: [AC, 2S, 9C, 5H, 2C, 7D, 2H, 5D, TD, 8D, 6C, TS, 9S, 8H, 8S, 6D, 6S, AD, 4C, 9D, 4H, 7H, 5S, AS, TH, 4D]
2025-01-04 16:01:04,461 - Castle: [KD, KH, KC, KS, QC, QS, QD, QH, JC, JS, JD]
2025-01-04 16:01:04,461 - Discard: [TC]
2025-01-04 16:01:04,461 - Active Player: 2
2025-01-04 16:01:04,461 - STATE LOG: END
2025-01-04 16:01:04,985 - STATE LOG: BEGIN
2025-01-04 16:01:04,985 - Noah's Hand: [AH, 3C, 3H, 4S, 8C, TH]
2025-01-04 16:01:04,985 - Eve's Hand: [3D, 3S, 5C, 7C, 7S]
2025-01-04 16:01:04,985 - Boss: Rank: 11 | Suit H | Attack 10 | Health 12
2025-01-04 16:01:04,985 - Tavern: [AC, 2S, 9C, 5H, 2C, 7D, 2H, 5D, TD, 8D, 6C, TS, 9S, 8H, 8S, 6D, 6S, AD, 4C, 9D, 4H, 7H, 5S, AS]
2025-01-04 16:01:04,985 - Castle: [KD, KH, KC, KS, QC, QS, QD, QH, JC, JS, JD]
2025-01-04 16:01:04,985 - Discard: [TC, 4D, 9H]
2025-01-04 16:01:04,985 - Active Player: 1
2025-01-04 16:01:04,985 - STATE LOG: END
2025-01-04 16:01:05,503 - STATE LOG: BEGIN
2025-01-04 16:01:05,503 - Noah's Hand: [AH, 3C, 3H, 4S, 8C]
2025-01-04 16:01:05,503 - Eve's Hand: [3D, 3S, 5C, 7C, 7S]
2025-01-04 16:01:05,503 - Boss: Rank: 11 | Suit H | Attack 10 | Health 12
2025-01-04 16:01:05,503 - Tavern: [AC, 2S, 9C, 5H, 2C, 7D, 2H, 5D, TD, 8D, 6C, TS, 9S, 8H, 8S, 6D, 6S, AD, 4C, 9D, 4H, 7H, 5S, AS]
2025-01-04 16:01:05,503 - Castle: [KD, KH, KC, KS, QC, QS, QD, QH, JC, JS, JD]
2025-01-04 16:01:05,503 - Discard: [TC, 4D, 9H, TH]
2025-01-04 16:01:05,503 - Active Player: 2
2025-01-04 16:01:05,503 - STATE LOG: END
2025-01-04 16:01:05,898 - STATE LOG: BEGIN
2025-01-04 16:01:05,898 - Noah's Hand: [AH, 3C, 3H, 4S, 8C, 5S, 4H]
2025-01-04 16:01:05,898 - Eve's Hand: [5C, 7C, 7S, AS, 7H, 9D]
2025-01-04 16:01:05,898 - Boss: Rank: 11 | Suit H | Attack 4 | Health 6
2025-01-04 16:01:05,898 - Tavern: [AC, 2S, 9C, 5H, 2C, 7D, 2H, 5D, TD, 8D, 6C, TS, 9S, 8H, 8S, 6D, 6S, AD]
2025-01-04 16:01:05,898 - Castle: [KD, KH, KC, KS, QC, QS, QD, QH, JC, JS, JD]
2025-01-04 16:01:05,898 - Discard: [TC, 4D, 9H, TH, 4C]
2025-01-04 16:01:05,898 - Active Player: 1
2025-01-04 16:01:05,898 - STATE LOG: END
2025-01-04 16:01:06,503 - STATE LOG: BEGIN
2025-01-04 16:01:06,503 - Noah's Hand: [3C, 3H, 4H, 4S, 5S]
2025-01-04 16:01:06,503 - Eve's Hand: [5C, 7C, 7S, AS, 7H, 9D]
2025-01-04 16:01:06,503 - Boss: Rank: 11 | Suit H | Attack 4 | Health 5
2025-01-04 16:01:06,503 - Tavern: [AC, 2S, 9C, 5H, 2C, 7D, 2H, 5D, TD, 8D, 6C, TS, 9S, 8H, 8S, 6D, 6S, AD]
2025-01-04 16:01:06,503 - Castle: [KD, KH, KC, KS, QC, QS, QD, QH, JC, JS, JD]
2025-01-04 16:01:06,503 - Discard: [TC, 4D, 9H, TH, 4C, 8C]
2025-01-04 16:01:06,503 - Active Player: 2
2025-01-04 16:01:06,503 - STATE LOG: END
2025-01-04 16:01:07,039 - STATE LOG: BEGIN
2025-01-04 16:01:07,039 - Noah's Hand: [3C, 3H, 4H, 4S, 5S, 6S, 8S]
2025-01-04 16:01:07,039 - Eve's Hand: [5C, 7C, 7H, 7S, AD, 6D, 8H]
2025-01-04 16:01:07,039 - Boss: Rank: 11 | Suit D | Attack 10 | Health 20
2025-01-04 16:01:07,040 - Tavern: [AC, 2S, 9C, 5H, 2C, 7D, 2H, 5D, TD, 8D, 6C, TS, 9S]
2025-01-04 16:01:07,040 - Castle: [KD, KH, KC, KS, QC, QS, QD, QH, JC, JS]
2025-01-04 16:01:07,040 - Discard: [TC, 4D, 9H, TH, 4C, 8C, 6H, AH, 2D, 3D, 3S, AS, 9D, JH]
2025-01-04 16:01:07,040 - Active Player: 2
2025-01-04 16:01:07,040 - STATE LOG: END
2025-01-04 16:01:07,608 - STATE LOG: BEGIN
2025-01-04 16:01:07,608 - Noah's Hand: [3C, 3H, 4H, 4S, 5S, 6S, 8S]
2025-01-04 16:01:07,608 - Eve's Hand: [AD, 5C, 6D, 7C, 7H]
2025-01-04 16:01:07,608 - Boss: Rank: 11 | Suit D | Attack 3 | Health 13
2025-01-04 16:01:07,608 - Tavern: [AC, 2S, 9C, 5H, 2C, 7D, 2H, 5D, TD, 8D, 6C, TS, 9S]
2025-01-04 16:01:07,608 - Castle: [KD, KH, KC, KS, QC, QS, QD, QH, JC, JS]
2025-01-04 16:01:07,608 - Discard: [TC, 4D, 9H, TH, 4C, 8C, 6H, AH, 2D, 3D, 3S, AS, 9D, JH, 8H]
2025-01-04 16:01:07,608 - Active Player: 1
2025-01-04 16:01:07,608 - STATE LOG: END
2025-01-04 16:01:08,249 - STATE LOG: BEGIN
2025-01-04 16:01:08,249 - Noah's Hand: [3C, 3H, 4H, 4S, 6S, 8S]
2025-01-04 16:01:08,249 - Eve's Hand: [AD, 5C, 6D, 7C, 7H]
2025-01-04 16:01:08,249 - Boss: Rank: 11 | Suit D | Attack 0 | Health 8
2025-01-04 16:01:08,249 - Tavern: [AC, 2S, 9C, 5H, 2C, 7D, 2H, 5D, TD, 8D, 6C, TS, 9S]
2025-01-04 16:01:08,249 - Castle: [KD, KH, KC, KS, QC, QS, QD, QH, JC, JS]
2025-01-04 16:01:08,249 - Discard: [TC, 4D, 9H, TH, 4C, 8C, 6H, AH, 2D, 3D, 3S, AS, 9D, JH, 8H]
2025-01-04 16:01:08,249 - Active Player: 2
2025-01-04 16:01:08,249 - STATE LOG: END
2025-01-04 16:01:08,848 - STATE LOG: BEGIN
2025-01-04 16:01:08,848 - Noah's Hand: [3C, 3H, 4H, 4S, 6S, 8S]
2025-01-04 16:01:08,848 - Eve's Hand: [AD, 6D, 7C, 7H]
2025-01-04 16:01:08,848 - Boss: Rank: 11 | Suit S | Attack 10 | Health 20
2025-01-04 16:01:08,848 - Tavern: [AC, 2S, 9C, 5H, 2C, 7D, 2H, 5D, TD, 8D, 6C, TS, 9S]
2025-01-04 16:01:08,848 - Castle: [KD, KH, KC, KS, QC, QS, QD, QH, JC]
2025-01-04 16:01:08,848 - Discard: [TC, 4D, 9H, TH, 4C, 8C, 6H, AH, 2D, 3D, 3S, AS, 9D, JH, 8H, 5S, 7S, 5C, JD]
2025-01-04 16:01:08,848 - Active Player: 2
2025-01-04 16:01:08,848 - STATE LOG: END
2025-01-04 16:01:09,429 - STATE LOG: BEGIN
2025-01-04 16:01:09,429 - Noah's Hand: [3C, 3H, 4H, 4S, 6S, 8S, TS]
2025-01-04 16:01:09,429 - Eve's Hand: [AD, 7C, 7H, 9S, 6C, 8D]
2025-01-04 16:01:09,429 - Boss: Rank: 11 | Suit S | Attack 10 | Health 14
2025-01-04 16:01:09,429 - Tavern: [AC, 2S, 9C, 5H, 2C, 7D, 2H, 5D]
2025-01-04 16:01:09,429 - Castle: [KD, KH, KC, KS, QC, QS, QD, QH, JC]
2025-01-04 16:01:09,430 - Discard: [TC, 4D, 9H, TH, 4C, 8C, 6H, AH, 2D, 3D, 3S, AS, 9D, JH, 8H, 5S, 7S, 5C, JD, TD]
2025-01-04 16:01:09,430 - Active Player: 1
2025-01-04 16:01:09,430 - STATE LOG: END
2025-01-04 16:01:10,183 - STATE LOG: BEGIN
2025-01-04 16:01:10,183 - Noah's Hand: [4H, 4S, 6S, 8S]
2025-01-04 16:01:10,183 - Eve's Hand: [AD, 7C, 7H, 9S, 6C, 8D]
2025-01-04 16:01:10,183 - Boss: Rank: 11 | Suit S | Attack 10 | Health 2
2025-01-04 16:01:10,183 - Tavern: [3S, JH, TH, JD, AH, AS, AC, 2S, 9C, 5H, 2C, 7D, 2H, 5D]
2025-01-04 16:01:10,183 - Castle: [KD, KH, KC, KS, QC, QS, QD, QH, JC]
2025-01-04 16:01:10,183 - Discard: [2D, 3D, TD, 9D, 7S, 8H, 9H, 8C, TC, 5C, 5S, 6H, 4D, 4C, TS]
2025-01-04 16:01:10,183 - Active Player: 2
2025-01-04 16:01:10,183 - STATE LOG: END
2025-01-04 16:01:10,908 - STATE LOG: BEGIN
2025-01-04 16:01:10,908 - Noah's Hand: [4H, 4S, 6S, 8S]
2025-01-04 16:01:10,908 - Eve's Hand: [AD, 6C, 7C, 8D, 9S]
2025-01-04 16:01:10,908 - Boss: Rank: 11 | Suit C | Attack 10 | Health 20
2025-01-04 16:01:10,908 - Tavern: [6H, TS, 5S, TD, 8H, 9D, TC, 3S, JH, TH, JD, AH, AS, AC, 2S, 9C, 5H, 2C, 7D, 2H, 5D]
2025-01-04 16:01:10,908 - Castle: [KD, KH, KC, KS, QC, QS, QD, QH]
2025-01-04 16:01:10,909 - Discard: [2D, 8C, 4C, 5C, 9H, 3D, 7S, 4D, 3C, 3H, 6D, 7H, JS]
2025-01-04 16:01:10,909 - Active Player: 2
2025-01-04 16:01:10,909 - STATE LOG: END
2025-01-04 16:01:11,548 - STATE LOG: BEGIN
2025-01-04 16:01:11,549 - Noah's Hand: [4H, 4S, 6S, 8S, 2H, 2C, 9C]
2025-01-04 16:01:11,549 - Eve's Hand: [AD, 6C, 7C, 9S, 5D]
2025-01-04 16:01:11,549 - Boss: Rank: 11 | Suit C | Attack 10 | Health 12
2025-01-04 16:01:11,549 - Tavern: [6H, TS, 5S, TD, 8H, 9D, TC, 3S, JH, TH, JD, AH, AS, AC, 2S]
2025-01-04 16:01:11,549 - Castle: [KD, KH, KC, KS, QC, QS, QD, QH]
2025-01-04 16:01:11,549 - Discard: [2D, 8C, 4C, 5C, 9H, 3D, 7S, 4D, 3C, 3H, 6D, 7H, JS, 5H, 7D]
2025-01-04 16:01:11,549 - Active Player: 1
2025-01-04 16:01:11,549 - STATE LOG: END
2025-01-04 16:01:12,319 - STATE LOG: BEGIN
2025-01-04 16:01:12,320 - Noah's Hand: [2H, 4H, 4S, 6S]
2025-01-04 16:01:12,320 - Eve's Hand: [AD, 6C, 7C, 9S, 5D]
2025-01-04 16:01:12,320 - Boss: Rank: 11 | Suit C | Attack 10 | Health 10
2025-01-04 16:01:12,320 - Tavern: [6H, TS, 5S, TD, 8H, 9D, TC, 3S, JH, TH, JD, AH, AS, AC, 2S]
2025-01-04 16:01:12,320 - Castle: [KD, KH, KC, KS, QC, QS, QD, QH]
2025-01-04 16:01:12,320 - Discard: [2D, 8C, 4C, 5C, 9H, 3D, 7S, 4D, 3C, 3H, 6D, 7H, JS, 5H, 7D, 9C, 8S]
2025-01-04 16:01:12,320 - Active Player: 2
2025-01-04 16:01:12,320 - STATE LOG: END
2025-01-04 16:01:12,948 - STATE LOG: BEGIN
2025-01-04 16:01:12,948 - Noah's Hand: [2H, 4H, 4S, 6S, AC, AH, TH]
2025-01-04 16:01:12,948 - Eve's Hand: [5D, 6C, 7C, 2S, AS, JD, JH]
2025-01-04 16:01:12,948 - Boss: Rank: 12 | Suit H | Attack 15 | Health 30
2025-01-04 16:01:12,948 - Tavern: [6H, TS, 5S, TD, 8H, 9D, TC, 3S]
2025-01-04 16:01:12,949 - Castle: [KD, KH, KC, KS, QC, QS, QD]
2025-01-04 16:01:12,949 - Discard: [2D, 8C, 4C, 5C, 9H, 3D, 7S, 4D, 3C, 3H, 6D, 7H, JS, 5H, 7D, 9C, 8S, 2C, 8D, AD, 9S]
2025-01-04 16:01:12,949 - Active Player: 2
2025-01-04 16:01:12,949 - STATE LOG: END
2025-01-04 16:01:13,688 - STATE LOG: BEGIN
2025-01-04 16:01:13,688 - Noah's Hand: [2H, 4H, 4S, 6S, AC, AH, TH]
2025-01-04 16:01:13,688 - Eve's Hand: [2S, 5D, 6C, 7C, JH, JC]
2025-01-04 16:01:13,688 - Boss: Rank: 12 | Suit H | Attack 3 | Health 18
2025-01-04 16:01:13,688 - Tavern: [6H, TS, 5S, TD, 8H, 9D, TC]
2025-01-04 16:01:13,688 - Castle: [KD, KH, KC, KS, QC, QS, QD]
2025-01-04 16:01:13,688 - Discard: [2D, 8C, 4C, 5C, 9H, 3D, 7S, 4D, 3C, 3H, 6D, 7H, JS, 5H, 7D, 9C, 8S, 2C, 8D, AD, 9S, 3S]
2025-01-04 16:01:13,688 - Active Player: 1
2025-01-04 16:01:13,688 - STATE LOG: END
2025-01-04 16:01:14,417 - STATE LOG: BEGIN
2025-01-04 16:01:14,417 - Noah's Hand: [AC, AH, 2H, 4H, 6S, TH]
2025-01-04 16:01:14,417 - Eve's Hand: [2S, 5D, 6C, 7C, JH, JC]
2025-01-04 16:01:14,417 - Boss: Rank: 12 | Suit H | Attack 0 | Health 14
2025-01-04 16:01:14,417 - Tavern: [6H, TS, 5S, TD, 8H, 9D, TC]
2025-01-04 16:01:14,417 - Castle: [KD, KH, KC, KS, QC, QS, QD]
2025-01-04 16:01:14,417 - Discard: [2D, 8C, 4C, 5C, 9H, 3D, 7S, 4D, 3C, 3H, 6D, 7H, JS, 5H, 7D, 9C, 8S, 2C, 8D, AD, 9S, 3S]
2025-01-04 16:01:14,417 - Active Player: 2
2025-01-04 16:01:14,417 - STATE LOG: END
2025-01-04 16:01:15,104 - STATE LOG: BEGIN
2025-01-04 16:01:15,104 - Noah's Hand: [AC, AH, 2H, 4H, 6S, TH]
2025-01-04 16:01:15,104 - Eve's Hand: [2S, 5D, 6C, 7C, JC, JH]
2025-01-04 16:01:15,104 - Boss: Rank: 12 | Suit H | Attack 0 | Health 14
2025-01-04 16:01:15,104 - Tavern: [6H, TS, 5S, TD, 8H, 9D, TC]
2025-01-04 16:01:15,104 - Castle: [KD, KH, KC, KS, QC, QS, QD]
2025-01-04 16:01:15,104 - Discard: [2D, 8C, 4C, 5C, 9H, 3D, 7S, 4D, 3C, 3H, 6D, 7H, JS, 5H, 7D, 9C, 8S, 2C, 8D, AD, 9S, 3S]
2025-01-04 16:01:15,104 - Active Player: 1
2025-01-04 16:01:15,104 - STATE LOG: END
2025-01-04 16:01:15,745 - STATE LOG: BEGIN
2025-01-04 16:01:15,745 - Noah's Hand: [AC, AH, 4H, 6S, TH]
2025-01-04 16:01:15,745 - Eve's Hand: [2S, 5D, 6C, 7C, JC, JH]
2025-01-04 16:01:15,745 - Boss: Rank: 12 | Suit H | Attack 0 | Health 12
2025-01-04 16:01:15,745 - Tavern: [6H, TS, 5S, TD, 8H, 9D, TC]
2025-01-04 16:01:15,745 - Castle: [KD, KH, KC, KS, QC, QS, QD]
2025-01-04 16:01:15,745 - Discard: [2D, 8C, 4C, 5C, 9H, 3D, 7S, 4D, 3C, 3H, 6D, 7H, JS, 5H, 7D, 9C, 8S, 2C, 8D, AD, 9S, 3S]
2025-01-04 16:01:15,745 - Active Player: 2
2025-01-04 16:01:15,745 - STATE LOG: END
2025-01-04 16:01:16,436 - STATE LOG: BEGIN
2025-01-04 16:01:16,436 - Noah's Hand: [AC, AH, 4H, 6S, TH, 9D, TD]
2025-01-04 16:01:16,436 - Eve's Hand: [2S, 6C, 7C, JC, JH, TC, 8H]
2025-01-04 16:01:16,436 - Boss: Rank: 12 | Suit H | Attack 0 | Health 7
2025-01-04 16:01:16,436 - Tavern: [6H, TS, 5S]
2025-01-04 16:01:16,436 - Castle: [KD, KH, KC, KS, QC, QS, QD]
2025-01-04 16:01:16,436 - Discard: [2D, 8C, 4C, 5C, 9H, 3D, 7S, 4D, 3C, 3H, 6D, 7H, JS, 5H, 7D, 9C, 8S, 2C, 8D, AD, 9S, 3S]
2025-01-04 16:01:16,436 - Active Player: 1
2025-01-04 16:01:16,436 - STATE LOG: END
2025-01-04 16:01:17,153 - STATE LOG: BEGIN
2025-01-04 16:01:17,153 - Noah's Hand: [AH, 4H, 6S, TD, TH, 5S, TS]
2025-01-04 16:01:17,153 - Eve's Hand: [2S, 6C, 7C, JC, JH, TC, 8H]
2025-01-04 16:01:17,153 - Boss: Rank: 12 | Suit D | Attack 15 | Health 30
2025-01-04 16:01:17,153 - Tavern: [6H]
2025-01-04 16:01:17,153 - Castle: [KD, KH, KC, KS, QC, QS]
2025-01-04 16:01:17,153 - Discard: [2D, 8C, 4C, 5C, 9H, 3D, 7S, 4D, 3C, 3H, 6D, 7H, JS, 5H, 7D, 9C, 8S, 2C, 8D, AD, 9S, 3S, 4S, 2H, AC, 9D, AS, JD, 5D, QH]
2025-01-04 16:01:17,153 - Active Player: 1
2025-01-04 16:01:17,153 - STATE LOG: END
2025-01-04 16:01:17,851 - STATE LOG: BEGIN
2025-01-04 16:01:17,851 - Noah's Hand: [4H, 5S, TD, TH]
2025-01-04 16:01:17,851 - Eve's Hand: [2S, 6C, 7C, JC, JH, TC, 8H]
2025-01-04 16:01:17,851 - Boss: Rank: 12 | Suit D | Attack 8 | Health 23
2025-01-04 16:01:17,851 - Tavern: [9S, 7S, 2H, JS, 7H, 5D, 5H, 6H]
2025-01-04 16:01:17,851 - Castle: [KD, KH, KC, KS, QC, QS]
2025-01-04 16:01:17,851 - Discard: [3S, 8D, 2D, AS, AD, 9C, 8S, QH, 5C, 6D, 3C, 3H, JD, 9H, 4D, 3D, 7D, 2C, 4C, AC, 8C, 4S, 9D, TS]
2025-01-04 16:01:17,851 - Active Player: 2
2025-01-04 16:01:17,851 - STATE LOG: END
2025-01-04 16:01:17,878 - STATE LOG: BEGIN
2025-01-04 16:01:17,879 - Noah's Hand: [4H, 5S, TD, TH]
2025-01-04 16:01:17,879 - Eve's Hand: [6C, 7C, 8H, TC, JC]
2025-01-04 16:01:17,879 - Boss: Rank: 12 | Suit D | Attack 6 | Health 21
2025-01-04 16:01:17,879 - Tavern: [9S, 7S, 2H, JS, 7H, 5D, 5H, 6H]
2025-01-04 16:01:17,879 - Castle: [KD, KH, KC, KS, QC, QS]
2025-01-04 16:01:17,879 - Discard: [3S, 8D, 2D, AS, AD, 9C, 8S, QH, 5C, 6D, 3C, 3H, JD, 9H, 4D, 3D, 7D, 2C, 4C, AC, 8C, 4S, 9D, TS, JH]
2025-01-04 16:01:17,879 - Active Player: 1
2025-01-04 16:01:17,879 - STATE LOG: END
2025-01-04 16:01:18,332 - STATE LOG: BEGIN
2025-01-04 16:01:18,332 - Noah's Hand: [4H, 5S, TD]
2025-01-04 16:01:18,332 - Eve's Hand: [6C, 7C, 8H, TC, JC]
2025-01-04 16:01:18,332 - Boss: Rank: 12 | Suit D | Attack 6 | Health 21
2025-01-04 16:01:18,332 - Tavern: [9S, 7S, 2H, JS, 7H, 5D, 5H, 6H]
2025-01-04 16:01:18,332 - Castle: [KD, KH, KC, KS, QC, QS]
2025-01-04 16:01:18,332 - Discard: [3S, 8D, 2D, AS, AD, 9C, 8S, QH, 5C, 6D, 3C, 3H, JD, 9H, 4D, 3D, 7D, 2C, 4C, AC, 8C, 4S, 9D, TS, JH, TH]
2025-01-04 16:01:18,332 - Active Player: 2
2025-01-04 16:01:18,332 - STATE LOG: END
2025-01-04 16:01:18,588 - STATE LOG: BEGIN
2025-01-04 16:01:18,588 - Noah's Hand: [4H, 5S, TD]
2025-01-04 16:01:18,588 - Eve's Hand: [6C, 7C, 8H, TC]
2025-01-04 16:01:18,588 - Boss: Rank: 12 | Suit S | Attack 15 | Health 30
2025-01-04 16:01:18,588 - Tavern: [9S, 7S, 2H, JS, 7H, 5D, 5H, 6H]
2025-01-04 16:01:18,588 - Castle: [KD, KH, KC, KS, QC]
2025-01-04 16:01:18,588 - Discard: [3S, 8D, 2D, AS, AD, 9C, 8S, QH, 5C, 6D, 3C, 3H, JD, 9H, 4D, 3D, 7D, 2C, 4C, AC, 8C, 4S, 9D, TS, JH, TH, AH, 6S, 2S, JC, QD]
2025-01-04 16:01:18,588 - Active Player: 2
2025-01-04 16:01:18,588 - STATE LOG: END
2025-01-04 16:01:18,742 - STATE LOG: BEGIN
2025-01-04 16:01:18,742 - Noah's Hand: [4H, 5S, TD]
2025-01-04 16:01:18,742 - Eve's Hand: [6C]
2025-01-04 16:01:18,742 - Boss: Rank: 12 | Suit S | Attack 15 | Health 22
2025-01-04 16:01:18,742 - Tavern: [2C, 4C, 2D, AS, AH, AC, 3S, 7D, 9S, 7S, 2H, JS, 7H, 5D, 5H, 6H]
2025-01-04 16:01:18,742 - Castle: [KD, KH, KC, KS, QC]
2025-01-04 16:01:18,742 - Discard: [5C, 6D, 4S, JH, TS, 3H, 8D, 9D, 9C, JD, QD, AD, 6S, JC, 3D, TH, 9H, QH, 2S, 8C, 4D, 8S, 3C, TC, 7C]
2025-01-04 16:01:18,742 - Active Player: 1
2025-01-04 16:01:18,742 - STATE LOG: END
2025-01-04 16:01:18,791 - STATE LOG: BEGIN
2025-01-04 16:01:18,791 - Noah's Hand: [4H, 5S, 6H, 5D]
2025-01-04 16:01:18,791 - Eve's Hand: [6C, 5H, 7H, 2H, 9S, 3S]
2025-01-04 16:01:18,791 - Boss: Rank: 12 | Suit S | Attack 15 | Health 12
2025-01-04 16:01:18,791 - Tavern: [2C, 4C, 2D, AS, AH, AC]
2025-01-04 16:01:18,791 - Castle: [KD, KH, KC, KS, QC]
2025-01-04 16:01:18,791 - Discard: [5C, 6D, 4S, JH, TS, 3H, 8D, 9D, 9C, JD, QD, AD, 6S, JC, 3D, TH, 9H, QH, 2S, 8C, 4D, 8S, 3C, TC, 7C, 7D, 7S, JS]
2025-01-04 16:01:18,791 - Active Player: 2
2025-01-04 16:01:18,791 - STATE LOG: END
2025-01-04 16:01:19,309 - STATE LOG: BEGIN
2025-01-04 16:01:19,309 - Noah's Hand: [4H, 5S, 6H, 5D]
2025-01-04 16:01:19,309 - Eve's Hand: [2H, 3S, 5H, 7H, 9S]
2025-01-04 16:01:19,309 - Boss: Rank: 12 | Suit C | Attack 15 | Health 30
2025-01-04 16:01:19,309 - Tavern: [2C, 4C, 2D, AS, AH, AC]
2025-01-04 16:01:19,309 - Castle: [KD, KH, KC, KS]
2025-01-04 16:01:19,309 - Discard: [5C, 6D, 4S, JH, TS, 3H, 8D, 9D, 9C, JD, QD, AD, 6S, JC, 3D, TH, 9H, QH, 2S, 8C, 4D, 8S, 3C, TC, 7C, 7D, 7S, JS, TD, 8H, 6C]
2025-01-04 16:01:19,309 - Active Player: 2
2025-01-04 16:01:19,309 - STATE LOG: END
2025-01-04 16:01:19,660 - STATE LOG: BEGIN
2025-01-04 16:01:19,660 - Noah's Hand: [4H, 5S, 6H, 5D]
2025-01-04 16:01:19,660 - Eve's Hand: [2H, 3S, 5H]
2025-01-04 16:01:19,660 - Boss: Rank: 12 | Suit C | Attack 6 | Health 21
2025-01-04 16:01:19,660 - Tavern: [2C, 4C, 2D, AS, AH, AC]
2025-01-04 16:01:19,660 - Castle: [KD, KH, KC, KS]
2025-01-04 16:01:19,660 - Discard: [5C, 6D, 4S, JH, TS, 3H, 8D, 9D, 9C, JD, QD, AD, 6S, JC, 3D, TH, 9H, QH, 2S, 8C, 4D, 8S, 3C, TC, 7C, 7D, 7S, JS, TD, 8H, 6C, 7H]
2025-01-04 16:01:19,660 - Active Player: 1
2025-01-04 16:01:19,660 - STATE LOG: END
2025-01-04 16:01:19,705 - STATE LOG: BEGIN
2025-01-04 16:01:19,705 - Noah's Hand: [4H, 6H, QS, AH, 2D, 2C]
2025-01-04 16:01:19,705 - Eve's Hand: [2H, 3S, 5H, AC, AS, 4C]
2025-01-04 16:01:19,705 - Boss: Rank: 12 | Suit C | Attack 0 | Health 11
2025-01-04 16:01:19,705 - Tavern: []
2025-01-04 16:01:19,705 - Castle: [KD, KH, KC, KS]
2025-01-04 16:01:19,705 - Discard: [5C, 6D, 4S, JH, TS, 3H, 8D, 9D, 9C, JD, QD, AD, 6S, JC, 3D, TH, 9H, QH, 2S, 8C, 4D, 8S, 3C, TC, 7C, 7D, 7S, JS, TD, 8H, 6C, 7H]
2025-01-04 16:01:19,705 - Active Player: 2
2025-01-04 16:01:19,705 - STATE LOG: END
2025-01-04 16:01:20,585 - STATE LOG: BEGIN
2025-01-04 16:01:20,585 - Noah's Hand: [4H, 6H, QS, AH, 2D, 2C]
2025-01-04 16:01:20,585 - Eve's Hand: [AC, AS, 2H, 3S, 4C, 5H]
2025-01-04 16:01:20,585 - Boss: Rank: 12 | Suit C | Attack 0 | Health 11
2025-01-04 16:01:20,585 - Tavern: []
2025-01-04 16:01:20,585 - Castle: [KD, KH, KC, KS]
2025-01-04 16:01:20,585 - Discard: [5C, 6D, 4S, JH, TS, 3H, 8D, 9D, 9C, JD, QD, AD, 6S, JC, 3D, TH, 9H, QH, 2S, 8C, 4D, 8S, 3C, TC, 7C, 7D, 7S, JS, TD, 8H, 6C, 7H]
2025-01-04 16:01:20,585 - Active Player: 1
2025-01-04 16:01:20,585 - STATE LOG: END
2025-01-04 16:01:21,452 - STATE LOG: BEGIN
2025-01-04 16:01:21,452 - Noah's Hand: [2C, 2D, 4H, 6H, QS]
2025-01-04 16:01:21,452 - Eve's Hand: [AC, AS, 2H, 3S, 4C, 5H]
2025-01-04 16:01:21,452 - Boss: Rank: 12 | Suit C | Attack 0 | Health 10
2025-01-04 16:01:21,452 - Tavern: [QH]
2025-01-04 16:01:21,452 - Castle: [KD, KH, KC, KS]
2025-01-04 16:01:21,452 - Discard: [JS, JC, 7H, 6D, 8H, 9H, 3H, 9C, 4S, JD, 7D, 8S, TH, QD, TS, AD, 3C, JH, 7S, 8C, TC, TD, 5C, 6S, 6C, 2S, 3D, 9D, 4D, 8D, 7C]
2025-01-04 16:01:21,452 - Active Player: 2
2025-01-04 16:01:21,452 - STATE LOG: END
2025-01-04 16:01:21,660 - STATE LOG: BEGIN
2025-01-04 16:01:21,660 - Noah's Hand: [2C, 2D, 4H, 6H, QS]
2025-01-04 16:01:21,660 - Eve's Hand: [AC, 3S, 4C, 5H]
2025-01-04 16:01:21,660 - Boss: Rank: 12 | Suit C | Attack 0 | Health 7
2025-01-04 16:01:21,660 - Tavern: [3C, 9H, 8H, QH]
2025-01-04 16:01:21,660 - Castle: [KD, KH, KC, KS]
2025-01-04 16:01:21,660 - Discard: [8D, 7H, AD, 8S, TH, TC, 7C, 3D, TS, 9D, JC, 6S, 4S, JH, JS, 6D, 2S, 8C, QD, 5C, 7S, 4D, 3H, 7D, JD, TD, 9C, 6C]
2025-01-04 16:01:21,660 - Active Player: 1
2025-01-04 16:01:21,660 - STATE LOG: END
2025-01-04 16:01:22,198 - STATE LOG: BEGIN
2025-01-04 16:01:22,198 - Noah's Hand: [2C, 2D, 4H, 6H, QS]
2025-01-04 16:01:22,198 - Eve's Hand: [AC, 3S, 4C, 5H]
2025-01-04 16:01:22,198 - Boss: Rank: 12 | Suit C | Attack 0 | Health 7
2025-01-04 16:01:22,198 - Tavern: [3C, 9H, 8H, QH]
2025-01-04 16:01:22,198 - Castle: [KD, KH, KC, KS]
2025-01-04 16:01:22,198 - Discard: [8D, 7H, AD, 8S, TH, TC, 7C, 3D, TS, 9D, JC, 6S, 4S, JH, JS, 6D, 2S, 8C, QD, 5C, 7S, 4D, 3H, 7D, JD, TD, 9C, 6C]
2025-01-04 16:01:22,198 - Active Player: 2
2025-01-04 16:01:22,198 - STATE LOG: END
2025-01-04 16:01:22,987 - STATE LOG: BEGIN
2025-01-04 16:01:22,987 - Noah's Hand: [2C, 2D, 4H, 6H, QS]
2025-01-04 16:01:22,987 - Eve's Hand: [3S, 4C, 5H]
2025-01-04 16:01:22,987 - Boss: Rank: 12 | Suit C | Attack 0 | Health 6
2025-01-04 16:01:22,987 - Tavern: [3C, 9H, 8H, QH]
2025-01-04 16:01:22,987 - Castle: [KD, KH, KC, KS]
2025-01-04 16:01:22,987 - Discard: [8D, 7H, AD, 8S, TH, TC, 7C, 3D, TS, 9D, JC, 6S, 4S, JH, JS, 6D, 2S, 8C, QD, 5C, 7S, 4D, 3H, 7D, JD, TD, 9C, 6C]
2025-01-04 16:01:22,987 - Active Player: 1
2025-01-04 16:01:22,987 - STATE LOG: END
2025-01-04 16:01:23,290 - STATE LOG: BEGIN
2025-01-04 16:01:23,290 - Noah's Hand: [2C, 2D, 4H, 6H, QS]
2025-01-04 16:01:23,290 - Eve's Hand: [3S, 4C, 5H]
2025-01-04 16:01:23,290 - Boss: Rank: 12 | Suit C | Attack 0 | Health 6
2025-01-04 16:01:23,290 - Tavern: [3C, 9H, 8H, QH]
2025-01-04 16:01:23,290 - Castle: [KD, KH, KC, KS]
2025-01-04 16:01:23,290 - Discard: [8D, 7H, AD, 8S, TH, TC, 7C, 3D, TS, 9D, JC, 6S, 4S, JH, JS, 6D, 2S, 8C, QD, 5C, 7S, 4D, 3H, 7D, JD, TD, 9C, 6C]
2025-01-04 16:01:23,290 - Active Player: 2
2025-01-04 16:01:23,290 - STATE LOG: END
2025-01-04 16:01:23,822 - STATE LOG: BEGIN
2025-01-04 16:01:23,822 - Noah's Hand: [2C, 2D, 4H, 6H, QS]
2025-01-04 16:01:23,822 - Eve's Hand: [4C, 5H]
2025-01-04 16:01:23,822 - Boss: Rank: 12 | Suit C | Attack 0 | Health 3
2025-01-04 16:01:23,822 - Tavern: [3C, 9H, 8H, QH]
2025-01-04 16:01:23,822 - Castle: [KD, KH, KC, KS]
2025-01-04 16:01:23,822 - Discard: [8D, 7H, AD, 8S, TH, TC, 7C, 3D, TS, 9D, JC, 6S, 4S, JH, JS, 6D, 2S, 8C, QD, 5C, 7S, 4D, 3H, 7D, JD, TD, 9C, 6C]
2025-01-04 16:01:23,822 - Active Player: 1
2025-01-04 16:01:23,822 - STATE LOG: END
2025-01-04 16:01:24,035 - STATE LOG: BEGIN
2025-01-04 16:01:24,035 - Noah's Hand: [2C, 2D, 4H, 6H, QS]
2025-01-04 16:01:24,035 - Eve's Hand: [4C, 5H]
2025-01-04 16:01:24,035 - Boss: Rank: 12 | Suit C | Attack 0 | Health 3
2025-01-04 16:01:24,035 - Tavern: [3C, 9H, 8H, QH]
2025-01-04 16:01:24,035 - Castle: [KD, KH, KC, KS]
2025-01-04 16:01:24,035 - Discard: [8D, 7H, AD, 8S, TH, TC, 7C, 3D, TS, 9D, JC, 6S, 4S, JH, JS, 6D, 2S, 8C, QD, 5C, 7S, 4D, 3H, 7D, JD, TD, 9C, 6C]
2025-01-04 16:01:24,035 - Active Player: 2
2025-01-04 16:01:24,035 - STATE LOG: END
2025-01-04 16:01:24,044 - STATE LOG: BEGIN
2025-01-04 16:01:24,044 - Noah's Hand: [2C, 2D, 4H, 6H, QS]
2025-01-04 16:01:24,044 - Eve's Hand: [5H]
2025-01-04 16:01:24,044 - Boss: Rank: 13 | Suit S | Attack 20 | Health 40
2025-01-04 16:01:24,044 - Tavern: [3C, 9H, 8H, QH]
2025-01-04 16:01:24,044 - Castle: [KD, KH, KC]
2025-01-04 16:01:24,044 - Discard: [8D, 7H, AD, 8S, TH, TC, 7C, 3D, TS, 9D, JC, 6S, 4S, JH, JS, 6D, 2S, 8C, QD, 5C, 7S, 4D, 3H, 7D, JD, TD, 9C, 6C, 5D, 5S, AH, 9S, AS, 2H, AC, 3S, 4C, QC]
2025-01-04 16:01:24,044 - Active Player: 2
2025-01-04 16:01:24,044 - STATE LOG: END
2025-01-04 16:01:24,048 - STATE LOG: BEGIN
2025-01-04 16:01:24,048 - Noah's Hand: [2C, 2D, 4H, 6H, QS]
2025-01-04 16:01:24,048 - Eve's Hand: [5H]
2025-01-04 16:01:24,048 - Boss: Rank: 13 | Suit S | Attack 20 | Health 40
2025-01-04 16:01:24,048 - Tavern: [3C, 9H, 8H, QH]
2025-01-04 16:01:24,048 - Castle: [KD, KH, KC]
2025-01-04 16:01:24,048 - Discard: [8D, 7H, AD, 8S, TH, TC, 7C, 3D, TS, 9D, JC, 6S, 4S, JH, JS, 6D, 2S, 8C, QD, 5C, 7S, 4D, 3H, 7D, JD, TD, 9C, 6C, 5D, 5S, AH, 9S, AS, 2H, AC, 3S, 4C, QC]
2025-01-04 16:01:24,048 - Active Player: 1
2025-01-04 16:01:24,048 - STATE LOG: END
