2025-01-04 22:51:15,350 - I log states! :D
2025-01-04 22:51:15,350 - STATE LOG: BEGIN
2025-01-04 22:51:15,350 - Noah's Hand: [4C, 2C, AD, 7C, TD, 2H, 5C]
2025-01-04 22:51:15,350 - Eve's Hand: [3C, 9H, TH, 7S, AS, 8S, TS]
2025-01-04 22:51:15,350 - Boss: Rank: 11 | Suit C | Attack 10 | Health 20
2025-01-04 22:51:15,350 - Tavern: [5S, 7H, 9C, 2S, 8H, 4H, 8D, 3D, 6S, 4S, 6H, AC, 7D, 8C, 3S, 6C, AH, 5H, 4D, 6D, 2D, 5D, 3H, 9D, TC, 9S]
2025-01-04 22:51:15,351 - Castle: [KC, KH, KS, KD, QS, QH, QD, QC, JD, JS, JH]
2025-01-04 22:51:15,351 - Discard: []
2025-01-04 22:51:15,351 - Active Player: 1
2025-01-04 22:51:15,351 - STATE LOG: END
2025-01-04 22:51:15,399 - STATE LOG: BEGIN
2025-01-04 22:51:15,399 - Noah's Hand: [2C, 4C, 7C, TD, TC]
2025-01-04 22:51:15,399 - Eve's Hand: [3C, 9H, TH, 7S, AS, 8S, TS]
2025-01-04 22:51:15,400 - Boss: Rank: 11 | Suit C | Attack 10 | Health 17
2025-01-04 22:51:15,400 - Tavern: [5S, 7H, 9C, 2S, 8H, 4H, 8D, 3D, 6S, 4S, 6H, AC, 7D, 8C, 3S, 6C, AH, 5H, 4D, 6D, 2D, 5D, 3H, 9D]
2025-01-04 22:51:15,400 - Castle: [KC, KH, KS, KD, QS, QH, QD, QC, JD, JS, JH]
2025-01-04 22:51:15,400 - Discard: [5C, 9S]
2025-01-04 22:51:15,400 - Active Player: 2
2025-01-04 22:51:15,400 - STATE LOG: END
2025-01-04 22:51:15,428 - STATE LOG: BEGIN
2025-01-04 22:51:15,428 - Noah's Hand: [2C, 4C, 7C, TD, TC]
2025-01-04 22:51:15,428 - Eve's Hand: [AS, 3C, 7S, 8S, 9H, TH]
2025-01-04 22:51:15,428 - Boss: Rank: 11 | Suit C | Attack 0 | Health 7
2025-01-04 22:51:15,428 - Tavern: [5S, 7H, 9C, 2S, 8H, 4H, 8D, 3D, 6S, 4S, 6H, AC, 7D, 8C, 3S, 6C, AH, 5H, 4D, 6D, 2D, 5D, 3H, 9D]
2025-01-04 22:51:15,428 - Castle: [KC, KH, KS, KD, QS, QH, QD, QC, JD, JS, JH]
2025-01-04 22:51:15,428 - Discard: [5C, 9S]
2025-01-04 22:51:15,428 - Active Player: 1
2025-01-04 22:51:15,428 - STATE LOG: END
2025-01-04 22:51:15,451 - STATE LOG: BEGIN
2025-01-04 22:51:15,451 - Noah's Hand: [2C, 4C, 7C, TC, 9D, 5D, 2D]
2025-01-04 22:51:15,451 - Eve's Hand: [AS, 3C, 7S, 8S, 9H, TH, 3H]
2025-01-04 22:51:15,451 - Boss: Rank: 11 | Suit H | Attack 10 | Health 20
2025-01-04 22:51:15,451 - Tavern: [5S, 7H, 9C, 2S, 8H, 4H, 8D, 3D, 6S, 4S, 6H, AC, 7D, 8C, 3S, 6C, AH, 5H, 4D, 6D]
2025-01-04 22:51:15,451 - Castle: [KC, KH, KS, KD, QS, QH, QD, QC, JD, JS]
2025-01-04 22:51:15,451 - Discard: [5C, 9S, AD, 2H, TD, TS, JC]
2025-01-04 22:51:15,451 - Active Player: 1
2025-01-04 22:51:15,451 - STATE LOG: END
2025-01-04 22:51:15,479 - STATE LOG: BEGIN
2025-01-04 22:51:15,479 - Noah's Hand: [2C, 4C, 5D, 9D, 6D]
2025-01-04 22:51:15,479 - Eve's Hand: [AS, 3C, 7S, 8S, 9H, TH, 3H]
2025-01-04 22:51:15,479 - Boss: Rank: 11 | Suit H | Attack 10 | Health 18
2025-01-04 22:51:15,479 - Tavern: [5S, 7H, 9C, 2S, 8H, 4H, 8D, 3D, 6S, 4S, 6H, AC, 7D, 8C, 3S, 6C, AH, 5H, 4D]
2025-01-04 22:51:15,479 - Castle: [KC, KH, KS, KD, QS, QH, QD, QC, JD, JS]
2025-01-04 22:51:15,479 - Discard: [5C, 9S, AD, 2H, TD, TS, JC, 7C, TC]
2025-01-04 22:51:15,479 - Active Player: 2
2025-01-04 22:51:15,479 - STATE LOG: END
2025-01-04 22:51:15,506 - STATE LOG: BEGIN
2025-01-04 22:51:15,506 - Noah's Hand: [2C, 4C, 5D, 9D, 6D]
2025-01-04 22:51:15,506 - Eve's Hand: [3C, 3H, 7S, 8S, 9H]
2025-01-04 22:51:15,506 - Boss: Rank: 11 | Suit H | Attack 9 | Health 17
2025-01-04 22:51:15,506 - Tavern: [5S, 7H, 9C, 2S, 8H, 4H, 8D, 3D, 6S, 4S, 6H, AC, 7D, 8C, 3S, 6C, AH, 5H, 4D]
2025-01-04 22:51:15,506 - Castle: [KC, KH, KS, KD, QS, QH, QD, QC, JD, JS]
2025-01-04 22:51:15,506 - Discard: [5C, 9S, AD, 2H, TD, TS, JC, 7C, TC, TH]
2025-01-04 22:51:15,506 - Active Player: 1
2025-01-04 22:51:15,506 - STATE LOG: END
2025-01-04 22:51:15,528 - STATE LOG: BEGIN
2025-01-04 22:51:15,528 - Noah's Hand: [5D, 6D, 4D]
2025-01-04 22:51:15,528 - Eve's Hand: [3C, 3H, 7S, 8S, 9H, 5H, 6C]
2025-01-04 22:51:15,528 - Boss: Rank: 11 | Suit H | Attack 9 | Health 8
2025-01-04 22:51:15,528 - Tavern: [5S, 7H, 9C, 2S, 8H, 4H, 8D, 3D, 6S, 4S, 6H, AC, 7D, 8C]
2025-01-04 22:51:15,528 - Castle: [KC, KH, KS, KD, QS, QH, QD, QC, JD, JS]
2025-01-04 22:51:15,528 - Discard: [5C, 9S, AD, 2H, TD, TS, JC, 7C, TC, TH, AH, 2C, 3S, 4C]
2025-01-04 22:51:15,528 - Active Player: 2
2025-01-04 22:51:15,528 - STATE LOG: END
2025-01-04 22:51:15,551 - STATE LOG: BEGIN
2025-01-04 22:51:15,551 - Noah's Hand: [5D, 6D, 4D]
2025-01-04 22:51:15,551 - Eve's Hand: [3C, 3H, 7S, 9H]
2025-01-04 22:51:15,551 - Boss: Rank: 11 | Suit H | Attack 9 | Health 3
2025-01-04 22:51:15,551 - Tavern: [5S, 7H, 9C, 2S, 8H, 4H, 8D, 3D, 6S, 4S, 6H, AC, 7D, 8C]
2025-01-04 22:51:15,551 - Castle: [KC, KH, KS, KD, QS, QH, QD, QC, JD, JS]
2025-01-04 22:51:15,551 - Discard: [5C, 9S, AD, 2H, TD, TS, JC, 7C, TC, TH, AH, 2C, 3S, 4C, 6C, 8S]
2025-01-04 22:51:15,551 - Active Player: 1
2025-01-04 22:51:15,551 - STATE LOG: END
2025-01-04 22:51:15,604 - STATE LOG: BEGIN
2025-01-04 22:51:15,604 - Noah's Hand: [4D, 5D, 8C, AC, 4S]
2025-01-04 22:51:15,604 - Eve's Hand: [3C, 3H, 7S, 9H, 7D, 6H, 6S]
2025-01-04 22:51:15,604 - Boss: Rank: 11 | Suit S | Attack 10 | Health 20
2025-01-04 22:51:15,604 - Tavern: [5S, 7H, 9C, 2S, 8H, 4H, 8D, 3D]
2025-01-04 22:51:15,604 - Castle: [KC, KH, KS, KD, QS, QH, QD, QC, JD]
2025-01-04 22:51:15,604 - Discard: [5C, 9S, AD, 2H, TD, TS, JC, 7C, TC, TH, AH, 2C, 3S, 4C, 6C, 8S, 2D, 9D, 6D, AS, 5H, JH]
2025-01-04 22:51:15,604 - Active Player: 1
2025-01-04 22:51:15,604 - STATE LOG: END
2025-01-04 22:51:15,631 - STATE LOG: BEGIN
2025-01-04 22:51:15,631 - Noah's Hand: [AC, 5D, 3D, 8D, 4H]
2025-01-04 22:51:15,631 - Eve's Hand: [3C, 3H, 7S, 9H, 7D, 6H, 6S]
2025-01-04 22:51:15,631 - Boss: Rank: 11 | Suit S | Attack 10 | Health 16
2025-01-04 22:51:15,631 - Tavern: [5S, 7H, 9C, 2S, 8H]
2025-01-04 22:51:15,631 - Castle: [KC, KH, KS, KD, QS, QH, QD, QC, JD]
2025-01-04 22:51:15,631 - Discard: [5C, 9S, AD, 2H, TD, TS, JC, 7C, TC, TH, AH, 2C, 3S, 4C, 6C, 8S, 2D, 9D, 6D, AS, 5H, JH, 8C, 4S]
2025-01-04 22:51:15,631 - Active Player: 2
2025-01-04 22:51:15,631 - STATE LOG: END
2025-01-04 22:51:15,657 - STATE LOG: BEGIN
2025-01-04 22:51:15,657 - Noah's Hand: [AC, 5D, 3D, 8D, 4H]
2025-01-04 22:51:15,657 - Eve's Hand: [6H, 6S, 7D]
2025-01-04 22:51:15,657 - Boss: Rank: 11 | Suit S | Attack 10 | Health 4
2025-01-04 22:51:15,657 - Tavern: [8S, JH, TH, 9S, TD, TC, 5S, 7H, 9C, 2S, 8H]
2025-01-04 22:51:15,657 - Castle: [KC, KH, KS, KD, QS, QH, QD, QC, JD]
2025-01-04 22:51:15,657 - Discard: [6D, TS, AS, 4S, 2H, 2D, 3S, 5C, 6C, AD, JC, 7C, AH, 4C, 2C, 5H, 8C, 9D, 9H, 7S]
2025-01-04 22:51:15,657 - Active Player: 1
2025-01-04 22:51:15,657 - STATE LOG: END
2025-01-04 22:51:15,682 - STATE LOG: BEGIN
2025-01-04 22:51:15,682 - Noah's Hand: [3D, 4H, 5D, 8H, 9C, 5S, TD]
2025-01-04 22:51:15,682 - Eve's Hand: [6H, 6S, 7D, 2S, 7H, TC, 9S]
2025-01-04 22:51:15,682 - Boss: Rank: 11 | Suit D | Attack 10 | Health 20
2025-01-04 22:51:15,682 - Tavern: [8S, JH, TH]
2025-01-04 22:51:15,682 - Castle: [KC, KH, KS, KD, QS, QH, QD, QC]
2025-01-04 22:51:15,682 - Discard: [6D, TS, AS, 4S, 2H, 2D, 3S, 5C, 6C, AD, JC, 7C, AH, 4C, 2C, 5H, 8C, 9D, 9H, 7S, 4D, AC, 8D, 3C, 3H, JS]
2025-01-04 22:51:15,682 - Active Player: 1
2025-01-04 22:51:15,682 - STATE LOG: END
2025-01-04 22:51:15,706 - STATE LOG: BEGIN
2025-01-04 22:51:15,706 - Noah's Hand: [3D, 4H, 8H, 9C, TD]
2025-01-04 22:51:15,706 - Eve's Hand: [6H, 6S, 7D, 2S, 7H, TC, 9S]
2025-01-04 22:51:15,706 - Boss: Rank: 11 | Suit D | Attack 0 | Health 10
2025-01-04 22:51:15,706 - Tavern: [8S, JH, TH]
2025-01-04 22:51:15,706 - Castle: [KC, KH, KS, KD, QS, QH, QD, QC]
2025-01-04 22:51:15,706 - Discard: [6D, TS, AS, 4S, 2H, 2D, 3S, 5C, 6C, AD, JC, 7C, AH, 4C, 2C, 5H, 8C, 9D, 9H, 7S, 4D, AC, 8D, 3C, 3H, JS]
2025-01-04 22:51:15,706 - Active Player: 2
2025-01-04 22:51:15,706 - STATE LOG: END
2025-01-04 22:51:15,731 - STATE LOG: BEGIN
2025-01-04 22:51:15,731 - Noah's Hand: [3D, 4H, 8H, 9C, TD]
2025-01-04 22:51:15,731 - Eve's Hand: [2S, 6H, 6S, 7D, 9S, TC]
2025-01-04 22:51:15,731 - Boss: Rank: 11 | Suit D | Attack 0 | Health 3
2025-01-04 22:51:15,731 - Tavern: [2C, 6D, 9H, 3S, AD, 2H, 3H, 8S, JH, TH]
2025-01-04 22:51:15,731 - Castle: [KC, KH, KS, KD, QS, QH, QD, QC]
2025-01-04 22:51:15,731 - Discard: [JC, 4C, AC, 4S, 9D, 4D, 3C, 8C, JS, 2D, 6C, TS, AH, 7S, 8D, 5H, AS, 7C, 5C]
2025-01-04 22:51:15,731 - Active Player: 1
2025-01-04 22:51:15,731 - STATE LOG: END
2025-01-04 22:51:15,757 - STATE LOG: BEGIN
2025-01-04 22:51:15,757 - Noah's Hand: [3D, 4H, 8H, 9C, TD]
2025-01-04 22:51:15,757 - Eve's Hand: [2S, 6H, 6S, 7D, 9S, TC]
2025-01-04 22:51:15,757 - Boss: Rank: 11 | Suit D | Attack 0 | Health 3
2025-01-04 22:51:15,757 - Tavern: [2C, 6D, 9H, 3S, AD, 2H, 3H, 8S, JH, TH]
2025-01-04 22:51:15,757 - Castle: [KC, KH, KS, KD, QS, QH, QD, QC]
2025-01-04 22:51:15,757 - Discard: [JC, 4C, AC, 4S, 9D, 4D, 3C, 8C, JS, 2D, 6C, TS, AH, 7S, 8D, 5H, AS, 7C, 5C]
2025-01-04 22:51:15,757 - Active Player: 2
2025-01-04 22:51:15,757 - STATE LOG: END
2025-01-04 22:51:15,783 - STATE LOG: BEGIN
2025-01-04 22:51:15,783 - Noah's Hand: [3D, 4H, 8H, 9C, TD]
2025-01-04 22:51:15,783 - Eve's Hand: [2S, 6S, 7D, 9S, TC]
2025-01-04 22:51:15,783 - Boss: Rank: 12 | Suit C | Attack 15 | Health 30
2025-01-04 22:51:15,783 - Tavern: [7S, 4C, 4S, 5H, JC, 2D, 2C, 6D, 9H, 3S, AD, 2H, 3H, 8S, JH, TH]
2025-01-04 22:51:15,783 - Castle: [KC, KH, KS, KD, QS, QH, QD]
2025-01-04 22:51:15,783 - Discard: [6C, JS, 7C, TS, AH, 5C, AC, 8C, 8D, 3C, 9D, 4D, AS, 5D, 5S, 7H, 6H, JD]
2025-01-04 22:51:15,783 - Active Player: 2
2025-01-04 22:51:15,783 - STATE LOG: END
2025-01-04 22:51:15,810 - STATE LOG: BEGIN
2025-01-04 22:51:15,811 - Noah's Hand: [3D, 4H, 8H, 9C, TD]
2025-01-04 22:51:15,811 - Eve's Hand: [7D, 9S]
2025-01-04 22:51:15,811 - Boss: Rank: 12 | Suit C | Attack 15 | Health 30
2025-01-04 22:51:15,811 - Tavern: [7S, 4C, 4S, 5H, JC, 2D, 2C, 6D, 9H, 3S, AD, 2H, 3H, 8S, JH, TH]
2025-01-04 22:51:15,811 - Castle: [KC, KH, KS, KD, QS, QH, QD]
2025-01-04 22:51:15,811 - Discard: [6C, JS, 7C, TS, AH, 5C, AC, 8C, 8D, 3C, 9D, 4D, AS, 5D, 5S, 7H, 6H, JD, 6S, 2S, TC]
2025-01-04 22:51:15,811 - Active Player: 1
2025-01-04 22:51:15,811 - STATE LOG: END
2025-01-04 22:51:15,837 - STATE LOG: BEGIN
2025-01-04 22:51:15,838 - Noah's Hand: [3D, 4H, 8H, 9C]
2025-01-04 22:51:15,838 - Eve's Hand: [7D, 9S, JH, 3H, AD, 3S, 9H]
2025-01-04 22:51:15,838 - Boss: Rank: 12 | Suit C | Attack 15 | Health 20
2025-01-04 22:51:15,838 - Tavern: [7S, 4C, 4S, 5H, JC, 2D, 2C, 6D]
2025-01-04 22:51:15,838 - Castle: [KC, KH, KS, KD, QS, QH, QD]
2025-01-04 22:51:15,838 - Discard: [6C, JS, 7C, TS, AH, 5C, AC, 8C, 8D, 3C, 9D, 4D, AS, 5D, 5S, 7H, 6H, JD, 6S, 2S, TC, TH, 2H, 8S]
2025-01-04 22:51:15,838 - Active Player: 2
2025-01-04 22:51:15,838 - STATE LOG: END
2025-01-04 22:51:15,868 - STATE LOG: BEGIN
2025-01-04 22:51:15,868 - Noah's Hand: [3D, 4H, 8H, 9C]
2025-01-04 22:51:15,868 - Eve's Hand: [AD, 3H, 3S, 7D, JH]
2025-01-04 22:51:15,868 - Boss: Rank: 12 | Suit C | Attack 6 | Health 11
2025-01-04 22:51:15,868 - Tavern: [7S, 4C, 4S, 5H, JC, 2D, 2C, 6D]
2025-01-04 22:51:15,868 - Castle: [KC, KH, KS, KD, QS, QH, QD]
2025-01-04 22:51:15,868 - Discard: [6C, JS, 7C, TS, AH, 5C, AC, 8C, 8D, 3C, 9D, 4D, AS, 5D, 5S, 7H, 6H, JD, 6S, 2S, TC, TH, 2H, 8S, 9H]
2025-01-04 22:51:15,868 - Active Player: 1
2025-01-04 22:51:15,868 - STATE LOG: END
2025-01-04 22:51:15,920 - STATE LOG: BEGIN
2025-01-04 22:51:15,920 - Noah's Hand: [4H, 9C, 6D, 2D]
2025-01-04 22:51:15,920 - Eve's Hand: [AD, 3H, 3S, 7D, JH, 2C]
2025-01-04 22:51:15,920 - Boss: Rank: 12 | Suit C | Attack 6 | Health 8
2025-01-04 22:51:15,920 - Tavern: [7S, 4C, 4S, 5H, JC]
2025-01-04 22:51:15,920 - Castle: [KC, KH, KS, KD, QS, QH, QD]
2025-01-04 22:51:15,920 - Discard: [6C, JS, 7C, TS, AH, 5C, AC, 8C, 8D, 3C, 9D, 4D, AS, 5D, 5S, 7H, 6H, JD, 6S, 2S, TC, TH, 2H, 8S, 9H, 8H]
2025-01-04 22:51:15,920 - Active Player: 2
2025-01-04 22:51:15,920 - STATE LOG: END
2025-01-04 22:51:15,948 - STATE LOG: BEGIN
2025-01-04 22:51:15,948 - Noah's Hand: [4H, 9C, 6D, 2D, 5H, 4C]
2025-01-04 22:51:15,948 - Eve's Hand: [2C, 7D, JH, JC, 4S]
2025-01-04 22:51:15,948 - Boss: Rank: 12 | Suit C | Attack 2 | Health 4
2025-01-04 22:51:15,948 - Tavern: [7S]
2025-01-04 22:51:15,948 - Castle: [KC, KH, KS, KD, QS, QH, QD]
2025-01-04 22:51:15,948 - Discard: [6C, JS, 7C, TS, AH, 5C, AC, 8C, 8D, 3C, 9D, 4D, AS, 5D, 5S, 7H, 6H, JD, 6S, 2S, TC, TH, 2H, 8S, 9H, 8H, 3H]
2025-01-04 22:51:15,948 - Active Player: 1
2025-01-04 22:51:15,948 - STATE LOG: END
2025-01-04 22:51:15,974 - STATE LOG: BEGIN
2025-01-04 22:51:15,974 - Noah's Hand: [4H, 5H, 6D, 9C, 7S]
2025-01-04 22:51:15,974 - Eve's Hand: [2C, 7D, JH, JC, 4S]
2025-01-04 22:51:15,974 - Boss: Rank: 12 | Suit C | Attack 2 | Health 2
2025-01-04 22:51:15,974 - Tavern: []
2025-01-04 22:51:15,974 - Castle: [KC, KH, KS, KD, QS, QH, QD]
2025-01-04 22:51:15,974 - Discard: [6C, JS, 7C, TS, AH, 5C, AC, 8C, 8D, 3C, 9D, 4D, AS, 5D, 5S, 7H, 6H, JD, 6S, 2S, TC, TH, 2H, 8S, 9H, 8H, 3H, 4C]
2025-01-04 22:51:15,974 - Active Player: 2
2025-01-04 22:51:15,974 - STATE LOG: END
2025-01-04 22:51:15,998 - STATE LOG: BEGIN
2025-01-04 22:51:15,998 - Noah's Hand: [4H, 5H, 6D, 9C, 7S]
2025-01-04 22:51:15,998 - Eve's Hand: [7D, JC, JH, 4S]
2025-01-04 22:51:15,998 - Boss: Rank: 12 | Suit D | Attack 15 | Health 30
2025-01-04 22:51:15,998 - Tavern: []
2025-01-04 22:51:15,998 - Castle: [KC, KH, KS, KD, QS, QH]
2025-01-04 22:51:15,998 - Discard: [6C, JS, 7C, TS, AH, 5C, AC, 8C, 8D, 3C, 9D, 4D, AS, 5D, 5S, 7H, 6H, JD, 6S, 2S, TC, TH, 2H, 8S, 9H, 8H, 3H, 4C, TD, 3D, 2D, 9S, AD, 3S, 2C]
2025-01-04 22:51:15,998 - Active Player: 2
2025-01-04 22:51:15,998 - STATE LOG: END
2025-01-04 22:51:16,021 - STATE LOG: BEGIN
2025-01-04 22:51:16,021 - Noah's Hand: [4H, 5H, 6D, 9C, 7S]
2025-01-04 22:51:16,021 - Eve's Hand: [7D, JC]
2025-01-04 22:51:16,021 - Boss: Rank: 12 | Suit D | Attack 11 | Health 26
2025-01-04 22:51:16,021 - Tavern: []
2025-01-04 22:51:16,021 - Castle: [KC, KH, KS, KD, QS, QH]
2025-01-04 22:51:16,021 - Discard: [6C, JS, 7C, TS, AH, 5C, AC, 8C, 8D, 3C, 9D, 4D, AS, 5D, 5S, 7H, 6H, JD, 6S, 2S, TC, TH, 2H, 8S, 9H, 8H, 3H, 4C, TD, 3D, 2D, 9S, AD, 3S, 2C, JH]
2025-01-04 22:51:16,021 - Active Player: 1
2025-01-04 22:51:16,021 - STATE LOG: END
2025-01-04 22:51:16,044 - STATE LOG: BEGIN
2025-01-04 22:51:16,044 - Noah's Hand: [5H, 6D]
2025-01-04 22:51:16,044 - Eve's Hand: [7D, JC]
2025-01-04 22:51:16,044 - Boss: Rank: 12 | Suit D | Attack 11 | Health 8
2025-01-04 22:51:16,044 - Tavern: []
2025-01-04 22:51:16,044 - Castle: [KC, KH, KS, KD, QS, QH]
2025-01-04 22:51:16,044 - Discard: [6C, JS, 7C, TS, AH, 5C, AC, 8C, 8D, 3C, 9D, 4D, AS, 5D, 5S, 7H, 6H, JD, 6S, 2S, TC, TH, 2H, 8S, 9H, 8H, 3H, 4C, TD, 3D, 2D, 9S, AD, 3S, 2C, JH, 4H, 7S]
2025-01-04 22:51:16,044 - Active Player: 2
2025-01-04 22:51:16,044 - STATE LOG: END
2025-01-04 22:51:16,052 - STATE LOG: BEGIN
2025-01-04 22:51:16,052 - Noah's Hand: [5H, 6D]
2025-01-04 22:51:16,052 - Eve's Hand: [7D]
2025-01-04 22:51:16,052 - Boss: Rank: 12 | Suit D | Attack 11 | Health 8
2025-01-04 22:51:16,052 - Tavern: []
2025-01-04 22:51:16,052 - Castle: [KC, KH, KS, KD, QS, QH]
2025-01-04 22:51:16,052 - Discard: [6C, JS, 7C, TS, AH, 5C, AC, 8C, 8D, 3C, 9D, 4D, AS, 5D, 5S, 7H, 6H, JD, 6S, 2S, TC, TH, 2H, 8S, 9H, 8H, 3H, 4C, TD, 3D, 2D, 9S, AD, 3S, 2C, JH, 4H, 7S, JC]
2025-01-04 22:51:16,052 - Active Player: 1
2025-01-04 22:51:16,052 - STATE LOG: END
2025-01-04 22:51:16,055 - STATE LOG: BEGIN
2025-01-04 22:51:16,055 - Noah's Hand: [6D]
2025-01-04 22:51:16,055 - Eve's Hand: [7D]
2025-01-04 22:51:16,055 - Boss: Rank: 12 | Suit D | Attack 11 | Health 3
2025-01-04 22:51:16,055 - Tavern: [3C, AD, 8C, 8D, TH]
2025-01-04 22:51:16,055 - Castle: [KC, KH, KS, KD, QS, QH]
2025-01-04 22:51:16,055 - Discard: [8S, TS, 3D, TD, 9H, 2D, 2S, 4D, 4C, 2H, 7S, 3S, 3H, JD, 7C, 9S, 5D, 6H, AC, 5S, 4H, JH, 9D, 2C, AS, AH, JS, 7H, TC, JC, 6C, 5C, 8H, 6S]
2025-01-04 22:51:16,055 - Active Player: 2
2025-01-04 22:51:16,055 - STATE LOG: END
