2024-12-31 20:11:16,054 - I log states! :D
2024-12-31 20:11:16,055 - STATE LOG: BEGIN
2024-12-31 20:11:16,055 - Noah's Hand: [5H, 6D, 7C, AD, 6S, 3C, 8C]
2024-12-31 20:11:16,055 - Eve's Hand: [5C, 5S, 5D, 4S, TS, 3H, 6C]
2024-12-31 20:11:16,055 - Tavern: [6H, 4D, AH, 7D, TD, 7H, 2H, 4H, AS, TH, 8D, 9H, 2D, 9C, 2S, 2C, TC, 8H, 3S, AC, 7S, 4C, 9S, 9D, 3D, 8S]
2024-12-31 20:11:16,055 - Castle: [KD, KH, KC, KS, QS, QC, QD, QH, JH, JC, JS]
2024-12-31 20:11:16,055 - Discard: []
2024-12-31 20:11:16,055 - Active Player: 1
2024-12-31 20:11:16,055 - STATE LOG: END
2024-12-31 20:11:21,320 - STATE LOG: BEGIN
2024-12-31 20:11:21,321 - Noah's Hand: [3C, 5H, 6D]
2024-12-31 20:11:21,321 - Eve's Hand: [5C, 5S, 5D, 4S, TS, 3H, 6C]
2024-12-31 20:11:21,321 - Tavern: [6H, 4D, AH, 7D, TD, 7H, 2H, 4H, AS, TH, 8D, 9H, 2D, 9C, 2S, 2C, TC, 8H, 3S, AC, 7S, 4C, 9S, 9D, 3D, 8S]
2024-12-31 20:11:21,321 - Castle: [KD, KH, KC, KS, QS, QC, QD, QH, JH, JC, JS]
2024-12-31 20:11:21,321 - Discard: [7C, 6S]
2024-12-31 20:11:21,321 - Active Player: 2
2024-12-31 20:11:21,321 - STATE LOG: END
2024-12-31 20:11:22,665 - STATE LOG: BEGIN
2024-12-31 20:11:22,665 - Noah's Hand: [3C, 5H, 6D]
2024-12-31 20:11:22,665 - Eve's Hand: [3H, 4S, 5S, 6C, TS]
2024-12-31 20:11:22,665 - Tavern: [6H, 4D, AH, 7D, TD, 7H, 2H, 4H, AS, TH, 8D, 9H, 2D, 9C, 2S, 2C, TC, 8H, 3S, AC, 7S, 4C, 9S, 9D, 3D, 8S]
2024-12-31 20:11:22,665 - Castle: [KD, KH, KC, KS, QS, QC, QD, QH, JH, JC]
2024-12-31 20:11:22,665 - Discard: [7C, 6S, AD, 8C, 5C, 5D, JD]
2024-12-31 20:11:22,665 - Active Player: 2
2024-12-31 20:11:22,665 - STATE LOG: END
2024-12-31 20:11:25,910 - STATE LOG: BEGIN
2024-12-31 20:11:25,910 - Noah's Hand: [3C, 5H, 6D]
2024-12-31 20:11:25,910 - Eve's Hand: [3H, 5S, 6C]
2024-12-31 20:11:25,910 - Tavern: [6H, 4D, AH, 7D, TD, 7H, 2H, 4H, AS, TH, 8D, 9H, 2D, 9C, 2S, 2C, TC, 8H, 3S, AC, 7S, 4C, 9S, 9D, 3D, 8S]
2024-12-31 20:11:25,910 - Castle: [KD, KH, KC, KS, QS, QC, QD, QH, JH, JC]
2024-12-31 20:11:25,910 - Discard: [7C, 6S, AD, 8C, 5C, 5D, JD, TS]
2024-12-31 20:11:25,910 - Active Player: 1
2024-12-31 20:11:25,910 - STATE LOG: END
2024-12-31 20:11:33,492 - STATE LOG: BEGIN
2024-12-31 20:11:33,493 - Noah's Hand: [3C, 5H, 8S]
2024-12-31 20:11:33,493 - Eve's Hand: [3H, 5S, 6C, 3D, 9S, 7S]
2024-12-31 20:11:33,493 - Tavern: [6H, 4D, AH, 7D, TD, 7H, 2H, 4H, AS, TH, 8D, 9H, 2D, 9C, 2S, 2C, TC, 8H, 3S, AC]
2024-12-31 20:11:33,493 - Castle: [KD, KH, KC, KS, QS, QC, QD, QH, JH, JC]
2024-12-31 20:11:33,494 - Discard: [7C, 6S, AD, 8C, 5C, 5D, JD, TS, 4C, 9D]
2024-12-31 20:11:33,494 - Active Player: 2
2024-12-31 20:11:33,494 - STATE LOG: END
2024-12-31 20:11:35,633 - STATE LOG: BEGIN
2024-12-31 20:11:35,633 - Noah's Hand: [3C, 5H, 8S, 3S, 8H]
2024-12-31 20:11:35,633 - Eve's Hand: [5S, 6C, 7S]
2024-12-31 20:11:35,633 - Tavern: [6S, 9D, 4C, 5C, 5D, AD, 6H, 4D, AH, 7D, TD, 7H, 2H, 4H, AS, TH, 8D, 9H, 2D, 9C, 2S, 2C, TC]
2024-12-31 20:11:35,633 - Castle: [KD, KH, KC, KS, QS, QC, QD, QH, JH, JC]
2024-12-31 20:11:35,633 - Discard: [7C, TS, 8C, JD, AC, 9S]
2024-12-31 20:11:35,633 - Active Player: 1
2024-12-31 20:11:35,633 - STATE LOG: END
2024-12-31 20:11:40,132 - STATE LOG: BEGIN
2024-12-31 20:11:40,133 - Noah's Hand: [5H, 8H, 8S]
2024-12-31 20:11:40,133 - Eve's Hand: [5S, 6C, 7S]
2024-12-31 20:11:40,133 - Tavern: [6S, 9D, 4C, 5C, 5D, AD, 6H, 4D, AH, 7D, TD, 7H, 2H, 4H, AS, TH, 8D, 9H, 2D, 9C, 2S, 2C, TC]
2024-12-31 20:11:40,133 - Castle: [KD, KH, KC, KS, QS, QC, QD, QH, JH]
2024-12-31 20:11:40,133 - Discard: [7C, TS, 8C, JD, AC, 9S, 6D, 3C, 3S, 4S, 3D, 3H, JS]
2024-12-31 20:11:40,133 - Active Player: 1
2024-12-31 20:11:40,133 - STATE LOG: END
2024-12-31 20:11:45,601 - STATE LOG: BEGIN
2024-12-31 20:11:45,602 - Noah's Hand: [8H]
2024-12-31 20:11:45,602 - Eve's Hand: [5S, 6C, 7S]
2024-12-31 20:11:45,602 - Tavern: [6S, 9D, 4C, 5C, 5D, AD, 6H, 4D, AH, 7D, TD, 7H, 2H, 4H, AS, TH, 8D, 9H, 2D, 9C, 2S, 2C, TC]
2024-12-31 20:11:45,602 - Castle: [KD, KH, KC, KS, QS, QC, QD, QH, JH]
2024-12-31 20:11:45,602 - Discard: [7C, TS, 8C, JD, AC, 9S, 6D, 3C, 3S, 4S, 3D, 3H, JS, 5H]
2024-12-31 20:11:45,602 - Active Player: 2
2024-12-31 20:11:45,602 - STATE LOG: END
2024-12-31 20:11:47,049 - STATE LOG: BEGIN
2024-12-31 20:11:47,049 - Noah's Hand: [8H]
2024-12-31 20:11:47,049 - Eve's Hand: [6C, 7S]
2024-12-31 20:11:47,049 - Tavern: [6S, 9D, 4C, 5C, 5D, AD, 6H, 4D, AH, 7D, TD, 7H, 2H, 4H, AS, TH, 8D, 9H, 2D, 9C, 2S, 2C, TC]
2024-12-31 20:11:47,049 - Castle: [KD, KH, KC, KS, QS, QC, QD, QH, JH]
2024-12-31 20:11:47,049 - Discard: [7C, TS, 8C, JD, AC, 9S, 6D, 3C, 3S, 4S, 3D, 3H, JS, 5H]
2024-12-31 20:11:47,049 - Active Player: 1
2024-12-31 20:11:47,049 - STATE LOG: END
2024-12-31 20:11:54,037 - STATE LOG: BEGIN
2024-12-31 20:11:54,037 - Noah's Hand: [8H]
2024-12-31 20:11:54,038 - Eve's Hand: [6C, 7S]
2024-12-31 20:11:54,038 - Tavern: [6S, 9D, 4C, 5C, 5D, AD, 6H, 4D, AH, 7D, TD, 7H, 2H, 4H, AS, TH, 8D, 9H, 2D, 9C, 2S, 2C, TC]
2024-12-31 20:11:54,038 - Castle: [KD, KH, KC, KS, QS, QC, QD, QH, JH]
2024-12-31 20:11:54,038 - Discard: [7C, TS, 8C, JD, AC, 9S, 6D, 3C, 3S, 4S, 3D, 3H, JS, 5H]
2024-12-31 20:11:54,038 - Active Player: 2
2024-12-31 20:11:54,038 - STATE LOG: END
2024-12-31 20:11:58,447 - STATE LOG: BEGIN
2024-12-31 20:11:58,447 - Noah's Hand: [8H]
2024-12-31 20:11:58,447 - Eve's Hand: [7S]
2024-12-31 20:11:58,447 - Tavern: [6S, 9D, 4C, 5C, 5D, AD, 6H, 4D, AH, 7D, TD, 7H, 2H, 4H, AS, TH, 8D, 9H, 2D, 9C, 2S, 2C, TC]
2024-12-31 20:11:58,447 - Castle: [KD, KH, KC, KS, QS, QC, QD, QH, JH]
2024-12-31 20:11:58,447 - Discard: [7C, TS, 8C, JD, AC, 9S, 6D, 3C, 3S, 4S, 3D, 3H, JS, 5H]
2024-12-31 20:11:58,447 - Active Player: 1
2024-12-31 20:11:58,447 - STATE LOG: END
2024-12-31 20:12:17,483 - STATE LOG: BEGIN
2024-12-31 20:12:17,484 - Noah's Hand: [8H]
2024-12-31 20:12:17,484 - Eve's Hand: [7S]
2024-12-31 20:12:17,484 - Tavern: [6S, 9D, 4C, 5C, 5D, AD, 6H, 4D, AH, 7D, TD, 7H, 2H, 4H, AS, TH, 8D, 9H, 2D, 9C, 2S, 2C, TC]
2024-12-31 20:12:17,484 - Castle: [KD, KH, KC, KS, QS, QC, QD, QH, JH]
2024-12-31 20:12:17,485 - Discard: [7C, TS, 8C, JD, AC, 9S, 6D, 3C, 3S, 4S, 3D, 3H, JS, 5H]
2024-12-31 20:12:17,485 - Active Player: 2
2024-12-31 20:12:17,485 - STATE LOG: END
