2024-12-31 16:50:55,284 - I log states! :D
2024-12-31 16:50:55,284 - BEGIN STATE LOG:
2024-12-31 16:50:55,284 - Noah's Hand: [AS, 4S, 5H, 9D, AH, TD, 8S]
2024-12-31 16:50:55,285 - Eve's Hand: [TH, TS, 9H, 5D, 2S, 7C, 2C]
2024-12-31 16:50:55,285 - Tavern: [4D, 4H, 2D, AC, 5C, 3D, 8C, 3C, 6C, 7S, 6S, 6D, 7D, 7H, 6H, TC, AD, 3S, 3H, 9S, 4C, 8H, 5S, 2H, 9C, 8D]
2024-12-31 16:50:55,285 - Castle: [KD, KH, KS, KC, QH, QC, QD, QS, JD, JS, JC]
2024-12-31 16:50:55,285 - Discard: []
2024-12-31 16:50:55,285 - Active Player: 1
2024-12-31 16:50:55,285 - END STATE LOG:
2024-12-31 16:50:56,906 - BEGIN STATE LOG:
2024-12-31 16:50:56,907 - Noah's Hand: [AH, 4S, 5H, 8S, 9D]
2024-12-31 16:50:56,907 - Eve's Hand: [TH, TS, 9H, 5D, 2S, 7C, 2C]
2024-12-31 16:50:56,907 - Tavern: [4D, 4H, 2D, AC, 5C, 3D, 8C, 3C, 6C, 7S, 6S, 6D, 7D, 7H, 6H, TC, AD, 3S, 3H, 9S, 4C, 8H, 5S, 2H, 9C, 8D]
2024-12-31 16:50:56,907 - Castle: [KD, KH, KS, KC, QH, QC, QD, QS, JD, JS, JC]
2024-12-31 16:50:56,907 - Discard: []
2024-12-31 16:50:56,907 - Active Player: 2
2024-12-31 16:50:56,907 - END STATE LOG:
2024-12-31 16:50:59,096 - BEGIN STATE LOG:
2024-12-31 16:50:59,096 - Noah's Hand: [AH, 4S, 5H, 8S, 9D]
2024-12-31 16:50:59,096 - Eve's Hand: [2S, 5D, 7C, 9H, TH, TS]
2024-12-31 16:50:59,096 - Tavern: [4D, 4H, 2D, AC, 5C, 3D, 8C, 3C, 6C, 7S, 6S, 6D, 7D, 7H, 6H, TC, AD, 3S, 3H, 9S, 4C, 8H, 5S, 2H, 9C, 8D]
2024-12-31 16:50:59,096 - Castle: [KD, KH, KS, KC, QH, QC, QD, QS, JD, JS, JC]
2024-12-31 16:50:59,096 - Discard: []
2024-12-31 16:50:59,096 - Active Player: 1
2024-12-31 16:50:59,096 - END STATE LOG:
2024-12-31 16:51:01,037 - BEGIN STATE LOG:
2024-12-31 16:51:01,037 - Noah's Hand: [4S, 5H, 8S, 8D, 2H]
2024-12-31 16:51:01,037 - Eve's Hand: [2S, 5D, 7C, 9H, TH, TS, 9C]
2024-12-31 16:51:01,037 - Tavern: [4D, 4H, 2D, AC, 5C, 3D, 8C, 3C, 6C, 7S, 6S, 6D, 7D, 7H, 6H, TC, AD, 3S, 3H, 9S, 4C, 8H, 5S]
2024-12-31 16:51:01,037 - Castle: [KD, KH, KS, KC, QH, QC, QD, QS, JD, JS]
2024-12-31 16:51:01,037 - Discard: [AS, TD, AH, 9D, 2C, JH]
2024-12-31 16:51:01,037 - Active Player: 1
2024-12-31 16:51:01,037 - END STATE LOG:
2024-12-31 16:51:05,208 - BEGIN STATE LOG:
2024-12-31 16:51:05,209 - Noah's Hand: [2H, 4S, 5H]
2024-12-31 16:51:05,209 - Eve's Hand: [2S, 5D, 7C, 9H, TH, TS, 9C]
2024-12-31 16:51:05,209 - Tavern: [4D, 4H, 2D, AC, 5C, 3D, 8C, 3C, 6C, 7S, 6S, 6D, 7D, 7H, 6H, TC, AD, 3S, 3H, 9S, 4C, 8H, 5S]
2024-12-31 16:51:05,209 - Castle: [KD, KH, KS, KC, QH, QC, QD, QS, JD, JS]
2024-12-31 16:51:05,209 - Discard: [AS, TD, AH, 9D, 2C, JH, 8S, 8D]
2024-12-31 16:51:05,209 - Active Player: 2
2024-12-31 16:51:05,209 - END STATE LOG:
2024-12-31 16:51:07,067 - BEGIN STATE LOG:
2024-12-31 16:51:07,067 - Noah's Hand: [2H, 4S, 5H]
2024-12-31 16:51:07,067 - Eve's Hand: [2S, 5D, 7C, 9C, 9H]
2024-12-31 16:51:07,067 - Tavern: [AH, 8D, 2C, JH, 8S, 9D, AS, TD, 4D, 4H, 2D, AC, 5C, 3D, 8C, 3C, 6C, 7S, 6S, 6D, 7D, 7H, 6H, TC, AD, 3S, 3H, 9S, 4C, 8H, 5S]
2024-12-31 16:51:07,067 - Castle: [KD, KH, KS, KC, QH, QC, QD, QS, JD, JS]
2024-12-31 16:51:07,067 - Discard: [TS]
2024-12-31 16:51:07,067 - Active Player: 1
2024-12-31 16:51:07,067 - END STATE LOG:
2024-12-31 16:51:09,181 - BEGIN STATE LOG:
2024-12-31 16:51:09,181 - Noah's Hand: [2H, 4S]
2024-12-31 16:51:09,181 - Eve's Hand: [2S, 5D, 7C, 9C, 9H]
2024-12-31 16:51:09,182 - Tavern: [TS, AH, 8D, 2C, JH, 8S, 9D, AS, TD, 4D, 4H, 2D, AC, 5C, 3D, 8C, 3C, 6C, 7S, 6S, 6D, 7D, 7H, 6H, TC, AD, 3S, 3H, 9S, 4C, 8H, 5S]
2024-12-31 16:51:09,182 - Castle: [KD, KH, KS, KC, QH, QC, QD, QS, JD, JS]
2024-12-31 16:51:09,182 - Discard: []
2024-12-31 16:51:09,182 - Active Player: 2
2024-12-31 16:51:09,182 - END STATE LOG:
