2024-12-31 20:10:21,147 - I log states! :D
2024-12-31 20:10:21,148 - STATE LOG: BEGIN
2024-12-31 20:10:21,148 - Noah's Hand: [6H, 4D, 3C, 7S, 9S, 6S, 8H]
2024-12-31 20:10:21,148 - Eve's Hand: [5S, 9D, 7H, 5H, 3D, 9H, 2H]
2024-12-31 20:10:21,148 - Tavern: [TD, 5C, 8S, 7D, 3S, AC, 2S, AD, 6C, 4S, 2C, 5D, 4H, 4C, TC, 8D, AH, 3H, 8C, TH, AS, 6D, TS, 9C, 7C, 2D]
2024-12-31 20:10:21,148 - Castle: [KS, KC, KH, KD, QD, QS, QH, QC, JH, JC, JD]
2024-12-31 20:10:21,148 - Discard: []
2024-12-31 20:10:21,148 - Active Player: 1
2024-12-31 20:10:21,148 - STATE LOG: END
2024-12-31 20:10:30,048 - STATE LOG: BEGIN
2024-12-31 20:10:30,049 - Noah's Hand: [3C, 4D, 6H, 6S]
2024-12-31 20:10:30,049 - Eve's Hand: [5S, 9D, 7H, 5H, 3D, 9H, 2H]
2024-12-31 20:10:30,049 - Tavern: [TD, 5C, 8S, 7D, 3S, AC, 2S, AD, 6C, 4S, 2C, 5D, 4H, 4C, TC, 8D, AH, 3H, 8C, TH, AS, 6D, TS, 9C, 7C, 2D]
2024-12-31 20:10:30,049 - Castle: [KS, KC, KH, KD, QD, QS, QH, QC, JH, JC, JD]
2024-12-31 20:10:30,049 - Discard: [8H, 7S]
2024-12-31 20:10:30,049 - Active Player: 2
2024-12-31 20:10:30,049 - STATE LOG: END
2024-12-31 20:10:47,382 - STATE LOG: BEGIN
2024-12-31 20:10:47,383 - Noah's Hand: [3C, 4D, 6H, 6S]
2024-12-31 20:10:47,383 - Eve's Hand: [2H, 3D, 7H]
2024-12-31 20:10:47,383 - Tavern: [7S, 8H, TD, 5C, 8S, 7D, 3S, AC, 2S, AD, 6C, 4S, 2C, 5D, 4H, 4C, TC, 8D, AH, 3H, 8C, TH, AS, 6D, TS, 9C, 7C, 2D]
2024-12-31 20:10:47,383 - Castle: [KS, KC, KH, KD, QD, QS, QH, QC, JH, JC, JD]
2024-12-31 20:10:47,383 - Discard: [9H, 9D]
2024-12-31 20:10:47,383 - Active Player: 1
2024-12-31 20:10:47,383 - STATE LOG: END
