Blind - Heavy - 4

2025-01-04 23:25:29,547 - STATE LOG: BEGIN
2025-01-04 23:25:29,547 - Noah's Hand: [AH, 3C, 6H, 3D, 9C, 9S, 8S]
2025-01-04 23:25:29,547 - Eve's Hand: [2H, 2C, TH, AD, 9D, 9H, 6D]
2025-01-04 23:25:29,547 - Boss: Rank: 11 | Suit D | Attack 10 | Health 20
2025-01-04 23:25:29,547 - Tavern: [AS, 6S, 5C, 4S, 8C, 8D, 7C, 4H, 7S, 8H, 2S, 7H, 5S, 6C, TC, TD, 7D, AC, 3S, 4C, TS, 4D, 2D, 5D, 5H, 3H]
2025-01-04 23:25:29,547 - Castle: [KS, KC, KD, KH, QD, QC, QS, QH, JS, JC, JH]
2025-01-04 23:25:29,547 - Discard: []
2025-01-04 23:25:29,547 - Active Player: 1
2025-01-04 23:25:29,547 - STATE LOG: END
2025-01-04 23:25:36,319 - STATE LOG: BEGIN
2025-01-04 23:25:36,320 - Noah's Hand: [3C, 3D, 6H, 8S, 9S]
2025-01-04 23:25:36,320 - Eve's Hand: [2H, 2C, TH, AD, 9D, 9H, 6D]
2025-01-04 23:25:36,320 - Boss: Rank: 11 | Suit H | Attack 10 | Health 20
2025-01-04 23:25:36,320 - Tavern: [AS, 6S, 5C, 4S, 8C, 8D, 7C, 4H, 7S, 8H, 2S, 7H, 5S, 6C, TC, TD, 7D, AC, 3S, 4C, TS, 4D, 2D, 5D, 5H, 3H]
2025-01-04 23:25:36,320 - Castle: [KS, KC, KD, KH, QD, QC, QS, QH, JS, JC]
2025-01-04 23:25:36,320 - Discard: [AH, 9C]
2025-01-04 23:25:36,320 - Active Player: 1
2025-01-04 23:25:36,320 - STATE LOG: END
2025-01-04 23:25:46,322 - STATE LOG: BEGIN
2025-01-04 23:25:46,322 - Noah's Hand: [3C, 3D, 8S]
2025-01-04 23:25:46,322 - Eve's Hand: [2H, 2C, TH, AD, 9D, 9H, 6D]
2025-01-04 23:25:46,322 - Boss: Rank: 11 | Suit H | Attack 1 | Health 11
2025-01-04 23:25:46,322 - Tavern: [AS, 6S, 5C, 4S, 8C, 8D, 7C, 4H, 7S, 8H, 2S, 7H, 5S, 6C, TC, TD, 7D, AC, 3S, 4C, TS, 4D, 2D, 5D, 5H, 3H]
2025-01-04 23:25:46,322 - Castle: [KS, KC, KD, KH, QD, QC, QS, QH, JS, JC]
2025-01-04 23:25:46,322 - Discard: [AH, 9C, 6H]
2025-01-04 23:25:46,322 - Active Player: 2
2025-01-04 23:25:46,322 - STATE LOG: END
2025-01-04 23:25:56,324 - STATE LOG: BEGIN
2025-01-04 23:25:56,327 - Noah's Hand: [3C, 3D, 8S, 3H, 5D, 2D, 4D]
2025-01-04 23:25:56,327 - Eve's Hand: [2C, 6D, 9D, TH, JD, 5H]
2025-01-04 23:25:56,327 - Boss: Rank: 11 | Suit H | Attack 1 | Health 1
2025-01-04 23:25:56,327 - Tavern: [AS, 6S, 5C, 4S, 8C, 8D, 7C, 4H, 7S, 8H, 2S, 7H, 5S, 6C, TC, TD, 7D, AC, 3S, 4C, TS]
2025-01-04 23:25:56,327 - Castle: [KS, KC, KD, KH, QD, QC, QS, QH, JS, JC]
2025-01-04 23:25:56,327 - Discard: [AH, 9C, 6H, 2H]
2025-01-04 23:25:56,327 - Active Player: 1
2025-01-04 23:25:56,327 - STATE LOG: END
2025-01-04 23:26:06,329 - STATE LOG: BEGIN
2025-01-04 23:26:06,329 - Noah's Hand: [2D, 3H, 4D, 5D, 8S, TS, 3S]
2025-01-04 23:26:06,329 - Eve's Hand: [2C, 6D, 9D, TH, JD, 5H, 4C]
2025-01-04 23:26:06,329 - Boss: Rank: 11 | Suit C | Attack 10 | Health 20
2025-01-04 23:26:06,329 - Tavern: [AS, 6S, 5C, 4S, 8C, 8D, 7C, 4H, 7S, 8H, 2S, 7H, 5S, 6C, TC, TD, 7D, AC]
2025-01-04 23:26:06,329 - Castle: [KS, KC, KD, KH, QD, QC, QS, QH, JS]
2025-01-04 23:26:06,329 - Discard: [AH, 9C, 6H, 2H, 9S, 3C, 3D, AD, 9H, JH]
2025-01-04 23:26:06,329 - Active Player: 1
2025-01-04 23:26:06,329 - STATE LOG: END
2025-01-04 23:26:16,330 - STATE LOG: BEGIN
2025-01-04 23:26:16,331 - Noah's Hand: [2D, 3H, 3S, 4D, 5D]
2025-01-04 23:26:16,331 - Eve's Hand: [2C, 6D, 9D, TH, JD, 5H, 4C]
2025-01-04 23:26:16,331 - Boss: Rank: 11 | Suit C | Attack 2 | Health 12
2025-01-04 23:26:16,331 - Tavern: [AS, 6S, 5C, 4S, 8C, 8D, 7C, 4H, 7S, 8H, 2S, 7H, 5S, 6C, TC, TD, 7D, AC]
2025-01-04 23:26:16,331 - Castle: [KS, KC, KD, KH, QD, QC, QS, QH, JS]
2025-01-04 23:26:16,331 - Discard: [AH, 9C, 6H, 2H, 9S, 3C, 3D, AD, 9H, JH, TS]
2025-01-04 23:26:16,331 - Active Player: 2
2025-01-04 23:26:16,331 - STATE LOG: END
2025-01-04 23:26:26,332 - STATE LOG: BEGIN
2025-01-04 23:26:26,333 - Noah's Hand: [2D, 3H, 3S, 4D, 5D]
2025-01-04 23:26:26,333 - Eve's Hand: [2C, 4C, 5H, 6D, 9D, JD]
2025-01-04 23:26:26,333 - Boss: Rank: 11 | Suit C | Attack 2 | Health 12
2025-01-04 23:26:26,333 - Tavern: [AS, 6S, 5C, 4S, 8C, 8D, 7C, 4H, 7S, 8H, 2S, 7H, 5S, 6C, TC, TD, 7D, AC]
2025-01-04 23:26:26,333 - Castle: [KS, KC, KD, KH, QD, QC, QS, QH, JS]
2025-01-04 23:26:26,333 - Discard: [AH, 9C, 6H, 2H, 9S, 3C, 3D, AD, 9H, JH, TS, TH]
2025-01-04 23:26:26,333 - Active Player: 1
2025-01-04 23:26:26,333 - STATE LOG: END
2025-01-04 23:26:36,335 - STATE LOG: BEGIN
2025-01-04 23:26:36,336 - Noah's Hand: [2D, 4D, 5D]
2025-01-04 23:26:36,336 - Eve's Hand: [2C, 4C, 5H, 6D, 9D, JD]
2025-01-04 23:26:36,336 - Boss: Rank: 11 | Suit C | Attack 0 | Health 6
2025-01-04 23:26:36,336 - Tavern: [3D, 9C, 3C, 9S, 6H, 2H, AS, 6S, 5C, 4S, 8C, 8D, 7C, 4H, 7S, 8H, 2S, 7H, 5S, 6C, TC, TD, 7D, AC]
2025-01-04 23:26:36,336 - Castle: [KS, KC, KD, KH, QD, QC, QS, QH, JS]
2025-01-04 23:26:36,336 - Discard: [AD, 9H, TS, JH, AH, TH]
2025-01-04 23:26:36,336 - Active Player: 2
2025-01-04 23:26:36,336 - STATE LOG: END
2025-01-04 23:26:46,338 - STATE LOG: BEGIN
2025-01-04 23:26:46,338 - Noah's Hand: [2D, 4D, 5D]
2025-01-04 23:26:46,338 - Eve's Hand: [2C, 4C, 5H, 6D, 9D, JD]
2025-01-04 23:26:46,338 - Boss: Rank: 11 | Suit C | Attack 0 | Health 6
2025-01-04 23:26:46,338 - Tavern: [3D, 9C, 3C, 9S, 6H, 2H, AS, 6S, 5C, 4S, 8C, 8D, 7C, 4H, 7S, 8H, 2S, 7H, 5S, 6C, TC, TD, 7D, AC]
2025-01-04 23:26:46,338 - Castle: [KS, KC, KD, KH, QD, QC, QS, QH, JS]
2025-01-04 23:26:46,338 - Discard: [AD, 9H, TS, JH, AH, TH]
2025-01-04 23:26:46,338 - Active Player: 1
2025-01-04 23:26:46,338 - STATE LOG: END
2025-01-04 23:26:56,339 - STATE LOG: BEGIN
2025-01-04 23:26:56,339 - Noah's Hand: [4D, 5D, AC]
2025-01-04 23:26:56,339 - Eve's Hand: [2C, 4C, 5H, 6D, 9D, JD, 7D]
2025-01-04 23:26:56,339 - Boss: Rank: 11 | Suit C | Attack 0 | Health 4
2025-01-04 23:26:56,339 - Tavern: [3D, 9C, 3C, 9S, 6H, 2H, AS, 6S, 5C, 4S, 8C, 8D, 7C, 4H, 7S, 8H, 2S, 7H, 5S, 6C, TC, TD]
2025-01-04 23:26:56,339 - Castle: [KS, KC, KD, KH, QD, QC, QS, QH, JS]
2025-01-04 23:26:56,339 - Discard: [AD, 9H, TS, JH, AH, TH]
2025-01-04 23:26:56,339 - Active Player: 2
2025-01-04 23:26:56,339 - STATE LOG: END
2025-01-04 23:27:06,340 - STATE LOG: BEGIN
2025-01-04 23:27:06,341 - Noah's Hand: [4D, 5D, AC]
2025-01-04 23:27:06,341 - Eve's Hand: [2C, 4C, 6D, 7D, 9D, JD]
2025-01-04 23:27:06,341 - Boss: Rank: 11 | Suit S | Attack 10 | Health 20
2025-01-04 23:27:06,341 - Tavern: [AH, 9H, AD, TH, TS, 3D, 9C, 3C, 9S, 6H, 2H, AS, 6S, 5C, 4S, 8C, 8D, 7C, 4H, 7S, 8H, 2S, 7H, 5S, 6C, TC, TD]
2025-01-04 23:27:06,341 - Castle: [KS, KC, KD, KH, QD, QC, QS, QH]
2025-01-04 23:27:06,341 - Discard: [JH, 8S, 3H, 3S, 2D, 5H, JC]
2025-01-04 23:27:06,341 - Active Player: 2
2025-01-04 23:27:06,341 - STATE LOG: END
2025-01-04 23:27:12,937 - STATE LOG: BEGIN
2025-01-04 23:27:12,937 - Noah's Hand: [4D, 5D, AC, TC, 5S, 7H, 2S]
2025-01-04 23:27:12,937 - Eve's Hand: [6D, 9D, JD, TD]
2025-01-04 23:27:12,937 - Boss: Rank: 11 | Suit S | Attack 10 | Health 13
2025-01-04 23:27:12,937 - Tavern: [AH, 9H, AD, TH, TS, 3D, 9C, 3C, 9S, 6H, 2H, AS, 6S, 5C, 4S, 8C, 8D, 7C, 4H, 7S, 8H]
2025-01-04 23:27:12,937 - Castle: [KS, KC, KD, KH, QD, QC, QS, QH]
2025-01-04 23:27:12,937 - Discard: [JH, 8S, 3H, 3S, 2D, 5H, JC, 6C, 2C, 4C]
2025-01-04 23:27:12,937 - Active Player: 1
2025-01-04 23:27:12,937 - STATE LOG: END
2025-01-04 23:27:22,939 - STATE LOG: BEGIN
2025-01-04 23:27:22,940 - Noah's Hand: [2S, 4D, 5D, 5S, TC]
2025-01-04 23:27:22,940 - Eve's Hand: [6D, 9D, JD, TD]
2025-01-04 23:27:22,940 - Boss: Rank: 12 | Suit H | Attack 15 | Health 30
2025-01-04 23:27:22,940 - Tavern: [2C, 4C, 8S, 5H, JH, 3H, 6C, 3S, AH, 9H, AD, TH, TS, 3D, 9C, 3C, 9S, 6H, 2H, AS, 6S, 5C, 4S, 8C, 8D, 7C, 4H, 7S, 8H]
2025-01-04 23:27:22,940 - Castle: [KS, KC, KD, KH, QD, QC, QS]
2025-01-04 23:27:22,940 - Discard: [JC, 2D, AC, 7H, 7D, JS]
2025-01-04 23:27:22,940 - Active Player: 1
2025-01-04 23:27:22,940 - STATE LOG: END
2025-01-04 23:27:29,085 - STATE LOG: BEGIN
2025-01-04 23:27:29,086 - Noah's Hand: [2S, 4D, 8H, 4H, 8D, 4S]
2025-01-04 23:27:29,086 - Eve's Hand: [6D, 9D, JD, TD, 7S, 7C, 8C]
2025-01-04 23:27:29,086 - Boss: Rank: 12 | Suit H | Attack 5 | Health 20
2025-01-04 23:27:29,086 - Tavern: [2C, 4C, 8S, 5H, JH, 3H, 6C, 3S, AH, 9H, AD, TH, TS, 3D, 9C, 3C, 9S, 6H, 2H, AS, 6S, 5C]
2025-01-04 23:27:29,086 - Castle: [KS, KC, KD, KH, QD, QC, QS]
2025-01-04 23:27:29,086 - Discard: [JC, 2D, AC, 7H, 7D, JS, TC]
2025-01-04 23:27:29,086 - Active Player: 2
2025-01-04 23:27:29,086 - STATE LOG: END
2025-01-04 23:27:39,088 - STATE LOG: BEGIN
2025-01-04 23:27:39,088 - Noah's Hand: [2S, 4D, 8H, 4H, 8D, 4S]
2025-01-04 23:27:39,088 - Eve's Hand: [6D, 7C, 8C, 9D, TD, JD]
2025-01-04 23:27:39,088 - Boss: Rank: 12 | Suit H | Attack 5 | Health 20
2025-01-04 23:27:39,088 - Tavern: [2C, 4C, 8S, 5H, JH, 3H, 6C, 3S, AH, 9H, AD, TH, TS, 3D, 9C, 3C, 9S, 6H, 2H, AS, 6S, 5C]
2025-01-04 23:27:39,088 - Castle: [KS, KC, KD, KH, QD, QC, QS]
2025-01-04 23:27:39,088 - Discard: [JC, 2D, AC, 7H, 7D, JS, TC, 7S]
2025-01-04 23:27:39,088 - Active Player: 1
2025-01-04 23:27:39,088 - STATE LOG: END
2025-01-04 23:27:49,090 - STATE LOG: BEGIN
2025-01-04 23:27:49,090 - Noah's Hand: [4D, 4H, 4S, 8D]
2025-01-04 23:27:49,091 - Eve's Hand: [6D, 7C, 8C, 9D, TD, JD]
2025-01-04 23:27:49,091 - Boss: Rank: 12 | Suit H | Attack 3 | Health 18
2025-01-04 23:27:49,091 - Tavern: [2C, 4C, 8S, 5H, JH, 3H, 6C, 3S, AH, 9H, AD, TH, TS, 3D, 9C, 3C, 9S, 6H, 2H, AS, 6S, 5C]
2025-01-04 23:27:49,091 - Castle: [KS, KC, KD, KH, QD, QC, QS]
2025-01-04 23:27:49,091 - Discard: [JC, 2D, AC, 7H, 7D, JS, TC, 7S, 8H]
2025-01-04 23:27:49,091 - Active Player: 2
2025-01-04 23:27:49,091 - STATE LOG: END
2025-01-04 23:27:59,091 - STATE LOG: BEGIN
2025-01-04 23:27:59,092 - Noah's Hand: [4D, 4H, 4S, 8D]
2025-01-04 23:27:59,092 - Eve's Hand: [6D, 7C, 9D, TD, JD]
2025-01-04 23:27:59,092 - Boss: Rank: 12 | Suit H | Attack 3 | Health 18
2025-01-04 23:27:59,092 - Tavern: [2C, 4C, 8S, 5H, JH, 3H, 6C, 3S, AH, 9H, AD, TH, TS, 3D, 9C, 3C, 9S, 6H, 2H, AS, 6S, 5C]
2025-01-04 23:27:59,092 - Castle: [KS, KC, KD, KH, QD, QC, QS]
2025-01-04 23:27:59,092 - Discard: [JC, 2D, AC, 7H, 7D, JS, TC, 7S, 8H, 8C]
2025-01-04 23:27:59,092 - Active Player: 1
2025-01-04 23:27:59,092 - STATE LOG: END
2025-01-04 23:28:09,094 - STATE LOG: BEGIN
2025-01-04 23:28:09,094 - Noah's Hand: [4D, 4H, 8D]
2025-01-04 23:28:09,094 - Eve's Hand: [6D, 7C, 9D, TD, JD]
2025-01-04 23:28:09,094 - Boss: Rank: 12 | Suit H | Attack 0 | Health 14
2025-01-04 23:28:09,094 - Tavern: [2C, 4C, 8S, 5H, JH, 3H, 6C, 3S, AH, 9H, AD, TH, TS, 3D, 9C, 3C, 9S, 6H, 2H, AS, 6S, 5C]
2025-01-04 23:28:09,094 - Castle: [KS, KC, KD, KH, QD, QC, QS]
2025-01-04 23:28:09,094 - Discard: [JC, 2D, AC, 7H, 7D, JS, TC, 7S, 8H, 8C]
2025-01-04 23:28:09,094 - Active Player: 2
2025-01-04 23:28:09,094 - STATE LOG: END
2025-01-04 23:28:19,095 - STATE LOG: BEGIN
2025-01-04 23:28:19,096 - Noah's Hand: [4D, 4H, 8D]
2025-01-04 23:28:19,096 - Eve's Hand: [6D, 7C, 9D, TD, JD]
2025-01-04 23:28:19,096 - Boss: Rank: 12 | Suit H | Attack 0 | Health 14
2025-01-04 23:28:19,096 - Tavern: [2C, 4C, 8S, 5H, JH, 3H, 6C, 3S, AH, 9H, AD, TH, TS, 3D, 9C, 3C, 9S, 6H, 2H, AS, 6S, 5C]
2025-01-04 23:28:19,096 - Castle: [KS, KC, KD, KH, QD, QC, QS]
2025-01-04 23:28:19,096 - Discard: [JC, 2D, AC, 7H, 7D, JS, TC, 7S, 8H, 8C]
2025-01-04 23:28:19,096 - Active Player: 1
2025-01-04 23:28:19,096 - STATE LOG: END
2025-01-04 23:28:29,097 - STATE LOG: BEGIN
2025-01-04 23:28:29,098 - Noah's Hand: [4D, 4H, 5C, AS, 6H, 9S, 3C]
2025-01-04 23:28:29,098 - Eve's Hand: [6D, 7C, 9D, TD, JD, 6S, 2H]
2025-01-04 23:28:29,098 - Boss: Rank: 12 | Suit H | Attack 0 | Health 6
2025-01-04 23:28:29,098 - Tavern: [2C, 4C, 8S, 5H, JH, 3H, 6C, 3S, AH, 9H, AD, TH, TS, 3D, 9C]
2025-01-04 23:28:29,098 - Castle: [KS, KC, KD, KH, QD, QC, QS]
2025-01-04 23:28:29,098 - Discard: [JC, 2D, AC, 7H, 7D, JS, TC, 7S, 8H, 8C]
2025-01-04 23:28:29,098 - Active Player: 2
2025-01-04 23:28:29,098 - STATE LOG: END
2025-01-04 23:28:39,099 - STATE LOG: BEGIN
2025-01-04 23:28:39,100 - Noah's Hand: [4D, 4H, 5C, AS, 6H, 9S, 3C]
2025-01-04 23:28:39,100 - Eve's Hand: [2H, 6D, 7C, 9D, TD, JD]
2025-01-04 23:28:39,100 - Boss: Rank: 12 | Suit S | Attack 15 | Health 30
2025-01-04 23:28:39,100 - Tavern: [2C, 4C, 8S, 5H, JH, 3H, 6C, 3S, AH, 9H, AD, TH, TS, 3D, 9C]
2025-01-04 23:28:39,100 - Castle: [KS, KC, KD, KH, QD, QC]
2025-01-04 23:28:39,100 - Discard: [JC, 2D, AC, 7H, 7D, JS, TC, 7S, 8H, 8C, 5D, 5S, 2S, 4S, 8D, 6S]
2025-01-04 23:28:39,100 - Active Player: 2
2025-01-04 23:28:39,100 - STATE LOG: END
2025-01-04 23:28:49,102 - STATE LOG: BEGIN
2025-01-04 23:28:49,102 - Noah's Hand: [4D, 4H, 5C, AS, 6H, 9S, 3C]
2025-01-04 23:28:49,102 - Eve's Hand: [6D, 9D, TD]
2025-01-04 23:28:49,102 - Boss: Rank: 12 | Suit S | Attack 15 | Health 28
2025-01-04 23:28:49,102 - Tavern: [7S, 7D, 2C, 4C, 8S, 5H, JH, 3H, 6C, 3S, AH, 9H, AD, TH, TS, 3D, 9C]
2025-01-04 23:28:49,102 - Castle: [KS, KC, KD, KH, QD, QC]
2025-01-04 23:28:49,102 - Discard: [JS, 8H, 6S, AC, 8C, 4S, 2D, TC, 7H, JC, 5S, 2S, 5D, 8D, 7C, JD]
2025-01-04 23:28:49,102 - Active Player: 1
2025-01-04 23:28:49,102 - STATE LOG: END
2025-01-04 23:28:56,341 - STATE LOG: BEGIN
2025-01-04 23:28:56,341 - Noah's Hand: [AS, 3C, 4D, 5C]
2025-01-04 23:28:56,341 - Eve's Hand: [6D, 9D, TD]
2025-01-04 23:28:56,341 - Boss: Rank: 12 | Suit S | Attack 15 | Health 24
2025-01-04 23:28:56,341 - Tavern: [TC, 6S, 5D, 8C, 7S, 7D, 2C, 4C, 8S, 5H, JH, 3H, 6C, 3S, AH, 9H, AD, TH, TS, 3D, 9C]
2025-01-04 23:28:56,341 - Castle: [KS, KC, KD, KH, QD, QC]
2025-01-04 23:28:56,341 - Discard: [2S, 4S, JD, 8H, 7H, JS, 5S, 8D, 2D, AC, 7C, JC, 6H, 9S]
2025-01-04 23:28:56,341 - Active Player: 2
2025-01-04 23:28:56,341 - STATE LOG: END
2025-01-04 23:29:00,722 - STATE LOG: BEGIN
2025-01-04 23:29:00,722 - Noah's Hand: [AS, 3C, 4D, 5C, 9C, TS, AD]
2025-01-04 23:29:00,722 - Eve's Hand: [9D, TD, 3D]
2025-01-04 23:29:00,722 - Boss: Rank: 12 | Suit S | Attack 15 | Health 18
2025-01-04 23:29:00,722 - Tavern: [TC, 6S, 5D, 8C, 7S, 7D, 2C, 4C, 8S, 5H, JH, 3H, 6C, 3S, AH, 9H]
2025-01-04 23:29:00,722 - Castle: [KS, KC, KD, KH, QD, QC]
2025-01-04 23:29:00,722 - Discard: [2S, 4S, JD, 8H, 7H, JS, 5S, 8D, 2D, AC, 7C, JC, 6H, 9S, TH, QH]
2025-01-04 23:29:00,722 - Active Player: 1
2025-01-04 23:29:00,722 - STATE LOG: END
2025-01-04 23:29:08,052 - STATE LOG: BEGIN
2025-01-04 23:29:08,052 - Noah's Hand: [AD, AS, 3C, 4D, 5C, TS]
2025-01-04 23:29:08,052 - Eve's Hand: [9D, TD, 3D]
2025-01-04 23:29:08,052 - Boss: Rank: 12 | Suit C | Attack 15 | Health 30
2025-01-04 23:29:08,052 - Tavern: [TC, 6S, 5D, 8C, 7S, 7D, 2C, 4C, 8S, 5H, JH, 3H, 6C, 3S, AH, 9H]
2025-01-04 23:29:08,052 - Castle: [KS, KC, KD, KH, QD]
2025-01-04 23:29:08,052 - Discard: [2S, 4S, JD, 8H, 7H, JS, 5S, 8D, 2D, AC, 7C, JC, 6H, 9S, TH, QH, 4H, 9C, 2H, 6D]
2025-01-04 23:29:08,052 - Active Player: 1
2025-01-04 23:29:08,052 - STATE LOG: END
2025-01-04 23:29:13,846 - STATE LOG: BEGIN
2025-01-04 23:29:13,846 - Noah's Hand: [AS, 4D, QS, AH, 6C]
2025-01-04 23:29:13,846 - Eve's Hand: [9D, TD, 3D, 9H, 3S, 3H, JH]
2025-01-04 23:29:13,846 - Boss: Rank: 12 | Suit C | Attack 4 | Health 19
2025-01-04 23:29:13,846 - Tavern: [TC, 6S, 5D, 8C, 7S, 7D, 2C, 4C, 8S, 5H]
2025-01-04 23:29:13,846 - Castle: [KS, KC, KD, KH, QD]
2025-01-04 23:29:13,846 - Discard: [2S, 4S, JD, 8H, 7H, JS, 5S, 8D, 2D, AC, 7C, JC, 6H, 9S, TH, QH, 4H, 9C, 2H, 6D, 3C, 5C]
2025-01-04 23:29:13,846 - Active Player: 2
2025-01-04 23:29:13,846 - STATE LOG: END
2025-01-04 23:29:23,987 - STATE LOG: BEGIN
2025-01-04 23:29:23,988 - Noah's Hand: [AS, 4D, QS, AH, 6C]
2025-01-04 23:29:23,988 - Eve's Hand: [3D, 3H, 3S, 9D, TD, JH]
2025-01-04 23:29:23,988 - Boss: Rank: 12 | Suit C | Attack 4 | Health 19
2025-01-04 23:29:23,988 - Tavern: [TC, 6S, 5D, 8C, 7S, 7D, 2C, 4C, 8S, 5H]
2025-01-04 23:29:23,988 - Castle: [KS, KC, KD, KH, QD]
2025-01-04 23:29:23,988 - Discard: [2S, 4S, JD, 8H, 7H, JS, 5S, 8D, 2D, AC, 7C, JC, 6H, 9S, TH, QH, 4H, 9C, 2H, 6D, 3C, 5C, 9H]
2025-01-04 23:29:23,988 - Active Player: 1
2025-01-04 23:29:23,988 - STATE LOG: END
2025-01-04 23:29:33,990 - STATE LOG: BEGIN
2025-01-04 23:29:33,991 - Noah's Hand: [AH, 6C, QS, 5H, 4C, 2C, 7D]
2025-01-04 23:29:33,991 - Eve's Hand: [3D, 3H, 3S, 9D, TD, JH, 8S]
2025-01-04 23:29:33,991 - Boss: Rank: 12 | Suit C | Attack 0 | Health 14
2025-01-04 23:29:33,991 - Tavern: [TC, 6S, 5D, 8C, 7S]
2025-01-04 23:29:33,991 - Castle: [KS, KC, KD, KH, QD]
2025-01-04 23:29:33,991 - Discard: [2S, 4S, JD, 8H, 7H, JS, 5S, 8D, 2D, AC, 7C, JC, 6H, 9S, TH, QH, 4H, 9C, 2H, 6D, 3C, 5C, 9H]
2025-01-04 23:29:33,991 - Active Player: 2
2025-01-04 23:29:33,991 - STATE LOG: END
2025-01-04 23:29:43,992 - STATE LOG: BEGIN
2025-01-04 23:29:43,994 - Noah's Hand: [AH, 6C, QS, 5H, 4C, 2C, 7D]
2025-01-04 23:29:43,994 - Eve's Hand: [3D, 3H, 3S, 9D, TD, JH, 8S]
2025-01-04 23:29:43,994 - Boss: Rank: 12 | Suit C | Attack 0 | Health 14
2025-01-04 23:29:43,994 - Tavern: [TC, 6S, 5D, 8C, 7S]
2025-01-04 23:29:43,994 - Castle: [KS, KC, KD, KH, QD]
2025-01-04 23:29:43,994 - Discard: [2S, 4S, JD, 8H, 7H, JS, 5S, 8D, 2D, AC, 7C, JC, 6H, 9S, TH, QH, 4H, 9C, 2H, 6D, 3C, 5C, 9H]
2025-01-04 23:29:43,994 - Active Player: 1
2025-01-04 23:29:43,994 - STATE LOG: END
2025-01-04 23:29:53,995 - STATE LOG: BEGIN
2025-01-04 23:29:53,996 - Noah's Hand: [2C, 4C, 5H, 6C, 7D, QS]
2025-01-04 23:29:53,996 - Eve's Hand: [3D, 3H, 3S, 9D, TD, JH, 8S]
2025-01-04 23:29:53,996 - Boss: Rank: 12 | Suit C | Attack 0 | Health 13
2025-01-04 23:29:53,996 - Tavern: [JD, TC, 6S, 5D, 8C, 7S]
2025-01-04 23:29:53,996 - Castle: [KS, KC, KD, KH, QD]
2025-01-04 23:29:53,996 - Discard: [9C, 2H, 6D, JC, 5C, 4H, 7C, 5S, 9H, QH, 3C, 2S, JS, 7H, 6H, TH, 9S, 4S, 8H, 8D, 2D, AC]
2025-01-04 23:29:53,996 - Active Player: 2
2025-01-04 23:29:53,996 - STATE LOG: END
2025-01-04 23:30:03,997 - STATE LOG: BEGIN
2025-01-04 23:30:03,998 - Noah's Hand: [2C, 4C, 5H, 6C, 7D, QS]
2025-01-04 23:30:03,998 - Eve's Hand: [3D, 3H, 3S, 9D, TD, JH, 8S]
2025-01-04 23:30:03,998 - Boss: Rank: 12 | Suit C | Attack 0 | Health 13
2025-01-04 23:30:03,998 - Tavern: [JD, TC, 6S, 5D, 8C, 7S]
2025-01-04 23:30:03,998 - Castle: [KS, KC, KD, KH, QD]
2025-01-04 23:30:03,998 - Discard: [9C, 2H, 6D, JC, 5C, 4H, 7C, 5S, 9H, QH, 3C, 2S, JS, 7H, 6H, TH, 9S, 4S, 8H, 8D, 2D, AC]
2025-01-04 23:30:03,998 - Active Player: 1
2025-01-04 23:30:03,998 - STATE LOG: END
2025-01-04 23:30:14,000 - STATE LOG: BEGIN
2025-01-04 23:30:14,000 - Noah's Hand: [4C, 5H, 6C, 7D, QS]
2025-01-04 23:30:14,000 - Eve's Hand: [3D, 3H, 3S, 9D, TD, JH, 8S]
2025-01-04 23:30:14,000 - Boss: Rank: 12 | Suit C | Attack 0 | Health 11
2025-01-04 23:30:14,000 - Tavern: [JD, TC, 6S, 5D, 8C, 7S]
2025-01-04 23:30:14,000 - Castle: [KS, KC, KD, KH, QD]
2025-01-04 23:30:14,000 - Discard: [9C, 2H, 6D, JC, 5C, 4H, 7C, 5S, 9H, QH, 3C, 2S, JS, 7H, 6H, TH, 9S, 4S, 8H, 8D, 2D, AC]
2025-01-04 23:30:14,000 - Active Player: 2
2025-01-04 23:30:14,001 - STATE LOG: END
2025-01-04 23:30:24,002 - STATE LOG: BEGIN
2025-01-04 23:30:24,002 - Noah's Hand: [4C, 5H, 6C, 7D, QS]
2025-01-04 23:30:24,003 - Eve's Hand: [3D, 3H, 3S, 9D, TD, JH, 8S]
2025-01-04 23:30:24,003 - Boss: Rank: 12 | Suit C | Attack 0 | Health 11
2025-01-04 23:30:24,003 - Tavern: [JD, TC, 6S, 5D, 8C, 7S]
2025-01-04 23:30:24,003 - Castle: [KS, KC, KD, KH, QD]
2025-01-04 23:30:24,003 - Discard: [9C, 2H, 6D, JC, 5C, 4H, 7C, 5S, 9H, QH, 3C, 2S, JS, 7H, 6H, TH, 9S, 4S, 8H, 8D, 2D, AC]
2025-01-04 23:30:24,003 - Active Player: 1
2025-01-04 23:30:24,003 - STATE LOG: END
2025-01-04 23:30:29,769 - STATE LOG: BEGIN
2025-01-04 23:30:29,770 - Noah's Hand: [5H, 6C, 7D, QS]
2025-01-04 23:30:29,770 - Eve's Hand: [3D, 3H, 3S, 9D, TD, JH, 8S]
2025-01-04 23:30:29,770 - Boss: Rank: 12 | Suit C | Attack 0 | Health 7
2025-01-04 23:30:29,770 - Tavern: [JD, TC, 6S, 5D, 8C, 7S]
2025-01-04 23:30:29,770 - Castle: [KS, KC, KD, KH, QD]
2025-01-04 23:30:29,770 - Discard: [9C, 2H, 6D, JC, 5C, 4H, 7C, 5S, 9H, QH, 3C, 2S, JS, 7H, 6H, TH, 9S, 4S, 8H, 8D, 2D, AC]
2025-01-04 23:30:29,770 - Active Player: 2
2025-01-04 23:30:29,770 - STATE LOG: END
2025-01-04 23:30:36,548 - STATE LOG: BEGIN
2025-01-04 23:30:36,549 - Noah's Hand: [5H, 6C, 7D, QS]
2025-01-04 23:30:36,549 - Eve's Hand: [3D, 3H, 3S, 9D, TD, JH, 8S]
2025-01-04 23:30:36,549 - Boss: Rank: 12 | Suit C | Attack 0 | Health 7
2025-01-04 23:30:36,549 - Tavern: [JD, TC, 6S, 5D, 8C, 7S]
2025-01-04 23:30:36,549 - Castle: [KS, KC, KD, KH, QD]
2025-01-04 23:30:36,549 - Discard: [9C, 2H, 6D, JC, 5C, 4H, 7C, 5S, 9H, QH, 3C, 2S, JS, 7H, 6H, TH, 9S, 4S, 8H, 8D, 2D, AC]
2025-01-04 23:30:36,549 - Active Player: 1
2025-01-04 23:30:36,549 - STATE LOG: END
2025-01-04 23:30:40,170 - STATE LOG: BEGIN
2025-01-04 23:30:40,171 - Noah's Hand: [6C, 7D, QS]
2025-01-04 23:30:40,171 - Eve's Hand: [3D, 3H, 3S, 9D, TD, JH, 8S]
2025-01-04 23:30:40,171 - Boss: Rank: 12 | Suit C | Attack 0 | Health 2
2025-01-04 23:30:40,171 - Tavern: [9C, 2D, 5S, JC, 2H, JD, TC, 6S, 5D, 8C, 7S]
2025-01-04 23:30:40,171 - Castle: [KS, KC, KD, KH, QD]
2025-01-04 23:30:40,171 - Discard: [2S, 6H, 4S, 8H, TH, 4H, 7C, AC, 7H, 5C, JS, 3C, QH, 9H, 9S, 6D, 8D]
2025-01-04 23:30:40,171 - Active Player: 2
2025-01-04 23:30:40,171 - STATE LOG: END
2025-01-04 23:30:43,923 - STATE LOG: BEGIN
2025-01-04 23:30:43,923 - Noah's Hand: [6C, 7D, QS]
2025-01-04 23:30:43,923 - Eve's Hand: [3D, 3H, 3S, 9D, TD, JH, 8S]
2025-01-04 23:30:43,923 - Boss: Rank: 12 | Suit C | Attack 0 | Health 2
2025-01-04 23:30:43,923 - Tavern: [9C, 2D, 5S, JC, 2H, JD, TC, 6S, 5D, 8C, 7S]
2025-01-04 23:30:43,923 - Castle: [KS, KC, KD, KH, QD]
2025-01-04 23:30:43,923 - Discard: [2S, 6H, 4S, 8H, TH, 4H, 7C, AC, 7H, 5C, JS, 3C, QH, 9H, 9S, 6D, 8D]
2025-01-04 23:30:43,923 - Active Player: 1
2025-01-04 23:30:43,923 - STATE LOG: END
2025-01-04 23:30:44,616 - STATE LOG: BEGIN
2025-01-04 23:30:44,616 - Noah's Hand: [6C, QS, 7S, 8C, 5D, 6S, TC]
2025-01-04 23:30:44,616 - Eve's Hand: [3D, 3H, 3S, 9D, TD, JH, 8S]
2025-01-04 23:30:44,616 - Boss: Rank: 12 | Suit D | Attack 15 | Health 30
2025-01-04 23:30:44,616 - Tavern: [9C, 2D, 5S, JC, 2H, JD]
2025-01-04 23:30:44,616 - Castle: [KS, KC, KD, KH]
2025-01-04 23:30:44,616 - Discard: [2S, 6H, 4S, 8H, TH, 4H, 7C, AC, 7H, 5C, JS, 3C, QH, 9H, 9S, 6D, 8D, AD, TS, AS, 4D, AH, 2C, 4C, 5H, 7D, QC]
2025-01-04 23:30:44,616 - Active Player: 1
2025-01-04 23:30:44,616 - STATE LOG: END
2025-01-04 23:30:50,257 - STATE LOG: BEGIN
2025-01-04 23:30:50,257 - Noah's Hand: [5D, 6S, 7S, 8C, TC]
2025-01-04 23:30:50,257 - Eve's Hand: [3D, 3H, 3S, 9D, TD, JH, 8S]
2025-01-04 23:30:50,257 - Boss: Rank: 12 | Suit D | Attack 3 | Health 18
2025-01-04 23:30:50,257 - Tavern: [9C, 2D, 5S, JC, 2H, JD]
2025-01-04 23:30:50,257 - Castle: [KS, KC, KD, KH]
2025-01-04 23:30:50,257 - Discard: [2S, 6H, 4S, 8H, TH, 4H, 7C, AC, 7H, 5C, JS, 3C, QH, 9H, 9S, 6D, 8D, AD, TS, AS, 4D, AH, 2C, 4C, 5H, 7D, QC, 6C]
2025-01-04 23:30:50,257 - Active Player: 2
2025-01-04 23:30:50,257 - STATE LOG: END
2025-01-04 23:30:59,827 - STATE LOG: BEGIN
2025-01-04 23:30:59,828 - Noah's Hand: [5D, 6S, 7S, 8C, TC]
2025-01-04 23:30:59,828 - Eve's Hand: [9D, TD, JH, 8S]
2025-01-04 23:30:59,828 - Boss: Rank: 12 | Suit D | Attack 0 | Health 9
2025-01-04 23:30:59,828 - Tavern: [7C, QC, QH, JS, 5H, 7D, 8D, 7H, 6D, 9C, 2D, 5S, JC, 2H, JD]
2025-01-04 23:30:59,828 - Castle: [KS, KC, KD, KH]
2025-01-04 23:30:59,828 - Discard: [AH, AD, 9H, 3C, 6C, 9S, 4C, TS, 8H, AC, 2C, AS, 4S, TH, 2S, 4H, 4D, 6H, 5C]
2025-01-04 23:30:59,828 - Active Player: 1
2025-01-04 23:30:59,829 - STATE LOG: END
2025-01-04 23:31:02,046 - STATE LOG: BEGIN
2025-01-04 23:31:02,046 - Noah's Hand: [5D, 6S, 7S, 8C, TC]
2025-01-04 23:31:02,046 - Eve's Hand: [9D, TD, JH, 8S]
2025-01-04 23:31:02,046 - Boss: Rank: 12 | Suit D | Attack 0 | Health 9
2025-01-04 23:31:02,046 - Tavern: [7C, QC, QH, JS, 5H, 7D, 8D, 7H, 6D, 9C, 2D, 5S, JC, 2H, JD]
2025-01-04 23:31:02,046 - Castle: [KS, KC, KD, KH]
2025-01-04 23:31:02,046 - Discard: [AH, AD, 9H, 3C, 6C, 9S, 4C, TS, 8H, AC, 2C, AS, 4S, TH, 2S, 4H, 4D, 6H, 5C]
2025-01-04 23:31:02,046 - Active Player: 2
2025-01-04 23:31:02,046 - STATE LOG: END
2025-01-04 23:31:03,162 - STATE LOG: BEGIN
2025-01-04 23:31:03,162 - Noah's Hand: [5D, 6S, 7S, 8C, TC]
2025-01-04 23:31:03,162 - Eve's Hand: [9D, TD, JH]
2025-01-04 23:31:03,162 - Boss: Rank: 12 | Suit D | Attack 0 | Health 1
2025-01-04 23:31:03,162 - Tavern: [7C, QC, QH, JS, 5H, 7D, 8D, 7H, 6D, 9C, 2D, 5S, JC, 2H, JD]
2025-01-04 23:31:03,162 - Castle: [KS, KC, KD, KH]
2025-01-04 23:31:03,162 - Discard: [AH, AD, 9H, 3C, 6C, 9S, 4C, TS, 8H, AC, 2C, AS, 4S, TH, 2S, 4H, 4D, 6H, 5C]
2025-01-04 23:31:03,162 - Active Player: 1
2025-01-04 23:31:03,162 - STATE LOG: END
2025-01-04 23:31:04,668 - STATE LOG: BEGIN
2025-01-04 23:31:04,668 - Noah's Hand: [5D, 6S, 7S, 8C, TC]
2025-01-04 23:31:04,668 - Eve's Hand: [9D, TD, JH]
2025-01-04 23:31:04,668 - Boss: Rank: 12 | Suit D | Attack 0 | Health 1
2025-01-04 23:31:04,668 - Tavern: [7C, QC, QH, JS, 5H, 7D, 8D, 7H, 6D, 9C, 2D, 5S, JC, 2H, JD]
2025-01-04 23:31:04,668 - Castle: [KS, KC, KD, KH]
2025-01-04 23:31:04,668 - Discard: [AH, AD, 9H, 3C, 6C, 9S, 4C, TS, 8H, AC, 2C, AS, 4S, TH, 2S, 4H, 4D, 6H, 5C]
2025-01-04 23:31:04,668 - Active Player: 2
2025-01-04 23:31:04,668 - STATE LOG: END
2025-01-04 23:31:06,165 - STATE LOG: BEGIN
2025-01-04 23:31:06,165 - Noah's Hand: [5D, 6S, 7S, 8C, TC]
2025-01-04 23:31:06,165 - Eve's Hand: [9D, TD]
2025-01-04 23:31:06,165 - Boss: Rank: 13 | Suit H | Attack 20 | Health 40
2025-01-04 23:31:06,165 - Tavern: [4S, 4D, 2C, AS, AH, 4H, AC, 5C, TH, 6C, 2S, 7C, QC, QH, JS, 5H, 7D, 8D, 7H, 6D, 9C, 2D, 5S, JC, 2H, JD]
2025-01-04 23:31:06,165 - Castle: [KS, KC, KD]
2025-01-04 23:31:06,165 - Discard: [9S, TS, 6H, 8H, 4C, 9H, 3C, AD, QS, 3D, 3H, 3S, 8S, JH, QD]
2025-01-04 23:31:06,165 - Active Player: 2
2025-01-04 23:31:06,165 - STATE LOG: END
2025-01-04 23:31:08,835 - STATE LOG: BEGIN
2025-01-04 23:31:08,836 - Noah's Hand: [5D, 6S, 7S, 8C, TC, 2H, 5S]
2025-01-04 23:31:08,836 - Eve's Hand: [TD, JD, 2D, 6D, 7H]
2025-01-04 23:31:08,836 - Boss: Rank: 13 | Suit H | Attack 20 | Health 31
2025-01-04 23:31:08,836 - Tavern: [4S, 4D, 2C, AS, AH, 4H, AC, 5C, TH, 6C, 2S, 7C, QC, QH, JS, 5H, 7D, 8D]
2025-01-04 23:31:08,836 - Castle: [KS, KC, KD]
2025-01-04 23:31:08,836 - Discard: [9S, TS, 6H, 8H, 4C, 9H, 3C, AD, QS, 3D, 3H, 3S, 8S, JH, QD, JC, 9C]
2025-01-04 23:31:08,836 - Active Player: 1
2025-01-04 23:31:08,836 - STATE LOG: END
2025-01-04 23:31:16,273 - STATE LOG: BEGIN
2025-01-04 23:31:16,274 - Noah's Hand: [5D, 5S, 8C]
2025-01-04 23:31:16,274 - Eve's Hand: [TD, JD, 2D, 6D, 7H]
2025-01-04 23:31:16,274 - Boss: Rank: 13 | Suit H | Attack 13 | Health 24
2025-01-04 23:31:16,274 - Tavern: [4S, 4D, 2C, AS, AH, 4H, AC, 5C, TH, 6C, 2S, 7C, QC, QH, JS, 5H, 7D, 8D]
2025-01-04 23:31:16,274 - Castle: [KS, KC, KD]
2025-01-04 23:31:16,274 - Discard: [9S, TS, 6H, 8H, 4C, 9H, 3C, AD, QS, 3D, 3H, 3S, 8S, JH, QD, JC, 9C, 2H, TC, 6S]
2025-01-04 23:31:16,274 - Active Player: 2
2025-01-04 23:31:16,274 - STATE LOG: END
2025-01-04 23:31:24,296 - STATE LOG: BEGIN
2025-01-04 23:31:24,296 - Noah's Hand: [5D, 5S, 8C, 7D]
2025-01-04 23:31:24,296 - Eve's Hand: [TD, JD, 8D]
2025-01-04 23:31:24,296 - Boss: Rank: 13 | Suit H | Attack 13 | Health 22
2025-01-04 23:31:24,296 - Tavern: [4S, 4D, 2C, AS, AH, 4H, AC, 5C, TH, 6C, 2S, 7C, QC, QH, JS, 5H]
2025-01-04 23:31:24,296 - Castle: [KS, KC, KD]
2025-01-04 23:31:24,296 - Discard: [9S, TS, 6H, 8H, 4C, 9H, 3C, AD, QS, 3D, 3H, 3S, 8S, JH, QD, JC, 9C, 2H, TC, 6S, 7H, 6D]
2025-01-04 23:31:24,296 - Active Player: 1
2025-01-04 23:31:24,296 - STATE LOG: END
2025-01-04 23:31:31,318 - STATE LOG: BEGIN
2025-01-04 23:31:31,318 - Noah's Hand: [7D, 5H, QH, 7C, 6C, 5C]
2025-01-04 23:31:31,318 - Eve's Hand: [TD, JD, 8D, JS, QC, 2S, TH]
2025-01-04 23:31:31,318 - Boss: Rank: 13 | Suit H | Attack 3 | Health 12
2025-01-04 23:31:31,318 - Tavern: [4S, 4D, 2C, AS, AH, 4H, AC]
2025-01-04 23:31:31,318 - Castle: [KS, KC, KD]
2025-01-04 23:31:31,318 - Discard: [9S, TS, 6H, 8H, 4C, 9H, 3C, AD, QS, 3D, 3H, 3S, 8S, JH, QD, JC, 9C, 2H, TC, 6S, 7H, 6D, 8C]
2025-01-04 23:31:31,318 - Active Player: 2
2025-01-04 23:31:31,318 - STATE LOG: END
2025-01-04 23:31:37,933 - STATE LOG: BEGIN
2025-01-04 23:31:37,933 - Noah's Hand: [7D, 5H, QH, 7C, 6C, 5C]
2025-01-04 23:31:37,933 - Eve's Hand: [8D, TD, TH, JD, JS]
2025-01-04 23:31:37,933 - Boss: Rank: 13 | Suit H | Attack 1 | Health 10
2025-01-04 23:31:37,933 - Tavern: [4S, 4D, 2C, AS, AH, 4H, AC]
2025-01-04 23:31:37,933 - Castle: [KS, KC, KD]
2025-01-04 23:31:37,933 - Discard: [9S, TS, 6H, 8H, 4C, 9H, 3C, AD, QS, 3D, 3H, 3S, 8S, JH, QD, JC, 9C, 2H, TC, 6S, 7H, 6D, 8C, QC]
2025-01-04 23:31:37,933 - Active Player: 1
2025-01-04 23:31:37,933 - STATE LOG: END
2025-01-04 23:31:40,398 - STATE LOG: BEGIN
2025-01-04 23:31:40,398 - Noah's Hand: [5C, 6C, 7C, 7D, QH]
2025-01-04 23:31:40,398 - Eve's Hand: [8D, TD, TH, JD, JS]
2025-01-04 23:31:40,398 - Boss: Rank: 13 | Suit H | Attack 1 | Health 10
2025-01-04 23:31:40,398 - Tavern: [4S, 4D, 2C, AS, AH, 4H, AC]
2025-01-04 23:31:40,398 - Castle: [KS, KC, KD]
2025-01-04 23:31:40,398 - Discard: [9S, TS, 6H, 8H, 4C, 9H, 3C, AD, QS, 3D, 3H, 3S, 8S, JH, QD, JC, 9C, 2H, TC, 6S, 7H, 6D, 8C, QC, 5H]
2025-01-04 23:31:40,398 - Active Player: 2
2025-01-04 23:31:40,398 - STATE LOG: END
2025-01-04 23:31:43,346 - STATE LOG: BEGIN
2025-01-04 23:31:43,346 - Noah's Hand: [5C, 6C, 7C, 7D, QH, 4H, AS]
2025-01-04 23:31:43,346 - Eve's Hand: [TD, TH, JD, JS, AH, 2C]
2025-01-04 23:31:43,346 - Boss: Rank: 13 | Suit H | Attack 1 | Health 2
2025-01-04 23:31:43,346 - Tavern: [4S, 4D]
2025-01-04 23:31:43,346 - Castle: [KS, KC, KD]
2025-01-04 23:31:43,346 - Discard: [9S, TS, 6H, 8H, 4C, 9H, 3C, AD, QS, 3D, 3H, 3S, 8S, JH, QD, JC, 9C, 2H, TC, 6S, 7H, 6D, 8C, QC, 5H, AC]
2025-01-04 23:31:43,346 - Active Player: 1
2025-01-04 23:31:43,346 - STATE LOG: END
2025-01-04 23:31:48,937 - STATE LOG: BEGIN
2025-01-04 23:31:48,937 - Noah's Hand: [AS, 4H, 6C, 7C, 7D, QH]
2025-01-04 23:31:48,937 - Eve's Hand: [TD, TH, JD, JS, AH, 2C]
2025-01-04 23:31:48,937 - Boss: Rank: 13 | Suit H | Attack 1 | Health 2
2025-01-04 23:31:48,937 - Tavern: [4S, 4D]
2025-01-04 23:31:48,937 - Castle: [KS, KC, KD]
2025-01-04 23:31:48,937 - Discard: [9S, TS, 6H, 8H, 4C, 9H, 3C, AD, QS, 3D, 3H, 3S, 8S, JH, QD, JC, 9C, 2H, TC, 6S, 7H, 6D, 8C, QC, 5H, AC, 5C]
2025-01-04 23:31:48,937 - Active Player: 2
2025-01-04 23:31:48,937 - STATE LOG: END
2025-01-04 23:31:52,603 - STATE LOG: BEGIN
2025-01-04 23:31:52,603 - Noah's Hand: [AS, 4H, 6C, 7C, 7D, QH, 4S]
2025-01-04 23:31:52,603 - Eve's Hand: [AH, 2C, TH, JD, JS, 4D]
2025-01-04 23:31:52,603 - Boss: Rank: 13 | Suit D | Attack 20 | Health 40
2025-01-04 23:31:52,603 - Tavern: []
2025-01-04 23:31:52,603 - Castle: [KS, KC]
2025-01-04 23:31:52,603 - Discard: [9S, TS, 6H, 8H, 4C, 9H, 3C, AD, QS, 3D, 3H, 3S, 8S, JH, QD, JC, 9C, 2H, TC, 6S, 7H, 6D, 8C, QC, 5H, AC, 5C, 7S, 5D, 5S, 9D, 2D, 2S, 8D, TD, KH]
2025-01-04 23:31:52,603 - Active Player: 2
2025-01-04 23:31:52,603 - STATE LOG: END
2025-01-04 23:31:54,126 - STATE LOG: BEGIN
2025-01-04 23:31:54,126 - Noah's Hand: [AS, 4H, 6C, 7C, 7D, QH, 4S]
2025-01-04 23:31:54,127 - Eve's Hand: [2C, 4D, JD]
2025-01-04 23:31:54,127 - Boss: Rank: 13 | Suit D | Attack 8 | Health 28
2025-01-04 23:31:54,127 - Tavern: [3H, QS, 2S, 8S, 7H, 3S, JH, 6H, TC, JC, 5H, 8D]
2025-01-04 23:31:54,127 - Castle: [KS, KC]
2025-01-04 23:31:54,127 - Discard: [2H, 9H, 4C, TS, QD, AC, 5D, 6S, AD, 5S, 7S, 5C, 9D, 8C, 9S, 3C, 2D, 3D, TD, 8H, 9C, KH, QC, 6D, TH]
2025-01-04 23:31:54,127 - Active Player: 1
2025-01-04 23:31:54,127 - STATE LOG: END
2025-01-04 23:31:55,737 - STATE LOG: BEGIN
2025-01-04 23:31:55,737 - Noah's Hand: [AS, 6C, 7C, 7D, QH]
2025-01-04 23:31:55,737 - Eve's Hand: [2C, 4D, JD]
2025-01-04 23:31:55,737 - Boss: Rank: 13 | Suit D | Attack 0 | Health 20
2025-01-04 23:31:55,737 - Tavern: [7S, AC, TD, 6S, 8H, TH, 9H, 9S, 3H, QS, 2S, 8S, 7H, 3S, JH, 6H, TC, JC, 5H, 8D]
2025-01-04 23:31:55,737 - Castle: [KS, KC]
2025-01-04 23:31:55,737 - Discard: [4C, 5S, 2H, 5C, 6D, TS, 2D, 9C, QD, 9D, QC, AD, 5D, 3D, 8C, 3C, KH]
2025-01-04 23:31:55,737 - Active Player: 2
2025-01-04 23:31:55,737 - STATE LOG: END
2025-01-04 23:31:59,025 - STATE LOG: BEGIN
2025-01-04 23:31:59,025 - Noah's Hand: [AS, 6C, 7C, 7D, QH]
2025-01-04 23:31:59,025 - Eve's Hand: [4D, JD]
2025-01-04 23:31:59,025 - Boss: Rank: 13 | Suit D | Attack 0 | Health 16
2025-01-04 23:31:59,025 - Tavern: [7S, AC, TD, 6S, 8H, TH, 9H, 9S, 3H, QS, 2S, 8S, 7H, 3S, JH, 6H, TC, JC, 5H, 8D]
2025-01-04 23:31:59,025 - Castle: [KS, KC]
2025-01-04 23:31:59,025 - Discard: [4C, 5S, 2H, 5C, 6D, TS, 2D, 9C, QD, 9D, QC, AD, 5D, 3D, 8C, 3C, KH]
2025-01-04 23:31:59,025 - Active Player: 1
2025-01-04 23:31:59,025 - STATE LOG: END
2025-01-04 23:32:00,743 - STATE LOG: BEGIN
2025-01-04 23:32:00,743 - Noah's Hand: [AS, 6C, 7C, 7D]
2025-01-04 23:32:00,743 - Eve's Hand: [4D, JD]
2025-01-04 23:32:00,743 - Boss: Rank: 13 | Suit D | Attack 0 | Health 4
2025-01-04 23:32:00,743 - Tavern: [4C, AD, 5D, 3C, 2D, QD, 9D, QC, 9C, 5C, TS, 3D, 7S, AC, TD, 6S, 8H, TH, 9H, 9S, 3H, QS, 2S, 8S, 7H, 3S, JH, 6H, TC, JC, 5H, 8D]
2025-01-04 23:32:00,743 - Castle: [KS, KC]
2025-01-04 23:32:00,743 - Discard: [2H, 6D, 5S, KH, 8C]
2025-01-04 23:32:00,743 - Active Player: 2
2025-01-04 23:32:00,743 - STATE LOG: END
2025-01-04 23:32:01,294 - STATE LOG: BEGIN
2025-01-04 23:32:01,294 - Noah's Hand: [AS, 6C, 7C, 7D]
2025-01-04 23:32:01,294 - Eve's Hand: [JD]
2025-01-04 23:32:01,294 - Boss: Rank: 13 | Suit C | Attack 20 | Health 40
2025-01-04 23:32:01,295 - Tavern: [4C, AD, 5D, 3C, 2D, QD, 9D, QC, 9C, 5C, TS, 3D, 7S, AC, TD, 6S, 8H, TH, 9H, 9S, 3H, QS, 2S, 8S, 7H, 3S, JH, 6H, TC, JC, 5H, 8D]
2025-01-04 23:32:01,295 - Castle: [KS]
2025-01-04 23:32:01,295 - Discard: [2H, 6D, 5S, KH, 8C, 4H, 4S, QH, AH, JS, 2C, 4D]
2025-01-04 23:32:01,295 - Active Player: 2
2025-01-04 23:32:01,295 - STATE LOG: END
2025-01-04 23:32:02,362 - STATE LOG: BEGIN
2025-01-04 23:32:02,362 - Noah's Hand: [AS, 6C, 7C, 7D, 8D, JC, 6H]
2025-01-04 23:32:02,362 - Eve's Hand: [KD, 5H, 3S, 7H, 8S]
2025-01-04 23:32:02,362 - Boss: Rank: 13 | Suit C | Attack 20 | Health 29
2025-01-04 23:32:02,362 - Tavern: [4C, AD, 5D, 3C, 2D, QD, 9D, QC, 9C, 5C, TS, 3D, 7S, AC, TD, 6S, 8H, TH, 9H, 9S, 3H, QS, 2S]
2025-01-04 23:32:02,362 - Castle: [KS]
2025-01-04 23:32:02,362 - Discard: [2H, 6D, 5S, KH, 8C, 4H, 4S, QH, AH, JS, 2C, 4D, JH, TC]
2025-01-04 23:32:02,362 - Active Player: 1
2025-01-04 23:32:02,362 - STATE LOG: END
2025-01-04 23:32:07,663 - STATE LOG: BEGIN
2025-01-04 23:32:07,663 - Noah's Hand: [7C, 7D, 8D]
2025-01-04 23:32:07,663 - Eve's Hand: [KD, 5H, 3S, 7H, 8S]
2025-01-04 23:32:07,663 - Boss: Rank: 13 | Suit C | Attack 8 | Health 17
2025-01-04 23:32:07,663 - Tavern: [4C, AD, 5D, 3C, 2D, QD, 9D, QC, 9C, 5C, TS, 3D, 7S, AC, TD, 6S, 8H, TH, 9H, 9S, 3H, QS, 2S]
2025-01-04 23:32:07,663 - Castle: [KS]
2025-01-04 23:32:07,663 - Discard: [2H, 6D, 5S, KH, 8C, 4H, 4S, QH, AH, JS, 2C, 4D, JH, TC, 6H, 6C]
2025-01-04 23:32:07,663 - Active Player: 2
2025-01-04 23:32:07,663 - STATE LOG: END
2025-01-04 23:32:15,080 - STATE LOG: BEGIN
2025-01-04 23:32:15,080 - Noah's Hand: [7C, 7D, 8D]
2025-01-04 23:32:15,080 - Eve's Hand: [8S, KD]
2025-01-04 23:32:15,080 - Boss: Rank: 13 | Suit C | Attack 8 | Health 10
2025-01-04 23:32:15,080 - Tavern: [2C, 2H, 6H, 6D, 4S, KH, AH, 4C, AD, 5D, 3C, 2D, QD, 9D, QC, 9C, 5C, TS, 3D, 7S, AC, TD, 6S, 8H, TH, 9H, 9S, 3H, QS, 2S]
2025-01-04 23:32:15,080 - Castle: [KS]
2025-01-04 23:32:15,080 - Discard: [5S, JS, TC, 4H, 4D, JH, 8C, 6C, QH, 3S, 5H]
2025-01-04 23:32:15,080 - Active Player: 1
2025-01-04 23:32:15,080 - STATE LOG: END
2025-01-04 23:32:17,644 - STATE LOG: BEGIN
2025-01-04 23:32:17,644 - Noah's Hand: [7D]
2025-01-04 23:32:17,644 - Eve's Hand: [8S, KD]
2025-01-04 23:32:17,644 - Boss: Rank: 13 | Suit C | Attack 8 | Health 10
2025-01-04 23:32:17,644 - Tavern: [2C, 2H, 6H, 6D, 4S, KH, AH, 4C, AD, 5D, 3C, 2D, QD, 9D, QC, 9C, 5C, TS, 3D, 7S, AC, TD, 6S, 8H, TH, 9H, 9S, 3H, QS, 2S]
2025-01-04 23:32:17,644 - Castle: [KS]
2025-01-04 23:32:17,644 - Discard: [5S, JS, TC, 4H, 4D, JH, 8C, 6C, QH, 3S, 5H, 7C, 8D]
2025-01-04 23:32:17,644 - Active Player: 2
2025-01-04 23:32:17,644 - STATE LOG: END
2025-01-04 23:32:20,479 - STATE LOG: BEGIN
2025-01-04 23:32:20,479 - Noah's Hand: [7D, QS, 9S, TH, 6S, AC, 3D]
2025-01-04 23:32:20,479 - Eve's Hand: [8S, 2S, 3H, 9H, 8H, TD, 7S]
2025-01-04 23:32:20,479 - Boss: Rank: 13 | Suit S | Attack 20 | Health 40
2025-01-04 23:32:20,479 - Tavern: [2C, 2H, 6H, 6D, 4S, KH, AH, 4C, AD, 5D, 3C, 2D, QD, 9D, QC, 9C, 5C, TS]
2025-01-04 23:32:20,479 - Castle: []
2025-01-04 23:32:20,479 - Discard: [5S, JS, TC, 4H, 4D, JH, 8C, 6C, QH, 3S, 5H, 7C, 8D, AS, JC, JD, 7H, KD, KC]
2025-01-04 23:32:20,479 - Active Player: 2
2025-01-04 23:32:20,479 - STATE LOG: END
2025-01-04 23:32:23,347 - STATE LOG: BEGIN
2025-01-04 23:32:23,348 - Noah's Hand: [7D, QS, 9S, TH, 6S, AC, 3D]
2025-01-04 23:32:23,348 - Eve's Hand: [8S, TD]
2025-01-04 23:32:23,348 - Boss: Rank: 13 | Suit S | Attack 20 | Health 31
2025-01-04 23:32:23,348 - Tavern: [AS, KD, JD, 4D, QH, JS, TC, 8D, 7H, 2C, 2H, 6H, 6D, 4S, KH, AH, 4C, AD, 5D, 3C, 2D, QD, 9D, QC, 9C, 5C, TS]
2025-01-04 23:32:23,348 - Castle: []
2025-01-04 23:32:23,348 - Discard: [5H, 7C, 5S, 3S, 6C, 4H, JH, JC, KC, 8C, 3H, 2S, 7S, 8H]
2025-01-04 23:32:23,348 - Active Player: 1
2025-01-04 23:32:23,348 - STATE LOG: END
2025-01-04 23:32:24,657 - STATE LOG: BEGIN
2025-01-04 23:32:24,657 - Noah's Hand: [3D, 9S, TH, QS]
2025-01-04 23:32:24,657 - Eve's Hand: [8S, TD, 5C, QC, 9D, QD, 2D]
2025-01-04 23:32:24,657 - Boss: Rank: 13 | Suit S | Attack 20 | Health 15
2025-01-04 23:32:24,657 - Tavern: [AS, KD, JD, 4D, QH, JS, TC, 8D, 7H, 2C, 2H, 6H, 6D, 4S, KH, AH, 4C, AD, 5D, 3C]
2025-01-04 23:32:24,657 - Castle: []
2025-01-04 23:32:24,657 - Discard: [5H, 7C, 5S, 3S, 6C, 4H, JH, JC, KC, 8C, 3H, 2S, 7S, 8H, 9C, 6S, TS]
2025-01-04 23:32:24,657 - Active Player: 2
2025-01-04 23:32:24,657 - STATE LOG: END
2025-01-04 23:32:25,300 - STATE LOG: BEGIN
2025-01-04 23:32:25,300 - Noah's Hand: [3D, 9S, TH, QS, 5D, AD, 4C]
2025-01-04 23:32:25,300 - Eve's Hand: [2D, 9D, QD, 3C]
2025-01-04 23:32:25,300 - Boss: Rank: 13 | Suit S | Attack 20 | Health 5
2025-01-04 23:32:25,300 - Tavern: [AS, KD, JD, 4D, QH, JS, TC, 8D, 7H, 2C, 2H, 6H, 6D, 4S, KH, AH]
2025-01-04 23:32:25,300 - Castle: []
2025-01-04 23:32:25,300 - Discard: [5H, 7C, 5S, 3S, 6C, 4H, JH, JC, KC, 8C, 3H, 2S, 7S, 8H, 9C, 6S, TS, 8S, 5C, QC]
2025-01-04 23:32:25,300 - Active Player: 1
2025-01-04 23:32:25,300 - STATE LOG: END
2025-01-04 23:32:25,420 - STATE LOG: BEGIN
2025-01-04 23:32:25,420 - Noah's Hand: [4C, 5D, 9S, 4S]
2025-01-04 23:32:25,420 - Eve's Hand: [2D, 9D, QD, 3C, KH, 6D]
2025-01-04 23:32:25,420 - Boss: Rank: 13 | Suit S | Attack 20 | Health 1
2025-01-04 23:32:25,420 - Tavern: [AS, KD, JD, 4D, QH, JS, TC, 8D, 7H, 2C, 2H, 6H]
2025-01-04 23:32:25,420 - Castle: []
2025-01-04 23:32:25,420 - Discard: [5H, 7C, 5S, 3S, 6C, 4H, JH, JC, KC, 8C, 3H, 2S, 7S, 8H, 9C, 6S, TS, 8S, 5C, QC, QS, AH, TH]
2025-01-04 23:32:25,420 - Active Player: 2
2025-01-04 23:32:25,420 - STATE LOG: END
2025-01-04 23:32:25,492 - STATE LOG: BEGIN
2025-01-04 23:32:25,492 - Noah's Hand: [4C, 5D, 9S, 4S]
2025-01-04 23:32:25,492 - Eve's Hand: [2D, 9D, QD]
2025-01-04 23:32:25,492 - Boss: Rank: 13 | Suit S | Attack 20 | Health 1
2025-01-04 23:32:25,492 - Tavern: [AS, KD, JD, 4D, QH, JS, TC, 8D, 7H, 2C, 2H, 6H]
2025-01-04 23:32:25,492 - Castle: []
2025-01-04 23:32:25,492 - Discard: [5H, 7C, 5S, 3S, 6C, 4H, JH, JC, KC, 8C, 3H, 2S, 7S, 8H, 9C, 6S, TS, 8S, 5C, QC, QS, AH, TH, KH, 3C, 6D]
2025-01-04 23:32:25,492 - Active Player: 1
2025-01-04 23:32:25,492 - STATE LOG: END
2025-01-04 23:32:25,503 - STATE LOG: BEGIN
2025-01-04 23:32:25,503 - Noah's Hand: [4S, 5D, 9S]
2025-01-04 23:32:25,503 - Eve's Hand: [2D, 9D, QD]
2025-01-04 23:32:25,503 - Final Boss Defeated!
2025-01-04 23:32:25,503 - Tavern: [AS, KD, JD, 4D, QH, JS, TC, 8D, 7H, 2C, 2H, 6H]
2025-01-04 23:32:25,503 - Castle: []
2025-01-04 23:32:25,503 - Discard: [5H, 7C, 5S, 3S, 6C, 4H, JH, JC, KC, 8C, 3H, 2S, 7S, 8H, 9C, 6S, TS, 8S, 5C, QC, QS, AH, TH, KH, 3C, 6D, AC, 7D, AD, 3D, 4C, 9H, TD, KS]
2025-01-04 23:32:25,503 - Active Player: 1
2025-01-04 23:32:25,503 - STATE LOG: END
