Blind - Heavy - 2

2025-01-04 23:07:27,710 - STATE LOG: BEGIN
2025-01-04 23:07:27,710 - Noah's Hand: [2C, 5S, 4D, 4H, 8D, 3H, TC]
2025-01-04 23:07:27,710 - Eve's Hand: [AD, 3S, 3D, 4S, AC, 8H, AS]
2025-01-04 23:07:27,710 - Boss: Rank: 11 | Suit D | Attack 10 | Health 20
2025-01-04 23:07:27,710 - Tavern: [7H, 3C, 4C, TD, 5C, 8S, 5D, 7D, 6H, 7S, 6D, 9D, 7C, 5H, 6S, AH, 2S, 9S, 2D, 8C, TH, 6C, TS, 9H, 2H, 9C]
2025-01-04 23:07:27,711 - Castle: [KD, KH, KS, KC, QS, QD, QC, QH, JS, JC, JH]
2025-01-04 23:07:27,711 - Discard: []
2025-01-04 23:07:27,711 - Active Player: 1
2025-01-04 23:07:27,711 - STATE LOG: END
2025-01-04 23:07:32,241 - STATE LOG: BEGIN
2025-01-04 23:07:32,241 - Noah's Hand: [2C, 3H, 4D, 4H, 5S, 8D]
2025-01-04 23:07:32,241 - Eve's Hand: [AD, 3S, 3D, 4S, AC, 8H, AS]
2025-01-04 23:07:32,241 - Boss: Rank: 11 | Suit H | Attack 10 | Health 20
2025-01-04 23:07:32,241 - Tavern: [7H, 3C, 4C, TD, 5C, 8S, 5D, 7D, 6H, 7S, 6D, 9D, 7C, 5H, 6S, AH, 2S, 9S, 2D, 8C, TH, 6C, TS, 9H, 2H, 9C]
2025-01-04 23:07:32,241 - Castle: [KD, KH, KS, KC, QS, QD, QC, QH, JS, JC]
2025-01-04 23:07:32,241 - Discard: [TC]
2025-01-04 23:07:32,241 - Active Player: 1
2025-01-04 23:07:32,241 - STATE LOG: END
2025-01-04 23:07:42,242 - STATE LOG: BEGIN
2025-01-04 23:07:42,242 - Noah's Hand: [2C, 4D, 8D]
2025-01-04 23:07:42,242 - Eve's Hand: [AD, 3S, 3D, 4S, AC, 8H, AS]
2025-01-04 23:07:42,242 - Boss: Rank: 11 | Suit H | Attack 5 | Health 15
2025-01-04 23:07:42,242 - Tavern: [7H, 3C, 4C, TD, 5C, 8S, 5D, 7D, 6H, 7S, 6D, 9D, 7C, 5H, 6S, AH, 2S, 9S, 2D, 8C, TH, 6C, TS, 9H, 2H, 9C]
2025-01-04 23:07:42,242 - Castle: [KD, KH, KS, KC, QS, QD, QC, QH, JS, JC]
2025-01-04 23:07:42,242 - Discard: [TC, 3H, 4H]
2025-01-04 23:07:42,242 - Active Player: 2
2025-01-04 23:07:42,242 - STATE LOG: END
2025-01-04 23:07:52,243 - STATE LOG: BEGIN
2025-01-04 23:07:52,243 - Noah's Hand: [2C, 4D, 8D, 9C, 2H]
2025-01-04 23:07:52,244 - Eve's Hand: [AD, AS, 3S, 8H, JD]
2025-01-04 23:07:52,244 - Boss: Rank: 11 | Suit H | Attack 5 | Health 12
2025-01-04 23:07:52,244 - Tavern: [7H, 3C, 4C, TD, 5C, 8S, 5D, 7D, 6H, 7S, 6D, 9D, 7C, 5H, 6S, AH, 2S, 9S, 2D, 8C, TH, 6C, TS, 9H]
2025-01-04 23:07:52,244 - Castle: [KD, KH, KS, KC, QS, QD, QC, QH, JS, JC]
2025-01-04 23:07:52,244 - Discard: [TC, 3H, 4H, AC, 4S]
2025-01-04 23:07:52,244 - Active Player: 1
2025-01-04 23:07:52,244 - STATE LOG: END
2025-01-04 23:08:00,142 - STATE LOG: BEGIN
2025-01-04 23:08:00,143 - Noah's Hand: [2C, 4D, 8D]
2025-01-04 23:08:00,143 - Eve's Hand: [AD, AS, 3S, 8H, JD]
2025-01-04 23:08:00,143 - Boss: Rank: 11 | Suit H | Attack 5 | Health 10
2025-01-04 23:08:00,143 - Tavern: [7H, 3C, 4C, TD, 5C, 8S, 5D, 7D, 6H, 7S, 6D, 9D, 7C, 5H, 6S, AH, 2S, 9S, 2D, 8C, TH, 6C, TS, 9H]
2025-01-04 23:08:00,143 - Castle: [KD, KH, KS, KC, QS, QD, QC, QH, JS, JC]
2025-01-04 23:08:00,143 - Discard: [TC, 3H, 4H, AC, 4S, 9C]
2025-01-04 23:08:00,143 - Active Player: 2
2025-01-04 23:08:00,143 - STATE LOG: END
2025-01-04 23:08:10,144 - STATE LOG: BEGIN
2025-01-04 23:08:10,145 - Noah's Hand: [2C, 4D, 8D, TS, TH, 2D, 2S]
2025-01-04 23:08:10,145 - Eve's Hand: [AS, 3S, JD, 6C, 8C, 9S]
2025-01-04 23:08:10,145 - Boss: Rank: 11 | Suit H | Attack 5 | Health 1
2025-01-04 23:08:10,145 - Tavern: [7H, 3C, 4C, TD, 5C, 8S, 5D, 7D, 6H, 7S, 6D, 9D, 7C, 5H, 6S, AH]
2025-01-04 23:08:10,145 - Castle: [KD, KH, KS, KC, QS, QD, QC, QH, JS, JC]
2025-01-04 23:08:10,145 - Discard: [TC, 3H, 4H, AC, 4S, 9C, 9H]
2025-01-04 23:08:10,145 - Active Player: 1
2025-01-04 23:08:10,145 - STATE LOG: END
2025-01-04 23:08:20,147 - STATE LOG: BEGIN
2025-01-04 23:08:20,148 - Noah's Hand: [4D, 8D, TH, TS, AH, 5H, 7C]
2025-01-04 23:08:20,148 - Eve's Hand: [AS, 3S, JD, 6C, 8C, 9S, 6S]
2025-01-04 23:08:20,148 - Boss: Rank: 11 | Suit C | Attack 10 | Health 20
2025-01-04 23:08:20,148 - Tavern: [7H, 3C, 4C, TD, 5C, 8S, 5D, 7D, 6H, 7S, 6D, 9D]
2025-01-04 23:08:20,148 - Castle: [KD, KH, KS, KC, QS, QD, QC, QH, JS]
2025-01-04 23:08:20,148 - Discard: [TC, 3H, 4H, AC, 4S, 9C, 9H, 5S, 2H, 2C, 2D, 2S, 3D, AD, 8H, JH]
2025-01-04 23:08:20,148 - Active Player: 1
2025-01-04 23:08:20,148 - STATE LOG: END
2025-01-04 23:08:30,148 - STATE LOG: BEGIN
2025-01-04 23:08:30,149 - Noah's Hand: [8D, TH, TS, 9D, 6D]
2025-01-04 23:08:30,149 - Eve's Hand: [AS, 3S, JD, 6C, 8C, 9S, 6S]
2025-01-04 23:08:30,149 - Boss: Rank: 11 | Suit C | Attack 10 | Health 15
2025-01-04 23:08:30,149 - Tavern: [5S, JH, TC, 9C, 2H, 7H, 3C, 4C, TD, 5C, 8S, 5D, 7D, 6H, 7S]
2025-01-04 23:08:30,149 - Castle: [KD, KH, KS, KC, QS, QD, QC, QH, JS]
2025-01-04 23:08:30,149 - Discard: [4S, 9H, 3D, AD, 2D, AC, 2S, 2C, 8H, 4H, 3H, 7C, 5H]
2025-01-04 23:08:30,149 - Active Player: 2
2025-01-04 23:08:30,149 - STATE LOG: END
2025-01-04 23:08:40,150 - STATE LOG: BEGIN
2025-01-04 23:08:40,151 - Noah's Hand: [8D, TH, TS, 9D, 6D]
2025-01-04 23:08:40,151 - Eve's Hand: [6C, 8C, 9S, JD]
2025-01-04 23:08:40,151 - Boss: Rank: 11 | Suit C | Attack 6 | Health 11
2025-01-04 23:08:40,151 - Tavern: [5S, JH, TC, 9C, 2H, 7H, 3C, 4C, TD, 5C, 8S, 5D, 7D, 6H, 7S]
2025-01-04 23:08:40,151 - Castle: [KD, KH, KS, KC, QS, QD, QC, QH, JS]
2025-01-04 23:08:40,151 - Discard: [4S, 9H, 3D, AD, 2D, AC, 2S, 2C, 8H, 4H, 3H, 7C, 5H, 6S]
2025-01-04 23:08:40,151 - Active Player: 1
2025-01-04 23:08:40,151 - STATE LOG: END
2025-01-04 23:08:50,152 - STATE LOG: BEGIN
2025-01-04 23:08:50,153 - Noah's Hand: [6D, 8D, 9D]
2025-01-04 23:08:50,153 - Eve's Hand: [6C, 8C, 9S, JD]
2025-01-04 23:08:50,153 - Boss: Rank: 11 | Suit C | Attack 6 | Health 1
2025-01-04 23:08:50,153 - Tavern: [2S, 3H, 7C, 6S, AD, AC, 4H, 5H, 9H, 3D, 5S, JH, TC, 9C, 2H, 7H, 3C, 4C, TD, 5C, 8S, 5D, 7D, 6H, 7S]
2025-01-04 23:08:50,153 - Castle: [KD, KH, KS, KC, QS, QD, QC, QH, JS]
2025-01-04 23:08:50,153 - Discard: [2D, 8H, 4S, 2C, TS]
2025-01-04 23:08:50,153 - Active Player: 2
2025-01-04 23:08:50,153 - STATE LOG: END
2025-01-04 23:08:53,921 - STATE LOG: BEGIN
2025-01-04 23:08:53,921 - Noah's Hand: [6D, 8D, 9D]
2025-01-04 23:08:53,921 - Eve's Hand: [8C, 9S, JD]
2025-01-04 23:08:53,921 - Boss: Rank: 11 | Suit C | Attack 6 | Health 1
2025-01-04 23:08:53,921 - Tavern: [2S, 3H, 7C, 6S, AD, AC, 4H, 5H, 9H, 3D, 5S, JH, TC, 9C, 2H, 7H, 3C, 4C, TD, 5C, 8S, 5D, 7D, 6H, 7S]
2025-01-04 23:08:53,921 - Castle: [KD, KH, KS, KC, QS, QD, QC, QH, JS]
2025-01-04 23:08:53,921 - Discard: [2D, 8H, 4S, 2C, TS, 6C]
2025-01-04 23:08:53,921 - Active Player: 1
2025-01-04 23:08:53,922 - STATE LOG: END
2025-01-04 23:09:03,923 - STATE LOG: BEGIN
2025-01-04 23:09:03,923 - Noah's Hand: [6D, 8D, 7S, 7D, 8S, TD, 3C]
2025-01-04 23:09:03,923 - Eve's Hand: [8C, 9S, JD, 6H, 5D, 5C, 4C]
2025-01-04 23:09:03,923 - Boss: Rank: 11 | Suit S | Attack 10 | Health 20
2025-01-04 23:09:03,923 - Tavern: [2S, 3H, 7C, 6S, AD, AC, 4H, 5H, 9H, 3D, 5S, JH, TC, 9C, 2H, 7H]
2025-01-04 23:09:03,923 - Castle: [KD, KH, KS, KC, QS, QD, QC, QH]
2025-01-04 23:09:03,923 - Discard: [2D, 8H, 4S, 2C, TS, 6C, AH, 4D, TH, 9D, AS, 3S, JC]
2025-01-04 23:09:03,923 - Active Player: 1
2025-01-04 23:09:03,923 - STATE LOG: END
2025-01-04 23:09:13,925 - STATE LOG: BEGIN
2025-01-04 23:09:13,926 - Noah's Hand: [3C, 6D, 7D, 8D, TD]
2025-01-04 23:09:13,926 - Eve's Hand: [8C, 9S, JD, 6H, 5D, 5C, 4C]
2025-01-04 23:09:13,926 - Boss: Rank: 11 | Suit S | Attack 10 | Health 20
2025-01-04 23:09:13,926 - Tavern: [2S, 3H, 7C, 6S, AD, AC, 4H, 5H, 9H, 3D, 5S, JH, TC, 9C, 2H, 7H]
2025-01-04 23:09:13,926 - Castle: [KD, KH, KS, KC, QS, QD, QC, QH]
2025-01-04 23:09:13,926 - Discard: [2D, 8H, 4S, 2C, TS, 6C, AH, 4D, TH, 9D, AS, 3S, JC, 8S, 7S]
2025-01-04 23:09:13,926 - Active Player: 2
2025-01-04 23:09:13,926 - STATE LOG: END
2025-01-04 23:09:23,927 - STATE LOG: BEGIN
2025-01-04 23:09:23,929 - Noah's Hand: [3C, 6D, 7D, 8D, TD]
2025-01-04 23:09:23,929 - Eve's Hand: [4C, 5C, 5D, JD]
2025-01-04 23:09:23,929 - Boss: Rank: 11 | Suit S | Attack 10 | Health 14
2025-01-04 23:09:23,929 - Tavern: [AS, 7S, 2C, AH, 4S, 9D, 2S, 3H, 7C, 6S, AD, AC, 4H, 5H, 9H, 3D, 5S, JH, TC, 9C, 2H, 7H]
2025-01-04 23:09:23,929 - Castle: [KD, KH, KS, KC, QS, QD, QC, QH]
2025-01-04 23:09:23,929 - Discard: [4D, TH, 8H, 6C, 2D, 3S, JC, TS, 8S, 8C, 9S]
2025-01-04 23:09:23,929 - Active Player: 1
2025-01-04 23:09:23,929 - STATE LOG: END
2025-01-04 23:09:33,930 - STATE LOG: BEGIN
2025-01-04 23:09:33,931 - Noah's Hand: [6D, 8D, TD, 9C, JH]
2025-01-04 23:09:33,931 - Eve's Hand: [4C, 5C, 5D, JD, 2H, TC, 5S]
2025-01-04 23:09:33,931 - Boss: Rank: 11 | Suit S | Attack 10 | Health 7
2025-01-04 23:09:33,931 - Tavern: [AS, 7S, 2C, AH, 4S, 9D, 2S, 3H, 7C, 6S, AD, AC, 4H, 5H, 9H, 3D]
2025-01-04 23:09:33,931 - Castle: [KD, KH, KS, KC, QS, QD, QC, QH]
2025-01-04 23:09:33,931 - Discard: [4D, TH, 8H, 6C, 2D, 3S, JC, TS, 8S, 8C, 9S, 3C, 7H]
2025-01-04 23:09:33,931 - Active Player: 2
2025-01-04 23:09:33,931 - STATE LOG: END
2025-01-04 23:09:43,933 - STATE LOG: BEGIN
2025-01-04 23:09:43,933 - Noah's Hand: [6D, 8D, TD, 9C, JH]
2025-01-04 23:09:43,933 - Eve's Hand: [5D, TC, JD]
2025-01-04 23:09:43,933 - Boss: Rank: 11 | Suit S | Attack 10 | Health 5
2025-01-04 23:09:43,933 - Tavern: [3S, 8C, AS, 7S, 2C, AH, 4S, 9D, 2S, 3H, 7C, 6S, AD, AC, 4H, 5H, 9H, 3D]
2025-01-04 23:09:43,933 - Castle: [KD, KH, KS, KC, QS, QD, QC, QH]
2025-01-04 23:09:43,933 - Discard: [JC, 3C, 8H, 7H, 4D, 6C, TS, TH, 9S, 2D, 8S, 4C, 5S, 5C]
2025-01-04 23:09:43,933 - Active Player: 1
2025-01-04 23:09:43,933 - STATE LOG: END
2025-01-04 23:09:53,462 - STATE LOG: BEGIN
2025-01-04 23:09:53,463 - Noah's Hand: [6D, 8D, 9C, TD]
2025-01-04 23:09:53,463 - Eve's Hand: [5D, TC, JD]
2025-01-04 23:09:53,463 - Boss: Rank: 12 | Suit H | Attack 15 | Health 30
2025-01-04 23:09:53,463 - Tavern: [9S, 4C, 7H, 5S, JC, TH, 8H, 6C, 8S, 2D, TS, 3S, 8C, AS, 7S, 2C, AH, 4S, 9D, 2S, 3H, 7C, 6S, AD, AC, 4H, 5H, 9H, 3D]
2025-01-04 23:09:53,463 - Castle: [KD, KH, KS, KC, QS, QD, QC]
2025-01-04 23:09:53,463 - Discard: [4D, 3C, 5C, 7D, JH, 6H, 2H, JS]
2025-01-04 23:09:53,463 - Active Player: 1
2025-01-04 23:09:53,463 - STATE LOG: END
2025-01-04 23:09:58,085 - STATE LOG: BEGIN
2025-01-04 23:09:58,085 - Noah's Hand: [8D, TD, 3D]
2025-01-04 23:09:58,085 - Eve's Hand: [5D, TC, JD, 9H, 4H, AD]
2025-01-04 23:09:58,085 - Boss: Rank: 12 | Suit H | Attack 15 | Health 24
2025-01-04 23:09:58,085 - Tavern: [9S, 4C, 7H, 5S, JC, TH, 8H, 6C, 8S, 2D, TS, 3S, 8C, AS, 7S, 2C, AH, 4S, 9D, 2S, 3H, 7C, 6S]
2025-01-04 23:09:58,085 - Castle: [KD, KH, KS, KC, QS, QD, QC]
2025-01-04 23:09:58,085 - Discard: [4D, 3C, 5C, 7D, JH, 6H, 2H, JS, 5H, 9C, AC]
2025-01-04 23:09:58,085 - Active Player: 2
2025-01-04 23:09:58,085 - STATE LOG: END
2025-01-04 23:10:05,049 - STATE LOG: BEGIN
2025-01-04 23:10:05,049 - Noah's Hand: [8D, TD, 3D, 7C, 2S, 9D]
2025-01-04 23:10:05,049 - Eve's Hand: [AD, 4H, TC, JD]
2025-01-04 23:10:05,049 - Boss: Rank: 12 | Suit H | Attack 15 | Health 19
2025-01-04 23:10:05,049 - Tavern: [9S, 4C, 7H, 5S, JC, TH, 8H, 6C, 8S, 2D, TS, 3S, 8C, AS, 7S, 2C, AH, 4S]
2025-01-04 23:10:05,049 - Castle: [KD, KH, KS, KC, QS, QD, QC]
2025-01-04 23:10:05,050 - Discard: [4D, 3C, 5C, 7D, JH, 6H, 2H, JS, 5H, 9C, AC, 9H, 3H, 6S]
2025-01-04 23:10:05,050 - Active Player: 1
2025-01-04 23:10:05,050 - STATE LOG: END
2025-01-04 23:10:11,261 - STATE LOG: BEGIN
2025-01-04 23:10:11,262 - Noah's Hand: [3D, 8D, TD]
2025-01-04 23:10:11,262 - Eve's Hand: [AD, 4H, TC, JD, AH, 7S, AS]
2025-01-04 23:10:11,262 - Boss: Rank: 12 | Suit H | Attack 15 | Health 10
2025-01-04 23:10:11,262 - Tavern: [9S, 4C, 7H, 5S, JC, TH, 8H, 6C, 8S, 2D, TS, 3S, 8C]
2025-01-04 23:10:11,262 - Castle: [KD, KH, KS, KC, QS, QD, QC]
2025-01-04 23:10:11,262 - Discard: [4D, 3C, 5C, 7D, JH, 6H, 2H, JS, 5H, 9C, AC, 9H, 3H, 6S, 2S, 2C, 7C, 4S]
2025-01-04 23:10:11,262 - Active Player: 2
2025-01-04 23:10:11,262 - STATE LOG: END
2025-01-04 23:10:21,265 - STATE LOG: BEGIN
2025-01-04 23:10:21,266 - Noah's Hand: [3D, 8D, TD, 3S, 2D, 8S, 6C]
2025-01-04 23:10:21,266 - Eve's Hand: [AD, AS, 4H, 7S, TC, 8C, TS]
2025-01-04 23:10:21,266 - Boss: Rank: 12 | Suit C | Attack 15 | Health 30
2025-01-04 23:10:21,266 - Tavern: [9S, 4C, 7H, 5S, JC, TH, 8H]
2025-01-04 23:10:21,266 - Castle: [KD, KH, KS, KC, QS, QD]
2025-01-04 23:10:21,266 - Discard: [4D, 3C, 5C, 7D, JH, 6H, 2H, JS, 5H, 9C, AC, 9H, 3H, 6S, 2S, 2C, 7C, 4S, 6D, 9D, 5D, AH, JD, QH]
2025-01-04 23:10:21,266 - Active Player: 2
2025-01-04 23:10:21,266 - STATE LOG: END
2025-01-04 23:10:31,269 - STATE LOG: BEGIN
2025-01-04 23:10:31,269 - Noah's Hand: [3D, 8D, TD, 3S, 2D, 8S, 6C]
2025-01-04 23:10:31,269 - Eve's Hand: [AD, AS, 4H, 7S, TC]
2025-01-04 23:10:31,269 - Boss: Rank: 12 | Suit C | Attack 5 | Health 20
2025-01-04 23:10:31,269 - Tavern: [9S, 4C, 7H, 5S, JC, TH, 8H]
2025-01-04 23:10:31,269 - Castle: [KD, KH, KS, KC, QS, QD]
2025-01-04 23:10:31,269 - Discard: [4D, 3C, 5C, 7D, JH, 6H, 2H, JS, 5H, 9C, AC, 9H, 3H, 6S, 2S, 2C, 7C, 4S, 6D, 9D, 5D, AH, JD, QH, 8C]
2025-01-04 23:10:31,269 - Active Player: 1
2025-01-04 23:10:31,270 - STATE LOG: END
2025-01-04 23:10:41,271 - STATE LOG: BEGIN
2025-01-04 23:10:41,272 - Noah's Hand: [2D, 3D, 3S, 6C, 8D, TD]
2025-01-04 23:10:41,272 - Eve's Hand: [AD, AS, 4H, 7S, TC]
2025-01-04 23:10:41,272 - Boss: Rank: 12 | Suit C | Attack 5 | Health 20
2025-01-04 23:10:41,272 - Tavern: [9S, 4C, 7H, 5S, JC, TH, 8H]
2025-01-04 23:10:41,272 - Castle: [KD, KH, KS, KC, QS, QD]
2025-01-04 23:10:41,272 - Discard: [4D, 3C, 5C, 7D, JH, 6H, 2H, JS, 5H, 9C, AC, 9H, 3H, 6S, 2S, 2C, 7C, 4S, 6D, 9D, 5D, AH, JD, QH, 8C, 8S]
2025-01-04 23:10:41,272 - Active Player: 2
2025-01-04 23:10:41,272 - STATE LOG: END
2025-01-04 23:10:51,274 - STATE LOG: BEGIN
2025-01-04 23:10:51,274 - Noah's Hand: [2D, 3D, 3S, 6C, 8D, TD]
2025-01-04 23:10:51,274 - Eve's Hand: [AD, 7S, TC]
2025-01-04 23:10:51,274 - Boss: Rank: 12 | Suit C | Attack 0 | Health 15
2025-01-04 23:10:51,274 - Tavern: [7C, AC, 4S, 2H, 8S, 9S, 4C, 7H, 5S, JC, TH, 8H]
2025-01-04 23:10:51,274 - Castle: [KD, KH, KS, KC, QS, QD]
2025-01-04 23:10:51,274 - Discard: [6D, 6H, 4D, 9C, 3C, AH, 5C, 9H, 2S, JH, QH, 2C, 7D, 3H, 5H, 8C, JD, 6S, 9D, JS, 5D]
2025-01-04 23:10:51,274 - Active Player: 1
2025-01-04 23:10:51,274 - STATE LOG: END
2025-01-04 23:11:01,276 - STATE LOG: BEGIN
2025-01-04 23:11:01,276 - Noah's Hand: [2D, 3D, 3S, 6C, TD, 8H, JC]
2025-01-04 23:11:01,277 - Eve's Hand: [AD, 7S, TC, TH, 5S, 7H, 4C]
2025-01-04 23:11:01,277 - Boss: Rank: 12 | Suit C | Attack 0 | Health 7
2025-01-04 23:11:01,277 - Tavern: [7C, AC, 4S, 2H, 8S, 9S]
2025-01-04 23:11:01,277 - Castle: [KD, KH, KS, KC, QS, QD]
2025-01-04 23:11:01,277 - Discard: [6D, 6H, 4D, 9C, 3C, AH, 5C, 9H, 2S, JH, QH, 2C, 7D, 3H, 5H, 8C, JD, 6S, 9D, JS, 5D]
2025-01-04 23:11:01,277 - Active Player: 2
2025-01-04 23:11:01,277 - STATE LOG: END
2025-01-04 23:11:11,278 - STATE LOG: BEGIN
2025-01-04 23:11:11,279 - Noah's Hand: [2D, 3D, 3S, 6C, TD, 8H, JC]
2025-01-04 23:11:11,279 - Eve's Hand: [AD, 4C, 5S, 7H, 7S, TC, TH]
2025-01-04 23:11:11,279 - Boss: Rank: 12 | Suit C | Attack 0 | Health 7
2025-01-04 23:11:11,279 - Tavern: [7C, AC, 4S, 2H, 8S, 9S]
2025-01-04 23:11:11,279 - Castle: [KD, KH, KS, KC, QS, QD]
2025-01-04 23:11:11,279 - Discard: [6D, 6H, 4D, 9C, 3C, AH, 5C, 9H, 2S, JH, QH, 2C, 7D, 3H, 5H, 8C, JD, 6S, 9D, JS, 5D]
2025-01-04 23:11:11,279 - Active Player: 1
2025-01-04 23:11:11,279 - STATE LOG: END
2025-01-04 23:11:21,280 - STATE LOG: BEGIN
2025-01-04 23:11:21,280 - Noah's Hand: [3D, 3S, 6C, 8H, TD, JC, 9S]
2025-01-04 23:11:21,280 - Eve's Hand: [AD, 4C, 5S, 7H, 7S, TC, TH]
2025-01-04 23:11:21,280 - Boss: Rank: 12 | Suit C | Attack 0 | Health 5
2025-01-04 23:11:21,280 - Tavern: [7C, AC, 4S, 2H, 8S]
2025-01-04 23:11:21,280 - Castle: [KD, KH, KS, KC, QS, QD]
2025-01-04 23:11:21,280 - Discard: [6D, 6H, 4D, 9C, 3C, AH, 5C, 9H, 2S, JH, QH, 2C, 7D, 3H, 5H, 8C, JD, 6S, 9D, JS, 5D]
2025-01-04 23:11:21,280 - Active Player: 2
2025-01-04 23:11:21,280 - STATE LOG: END
2025-01-04 23:11:31,282 - STATE LOG: BEGIN
2025-01-04 23:11:31,283 - Noah's Hand: [3D, 3S, 6C, 8H, TD, JC, 9S]
2025-01-04 23:11:31,283 - Eve's Hand: [AD, 5S, 7H, 7S, TC, TH]
2025-01-04 23:11:31,283 - Boss: Rank: 12 | Suit C | Attack 0 | Health 1
2025-01-04 23:11:31,283 - Tavern: [7C, AC, 4S, 2H, 8S]
2025-01-04 23:11:31,283 - Castle: [KD, KH, KS, KC, QS, QD]
2025-01-04 23:11:31,283 - Discard: [6D, 6H, 4D, 9C, 3C, AH, 5C, 9H, 2S, JH, QH, 2C, 7D, 3H, 5H, 8C, JD, 6S, 9D, JS, 5D]
2025-01-04 23:11:31,283 - Active Player: 1
2025-01-04 23:11:31,283 - STATE LOG: END
2025-01-04 23:11:40,899 - STATE LOG: BEGIN
2025-01-04 23:11:40,900 - Noah's Hand: [3D, 3S, 6C, 8H, TD, JC, 9S]
2025-01-04 23:11:40,900 - Eve's Hand: [AD, 5S, 7H, 7S, TC, TH]
2025-01-04 23:11:40,900 - Boss: Rank: 12 | Suit C | Attack 0 | Health 1
2025-01-04 23:11:40,900 - Tavern: [7C, AC, 4S, 2H, 8S]
2025-01-04 23:11:40,900 - Castle: [KD, KH, KS, KC, QS, QD]
2025-01-04 23:11:40,900 - Discard: [6D, 6H, 4D, 9C, 3C, AH, 5C, 9H, 2S, JH, QH, 2C, 7D, 3H, 5H, 8C, JD, 6S, 9D, JS, 5D]
2025-01-04 23:11:40,900 - Active Player: 2
2025-01-04 23:11:40,900 - STATE LOG: END
2025-01-04 23:11:48,020 - STATE LOG: BEGIN
2025-01-04 23:11:48,020 - Noah's Hand: [3D, 3S, 6C, 8H, TD, JC, 9S]
2025-01-04 23:11:48,020 - Eve's Hand: [5S, 7S, TC, TH, 8S, 2H, 4S]
2025-01-04 23:11:48,020 - Boss: Rank: 12 | Suit D | Attack 15 | Health 30
2025-01-04 23:11:48,020 - Tavern: [7D, 9D, 3H, 3C, 5C, 9H, 2S, 2C, 7C, AC]
2025-01-04 23:11:48,020 - Castle: [KD, KH, KS, KC, QS]
2025-01-04 23:11:48,020 - Discard: [6H, 6D, 5D, AH, 5H, QH, JH, 4D, JS, 8C, 6S, JD, 9C, 8D, 2D, TS, AS, 4H, 4C, AD, 7H, QC]
2025-01-04 23:11:48,020 - Active Player: 2
2025-01-04 23:11:48,020 - STATE LOG: END
2025-01-04 23:11:51,635 - STATE LOG: BEGIN
2025-01-04 23:11:51,636 - Noah's Hand: [3D, 3S, 6C, 8H, TD, JC, 9S]
2025-01-04 23:11:51,636 - Eve's Hand: [4S, 5S, TC, TH]
2025-01-04 23:11:51,636 - Boss: Rank: 12 | Suit D | Attack 7 | Health 22
2025-01-04 23:11:51,636 - Tavern: [7D, 9D, 3H, 3C, 5C, 9H, 2S, 2C, 7C, AC]
2025-01-04 23:11:51,636 - Castle: [KD, KH, KS, KC, QS]
2025-01-04 23:11:51,636 - Discard: [6H, 6D, 5D, AH, 5H, QH, JH, 4D, JS, 8C, 6S, JD, 9C, 8D, 2D, TS, AS, 4H, 4C, AD, 7H, QC, 2H, 7S]
2025-01-04 23:11:51,636 - Active Player: 1
2025-01-04 23:11:51,636 - STATE LOG: END
2025-01-04 23:11:55,002 - STATE LOG: BEGIN
2025-01-04 23:11:55,002 - Noah's Hand: [3D, 3S, 6C, 8H, TD, JC]
2025-01-04 23:11:55,002 - Eve's Hand: [4S, 5S, TC, TH]
2025-01-04 23:11:55,002 - Boss: Rank: 12 | Suit D | Attack 0 | Health 13
2025-01-04 23:11:55,002 - Tavern: [7D, 9D, 3H, 3C, 5C, 9H, 2S, 2C, 7C, AC]
2025-01-04 23:11:55,002 - Castle: [KD, KH, KS, KC, QS]
2025-01-04 23:11:55,002 - Discard: [6H, 6D, 5D, AH, 5H, QH, JH, 4D, JS, 8C, 6S, JD, 9C, 8D, 2D, TS, AS, 4H, 4C, AD, 7H, QC, 2H, 7S]
2025-01-04 23:11:55,002 - Active Player: 2
2025-01-04 23:11:55,002 - STATE LOG: END
2025-01-04 23:11:57,034 - STATE LOG: BEGIN
2025-01-04 23:11:57,034 - Noah's Hand: [3D, 3S, 6C, 8H, TD, JC]
2025-01-04 23:11:57,034 - Eve's Hand: [4S, 5S, TC]
2025-01-04 23:11:57,034 - Boss: Rank: 12 | Suit D | Attack 0 | Health 3
2025-01-04 23:11:57,034 - Tavern: [AD, 7H, 2H, TS, 9C, 8C, 4D, JS, 8D, AH, 7D, 9D, 3H, 3C, 5C, 9H, 2S, 2C, 7C, AC]
2025-01-04 23:11:57,034 - Castle: [KD, KH, KS, KC, QS]
2025-01-04 23:11:57,034 - Discard: [QH, QC, 6H, JD, AS, 7S, JH, 5H, 6D, 4H, 4C, 2D, 5D, 6S]
2025-01-04 23:11:57,034 - Active Player: 1
2025-01-04 23:11:57,034 - STATE LOG: END
2025-01-04 23:11:57,899 - STATE LOG: BEGIN
2025-01-04 23:11:57,899 - Noah's Hand: [3D, 6C, 8H, TD, JC]
2025-01-04 23:11:57,899 - Eve's Hand: [4S, 5S, TC]
2025-01-04 23:11:57,899 - Boss: Rank: 12 | Suit S | Attack 15 | Health 30
2025-01-04 23:11:57,899 - Tavern: [AD, 7H, 2H, TS, 9C, 8C, 4D, JS, 8D, AH, 7D, 9D, 3H, 3C, 5C, 9H, 2S, 2C, 7C, AC]
2025-01-04 23:11:57,899 - Castle: [KD, KH, KS, KC]
2025-01-04 23:11:57,899 - Discard: [QH, QC, 6H, JD, AS, 7S, JH, 5H, 6D, 4H, 4C, 2D, 5D, 6S, 9S, 3S, 8S, TH]
2025-01-04 23:11:57,899 - Active Player: 1
2025-01-04 23:11:57,899 - STATE LOG: END
2025-01-04 23:11:58,313 - STATE LOG: BEGIN
2025-01-04 23:11:58,313 - Noah's Hand: [3D, 8H, JC, QD]
2025-01-04 23:11:58,313 - Eve's Hand: [4S, 5S, TC, AC, 2C, 9H, 5C]
2025-01-04 23:11:58,313 - Boss: Rank: 12 | Suit S | Attack 15 | Health 20
2025-01-04 23:11:58,313 - Tavern: [AD, 7H, 2H, TS, 9C, 8C, 4D, JS, 8D, AH, 7D, 9D, 3H, 3C]
2025-01-04 23:11:58,313 - Castle: [KD, KH, KS, KC]
2025-01-04 23:11:58,313 - Discard: [QH, QC, 6H, JD, AS, 7S, JH, 5H, 6D, 4H, 4C, 2D, 5D, 6S, 9S, 3S, 8S, TH, 7C, 2S, 6C]
2025-01-04 23:11:58,313 - Active Player: 2
2025-01-04 23:11:58,313 - STATE LOG: END
2025-01-04 23:11:59,770 - STATE LOG: BEGIN
2025-01-04 23:11:59,770 - Noah's Hand: [3D, 8H, JC, QD]
2025-01-04 23:11:59,770 - Eve's Hand: [2C, 5C, 5S]
2025-01-04 23:11:59,770 - Boss: Rank: 12 | Suit S | Attack 15 | Health 11
2025-01-04 23:11:59,770 - Tavern: [9S, 4C, 5H, AS, 8S, TH, 6S, 7C, 4H, AD, 7H, 2H, TS, 9C, 8C, 4D, JS, 8D, AH, 7D, 9D, 3H, 3C]
2025-01-04 23:11:59,770 - Castle: [KD, KH, KS, KC]
2025-01-04 23:11:59,770 - Discard: [6H, 6D, 7S, 2S, QC, QH, JD, 2D, 3S, 6C, JH, 5D, AC, 4S, TC]
2025-01-04 23:11:59,770 - Active Player: 1
2025-01-04 23:11:59,770 - STATE LOG: END
2025-01-04 23:12:00,469 - STATE LOG: BEGIN
2025-01-04 23:12:00,469 - Noah's Hand: [3D, 8H, JC, 3C, 9D, AH, JS]
2025-01-04 23:12:00,469 - Eve's Hand: [2C, 5C, 5S, 3H, 7D, 8D, 4D]
2025-01-04 23:12:00,469 - Boss: Rank: 13 | Suit C | Attack 20 | Health 40
2025-01-04 23:12:00,469 - Tavern: [9S, 4C, 5H, AS, 8S, TH, 6S, 7C, 4H, AD, 7H, 2H, TS, 9C, 8C]
2025-01-04 23:12:00,469 - Castle: [KD, KH, KS]
2025-01-04 23:12:00,469 - Discard: [6H, 6D, 7S, 2S, QC, QH, JD, 2D, 3S, 6C, JH, 5D, AC, 4S, TC, TD, QD, 9H, QS]
2025-01-04 23:12:00,469 - Active Player: 1
2025-01-04 23:12:00,469 - STATE LOG: END
2025-01-04 23:12:05,839 - STATE LOG: BEGIN
2025-01-04 23:12:05,840 - Noah's Hand: [3C, 3D, JC, 9D]
2025-01-04 23:12:05,840 - Eve's Hand: [2C, 5C, 5S, 3H, 7D, 8D, 4D]
2025-01-04 23:12:05,840 - Boss: Rank: 13 | Suit C | Attack 8 | Health 28
2025-01-04 23:12:05,840 - Tavern: [3S, QD, JH, QS, 2D, 4S, 9H, 6C, 2S, AC, TC, QH, 9S, 4C, 5H, AS, 8S, TH, 6S, 7C, 4H, AD, 7H, 2H, TS, 9C, 8C]
2025-01-04 23:12:05,840 - Castle: [KD, KH, KS]
2025-01-04 23:12:05,840 - Discard: [TD, 6H, 5D, 6D, QC, 7S, JD, 8H]
2025-01-04 23:12:05,840 - Active Player: 2
2025-01-04 23:12:05,840 - STATE LOG: END
2025-01-04 23:12:15,842 - STATE LOG: BEGIN
2025-01-04 23:12:15,843 - Noah's Hand: [3C, 3D, JC, 9D]
2025-01-04 23:12:15,843 - Eve's Hand: [3H, 4D, 7D, 8D]
2025-01-04 23:12:15,843 - Boss: Rank: 13 | Suit C | Attack 8 | Health 26
2025-01-04 23:12:15,843 - Tavern: [3S, QD, JH, QS, 2D, 4S, 9H, 6C, 2S, AC, TC, QH, 9S, 4C, 5H, AS, 8S, TH, 6S, 7C, 4H, AD, 7H, 2H, TS, 9C, 8C]
2025-01-04 23:12:15,843 - Castle: [KD, KH, KS]
2025-01-04 23:12:15,843 - Discard: [TD, 6H, 5D, 6D, QC, 7S, JD, 8H, 5C, 5S]
2025-01-04 23:12:15,843 - Active Player: 1
2025-01-04 23:12:15,843 - STATE LOG: END
2025-01-04 23:12:22,347 - STATE LOG: BEGIN
2025-01-04 23:12:22,347 - Noah's Hand: [3D, 9D]
2025-01-04 23:12:22,347 - Eve's Hand: [3H, 4D, 7D, 8D]
2025-01-04 23:12:22,347 - Boss: Rank: 13 | Suit C | Attack 8 | Health 26
2025-01-04 23:12:22,347 - Tavern: [3S, QD, JH, QS, 2D, 4S, 9H, 6C, 2S, AC, TC, QH, 9S, 4C, 5H, AS, 8S, TH, 6S, 7C, 4H, AD, 7H, 2H, TS, 9C, 8C]
2025-01-04 23:12:22,347 - Castle: [KD, KH, KS]
2025-01-04 23:12:22,347 - Discard: [TD, 6H, 5D, 6D, QC, 7S, JD, 8H, 5C, 5S, 3C, JC]
2025-01-04 23:12:22,347 - Active Player: 2
2025-01-04 23:12:22,347 - STATE LOG: END
2025-01-04 23:12:30,834 - STATE LOG: BEGIN
2025-01-04 23:12:30,834 - Noah's Hand: [3D, 9D, 9C, 2H]
2025-01-04 23:12:30,834 - Eve's Hand: [3H, 7D, 8D, TS]
2025-01-04 23:12:30,834 - Boss: Rank: 13 | Suit C | Attack 8 | Health 22
2025-01-04 23:12:30,834 - Tavern: [3S, QD, JH, QS, 2D, 4S, 9H, 6C, 2S, AC, TC, QH, 9S, 4C, 5H, AS, 8S, TH, 6S, 7C, 4H, AD, 7H]
2025-01-04 23:12:30,834 - Castle: [KD, KH, KS]
2025-01-04 23:12:30,834 - Discard: [TD, 6H, 5D, 6D, QC, 7S, JD, 8H, 5C, 5S, 3C, JC, 8C]
2025-01-04 23:12:30,834 - Active Player: 1
2025-01-04 23:12:30,834 - STATE LOG: END
2025-01-04 23:12:37,347 - STATE LOG: BEGIN
2025-01-04 23:12:37,347 - Noah's Hand: [3D, 9D]
2025-01-04 23:12:37,347 - Eve's Hand: [3H, 7D, 8D, TS]
2025-01-04 23:12:37,347 - Boss: Rank: 13 | Suit C | Attack 8 | Health 22
2025-01-04 23:12:37,347 - Tavern: [3S, QD, JH, QS, 2D, 4S, 9H, 6C, 2S, AC, TC, QH, 9S, 4C, 5H, AS, 8S, TH, 6S, 7C, 4H, AD, 7H]
2025-01-04 23:12:37,347 - Castle: [KD, KH, KS]
2025-01-04 23:12:37,347 - Discard: [TD, 6H, 5D, 6D, QC, 7S, JD, 8H, 5C, 5S, 3C, JC, 8C, 2H, 9C]
2025-01-04 23:12:37,347 - Active Player: 2
2025-01-04 23:12:37,347 - STATE LOG: END
2025-01-04 23:12:47,349 - STATE LOG: BEGIN
2025-01-04 23:12:47,349 - Noah's Hand: [3D, 9D, AD, 7C, TH, AS]
2025-01-04 23:12:47,349 - Eve's Hand: [3H, 7D, 7H, 4H, 6S, 8S]
2025-01-04 23:12:47,350 - Boss: Rank: 13 | Suit C | Attack 8 | Health 14
2025-01-04 23:12:47,350 - Tavern: [3S, QD, JH, QS, 2D, 4S, 9H, 6C, 2S, AC, TC, QH, 9S, 4C, 5H]
2025-01-04 23:12:47,350 - Castle: [KD, KH, KS]
2025-01-04 23:12:47,350 - Discard: [TD, 6H, 5D, 6D, QC, 7S, JD, 8H, 5C, 5S, 3C, JC, 8C, 2H, 9C, TS]
2025-01-04 23:12:47,350 - Active Player: 1
2025-01-04 23:12:47,350 - STATE LOG: END
2025-01-04 23:12:57,351 - STATE LOG: BEGIN
2025-01-04 23:12:57,352 - Noah's Hand: [AD, 9D, TH, 5H, 9S, QH]
2025-01-04 23:12:57,352 - Eve's Hand: [3H, 7D, 7H, 4H, 6S, 8S, 4C]
2025-01-04 23:12:57,352 - Boss: Rank: 13 | Suit C | Attack 4 | Health 10
2025-01-04 23:12:57,352 - Tavern: [3S, QD, JH, QS, 2D, 4S, 9H, 6C, 2S, AC, TC]
2025-01-04 23:12:57,352 - Castle: [KD, KH, KS]
2025-01-04 23:12:57,352 - Discard: [TD, 6H, 5D, 6D, QC, 7S, JD, 8H, 5C, 5S, 3C, JC, 8C, 2H, 9C, TS, 7C]
2025-01-04 23:12:57,352 - Active Player: 2
2025-01-04 23:12:57,352 - STATE LOG: END
2025-01-04 23:13:07,353 - STATE LOG: BEGIN
2025-01-04 23:13:07,354 - Noah's Hand: [AD, 9D, TH, 5H, 9S, QH]
2025-01-04 23:13:07,354 - Eve's Hand: [3H, 4C, 6S, 7D, 7H, 8S]
2025-01-04 23:13:07,354 - Boss: Rank: 13 | Suit C | Attack 4 | Health 10
2025-01-04 23:13:07,354 - Tavern: [3S, QD, JH, QS, 2D, 4S, 9H, 6C, 2S, AC, TC]
2025-01-04 23:13:07,354 - Castle: [KD, KH, KS]
2025-01-04 23:13:07,354 - Discard: [TD, 6H, 5D, 6D, QC, 7S, JD, 8H, 5C, 5S, 3C, JC, 8C, 2H, 9C, TS, 7C, 4H]
2025-01-04 23:13:07,354 - Active Player: 1
2025-01-04 23:13:07,354 - STATE LOG: END
2025-01-04 23:13:15,954 - STATE LOG: BEGIN
2025-01-04 23:13:15,955 - Noah's Hand: [AD, 9D, 9S, TH]
2025-01-04 23:13:15,955 - Eve's Hand: [3H, 4C, 6S, 7D, 7H, 8S]
2025-01-04 23:13:15,955 - Boss: Rank: 13 | Suit C | Attack 4 | Health 5
2025-01-04 23:13:15,955 - Tavern: [6D, JD, 9C, 5S, TD, 3S, QD, JH, QS, 2D, 4S, 9H, 6C, 2S, AC, TC]
2025-01-04 23:13:15,955 - Castle: [KD, KH, KS]
2025-01-04 23:13:15,955 - Discard: [4H, JC, 5D, 7S, 6H, 5C, 3C, TS, 8C, 8H, QC, 7C, 2H, QH]
2025-01-04 23:13:15,955 - Active Player: 2
2025-01-04 23:13:15,955 - STATE LOG: END
2025-01-04 23:13:19,566 - STATE LOG: BEGIN
2025-01-04 23:13:19,566 - Noah's Hand: [AD, 9D, 9S, TH]
2025-01-04 23:13:19,566 - Eve's Hand: [4C, 6S, 7D, 8S]
2025-01-04 23:13:19,566 - Boss: Rank: 13 | Suit C | Attack 4 | Health 2
2025-01-04 23:13:19,566 - Tavern: [QC, 7S, JC, 6D, JD, 9C, 5S, TD, 3S, QD, JH, QS, 2D, 4S, 9H, 6C, 2S, AC, TC]
2025-01-04 23:13:19,566 - Castle: [KD, KH, KS]
2025-01-04 23:13:19,566 - Discard: [6H, 5C, 2H, 8C, TS, 5D, 7C, 4H, 8H, 3C, QH, 7H]
2025-01-04 23:13:19,566 - Active Player: 1
2025-01-04 23:13:19,566 - STATE LOG: END
2025-01-04 23:13:25,193 - STATE LOG: BEGIN
2025-01-04 23:13:25,193 - Noah's Hand: [9D, 9S, TC, 2S, 9H, 2D, QS]
2025-01-04 23:13:25,193 - Eve's Hand: [4C, 6S, 7D, 8S, AC, 6C, 4S]
2025-01-04 23:13:25,193 - Boss: Rank: 13 | Suit S | Attack 20 | Health 40
2025-01-04 23:13:25,193 - Tavern: [7H, 8H, 2H, 5D, QH, 6H, 7C, 5C, 4H, 8C, TS, QC, 7S, JC, 6D, JD, 9C, 5S, TD, 3S, QD, JH]
2025-01-04 23:13:25,193 - Castle: [KD, KH]
2025-01-04 23:13:25,193 - Discard: [3C, AH, JS, AS, 3D, 5H, AD, TH, 2C, 4D, 8D, 3H, KC]
2025-01-04 23:13:25,193 - Active Player: 1
2025-01-04 23:13:25,193 - STATE LOG: END
2025-01-04 23:13:31,804 - STATE LOG: BEGIN
2025-01-04 23:13:31,806 - Noah's Hand: [2D, 9D, 9H]
2025-01-04 23:13:31,806 - Eve's Hand: [4C, 6S, 7D, 8S, AC, 6C, 4S]
2025-01-04 23:13:31,806 - Boss: Rank: 13 | Suit S | Attack 20 | Health 28
2025-01-04 23:13:31,806 - Tavern: [7H, 8H, 2H, 5D, QH, 6H, 7C, 5C, 4H, 8C, TS, QC, 7S, JC, 6D, JD, 9C, 5S, TD, 3S, QD, JH]
2025-01-04 23:13:31,806 - Castle: [KD, KH]
2025-01-04 23:13:31,806 - Discard: [3C, AH, JS, AS, 3D, 5H, AD, TH, 2C, 4D, 8D, 3H, KC, 9S, 2S, TC]
2025-01-04 23:13:31,806 - Active Player: 2
2025-01-04 23:13:31,806 - STATE LOG: END
2025-01-04 23:13:34,217 - STATE LOG: BEGIN
2025-01-04 23:13:34,217 - Noah's Hand: [2D, 9D, 9H, QD, TD, 5S, 9C]
2025-01-04 23:13:34,217 - Eve's Hand: [4S, 6S, 8S]
2025-01-04 23:13:34,217 - Boss: Rank: 13 | Suit S | Attack 20 | Health 12
2025-01-04 23:13:34,217 - Tavern: [7H, 8H, 2H, 5D, QH, 6H, 7C, 5C, 4H, 8C, TS, QC, 7S, JC, 6D, JD]
2025-01-04 23:13:34,217 - Castle: [KD, KH]
2025-01-04 23:13:34,217 - Discard: [3C, AH, JS, AS, 3D, 5H, AD, TH, 2C, 4D, 8D, 3H, KC, 9S, 2S, TC, 3S, 4C, JH, 6C]
2025-01-04 23:13:34,217 - Active Player: 1
2025-01-04 23:13:34,217 - STATE LOG: END
2025-01-04 23:13:36,251 - STATE LOG: BEGIN
2025-01-04 23:13:36,251 - Noah's Hand: [2D, 5S, 9C, 9D, 9H, TD, JD]
2025-01-04 23:13:36,251 - Eve's Hand: [4S, 6S, 8S, 6D, JC, 7S, QC]
2025-01-04 23:13:36,251 - Boss: Rank: 13 | Suit H | Attack 20 | Health 40
2025-01-04 23:13:36,251 - Tavern: [7H, 8H, 2H, 5D, QH, 6H, 7C, 5C, 4H, 8C, TS]
2025-01-04 23:13:36,251 - Castle: [KD]
2025-01-04 23:13:36,251 - Discard: [3C, AH, JS, AS, 3D, 5H, AD, TH, 2C, 4D, 8D, 3H, KC, 9S, 2S, TC, 3S, 4C, JH, 6C, QS, QD, AC, 7D]
2025-01-04 23:13:36,251 - Active Player: 1
2025-01-04 23:13:36,251 - STATE LOG: END
2025-01-04 23:13:46,253 - STATE LOG: BEGIN
2025-01-04 23:13:46,254 - Noah's Hand: [2D, 9C, 9D, TD]
2025-01-04 23:13:46,255 - Eve's Hand: [4S, 6S, 8S, 6D, JC, 7S, QC]
2025-01-04 23:13:46,255 - Boss: Rank: 13 | Suit H | Attack 20 | Health 29
2025-01-04 23:13:46,255 - Tavern: [7H, 8H, 2H, 5D, QH, 6H, 7C, 5C, 4H, 8C, TS]
2025-01-04 23:13:46,255 - Castle: [KD]
2025-01-04 23:13:46,255 - Discard: [3C, AH, JS, AS, 3D, 5H, AD, TH, 2C, 4D, 8D, 3H, KC, 9S, 2S, TC, 3S, 4C, JH, 6C, QS, QD, AC, 7D, KS, 5S, 9H]
2025-01-04 23:13:46,255 - Active Player: 2
2025-01-04 23:13:46,255 - STATE LOG: END
2025-01-04 23:13:51,223 - STATE LOG: BEGIN
2025-01-04 23:13:51,223 - Noah's Hand: [2D, 9C, 9D, TD]
2025-01-04 23:13:51,223 - Eve's Hand: [4S, 6D, 6S, 7S]
2025-01-04 23:13:51,223 - Boss: Rank: 13 | Suit H | Attack 20 | Health 7
2025-01-04 23:13:51,223 - Tavern: [7H, 8H, 2H, 5D, QH, 6H, 7C, 5C, 4H, 8C, TS]
2025-01-04 23:13:51,223 - Castle: [KD]
2025-01-04 23:13:51,223 - Discard: [3C, AH, JS, AS, 3D, 5H, AD, TH, 2C, 4D, 8D, 3H, KC, 9S, 2S, TC, 3S, 4C, JH, 6C, QS, QD, AC, 7D, KS, 5S, 9H, 8S, QC]
2025-01-04 23:13:51,223 - Active Player: 1
2025-01-04 23:13:51,223 - STATE LOG: END
2025-01-04 23:13:51,955 - STATE LOG: BEGIN
2025-01-04 23:13:51,957 - Noah's Hand: [2D, 9C, TD, TS, 4H, 7C, QH]
2025-01-04 23:13:51,957 - Eve's Hand: [4S, 6D, 6S, 7S, 8C, 5C, 6H]
2025-01-04 23:13:51,957 - Boss: Rank: 13 | Suit D | Attack 20 | Health 40
2025-01-04 23:13:51,957 - Tavern: [7H, 8H, 2H, 5D]
2025-01-04 23:13:51,957 - Castle: []
2025-01-04 23:13:51,957 - Discard: [3C, AH, JS, AS, 3D, 5H, AD, TH, 2C, 4D, 8D, 3H, KC, 9S, 2S, TC, 3S, 4C, JH, 6C, QS, QD, AC, 7D, KS, 5S, 9H, 8S, QC, JD, 9D, JC, KH]
2025-01-04 23:13:51,957 - Active Player: 1
2025-01-04 23:13:51,957 - STATE LOG: END
2025-01-04 23:13:53,480 - STATE LOG: BEGIN
2025-01-04 23:13:53,480 - Noah's Hand: [2D, 7C, TD, QH]
2025-01-04 23:13:53,481 - Eve's Hand: [4S, 6D, 6S, 7S, 8C, 5C, 6H]
2025-01-04 23:13:53,481 - Boss: Rank: 13 | Suit D | Attack 10 | Health 30
2025-01-04 23:13:53,481 - Tavern: [7H, 8H, 2H, 5D]
2025-01-04 23:13:53,481 - Castle: []
2025-01-04 23:13:53,481 - Discard: [3C, AH, JS, AS, 3D, 5H, AD, TH, 2C, 4D, 8D, 3H, KC, 9S, 2S, TC, 3S, 4C, JH, 6C, QS, QD, AC, 7D, KS, 5S, 9H, 8S, QC, JD, 9D, JC, KH, 4H, 9C]
2025-01-04 23:13:53,481 - Active Player: 2
2025-01-04 23:13:53,481 - STATE LOG: END
2025-01-04 23:13:55,187 - STATE LOG: BEGIN
2025-01-04 23:13:55,187 - Noah's Hand: [2D, 7C, TD, QH]
2025-01-04 23:13:55,187 - Eve's Hand: [5C, 6D, 6H, 6S, 8C]
2025-01-04 23:13:55,187 - Boss: Rank: 13 | Suit D | Attack 3 | Health 23
2025-01-04 23:13:55,187 - Tavern: [7H, 8H, 2H, 5D]
2025-01-04 23:13:55,187 - Castle: []
2025-01-04 23:13:55,187 - Discard: [3C, AH, JS, AS, 3D, 5H, AD, TH, 2C, 4D, 8D, 3H, KC, 9S, 2S, TC, 3S, 4C, JH, 6C, QS, QD, AC, 7D, KS, 5S, 9H, 8S, QC, JD, 9D, JC, KH, 4H, 9C, 4S]
2025-01-04 23:13:55,187 - Active Player: 1
2025-01-04 23:13:55,187 - STATE LOG: END
2025-01-04 23:13:55,930 - STATE LOG: BEGIN
2025-01-04 23:13:55,931 - Noah's Hand: [2D, TD]
2025-01-04 23:13:55,931 - Eve's Hand: [5C, 6D, 6H, 6S, 8C]
2025-01-04 23:13:55,931 - Boss: Rank: 13 | Suit D | Attack 3 | Health 9
2025-01-04 23:13:55,931 - Tavern: [7H, 8H, 2H, 5D]
2025-01-04 23:13:55,931 - Castle: []
2025-01-04 23:13:55,931 - Discard: [3C, AH, JS, AS, 3D, 5H, AD, TH, 2C, 4D, 8D, 3H, KC, 9S, 2S, TC, 3S, 4C, JH, 6C, QS, QD, AC, 7D, KS, 5S, 9H, 8S, QC, JD, 9D, JC, KH, 4H, 9C, 4S, QH]
2025-01-04 23:13:55,931 - Active Player: 2
2025-01-04 23:13:55,931 - STATE LOG: END
2025-01-04 23:13:56,034 - STATE LOG: BEGIN
2025-01-04 23:13:56,034 - Noah's Hand: [2D, TD]
2025-01-04 23:13:56,034 - Eve's Hand: [5C, 6D, 6H, 8C]
2025-01-04 23:13:56,034 - Boss: Rank: 13 | Suit D | Attack 0 | Health 3
2025-01-04 23:13:56,034 - Tavern: [7H, 8H, 2H, 5D]
2025-01-04 23:13:56,034 - Castle: []
2025-01-04 23:13:56,034 - Discard: [3C, AH, JS, AS, 3D, 5H, AD, TH, 2C, 4D, 8D, 3H, KC, 9S, 2S, TC, 3S, 4C, JH, 6C, QS, QD, AC, 7D, KS, 5S, 9H, 8S, QC, JD, 9D, JC, KH, 4H, 9C, 4S, QH]
2025-01-04 23:13:56,034 - Active Player: 1
2025-01-04 23:13:56,034 - STATE LOG: END
2025-01-04 23:13:56,058 - STATE LOG: BEGIN
2025-01-04 23:13:56,058 - Noah's Hand: [TD]
2025-01-04 23:13:56,058 - Eve's Hand: [5C, 6D, 6H, 8C]
2025-01-04 23:13:56,058 - Boss: Rank: 13 | Suit D | Attack 0 | Health 1
2025-01-04 23:13:56,058 - Tavern: [7H, 8H, 2H, 5D]
2025-01-04 23:13:56,058 - Castle: []
2025-01-04 23:13:56,058 - Discard: [3C, AH, JS, AS, 3D, 5H, AD, TH, 2C, 4D, 8D, 3H, KC, 9S, 2S, TC, 3S, 4C, JH, 6C, QS, QD, AC, 7D, KS, 5S, 9H, 8S, QC, JD, 9D, JC, KH, 4H, 9C, 4S, QH]
2025-01-04 23:13:56,058 - Active Player: 2
2025-01-04 23:13:56,058 - STATE LOG: END
2025-01-04 23:13:56,069 - STATE LOG: BEGIN
2025-01-04 23:13:56,070 - Noah's Hand: [TD]
2025-01-04 23:13:56,070 - Eve's Hand: [5C, 6D, 6H, 8C]
2025-01-04 23:13:56,070 - Boss: Rank: 13 | Suit D | Attack 0 | Health 1
2025-01-04 23:13:56,070 - Tavern: [7H, 8H, 2H, 5D]
2025-01-04 23:13:56,070 - Castle: []
2025-01-04 23:13:56,070 - Discard: [3C, AH, JS, AS, 3D, 5H, AD, TH, 2C, 4D, 8D, 3H, KC, 9S, 2S, TC, 3S, 4C, JH, 6C, QS, QD, AC, 7D, KS, 5S, 9H, 8S, QC, JD, 9D, JC, KH, 4H, 9C, 4S, QH]
2025-01-04 23:13:56,070 - Active Player: 1
2025-01-04 23:13:56,070 - STATE LOG: END
2025-01-04 23:13:56,073 - STATE LOG: BEGIN
2025-01-04 23:13:56,073 - Noah's Hand: []
2025-01-04 23:13:56,073 - Eve's Hand: [5C, 6D, 6H, 8C]
2025-01-04 23:13:56,073 - Final Boss Defeated!
2025-01-04 23:13:56,073 - Tavern: [7H, 8H, 2H, 5D]
2025-01-04 23:13:56,073 - Castle: []
2025-01-04 23:13:56,073 - Discard: [3C, AH, JS, AS, 3D, 5H, AD, TH, 2C, 4D, 8D, 3H, KC, 9S, 2S, TC, 3S, 4C, JH, 6C, QS, QD, AC, 7D, KS, 5S, 9H, 8S, QC, JD, 9D, JC, KH, 4H, 9C, 4S, QH, TS, 7C, 2D, TD, 7S, 6S, KD]
2025-01-04 23:13:56,073 - Active Player: 1
2025-01-04 23:13:56,073 - STATE LOG: END
