
2025-01-04 15:57:33,917 - Max Runs: 50 | Max Time: 1.0 | Players 2
2025-01-04 15:57:33,917 - Selection: False | Expansion: False | Simulation: False 
2025-01-04 15:57:33,917 - Bosses Defeated: 3 | 25.0% of castle defeated
2025-01-04 15:57:33,917 - Turns Survived: 13 | 0.23 bosses defeated every turn!
2025-01-04 15:57:33,917 - --------------------------------------------------
2025-01-04 15:57:53,676 - Max Runs: 50 | Max Time: 1.0 | Players 2
2025-01-04 15:57:53,676 - Selection: False | Expansion: False | Simulation: False 
2025-01-04 15:57:53,676 - Bosses Defeated: 4 | 33.33% of castle defeated
2025-01-04 15:57:53,676 - Turns Survived: 14 | 0.29 bosses defeated every turn!
2025-01-04 15:57:53,676 - --------------------------------------------------
2025-01-04 15:58:17,111 - Max Runs: 50 | Max Time: 1.0 | Players 2
2025-01-04 15:58:17,111 - Selection: False | Expansion: False | Simulation: False 
2025-01-04 15:58:17,111 - Bosses Defeated: 4 | 33.33% of castle defeated
2025-01-04 15:58:17,111 - Turns Survived: 18 | 0.22 bosses defeated every turn!
2025-01-04 15:58:17,111 - --------------------------------------------------
2025-01-04 15:58:31,860 - Max Runs: 50 | Max Time: 1.0 | Players 2
2025-01-04 15:58:31,860 - Selection: False | Expansion: False | Simulation: False 
2025-01-04 15:58:31,860 - Bosses Defeated: 4 | 33.33% of castle defeated
2025-01-04 15:58:31,860 - Turns Survived: 18 | 0.22 bosses defeated every turn!
2025-01-04 15:58:31,860 - --------------------------------------------------
2025-01-04 15:58:48,858 - Max Runs: 50 | Max Time: 1.0 | Players 2
2025-01-04 15:58:48,859 - Selection: False | Expansion: False | Simulation: False 
2025-01-04 15:58:48,859 - Bosses Defeated: 4 | 33.33% of castle defeated
2025-01-04 15:58:48,859 - Turns Survived: 20 | 0.2 bosses defeated every turn!
2025-01-04 15:58:48,859 - --------------------------------------------------
