2025-01-04 21:57:32,643 - Max Runs: 1000 | Max Time: 2.0 | Players 2
2025-01-04 21:57:32,644 - Selection: True | Expansion: True | Simulation: True 
2025-01-04 21:57:32,644 - Bosses Defeated: 8 | 66.67% of castle defeated
2025-01-04 21:57:32,644 - Turns Survived: 41 | 0.2 bosses defeated every turn!
2025-01-04 21:57:32,644 - --------------------------------------------------
2025-01-04 21:59:14,893 - Max Runs: 1000 | Max Time: 2.0 | Players 2
2025-01-04 21:59:14,893 - Selection: True | Expansion: True | Simulation: True 
2025-01-04 21:59:14,893 - Bosses Defeated: 4 | 33.33% of castle defeated
2025-01-04 21:59:14,893 - Turns Survived: 25 | 0.16 bosses defeated every turn!
2025-01-04 21:59:14,893 - --------------------------------------------------
2025-01-04 22:01:30,263 - Max Runs: 1000 | Max Time: 2.0 | Players 2
2025-01-04 22:01:30,264 - Selection: True | Expansion: True | Simulation: True 
2025-01-04 22:01:30,264 - Bosses Defeated: 9 | 75.0% of castle defeated
2025-01-04 22:01:30,264 - Turns Survived: 43 | 0.21 bosses defeated every turn!
2025-01-04 22:01:30,264 - --------------------------------------------------
2025-01-04 22:02:41,393 - Max Runs: 1000 | Max Time: 2.0 | Players 2
2025-01-04 22:02:41,394 - Selection: True | Expansion: True | Simulation: True 
2025-01-04 22:02:41,394 - Bosses Defeated: 5 | 41.67% of castle defeated
2025-01-04 22:02:41,394 - Turns Survived: 27 | 0.19 bosses defeated every turn!
2025-01-04 22:02:41,394 - --------------------------------------------------
2025-01-04 22:03:18,591 - Max Runs: 1000 | Max Time: 2.0 | Players 2
2025-01-04 22:03:18,591 - Selection: True | Expansion: True | Simulation: True 
2025-01-04 22:03:18,591 - Bosses Defeated: 4 | 33.33% of castle defeated
2025-01-04 22:03:18,591 - Turns Survived: 22 | 0.18 bosses defeated every turn!
2025-01-04 22:03:18,591 - --------------------------------------------------
2025-01-04 22:08:41,405 - Max Runs: 10000 | Max Time: 10.0 | Players 2
2025-01-04 22:08:41,405 - Selection: True | Expansion: True | Simulation: True 
2025-01-04 22:08:41,405 - Bosses Defeated: 5 | 41.67% of castle defeated
2025-01-04 22:08:41,405 - Turns Survived: 28 | 0.18 bosses defeated every turn!
2025-01-04 22:08:41,405 - --------------------------------------------------
2025-01-04 22:17:46,821 - Max Runs: 10000 | Max Time: 10.0 | Players 2
2025-01-04 22:17:46,822 - Selection: True | Expansion: True | Simulation: True 
2025-01-04 22:17:46,822 - Bosses Defeated: 9 | 75.0% of castle defeated
2025-01-04 22:17:46,822 - Turns Survived: 48 | 0.19 bosses defeated every turn!
2025-01-04 22:17:46,822 - --------------------------------------------------
2025-01-04 22:22:26,511 - Max Runs: 10000 | Max Time: 10.0 | Players 2
2025-01-04 22:22:26,511 - Selection: True | Expansion: True | Simulation: True 
2025-01-04 22:22:26,512 - Bosses Defeated: 8 | 66.67% of castle defeated
2025-01-04 22:22:26,512 - Turns Survived: 39 | 0.21 bosses defeated every turn!
2025-01-04 22:22:26,512 - --------------------------------------------------
2025-01-04 22:26:31,243 - Max Runs: 10000 | Max Time: 10.0 | Players 2
2025-01-04 22:26:31,244 - Selection: True | Expansion: True | Simulation: True 
2025-01-04 22:26:31,244 - Bosses Defeated: 8 | 66.67% of castle defeated
2025-01-04 22:26:31,244 - Turns Survived: 35 | 0.23 bosses defeated every turn!
2025-01-04 22:26:31,244 - --------------------------------------------------
2025-01-04 22:35:48,264 - Max Runs: 10000 | Max Time: 10.0 | Players 2
2025-01-04 22:35:48,265 - Selection: True | Expansion: True | Simulation: True 
2025-01-04 22:35:48,265 - Bosses Defeated: 12 | 100% of castle defeated
2025-01-04 22:35:48,265 - Turns Survived: 62 | 0.19 bosses defeated every turn!
2025-01-04 22:35:48,265 - --------------------------------------------------
