2025-01-04 16:10:28,746 - Max Runs: 10000 | Max Time: 10.0 | Players 2
2025-01-04 16:10:28,747 - Selection: True | Expansion: True | Simulation: True
2025-01-04 16:10:28,747 - Bosses Defeated: 9 | 75.0% of castle defeated
2025-01-04 16:10:28,747 - Turns Survived: 56 | 0.16 bosses defeated every turn!
2025-01-04 16:10:28,747 - --------------------------------------------------
2025-01-04 16:16:46,596 - Max Runs: 10000 | Max Time: 10.0 | Players 2
2025-01-04 16:16:46,596 - Selection: True | Expansion: True | Simulation: True 
2025-01-04 16:16:46,596 - Bosses Defeated: 11 | 91.67% of castle defeated
2025-01-04 16:16:46,596 - Turns Survived: 53 | 0.21 bosses defeated every turn!
2025-01-04 16:16:46,596 - --------------------------------------------------
2025-01-04 18:54:07,867 - Max Runs: 10000 | Max Time: 10.0 | Players 2
2025-01-04 18:54:07,868 - Selection: True | Expansion: True | Simulation: True 
2025-01-04 18:54:07,868 - Bosses Defeated: 4 | 33.33% of castle defeated
2025-01-04 18:54:07,868 - Turns Survived: 21 | 0.19 bosses defeated every turn!
2025-01-04 18:54:07,868 - --------------------------------------------------
2025-01-04 19:00:09,047 - Max Runs: 10000 | Max Time: 10.0 | Players 2
2025-01-04 19:00:09,048 - Selection: True | Expansion: True | Simulation: True 
2025-01-04 19:00:09,048 - Bosses Defeated: 8 | 66.67% of castle defeated
2025-01-04 19:00:09,048 - Turns Survived: 35 | 0.23 bosses defeated every turn!
2025-01-04 19:00:09,048 - --------------------------------------------------
2025-01-04 19:02:32,288 - Max Runs: 10000 | Max Time: 10.0 | Players 2
2025-01-04 19:02:32,288 - Selection: True | Expansion: True | Simulation: True 
2025-01-04 19:02:32,288 - Bosses Defeated: 6 | 50.0% of castle defeated
2025-01-04 19:02:32,288 - Turns Survived: 31 | 0.19 bosses defeated every turn!
2025-01-04 19:02:32,288 - --------------------------------------------------
