2025-01-04 16:01:24,049 - Max Runs: 500 | Max Time: 5.0 | Players 2
2025-01-04 16:01:24,050 - Selection: True | Expansion: True | Simulation: False 
2025-01-04 16:01:24,050 - Bosses Defeated: 8 | 66.67% of castle defeated
2025-01-04 16:01:24,050 - Turns Survived: 39 | 0.21 bosses defeated every turn!
2025-01-04 16:01:24,050 - --------------------------------------------------
2025-01-04 16:01:54,993 - Max Runs: 500 | Max Time: 5.0 | Players 2
2025-01-04 16:01:54,993 - Selection: True | Expansion: True | Simulation: False 
2025-01-04 16:01:54,993 - Bosses Defeated: 6 | 50.0% of castle defeated
2025-01-04 16:01:54,993 - Turns Survived: 26 | 0.23 bosses defeated every turn!
2025-01-04 16:01:54,993 - --------------------------------------------------
2025-01-04 16:02:21,724 - Max Runs: 500 | Max Time: 5.0 | Players 2
2025-01-04 16:02:21,724 - Selection: True | Expansion: True | Simulation: False 
2025-01-04 16:02:21,724 - Bosses Defeated: 5 | 41.67% of castle defeated
2025-01-04 16:02:21,724 - Turns Survived: 24 | 0.21 bosses defeated every turn!
2025-01-04 16:02:21,724 - --------------------------------------------------
2025-01-04 16:03:08,356 - Max Runs: 500 | Max Time: 5.0 | Players 2
2025-01-04 16:03:08,356 - Selection: True | Expansion: True | Simulation: False 
2025-01-04 16:03:08,356 - Bosses Defeated: 5 | 41.67% of castle defeated
2025-01-04 16:03:08,356 - Turns Survived: 26 | 0.19 bosses defeated every turn!
2025-01-04 16:03:08,356 - --------------------------------------------------
2025-01-04 16:03:57,341 - Max Runs: 500 | Max Time: 5.0 | Players 2
2025-01-04 16:03:57,341 - Selection: True | Expansion: True | Simulation: False 
2025-01-04 16:03:57,341 - Bosses Defeated: 8 | 66.67% of castle defeated
2025-01-04 16:03:57,341 - Turns Survived: 41 | 0.2 bosses defeated every turn!
2025-01-04 16:03:57,341 - --------------------------------------------------
